<?xml version="1.0" encoding="utf-8"?>
<TestRun id="ca6f80e5-699a-4911-b442-3861006a6ace" name="susaluj@SUSALUJ 2019-07-19 15:51:23" runUser="FAREAST\susaluj" xmlns="http://microsoft.com/schemas/VisualStudio/TeamTest/2010">
  <Times creation="2019-07-19T15:51:23.7919946+05:30" queuing="2019-07-19T15:51:23.7919946+05:30" start="2019-07-19T15:51:22.9679958+05:30" finish="2019-07-19T15:51:24.2139976+05:30" />
  <TestSettings name="default" id="885533b7-b6a4-4d60-8634-3ef9d3080268">
    <Deployment runDeploymentRoot="susaluj_SUSALUJ_2019-07-19_15_51_23" />
  </TestSettings>
  <Results>
    <UnitTestResult executionId="2b1f7df9-ff5c-425f-a707-b3c4d7e66ab3" testId="0c56622f-0730-7199-ea05-9dbdb954706d" testName="TestMethod160" computerName="SUSALUJ" duration="00:00:00.0000354" startTime="2019-07-19T15:51:24.0219978+05:30" endTime="2019-07-19T15:51:24.0219978+05:30" testType="13cdc9d9-ddb5-4fa4-a97d-d965ccfc6d4b" outcome="Passed" testListId="8c84fa94-04c1-424b-9868-57a2d4851a1d" relativeResultsDirectory="2b1f7df9-ff5c-425f-a707-b3c4d7e66ab3" />
    <UnitTestResult executionId="d7035745-8ac3-4b09-9fe4-fca06cc565f9" testId="acab3fdb-e5a1-aabf-b107-48cabfd23740" testName="TestMethod221" computerName="SUSALUJ" duration="00:00:00.0000241" startTime="2019-07-19T15:51:23.9889968+05:30" endTime="2019-07-19T15:51:23.9889968+05:30" testType="13cdc9d9-ddb5-4fa4-a97d-d965ccfc6d4b" outcome="Passed" testListId="8c84fa94-04c1-424b-9868-57a2d4851a1d" relativeResultsDirectory="d7035745-8ac3-4b09-9fe4-fca06cc565f9" />
    <UnitTestResult executionId="898d9810-144c-4745-b79a-9b4965100709" testId="afd010af-4865-ccd0-1c97-5c05039cb3df" testName="TestMethod201" computerName="SUSALUJ" duration="00:00:00.0000212" startTime="2019-07-19T15:51:23.9819951+05:30" endTime="2019-07-19T15:51:23.9819951+05:30" testType="13cdc9d9-ddb5-4fa4-a97d-d965ccfc6d4b" outcome="Passed" testListId="8c84fa94-04c1-424b-9868-57a2d4851a1d" relativeResultsDirectory="898d9810-144c-4745-b79a-9b4965100709" />
    <UnitTestResult executionId="5a629dac-3c0d-4101-941a-361df8f83b14" testId="f0e89428-5ab8-0c6f-22de-d15fca130bca" testName="TestMethod435" computerName="SUSALUJ" duration="00:00:00.0000213" startTime="2019-07-19T15:51:23.8979961+05:30" endTime="2019-07-19T15:51:23.8979961+05:30" testType="13cdc9d9-ddb5-4fa4-a97d-d965ccfc6d4b" outcome="Passed" testListId="8c84fa94-04c1-424b-9868-57a2d4851a1d" relativeResultsDirectory="5a629dac-3c0d-4101-941a-361df8f83b14" />
    <UnitTestResult executionId="bf55a1bc-d1ee-4e48-8285-c032b79fe06e" testId="66f88e8d-25f5-45b5-b84b-7eb9f767cf1a" testName="TestMethod12" computerName="SUSALUJ" duration="00:00:00.0006111" startTime="2019-07-19T15:51:24.1349982+05:30" endTime="2019-07-19T15:51:24.1359949+05:30" testType="13cdc9d9-ddb5-4fa4-a97d-d965ccfc6d4b" outcome="Failed" testListId="8c84fa94-04c1-424b-9868-57a2d4851a1d" relativeResultsDirectory="bf55a1bc-d1ee-4e48-8285-c032b79fe06e">
      <Output>
        <ErrorInfo>
          <Message>Assert.AreEqual failed. Expected:&lt;2&gt;. Actual:&lt;4&gt;. </Message>
          <StackTrace>   at TestProjectWON.UnitTest1.TestMethod12() in C:\agent\_work\8\s\TestProjectWON\UnitTest1.cs:line 73&#xD;
</StackTrace>
        </ErrorInfo>
      </Output>
    </UnitTestResult>
    <UnitTestResult executionId="f0a56e5d-4714-49ba-b0e6-28bffad74ec3" testId="f61eb171-50da-2a2b-ca13-d4ed9077274d" testName="TestMethod287" computerName="SUSALUJ" duration="00:00:00.0000304" startTime="2019-07-19T15:51:23.9539976+05:30" endTime="2019-07-19T15:51:23.9549970+05:30" testType="13cdc9d9-ddb5-4fa4-a97d-d965ccfc6d4b" outcome="Passed" testListId="8c84fa94-04c1-424b-9868-57a2d4851a1d" relativeResultsDirectory="f0a56e5d-4714-49ba-b0e6-28bffad74ec3" />
    <UnitTestResult executionId="5d60cc8e-7c1c-4674-aeb1-7a9d8c9dcde1" testId="04af4879-8136-d94d-91b1-9fc2cfe50f12" testName="TestMethod341" computerName="SUSALUJ" duration="00:00:00.0000347" startTime="2019-07-19T15:51:23.9169989+05:30" endTime="2019-07-19T15:51:23.9169989+05:30" testType="13cdc9d9-ddb5-4fa4-a97d-d965ccfc6d4b" outcome="Passed" testListId="8c84fa94-04c1-424b-9868-57a2d4851a1d" relativeResultsDirectory="5d60cc8e-7c1c-4674-aeb1-7a9d8c9dcde1" />
    <UnitTestResult executionId="e09e8e6a-f887-456e-bb25-54a72c912719" testId="f4b3efa7-e728-9442-c241-478c27e4af9a" testName="TestMethod161" computerName="SUSALUJ" duration="00:00:00.0000334" startTime="2019-07-19T15:51:24.0219978+05:30" endTime="2019-07-19T15:51:24.0219978+05:30" testType="13cdc9d9-ddb5-4fa4-a97d-d965ccfc6d4b" outcome="Passed" testListId="8c84fa94-04c1-424b-9868-57a2d4851a1d" relativeResultsDirectory="e09e8e6a-f887-456e-bb25-54a72c912719" />
    <UnitTestResult executionId="614abd02-8467-4faf-b5a5-8aaa7ff60935" testId="33dbfa51-48d5-b1fc-ce45-3e93c43464c3" testName="TestMethod752" computerName="SUSALUJ" duration="00:00:00.0000305" startTime="2019-07-19T15:51:23.8559946+05:30" endTime="2019-07-19T15:51:23.8559946+05:30" testType="13cdc9d9-ddb5-4fa4-a97d-d965ccfc6d4b" outcome="Passed" testListId="8c84fa94-04c1-424b-9868-57a2d4851a1d" relativeResultsDirectory="614abd02-8467-4faf-b5a5-8aaa7ff60935" />
    <UnitTestResult executionId="9236c274-24de-40fd-b641-725a8f264e81" testId="cacdbc78-b13e-992e-95ba-f4e74853ded7" testName="TestMethod659" computerName="SUSALUJ" duration="00:00:00.0000212" startTime="2019-07-19T15:51:23.8709968+05:30" endTime="2019-07-19T15:51:23.8709968+05:30" testType="13cdc9d9-ddb5-4fa4-a97d-d965ccfc6d4b" outcome="Passed" testListId="8c84fa94-04c1-424b-9868-57a2d4851a1d" relativeResultsDirectory="9236c274-24de-40fd-b641-725a8f264e81" />
    <UnitTestResult executionId="a5c5a920-9e95-4277-9fa4-483c57e2fc5c" testId="9769dd8b-4049-758a-3947-cd0f87143707" testName="TestMethod997" computerName="SUSALUJ" duration="00:00:00.0000546" startTime="2019-07-19T15:51:23.7919946+05:30" endTime="2019-07-19T15:51:23.7919946+05:30" testType="13cdc9d9-ddb5-4fa4-a97d-d965ccfc6d4b" outcome="Passed" testListId="8c84fa94-04c1-424b-9868-57a2d4851a1d" relativeResultsDirectory="a5c5a920-9e95-4277-9fa4-483c57e2fc5c" />
    <UnitTestResult executionId="247253e9-5cb3-4c9b-9e25-e6cc369a9dee" testId="8f15877b-bf4c-ed12-8a91-55c01e0c5191" testName="TestMethod3" computerName="SUSALUJ" duration="00:00:00.0007305" startTime="2019-07-19T15:51:24.1249975+05:30" endTime="2019-07-19T15:51:24.1259956+05:30" testType="13cdc9d9-ddb5-4fa4-a97d-d965ccfc6d4b" outcome="Failed" testListId="8c84fa94-04c1-424b-9868-57a2d4851a1d" relativeResultsDirectory="247253e9-5cb3-4c9b-9e25-e6cc369a9dee">
      <Output>
        <ErrorInfo>
          <Message>Assert.AreEqual failed. Expected:&lt;2&gt;. Actual:&lt;4&gt;. </Message>
          <StackTrace>   at TestProjectWON.UnitTest1.TestMethod3() in C:\agent\_work\8\s\TestProjectWON\UnitTest1.cs:line 28&#xD;
</StackTrace>
        </ErrorInfo>
      </Output>
    </UnitTestResult>
    <UnitTestResult executionId="687a2f47-4f8e-4469-8651-1b6541ded6bd" testId="56e0b8cb-edaa-ac2f-856d-8624111180dc" testName="TestMethod272" computerName="SUSALUJ" duration="00:00:00.0000328" startTime="2019-07-19T15:51:23.9509963+05:30" endTime="2019-07-19T15:51:23.9509963+05:30" testType="13cdc9d9-ddb5-4fa4-a97d-d965ccfc6d4b" outcome="Passed" testListId="8c84fa94-04c1-424b-9868-57a2d4851a1d" relativeResultsDirectory="687a2f47-4f8e-4469-8651-1b6541ded6bd" />
    <UnitTestResult executionId="59d7b7b1-893c-4940-b865-a4a4aaa818c0" testId="6c7fb57d-0d93-6a47-e5f7-c23a31c3815e" testName="TestMethod883" computerName="SUSALUJ" duration="00:00:00.0000557" startTime="2019-07-19T15:51:23.8029962+05:30" endTime="2019-07-19T15:51:23.8029962+05:30" testType="13cdc9d9-ddb5-4fa4-a97d-d965ccfc6d4b" outcome="Passed" testListId="8c84fa94-04c1-424b-9868-57a2d4851a1d" relativeResultsDirectory="59d7b7b1-893c-4940-b865-a4a4aaa818c0" />
    <UnitTestResult executionId="e8379875-cd55-4ef2-9b0c-b97290b8facc" testId="eb744067-250a-ee63-6639-e001fa33b4bc" testName="TestMethod276" computerName="SUSALUJ" duration="00:00:00.0000265" startTime="2019-07-19T15:51:23.9519974+05:30" endTime="2019-07-19T15:51:23.9519974+05:30" testType="13cdc9d9-ddb5-4fa4-a97d-d965ccfc6d4b" outcome="Passed" testListId="8c84fa94-04c1-424b-9868-57a2d4851a1d" relativeResultsDirectory="e8379875-cd55-4ef2-9b0c-b97290b8facc" />
    <UnitTestResult executionId="c33296e1-b822-4a33-a182-5448f37e455d" testId="3fe93b42-aaf2-57f6-1892-3c4a08441dc1" testName="TestMethod723" computerName="SUSALUJ" duration="00:00:00.0000296" startTime="2019-07-19T15:51:23.8509950+05:30" endTime="2019-07-19T15:51:23.8509950+05:30" testType="13cdc9d9-ddb5-4fa4-a97d-d965ccfc6d4b" outcome="Passed" testListId="8c84fa94-04c1-424b-9868-57a2d4851a1d" relativeResultsDirectory="c33296e1-b822-4a33-a182-5448f37e455d" />
    <UnitTestResult executionId="6affcbbf-5b1f-4c67-8b5b-ffef249fe56f" testId="0b6e2ee6-2114-984f-bada-a3b5ed5e083c" testName="TestMethod155" computerName="SUSALUJ" duration="00:00:00.0000326" startTime="2019-07-19T15:51:24.0189956+05:30" endTime="2019-07-19T15:51:24.0189956+05:30" testType="13cdc9d9-ddb5-4fa4-a97d-d965ccfc6d4b" outcome="Passed" testListId="8c84fa94-04c1-424b-9868-57a2d4851a1d" relativeResultsDirectory="6affcbbf-5b1f-4c67-8b5b-ffef249fe56f" />
    <UnitTestResult executionId="30270304-2b1b-4006-96ae-f10294c3f735" testId="774836be-e9e9-fdcc-8cd9-df82b9d2ca1e" testName="TestMethod522" computerName="SUSALUJ" duration="00:00:00.0000202" startTime="2019-07-19T15:51:23.8829946+05:30" endTime="2019-07-19T15:51:23.8829946+05:30" testType="13cdc9d9-ddb5-4fa4-a97d-d965ccfc6d4b" outcome="Passed" testListId="8c84fa94-04c1-424b-9868-57a2d4851a1d" relativeResultsDirectory="30270304-2b1b-4006-96ae-f10294c3f735" />
    <UnitTestResult executionId="ffb9e154-3158-419b-a19e-11bcf1f99075" testId="8e1ee98d-a3a6-3406-d3c4-1e9ccc628eef" testName="TestMethod409" computerName="SUSALUJ" duration="00:00:00.0000499" startTime="2019-07-19T15:51:23.9359975+05:30" endTime="2019-07-19T15:51:23.9359975+05:30" testType="13cdc9d9-ddb5-4fa4-a97d-d965ccfc6d4b" outcome="Passed" testListId="8c84fa94-04c1-424b-9868-57a2d4851a1d" relativeResultsDirectory="ffb9e154-3158-419b-a19e-11bcf1f99075" />
    <UnitTestResult executionId="3a1676fd-ee1f-4b2f-81f8-80e3adefd19c" testId="0b66a0b7-68be-2605-3b2a-71bb2f365ca4" testName="TestMethod358" computerName="SUSALUJ" duration="00:00:00.0000407" startTime="2019-07-19T15:51:23.9209972+05:30" endTime="2019-07-19T15:51:23.9209972+05:30" testType="13cdc9d9-ddb5-4fa4-a97d-d965ccfc6d4b" outcome="Passed" testListId="8c84fa94-04c1-424b-9868-57a2d4851a1d" relativeResultsDirectory="3a1676fd-ee1f-4b2f-81f8-80e3adefd19c" />
    <UnitTestResult executionId="8d275fb7-5900-4a3c-bb85-632a917c1dd3" testId="8e0d827a-62ed-29f7-f5f7-ff36cac16e16" testName="TestMethod504" computerName="SUSALUJ" duration="00:00:00.0000243" startTime="2019-07-19T15:51:23.9139950+05:30" endTime="2019-07-19T15:51:23.9139950+05:30" testType="13cdc9d9-ddb5-4fa4-a97d-d965ccfc6d4b" outcome="Passed" testListId="8c84fa94-04c1-424b-9868-57a2d4851a1d" relativeResultsDirectory="8d275fb7-5900-4a3c-bb85-632a917c1dd3" />
    <UnitTestResult executionId="8ff42195-0f49-413f-a566-5fa4f840b004" testId="83f9169e-fa79-6fbf-fd57-ff77655ec499" testName="TestMethod549" computerName="SUSALUJ" duration="00:00:00.0000206" startTime="2019-07-19T15:51:23.8879945+05:30" endTime="2019-07-19T15:51:23.8879945+05:30" testType="13cdc9d9-ddb5-4fa4-a97d-d965ccfc6d4b" outcome="Passed" testListId="8c84fa94-04c1-424b-9868-57a2d4851a1d" relativeResultsDirectory="8ff42195-0f49-413f-a566-5fa4f840b004" />
    <UnitTestResult executionId="d21e6fd5-ef82-479a-9dc8-50e309a68f29" testId="e17cb5d8-84bd-3e2b-32fa-bef201119c95" testName="TestMethod597" computerName="SUSALUJ" duration="00:00:00.0000204" startTime="2019-07-19T15:51:23.8579946+05:30" endTime="2019-07-19T15:51:23.8589945+05:30" testType="13cdc9d9-ddb5-4fa4-a97d-d965ccfc6d4b" outcome="Passed" testListId="8c84fa94-04c1-424b-9868-57a2d4851a1d" relativeResultsDirectory="d21e6fd5-ef82-479a-9dc8-50e309a68f29" />
    <UnitTestResult executionId="2e3f4e8a-9f18-456b-b02e-4c607515a245" testId="adb9a7e1-50d7-ee31-9947-792b6887d4a5" testName="TestMethod489" computerName="SUSALUJ" duration="00:00:00.0000380" startTime="2019-07-19T15:51:23.9099965+05:30" endTime="2019-07-19T15:51:23.9099965+05:30" testType="13cdc9d9-ddb5-4fa4-a97d-d965ccfc6d4b" outcome="Passed" testListId="8c84fa94-04c1-424b-9868-57a2d4851a1d" relativeResultsDirectory="2e3f4e8a-9f18-456b-b02e-4c607515a245" />
    <UnitTestResult executionId="a36de6f7-a30e-4a89-85e4-304db2314cb4" testId="aa8c4660-7a95-c90f-20d5-28080ebf8228" testName="TestMethod461" computerName="SUSALUJ" duration="00:00:00.0000219" startTime="2019-07-19T15:51:23.9029933+05:30" endTime="2019-07-19T15:51:23.9029933+05:30" testType="13cdc9d9-ddb5-4fa4-a97d-d965ccfc6d4b" outcome="Passed" testListId="8c84fa94-04c1-424b-9868-57a2d4851a1d" relativeResultsDirectory="a36de6f7-a30e-4a89-85e4-304db2314cb4" />
    <UnitTestResult executionId="7488ef2a-12f1-4dee-aef7-45ab2d41ee4b" testId="45d5d672-2494-523f-3667-f6a15831b673" testName="TestMethod454" computerName="SUSALUJ" duration="00:00:00.0000191" startTime="2019-07-19T15:51:23.9019942+05:30" endTime="2019-07-19T15:51:23.9019942+05:30" testType="13cdc9d9-ddb5-4fa4-a97d-d965ccfc6d4b" outcome="Passed" testListId="8c84fa94-04c1-424b-9868-57a2d4851a1d" relativeResultsDirectory="7488ef2a-12f1-4dee-aef7-45ab2d41ee4b" />
    <UnitTestResult executionId="c9301927-d928-4802-816c-62b12233b3df" testId="d93eba36-2b78-21a5-e34e-0946c9c2d8a6" testName="TestMethod801" computerName="SUSALUJ" duration="00:00:00.0000466" startTime="2019-07-19T15:51:23.8299937+05:30" endTime="2019-07-19T15:51:23.8309967+05:30" testType="13cdc9d9-ddb5-4fa4-a97d-d965ccfc6d4b" outcome="Passed" testListId="8c84fa94-04c1-424b-9868-57a2d4851a1d" relativeResultsDirectory="c9301927-d928-4802-816c-62b12233b3df" />
    <UnitTestResult executionId="5687b900-2197-43b4-a773-7c90604d6121" testId="36cdeb24-1c40-6d0a-e9f9-e07afe360faf" testName="TestMethod118" computerName="SUSALUJ" duration="00:00:00.0000196" startTime="2019-07-19T15:51:24.0059963+05:30" endTime="2019-07-19T15:51:24.0059963+05:30" testType="13cdc9d9-ddb5-4fa4-a97d-d965ccfc6d4b" outcome="Passed" testListId="8c84fa94-04c1-424b-9868-57a2d4851a1d" relativeResultsDirectory="5687b900-2197-43b4-a773-7c90604d6121" />
    <UnitTestResult executionId="faea7542-4218-4745-80c6-c25dd53de095" testId="e1f9df93-c8a9-64ad-9681-95501fc25408" testName="TestMethod229" computerName="SUSALUJ" duration="00:00:00.0000368" startTime="2019-07-19T15:51:23.9909971+05:30" endTime="2019-07-19T15:51:23.9909971+05:30" testType="13cdc9d9-ddb5-4fa4-a97d-d965ccfc6d4b" outcome="Passed" testListId="8c84fa94-04c1-424b-9868-57a2d4851a1d" relativeResultsDirectory="faea7542-4218-4745-80c6-c25dd53de095" />
    <UnitTestResult executionId="7a0121bd-1b4e-4a8e-8b7d-548621e68dfc" testId="5c86b07c-5c69-f3c3-d37f-1e9264d351c0" testName="TestMethod669" computerName="SUSALUJ" duration="00:00:00.0000199" startTime="2019-07-19T15:51:23.8729942+05:30" endTime="2019-07-19T15:51:23.8729942+05:30" testType="13cdc9d9-ddb5-4fa4-a97d-d965ccfc6d4b" outcome="Passed" testListId="8c84fa94-04c1-424b-9868-57a2d4851a1d" relativeResultsDirectory="7a0121bd-1b4e-4a8e-8b7d-548621e68dfc" />
    <UnitTestResult executionId="63453bec-112c-43b3-b02b-75ff47b9bfd4" testId="9990f2b1-d640-1774-5359-5f140f74562a" testName="TestMethod771" computerName="SUSALUJ" duration="00:00:00.0000361" startTime="2019-07-19T15:51:23.8159953+05:30" endTime="2019-07-19T15:51:23.8159953+05:30" testType="13cdc9d9-ddb5-4fa4-a97d-d965ccfc6d4b" outcome="Passed" testListId="8c84fa94-04c1-424b-9868-57a2d4851a1d" relativeResultsDirectory="63453bec-112c-43b3-b02b-75ff47b9bfd4" />
    <UnitTestResult executionId="1dd4c93e-840e-4a95-ae5e-9c4bcc18812f" testId="5889924f-7147-0f02-b07a-bceda849fdad" testName="TestMethod910" computerName="SUSALUJ" duration="00:00:00.0000359" startTime="2019-07-19T15:51:23.8089957+05:30" endTime="2019-07-19T15:51:23.8089957+05:30" testType="13cdc9d9-ddb5-4fa4-a97d-d965ccfc6d4b" outcome="Passed" testListId="8c84fa94-04c1-424b-9868-57a2d4851a1d" relativeResultsDirectory="1dd4c93e-840e-4a95-ae5e-9c4bcc18812f" />
    <UnitTestResult executionId="1757e421-67e2-48ab-b8c7-4ae2dae07400" testId="1631a3c2-40e2-d466-5e63-8dbcbdbde77a" testName="TestMethod629" computerName="SUSALUJ" duration="00:00:00.0000210" startTime="2019-07-19T15:51:23.8649950+05:30" endTime="2019-07-19T15:51:23.8649950+05:30" testType="13cdc9d9-ddb5-4fa4-a97d-d965ccfc6d4b" outcome="Passed" testListId="8c84fa94-04c1-424b-9868-57a2d4851a1d" relativeResultsDirectory="1757e421-67e2-48ab-b8c7-4ae2dae07400" />
    <UnitTestResult executionId="c7336157-6089-4149-9a6d-21811a35ef1e" testId="e71a91da-b3c4-885a-d728-3ffbbbcbfe98" testName="TestMethod16" computerName="SUSALUJ" duration="00:00:00.0008586" startTime="2019-07-19T15:51:24.1389964+05:30" endTime="2019-07-19T15:51:24.1399950+05:30" testType="13cdc9d9-ddb5-4fa4-a97d-d965ccfc6d4b" outcome="Failed" testListId="8c84fa94-04c1-424b-9868-57a2d4851a1d" relativeResultsDirectory="c7336157-6089-4149-9a6d-21811a35ef1e">
      <Output>
        <ErrorInfo>
          <Message>Assert.AreEqual failed. Expected:&lt;2&gt;. Actual:&lt;4&gt;. </Message>
          <StackTrace>   at TestProjectWON.UnitTest1.TestMethod16() in C:\agent\_work\8\s\TestProjectWON\UnitTest1.cs:line 93&#xD;
</StackTrace>
        </ErrorInfo>
      </Output>
    </UnitTestResult>
    <UnitTestResult executionId="51bac5b5-61e6-4929-ae4c-e955512718ca" testId="92bfaf0a-71f6-f6dd-44a1-ce078bb2ce09" testName="TestMethod370" computerName="SUSALUJ" duration="00:00:00.0000512" startTime="2019-07-19T15:51:23.9229973+05:30" endTime="2019-07-19T15:51:23.9239979+05:30" testType="13cdc9d9-ddb5-4fa4-a97d-d965ccfc6d4b" outcome="Passed" testListId="8c84fa94-04c1-424b-9868-57a2d4851a1d" relativeResultsDirectory="51bac5b5-61e6-4929-ae4c-e955512718ca" />
    <UnitTestResult executionId="6877d615-2889-4e87-910d-65fbe54729e0" testId="80748db1-67e4-d6d3-e73e-a765c8e724ef" testName="TestMethod477" computerName="SUSALUJ" duration="00:00:00.0000249" startTime="2019-07-19T15:51:23.9069937+05:30" endTime="2019-07-19T15:51:23.9069937+05:30" testType="13cdc9d9-ddb5-4fa4-a97d-d965ccfc6d4b" outcome="Passed" testListId="8c84fa94-04c1-424b-9868-57a2d4851a1d" relativeResultsDirectory="6877d615-2889-4e87-910d-65fbe54729e0" />
    <UnitTestResult executionId="7d850dcb-d665-4646-931e-abff3cde940d" testId="2fa780f0-1e7b-0df5-cb57-096559fff81f" testName="TestMethod363" computerName="SUSALUJ" duration="00:00:00.0000227" startTime="2019-07-19T15:51:23.9219963+05:30" endTime="2019-07-19T15:51:23.9219963+05:30" testType="13cdc9d9-ddb5-4fa4-a97d-d965ccfc6d4b" outcome="Passed" testListId="8c84fa94-04c1-424b-9868-57a2d4851a1d" relativeResultsDirectory="7d850dcb-d665-4646-931e-abff3cde940d" />
    <UnitTestResult executionId="9c5cc54b-0e4d-4af7-9072-3926291b7f7c" testId="45a163be-f6fb-02de-a2cc-6dec2a644136" testName="TestMethod137" computerName="SUSALUJ" duration="00:00:00.0000215" startTime="2019-07-19T15:51:24.0129971+05:30" endTime="2019-07-19T15:51:24.0129971+05:30" testType="13cdc9d9-ddb5-4fa4-a97d-d965ccfc6d4b" outcome="Passed" testListId="8c84fa94-04c1-424b-9868-57a2d4851a1d" relativeResultsDirectory="9c5cc54b-0e4d-4af7-9072-3926291b7f7c" />
    <UnitTestResult executionId="68a26570-6040-48a7-971f-09976127e5ee" testId="17e6532f-2296-a418-52a2-4e83be3acb5f" testName="TestMethod543" computerName="SUSALUJ" duration="00:00:00.0000196" startTime="2019-07-19T15:51:23.8869948+05:30" endTime="2019-07-19T15:51:23.8869948+05:30" testType="13cdc9d9-ddb5-4fa4-a97d-d965ccfc6d4b" outcome="Passed" testListId="8c84fa94-04c1-424b-9868-57a2d4851a1d" relativeResultsDirectory="68a26570-6040-48a7-971f-09976127e5ee" />
    <UnitTestResult executionId="0c02ad7b-d2f6-4741-a634-4fd9796691ea" testId="c519c5d5-7816-5e87-801a-d5dda1bda46d" testName="TestMethod928" computerName="SUSALUJ" duration="00:00:00.0004629" startTime="2019-07-19T15:51:23.8129952+05:30" endTime="2019-07-19T15:51:23.8139950+05:30" testType="13cdc9d9-ddb5-4fa4-a97d-d965ccfc6d4b" outcome="Passed" testListId="8c84fa94-04c1-424b-9868-57a2d4851a1d" relativeResultsDirectory="0c02ad7b-d2f6-4741-a634-4fd9796691ea" />
    <UnitTestResult executionId="cb0978d2-6ea9-4ea0-9f58-79bd5b974d85" testId="bd2b47ca-d4c4-3db6-d24c-36dc83eb191c" testName="TestMethod978" computerName="SUSALUJ" duration="00:00:00.0000200" startTime="2019-07-19T15:51:23.7869937+05:30" endTime="2019-07-19T15:51:23.7869937+05:30" testType="13cdc9d9-ddb5-4fa4-a97d-d965ccfc6d4b" outcome="Passed" testListId="8c84fa94-04c1-424b-9868-57a2d4851a1d" relativeResultsDirectory="cb0978d2-6ea9-4ea0-9f58-79bd5b974d85" />
    <UnitTestResult executionId="0935a082-cbd0-4556-b954-3d250a0b8579" testId="b740d19d-de25-9a60-2c4d-c6feab38a1e1" testName="TestMethod42" computerName="SUSALUJ" duration="00:00:00.0008723" startTime="2019-07-19T15:51:24.1709942+05:30" endTime="2019-07-19T15:51:24.1719966+05:30" testType="13cdc9d9-ddb5-4fa4-a97d-d965ccfc6d4b" outcome="Failed" testListId="8c84fa94-04c1-424b-9868-57a2d4851a1d" relativeResultsDirectory="0935a082-cbd0-4556-b954-3d250a0b8579">
      <Output>
        <ErrorInfo>
          <Message>Assert.AreEqual failed. Expected:&lt;2&gt;. Actual:&lt;4&gt;. </Message>
          <StackTrace>   at TestProjectWON.UnitTest1.TestMethod42() in C:\agent\_work\8\s\TestProjectWON\UnitTest1.cs:line 223&#xD;
</StackTrace>
        </ErrorInfo>
      </Output>
    </UnitTestResult>
    <UnitTestResult executionId="5084fb0c-601f-46b2-b3d5-9c5be573f0cf" testId="6fde9ee1-0c74-9cf2-8748-447ab622b77f" testName="TestMethod866" computerName="SUSALUJ" duration="00:00:00.0000666" startTime="2019-07-19T15:51:23.7979963+05:30" endTime="2019-07-19T15:51:23.7979963+05:30" testType="13cdc9d9-ddb5-4fa4-a97d-d965ccfc6d4b" outcome="Passed" testListId="8c84fa94-04c1-424b-9868-57a2d4851a1d" relativeResultsDirectory="5084fb0c-601f-46b2-b3d5-9c5be573f0cf" />
    <UnitTestResult executionId="195f45f7-b54b-4ac6-bd5c-57b8a6631338" testId="c8673406-6d74-30ae-d207-5d9fe26f6a18" testName="TestMethod601" computerName="SUSALUJ" duration="00:00:00.0000191" startTime="2019-07-19T15:51:23.8589945+05:30" endTime="2019-07-19T15:51:23.8589945+05:30" testType="13cdc9d9-ddb5-4fa4-a97d-d965ccfc6d4b" outcome="Passed" testListId="8c84fa94-04c1-424b-9868-57a2d4851a1d" relativeResultsDirectory="195f45f7-b54b-4ac6-bd5c-57b8a6631338" />
    <UnitTestResult executionId="2a3572bb-a8e3-425b-9061-e426e1f68073" testId="04b3c1ab-4a60-2262-771f-1c02badca77a" testName="TestMethod886" computerName="SUSALUJ" duration="00:00:00.0000488" startTime="2019-07-19T15:51:23.8039960+05:30" endTime="2019-07-19T15:51:23.8039960+05:30" testType="13cdc9d9-ddb5-4fa4-a97d-d965ccfc6d4b" outcome="Passed" testListId="8c84fa94-04c1-424b-9868-57a2d4851a1d" relativeResultsDirectory="2a3572bb-a8e3-425b-9061-e426e1f68073" />
    <UnitTestResult executionId="86e2bc72-3d33-497b-b110-dd857239d603" testId="bdf17b58-3f87-9a50-3592-334d75c27535" testName="TestMethod204" computerName="SUSALUJ" duration="00:00:00.0000356" startTime="2019-07-19T15:51:23.9829939+05:30" endTime="2019-07-19T15:51:23.9829939+05:30" testType="13cdc9d9-ddb5-4fa4-a97d-d965ccfc6d4b" outcome="Passed" testListId="8c84fa94-04c1-424b-9868-57a2d4851a1d" relativeResultsDirectory="86e2bc72-3d33-497b-b110-dd857239d603" />
    <UnitTestResult executionId="ae75c983-cb26-4e4f-af6e-8ac38ac3ae7d" testId="f18af0cb-5e75-3cdd-8d54-30183467d4d0" testName="TestMethod611" computerName="SUSALUJ" duration="00:00:00.0000310" startTime="2019-07-19T15:51:23.8609960+05:30" endTime="2019-07-19T15:51:23.8609960+05:30" testType="13cdc9d9-ddb5-4fa4-a97d-d965ccfc6d4b" outcome="Passed" testListId="8c84fa94-04c1-424b-9868-57a2d4851a1d" relativeResultsDirectory="ae75c983-cb26-4e4f-af6e-8ac38ac3ae7d" />
    <UnitTestResult executionId="cbde7e10-4769-43ff-bdee-8601a03ad82a" testId="c8975f4e-d683-dbed-6a60-cf01ca216e3c" testName="TestMethod10" computerName="SUSALUJ" duration="00:00:00.0012838" startTime="2019-07-19T15:51:24.1329954+05:30" endTime="2019-07-19T15:51:24.1339943+05:30" testType="13cdc9d9-ddb5-4fa4-a97d-d965ccfc6d4b" outcome="Failed" testListId="8c84fa94-04c1-424b-9868-57a2d4851a1d" relativeResultsDirectory="cbde7e10-4769-43ff-bdee-8601a03ad82a">
      <Output>
        <ErrorInfo>
          <Message>Assert.AreEqual failed. Expected:&lt;2&gt;. Actual:&lt;4&gt;. </Message>
          <StackTrace>   at TestProjectWON.UnitTest1.TestMethod10() in C:\agent\_work\8\s\TestProjectWON\UnitTest1.cs:line 63&#xD;
</StackTrace>
        </ErrorInfo>
      </Output>
    </UnitTestResult>
    <UnitTestResult executionId="953f9e98-cdd3-44c0-ad13-5fc0400f1014" testId="6c1b5ffd-23a5-ac1a-9ea4-975ad90a2e9d" testName="TestMethod499" computerName="SUSALUJ" duration="00:00:00.0000402" startTime="2019-07-19T15:51:23.9119960+05:30" endTime="2019-07-19T15:51:23.9129977+05:30" testType="13cdc9d9-ddb5-4fa4-a97d-d965ccfc6d4b" outcome="Passed" testListId="8c84fa94-04c1-424b-9868-57a2d4851a1d" relativeResultsDirectory="953f9e98-cdd3-44c0-ad13-5fc0400f1014" />
    <UnitTestResult executionId="78ec0e9b-5e08-4c11-9bd3-16e2a557cf81" testId="971ae207-8efc-da70-993b-4dea6bb35136" testName="TestMethod839" computerName="SUSALUJ" duration="00:00:00.0000290" startTime="2019-07-19T15:51:23.8389960+05:30" endTime="2019-07-19T15:51:23.8389960+05:30" testType="13cdc9d9-ddb5-4fa4-a97d-d965ccfc6d4b" outcome="Passed" testListId="8c84fa94-04c1-424b-9868-57a2d4851a1d" relativeResultsDirectory="78ec0e9b-5e08-4c11-9bd3-16e2a557cf81" />
    <UnitTestResult executionId="118fd7c5-8183-4bea-8b6d-a347718435df" testId="e60b2040-6cec-12c4-4608-32c88d59f85d" testName="TestMethod158" computerName="SUSALUJ" duration="00:00:00.0000472" startTime="2019-07-19T15:51:24.0209990+05:30" endTime="2019-07-19T15:51:24.0209990+05:30" testType="13cdc9d9-ddb5-4fa4-a97d-d965ccfc6d4b" outcome="Passed" testListId="8c84fa94-04c1-424b-9868-57a2d4851a1d" relativeResultsDirectory="118fd7c5-8183-4bea-8b6d-a347718435df" />
    <UnitTestResult executionId="afa28e83-7033-4474-ac6d-678365230072" testId="1e33afe7-7157-cefe-e152-f77ddf2ddddd" testName="TestMethod727" computerName="SUSALUJ" duration="00:00:00.0000207" startTime="2019-07-19T15:51:23.8509950+05:30" endTime="2019-07-19T15:51:23.8509950+05:30" testType="13cdc9d9-ddb5-4fa4-a97d-d965ccfc6d4b" outcome="Passed" testListId="8c84fa94-04c1-424b-9868-57a2d4851a1d" relativeResultsDirectory="afa28e83-7033-4474-ac6d-678365230072" />
    <UnitTestResult executionId="f0935c74-a81f-4d25-b530-7b8c2590523b" testId="4571e354-ad20-aed6-72db-5f08020ef89b" testName="TestMethod491" computerName="SUSALUJ" duration="00:00:00.0000363" startTime="2019-07-19T15:51:23.9099965+05:30" endTime="2019-07-19T15:51:23.9109944+05:30" testType="13cdc9d9-ddb5-4fa4-a97d-d965ccfc6d4b" outcome="Passed" testListId="8c84fa94-04c1-424b-9868-57a2d4851a1d" relativeResultsDirectory="f0935c74-a81f-4d25-b530-7b8c2590523b" />
    <UnitTestResult executionId="82d5b326-7538-4eae-82ce-46d2b62c3a11" testId="bf7ccbbe-f328-31cd-c844-be9122247b91" testName="TestMethod763" computerName="SUSALUJ" duration="00:00:00.0000368" startTime="2019-07-19T15:51:23.8579946+05:30" endTime="2019-07-19T15:51:23.8579946+05:30" testType="13cdc9d9-ddb5-4fa4-a97d-d965ccfc6d4b" outcome="Passed" testListId="8c84fa94-04c1-424b-9868-57a2d4851a1d" relativeResultsDirectory="82d5b326-7538-4eae-82ce-46d2b62c3a11" />
    <UnitTestResult executionId="d6826680-7965-47b6-a8a5-570351fd1f6c" testId="1e27ab10-8e53-64cc-9fa8-800cab83d0a3" testName="TestMethod424" computerName="SUSALUJ" duration="00:00:00.0000616" startTime="2019-07-19T15:51:23.9399978+05:30" endTime="2019-07-19T15:51:23.9409998+05:30" testType="13cdc9d9-ddb5-4fa4-a97d-d965ccfc6d4b" outcome="Passed" testListId="8c84fa94-04c1-424b-9868-57a2d4851a1d" relativeResultsDirectory="d6826680-7965-47b6-a8a5-570351fd1f6c" />
    <UnitTestResult executionId="f94b523d-65c1-48eb-bff7-5ac8cab01856" testId="450cd0b8-107a-db85-2288-0818f2fa4ea2" testName="TestMethod900" computerName="SUSALUJ" duration="00:00:00.0004157" startTime="2019-07-19T15:51:23.8069945+05:30" endTime="2019-07-19T15:51:23.8079969+05:30" testType="13cdc9d9-ddb5-4fa4-a97d-d965ccfc6d4b" outcome="Passed" testListId="8c84fa94-04c1-424b-9868-57a2d4851a1d" relativeResultsDirectory="f94b523d-65c1-48eb-bff7-5ac8cab01856" />
    <UnitTestResult executionId="66699a16-0463-4f1a-8587-4050fb3c3339" testId="7ce80341-55f6-358e-4924-3022b6d4e9af" testName="TestMethod132" computerName="SUSALUJ" duration="00:00:00.0000430" startTime="2019-07-19T15:51:24.0109979+05:30" endTime="2019-07-19T15:51:24.0109979+05:30" testType="13cdc9d9-ddb5-4fa4-a97d-d965ccfc6d4b" outcome="Passed" testListId="8c84fa94-04c1-424b-9868-57a2d4851a1d" relativeResultsDirectory="66699a16-0463-4f1a-8587-4050fb3c3339" />
    <UnitTestResult executionId="a9025415-802d-4404-9985-0f118f1e20e9" testId="c561d776-c3ba-aeae-29c5-7b2bbf91fd1e" testName="TestMethod400" computerName="SUSALUJ" duration="00:00:00.0000358" startTime="2019-07-19T15:51:23.9329987+05:30" endTime="2019-07-19T15:51:23.9329987+05:30" testType="13cdc9d9-ddb5-4fa4-a97d-d965ccfc6d4b" outcome="Passed" testListId="8c84fa94-04c1-424b-9868-57a2d4851a1d" relativeResultsDirectory="a9025415-802d-4404-9985-0f118f1e20e9" />
    <UnitTestResult executionId="35de4404-b08c-4e5c-b51b-6f96e8a939d8" testId="192507d1-36fc-2d25-dfc9-20d90b86b959" testName="TestMethod621" computerName="SUSALUJ" duration="00:00:00.0000306" startTime="2019-07-19T15:51:23.8629959+05:30" endTime="2019-07-19T15:51:23.8629959+05:30" testType="13cdc9d9-ddb5-4fa4-a97d-d965ccfc6d4b" outcome="Passed" testListId="8c84fa94-04c1-424b-9868-57a2d4851a1d" relativeResultsDirectory="35de4404-b08c-4e5c-b51b-6f96e8a939d8" />
    <UnitTestResult executionId="a69f88d3-7ce8-41da-a562-f8446b427fd9" testId="f0b458ee-2b69-2e64-be96-489c1b0a4027" testName="TestMethod318" computerName="SUSALUJ" duration="00:00:00.0000322" startTime="2019-07-19T15:51:23.9669973+05:30" endTime="2019-07-19T15:51:23.9669973+05:30" testType="13cdc9d9-ddb5-4fa4-a97d-d965ccfc6d4b" outcome="Passed" testListId="8c84fa94-04c1-424b-9868-57a2d4851a1d" relativeResultsDirectory="a69f88d3-7ce8-41da-a562-f8446b427fd9" />
    <UnitTestResult executionId="a66420fb-e486-4702-8951-64067c949d11" testId="0b8253b0-363a-c10e-c92b-cb755c90922b" testName="TestMethod420" computerName="SUSALUJ" duration="00:00:00.0000301" startTime="2019-07-19T15:51:23.9389977+05:30" endTime="2019-07-19T15:51:23.9389977+05:30" testType="13cdc9d9-ddb5-4fa4-a97d-d965ccfc6d4b" outcome="Passed" testListId="8c84fa94-04c1-424b-9868-57a2d4851a1d" relativeResultsDirectory="a66420fb-e486-4702-8951-64067c949d11" />
    <UnitTestResult executionId="cb021942-6e56-4b55-9ca8-9c2d5d32f31a" testId="f3747f62-14f1-48a5-a7b1-1b9199652429" testName="TestMethod364" computerName="SUSALUJ" duration="00:00:00.0000221" startTime="2019-07-19T15:51:23.9219963+05:30" endTime="2019-07-19T15:51:23.9219963+05:30" testType="13cdc9d9-ddb5-4fa4-a97d-d965ccfc6d4b" outcome="Passed" testListId="8c84fa94-04c1-424b-9868-57a2d4851a1d" relativeResultsDirectory="cb021942-6e56-4b55-9ca8-9c2d5d32f31a" />
    <UnitTestResult executionId="c27a61d1-3ade-4932-9243-a0b065fd7fb7" testId="f6b36be6-03b8-eb53-2bd6-1d05045cd042" testName="TestMethod931" computerName="SUSALUJ" duration="00:00:00.0000214" startTime="2019-07-19T15:51:23.8139950+05:30" endTime="2019-07-19T15:51:23.8139950+05:30" testType="13cdc9d9-ddb5-4fa4-a97d-d965ccfc6d4b" outcome="Passed" testListId="8c84fa94-04c1-424b-9868-57a2d4851a1d" relativeResultsDirectory="c27a61d1-3ade-4932-9243-a0b065fd7fb7" />
    <UnitTestResult executionId="7a627115-6e08-413f-a189-bb8f4fbf8dda" testId="c8745a69-fd21-081b-4b7f-986392e3125e" testName="TestMethod840" computerName="SUSALUJ" duration="00:00:00.0000227" startTime="2019-07-19T15:51:23.8389960+05:30" endTime="2019-07-19T15:51:23.8389960+05:30" testType="13cdc9d9-ddb5-4fa4-a97d-d965ccfc6d4b" outcome="Passed" testListId="8c84fa94-04c1-424b-9868-57a2d4851a1d" relativeResultsDirectory="7a627115-6e08-413f-a189-bb8f4fbf8dda" />
    <UnitTestResult executionId="b57603fe-736e-4f66-8555-334ca21c994e" testId="8ac496c0-1787-2604-5912-8244d1c73781" testName="TestMethod395" computerName="SUSALUJ" duration="00:00:00.0001160" startTime="2019-07-19T15:51:23.9299976+05:30" endTime="2019-07-19T15:51:23.9309977+05:30" testType="13cdc9d9-ddb5-4fa4-a97d-d965ccfc6d4b" outcome="Passed" testListId="8c84fa94-04c1-424b-9868-57a2d4851a1d" relativeResultsDirectory="b57603fe-736e-4f66-8555-334ca21c994e" />
    <UnitTestResult executionId="4fa84d10-bd51-4bb2-980e-21f8b0438d4e" testId="482a579e-51e3-2b96-2ccc-7f578ded208b" testName="TestMethod168" computerName="SUSALUJ" duration="00:00:00.0000237" startTime="2019-07-19T15:51:24.0239947+05:30" endTime="2019-07-19T15:51:24.0239947+05:30" testType="13cdc9d9-ddb5-4fa4-a97d-d965ccfc6d4b" outcome="Passed" testListId="8c84fa94-04c1-424b-9868-57a2d4851a1d" relativeResultsDirectory="4fa84d10-bd51-4bb2-980e-21f8b0438d4e" />
    <UnitTestResult executionId="0e35a4b7-2856-49d8-acda-74d3e2f9c86f" testId="6fb1114d-226c-1499-0f68-8177e03a8f40" testName="TestMethod468" computerName="SUSALUJ" duration="00:00:00.0000329" startTime="2019-07-19T15:51:23.9049936+05:30" endTime="2019-07-19T15:51:23.9049936+05:30" testType="13cdc9d9-ddb5-4fa4-a97d-d965ccfc6d4b" outcome="Passed" testListId="8c84fa94-04c1-424b-9868-57a2d4851a1d" relativeResultsDirectory="0e35a4b7-2856-49d8-acda-74d3e2f9c86f" />
    <UnitTestResult executionId="ea509764-5478-4674-878c-eb2f136ac0b3" testId="9de81f09-f480-09d3-1cf2-f3677ff4137e" testName="TestMethod326" computerName="SUSALUJ" duration="00:00:00.0000294" startTime="2019-07-19T15:51:23.9689985+05:30" endTime="2019-07-19T15:51:23.9689985+05:30" testType="13cdc9d9-ddb5-4fa4-a97d-d965ccfc6d4b" outcome="Passed" testListId="8c84fa94-04c1-424b-9868-57a2d4851a1d" relativeResultsDirectory="ea509764-5478-4674-878c-eb2f136ac0b3" />
    <UnitTestResult executionId="4853779f-c8f6-4f39-b950-a25233530a2e" testId="0f12f85e-9cd9-1df2-e194-7f640d154ed3" testName="TestMethod1" computerName="SUSALUJ" duration="00:00:00.0019364" startTime="2019-07-19T15:51:24.1199961+05:30" endTime="2019-07-19T15:51:24.1219938+05:30" testType="13cdc9d9-ddb5-4fa4-a97d-d965ccfc6d4b" outcome="Failed" testListId="8c84fa94-04c1-424b-9868-57a2d4851a1d" relativeResultsDirectory="4853779f-c8f6-4f39-b950-a25233530a2e">
      <Output>
        <ErrorInfo>
          <Message>Assert.AreEqual failed. Expected:&lt;2&gt;. Actual:&lt;4&gt;. </Message>
          <StackTrace>   at TestProjectWON.UnitTest1.TestMethod1() in C:\agent\_work\8\s\TestProjectWON\UnitTest1.cs:line 18&#xD;
</StackTrace>
        </ErrorInfo>
      </Output>
    </UnitTestResult>
    <UnitTestResult executionId="2cf98fd7-c1d8-4fe1-93a9-d8594e53237d" testId="af13d36d-397e-6af6-31cb-810c78c373d1" testName="TestMethod41" computerName="SUSALUJ" duration="00:00:00.0010314" startTime="2019-07-19T15:51:24.1699950+05:30" endTime="2019-07-19T15:51:24.1709942+05:30" testType="13cdc9d9-ddb5-4fa4-a97d-d965ccfc6d4b" outcome="Failed" testListId="8c84fa94-04c1-424b-9868-57a2d4851a1d" relativeResultsDirectory="2cf98fd7-c1d8-4fe1-93a9-d8594e53237d">
      <Output>
        <ErrorInfo>
          <Message>Assert.AreEqual failed. Expected:&lt;2&gt;. Actual:&lt;4&gt;. </Message>
          <StackTrace>   at TestProjectWON.UnitTest1.TestMethod41() in C:\agent\_work\8\s\TestProjectWON\UnitTest1.cs:line 218&#xD;
</StackTrace>
        </ErrorInfo>
      </Output>
    </UnitTestResult>
    <UnitTestResult executionId="df8649eb-0920-42c5-b651-8c8c81ab9214" testId="10e1bc78-0868-7148-438c-65de1acdb194" testName="TestMethod620" computerName="SUSALUJ" duration="00:00:00.0000351" startTime="2019-07-19T15:51:23.8629959+05:30" endTime="2019-07-19T15:51:23.8629959+05:30" testType="13cdc9d9-ddb5-4fa4-a97d-d965ccfc6d4b" outcome="Passed" testListId="8c84fa94-04c1-424b-9868-57a2d4851a1d" relativeResultsDirectory="df8649eb-0920-42c5-b651-8c8c81ab9214" />
    <UnitTestResult executionId="91620afb-a201-4dd5-8172-a8bf5c2e9802" testId="4a5c060d-93b8-1349-a42b-b3059e1a946b" testName="TestMethod2" computerName="SUSALUJ" duration="00:00:00.0013428" startTime="2019-07-19T15:51:24.1229946+05:30" endTime="2019-07-19T15:51:24.1239973+05:30" testType="13cdc9d9-ddb5-4fa4-a97d-d965ccfc6d4b" outcome="Failed" testListId="8c84fa94-04c1-424b-9868-57a2d4851a1d" relativeResultsDirectory="91620afb-a201-4dd5-8172-a8bf5c2e9802">
      <Output>
        <ErrorInfo>
          <Message>Assert.AreEqual failed. Expected:&lt;2&gt;. Actual:&lt;4&gt;. </Message>
          <StackTrace>   at TestProjectWON.UnitTest1.TestMethod2() in C:\agent\_work\8\s\TestProjectWON\UnitTest1.cs:line 23&#xD;
</StackTrace>
        </ErrorInfo>
      </Output>
    </UnitTestResult>
    <UnitTestResult executionId="8daa1b69-66f6-408e-a45b-c6d7b7046a37" testId="c620e2d6-530c-58b3-510d-820d526ceb4b" testName="TestMethod78" computerName="SUSALUJ" duration="00:00:00.0000215" startTime="2019-07-19T15:51:24.1849954+05:30" endTime="2019-07-19T15:51:24.1849954+05:30" testType="13cdc9d9-ddb5-4fa4-a97d-d965ccfc6d4b" outcome="Passed" testListId="8c84fa94-04c1-424b-9868-57a2d4851a1d" relativeResultsDirectory="8daa1b69-66f6-408e-a45b-c6d7b7046a37" />
    <UnitTestResult executionId="9d0bdc4d-67b9-4d26-b169-38bac234e9a0" testId="8d274a7d-750c-a356-9ef2-f115fab35e35" testName="TestMethod26" computerName="SUSALUJ" duration="00:00:00.0017283" startTime="2019-07-19T15:51:24.1519967+05:30" endTime="2019-07-19T15:51:24.1539975+05:30" testType="13cdc9d9-ddb5-4fa4-a97d-d965ccfc6d4b" outcome="Failed" testListId="8c84fa94-04c1-424b-9868-57a2d4851a1d" relativeResultsDirectory="9d0bdc4d-67b9-4d26-b169-38bac234e9a0">
      <Output>
        <ErrorInfo>
          <Message>Assert.AreEqual failed. Expected:&lt;2&gt;. Actual:&lt;4&gt;. </Message>
          <StackTrace>   at TestProjectWON.UnitTest1.TestMethod26() in C:\agent\_work\8\s\TestProjectWON\UnitTest1.cs:line 143&#xD;
</StackTrace>
        </ErrorInfo>
      </Output>
    </UnitTestResult>
    <UnitTestResult executionId="c6c44174-c9d2-4a0d-80e0-0145c3400afe" testId="d891963e-75e4-bfbd-1af1-6f2f40b7b8fb" testName="TestMethod165" computerName="SUSALUJ" duration="00:00:00.0000561" startTime="2019-07-19T15:51:24.0229952+05:30" endTime="2019-07-19T15:51:24.0229952+05:30" testType="13cdc9d9-ddb5-4fa4-a97d-d965ccfc6d4b" outcome="Passed" testListId="8c84fa94-04c1-424b-9868-57a2d4851a1d" relativeResultsDirectory="c6c44174-c9d2-4a0d-80e0-0145c3400afe" />
    <UnitTestResult executionId="0f4584bd-2abd-409d-83af-1b9f629f3a2b" testId="b63fa908-9fe5-d9cf-191a-3a16487ad2b6" testName="TestMethod841" computerName="SUSALUJ" duration="00:00:00.0000214" startTime="2019-07-19T15:51:23.8389960+05:30" endTime="2019-07-19T15:51:23.8389960+05:30" testType="13cdc9d9-ddb5-4fa4-a97d-d965ccfc6d4b" outcome="Passed" testListId="8c84fa94-04c1-424b-9868-57a2d4851a1d" relativeResultsDirectory="0f4584bd-2abd-409d-83af-1b9f629f3a2b" />
    <UnitTestResult executionId="13fd3c9a-4e35-44bb-b28c-7a0619177436" testId="95a1d4ed-5bdf-ecc4-9f0a-fdcf99c3c410" testName="TestMethod495" computerName="SUSALUJ" duration="00:00:00.0000320" startTime="2019-07-19T15:51:23.9109944+05:30" endTime="2019-07-19T15:51:23.9109944+05:30" testType="13cdc9d9-ddb5-4fa4-a97d-d965ccfc6d4b" outcome="Passed" testListId="8c84fa94-04c1-424b-9868-57a2d4851a1d" relativeResultsDirectory="13fd3c9a-4e35-44bb-b28c-7a0619177436" />
    <UnitTestResult executionId="0c0bc52b-6e81-4c46-a4a6-d6c93aa86aa6" testId="9a1708ae-f837-8f90-d32c-c602c615231d" testName="TestMethod476" computerName="SUSALUJ" duration="00:00:00.0000270" startTime="2019-07-19T15:51:23.9069937+05:30" endTime="2019-07-19T15:51:23.9069937+05:30" testType="13cdc9d9-ddb5-4fa4-a97d-d965ccfc6d4b" outcome="Passed" testListId="8c84fa94-04c1-424b-9868-57a2d4851a1d" relativeResultsDirectory="0c0bc52b-6e81-4c46-a4a6-d6c93aa86aa6" />
    <UnitTestResult executionId="2d570028-5121-49fb-9269-7658c8efd2cd" testId="b4493abc-9402-6102-76d4-b6421abdf11f" testName="TestMethod939" computerName="SUSALUJ" duration="00:00:00.0000326" startTime="2019-07-19T15:51:23.7749959+05:30" endTime="2019-07-19T15:51:23.7749959+05:30" testType="13cdc9d9-ddb5-4fa4-a97d-d965ccfc6d4b" outcome="Passed" testListId="8c84fa94-04c1-424b-9868-57a2d4851a1d" relativeResultsDirectory="2d570028-5121-49fb-9269-7658c8efd2cd" />
    <UnitTestResult executionId="cc742bdb-b25c-4b18-8cb2-68c275d01bf6" testId="0463d059-eaf9-2dfc-fe1c-96ed54377893" testName="TestMethod319" computerName="SUSALUJ" duration="00:00:00.0000307" startTime="2019-07-19T15:51:23.9669973+05:30" endTime="2019-07-19T15:51:23.9669973+05:30" testType="13cdc9d9-ddb5-4fa4-a97d-d965ccfc6d4b" outcome="Passed" testListId="8c84fa94-04c1-424b-9868-57a2d4851a1d" relativeResultsDirectory="cc742bdb-b25c-4b18-8cb2-68c275d01bf6" />
    <UnitTestResult executionId="902e05e7-8a88-4c7d-ab7a-493c9d0f8be5" testId="dea86541-47a1-67e3-9027-ef590430b242" testName="TestMethod107" computerName="SUSALUJ" duration="00:00:00.0000195" startTime="2019-07-19T15:51:24.0039963+05:30" endTime="2019-07-19T15:51:24.0039963+05:30" testType="13cdc9d9-ddb5-4fa4-a97d-d965ccfc6d4b" outcome="Passed" testListId="8c84fa94-04c1-424b-9868-57a2d4851a1d" relativeResultsDirectory="902e05e7-8a88-4c7d-ab7a-493c9d0f8be5" />
    <UnitTestResult executionId="da90f0fa-7c0e-404f-9db5-c8ea16990e2b" testId="8116679a-1385-7dec-2cfc-de80d4644ebe" testName="TestMethod797" computerName="SUSALUJ" duration="00:00:00.0000497" startTime="2019-07-19T15:51:23.8239947+05:30" endTime="2019-07-19T15:51:23.8289949+05:30" testType="13cdc9d9-ddb5-4fa4-a97d-d965ccfc6d4b" outcome="Passed" testListId="8c84fa94-04c1-424b-9868-57a2d4851a1d" relativeResultsDirectory="da90f0fa-7c0e-404f-9db5-c8ea16990e2b" />
    <UnitTestResult executionId="ee95d132-b924-45bb-9146-ae98bffd0fd2" testId="6cfa8128-1d3b-8280-30fd-6266744ca8c8" testName="TestMethod682" computerName="SUSALUJ" duration="00:00:00.0000312" startTime="2019-07-19T15:51:23.8409943+05:30" endTime="2019-07-19T15:51:23.8409943+05:30" testType="13cdc9d9-ddb5-4fa4-a97d-d965ccfc6d4b" outcome="Passed" testListId="8c84fa94-04c1-424b-9868-57a2d4851a1d" relativeResultsDirectory="ee95d132-b924-45bb-9146-ae98bffd0fd2" />
    <UnitTestResult executionId="ec8d2d1a-4a3b-47de-85cc-0e76cc0f3e7d" testId="a4fa1211-839b-b128-8fa2-bc650f85f4da" testName="TestMethod312" computerName="SUSALUJ" duration="00:00:00.0000308" startTime="2019-07-19T15:51:23.9639978+05:30" endTime="2019-07-19T15:51:23.9639978+05:30" testType="13cdc9d9-ddb5-4fa4-a97d-d965ccfc6d4b" outcome="Passed" testListId="8c84fa94-04c1-424b-9868-57a2d4851a1d" relativeResultsDirectory="ec8d2d1a-4a3b-47de-85cc-0e76cc0f3e7d" />
    <UnitTestResult executionId="58d6c50a-fec0-4a2f-8382-b18192da82dc" testId="4e1c4b3d-f4c1-c866-51e9-b239d1531aaf" testName="TestMethod678" computerName="SUSALUJ" duration="00:00:00.0000210" startTime="2019-07-19T15:51:23.8739943+05:30" endTime="2019-07-19T15:51:23.8739943+05:30" testType="13cdc9d9-ddb5-4fa4-a97d-d965ccfc6d4b" outcome="Passed" testListId="8c84fa94-04c1-424b-9868-57a2d4851a1d" relativeResultsDirectory="58d6c50a-fec0-4a2f-8382-b18192da82dc" />
    <UnitTestResult executionId="67108dae-356e-456f-9fe3-aa749ace3572" testId="ccfdd793-a236-3676-375a-399f81aea11b" testName="TestMethod892" computerName="SUSALUJ" duration="00:00:00.0000378" startTime="2019-07-19T15:51:23.8049938+05:30" endTime="2019-07-19T15:51:23.8049938+05:30" testType="13cdc9d9-ddb5-4fa4-a97d-d965ccfc6d4b" outcome="Passed" testListId="8c84fa94-04c1-424b-9868-57a2d4851a1d" relativeResultsDirectory="67108dae-356e-456f-9fe3-aa749ace3572" />
    <UnitTestResult executionId="8092a6d9-ea4e-4c86-8d24-0488f9b065d8" testId="432debbb-7891-744e-6ad0-c88119e78bf9" testName="TestMethod842" computerName="SUSALUJ" duration="00:00:00.0000203" startTime="2019-07-19T15:51:23.8389960+05:30" endTime="2019-07-19T15:51:23.8389960+05:30" testType="13cdc9d9-ddb5-4fa4-a97d-d965ccfc6d4b" outcome="Passed" testListId="8c84fa94-04c1-424b-9868-57a2d4851a1d" relativeResultsDirectory="8092a6d9-ea4e-4c86-8d24-0488f9b065d8" />
    <UnitTestResult executionId="b2b6c924-9250-4b92-b12e-6fb51697223b" testId="51ce151e-545b-8bc3-34a9-cb76b0999ab6" testName="TestMethod767" computerName="SUSALUJ" duration="00:00:00.0000367" startTime="2019-07-19T15:51:23.8159953+05:30" endTime="2019-07-19T15:51:23.8159953+05:30" testType="13cdc9d9-ddb5-4fa4-a97d-d965ccfc6d4b" outcome="Passed" testListId="8c84fa94-04c1-424b-9868-57a2d4851a1d" relativeResultsDirectory="b2b6c924-9250-4b92-b12e-6fb51697223b" />
    <UnitTestResult executionId="b5b54ad3-7aca-4c92-b579-8e5a17ec104b" testId="86af2605-ad50-3b2e-3ed9-5900a4915214" testName="TestMethod743" computerName="SUSALUJ" duration="00:00:00.0000195" startTime="2019-07-19T15:51:23.8539946+05:30" endTime="2019-07-19T15:51:23.8539946+05:30" testType="13cdc9d9-ddb5-4fa4-a97d-d965ccfc6d4b" outcome="Passed" testListId="8c84fa94-04c1-424b-9868-57a2d4851a1d" relativeResultsDirectory="b5b54ad3-7aca-4c92-b579-8e5a17ec104b" />
    <UnitTestResult executionId="36323509-243b-465b-a6f0-a4bd2f3810a3" testId="4a481a7b-b096-4b45-fb70-1b89a292bf05" testName="TestMethod769" computerName="SUSALUJ" duration="00:00:00.0000510" startTime="2019-07-19T15:51:23.8159953+05:30" endTime="2019-07-19T15:51:23.8159953+05:30" testType="13cdc9d9-ddb5-4fa4-a97d-d965ccfc6d4b" outcome="Passed" testListId="8c84fa94-04c1-424b-9868-57a2d4851a1d" relativeResultsDirectory="36323509-243b-465b-a6f0-a4bd2f3810a3" />
    <UnitTestResult executionId="5542e146-4072-4e3f-959d-9fba297c14a0" testId="7cba5e7d-77d4-9489-5959-bb5f1dfd111c" testName="TestMethod535" computerName="SUSALUJ" duration="00:00:00.0000305" startTime="2019-07-19T15:51:23.8859949+05:30" endTime="2019-07-19T15:51:23.8859949+05:30" testType="13cdc9d9-ddb5-4fa4-a97d-d965ccfc6d4b" outcome="Passed" testListId="8c84fa94-04c1-424b-9868-57a2d4851a1d" relativeResultsDirectory="5542e146-4072-4e3f-959d-9fba297c14a0" />
    <UnitTestResult executionId="5fa8f711-b3df-4340-9d19-9952411dfac4" testId="d3971b88-c95a-ccae-173f-b8a251b6aed4" testName="TestMethod456" computerName="SUSALUJ" duration="00:00:00.0000194" startTime="2019-07-19T15:51:23.9019942+05:30" endTime="2019-07-19T15:51:23.9019942+05:30" testType="13cdc9d9-ddb5-4fa4-a97d-d965ccfc6d4b" outcome="Passed" testListId="8c84fa94-04c1-424b-9868-57a2d4851a1d" relativeResultsDirectory="5fa8f711-b3df-4340-9d19-9952411dfac4" />
    <UnitTestResult executionId="31dc67b4-5e46-4785-94b2-9772b9b0392d" testId="d811f50d-5448-dded-0d43-133fd196268a" testName="TestMethod373" computerName="SUSALUJ" duration="00:00:00.0000221" startTime="2019-07-19T15:51:23.9239979+05:30" endTime="2019-07-19T15:51:23.9249946+05:30" testType="13cdc9d9-ddb5-4fa4-a97d-d965ccfc6d4b" outcome="Passed" testListId="8c84fa94-04c1-424b-9868-57a2d4851a1d" relativeResultsDirectory="31dc67b4-5e46-4785-94b2-9772b9b0392d" />
    <UnitTestResult executionId="3dc8eb4e-7089-4886-b203-9b9f014e7871" testId="57086ece-c5ec-0298-49d3-4c7171b38604" testName="TestMethod166" computerName="SUSALUJ" duration="00:00:00.0000868" startTime="2019-07-19T15:51:24.0229952+05:30" endTime="2019-07-19T15:51:24.0239947+05:30" testType="13cdc9d9-ddb5-4fa4-a97d-d965ccfc6d4b" outcome="Passed" testListId="8c84fa94-04c1-424b-9868-57a2d4851a1d" relativeResultsDirectory="3dc8eb4e-7089-4886-b203-9b9f014e7871" />
    <UnitTestResult executionId="a5f5cd59-56b2-4b44-bcba-2a321f3b5017" testId="9a8a7db4-bff1-00ce-a26f-afde98c5ed59" testName="TestMethod642" computerName="SUSALUJ" duration="00:00:00.0000198" startTime="2019-07-19T15:51:23.8669961+05:30" endTime="2019-07-19T15:51:23.8669961+05:30" testType="13cdc9d9-ddb5-4fa4-a97d-d965ccfc6d4b" outcome="Passed" testListId="8c84fa94-04c1-424b-9868-57a2d4851a1d" relativeResultsDirectory="a5f5cd59-56b2-4b44-bcba-2a321f3b5017" />
    <UnitTestResult executionId="b46bb6f5-4814-4df2-9501-5696106cf173" testId="b3aa94bd-058f-dcc3-e555-98a769463262" testName="TestMethod414" computerName="SUSALUJ" duration="00:00:00.0000338" startTime="2019-07-19T15:51:23.9369963+05:30" endTime="2019-07-19T15:51:23.9369963+05:30" testType="13cdc9d9-ddb5-4fa4-a97d-d965ccfc6d4b" outcome="Passed" testListId="8c84fa94-04c1-424b-9868-57a2d4851a1d" relativeResultsDirectory="b46bb6f5-4814-4df2-9501-5696106cf173" />
    <UnitTestResult executionId="a2c58826-429a-4717-aa4a-c6f5889b24a1" testId="3ae6ff48-fce1-a2b9-c0a7-253156076b84" testName="TestMethod661" computerName="SUSALUJ" duration="00:00:00.0000202" startTime="2019-07-19T15:51:23.8709968+05:30" endTime="2019-07-19T15:51:23.8709968+05:30" testType="13cdc9d9-ddb5-4fa4-a97d-d965ccfc6d4b" outcome="Passed" testListId="8c84fa94-04c1-424b-9868-57a2d4851a1d" relativeResultsDirectory="a2c58826-429a-4717-aa4a-c6f5889b24a1" />
    <UnitTestResult executionId="42d5b6a3-cea1-4943-9b54-c724d4bd8188" testId="52f276d9-f753-b409-bc48-bc36d2a455cb" testName="TestMethod349" computerName="SUSALUJ" duration="00:00:00.0000299" startTime="2019-07-19T15:51:23.9179973+05:30" endTime="2019-07-19T15:51:23.9189961+05:30" testType="13cdc9d9-ddb5-4fa4-a97d-d965ccfc6d4b" outcome="Passed" testListId="8c84fa94-04c1-424b-9868-57a2d4851a1d" relativeResultsDirectory="42d5b6a3-cea1-4943-9b54-c724d4bd8188" />
    <UnitTestResult executionId="b27d4b41-7b71-4bae-9441-2aa19cbd410c" testId="8550bcbc-6a25-480c-7196-120080b1f325" testName="TestMethod920" computerName="SUSALUJ" duration="00:00:00.0000232" startTime="2019-07-19T15:51:23.8119961+05:30" endTime="2019-07-19T15:51:23.8119961+05:30" testType="13cdc9d9-ddb5-4fa4-a97d-d965ccfc6d4b" outcome="Passed" testListId="8c84fa94-04c1-424b-9868-57a2d4851a1d" relativeResultsDirectory="b27d4b41-7b71-4bae-9441-2aa19cbd410c" />
    <UnitTestResult executionId="c7a2fb7f-460e-4d35-a1f7-1f49114bcc9b" testId="ada0d990-bf19-2979-ac19-f69288f0b373" testName="TestMethod783" computerName="SUSALUJ" duration="00:00:00.0000204" startTime="2019-07-19T15:51:23.8189946+05:30" endTime="2019-07-19T15:51:23.8189946+05:30" testType="13cdc9d9-ddb5-4fa4-a97d-d965ccfc6d4b" outcome="Passed" testListId="8c84fa94-04c1-424b-9868-57a2d4851a1d" relativeResultsDirectory="c7a2fb7f-460e-4d35-a1f7-1f49114bcc9b" />
    <UnitTestResult executionId="ed0b6e31-4cc2-42cd-a73b-52e1e9ddab46" testId="d5556391-3e14-ea54-edb2-908d5b097d5b" testName="TestMethod770" computerName="SUSALUJ" duration="00:00:00.0000404" startTime="2019-07-19T15:51:23.8159953+05:30" endTime="2019-07-19T15:51:23.8159953+05:30" testType="13cdc9d9-ddb5-4fa4-a97d-d965ccfc6d4b" outcome="Passed" testListId="8c84fa94-04c1-424b-9868-57a2d4851a1d" relativeResultsDirectory="ed0b6e31-4cc2-42cd-a73b-52e1e9ddab46" />
    <UnitTestResult executionId="e9af19f6-2af1-42cc-a5ad-4998f6e2a6f9" testId="5fbe0d69-d94a-6f4a-ffd3-2faae51408c7" testName="TestMethod56" computerName="SUSALUJ" duration="00:00:00.0000201" startTime="2019-07-19T15:51:24.1809961+05:30" endTime="2019-07-19T15:51:24.1809961+05:30" testType="13cdc9d9-ddb5-4fa4-a97d-d965ccfc6d4b" outcome="Passed" testListId="8c84fa94-04c1-424b-9868-57a2d4851a1d" relativeResultsDirectory="e9af19f6-2af1-42cc-a5ad-4998f6e2a6f9" />
    <UnitTestResult executionId="c6ed924a-343e-48b0-891e-b87d0c224eff" testId="1f698a05-529f-0e53-b376-15637b69868e" testName="TestMethod427" computerName="SUSALUJ" duration="00:00:00.0000198" startTime="2019-07-19T15:51:23.8959935+05:30" endTime="2019-07-19T15:51:23.8959935+05:30" testType="13cdc9d9-ddb5-4fa4-a97d-d965ccfc6d4b" outcome="Passed" testListId="8c84fa94-04c1-424b-9868-57a2d4851a1d" relativeResultsDirectory="c6ed924a-343e-48b0-891e-b87d0c224eff" />
    <UnitTestResult executionId="e3eb6e4c-8db4-4f82-a5e0-38e1e4b18962" testId="660e17c7-b163-10b3-51cd-c804422c0956" testName="TestMethod538" computerName="SUSALUJ" duration="00:00:00.0000251" startTime="2019-07-19T15:51:23.8859949+05:30" endTime="2019-07-19T15:51:23.8859949+05:30" testType="13cdc9d9-ddb5-4fa4-a97d-d965ccfc6d4b" outcome="Passed" testListId="8c84fa94-04c1-424b-9868-57a2d4851a1d" relativeResultsDirectory="e3eb6e4c-8db4-4f82-a5e0-38e1e4b18962" />
    <UnitTestResult executionId="c78e1480-4eff-432c-8669-e37bb249f448" testId="1d23db69-b3ec-105d-6b79-3270287a4327" testName="TestMethod144" computerName="SUSALUJ" duration="00:00:00.0000204" startTime="2019-07-19T15:51:24.0149947+05:30" endTime="2019-07-19T15:51:24.0149947+05:30" testType="13cdc9d9-ddb5-4fa4-a97d-d965ccfc6d4b" outcome="Passed" testListId="8c84fa94-04c1-424b-9868-57a2d4851a1d" relativeResultsDirectory="c78e1480-4eff-432c-8669-e37bb249f448" />
    <UnitTestResult executionId="9c78088c-deb9-49c5-9767-314d2f9e8e31" testId="5bf03c58-6476-4eda-a5b2-9ac79c3fe109" testName="TestMethod74" computerName="SUSALUJ" duration="00:00:00.0000195" startTime="2019-07-19T15:51:24.1839963+05:30" endTime="2019-07-19T15:51:24.1839963+05:30" testType="13cdc9d9-ddb5-4fa4-a97d-d965ccfc6d4b" outcome="Passed" testListId="8c84fa94-04c1-424b-9868-57a2d4851a1d" relativeResultsDirectory="9c78088c-deb9-49c5-9767-314d2f9e8e31" />
    <UnitTestResult executionId="dbd78415-c20c-4dae-9c93-affdb1d9b8de" testId="ed1bf934-546a-affe-da50-91add822706b" testName="TestMethod976" computerName="SUSALUJ" duration="00:00:00.0000197" startTime="2019-07-19T15:51:23.7869937+05:30" endTime="2019-07-19T15:51:23.7869937+05:30" testType="13cdc9d9-ddb5-4fa4-a97d-d965ccfc6d4b" outcome="Passed" testListId="8c84fa94-04c1-424b-9868-57a2d4851a1d" relativeResultsDirectory="dbd78415-c20c-4dae-9c93-affdb1d9b8de" />
    <UnitTestResult executionId="bdc60d5a-1f04-4510-b19f-9f2a0a1938a5" testId="55e58468-57c4-ea54-a951-098fc793ee39" testName="TestMethod136" computerName="SUSALUJ" duration="00:00:00.0000230" startTime="2019-07-19T15:51:24.0129971+05:30" endTime="2019-07-19T15:51:24.0129971+05:30" testType="13cdc9d9-ddb5-4fa4-a97d-d965ccfc6d4b" outcome="Passed" testListId="8c84fa94-04c1-424b-9868-57a2d4851a1d" relativeResultsDirectory="bdc60d5a-1f04-4510-b19f-9f2a0a1938a5" />
    <UnitTestResult executionId="1c482603-b6e6-4fc1-a7b7-91e05a5f0bce" testId="60b8b2f7-31bf-1d0c-54b5-77528bf63eee" testName="TestMethod555" computerName="SUSALUJ" duration="00:00:00.0000213" startTime="2019-07-19T15:51:23.8889950+05:30" endTime="2019-07-19T15:51:23.8889950+05:30" testType="13cdc9d9-ddb5-4fa4-a97d-d965ccfc6d4b" outcome="Passed" testListId="8c84fa94-04c1-424b-9868-57a2d4851a1d" relativeResultsDirectory="1c482603-b6e6-4fc1-a7b7-91e05a5f0bce" />
    <UnitTestResult executionId="07cd171a-d6ff-4eb8-abaa-d9aaaa38fa5f" testId="c84eee12-0040-fb25-9265-b00e53c594e5" testName="TestMethod429" computerName="SUSALUJ" duration="00:00:00.0000234" startTime="2019-07-19T15:51:23.8969966+05:30" endTime="2019-07-19T15:51:23.8969966+05:30" testType="13cdc9d9-ddb5-4fa4-a97d-d965ccfc6d4b" outcome="Passed" testListId="8c84fa94-04c1-424b-9868-57a2d4851a1d" relativeResultsDirectory="07cd171a-d6ff-4eb8-abaa-d9aaaa38fa5f" />
    <UnitTestResult executionId="5d4a97b7-9eb4-411e-bdd1-66a39b208beb" testId="784e77c8-c91c-30bc-80fe-7549998f79cc" testName="TestMethod487" computerName="SUSALUJ" duration="00:00:00.0000225" startTime="2019-07-19T15:51:23.9089944+05:30" endTime="2019-07-19T15:51:23.9089944+05:30" testType="13cdc9d9-ddb5-4fa4-a97d-d965ccfc6d4b" outcome="Passed" testListId="8c84fa94-04c1-424b-9868-57a2d4851a1d" relativeResultsDirectory="5d4a97b7-9eb4-411e-bdd1-66a39b208beb" />
    <UnitTestResult executionId="ebb4f441-0378-42ff-8ff4-d99a285ee5f3" testId="84884695-1fda-9516-c265-a5d55e0fd64d" testName="TestMethod587" computerName="SUSALUJ" duration="00:00:00.0000229" startTime="2019-07-19T15:51:23.8949967+05:30" endTime="2019-07-19T15:51:23.8949967+05:30" testType="13cdc9d9-ddb5-4fa4-a97d-d965ccfc6d4b" outcome="Passed" testListId="8c84fa94-04c1-424b-9868-57a2d4851a1d" relativeResultsDirectory="ebb4f441-0378-42ff-8ff4-d99a285ee5f3" />
    <UnitTestResult executionId="52c684a6-b129-4bca-9102-c8a055b30835" testId="2f3c4789-5be0-25b5-eb21-f2a035522061" testName="TestMethod466" computerName="SUSALUJ" duration="00:00:00.0000343" startTime="2019-07-19T15:51:23.9049936+05:30" endTime="2019-07-19T15:51:23.9049936+05:30" testType="13cdc9d9-ddb5-4fa4-a97d-d965ccfc6d4b" outcome="Passed" testListId="8c84fa94-04c1-424b-9868-57a2d4851a1d" relativeResultsDirectory="52c684a6-b129-4bca-9102-c8a055b30835" />
    <UnitTestResult executionId="b5d5f159-4fe5-4cb0-b32c-bf6ad46872fc" testId="f32dfad8-e70b-e0fc-2c9b-4e0e8b6d2822" testName="TestMethod139" computerName="SUSALUJ" duration="00:00:00.0000387" startTime="2019-07-19T15:51:24.0139971+05:30" endTime="2019-07-19T15:51:24.0139971+05:30" testType="13cdc9d9-ddb5-4fa4-a97d-d965ccfc6d4b" outcome="Passed" testListId="8c84fa94-04c1-424b-9868-57a2d4851a1d" relativeResultsDirectory="b5d5f159-4fe5-4cb0-b32c-bf6ad46872fc" />
    <UnitTestResult executionId="99997272-6eff-48c1-8c5c-c157c3fbf263" testId="cbf64e51-6576-50d6-4267-120838d86343" testName="TestMethod507" computerName="SUSALUJ" duration="00:00:00.0000347" startTime="2019-07-19T15:51:23.9149959+05:30" endTime="2019-07-19T15:51:23.9149959+05:30" testType="13cdc9d9-ddb5-4fa4-a97d-d965ccfc6d4b" outcome="Passed" testListId="8c84fa94-04c1-424b-9868-57a2d4851a1d" relativeResultsDirectory="99997272-6eff-48c1-8c5c-c157c3fbf263" />
    <UnitTestResult executionId="4513cc06-784f-4b6b-8304-28e2036d8def" testId="e306fc38-199a-64dd-ddf7-942344f09ad5" testName="TestMethod804" computerName="SUSALUJ" duration="00:00:00.0000354" startTime="2019-07-19T15:51:23.8309967+05:30" endTime="2019-07-19T15:51:23.8319962+05:30" testType="13cdc9d9-ddb5-4fa4-a97d-d965ccfc6d4b" outcome="Passed" testListId="8c84fa94-04c1-424b-9868-57a2d4851a1d" relativeResultsDirectory="4513cc06-784f-4b6b-8304-28e2036d8def" />
    <UnitTestResult executionId="566130df-0558-4a89-b6da-e518cbea1ea1" testId="19fe08c4-53a8-9940-cee7-991e098fe559" testName="TestMethod393" computerName="SUSALUJ" duration="00:00:00.0000469" startTime="2019-07-19T15:51:23.9299976+05:30" endTime="2019-07-19T15:51:23.9299976+05:30" testType="13cdc9d9-ddb5-4fa4-a97d-d965ccfc6d4b" outcome="Passed" testListId="8c84fa94-04c1-424b-9868-57a2d4851a1d" relativeResultsDirectory="566130df-0558-4a89-b6da-e518cbea1ea1" />
    <UnitTestResult executionId="694c2a38-65f7-4e7f-8fab-d95900b79b17" testId="f75cfd19-d979-aaa4-6587-b071f5eb5243" testName="TestMethod431" computerName="SUSALUJ" duration="00:00:00.0000296" startTime="2019-07-19T15:51:23.8969966+05:30" endTime="2019-07-19T15:51:23.8969966+05:30" testType="13cdc9d9-ddb5-4fa4-a97d-d965ccfc6d4b" outcome="Passed" testListId="8c84fa94-04c1-424b-9868-57a2d4851a1d" relativeResultsDirectory="694c2a38-65f7-4e7f-8fab-d95900b79b17" />
    <UnitTestResult executionId="0899d798-9627-4320-bbcd-174337e8b3b4" testId="1942dc15-dfcb-3790-cc24-66292ca89d8d" testName="TestMethod418" computerName="SUSALUJ" duration="00:00:00.0000328" startTime="2019-07-19T15:51:23.9389977+05:30" endTime="2019-07-19T15:51:23.9389977+05:30" testType="13cdc9d9-ddb5-4fa4-a97d-d965ccfc6d4b" outcome="Passed" testListId="8c84fa94-04c1-424b-9868-57a2d4851a1d" relativeResultsDirectory="0899d798-9627-4320-bbcd-174337e8b3b4" />
    <UnitTestResult executionId="630af070-5b4b-48df-a5fb-aa360da1a704" testId="58b88055-de12-a0ba-7add-061dbee24322" testName="TestMethod635" computerName="SUSALUJ" duration="00:00:00.0000282" startTime="2019-07-19T15:51:23.8659968+05:30" endTime="2019-07-19T15:51:23.8659968+05:30" testType="13cdc9d9-ddb5-4fa4-a97d-d965ccfc6d4b" outcome="Passed" testListId="8c84fa94-04c1-424b-9868-57a2d4851a1d" relativeResultsDirectory="630af070-5b4b-48df-a5fb-aa360da1a704" />
    <UnitTestResult executionId="d3a5c335-4c4e-463c-a6f3-01a3e8768670" testId="989f4d67-5e7e-cf6e-2fd7-32062a16db75" testName="TestMethod893" computerName="SUSALUJ" duration="00:00:00.0000423" startTime="2019-07-19T15:51:23.8049938+05:30" endTime="2019-07-19T15:51:23.8049938+05:30" testType="13cdc9d9-ddb5-4fa4-a97d-d965ccfc6d4b" outcome="Passed" testListId="8c84fa94-04c1-424b-9868-57a2d4851a1d" relativeResultsDirectory="d3a5c335-4c4e-463c-a6f3-01a3e8768670" />
    <UnitTestResult executionId="ec9b7e91-41d8-4b23-93d9-581fa55ed0da" testId="43a17133-2c7e-a5bd-f0f8-3641075006da" testName="TestMethod339" computerName="SUSALUJ" duration="00:00:00.0000449" startTime="2019-07-19T15:51:23.9729971+05:30" endTime="2019-07-19T15:51:23.9729971+05:30" testType="13cdc9d9-ddb5-4fa4-a97d-d965ccfc6d4b" outcome="Passed" testListId="8c84fa94-04c1-424b-9868-57a2d4851a1d" relativeResultsDirectory="ec9b7e91-41d8-4b23-93d9-581fa55ed0da" />
    <UnitTestResult executionId="eebdd483-d830-435f-bb12-f9152647d170" testId="56942e60-3679-73a6-3404-cadf7229f611" testName="TestMethod232" computerName="SUSALUJ" duration="00:00:00.0000387" startTime="2019-07-19T15:51:23.9919984+05:30" endTime="2019-07-19T15:51:23.9919984+05:30" testType="13cdc9d9-ddb5-4fa4-a97d-d965ccfc6d4b" outcome="Passed" testListId="8c84fa94-04c1-424b-9868-57a2d4851a1d" relativeResultsDirectory="eebdd483-d830-435f-bb12-f9152647d170" />
    <UnitTestResult executionId="929c4b7a-b828-45f5-9f39-572e8e7d45dd" testId="2cec005b-fc62-abf6-3471-a3cafbdddd52" testName="TestMethod66" computerName="SUSALUJ" duration="00:00:00.0000230" startTime="2019-07-19T15:51:24.1829965+05:30" endTime="2019-07-19T15:51:24.1829965+05:30" testType="13cdc9d9-ddb5-4fa4-a97d-d965ccfc6d4b" outcome="Passed" testListId="8c84fa94-04c1-424b-9868-57a2d4851a1d" relativeResultsDirectory="929c4b7a-b828-45f5-9f39-572e8e7d45dd" />
    <UnitTestResult executionId="f60123d9-975b-48c3-aba9-57b52940a663" testId="fed19f8a-2a36-9304-8863-7d2157bbb52e" testName="TestMethod966" computerName="SUSALUJ" duration="00:00:00.0000658" startTime="2019-07-19T15:51:23.7849938+05:30" endTime="2019-07-19T15:51:23.7849938+05:30" testType="13cdc9d9-ddb5-4fa4-a97d-d965ccfc6d4b" outcome="Passed" testListId="8c84fa94-04c1-424b-9868-57a2d4851a1d" relativeResultsDirectory="f60123d9-975b-48c3-aba9-57b52940a663" />
    <UnitTestResult executionId="617714c4-6821-4719-a917-effcde0c1b6b" testId="0c7b2fd2-8b48-db79-5988-9d72354f73e1" testName="TestMethod206" computerName="SUSALUJ" duration="00:00:00.0000553" startTime="2019-07-19T15:51:23.9839955+05:30" endTime="2019-07-19T15:51:23.9839955+05:30" testType="13cdc9d9-ddb5-4fa4-a97d-d965ccfc6d4b" outcome="Passed" testListId="8c84fa94-04c1-424b-9868-57a2d4851a1d" relativeResultsDirectory="617714c4-6821-4719-a917-effcde0c1b6b" />
    <UnitTestResult executionId="c8bb4792-92f3-452e-b387-f199ff5370a4" testId="8a6ac2f4-81d7-a198-4ede-8286f3c1c548" testName="TestMethod189" computerName="SUSALUJ" duration="00:00:00.0000333" startTime="2019-07-19T15:51:23.9799956+05:30" endTime="2019-07-19T15:51:23.9799956+05:30" testType="13cdc9d9-ddb5-4fa4-a97d-d965ccfc6d4b" outcome="Passed" testListId="8c84fa94-04c1-424b-9868-57a2d4851a1d" relativeResultsDirectory="c8bb4792-92f3-452e-b387-f199ff5370a4" />
    <UnitTestResult executionId="01ec2355-f379-4500-98a2-b7e705007f3d" testId="0df0539f-4daf-4901-0eea-892979bbc6ad" testName="TestMethod437" computerName="SUSALUJ" duration="00:00:00.0000199" startTime="2019-07-19T15:51:23.8979961+05:30" endTime="2019-07-19T15:51:23.8979961+05:30" testType="13cdc9d9-ddb5-4fa4-a97d-d965ccfc6d4b" outcome="Passed" testListId="8c84fa94-04c1-424b-9868-57a2d4851a1d" relativeResultsDirectory="01ec2355-f379-4500-98a2-b7e705007f3d" />
    <UnitTestResult executionId="5b75bc05-620a-4b28-9d53-64d044a90403" testId="c6d14744-5110-ac21-1354-827560bc525b" testName="TestMethod250" computerName="SUSALUJ" duration="00:00:00.0000290" startTime="2019-07-19T15:51:23.9969949+05:30" endTime="2019-07-19T15:51:23.9969949+05:30" testType="13cdc9d9-ddb5-4fa4-a97d-d965ccfc6d4b" outcome="Passed" testListId="8c84fa94-04c1-424b-9868-57a2d4851a1d" relativeResultsDirectory="5b75bc05-620a-4b28-9d53-64d044a90403" />
    <UnitTestResult executionId="e40b1608-45b2-4e36-9228-87dc7ef25e5c" testId="25c0e1fc-0db6-ebd6-12dd-86c4d4d446ed" testName="TestMethod823" computerName="SUSALUJ" duration="00:00:00.0000211" startTime="2019-07-19T15:51:23.8349944+05:30" endTime="2019-07-19T15:51:23.8349944+05:30" testType="13cdc9d9-ddb5-4fa4-a97d-d965ccfc6d4b" outcome="Passed" testListId="8c84fa94-04c1-424b-9868-57a2d4851a1d" relativeResultsDirectory="e40b1608-45b2-4e36-9228-87dc7ef25e5c" />
    <UnitTestResult executionId="da05ac7f-e543-4d84-8c1a-bc962d1350f5" testId="7fc6826c-87db-5ff0-61d5-9f5afa16c335" testName="TestMethod68" computerName="SUSALUJ" duration="00:00:00.0000241" startTime="2019-07-19T15:51:24.1829965+05:30" endTime="2019-07-19T15:51:24.1839963+05:30" testType="13cdc9d9-ddb5-4fa4-a97d-d965ccfc6d4b" outcome="Passed" testListId="8c84fa94-04c1-424b-9868-57a2d4851a1d" relativeResultsDirectory="da05ac7f-e543-4d84-8c1a-bc962d1350f5" />
    <UnitTestResult executionId="4d2c96f1-705e-4d87-ab51-f8f7dfc82e31" testId="2dff8873-00f4-28a3-c516-856502cf3b22" testName="TestMethod497" computerName="SUSALUJ" duration="00:00:00.0000281" startTime="2019-07-19T15:51:23.9119960+05:30" endTime="2019-07-19T15:51:23.9119960+05:30" testType="13cdc9d9-ddb5-4fa4-a97d-d965ccfc6d4b" outcome="Passed" testListId="8c84fa94-04c1-424b-9868-57a2d4851a1d" relativeResultsDirectory="4d2c96f1-705e-4d87-ab51-f8f7dfc82e31" />
    <UnitTestResult executionId="c5d52f00-8fb2-4412-804d-77186e2d50c0" testId="2ecfc8f7-1da9-03cf-aea8-8b08aefcadf3" testName="TestMethod717" computerName="SUSALUJ" duration="00:00:00.0000306" startTime="2019-07-19T15:51:23.8489960+05:30" endTime="2019-07-19T15:51:23.8489960+05:30" testType="13cdc9d9-ddb5-4fa4-a97d-d965ccfc6d4b" outcome="Passed" testListId="8c84fa94-04c1-424b-9868-57a2d4851a1d" relativeResultsDirectory="c5d52f00-8fb2-4412-804d-77186e2d50c0" />
    <UnitTestResult executionId="7975d40e-e13f-4dbc-8d6c-9b15f423733c" testId="b657245b-394b-0aab-a286-40822ee34434" testName="TestMethod105" computerName="SUSALUJ" duration="00:00:00.0000228" startTime="2019-07-19T15:51:24.0039963+05:30" endTime="2019-07-19T15:51:24.0039963+05:30" testType="13cdc9d9-ddb5-4fa4-a97d-d965ccfc6d4b" outcome="Passed" testListId="8c84fa94-04c1-424b-9868-57a2d4851a1d" relativeResultsDirectory="7975d40e-e13f-4dbc-8d6c-9b15f423733c" />
    <UnitTestResult executionId="08957887-ea9e-401b-aee5-dea60105df3e" testId="3f7d39dd-f323-74fc-8179-db3ff005b6ec" testName="TestMethod412" computerName="SUSALUJ" duration="00:00:00.0000389" startTime="2019-07-19T15:51:23.9369963+05:30" endTime="2019-07-19T15:51:23.9369963+05:30" testType="13cdc9d9-ddb5-4fa4-a97d-d965ccfc6d4b" outcome="Passed" testListId="8c84fa94-04c1-424b-9868-57a2d4851a1d" relativeResultsDirectory="08957887-ea9e-401b-aee5-dea60105df3e" />
    <UnitTestResult executionId="5405281f-b453-447e-9bd6-bd3dfa321cd8" testId="6a2ff379-2bea-b8c6-342c-6f5af067de2b" testName="TestMethod860" computerName="SUSALUJ" duration="00:00:00.0004187" startTime="2019-07-19T15:51:23.7949944+05:30" endTime="2019-07-19T15:51:23.7959939+05:30" testType="13cdc9d9-ddb5-4fa4-a97d-d965ccfc6d4b" outcome="Passed" testListId="8c84fa94-04c1-424b-9868-57a2d4851a1d" relativeResultsDirectory="5405281f-b453-447e-9bd6-bd3dfa321cd8" />
    <UnitTestResult executionId="eecb7d27-1aa4-4d12-9098-addd6a84a87c" testId="3f9971cf-342d-bdff-0580-39d519ebcc3c" testName="TestMethod880" computerName="SUSALUJ" duration="00:00:00.0000613" startTime="2019-07-19T15:51:23.8019963+05:30" endTime="2019-07-19T15:51:23.8029962+05:30" testType="13cdc9d9-ddb5-4fa4-a97d-d965ccfc6d4b" outcome="Passed" testListId="8c84fa94-04c1-424b-9868-57a2d4851a1d" relativeResultsDirectory="eecb7d27-1aa4-4d12-9098-addd6a84a87c" />
    <UnitTestResult executionId="f3dc275b-84ef-4c50-b39b-2e3a9cc3f684" testId="24d246a1-d992-e6f0-a37e-a3955455c9c0" testName="TestMethod268" computerName="SUSALUJ" duration="00:00:00.0000356" startTime="2019-07-19T15:51:23.9499977+05:30" endTime="2019-07-19T15:51:23.9499977+05:30" testType="13cdc9d9-ddb5-4fa4-a97d-d965ccfc6d4b" outcome="Passed" testListId="8c84fa94-04c1-424b-9868-57a2d4851a1d" relativeResultsDirectory="f3dc275b-84ef-4c50-b39b-2e3a9cc3f684" />
    <UnitTestResult executionId="4b0ee47a-6865-4e79-89a8-4c63a209c372" testId="2b37da15-ac11-46e9-aafa-8893f585e1bf" testName="TestMethod820" computerName="SUSALUJ" duration="00:00:00.0000199" startTime="2019-07-19T15:51:23.8339942+05:30" endTime="2019-07-19T15:51:23.8339942+05:30" testType="13cdc9d9-ddb5-4fa4-a97d-d965ccfc6d4b" outcome="Passed" testListId="8c84fa94-04c1-424b-9868-57a2d4851a1d" relativeResultsDirectory="4b0ee47a-6865-4e79-89a8-4c63a209c372" />
    <UnitTestResult executionId="0677c762-8dd0-4cec-8d1b-31105dedbc4b" testId="15e47ca3-a331-c582-4361-ca5f4ecb461d" testName="TestMethod244" computerName="SUSALUJ" duration="00:00:00.0000391" startTime="2019-07-19T15:51:23.9949987+05:30" endTime="2019-07-19T15:51:23.9959979+05:30" testType="13cdc9d9-ddb5-4fa4-a97d-d965ccfc6d4b" outcome="Passed" testListId="8c84fa94-04c1-424b-9868-57a2d4851a1d" relativeResultsDirectory="0677c762-8dd0-4cec-8d1b-31105dedbc4b" />
    <UnitTestResult executionId="0575c4c7-434d-4c99-bb28-a18abd8afc3d" testId="2670f73b-2dda-084b-dcd1-89aea42bbe01" testName="TestMethod37" computerName="SUSALUJ" duration="00:00:00.0009682" startTime="2019-07-19T15:51:24.1649962+05:30" endTime="2019-07-19T15:51:24.1659966+05:30" testType="13cdc9d9-ddb5-4fa4-a97d-d965ccfc6d4b" outcome="Failed" testListId="8c84fa94-04c1-424b-9868-57a2d4851a1d" relativeResultsDirectory="0575c4c7-434d-4c99-bb28-a18abd8afc3d">
      <Output>
        <ErrorInfo>
          <Message>Assert.AreEqual failed. Expected:&lt;2&gt;. Actual:&lt;4&gt;. </Message>
          <StackTrace>   at TestProjectWON.UnitTest1.TestMethod37() in C:\agent\_work\8\s\TestProjectWON\UnitTest1.cs:line 198&#xD;
</StackTrace>
        </ErrorInfo>
      </Output>
    </UnitTestResult>
    <UnitTestResult executionId="4d9cc47b-0ca7-475b-8e92-e26e06a273f5" testId="9409b05b-2514-07c8-2b83-2171d216f20b" testName="TestMethod55" computerName="SUSALUJ" duration="00:00:00.0000202" startTime="2019-07-19T15:51:24.1809961+05:30" endTime="2019-07-19T15:51:24.1809961+05:30" testType="13cdc9d9-ddb5-4fa4-a97d-d965ccfc6d4b" outcome="Passed" testListId="8c84fa94-04c1-424b-9868-57a2d4851a1d" relativeResultsDirectory="4d9cc47b-0ca7-475b-8e92-e26e06a273f5" />
    <UnitTestResult executionId="b4bc7944-d940-4813-873b-0d2927aba263" testId="4b690a65-beb8-471a-f8d9-657bd7614320" testName="TestMethod623" computerName="SUSALUJ" duration="00:00:00.0000238" startTime="2019-07-19T15:51:23.8639966+05:30" endTime="2019-07-19T15:51:23.8639966+05:30" testType="13cdc9d9-ddb5-4fa4-a97d-d965ccfc6d4b" outcome="Passed" testListId="8c84fa94-04c1-424b-9868-57a2d4851a1d" relativeResultsDirectory="b4bc7944-d940-4813-873b-0d2927aba263" />
    <UnitTestResult executionId="48fbf8c0-ebde-43df-99a2-39bd6157088c" testId="978452c9-daa6-d609-022c-8e5c662c69fd" testName="TestMethod383" computerName="SUSALUJ" duration="00:00:00.0000338" startTime="2019-07-19T15:51:23.9269954+05:30" endTime="2019-07-19T15:51:23.9269954+05:30" testType="13cdc9d9-ddb5-4fa4-a97d-d965ccfc6d4b" outcome="Passed" testListId="8c84fa94-04c1-424b-9868-57a2d4851a1d" relativeResultsDirectory="48fbf8c0-ebde-43df-99a2-39bd6157088c" />
    <UnitTestResult executionId="f43ae06c-10d6-41fa-8439-3d4b14473311" testId="5a06eda4-599b-e0f3-5795-af2b45f366b7" testName="TestMethod225" computerName="SUSALUJ" duration="00:00:00.0000279" startTime="2019-07-19T15:51:23.9899978+05:30" endTime="2019-07-19T15:51:23.9899978+05:30" testType="13cdc9d9-ddb5-4fa4-a97d-d965ccfc6d4b" outcome="Passed" testListId="8c84fa94-04c1-424b-9868-57a2d4851a1d" relativeResultsDirectory="f43ae06c-10d6-41fa-8439-3d4b14473311" />
    <UnitTestResult executionId="0b661b84-8c18-4440-8f1f-b753fbf6f4dc" testId="074e1679-bb24-6f74-1b0a-7264154e581e" testName="TestMethod143" computerName="SUSALUJ" duration="00:00:00.0000200" startTime="2019-07-19T15:51:24.0149947+05:30" endTime="2019-07-19T15:51:24.0149947+05:30" testType="13cdc9d9-ddb5-4fa4-a97d-d965ccfc6d4b" outcome="Passed" testListId="8c84fa94-04c1-424b-9868-57a2d4851a1d" relativeResultsDirectory="0b661b84-8c18-4440-8f1f-b753fbf6f4dc" />
    <UnitTestResult executionId="d56d0f83-7a3f-4c78-a5e9-913820ce53b0" testId="43c92586-8281-f999-8a95-9ce6e6eceff3" testName="TestMethod503" computerName="SUSALUJ" duration="00:00:00.0000343" startTime="2019-07-19T15:51:23.9139950+05:30" endTime="2019-07-19T15:51:23.9139950+05:30" testType="13cdc9d9-ddb5-4fa4-a97d-d965ccfc6d4b" outcome="Passed" testListId="8c84fa94-04c1-424b-9868-57a2d4851a1d" relativeResultsDirectory="d56d0f83-7a3f-4c78-a5e9-913820ce53b0" />
    <UnitTestResult executionId="604a0157-0ee9-4d4b-a85e-e10686ea6658" testId="61d86235-6602-a862-dabb-f652afca4d75" testName="TestMethod282" computerName="SUSALUJ" duration="00:00:00.0000275" startTime="2019-07-19T15:51:23.9529949+05:30" endTime="2019-07-19T15:51:23.9529949+05:30" testType="13cdc9d9-ddb5-4fa4-a97d-d965ccfc6d4b" outcome="Passed" testListId="8c84fa94-04c1-424b-9868-57a2d4851a1d" relativeResultsDirectory="604a0157-0ee9-4d4b-a85e-e10686ea6658" />
    <UnitTestResult executionId="7c8206e6-c6cd-4b53-bab7-0a6c1245ccb3" testId="d8957df7-44d0-2bcf-4a49-340744d2af36" testName="TestMethod863" computerName="SUSALUJ" duration="00:00:00.0000771" startTime="2019-07-19T15:51:23.7959939+05:30" endTime="2019-07-19T15:51:23.7969947+05:30" testType="13cdc9d9-ddb5-4fa4-a97d-d965ccfc6d4b" outcome="Passed" testListId="8c84fa94-04c1-424b-9868-57a2d4851a1d" relativeResultsDirectory="7c8206e6-c6cd-4b53-bab7-0a6c1245ccb3" />
    <UnitTestResult executionId="f64e24f8-72f6-4b74-8401-050ea572cfb7" testId="8aa507ca-7515-86e1-d354-cbe491f642e8" testName="TestMethod625" computerName="SUSALUJ" duration="00:00:00.0000204" startTime="2019-07-19T15:51:23.8639966+05:30" endTime="2019-07-19T15:51:23.8639966+05:30" testType="13cdc9d9-ddb5-4fa4-a97d-d965ccfc6d4b" outcome="Passed" testListId="8c84fa94-04c1-424b-9868-57a2d4851a1d" relativeResultsDirectory="f64e24f8-72f6-4b74-8401-050ea572cfb7" />
    <UnitTestResult executionId="28c609da-2680-46b2-8ce2-3380291c50bb" testId="750786cc-a398-416c-cb6b-2f5b0523943d" testName="TestMethod141" computerName="SUSALUJ" duration="00:00:00.0000225" startTime="2019-07-19T15:51:24.0139971+05:30" endTime="2019-07-19T15:51:24.0139971+05:30" testType="13cdc9d9-ddb5-4fa4-a97d-d965ccfc6d4b" outcome="Passed" testListId="8c84fa94-04c1-424b-9868-57a2d4851a1d" relativeResultsDirectory="28c609da-2680-46b2-8ce2-3380291c50bb" />
    <UnitTestResult executionId="591f83b3-c410-4744-8ae6-70a719c80715" testId="200f387c-18e6-97b6-ef6c-78806d6bd886" testName="TestMethod365" computerName="SUSALUJ" duration="00:00:00.0000208" startTime="2019-07-19T15:51:23.9219963+05:30" endTime="2019-07-19T15:51:23.9219963+05:30" testType="13cdc9d9-ddb5-4fa4-a97d-d965ccfc6d4b" outcome="Passed" testListId="8c84fa94-04c1-424b-9868-57a2d4851a1d" relativeResultsDirectory="591f83b3-c410-4744-8ae6-70a719c80715" />
    <UnitTestResult executionId="fb9bf741-efc5-4218-b369-902d7b1a23fe" testId="c527a895-c38a-06f4-d0f7-7740f1d38d2f" testName="TestMethod366" computerName="SUSALUJ" duration="00:00:00.0000205" startTime="2019-07-19T15:51:23.9219963+05:30" endTime="2019-07-19T15:51:23.9219963+05:30" testType="13cdc9d9-ddb5-4fa4-a97d-d965ccfc6d4b" outcome="Passed" testListId="8c84fa94-04c1-424b-9868-57a2d4851a1d" relativeResultsDirectory="fb9bf741-efc5-4218-b369-902d7b1a23fe" />
    <UnitTestResult executionId="8ace9990-3342-46ea-81a6-fff9406d0565" testId="fd656e93-dce1-cd2c-5ac9-6f5c6e218c22" testName="TestMethod960" computerName="SUSALUJ" duration="00:00:00.0000468" startTime="2019-07-19T15:51:23.7829932+05:30" endTime="2019-07-19T15:51:23.7839932+05:30" testType="13cdc9d9-ddb5-4fa4-a97d-d965ccfc6d4b" outcome="Passed" testListId="8c84fa94-04c1-424b-9868-57a2d4851a1d" relativeResultsDirectory="8ace9990-3342-46ea-81a6-fff9406d0565" />
    <UnitTestResult executionId="cf2a78cd-cc24-404f-be2c-a87777446ee1" testId="134ef685-0035-25dc-f71f-0041959162b7" testName="TestMethod186" computerName="SUSALUJ" duration="00:00:00.0000325" startTime="2019-07-19T15:51:23.9789960+05:30" endTime="2019-07-19T15:51:23.9789960+05:30" testType="13cdc9d9-ddb5-4fa4-a97d-d965ccfc6d4b" outcome="Passed" testListId="8c84fa94-04c1-424b-9868-57a2d4851a1d" relativeResultsDirectory="cf2a78cd-cc24-404f-be2c-a87777446ee1" />
    <UnitTestResult executionId="0465cd9a-6937-419b-a87e-3cde95b3aae7" testId="e10183cc-2360-6fff-8812-a8606b8b9a94" testName="TestMethod303" computerName="SUSALUJ" duration="00:00:00.0000336" startTime="2019-07-19T15:51:23.9610010+05:30" endTime="2019-07-19T15:51:23.9610010+05:30" testType="13cdc9d9-ddb5-4fa4-a97d-d965ccfc6d4b" outcome="Passed" testListId="8c84fa94-04c1-424b-9868-57a2d4851a1d" relativeResultsDirectory="0465cd9a-6937-419b-a87e-3cde95b3aae7" />
    <UnitTestResult executionId="4299c7f5-9de3-4d83-88cc-3a8fdc301e52" testId="d831c378-ca09-e46d-7e6f-c07230cf9cb7" testName="TestMethod660" computerName="SUSALUJ" duration="00:00:00.0000205" startTime="2019-07-19T15:51:23.8709968+05:30" endTime="2019-07-19T15:51:23.8709968+05:30" testType="13cdc9d9-ddb5-4fa4-a97d-d965ccfc6d4b" outcome="Passed" testListId="8c84fa94-04c1-424b-9868-57a2d4851a1d" relativeResultsDirectory="4299c7f5-9de3-4d83-88cc-3a8fdc301e52" />
    <UnitTestResult executionId="347c670f-00c1-458d-b271-12ad6ae5c50e" testId="87c35dc4-1dec-41d8-5129-a1212e925b71" testName="TestMethod935" computerName="SUSALUJ" duration="00:00:00.0077536" startTime="2019-07-19T15:51:23.5569945+05:30" endTime="2019-07-19T15:51:23.7629942+05:30" testType="13cdc9d9-ddb5-4fa4-a97d-d965ccfc6d4b" outcome="Passed" testListId="8c84fa94-04c1-424b-9868-57a2d4851a1d" relativeResultsDirectory="347c670f-00c1-458d-b271-12ad6ae5c50e" />
    <UnitTestResult executionId="2e17e123-71cc-45b2-8073-9b3bc23ae17b" testId="f35ba837-efe1-7ec1-1386-e691929b7f10" testName="TestMethod455" computerName="SUSALUJ" duration="00:00:00.0000195" startTime="2019-07-19T15:51:23.9019942+05:30" endTime="2019-07-19T15:51:23.9019942+05:30" testType="13cdc9d9-ddb5-4fa4-a97d-d965ccfc6d4b" outcome="Passed" testListId="8c84fa94-04c1-424b-9868-57a2d4851a1d" relativeResultsDirectory="2e17e123-71cc-45b2-8073-9b3bc23ae17b" />
    <UnitTestResult executionId="f6416830-2ebd-4f33-a13c-0ff2a2bcb663" testId="4449e191-70b4-e000-84a6-94e96fdd564e" testName="TestMethod113" computerName="SUSALUJ" duration="00:00:00.0000285" startTime="2019-07-19T15:51:24.0049990+05:30" endTime="2019-07-19T15:51:24.0059963+05:30" testType="13cdc9d9-ddb5-4fa4-a97d-d965ccfc6d4b" outcome="Passed" testListId="8c84fa94-04c1-424b-9868-57a2d4851a1d" relativeResultsDirectory="f6416830-2ebd-4f33-a13c-0ff2a2bcb663" />
    <UnitTestResult executionId="6e9c03a3-7022-4ee0-991b-d11f1a358a39" testId="95f37e0d-4421-eb92-84f4-747fa8803b39" testName="TestMethod385" computerName="SUSALUJ" duration="00:00:00.0000212" startTime="2019-07-19T15:51:23.9269954+05:30" endTime="2019-07-19T15:51:23.9269954+05:30" testType="13cdc9d9-ddb5-4fa4-a97d-d965ccfc6d4b" outcome="Passed" testListId="8c84fa94-04c1-424b-9868-57a2d4851a1d" relativeResultsDirectory="6e9c03a3-7022-4ee0-991b-d11f1a358a39" />
    <UnitTestResult executionId="3240e620-b25b-4373-8071-e54a5cd39c97" testId="7e4b0130-3a47-bdd6-28f2-3c764416fcdd" testName="TestMethod474" computerName="SUSALUJ" duration="00:00:00.0000261" startTime="2019-07-19T15:51:23.9059938+05:30" endTime="2019-07-19T15:51:23.9069937+05:30" testType="13cdc9d9-ddb5-4fa4-a97d-d965ccfc6d4b" outcome="Passed" testListId="8c84fa94-04c1-424b-9868-57a2d4851a1d" relativeResultsDirectory="3240e620-b25b-4373-8071-e54a5cd39c97" />
    <UnitTestResult executionId="47e3c8d6-8cfb-4546-bbac-34dec238b1a7" testId="fe4f30bc-1fdf-6114-5b9c-983da7a4cd3b" testName="TestMethod390" computerName="SUSALUJ" duration="00:00:00.0000388" startTime="2019-07-19T15:51:23.9290013+05:30" endTime="2019-07-19T15:51:23.9290013+05:30" testType="13cdc9d9-ddb5-4fa4-a97d-d965ccfc6d4b" outcome="Passed" testListId="8c84fa94-04c1-424b-9868-57a2d4851a1d" relativeResultsDirectory="47e3c8d6-8cfb-4546-bbac-34dec238b1a7" />
    <UnitTestResult executionId="c94e3952-131c-402e-9145-e27dfde7fc8a" testId="879645bc-7ba2-6487-189b-4a1984172c5b" testName="TestMethod4" computerName="SUSALUJ" duration="00:00:00.0004901" startTime="2019-07-19T15:51:24.1259956+05:30" endTime="2019-07-19T15:51:24.1259956+05:30" testType="13cdc9d9-ddb5-4fa4-a97d-d965ccfc6d4b" outcome="Failed" testListId="8c84fa94-04c1-424b-9868-57a2d4851a1d" relativeResultsDirectory="c94e3952-131c-402e-9145-e27dfde7fc8a">
      <Output>
        <ErrorInfo>
          <Message>Assert.AreEqual failed. Expected:&lt;2&gt;. Actual:&lt;4&gt;. </Message>
          <StackTrace>   at TestProjectWON.UnitTest1.TestMethod4() in C:\agent\_work\8\s\TestProjectWON\UnitTest1.cs:line 33&#xD;
</StackTrace>
        </ErrorInfo>
      </Output>
    </UnitTestResult>
    <UnitTestResult executionId="b7836f4d-3543-4f23-8ea3-19253fc46371" testId="c2c97375-6246-5409-a138-e7645e42665c" testName="TestMethod167" computerName="SUSALUJ" duration="00:00:00.0000281" startTime="2019-07-19T15:51:24.0239947+05:30" endTime="2019-07-19T15:51:24.0239947+05:30" testType="13cdc9d9-ddb5-4fa4-a97d-d965ccfc6d4b" outcome="Passed" testListId="8c84fa94-04c1-424b-9868-57a2d4851a1d" relativeResultsDirectory="b7836f4d-3543-4f23-8ea3-19253fc46371" />
    <UnitTestResult executionId="8313c1c6-a5b3-4dde-a6bc-1c0a8797e0b0" testId="bfd7deee-8d8a-49cb-439a-536734f1e2b2" testName="TestMethod322" computerName="SUSALUJ" duration="00:00:00.0000421" startTime="2019-07-19T15:51:23.9669973+05:30" endTime="2019-07-19T15:51:23.9679952+05:30" testType="13cdc9d9-ddb5-4fa4-a97d-d965ccfc6d4b" outcome="Passed" testListId="8c84fa94-04c1-424b-9868-57a2d4851a1d" relativeResultsDirectory="8313c1c6-a5b3-4dde-a6bc-1c0a8797e0b0" />
    <UnitTestResult executionId="4d820f93-6eb5-4e44-a0d3-aeffad623d41" testId="ba4e580a-84f0-9053-49d9-1cd64ca7177c" testName="TestMethod23" computerName="SUSALUJ" duration="00:00:00.0012460" startTime="2019-07-19T15:51:24.1479955+05:30" endTime="2019-07-19T15:51:24.1489985+05:30" testType="13cdc9d9-ddb5-4fa4-a97d-d965ccfc6d4b" outcome="Failed" testListId="8c84fa94-04c1-424b-9868-57a2d4851a1d" relativeResultsDirectory="4d820f93-6eb5-4e44-a0d3-aeffad623d41">
      <Output>
        <ErrorInfo>
          <Message>Assert.AreEqual failed. Expected:&lt;2&gt;. Actual:&lt;4&gt;. </Message>
          <StackTrace>   at TestProjectWON.UnitTest1.TestMethod23() in C:\agent\_work\8\s\TestProjectWON\UnitTest1.cs:line 128&#xD;
</StackTrace>
        </ErrorInfo>
      </Output>
    </UnitTestResult>
    <UnitTestResult executionId="805b2375-977d-4d39-b790-f38a3b29774f" testId="6d6df8c4-026d-d6b4-a18d-53a88f110858" testName="TestMethod557" computerName="SUSALUJ" duration="00:00:00.0000209" startTime="2019-07-19T15:51:23.8889950+05:30" endTime="2019-07-19T15:51:23.8899947+05:30" testType="13cdc9d9-ddb5-4fa4-a97d-d965ccfc6d4b" outcome="Passed" testListId="8c84fa94-04c1-424b-9868-57a2d4851a1d" relativeResultsDirectory="805b2375-977d-4d39-b790-f38a3b29774f" />
    <UnitTestResult executionId="4939b2a9-1d21-4a89-8b37-0e507f54eee7" testId="8d4113a8-c995-6e6e-f85e-33d277ba5ae2" testName="TestMethod467" computerName="SUSALUJ" duration="00:00:00.0000332" startTime="2019-07-19T15:51:23.9049936+05:30" endTime="2019-07-19T15:51:23.9049936+05:30" testType="13cdc9d9-ddb5-4fa4-a97d-d965ccfc6d4b" outcome="Passed" testListId="8c84fa94-04c1-424b-9868-57a2d4851a1d" relativeResultsDirectory="4939b2a9-1d21-4a89-8b37-0e507f54eee7" />
    <UnitTestResult executionId="2932cc65-27c5-4f40-ae02-e149c563bc50" testId="b394acf1-eba7-4720-facf-d76aee72517f" testName="TestMethod990" computerName="SUSALUJ" duration="00:00:00.0000304" startTime="2019-07-19T15:51:23.7899951+05:30" endTime="2019-07-19T15:51:23.7899951+05:30" testType="13cdc9d9-ddb5-4fa4-a97d-d965ccfc6d4b" outcome="Passed" testListId="8c84fa94-04c1-424b-9868-57a2d4851a1d" relativeResultsDirectory="2932cc65-27c5-4f40-ae02-e149c563bc50" />
    <UnitTestResult executionId="405bd667-9cdd-4c71-9293-fd1ee68a4c0d" testId="f0940c99-0c6a-0c0e-3491-b1b7a569c823" testName="TestMethod901" computerName="SUSALUJ" duration="00:00:00.0000538" startTime="2019-07-19T15:51:23.8079969+05:30" endTime="2019-07-19T15:51:23.8079969+05:30" testType="13cdc9d9-ddb5-4fa4-a97d-d965ccfc6d4b" outcome="Passed" testListId="8c84fa94-04c1-424b-9868-57a2d4851a1d" relativeResultsDirectory="405bd667-9cdd-4c71-9293-fd1ee68a4c0d" />
    <UnitTestResult executionId="42dde540-e533-4155-af58-a5ef782388e6" testId="7654d653-b2e8-2a33-6fe0-b9e2fb1fee0e" testName="TestMethod828" computerName="SUSALUJ" duration="00:00:00.0000323" startTime="2019-07-19T15:51:23.8359946+05:30" endTime="2019-07-19T15:51:23.8359946+05:30" testType="13cdc9d9-ddb5-4fa4-a97d-d965ccfc6d4b" outcome="Passed" testListId="8c84fa94-04c1-424b-9868-57a2d4851a1d" relativeResultsDirectory="42dde540-e533-4155-af58-a5ef782388e6" />
    <UnitTestResult executionId="24407008-8f90-4edc-a945-9f57664aece4" testId="0c7ef904-cfe7-9cf8-72d5-ccec5e30c41d" testName="TestMethod196" computerName="SUSALUJ" duration="00:00:00.0000216" startTime="2019-07-19T15:51:23.9809958+05:30" endTime="2019-07-19T15:51:23.9819951+05:30" testType="13cdc9d9-ddb5-4fa4-a97d-d965ccfc6d4b" outcome="Passed" testListId="8c84fa94-04c1-424b-9868-57a2d4851a1d" relativeResultsDirectory="24407008-8f90-4edc-a945-9f57664aece4" />
    <UnitTestResult executionId="e3dc6303-23ea-4010-a5d1-570ff1ff22b7" testId="f7c00f1c-dce6-4692-1330-b06238af2fde" testName="TestMethod355" computerName="SUSALUJ" duration="00:00:00.0000334" startTime="2019-07-19T15:51:23.9199955+05:30" endTime="2019-07-19T15:51:23.9199955+05:30" testType="13cdc9d9-ddb5-4fa4-a97d-d965ccfc6d4b" outcome="Passed" testListId="8c84fa94-04c1-424b-9868-57a2d4851a1d" relativeResultsDirectory="e3dc6303-23ea-4010-a5d1-570ff1ff22b7" />
    <UnitTestResult executionId="62394d2f-c1bd-4751-ab50-fb724b5f85e2" testId="68ef7666-6082-b0c0-c4a5-34ac3dd8a4bf" testName="TestMethod595" computerName="SUSALUJ" duration="00:00:00.0000214" startTime="2019-07-19T15:51:23.8579946+05:30" endTime="2019-07-19T15:51:23.8579946+05:30" testType="13cdc9d9-ddb5-4fa4-a97d-d965ccfc6d4b" outcome="Passed" testListId="8c84fa94-04c1-424b-9868-57a2d4851a1d" relativeResultsDirectory="62394d2f-c1bd-4751-ab50-fb724b5f85e2" />
    <UnitTestResult executionId="667f9a1f-754d-4230-95f8-189e17602f14" testId="dac9cf96-2207-6437-725b-7305466a449b" testName="TestMethod648" computerName="SUSALUJ" duration="00:00:00.0000224" startTime="2019-07-19T15:51:23.8679961+05:30" endTime="2019-07-19T15:51:23.8689957+05:30" testType="13cdc9d9-ddb5-4fa4-a97d-d965ccfc6d4b" outcome="Passed" testListId="8c84fa94-04c1-424b-9868-57a2d4851a1d" relativeResultsDirectory="667f9a1f-754d-4230-95f8-189e17602f14" />
    <UnitTestResult executionId="7a2ba18f-77ff-42e8-8193-18c172c9bb50" testId="eab1eb37-593d-4815-e3d4-550d56424bbd" testName="TestMethod164" computerName="SUSALUJ" duration="00:00:00.0004395" startTime="2019-07-19T15:51:24.0219978+05:30" endTime="2019-07-19T15:51:24.0229952+05:30" testType="13cdc9d9-ddb5-4fa4-a97d-d965ccfc6d4b" outcome="Passed" testListId="8c84fa94-04c1-424b-9868-57a2d4851a1d" relativeResultsDirectory="7a2ba18f-77ff-42e8-8193-18c172c9bb50" />
    <UnitTestResult executionId="1e8ccb58-8869-4b8f-bf52-44452efa065e" testId="fce2a897-5391-c680-2ec1-eccdd47b8b22" testName="TestMethod376" computerName="SUSALUJ" duration="00:00:00.0000199" startTime="2019-07-19T15:51:23.9249946+05:30" endTime="2019-07-19T15:51:23.9249946+05:30" testType="13cdc9d9-ddb5-4fa4-a97d-d965ccfc6d4b" outcome="Passed" testListId="8c84fa94-04c1-424b-9868-57a2d4851a1d" relativeResultsDirectory="1e8ccb58-8869-4b8f-bf52-44452efa065e" />
    <UnitTestResult executionId="7f9865a2-d880-4a45-8f28-957b94fb40dd" testId="2144b94f-1882-297c-7cb6-058dca001fe7" testName="TestMethod588" computerName="SUSALUJ" duration="00:00:00.0000212" startTime="2019-07-19T15:51:23.8949967+05:30" endTime="2019-07-19T15:51:23.8949967+05:30" testType="13cdc9d9-ddb5-4fa4-a97d-d965ccfc6d4b" outcome="Passed" testListId="8c84fa94-04c1-424b-9868-57a2d4851a1d" relativeResultsDirectory="7f9865a2-d880-4a45-8f28-957b94fb40dd" />
    <UnitTestResult executionId="5ec04f35-45c0-4b19-9530-5961bd41dce1" testId="5a1f778d-9eaf-3b6c-d647-c4ac0ef32928" testName="TestMethod531" computerName="SUSALUJ" duration="00:00:00.0000207" startTime="2019-07-19T15:51:23.8849946+05:30" endTime="2019-07-19T15:51:23.8849946+05:30" testType="13cdc9d9-ddb5-4fa4-a97d-d965ccfc6d4b" outcome="Passed" testListId="8c84fa94-04c1-424b-9868-57a2d4851a1d" relativeResultsDirectory="5ec04f35-45c0-4b19-9530-5961bd41dce1" />
    <UnitTestResult executionId="48080218-550b-47b4-9c40-18e3ce3f1a98" testId="65a34207-9861-c25d-baf5-138e5797b103" testName="TestMethod297" computerName="SUSALUJ" duration="00:00:00.0000367" startTime="2019-07-19T15:51:23.9589980+05:30" endTime="2019-07-19T15:51:23.9589980+05:30" testType="13cdc9d9-ddb5-4fa4-a97d-d965ccfc6d4b" outcome="Passed" testListId="8c84fa94-04c1-424b-9868-57a2d4851a1d" relativeResultsDirectory="48080218-550b-47b4-9c40-18e3ce3f1a98" />
    <UnitTestResult executionId="ff896209-90e8-4559-95f5-8073d4267c2a" testId="7a596ad5-bb27-16dd-af50-897d939e5f05" testName="TestMethod510" computerName="SUSALUJ" duration="00:00:00.0000234" startTime="2019-07-19T15:51:23.8749954+05:30" endTime="2019-07-19T15:51:23.8749954+05:30" testType="13cdc9d9-ddb5-4fa4-a97d-d965ccfc6d4b" outcome="Passed" testListId="8c84fa94-04c1-424b-9868-57a2d4851a1d" relativeResultsDirectory="ff896209-90e8-4559-95f5-8073d4267c2a" />
    <UnitTestResult executionId="24cceb44-7eba-4a8e-9ef8-3b8129374819" testId="ea2d73f3-a9d0-7384-d8f2-f33a4cf80de9" testName="TestMethod829" computerName="SUSALUJ" duration="00:00:00.0000362" startTime="2019-07-19T15:51:23.8369942+05:30" endTime="2019-07-19T15:51:23.8369942+05:30" testType="13cdc9d9-ddb5-4fa4-a97d-d965ccfc6d4b" outcome="Passed" testListId="8c84fa94-04c1-424b-9868-57a2d4851a1d" relativeResultsDirectory="24cceb44-7eba-4a8e-9ef8-3b8129374819" />
    <UnitTestResult executionId="03f6ae50-4e14-4251-95ce-6b91369c2e1d" testId="6747aa99-e76b-04cc-159a-1c7e34e38eb1" testName="TestMethod205" computerName="SUSALUJ" duration="00:00:00.0000345" startTime="2019-07-19T15:51:23.9829939+05:30" endTime="2019-07-19T15:51:23.9829939+05:30" testType="13cdc9d9-ddb5-4fa4-a97d-d965ccfc6d4b" outcome="Passed" testListId="8c84fa94-04c1-424b-9868-57a2d4851a1d" relativeResultsDirectory="03f6ae50-4e14-4251-95ce-6b91369c2e1d" />
    <UnitTestResult executionId="8e9ee258-9358-4e4f-8698-24872a83667b" testId="99d16e8a-e6b9-9a08-7ee8-72896d051bf8" testName="TestMethod279" computerName="SUSALUJ" duration="00:00:00.0000287" startTime="2019-07-19T15:51:23.9519974+05:30" endTime="2019-07-19T15:51:23.9529949+05:30" testType="13cdc9d9-ddb5-4fa4-a97d-d965ccfc6d4b" outcome="Passed" testListId="8c84fa94-04c1-424b-9868-57a2d4851a1d" relativeResultsDirectory="8e9ee258-9358-4e4f-8698-24872a83667b" />
    <UnitTestResult executionId="7541d269-7af5-45e0-bde3-1b0d9fab8442" testId="a35c942d-6895-a795-6eca-0a93ecbe39ce" testName="TestMethod882" computerName="SUSALUJ" duration="00:00:00.0000564" startTime="2019-07-19T15:51:23.8029962+05:30" endTime="2019-07-19T15:51:23.8029962+05:30" testType="13cdc9d9-ddb5-4fa4-a97d-d965ccfc6d4b" outcome="Passed" testListId="8c84fa94-04c1-424b-9868-57a2d4851a1d" relativeResultsDirectory="7541d269-7af5-45e0-bde3-1b0d9fab8442" />
    <UnitTestResult executionId="518eca5a-5388-4e93-960f-b7ddec08cdf4" testId="a5c9b3e0-5a9d-e34f-5e7a-81a74220a989" testName="TestMethod541" computerName="SUSALUJ" duration="00:00:00.0000206" startTime="2019-07-19T15:51:23.8869948+05:30" endTime="2019-07-19T15:51:23.8869948+05:30" testType="13cdc9d9-ddb5-4fa4-a97d-d965ccfc6d4b" outcome="Passed" testListId="8c84fa94-04c1-424b-9868-57a2d4851a1d" relativeResultsDirectory="518eca5a-5388-4e93-960f-b7ddec08cdf4" />
    <UnitTestResult executionId="2b042c96-7af9-47c9-8f2c-71a2ec78f579" testId="09199f50-edc9-3829-f4fa-397ae8153249" testName="TestMethod315" computerName="SUSALUJ" duration="00:00:00.0000301" startTime="2019-07-19T15:51:23.9649972+05:30" endTime="2019-07-19T15:51:23.9660024+05:30" testType="13cdc9d9-ddb5-4fa4-a97d-d965ccfc6d4b" outcome="Passed" testListId="8c84fa94-04c1-424b-9868-57a2d4851a1d" relativeResultsDirectory="2b042c96-7af9-47c9-8f2c-71a2ec78f579" />
    <UnitTestResult executionId="20454114-bfb9-4a00-bfc7-b946f0c49999" testId="dc3a70da-f04f-7f1e-e69e-616f266eb569" testName="TestMethod410" computerName="SUSALUJ" duration="00:00:00.0000384" startTime="2019-07-19T15:51:23.9359975+05:30" endTime="2019-07-19T15:51:23.9359975+05:30" testType="13cdc9d9-ddb5-4fa4-a97d-d965ccfc6d4b" outcome="Passed" testListId="8c84fa94-04c1-424b-9868-57a2d4851a1d" relativeResultsDirectory="20454114-bfb9-4a00-bfc7-b946f0c49999" />
    <UnitTestResult executionId="8ec0cbc1-6305-4282-8ec3-0305e2e16a87" testId="12cada9a-8630-cfe1-1b0a-b85143964cd4" testName="TestMethod231" computerName="SUSALUJ" duration="00:00:00.0000434" startTime="2019-07-19T15:51:23.9909971+05:30" endTime="2019-07-19T15:51:23.9919984+05:30" testType="13cdc9d9-ddb5-4fa4-a97d-d965ccfc6d4b" outcome="Passed" testListId="8c84fa94-04c1-424b-9868-57a2d4851a1d" relativeResultsDirectory="8ec0cbc1-6305-4282-8ec3-0305e2e16a87" />
    <UnitTestResult executionId="942b70b8-6995-45f1-946e-d432e89c5e6a" testId="a29875b6-465a-5ba8-9083-a44c6c1d15e3" testName="TestMethod606" computerName="SUSALUJ" duration="00:00:00.0000219" startTime="2019-07-19T15:51:23.8599940+05:30" endTime="2019-07-19T15:51:23.8599940+05:30" testType="13cdc9d9-ddb5-4fa4-a97d-d965ccfc6d4b" outcome="Passed" testListId="8c84fa94-04c1-424b-9868-57a2d4851a1d" relativeResultsDirectory="942b70b8-6995-45f1-946e-d432e89c5e6a" />
    <UnitTestResult executionId="bea03d42-f1c4-4b75-929b-ef1fa185fec3" testId="506498db-f38a-3595-db9e-8fd38f07948e" testName="TestMethod465" computerName="SUSALUJ" duration="00:00:00.0000350" startTime="2019-07-19T15:51:23.9039942+05:30" endTime="2019-07-19T15:51:23.9049936+05:30" testType="13cdc9d9-ddb5-4fa4-a97d-d965ccfc6d4b" outcome="Passed" testListId="8c84fa94-04c1-424b-9868-57a2d4851a1d" relativeResultsDirectory="bea03d42-f1c4-4b75-929b-ef1fa185fec3" />
    <UnitTestResult executionId="01b47831-4be1-4d08-95a9-ad1e6d8b9d2b" testId="ccf30ecf-f5ae-1cef-1296-79e6c99f1c0e" testName="TestMethod357" computerName="SUSALUJ" duration="00:00:00.0000301" startTime="2019-07-19T15:51:23.9199955+05:30" endTime="2019-07-19T15:51:23.9209972+05:30" testType="13cdc9d9-ddb5-4fa4-a97d-d965ccfc6d4b" outcome="Passed" testListId="8c84fa94-04c1-424b-9868-57a2d4851a1d" relativeResultsDirectory="01b47831-4be1-4d08-95a9-ad1e6d8b9d2b" />
    <UnitTestResult executionId="a5986a3a-5ede-443e-be8b-9ea1a5b64907" testId="a281c1cf-4cbd-83fd-4875-29e6304184ce" testName="TestMethod422" computerName="SUSALUJ" duration="00:00:00.0000319" startTime="2019-07-19T15:51:23.9389977+05:30" endTime="2019-07-19T15:51:23.9389977+05:30" testType="13cdc9d9-ddb5-4fa4-a97d-d965ccfc6d4b" outcome="Passed" testListId="8c84fa94-04c1-424b-9868-57a2d4851a1d" relativeResultsDirectory="a5986a3a-5ede-443e-be8b-9ea1a5b64907" />
    <UnitTestResult executionId="4e4a708b-628b-4683-9975-7d213df6f4dd" testId="3b4cf534-b501-3aeb-a08b-237bd2afc4a1" testName="TestMethod330" computerName="SUSALUJ" duration="00:00:00.0000203" startTime="2019-07-19T15:51:23.9699957+05:30" endTime="2019-07-19T15:51:23.9699957+05:30" testType="13cdc9d9-ddb5-4fa4-a97d-d965ccfc6d4b" outcome="Passed" testListId="8c84fa94-04c1-424b-9868-57a2d4851a1d" relativeResultsDirectory="4e4a708b-628b-4683-9975-7d213df6f4dd" />
    <UnitTestResult executionId="2b4f90f2-6c90-4dac-b949-bfcf5042113d" testId="fbe6f14a-920d-212b-2c0d-2fe400560540" testName="TestMethod906" computerName="SUSALUJ" duration="00:00:00.0000376" startTime="2019-07-19T15:51:23.8089957+05:30" endTime="2019-07-19T15:51:23.8089957+05:30" testType="13cdc9d9-ddb5-4fa4-a97d-d965ccfc6d4b" outcome="Passed" testListId="8c84fa94-04c1-424b-9868-57a2d4851a1d" relativeResultsDirectory="2b4f90f2-6c90-4dac-b949-bfcf5042113d" />
    <UnitTestResult executionId="dfb4cfe1-e1c1-4f39-92b4-66951bcc7284" testId="12cd2caf-a4f5-514c-d102-b8f1d0673990" testName="TestMethod92" computerName="SUSALUJ" duration="00:00:00.0000364" startTime="2019-07-19T15:51:23.9999977+05:30" endTime="2019-07-19T15:51:23.9999977+05:30" testType="13cdc9d9-ddb5-4fa4-a97d-d965ccfc6d4b" outcome="Passed" testListId="8c84fa94-04c1-424b-9868-57a2d4851a1d" relativeResultsDirectory="dfb4cfe1-e1c1-4f39-92b4-66951bcc7284" />
    <UnitTestResult executionId="3ea3cfab-c48d-4419-95f4-484f3fc873b0" testId="33784fe3-713b-7ad4-4cf2-31baa1dca2e1" testName="TestMethod228" computerName="SUSALUJ" duration="00:00:00.0000373" startTime="2019-07-19T15:51:23.9909971+05:30" endTime="2019-07-19T15:51:23.9909971+05:30" testType="13cdc9d9-ddb5-4fa4-a97d-d965ccfc6d4b" outcome="Passed" testListId="8c84fa94-04c1-424b-9868-57a2d4851a1d" relativeResultsDirectory="3ea3cfab-c48d-4419-95f4-484f3fc873b0" />
    <UnitTestResult executionId="8ad00031-3b23-4702-8e81-b18ab0b93b5e" testId="f4a374c3-e0ad-712b-b4bf-3aff2797104a" testName="TestMethod332" computerName="SUSALUJ" duration="00:00:00.0000196" startTime="2019-07-19T15:51:23.9699957+05:30" endTime="2019-07-19T15:51:23.9699957+05:30" testType="13cdc9d9-ddb5-4fa4-a97d-d965ccfc6d4b" outcome="Passed" testListId="8c84fa94-04c1-424b-9868-57a2d4851a1d" relativeResultsDirectory="8ad00031-3b23-4702-8e81-b18ab0b93b5e" />
    <UnitTestResult executionId="731b533e-8fcc-498b-a345-3f4c5245dabd" testId="a0145b80-6789-862a-415b-6104d0c075a0" testName="TestMethod478" computerName="SUSALUJ" duration="00:00:00.0000197" startTime="2019-07-19T15:51:23.9069937+05:30" endTime="2019-07-19T15:51:23.9069937+05:30" testType="13cdc9d9-ddb5-4fa4-a97d-d965ccfc6d4b" outcome="Passed" testListId="8c84fa94-04c1-424b-9868-57a2d4851a1d" relativeResultsDirectory="731b533e-8fcc-498b-a345-3f4c5245dabd" />
    <UnitTestResult executionId="755dba6f-b95c-415d-9e46-398e3d895f71" testId="9b757f88-a3c7-150e-d2d4-f6a632127186" testName="TestMethod802" computerName="SUSALUJ" duration="00:00:00.0000395" startTime="2019-07-19T15:51:23.8309967+05:30" endTime="2019-07-19T15:51:23.8309967+05:30" testType="13cdc9d9-ddb5-4fa4-a97d-d965ccfc6d4b" outcome="Passed" testListId="8c84fa94-04c1-424b-9868-57a2d4851a1d" relativeResultsDirectory="755dba6f-b95c-415d-9e46-398e3d895f71" />
    <UnitTestResult executionId="7a918888-6e64-4f2e-b1c3-bd042dae5583" testId="4687fcac-499b-9866-4bc9-bb6b4b792979" testName="TestMethod69" computerName="SUSALUJ" duration="00:00:00.0000255" startTime="2019-07-19T15:51:24.1839963+05:30" endTime="2019-07-19T15:51:24.1839963+05:30" testType="13cdc9d9-ddb5-4fa4-a97d-d965ccfc6d4b" outcome="Passed" testListId="8c84fa94-04c1-424b-9868-57a2d4851a1d" relativeResultsDirectory="7a918888-6e64-4f2e-b1c3-bd042dae5583" />
    <UnitTestResult executionId="bcad3065-bc62-4c73-98f1-c258ceb36542" testId="f027542b-7237-5cf5-165d-6233bb3872c5" testName="TestMethod313" computerName="SUSALUJ" duration="00:00:00.0000475" startTime="2019-07-19T15:51:23.9639978+05:30" endTime="2019-07-19T15:51:23.9639978+05:30" testType="13cdc9d9-ddb5-4fa4-a97d-d965ccfc6d4b" outcome="Passed" testListId="8c84fa94-04c1-424b-9868-57a2d4851a1d" relativeResultsDirectory="bcad3065-bc62-4c73-98f1-c258ceb36542" />
    <UnitTestResult executionId="146b8260-9f62-4796-a856-1b8036f450dc" testId="e6196d6f-df08-6059-bad4-cec736d80078" testName="TestMethod292" computerName="SUSALUJ" duration="00:00:00.0000413" startTime="2019-07-19T15:51:23.9559955+05:30" endTime="2019-07-19T15:51:23.9559955+05:30" testType="13cdc9d9-ddb5-4fa4-a97d-d965ccfc6d4b" outcome="Passed" testListId="8c84fa94-04c1-424b-9868-57a2d4851a1d" relativeResultsDirectory="146b8260-9f62-4796-a856-1b8036f450dc" />
    <UnitTestResult executionId="0886e225-7e85-4e3c-b8aa-550a17c9b386" testId="bd2143a5-6659-cd71-7e42-8c05bb631335" testName="TestMethod8" computerName="SUSALUJ" duration="00:00:00.0005168" startTime="2019-07-19T15:51:24.1309944+05:30" endTime="2019-07-19T15:51:24.1309944+05:30" testType="13cdc9d9-ddb5-4fa4-a97d-d965ccfc6d4b" outcome="Failed" testListId="8c84fa94-04c1-424b-9868-57a2d4851a1d" relativeResultsDirectory="0886e225-7e85-4e3c-b8aa-550a17c9b386">
      <Output>
        <ErrorInfo>
          <Message>Assert.AreEqual failed. Expected:&lt;2&gt;. Actual:&lt;4&gt;. </Message>
          <StackTrace>   at TestProjectWON.UnitTest1.TestMethod8() in C:\agent\_work\8\s\TestProjectWON\UnitTest1.cs:line 53&#xD;
</StackTrace>
        </ErrorInfo>
      </Output>
    </UnitTestResult>
    <UnitTestResult executionId="ad60f2a8-4549-4c1f-aab6-6e813b171121" testId="76b0051c-d669-07e5-e3f7-8259ed5aba13" testName="TestMethod563" computerName="SUSALUJ" duration="00:00:00.0000198" startTime="2019-07-19T15:51:23.8899947+05:30" endTime="2019-07-19T15:51:23.8899947+05:30" testType="13cdc9d9-ddb5-4fa4-a97d-d965ccfc6d4b" outcome="Passed" testListId="8c84fa94-04c1-424b-9868-57a2d4851a1d" relativeResultsDirectory="ad60f2a8-4549-4c1f-aab6-6e813b171121" />
    <UnitTestResult executionId="7dce1e92-d976-477f-a336-10450d204c51" testId="733bba28-25fb-6fce-b007-e45f68595c31" testName="TestMethod619" computerName="SUSALUJ" duration="00:00:00.0000461" startTime="2019-07-19T15:51:23.8619934+05:30" endTime="2019-07-19T15:51:23.8629959+05:30" testType="13cdc9d9-ddb5-4fa4-a97d-d965ccfc6d4b" outcome="Passed" testListId="8c84fa94-04c1-424b-9868-57a2d4851a1d" relativeResultsDirectory="7dce1e92-d976-477f-a336-10450d204c51" />
    <UnitTestResult executionId="fd97f2f6-8b12-482a-9955-d2f80cc17a46" testId="09c11b88-830b-92b1-439a-8f7be73623ef" testName="TestMethod405" computerName="SUSALUJ" duration="00:00:00.0000337" startTime="2019-07-19T15:51:23.9339959+05:30" endTime="2019-07-19T15:51:23.9339959+05:30" testType="13cdc9d9-ddb5-4fa4-a97d-d965ccfc6d4b" outcome="Passed" testListId="8c84fa94-04c1-424b-9868-57a2d4851a1d" relativeResultsDirectory="fd97f2f6-8b12-482a-9955-d2f80cc17a46" />
    <UnitTestResult executionId="d2b05fbf-fcf0-4b99-9434-c191cd239270" testId="d2ea0520-f253-3dec-c890-60a5f8aea28d" testName="TestMethod696" computerName="SUSALUJ" duration="00:00:00.0000376" startTime="2019-07-19T15:51:23.8449973+05:30" endTime="2019-07-19T15:51:23.8449973+05:30" testType="13cdc9d9-ddb5-4fa4-a97d-d965ccfc6d4b" outcome="Passed" testListId="8c84fa94-04c1-424b-9868-57a2d4851a1d" relativeResultsDirectory="d2b05fbf-fcf0-4b99-9434-c191cd239270" />
    <UnitTestResult executionId="4fcde4da-e555-4202-b35c-b55ec057600b" testId="70353261-d671-838d-c783-4f34d69baa4b" testName="TestMethod848" computerName="SUSALUJ" duration="00:00:00.0000492" startTime="2019-07-19T15:51:23.8399946+05:30" endTime="2019-07-19T15:51:23.8409943+05:30" testType="13cdc9d9-ddb5-4fa4-a97d-d965ccfc6d4b" outcome="Passed" testListId="8c84fa94-04c1-424b-9868-57a2d4851a1d" relativeResultsDirectory="4fcde4da-e555-4202-b35c-b55ec057600b" />
    <UnitTestResult executionId="2219c95f-0e75-410c-95d9-a7ffc7f86b17" testId="77a26110-9ad0-fe47-cc4e-5b334878955d" testName="TestMethod179" computerName="SUSALUJ" duration="00:00:00.0000415" startTime="2019-07-19T15:51:23.9769972+05:30" endTime="2019-07-19T15:51:23.9779969+05:30" testType="13cdc9d9-ddb5-4fa4-a97d-d965ccfc6d4b" outcome="Passed" testListId="8c84fa94-04c1-424b-9868-57a2d4851a1d" relativeResultsDirectory="2219c95f-0e75-410c-95d9-a7ffc7f86b17" />
    <UnitTestResult executionId="48f49320-6573-4027-b6fb-1a25e443a141" testId="0119a4b7-c187-9828-e5a7-c1167f73bb3d" testName="TestMethod934" computerName="SUSALUJ" duration="00:00:00.0000383" startTime="2019-07-19T15:51:23.8149966+05:30" endTime="2019-07-19T15:51:23.8149966+05:30" testType="13cdc9d9-ddb5-4fa4-a97d-d965ccfc6d4b" outcome="Passed" testListId="8c84fa94-04c1-424b-9868-57a2d4851a1d" relativeResultsDirectory="48f49320-6573-4027-b6fb-1a25e443a141" />
    <UnitTestResult executionId="8ffda7f5-f48a-4497-8a79-04238e338cd9" testId="affd5ea3-914c-9d42-3ab9-63fa69ffb17f" testName="TestMethod394" computerName="SUSALUJ" duration="00:00:00.0000335" startTime="2019-07-19T15:51:23.9299976+05:30" endTime="2019-07-19T15:51:23.9299976+05:30" testType="13cdc9d9-ddb5-4fa4-a97d-d965ccfc6d4b" outcome="Passed" testListId="8c84fa94-04c1-424b-9868-57a2d4851a1d" relativeResultsDirectory="8ffda7f5-f48a-4497-8a79-04238e338cd9" />
    <UnitTestResult executionId="81b43531-4873-4ef1-b498-0f4ae1bfe198" testId="99810a87-796c-4865-d728-3fe7ca04a062" testName="TestMethod874" computerName="SUSALUJ" duration="00:00:00.0000586" startTime="2019-07-19T15:51:23.7999948+05:30" endTime="2019-07-19T15:51:23.7999948+05:30" testType="13cdc9d9-ddb5-4fa4-a97d-d965ccfc6d4b" outcome="Passed" testListId="8c84fa94-04c1-424b-9868-57a2d4851a1d" relativeResultsDirectory="81b43531-4873-4ef1-b498-0f4ae1bfe198" />
    <UnitTestResult executionId="fb926204-858d-45fe-b1ec-fae217e2f76f" testId="402aee7d-0b84-e21f-0c90-838bca626563" testName="TestMethod442" computerName="SUSALUJ" duration="00:00:00.0003799" startTime="2019-07-19T15:51:23.8989943+05:30" endTime="2019-07-19T15:51:23.8999943+05:30" testType="13cdc9d9-ddb5-4fa4-a97d-d965ccfc6d4b" outcome="Passed" testListId="8c84fa94-04c1-424b-9868-57a2d4851a1d" relativeResultsDirectory="fb926204-858d-45fe-b1ec-fae217e2f76f" />
    <UnitTestResult executionId="dc819ae7-dc20-4a16-9020-9375b2d7d317" testId="cf0a29fe-1cc3-8d11-3f49-4cd9fbcd6ec4" testName="TestMethod90" computerName="SUSALUJ" duration="00:00:00.0000197" startTime="2019-07-19T15:51:23.9989938+05:30" endTime="2019-07-19T15:51:23.9989938+05:30" testType="13cdc9d9-ddb5-4fa4-a97d-d965ccfc6d4b" outcome="Passed" testListId="8c84fa94-04c1-424b-9868-57a2d4851a1d" relativeResultsDirectory="dc819ae7-dc20-4a16-9020-9375b2d7d317" />
    <UnitTestResult executionId="204a0bde-4e34-4567-a4b6-de8a29634be9" testId="68809a73-9e02-b8d1-f87e-3e077b1cf1ba" testName="TestMethod93" computerName="SUSALUJ" duration="00:00:00.0000358" startTime="2019-07-19T15:51:23.9999977+05:30" endTime="2019-07-19T15:51:23.9999977+05:30" testType="13cdc9d9-ddb5-4fa4-a97d-d965ccfc6d4b" outcome="Passed" testListId="8c84fa94-04c1-424b-9868-57a2d4851a1d" relativeResultsDirectory="204a0bde-4e34-4567-a4b6-de8a29634be9" />
    <UnitTestResult executionId="650119b3-6890-42c3-9645-650c3074144e" testId="8fbca525-7327-91f7-9b94-6e321e0776bf" testName="TestMethod814" computerName="SUSALUJ" duration="00:00:00.0000293" startTime="2019-07-19T15:51:23.8329950+05:30" endTime="2019-07-19T15:51:23.8339942+05:30" testType="13cdc9d9-ddb5-4fa4-a97d-d965ccfc6d4b" outcome="Passed" testListId="8c84fa94-04c1-424b-9868-57a2d4851a1d" relativeResultsDirectory="650119b3-6890-42c3-9645-650c3074144e" />
    <UnitTestResult executionId="0ff207ee-0341-47ee-86db-7c9fb6722080" testId="8b0d2482-3a7f-1fdf-a586-a0235ce9594d" testName="TestMethod344" computerName="SUSALUJ" duration="00:00:00.0000213" startTime="2019-07-19T15:51:23.9169989+05:30" endTime="2019-07-19T15:51:23.9169989+05:30" testType="13cdc9d9-ddb5-4fa4-a97d-d965ccfc6d4b" outcome="Passed" testListId="8c84fa94-04c1-424b-9868-57a2d4851a1d" relativeResultsDirectory="0ff207ee-0341-47ee-86db-7c9fb6722080" />
    <UnitTestResult executionId="3c6e1580-582e-4e08-9aba-5d5e2f8bad16" testId="845c1c63-7893-cef3-546d-34d2f8566810" testName="TestMethod134" computerName="SUSALUJ" duration="00:00:00.0000409" startTime="2019-07-19T15:51:24.0119963+05:30" endTime="2019-07-19T15:51:24.0119963+05:30" testType="13cdc9d9-ddb5-4fa4-a97d-d965ccfc6d4b" outcome="Passed" testListId="8c84fa94-04c1-424b-9868-57a2d4851a1d" relativeResultsDirectory="3c6e1580-582e-4e08-9aba-5d5e2f8bad16" />
    <UnitTestResult executionId="cbb6a4fd-a6b8-4573-a5ee-d0b16be94b03" testId="44559b3b-4bc0-9b19-46d5-68aa01a0837e" testName="TestMethod847" computerName="SUSALUJ" duration="00:00:00.0000321" startTime="2019-07-19T15:51:23.8399946+05:30" endTime="2019-07-19T15:51:23.8399946+05:30" testType="13cdc9d9-ddb5-4fa4-a97d-d965ccfc6d4b" outcome="Passed" testListId="8c84fa94-04c1-424b-9868-57a2d4851a1d" relativeResultsDirectory="cbb6a4fd-a6b8-4573-a5ee-d0b16be94b03" />
    <UnitTestResult executionId="13374000-fcfa-42d9-ab8c-329d013a8383" testId="26390b3c-43c2-37b6-9c12-64b96cae7b7f" testName="TestMethod663" computerName="SUSALUJ" duration="00:00:00.0000290" startTime="2019-07-19T15:51:23.8709968+05:30" endTime="2019-07-19T15:51:23.8709968+05:30" testType="13cdc9d9-ddb5-4fa4-a97d-d965ccfc6d4b" outcome="Passed" testListId="8c84fa94-04c1-424b-9868-57a2d4851a1d" relativeResultsDirectory="13374000-fcfa-42d9-ab8c-329d013a8383" />
    <UnitTestResult executionId="a66838d5-ffa0-4f65-92c9-df31f23db377" testId="c5649bfd-fc53-3ed1-3b23-78de6ed87ccd" testName="TestMethod88" computerName="SUSALUJ" duration="00:00:00.0000207" startTime="2019-07-19T15:51:23.9989938+05:30" endTime="2019-07-19T15:51:23.9989938+05:30" testType="13cdc9d9-ddb5-4fa4-a97d-d965ccfc6d4b" outcome="Passed" testListId="8c84fa94-04c1-424b-9868-57a2d4851a1d" relativeResultsDirectory="a66838d5-ffa0-4f65-92c9-df31f23db377" />
    <UnitTestResult executionId="bc7da22d-5b2b-4cf5-9ae3-dbab1263b827" testId="7f2360c8-7445-efe2-6251-3fd1831acb36" testName="TestMethod608" computerName="SUSALUJ" duration="00:00:00.0000231" startTime="2019-07-19T15:51:23.8599940+05:30" endTime="2019-07-19T15:51:23.8599940+05:30" testType="13cdc9d9-ddb5-4fa4-a97d-d965ccfc6d4b" outcome="Passed" testListId="8c84fa94-04c1-424b-9868-57a2d4851a1d" relativeResultsDirectory="bc7da22d-5b2b-4cf5-9ae3-dbab1263b827" />
    <UnitTestResult executionId="19448b51-18aa-40c5-8b7f-da2336d29f9b" testId="7be7807c-2f99-b2de-4e29-00a5159a25bb" testName="TestMethod655" computerName="SUSALUJ" duration="00:00:00.0000426" startTime="2019-07-19T15:51:23.8689957+05:30" endTime="2019-07-19T15:51:23.8699969+05:30" testType="13cdc9d9-ddb5-4fa4-a97d-d965ccfc6d4b" outcome="Passed" testListId="8c84fa94-04c1-424b-9868-57a2d4851a1d" relativeResultsDirectory="19448b51-18aa-40c5-8b7f-da2336d29f9b" />
    <UnitTestResult executionId="b1463762-d46e-473f-a1cc-5ea3118a3d00" testId="8f1def5e-a4a4-e376-87a5-e4d5d786fa42" testName="TestMethod148" computerName="SUSALUJ" duration="00:00:00.0000253" startTime="2019-07-19T15:51:24.0169954+05:30" endTime="2019-07-19T15:51:24.0169954+05:30" testType="13cdc9d9-ddb5-4fa4-a97d-d965ccfc6d4b" outcome="Passed" testListId="8c84fa94-04c1-424b-9868-57a2d4851a1d" relativeResultsDirectory="b1463762-d46e-473f-a1cc-5ea3118a3d00" />
    <UnitTestResult executionId="099abd57-5d03-4bbc-a33a-d7023a10941a" testId="a95724a9-66dc-660f-177c-b4bf1c1070b3" testName="TestMethod914" computerName="SUSALUJ" duration="00:00:00.0000540" startTime="2019-07-19T15:51:23.8109947+05:30" endTime="2019-07-19T15:51:23.8109947+05:30" testType="13cdc9d9-ddb5-4fa4-a97d-d965ccfc6d4b" outcome="Passed" testListId="8c84fa94-04c1-424b-9868-57a2d4851a1d" relativeResultsDirectory="099abd57-5d03-4bbc-a33a-d7023a10941a" />
    <UnitTestResult executionId="ef260b9f-4098-4826-a56d-21a20c02098c" testId="f9522e77-b6e5-3bb0-d676-365ce0f42f8d" testName="TestMethod685" computerName="SUSALUJ" duration="00:00:00.0000273" startTime="2019-07-19T15:51:23.8419963+05:30" endTime="2019-07-19T15:51:23.8429945+05:30" testType="13cdc9d9-ddb5-4fa4-a97d-d965ccfc6d4b" outcome="Passed" testListId="8c84fa94-04c1-424b-9868-57a2d4851a1d" relativeResultsDirectory="ef260b9f-4098-4826-a56d-21a20c02098c" />
    <UnitTestResult executionId="bc6b5caa-fd1c-46f5-af4c-513965cc3141" testId="2d5ec2c3-5499-68a2-548e-21a937a4df8e" testName="TestMethod380" computerName="SUSALUJ" duration="00:00:00.0000382" startTime="2019-07-19T15:51:23.9259946+05:30" endTime="2019-07-19T15:51:23.9259946+05:30" testType="13cdc9d9-ddb5-4fa4-a97d-d965ccfc6d4b" outcome="Passed" testListId="8c84fa94-04c1-424b-9868-57a2d4851a1d" relativeResultsDirectory="bc6b5caa-fd1c-46f5-af4c-513965cc3141" />
    <UnitTestResult executionId="338c2b55-db0b-4572-bb15-2a13fa393329" testId="a013e890-d611-1854-7b6c-ec3e16af280d" testName="TestMethod553" computerName="SUSALUJ" duration="00:00:00.0000233" startTime="2019-07-19T15:51:23.8889950+05:30" endTime="2019-07-19T15:51:23.8889950+05:30" testType="13cdc9d9-ddb5-4fa4-a97d-d965ccfc6d4b" outcome="Passed" testListId="8c84fa94-04c1-424b-9868-57a2d4851a1d" relativeResultsDirectory="338c2b55-db0b-4572-bb15-2a13fa393329" />
    <UnitTestResult executionId="ecd66f73-bce1-44a7-8433-bfdbb77ab40e" testId="66d7339d-8b14-305d-ad84-b3435c7ed48d" testName="TestMethod700" computerName="SUSALUJ" duration="00:00:00.0000306" startTime="2019-07-19T15:51:23.8459957+05:30" endTime="2019-07-19T15:51:23.8459957+05:30" testType="13cdc9d9-ddb5-4fa4-a97d-d965ccfc6d4b" outcome="Passed" testListId="8c84fa94-04c1-424b-9868-57a2d4851a1d" relativeResultsDirectory="ecd66f73-bce1-44a7-8433-bfdbb77ab40e" />
    <UnitTestResult executionId="6be2a599-a8c4-4458-a4e0-4402765e0f2d" testId="07b45e08-8c5a-283f-969c-3361e8993ef7" testName="TestMethod710" computerName="SUSALUJ" duration="00:00:00.0000194" startTime="2019-07-19T15:51:23.8479951+05:30" endTime="2019-07-19T15:51:23.8479951+05:30" testType="13cdc9d9-ddb5-4fa4-a97d-d965ccfc6d4b" outcome="Passed" testListId="8c84fa94-04c1-424b-9868-57a2d4851a1d" relativeResultsDirectory="6be2a599-a8c4-4458-a4e0-4402765e0f2d" />
    <UnitTestResult executionId="f791bc24-0a07-45bb-a95a-38b5f61eb5cd" testId="71b10931-73cb-2cce-6429-44087b3adb4f" testName="TestMethod697" computerName="SUSALUJ" duration="00:00:00.0000383" startTime="2019-07-19T15:51:23.8449973+05:30" endTime="2019-07-19T15:51:23.8459957+05:30" testType="13cdc9d9-ddb5-4fa4-a97d-d965ccfc6d4b" outcome="Passed" testListId="8c84fa94-04c1-424b-9868-57a2d4851a1d" relativeResultsDirectory="f791bc24-0a07-45bb-a95a-38b5f61eb5cd" />
    <UnitTestResult executionId="27a0daee-a78a-43dc-b7a4-e50085a6bfe6" testId="a9b63f00-74b0-6165-6ced-062d282317b1" testName="TestMethod403" computerName="SUSALUJ" duration="00:00:00.0000291" startTime="2019-07-19T15:51:23.9339959+05:30" endTime="2019-07-19T15:51:23.9339959+05:30" testType="13cdc9d9-ddb5-4fa4-a97d-d965ccfc6d4b" outcome="Passed" testListId="8c84fa94-04c1-424b-9868-57a2d4851a1d" relativeResultsDirectory="27a0daee-a78a-43dc-b7a4-e50085a6bfe6" />
    <UnitTestResult executionId="2b54e492-377d-46a9-a18a-c7e65dabd0f5" testId="98d02439-5e15-64fc-4bb1-49fcc6e0af98" testName="TestMethod699" computerName="SUSALUJ" duration="00:00:00.0000253" startTime="2019-07-19T15:51:23.8459957+05:30" endTime="2019-07-19T15:51:23.8459957+05:30" testType="13cdc9d9-ddb5-4fa4-a97d-d965ccfc6d4b" outcome="Passed" testListId="8c84fa94-04c1-424b-9868-57a2d4851a1d" relativeResultsDirectory="2b54e492-377d-46a9-a18a-c7e65dabd0f5" />
    <UnitTestResult executionId="8707dc80-6635-48ef-8637-64d260424c98" testId="20f99fd0-80df-b89a-accb-7db6e1941309" testName="TestMethod24" computerName="SUSALUJ" duration="00:00:00.0005536" startTime="2019-07-19T15:51:24.1489985+05:30" endTime="2019-07-19T15:51:24.1499964+05:30" testType="13cdc9d9-ddb5-4fa4-a97d-d965ccfc6d4b" outcome="Failed" testListId="8c84fa94-04c1-424b-9868-57a2d4851a1d" relativeResultsDirectory="8707dc80-6635-48ef-8637-64d260424c98">
      <Output>
        <ErrorInfo>
          <Message>Assert.AreEqual failed. Expected:&lt;2&gt;. Actual:&lt;4&gt;. </Message>
          <StackTrace>   at TestProjectWON.UnitTest1.TestMethod24() in C:\agent\_work\8\s\TestProjectWON\UnitTest1.cs:line 133&#xD;
</StackTrace>
        </ErrorInfo>
      </Output>
    </UnitTestResult>
    <UnitTestResult executionId="cab597a5-8c37-410b-97fd-f0408f475334" testId="17b9ab62-6c99-d8aa-87e7-0359b7a7ab2f" testName="TestMethod199" computerName="SUSALUJ" duration="00:00:00.0000203" startTime="2019-07-19T15:51:23.9819951+05:30" endTime="2019-07-19T15:51:23.9819951+05:30" testType="13cdc9d9-ddb5-4fa4-a97d-d965ccfc6d4b" outcome="Passed" testListId="8c84fa94-04c1-424b-9868-57a2d4851a1d" relativeResultsDirectory="cab597a5-8c37-410b-97fd-f0408f475334" />
    <UnitTestResult executionId="adaafe14-aa99-473b-a9b7-cf8a3d058fec" testId="95153146-13fc-bc7b-d4b8-86fb2027dcc5" testName="TestMethod298" computerName="SUSALUJ" duration="00:00:00.0000519" startTime="2019-07-19T15:51:23.9589980+05:30" endTime="2019-07-19T15:51:23.9589980+05:30" testType="13cdc9d9-ddb5-4fa4-a97d-d965ccfc6d4b" outcome="Passed" testListId="8c84fa94-04c1-424b-9868-57a2d4851a1d" relativeResultsDirectory="adaafe14-aa99-473b-a9b7-cf8a3d058fec" />
    <UnitTestResult executionId="67ff1a75-1210-4ae3-bde6-3855b03855bc" testId="6ecd4de5-98bf-2ca7-84f3-ebefb56f34f6" testName="TestMethod342" computerName="SUSALUJ" duration="00:00:00.0000384" startTime="2019-07-19T15:51:23.9169989+05:30" endTime="2019-07-19T15:51:23.9169989+05:30" testType="13cdc9d9-ddb5-4fa4-a97d-d965ccfc6d4b" outcome="Passed" testListId="8c84fa94-04c1-424b-9868-57a2d4851a1d" relativeResultsDirectory="67ff1a75-1210-4ae3-bde6-3855b03855bc" />
    <UnitTestResult executionId="6c2f55bd-09b0-4a6a-8a3f-070335d923df" testId="e56bb4a4-9587-cb5a-f7c4-a670d502fb30" testName="TestMethod185" computerName="SUSALUJ" duration="00:00:00.0000352" startTime="2019-07-19T15:51:23.9789960+05:30" endTime="2019-07-19T15:51:23.9789960+05:30" testType="13cdc9d9-ddb5-4fa4-a97d-d965ccfc6d4b" outcome="Passed" testListId="8c84fa94-04c1-424b-9868-57a2d4851a1d" relativeResultsDirectory="6c2f55bd-09b0-4a6a-8a3f-070335d923df" />
    <UnitTestResult executionId="7a005a2e-0416-4dde-9bc8-900b03a9c79a" testId="a8af649b-dae1-93dd-70d1-60e4281350a7" testName="TestMethod926" computerName="SUSALUJ" duration="00:00:00.0000366" startTime="2019-07-19T15:51:23.8129952+05:30" endTime="2019-07-19T15:51:23.8129952+05:30" testType="13cdc9d9-ddb5-4fa4-a97d-d965ccfc6d4b" outcome="Passed" testListId="8c84fa94-04c1-424b-9868-57a2d4851a1d" relativeResultsDirectory="7a005a2e-0416-4dde-9bc8-900b03a9c79a" />
    <UnitTestResult executionId="fa538ea2-dafd-41f8-8922-b09d8612974a" testId="013a628f-7e21-59fd-c66b-009020f9ad7b" testName="TestMethod613" computerName="SUSALUJ" duration="00:00:00.0000314" startTime="2019-07-19T15:51:23.8609960+05:30" endTime="2019-07-19T15:51:23.8619934+05:30" testType="13cdc9d9-ddb5-4fa4-a97d-d965ccfc6d4b" outcome="Passed" testListId="8c84fa94-04c1-424b-9868-57a2d4851a1d" relativeResultsDirectory="fa538ea2-dafd-41f8-8922-b09d8612974a" />
    <UnitTestResult executionId="1b048016-93ce-4636-8911-c2b2b5ed80c5" testId="5a90f0f2-c399-875e-ca3c-232b187e6a5e" testName="TestMethod730" computerName="SUSALUJ" duration="00:00:00.0000198" startTime="2019-07-19T15:51:23.8519939+05:30" endTime="2019-07-19T15:51:23.8519939+05:30" testType="13cdc9d9-ddb5-4fa4-a97d-d965ccfc6d4b" outcome="Passed" testListId="8c84fa94-04c1-424b-9868-57a2d4851a1d" relativeResultsDirectory="1b048016-93ce-4636-8911-c2b2b5ed80c5" />
    <UnitTestResult executionId="098d8566-c464-47d9-bddd-756cbf20bd7b" testId="b6bb762a-9e5c-d2b4-5406-c312443d0acf" testName="TestMethod843" computerName="SUSALUJ" duration="00:00:00.0000193" startTime="2019-07-19T15:51:23.8389960+05:30" endTime="2019-07-19T15:51:23.8389960+05:30" testType="13cdc9d9-ddb5-4fa4-a97d-d965ccfc6d4b" outcome="Passed" testListId="8c84fa94-04c1-424b-9868-57a2d4851a1d" relativeResultsDirectory="098d8566-c464-47d9-bddd-756cbf20bd7b" />
    <UnitTestResult executionId="754c213b-e7d3-4089-8d54-6c12054324a0" testId="f87b10d3-ed81-9fac-667c-024663b5cc14" testName="TestMethod571" computerName="SUSALUJ" duration="00:00:00.0000197" startTime="2019-07-19T15:51:23.8919946+05:30" endTime="2019-07-19T15:51:23.8919946+05:30" testType="13cdc9d9-ddb5-4fa4-a97d-d965ccfc6d4b" outcome="Passed" testListId="8c84fa94-04c1-424b-9868-57a2d4851a1d" relativeResultsDirectory="754c213b-e7d3-4089-8d54-6c12054324a0" />
    <UnitTestResult executionId="da74d847-6a6f-41df-8d29-69c1d00c2caf" testId="dd567046-f7ca-abce-7baa-87b24b3619d3" testName="TestMethod89" computerName="SUSALUJ" duration="00:00:00.0000202" startTime="2019-07-19T15:51:23.9989938+05:30" endTime="2019-07-19T15:51:23.9989938+05:30" testType="13cdc9d9-ddb5-4fa4-a97d-d965ccfc6d4b" outcome="Passed" testListId="8c84fa94-04c1-424b-9868-57a2d4851a1d" relativeResultsDirectory="da74d847-6a6f-41df-8d29-69c1d00c2caf" />
    <UnitTestResult executionId="523385ec-b164-4949-9b58-dc4da3c41e55" testId="32d8d35d-18bd-1759-e4a1-a2f559756a8e" testName="TestMethod54" computerName="SUSALUJ" duration="00:00:00.0000204" startTime="2019-07-19T15:51:24.1809961+05:30" endTime="2019-07-19T15:51:24.1809961+05:30" testType="13cdc9d9-ddb5-4fa4-a97d-d965ccfc6d4b" outcome="Passed" testListId="8c84fa94-04c1-424b-9868-57a2d4851a1d" relativeResultsDirectory="523385ec-b164-4949-9b58-dc4da3c41e55" />
    <UnitTestResult executionId="c4f8f7af-d7e7-4a0b-b299-1e4433e89c0c" testId="b977fc41-b4ac-565d-05eb-df8931454140" testName="TestMethod772" computerName="SUSALUJ" duration="00:00:00.0000776" startTime="2019-07-19T15:51:23.8159953+05:30" endTime="2019-07-19T15:51:23.8169930+05:30" testType="13cdc9d9-ddb5-4fa4-a97d-d965ccfc6d4b" outcome="Passed" testListId="8c84fa94-04c1-424b-9868-57a2d4851a1d" relativeResultsDirectory="c4f8f7af-d7e7-4a0b-b299-1e4433e89c0c" />
    <UnitTestResult executionId="d9110e1e-4a30-4ecf-86b8-bc81b23aa53f" testId="ffeeef0e-b0a6-42bd-7a58-730f2d9a6641" testName="TestMethod773" computerName="SUSALUJ" duration="00:00:00.0000373" startTime="2019-07-19T15:51:23.8169930+05:30" endTime="2019-07-19T15:51:23.8169930+05:30" testType="13cdc9d9-ddb5-4fa4-a97d-d965ccfc6d4b" outcome="Passed" testListId="8c84fa94-04c1-424b-9868-57a2d4851a1d" relativeResultsDirectory="d9110e1e-4a30-4ecf-86b8-bc81b23aa53f" />
    <UnitTestResult executionId="120b39f6-fe65-4b2d-aa75-cf142069a182" testId="557323f1-762d-0e65-0c5b-d25e4cb24afe" testName="TestMethod776" computerName="SUSALUJ" duration="00:00:00.0000328" startTime="2019-07-19T15:51:23.8179950+05:30" endTime="2019-07-19T15:51:23.8179950+05:30" testType="13cdc9d9-ddb5-4fa4-a97d-d965ccfc6d4b" outcome="Passed" testListId="8c84fa94-04c1-424b-9868-57a2d4851a1d" relativeResultsDirectory="120b39f6-fe65-4b2d-aa75-cf142069a182" />
    <UnitTestResult executionId="3659b113-99a3-4f17-bda7-80ef97fcb972" testId="7dd4e8cf-0a76-6298-5dcf-6dc6b430bae5" testName="TestMethod962" computerName="SUSALUJ" duration="00:00:00.0000354" startTime="2019-07-19T15:51:23.7839932+05:30" endTime="2019-07-19T15:51:23.7839932+05:30" testType="13cdc9d9-ddb5-4fa4-a97d-d965ccfc6d4b" outcome="Passed" testListId="8c84fa94-04c1-424b-9868-57a2d4851a1d" relativeResultsDirectory="3659b113-99a3-4f17-bda7-80ef97fcb972" />
    <UnitTestResult executionId="5b25174f-aca9-4087-afdb-8fd99f7df783" testId="20c00590-2c53-2695-c3ac-b8e886cab6fe" testName="TestMethod864" computerName="SUSALUJ" duration="00:00:00.0000365" startTime="2019-07-19T15:51:23.7969947+05:30" endTime="2019-07-19T15:51:23.7969947+05:30" testType="13cdc9d9-ddb5-4fa4-a97d-d965ccfc6d4b" outcome="Passed" testListId="8c84fa94-04c1-424b-9868-57a2d4851a1d" relativeResultsDirectory="5b25174f-aca9-4087-afdb-8fd99f7df783" />
    <UnitTestResult executionId="d21c6521-1d3a-46a2-bd9d-e79c5ad15307" testId="37a64d9d-0a25-9518-8a0e-a42d1be2ee81" testName="TestMethod949" computerName="SUSALUJ" duration="00:00:00.0000383" startTime="2019-07-19T15:51:23.7819933+05:30" endTime="2019-07-19T15:51:23.7819933+05:30" testType="13cdc9d9-ddb5-4fa4-a97d-d965ccfc6d4b" outcome="Passed" testListId="8c84fa94-04c1-424b-9868-57a2d4851a1d" relativeResultsDirectory="d21c6521-1d3a-46a2-bd9d-e79c5ad15307" />
    <UnitTestResult executionId="d4efb1eb-4f4d-4aa1-baab-5088c6ae1a03" testId="e0f64ae1-ad3b-ab3a-fa7b-d557e5e7ef5e" testName="TestMethod950" computerName="SUSALUJ" duration="00:00:00.0000337" startTime="2019-07-19T15:51:23.7819933+05:30" endTime="2019-07-19T15:51:23.7819933+05:30" testType="13cdc9d9-ddb5-4fa4-a97d-d965ccfc6d4b" outcome="Passed" testListId="8c84fa94-04c1-424b-9868-57a2d4851a1d" relativeResultsDirectory="d4efb1eb-4f4d-4aa1-baab-5088c6ae1a03" />
    <UnitTestResult executionId="ff34de9f-701f-459f-988b-8d43b75ca02e" testId="d120661f-8632-a32a-1ff6-69f4690aaab5" testName="TestMethod135" computerName="SUSALUJ" duration="00:00:00.0000514" startTime="2019-07-19T15:51:24.0119963+05:30" endTime="2019-07-19T15:51:24.0129971+05:30" testType="13cdc9d9-ddb5-4fa4-a97d-d965ccfc6d4b" outcome="Passed" testListId="8c84fa94-04c1-424b-9868-57a2d4851a1d" relativeResultsDirectory="ff34de9f-701f-459f-988b-8d43b75ca02e" />
    <UnitTestResult executionId="04791fe8-dfb4-433d-8ae8-84515b2b71e0" testId="88493128-5ef8-cf85-9a6c-011ea0ea7c0c" testName="TestMethod295" computerName="SUSALUJ" duration="00:00:00.0000695" startTime="2019-07-19T15:51:23.9569957+05:30" endTime="2019-07-19T15:51:23.9580009+05:30" testType="13cdc9d9-ddb5-4fa4-a97d-d965ccfc6d4b" outcome="Passed" testListId="8c84fa94-04c1-424b-9868-57a2d4851a1d" relativeResultsDirectory="04791fe8-dfb4-433d-8ae8-84515b2b71e0" />
    <UnitTestResult executionId="e98f0cdb-e730-4133-9071-4f5677ecaf5d" testId="11bbc7aa-4d0a-2a54-64b8-d3063aafb9fc" testName="TestMethod638" computerName="SUSALUJ" duration="00:00:00.0000225" startTime="2019-07-19T15:51:23.8659968+05:30" endTime="2019-07-19T15:51:23.8669961+05:30" testType="13cdc9d9-ddb5-4fa4-a97d-d965ccfc6d4b" outcome="Passed" testListId="8c84fa94-04c1-424b-9868-57a2d4851a1d" relativeResultsDirectory="e98f0cdb-e730-4133-9071-4f5677ecaf5d" />
    <UnitTestResult executionId="930c72cb-42aa-46c3-b379-468d30451725" testId="771eb33e-93e6-e91b-ad0b-f89d4502a877" testName="TestMethod807" computerName="SUSALUJ" duration="00:00:00.0000208" startTime="2019-07-19T15:51:23.8319962+05:30" endTime="2019-07-19T15:51:23.8319962+05:30" testType="13cdc9d9-ddb5-4fa4-a97d-d965ccfc6d4b" outcome="Passed" testListId="8c84fa94-04c1-424b-9868-57a2d4851a1d" relativeResultsDirectory="930c72cb-42aa-46c3-b379-468d30451725" />
    <UnitTestResult executionId="fc452ddb-5d8c-43b5-bd54-4f1ddf278c15" testId="d2ac934c-06ca-163d-72aa-0d3d38b9ca1c" testName="TestMethod223" computerName="SUSALUJ" duration="00:00:00.0003656" startTime="2019-07-19T15:51:23.9889968+05:30" endTime="2019-07-19T15:51:23.9899978+05:30" testType="13cdc9d9-ddb5-4fa4-a97d-d965ccfc6d4b" outcome="Passed" testListId="8c84fa94-04c1-424b-9868-57a2d4851a1d" relativeResultsDirectory="fc452ddb-5d8c-43b5-bd54-4f1ddf278c15" />
    <UnitTestResult executionId="ef1db70a-bf37-40f3-86c5-e3df99dca9e1" testId="c9f26089-c5aa-618d-de33-937b4286e297" testName="TestMethod907" computerName="SUSALUJ" duration="00:00:00.0000374" startTime="2019-07-19T15:51:23.8089957+05:30" endTime="2019-07-19T15:51:23.8089957+05:30" testType="13cdc9d9-ddb5-4fa4-a97d-d965ccfc6d4b" outcome="Passed" testListId="8c84fa94-04c1-424b-9868-57a2d4851a1d" relativeResultsDirectory="ef1db70a-bf37-40f3-86c5-e3df99dca9e1" />
    <UnitTestResult executionId="39c5867a-c3df-4f30-9566-ee069f19f4f0" testId="2a56e323-0d48-7dfa-4535-c7b28c438a56" testName="TestMethod94" computerName="SUSALUJ" duration="00:00:00.0000427" startTime="2019-07-19T15:51:23.9999977+05:30" endTime="2019-07-19T15:51:24.0009973+05:30" testType="13cdc9d9-ddb5-4fa4-a97d-d965ccfc6d4b" outcome="Passed" testListId="8c84fa94-04c1-424b-9868-57a2d4851a1d" relativeResultsDirectory="39c5867a-c3df-4f30-9566-ee069f19f4f0" />
    <UnitTestResult executionId="0219b062-4dfc-4209-ac47-bed5e8ba7f20" testId="2e62a879-e945-d295-45fa-228a82f129b0" testName="TestMethod916" computerName="SUSALUJ" duration="00:00:00.0000524" startTime="2019-07-19T15:51:23.8109947+05:30" endTime="2019-07-19T15:51:23.8109947+05:30" testType="13cdc9d9-ddb5-4fa4-a97d-d965ccfc6d4b" outcome="Passed" testListId="8c84fa94-04c1-424b-9868-57a2d4851a1d" relativeResultsDirectory="0219b062-4dfc-4209-ac47-bed5e8ba7f20" />
    <UnitTestResult executionId="ded2b792-af4c-4c49-80bb-b3d8da6cf46f" testId="2cd9f07f-f4db-3ea8-64da-80736ac176c2" testName="TestMethod252" computerName="SUSALUJ" duration="00:00:00.0000414" startTime="2019-07-19T15:51:23.9969949+05:30" endTime="2019-07-19T15:51:23.9979954+05:30" testType="13cdc9d9-ddb5-4fa4-a97d-d965ccfc6d4b" outcome="Passed" testListId="8c84fa94-04c1-424b-9868-57a2d4851a1d" relativeResultsDirectory="ded2b792-af4c-4c49-80bb-b3d8da6cf46f" />
    <UnitTestResult executionId="63eeaf8d-218f-4b9d-a4bf-e7d2246dc2e9" testId="b9b5239b-a424-222a-2818-8093138975ee" testName="TestMethod31" computerName="SUSALUJ" duration="00:00:00.0006345" startTime="2019-07-19T15:51:24.1589954+05:30" endTime="2019-07-19T15:51:24.1609959+05:30" testType="13cdc9d9-ddb5-4fa4-a97d-d965ccfc6d4b" outcome="Failed" testListId="8c84fa94-04c1-424b-9868-57a2d4851a1d" relativeResultsDirectory="63eeaf8d-218f-4b9d-a4bf-e7d2246dc2e9">
      <Output>
        <ErrorInfo>
          <Message>Assert.AreEqual failed. Expected:&lt;2&gt;. Actual:&lt;4&gt;. </Message>
          <StackTrace>   at TestProjectWON.UnitTest1.TestMethod31() in C:\agent\_work\8\s\TestProjectWON\UnitTest1.cs:line 168&#xD;
</StackTrace>
        </ErrorInfo>
      </Output>
    </UnitTestResult>
    <UnitTestResult executionId="35333d73-f669-437a-9de4-64dbc18a75f7" testId="64c450da-7a60-5814-dbb9-6e570bc6322b" testName="TestMethod813" computerName="SUSALUJ" duration="00:00:00.0000299" startTime="2019-07-19T15:51:23.8329950+05:30" endTime="2019-07-19T15:51:23.8329950+05:30" testType="13cdc9d9-ddb5-4fa4-a97d-d965ccfc6d4b" outcome="Passed" testListId="8c84fa94-04c1-424b-9868-57a2d4851a1d" relativeResultsDirectory="35333d73-f669-437a-9de4-64dbc18a75f7" />
    <UnitTestResult executionId="5b2bdda7-f143-4b2d-bd70-efc698e57cb7" testId="bd8000e8-4bb7-b34f-3322-24db8b37164f" testName="TestMethod898" computerName="SUSALUJ" duration="00:00:00.0000574" startTime="2019-07-19T15:51:23.8069945+05:30" endTime="2019-07-19T15:51:23.8069945+05:30" testType="13cdc9d9-ddb5-4fa4-a97d-d965ccfc6d4b" outcome="Passed" testListId="8c84fa94-04c1-424b-9868-57a2d4851a1d" relativeResultsDirectory="5b2bdda7-f143-4b2d-bd70-efc698e57cb7" />
    <UnitTestResult executionId="fcbbbfa6-a969-4fa5-9463-2fc5608d095f" testId="2dc06b81-e052-35de-7b78-2a9d11dfefbb" testName="TestMethod825" computerName="SUSALUJ" duration="00:00:00.0000288" startTime="2019-07-19T15:51:23.8349944+05:30" endTime="2019-07-19T15:51:23.8359946+05:30" testType="13cdc9d9-ddb5-4fa4-a97d-d965ccfc6d4b" outcome="Passed" testListId="8c84fa94-04c1-424b-9868-57a2d4851a1d" relativeResultsDirectory="fcbbbfa6-a969-4fa5-9463-2fc5608d095f" />
    <UnitTestResult executionId="df3431ef-cf12-4c3c-a360-f19238b115de" testId="ceb169ae-ff5e-3170-d718-f3779c98f5b6" testName="TestMethod995" computerName="SUSALUJ" duration="00:00:00.0000289" startTime="2019-07-19T15:51:23.7919946+05:30" endTime="2019-07-19T15:51:23.7919946+05:30" testType="13cdc9d9-ddb5-4fa4-a97d-d965ccfc6d4b" outcome="Passed" testListId="8c84fa94-04c1-424b-9868-57a2d4851a1d" relativeResultsDirectory="df3431ef-cf12-4c3c-a360-f19238b115de" />
    <UnitTestResult executionId="9bd6920c-7222-4214-b18f-3f8f578cbc98" testId="a7515f3f-1a35-4f95-d426-065ba5f9b6df" testName="TestMethod980" computerName="SUSALUJ" duration="00:00:00.0000253" startTime="2019-07-19T15:51:23.7879943+05:30" endTime="2019-07-19T15:51:23.7879943+05:30" testType="13cdc9d9-ddb5-4fa4-a97d-d965ccfc6d4b" outcome="Passed" testListId="8c84fa94-04c1-424b-9868-57a2d4851a1d" relativeResultsDirectory="9bd6920c-7222-4214-b18f-3f8f578cbc98" />
    <UnitTestResult executionId="af3aa90f-df45-471f-86d6-4c6aa15a7d12" testId="6ff453f5-1223-2d25-c8b6-4211230bf1c6" testName="TestMethod286" computerName="SUSALUJ" duration="00:00:00.0000319" startTime="2019-07-19T15:51:23.9539976+05:30" endTime="2019-07-19T15:51:23.9539976+05:30" testType="13cdc9d9-ddb5-4fa4-a97d-d965ccfc6d4b" outcome="Passed" testListId="8c84fa94-04c1-424b-9868-57a2d4851a1d" relativeResultsDirectory="af3aa90f-df45-471f-86d6-4c6aa15a7d12" />
    <UnitTestResult executionId="a448ca7c-20c8-46d5-8e7e-8a2ff44d6e1b" testId="7911c7be-cac8-9e71-b1dc-c18364dc6806" testName="TestMethod379" computerName="SUSALUJ" duration="00:00:00.0000313" startTime="2019-07-19T15:51:23.9249946+05:30" endTime="2019-07-19T15:51:23.9249946+05:30" testType="13cdc9d9-ddb5-4fa4-a97d-d965ccfc6d4b" outcome="Passed" testListId="8c84fa94-04c1-424b-9868-57a2d4851a1d" relativeResultsDirectory="a448ca7c-20c8-46d5-8e7e-8a2ff44d6e1b" />
    <UnitTestResult executionId="e2923ea5-9117-4721-954c-14c2d2236e25" testId="bd8b30b1-af16-1667-db26-45b27d69c724" testName="TestMethod334" computerName="SUSALUJ" duration="00:00:00.0000526" startTime="2019-07-19T15:51:23.9699957+05:30" endTime="2019-07-19T15:51:23.9709965+05:30" testType="13cdc9d9-ddb5-4fa4-a97d-d965ccfc6d4b" outcome="Passed" testListId="8c84fa94-04c1-424b-9868-57a2d4851a1d" relativeResultsDirectory="e2923ea5-9117-4721-954c-14c2d2236e25" />
    <UnitTestResult executionId="d9284fb8-8c66-4b0e-b339-77274cd582bc" testId="93a4a2bf-3314-dade-c7e2-a2485760c42e" testName="TestMethod955" computerName="SUSALUJ" duration="00:00:00.0000318" startTime="2019-07-19T15:51:23.7829932+05:30" endTime="2019-07-19T15:51:23.7829932+05:30" testType="13cdc9d9-ddb5-4fa4-a97d-d965ccfc6d4b" outcome="Passed" testListId="8c84fa94-04c1-424b-9868-57a2d4851a1d" relativeResultsDirectory="d9284fb8-8c66-4b0e-b339-77274cd582bc" />
    <UnitTestResult executionId="c14a2a0c-0c59-41c4-ad61-218536abed17" testId="4ba3ab96-e51c-cd90-a8c2-02068c2cfb09" testName="TestMethod121" computerName="SUSALUJ" duration="00:00:00.0000410" startTime="2019-07-19T15:51:24.0069966+05:30" endTime="2019-07-19T15:51:24.0069966+05:30" testType="13cdc9d9-ddb5-4fa4-a97d-d965ccfc6d4b" outcome="Passed" testListId="8c84fa94-04c1-424b-9868-57a2d4851a1d" relativeResultsDirectory="c14a2a0c-0c59-41c4-ad61-218536abed17" />
    <UnitTestResult executionId="18e1ce67-8235-48bd-9821-adaa67efd161" testId="cbede509-b876-03b4-7ce0-37197aa8b8a6" testName="TestMethod480" computerName="SUSALUJ" duration="00:00:00.0000194" startTime="2019-07-19T15:51:23.9069937+05:30" endTime="2019-07-19T15:51:23.9069937+05:30" testType="13cdc9d9-ddb5-4fa4-a97d-d965ccfc6d4b" outcome="Passed" testListId="8c84fa94-04c1-424b-9868-57a2d4851a1d" relativeResultsDirectory="18e1ce67-8235-48bd-9821-adaa67efd161" />
    <UnitTestResult executionId="00f2669c-272d-42d3-97c0-70f04e15e2ad" testId="74aa3629-e93c-366a-f4e2-ed6f6a0ac263" testName="TestMethod961" computerName="SUSALUJ" duration="00:00:00.0000343" startTime="2019-07-19T15:51:23.7839932+05:30" endTime="2019-07-19T15:51:23.7839932+05:30" testType="13cdc9d9-ddb5-4fa4-a97d-d965ccfc6d4b" outcome="Passed" testListId="8c84fa94-04c1-424b-9868-57a2d4851a1d" relativeResultsDirectory="00f2669c-272d-42d3-97c0-70f04e15e2ad" />
    <UnitTestResult executionId="9c341367-6283-44c1-962a-b1e32c5abf4a" testId="cdb4cd80-1a91-4813-980e-a6df9d6b35ec" testName="TestMethod616" computerName="SUSALUJ" duration="00:00:00.0000233" startTime="2019-07-19T15:51:23.8619934+05:30" endTime="2019-07-19T15:51:23.8619934+05:30" testType="13cdc9d9-ddb5-4fa4-a97d-d965ccfc6d4b" outcome="Passed" testListId="8c84fa94-04c1-424b-9868-57a2d4851a1d" relativeResultsDirectory="9c341367-6283-44c1-962a-b1e32c5abf4a" />
    <UnitTestResult executionId="a9020aaf-4d4a-4882-b634-d1af806e41c3" testId="8b66b4bc-d29b-efab-55bb-0efde9cba347" testName="TestMethod757" computerName="SUSALUJ" duration="00:00:00.0000210" startTime="2019-07-19T15:51:23.8569938+05:30" endTime="2019-07-19T15:51:23.8569938+05:30" testType="13cdc9d9-ddb5-4fa4-a97d-d965ccfc6d4b" outcome="Passed" testListId="8c84fa94-04c1-424b-9868-57a2d4851a1d" relativeResultsDirectory="a9020aaf-4d4a-4882-b634-d1af806e41c3" />
    <UnitTestResult executionId="6f4785e6-36ac-4817-8d3f-173ee95d617e" testId="0063f140-7fc6-5989-a3c8-6453b7cc00a2" testName="TestMethod785" computerName="SUSALUJ" duration="00:00:00.0000315" startTime="2019-07-19T15:51:23.8199932+05:30" endTime="2019-07-19T15:51:23.8199932+05:30" testType="13cdc9d9-ddb5-4fa4-a97d-d965ccfc6d4b" outcome="Passed" testListId="8c84fa94-04c1-424b-9868-57a2d4851a1d" relativeResultsDirectory="6f4785e6-36ac-4817-8d3f-173ee95d617e" />
    <UnitTestResult executionId="24da4d75-6078-4a85-9470-490fae4df800" testId="f485866e-6a88-dc9e-621c-61b0d8655cb6" testName="TestMethod452" computerName="SUSALUJ" duration="00:00:00.0000205" startTime="2019-07-19T15:51:23.9019942+05:30" endTime="2019-07-19T15:51:23.9019942+05:30" testType="13cdc9d9-ddb5-4fa4-a97d-d965ccfc6d4b" outcome="Passed" testListId="8c84fa94-04c1-424b-9868-57a2d4851a1d" relativeResultsDirectory="24da4d75-6078-4a85-9470-490fae4df800" />
    <UnitTestResult executionId="8503f954-8c6f-41b0-864a-cf8ae2dde334" testId="ddd23482-1d5d-6a64-fe3a-0b7d652ee8c5" testName="TestMethod518" computerName="SUSALUJ" duration="00:00:00.0000362" startTime="2019-07-19T15:51:23.8819945+05:30" endTime="2019-07-19T15:51:23.8829946+05:30" testType="13cdc9d9-ddb5-4fa4-a97d-d965ccfc6d4b" outcome="Passed" testListId="8c84fa94-04c1-424b-9868-57a2d4851a1d" relativeResultsDirectory="8503f954-8c6f-41b0-864a-cf8ae2dde334" />
    <UnitTestResult executionId="f574d531-b2f7-4d74-8847-68a4c1663969" testId="fbfb4c6b-296d-71e8-ed22-bf18fd31fa79" testName="TestMethod517" computerName="SUSALUJ" duration="00:00:00.0000242" startTime="2019-07-19T15:51:23.8819945+05:30" endTime="2019-07-19T15:51:23.8819945+05:30" testType="13cdc9d9-ddb5-4fa4-a97d-d965ccfc6d4b" outcome="Passed" testListId="8c84fa94-04c1-424b-9868-57a2d4851a1d" relativeResultsDirectory="f574d531-b2f7-4d74-8847-68a4c1663969" />
    <UnitTestResult executionId="18e0fb02-d188-4181-b959-de998d7c5c3f" testId="eec9d880-70b9-21fb-51bc-d7aaa04ec93c" testName="TestMethod832" computerName="SUSALUJ" duration="00:00:00.0000222" startTime="2019-07-19T15:51:23.8369942+05:30" endTime="2019-07-19T15:51:23.8369942+05:30" testType="13cdc9d9-ddb5-4fa4-a97d-d965ccfc6d4b" outcome="Passed" testListId="8c84fa94-04c1-424b-9868-57a2d4851a1d" relativeResultsDirectory="18e0fb02-d188-4181-b959-de998d7c5c3f" />
    <UnitTestResult executionId="257a51cd-a1e8-4c2c-b19f-7ddd44bbd089" testId="22668868-cc5e-c587-36dd-f0bf4a7c2632" testName="TestMethod227" computerName="SUSALUJ" duration="00:00:00.0000409" startTime="2019-07-19T15:51:23.9899978+05:30" endTime="2019-07-19T15:51:23.9909971+05:30" testType="13cdc9d9-ddb5-4fa4-a97d-d965ccfc6d4b" outcome="Passed" testListId="8c84fa94-04c1-424b-9868-57a2d4851a1d" relativeResultsDirectory="257a51cd-a1e8-4c2c-b19f-7ddd44bbd089" />
    <UnitTestResult executionId="0f2aa520-8937-438a-96db-7a85500dfe43" testId="5c4b9025-70ac-dd5f-337c-a3936f51c0c9" testName="TestMethod128" computerName="SUSALUJ" duration="00:00:00.0000573" startTime="2019-07-19T15:51:24.0100020+05:30" endTime="2019-07-19T15:51:24.0100020+05:30" testType="13cdc9d9-ddb5-4fa4-a97d-d965ccfc6d4b" outcome="Passed" testListId="8c84fa94-04c1-424b-9868-57a2d4851a1d" relativeResultsDirectory="0f2aa520-8937-438a-96db-7a85500dfe43" />
    <UnitTestResult executionId="704c73cc-f454-4cc6-812f-5b7388fc5d2c" testId="9fa47e22-40db-d6aa-08db-2796421ca596" testName="TestMethod207" computerName="SUSALUJ" duration="00:00:00.0000353" startTime="2019-07-19T15:51:23.9839955+05:30" endTime="2019-07-19T15:51:23.9839955+05:30" testType="13cdc9d9-ddb5-4fa4-a97d-d965ccfc6d4b" outcome="Passed" testListId="8c84fa94-04c1-424b-9868-57a2d4851a1d" relativeResultsDirectory="704c73cc-f454-4cc6-812f-5b7388fc5d2c" />
    <UnitTestResult executionId="cd8a1900-cf9a-469d-a589-30add0d50f80" testId="048a7356-951d-0443-ab4d-f351f2bc2b8f" testName="TestMethod975" computerName="SUSALUJ" duration="00:00:00.0000199" startTime="2019-07-19T15:51:23.7869937+05:30" endTime="2019-07-19T15:51:23.7869937+05:30" testType="13cdc9d9-ddb5-4fa4-a97d-d965ccfc6d4b" outcome="Passed" testListId="8c84fa94-04c1-424b-9868-57a2d4851a1d" relativeResultsDirectory="cd8a1900-cf9a-469d-a589-30add0d50f80" />
    <UnitTestResult executionId="937f0736-bd76-4455-9339-1eb46bf2163b" testId="7d45ab22-8f9a-9fe2-5c1c-75f823bb7a99" testName="TestMethod122" computerName="SUSALUJ" duration="00:00:00.0000242" startTime="2019-07-19T15:51:24.0069966+05:30" endTime="2019-07-19T15:51:24.0069966+05:30" testType="13cdc9d9-ddb5-4fa4-a97d-d965ccfc6d4b" outcome="Passed" testListId="8c84fa94-04c1-424b-9868-57a2d4851a1d" relativeResultsDirectory="937f0736-bd76-4455-9339-1eb46bf2163b" />
    <UnitTestResult executionId="3761c11c-8b44-4d53-bc5c-aa26ac9d2e8e" testId="81d85a0a-5c8d-3d71-55aa-39f722463aa3" testName="TestMethod977" computerName="SUSALUJ" duration="00:00:00.0000201" startTime="2019-07-19T15:51:23.7869937+05:30" endTime="2019-07-19T15:51:23.7869937+05:30" testType="13cdc9d9-ddb5-4fa4-a97d-d965ccfc6d4b" outcome="Passed" testListId="8c84fa94-04c1-424b-9868-57a2d4851a1d" relativeResultsDirectory="3761c11c-8b44-4d53-bc5c-aa26ac9d2e8e" />
    <UnitTestResult executionId="6c02d142-0d81-4fe7-b8ec-05c489a9a439" testId="67c4334d-6d77-45b4-e2c4-3e9702879cf1" testName="TestMethod513" computerName="SUSALUJ" duration="00:00:00.0000365" startTime="2019-07-19T15:51:23.8749954+05:30" endTime="2019-07-19T15:51:23.8759955+05:30" testType="13cdc9d9-ddb5-4fa4-a97d-d965ccfc6d4b" outcome="Passed" testListId="8c84fa94-04c1-424b-9868-57a2d4851a1d" relativeResultsDirectory="6c02d142-0d81-4fe7-b8ec-05c489a9a439" />
    <UnitTestResult executionId="a5756677-461d-4f0a-b537-c15c98b0abc6" testId="c143949d-f9d9-b922-e78b-b604ed749662" testName="TestMethod280" computerName="SUSALUJ" duration="00:00:00.0000292" startTime="2019-07-19T15:51:23.9529949+05:30" endTime="2019-07-19T15:51:23.9529949+05:30" testType="13cdc9d9-ddb5-4fa4-a97d-d965ccfc6d4b" outcome="Passed" testListId="8c84fa94-04c1-424b-9868-57a2d4851a1d" relativeResultsDirectory="a5756677-461d-4f0a-b537-c15c98b0abc6" />
    <UnitTestResult executionId="ed91bf88-4636-43d4-89a6-aa95e0849bf0" testId="135d54bf-1baa-b7f2-2783-b0ad48c3fed9" testName="TestMethod433" computerName="SUSALUJ" duration="00:00:00.0000441" startTime="2019-07-19T15:51:23.8979961+05:30" endTime="2019-07-19T15:51:23.8979961+05:30" testType="13cdc9d9-ddb5-4fa4-a97d-d965ccfc6d4b" outcome="Passed" testListId="8c84fa94-04c1-424b-9868-57a2d4851a1d" relativeResultsDirectory="ed91bf88-4636-43d4-89a6-aa95e0849bf0" />
    <UnitTestResult executionId="50958312-4c51-4486-ad94-9940c2240ce9" testId="4e33757a-0531-d590-48ef-bbff20e5f652" testName="TestMethod805" computerName="SUSALUJ" duration="00:00:00.0000242" startTime="2019-07-19T15:51:23.8319962+05:30" endTime="2019-07-19T15:51:23.8319962+05:30" testType="13cdc9d9-ddb5-4fa4-a97d-d965ccfc6d4b" outcome="Passed" testListId="8c84fa94-04c1-424b-9868-57a2d4851a1d" relativeResultsDirectory="50958312-4c51-4486-ad94-9940c2240ce9" />
    <UnitTestResult executionId="96704321-f549-458c-b0ec-a91cf1380872" testId="406e731d-4287-7ae4-e2af-fbbe10d2a15b" testName="TestMethod209" computerName="SUSALUJ" duration="00:00:00.0000344" startTime="2019-07-19T15:51:23.9850015+05:30" endTime="2019-07-19T15:51:23.9850015+05:30" testType="13cdc9d9-ddb5-4fa4-a97d-d965ccfc6d4b" outcome="Passed" testListId="8c84fa94-04c1-424b-9868-57a2d4851a1d" relativeResultsDirectory="96704321-f549-458c-b0ec-a91cf1380872" />
    <UnitTestResult executionId="432878df-6ddc-4219-95d2-93fd9efe326f" testId="c93bd454-d74b-02ca-ae31-df229661a403" testName="TestMethod290" computerName="SUSALUJ" duration="00:00:00.0000526" startTime="2019-07-19T15:51:23.9549970+05:30" endTime="2019-07-19T15:51:23.9549970+05:30" testType="13cdc9d9-ddb5-4fa4-a97d-d965ccfc6d4b" outcome="Passed" testListId="8c84fa94-04c1-424b-9868-57a2d4851a1d" relativeResultsDirectory="432878df-6ddc-4219-95d2-93fd9efe326f" />
    <UnitTestResult executionId="63b4f733-470b-4da7-b026-319a1ee32715" testId="a53676c2-6a25-994e-56e2-64a4053f1dbf" testName="TestMethod530" computerName="SUSALUJ" duration="00:00:00.0000234" startTime="2019-07-19T15:51:23.8849946+05:30" endTime="2019-07-19T15:51:23.8849946+05:30" testType="13cdc9d9-ddb5-4fa4-a97d-d965ccfc6d4b" outcome="Passed" testListId="8c84fa94-04c1-424b-9868-57a2d4851a1d" relativeResultsDirectory="63b4f733-470b-4da7-b026-319a1ee32715" />
    <UnitTestResult executionId="6142473f-87f0-486c-bb92-163303e02f1a" testId="f5ef0929-25d2-0a65-e818-3b671d60cb6e" testName="TestMethod784" computerName="SUSALUJ" duration="00:00:00.0000203" startTime="2019-07-19T15:51:23.8189946+05:30" endTime="2019-07-19T15:51:23.8189946+05:30" testType="13cdc9d9-ddb5-4fa4-a97d-d965ccfc6d4b" outcome="Passed" testListId="8c84fa94-04c1-424b-9868-57a2d4851a1d" relativeResultsDirectory="6142473f-87f0-486c-bb92-163303e02f1a" />
    <UnitTestResult executionId="8c941c2f-a707-4292-bace-d453adfa8279" testId="3f7d169c-1c92-efb0-f94c-315afeaae0a1" testName="TestMethod97" computerName="SUSALUJ" duration="00:00:00.0000244" startTime="2019-07-19T15:51:24.0009973+05:30" endTime="2019-07-19T15:51:24.0009973+05:30" testType="13cdc9d9-ddb5-4fa4-a97d-d965ccfc6d4b" outcome="Passed" testListId="8c84fa94-04c1-424b-9868-57a2d4851a1d" relativeResultsDirectory="8c941c2f-a707-4292-bace-d453adfa8279" />
    <UnitTestResult executionId="4cac3dd0-c033-4ed8-b2fb-439106e33c47" testId="5e9bf8f9-fe4f-01f0-584d-773babb30215" testName="TestMethod138" computerName="SUSALUJ" duration="00:00:00.0000311" startTime="2019-07-19T15:51:24.0129971+05:30" endTime="2019-07-19T15:51:24.0139971+05:30" testType="13cdc9d9-ddb5-4fa4-a97d-d965ccfc6d4b" outcome="Passed" testListId="8c84fa94-04c1-424b-9868-57a2d4851a1d" relativeResultsDirectory="4cac3dd0-c033-4ed8-b2fb-439106e33c47" />
    <UnitTestResult executionId="9a1d986f-1667-47c1-b151-27cc776e4304" testId="23edba5e-075d-714e-fbe4-42cb97997bd1" testName="TestMethod75" computerName="SUSALUJ" duration="00:00:00.0000313" startTime="2019-07-19T15:51:24.1839963+05:30" endTime="2019-07-19T15:51:24.1849954+05:30" testType="13cdc9d9-ddb5-4fa4-a97d-d965ccfc6d4b" outcome="Passed" testListId="8c84fa94-04c1-424b-9868-57a2d4851a1d" relativeResultsDirectory="9a1d986f-1667-47c1-b151-27cc776e4304" />
    <UnitTestResult executionId="280da9ac-c10c-4d20-a2e5-40b685269376" testId="0fa337ef-9264-9b89-1d15-627beacabec9" testName="TestMethod397" computerName="SUSALUJ" duration="00:00:00.0000344" startTime="2019-07-19T15:51:23.9319977+05:30" endTime="2019-07-19T15:51:23.9319977+05:30" testType="13cdc9d9-ddb5-4fa4-a97d-d965ccfc6d4b" outcome="Passed" testListId="8c84fa94-04c1-424b-9868-57a2d4851a1d" relativeResultsDirectory="280da9ac-c10c-4d20-a2e5-40b685269376" />
    <UnitTestResult executionId="d18b61fa-e9af-455b-afa4-7b0425f0febd" testId="ad02a006-5a0a-4f1e-ce45-4fd9f5d0e3df" testName="TestMethod317" computerName="SUSALUJ" duration="00:00:00.0000381" startTime="2019-07-19T15:51:23.9660024+05:30" endTime="2019-07-19T15:51:23.9669973+05:30" testType="13cdc9d9-ddb5-4fa4-a97d-d965ccfc6d4b" outcome="Passed" testListId="8c84fa94-04c1-424b-9868-57a2d4851a1d" relativeResultsDirectory="d18b61fa-e9af-455b-afa4-7b0425f0febd" />
    <UnitTestResult executionId="d9b0d496-7533-4fc0-bf2b-2fd5c1ec50ab" testId="d0207416-d0fd-afba-7c63-08d2c2921599" testName="TestMethod353" computerName="SUSALUJ" duration="00:00:00.0000304" startTime="2019-07-19T15:51:23.9189961+05:30" endTime="2019-07-19T15:51:23.9189961+05:30" testType="13cdc9d9-ddb5-4fa4-a97d-d965ccfc6d4b" outcome="Passed" testListId="8c84fa94-04c1-424b-9868-57a2d4851a1d" relativeResultsDirectory="d9b0d496-7533-4fc0-bf2b-2fd5c1ec50ab" />
    <UnitTestResult executionId="7c470e05-0516-4b09-ba3c-ad4aa45e458e" testId="6bbc80a2-1796-4399-6504-9745b3748d34" testName="TestMethod133" computerName="SUSALUJ" duration="00:00:00.0000525" startTime="2019-07-19T15:51:24.0119963+05:30" endTime="2019-07-19T15:51:24.0119963+05:30" testType="13cdc9d9-ddb5-4fa4-a97d-d965ccfc6d4b" outcome="Passed" testListId="8c84fa94-04c1-424b-9868-57a2d4851a1d" relativeResultsDirectory="7c470e05-0516-4b09-ba3c-ad4aa45e458e" />
    <UnitTestResult executionId="e74fe196-eca2-4def-813e-ae067f2da2e2" testId="01e4aeae-5168-c485-be5d-213c14f12253" testName="TestMethod598" computerName="SUSALUJ" duration="00:00:00.0000189" startTime="2019-07-19T15:51:23.8589945+05:30" endTime="2019-07-19T15:51:23.8589945+05:30" testType="13cdc9d9-ddb5-4fa4-a97d-d965ccfc6d4b" outcome="Passed" testListId="8c84fa94-04c1-424b-9868-57a2d4851a1d" relativeResultsDirectory="e74fe196-eca2-4def-813e-ae067f2da2e2" />
    <UnitTestResult executionId="76cc309b-dea8-4bf6-846c-ca71d94ba455" testId="17602286-7586-5631-70a5-321de694d027" testName="TestMethod917" computerName="SUSALUJ" duration="00:00:00.0000568" startTime="2019-07-19T15:51:23.8109947+05:30" endTime="2019-07-19T15:51:23.8109947+05:30" testType="13cdc9d9-ddb5-4fa4-a97d-d965ccfc6d4b" outcome="Passed" testListId="8c84fa94-04c1-424b-9868-57a2d4851a1d" relativeResultsDirectory="76cc309b-dea8-4bf6-846c-ca71d94ba455" />
    <UnitTestResult executionId="ff8e5189-35c8-4db1-b81d-ff3ae4f66594" testId="1e91379e-a612-ecda-00ad-3a929d9956cc" testName="TestMethod536" computerName="SUSALUJ" duration="00:00:00.0000228" startTime="2019-07-19T15:51:23.8859949+05:30" endTime="2019-07-19T15:51:23.8859949+05:30" testType="13cdc9d9-ddb5-4fa4-a97d-d965ccfc6d4b" outcome="Passed" testListId="8c84fa94-04c1-424b-9868-57a2d4851a1d" relativeResultsDirectory="ff8e5189-35c8-4db1-b81d-ff3ae4f66594" />
    <UnitTestResult executionId="e24f2b9d-14d5-469a-8994-f96c7d18e1c3" testId="e85b2f4b-9415-e5ab-d943-269429563998" testName="TestMethod421" computerName="SUSALUJ" duration="00:00:00.0000333" startTime="2019-07-19T15:51:23.9389977+05:30" endTime="2019-07-19T15:51:23.9389977+05:30" testType="13cdc9d9-ddb5-4fa4-a97d-d965ccfc6d4b" outcome="Passed" testListId="8c84fa94-04c1-424b-9868-57a2d4851a1d" relativeResultsDirectory="e24f2b9d-14d5-469a-8994-f96c7d18e1c3" />
    <UnitTestResult executionId="2299552c-4027-4c60-a926-45c380bf70e3" testId="12b17b7e-341f-b93e-6db1-d2ed9a5134c7" testName="TestMethod641" computerName="SUSALUJ" duration="00:00:00.0000211" startTime="2019-07-19T15:51:23.8669961+05:30" endTime="2019-07-19T15:51:23.8669961+05:30" testType="13cdc9d9-ddb5-4fa4-a97d-d965ccfc6d4b" outcome="Passed" testListId="8c84fa94-04c1-424b-9868-57a2d4851a1d" relativeResultsDirectory="2299552c-4027-4c60-a926-45c380bf70e3" />
    <UnitTestResult executionId="792b1ebd-cb99-489b-be5c-6b3f49778b2b" testId="54eafe78-aa08-3f7e-0ca4-8f6aeecd338c" testName="TestMethod145" computerName="SUSALUJ" duration="00:00:00.0000201" startTime="2019-07-19T15:51:24.0149947+05:30" endTime="2019-07-19T15:51:24.0149947+05:30" testType="13cdc9d9-ddb5-4fa4-a97d-d965ccfc6d4b" outcome="Passed" testListId="8c84fa94-04c1-424b-9868-57a2d4851a1d" relativeResultsDirectory="792b1ebd-cb99-489b-be5c-6b3f49778b2b" />
    <UnitTestResult executionId="53cdde40-3951-4832-a88e-32f9506bbfdb" testId="0a3f2dd3-89cb-afb7-3962-50a1679b3ba3" testName="TestMethod564" computerName="SUSALUJ" duration="00:00:00.0000417" startTime="2019-07-19T15:51:23.8899947+05:30" endTime="2019-07-19T15:51:23.8909958+05:30" testType="13cdc9d9-ddb5-4fa4-a97d-d965ccfc6d4b" outcome="Passed" testListId="8c84fa94-04c1-424b-9868-57a2d4851a1d" relativeResultsDirectory="53cdde40-3951-4832-a88e-32f9506bbfdb" />
    <UnitTestResult executionId="83659e98-a009-419c-81d9-ea408f24246c" testId="ff01f86a-f0b3-fd8e-4441-388dd11f94ca" testName="TestMethod562" computerName="SUSALUJ" duration="00:00:00.0000192" startTime="2019-07-19T15:51:23.8899947+05:30" endTime="2019-07-19T15:51:23.8899947+05:30" testType="13cdc9d9-ddb5-4fa4-a97d-d965ccfc6d4b" outcome="Passed" testListId="8c84fa94-04c1-424b-9868-57a2d4851a1d" relativeResultsDirectory="83659e98-a009-419c-81d9-ea408f24246c" />
    <UnitTestResult executionId="f6233a3a-b6ab-424b-9296-1d0efe37b3d8" testId="6c89b528-ea7c-eb48-edc6-b48c23b28dc9" testName="TestMethod30" computerName="SUSALUJ" duration="00:00:00.0008588" startTime="2019-07-19T15:51:24.1579966+05:30" endTime="2019-07-19T15:51:24.1589954+05:30" testType="13cdc9d9-ddb5-4fa4-a97d-d965ccfc6d4b" outcome="Failed" testListId="8c84fa94-04c1-424b-9868-57a2d4851a1d" relativeResultsDirectory="f6233a3a-b6ab-424b-9296-1d0efe37b3d8">
      <Output>
        <ErrorInfo>
          <Message>Assert.AreEqual failed. Expected:&lt;2&gt;. Actual:&lt;4&gt;. </Message>
          <StackTrace>   at TestProjectWON.UnitTest1.TestMethod30() in C:\agent\_work\8\s\TestProjectWON\UnitTest1.cs:line 163&#xD;
</StackTrace>
        </ErrorInfo>
      </Output>
    </UnitTestResult>
    <UnitTestResult executionId="bf22cec6-f876-4d2b-967a-832e929a6697" testId="8ce8709b-f529-f993-476b-8a16b458982c" testName="TestMethod173" computerName="SUSALUJ" duration="00:00:00.0000304" startTime="2019-07-19T15:51:23.9739971+05:30" endTime="2019-07-19T15:51:23.9749966+05:30" testType="13cdc9d9-ddb5-4fa4-a97d-d965ccfc6d4b" outcome="Passed" testListId="8c84fa94-04c1-424b-9868-57a2d4851a1d" relativeResultsDirectory="bf22cec6-f876-4d2b-967a-832e929a6697" />
    <UnitTestResult executionId="70f4c95b-f197-436b-be51-6cec62d8a32d" testId="172c2f67-22d9-0b21-9df9-f6d7bf27ac94" testName="TestMethod733" computerName="SUSALUJ" duration="00:00:00.0003116" startTime="2019-07-19T15:51:23.8519939+05:30" endTime="2019-07-19T15:51:23.8529963+05:30" testType="13cdc9d9-ddb5-4fa4-a97d-d965ccfc6d4b" outcome="Passed" testListId="8c84fa94-04c1-424b-9868-57a2d4851a1d" relativeResultsDirectory="70f4c95b-f197-436b-be51-6cec62d8a32d" />
    <UnitTestResult executionId="0c63fcbe-39ba-4560-8758-6432dac92a2c" testId="c6ae7993-fc24-7155-0286-1345ac914309" testName="TestMethod904" computerName="SUSALUJ" duration="00:00:00.0000396" startTime="2019-07-19T15:51:23.8089957+05:30" endTime="2019-07-19T15:51:23.8089957+05:30" testType="13cdc9d9-ddb5-4fa4-a97d-d965ccfc6d4b" outcome="Passed" testListId="8c84fa94-04c1-424b-9868-57a2d4851a1d" relativeResultsDirectory="0c63fcbe-39ba-4560-8758-6432dac92a2c" />
    <UnitTestResult executionId="235da816-9313-4490-9150-a77f54c5af75" testId="f852f7cb-14d1-d79d-ca12-717fd583929c" testName="TestMethod434" computerName="SUSALUJ" duration="00:00:00.0000235" startTime="2019-07-19T15:51:23.8979961+05:30" endTime="2019-07-19T15:51:23.8979961+05:30" testType="13cdc9d9-ddb5-4fa4-a97d-d965ccfc6d4b" outcome="Passed" testListId="8c84fa94-04c1-424b-9868-57a2d4851a1d" relativeResultsDirectory="235da816-9313-4490-9150-a77f54c5af75" />
    <UnitTestResult executionId="7367479a-87f1-4e7d-ab4b-25304bd05010" testId="835b45ed-3072-ca89-7fba-8d5843f896c9" testName="TestMethod670" computerName="SUSALUJ" duration="00:00:00.0000198" startTime="2019-07-19T15:51:23.8729942+05:30" endTime="2019-07-19T15:51:23.8729942+05:30" testType="13cdc9d9-ddb5-4fa4-a97d-d965ccfc6d4b" outcome="Passed" testListId="8c84fa94-04c1-424b-9868-57a2d4851a1d" relativeResultsDirectory="7367479a-87f1-4e7d-ab4b-25304bd05010" />
    <UnitTestResult executionId="0f5d7ce1-2b32-4ffe-9b8c-975a0e2cf365" testId="d4c28c10-0cb1-59ea-ca2e-58dae9e42774" testName="TestMethod954" computerName="SUSALUJ" duration="00:00:00.0000348" startTime="2019-07-19T15:51:23.7829932+05:30" endTime="2019-07-19T15:51:23.7829932+05:30" testType="13cdc9d9-ddb5-4fa4-a97d-d965ccfc6d4b" outcome="Passed" testListId="8c84fa94-04c1-424b-9868-57a2d4851a1d" relativeResultsDirectory="0f5d7ce1-2b32-4ffe-9b8c-975a0e2cf365" />
    <UnitTestResult executionId="28917b33-e389-4496-8589-fb004158511a" testId="710e3724-6595-fb9a-403c-6e60afa68e47" testName="TestMethod599" computerName="SUSALUJ" duration="00:00:00.0000199" startTime="2019-07-19T15:51:23.8589945+05:30" endTime="2019-07-19T15:51:23.8589945+05:30" testType="13cdc9d9-ddb5-4fa4-a97d-d965ccfc6d4b" outcome="Passed" testListId="8c84fa94-04c1-424b-9868-57a2d4851a1d" relativeResultsDirectory="28917b33-e389-4496-8589-fb004158511a" />
    <UnitTestResult executionId="c097a7ca-e092-448e-bb0c-617769e79aab" testId="5e6f7ffb-bfeb-e6b6-109d-621339e7fecc" testName="TestMethod774" computerName="SUSALUJ" duration="00:00:00.0000266" startTime="2019-07-19T15:51:23.8169930+05:30" endTime="2019-07-19T15:51:23.8169930+05:30" testType="13cdc9d9-ddb5-4fa4-a97d-d965ccfc6d4b" outcome="Passed" testListId="8c84fa94-04c1-424b-9868-57a2d4851a1d" relativeResultsDirectory="c097a7ca-e092-448e-bb0c-617769e79aab" />
    <UnitTestResult executionId="abda4ccd-bf13-457a-b26a-3e38fc203cdd" testId="9524a89d-4de7-f772-178c-7bc487185542" testName="TestMethod45" computerName="SUSALUJ" duration="00:00:00.0004635" startTime="2019-07-19T15:51:24.1739954+05:30" endTime="2019-07-19T15:51:24.1739954+05:30" testType="13cdc9d9-ddb5-4fa4-a97d-d965ccfc6d4b" outcome="Failed" testListId="8c84fa94-04c1-424b-9868-57a2d4851a1d" relativeResultsDirectory="abda4ccd-bf13-457a-b26a-3e38fc203cdd">
      <Output>
        <ErrorInfo>
          <Message>Assert.AreEqual failed. Expected:&lt;2&gt;. Actual:&lt;4&gt;. </Message>
          <StackTrace>   at TestProjectWON.UnitTest1.TestMethod45() in C:\agent\_work\8\s\TestProjectWON\UnitTest1.cs:line 238&#xD;
</StackTrace>
        </ErrorInfo>
      </Output>
    </UnitTestResult>
    <UnitTestResult executionId="dd88b790-1275-4fc5-a7b6-0f00f77919fb" testId="1b38b5e4-4fe8-049e-0c45-204c19fce78a" testName="TestMethod218" computerName="SUSALUJ" duration="00:00:00.0000444" startTime="2019-07-19T15:51:23.9879966+05:30" endTime="2019-07-19T15:51:23.9879966+05:30" testType="13cdc9d9-ddb5-4fa4-a97d-d965ccfc6d4b" outcome="Passed" testListId="8c84fa94-04c1-424b-9868-57a2d4851a1d" relativeResultsDirectory="dd88b790-1275-4fc5-a7b6-0f00f77919fb" />
    <UnitTestResult executionId="46531853-bdd6-4f07-85cd-a46902af955c" testId="2b61d3f8-d8ea-6d9c-6e2f-000e0f355baa" testName="TestMethod396" computerName="SUSALUJ" duration="00:00:00.0000502" startTime="2019-07-19T15:51:23.9319977+05:30" endTime="2019-07-19T15:51:23.9319977+05:30" testType="13cdc9d9-ddb5-4fa4-a97d-d965ccfc6d4b" outcome="Passed" testListId="8c84fa94-04c1-424b-9868-57a2d4851a1d" relativeResultsDirectory="46531853-bdd6-4f07-85cd-a46902af955c" />
    <UnitTestResult executionId="2a9a8978-e0c8-4567-9acf-b30d06f1f85b" testId="04f9de18-4686-222a-0170-355135415b69" testName="TestMethod799" computerName="SUSALUJ" duration="00:00:00.0000307" startTime="2019-07-19T15:51:23.8299937+05:30" endTime="2019-07-19T15:51:23.8299937+05:30" testType="13cdc9d9-ddb5-4fa4-a97d-d965ccfc6d4b" outcome="Passed" testListId="8c84fa94-04c1-424b-9868-57a2d4851a1d" relativeResultsDirectory="2a9a8978-e0c8-4567-9acf-b30d06f1f85b" />
    <UnitTestResult executionId="8b04852e-3811-475c-9761-2a3302ad31e7" testId="c2bee61d-b377-0307-6ae6-213cbe906e4c" testName="TestMethod323" computerName="SUSALUJ" duration="00:00:00.0000239" startTime="2019-07-19T15:51:23.9679952+05:30" endTime="2019-07-19T15:51:23.9679952+05:30" testType="13cdc9d9-ddb5-4fa4-a97d-d965ccfc6d4b" outcome="Passed" testListId="8c84fa94-04c1-424b-9868-57a2d4851a1d" relativeResultsDirectory="8b04852e-3811-475c-9761-2a3302ad31e7" />
    <UnitTestResult executionId="cfdde774-82a6-4bb7-bd7b-8366748f1479" testId="a5dc8def-6e1e-975a-0bfc-856e597d0053" testName="TestMethod746" computerName="SUSALUJ" duration="00:00:00.0000413" startTime="2019-07-19T15:51:23.8539946+05:30" endTime="2019-07-19T15:51:23.8549939+05:30" testType="13cdc9d9-ddb5-4fa4-a97d-d965ccfc6d4b" outcome="Passed" testListId="8c84fa94-04c1-424b-9868-57a2d4851a1d" relativeResultsDirectory="cfdde774-82a6-4bb7-bd7b-8366748f1479" />
    <UnitTestResult executionId="3628d9d7-0f99-4757-9dba-60d29f91f031" testId="090618a1-3f98-cb1b-af84-a23938a39e4b" testName="TestMethod306" computerName="SUSALUJ" duration="00:00:00.0000324" startTime="2019-07-19T15:51:23.9619979+05:30" endTime="2019-07-19T15:51:23.9619979+05:30" testType="13cdc9d9-ddb5-4fa4-a97d-d965ccfc6d4b" outcome="Passed" testListId="8c84fa94-04c1-424b-9868-57a2d4851a1d" relativeResultsDirectory="3628d9d7-0f99-4757-9dba-60d29f91f031" />
    <UnitTestResult executionId="fb0941f0-c14f-419c-9f37-69030fcc1391" testId="16f70a3b-5d0d-c008-e985-9ff47e23535f" testName="TestMethod835" computerName="SUSALUJ" duration="00:00:00.0000404" startTime="2019-07-19T15:51:23.8369942+05:30" endTime="2019-07-19T15:51:23.8379961+05:30" testType="13cdc9d9-ddb5-4fa4-a97d-d965ccfc6d4b" outcome="Passed" testListId="8c84fa94-04c1-424b-9868-57a2d4851a1d" relativeResultsDirectory="fb0941f0-c14f-419c-9f37-69030fcc1391" />
    <UnitTestResult executionId="59180bc7-b80c-4a75-aa4c-86b5cf2a1cfd" testId="787490a8-43a1-74c1-a4fa-c920eefad8af" testName="TestMethod600" computerName="SUSALUJ" duration="00:00:00.0000196" startTime="2019-07-19T15:51:23.8589945+05:30" endTime="2019-07-19T15:51:23.8589945+05:30" testType="13cdc9d9-ddb5-4fa4-a97d-d965ccfc6d4b" outcome="Passed" testListId="8c84fa94-04c1-424b-9868-57a2d4851a1d" relativeResultsDirectory="59180bc7-b80c-4a75-aa4c-86b5cf2a1cfd" />
    <UnitTestResult executionId="bf117f12-635c-4157-b0f3-00baf8cfc58d" testId="5eb94d51-5c62-aaf6-cb61-c1c5957e95cc" testName="TestMethod217" computerName="SUSALUJ" duration="00:00:00.0004666" startTime="2019-07-19T15:51:23.9869955+05:30" endTime="2019-07-19T15:51:23.9879966+05:30" testType="13cdc9d9-ddb5-4fa4-a97d-d965ccfc6d4b" outcome="Passed" testListId="8c84fa94-04c1-424b-9868-57a2d4851a1d" relativeResultsDirectory="bf117f12-635c-4157-b0f3-00baf8cfc58d" />
    <UnitTestResult executionId="15cf2a2a-1812-4318-85c8-ac06f3b49c36" testId="1ab15874-8cee-3a39-5577-f36cafb14094" testName="TestMethod99" computerName="SUSALUJ" duration="00:00:00.0000386" startTime="2019-07-19T15:51:24.0019952+05:30" endTime="2019-07-19T15:51:24.0019952+05:30" testType="13cdc9d9-ddb5-4fa4-a97d-d965ccfc6d4b" outcome="Passed" testListId="8c84fa94-04c1-424b-9868-57a2d4851a1d" relativeResultsDirectory="15cf2a2a-1812-4318-85c8-ac06f3b49c36" />
    <UnitTestResult executionId="9c65e9af-7f4e-4b56-aac8-730a13783652" testId="cac267fe-fbf4-1da3-9fa6-3dc03dc118f3" testName="TestMethod101" computerName="SUSALUJ" duration="00:00:00.0000223" startTime="2019-07-19T15:51:24.0029988+05:30" endTime="2019-07-19T15:51:24.0029988+05:30" testType="13cdc9d9-ddb5-4fa4-a97d-d965ccfc6d4b" outcome="Passed" testListId="8c84fa94-04c1-424b-9868-57a2d4851a1d" relativeResultsDirectory="9c65e9af-7f4e-4b56-aac8-730a13783652" />
    <UnitTestResult executionId="1fe29f27-2b20-486f-bfba-e92ff1cf0e05" testId="50648593-5c3d-50ee-5e8d-50b8b362b51e" testName="TestMethod22" computerName="SUSALUJ" duration="00:00:00.0015826" startTime="2019-07-19T15:51:24.1459961+05:30" endTime="2019-07-19T15:51:24.1479955+05:30" testType="13cdc9d9-ddb5-4fa4-a97d-d965ccfc6d4b" outcome="Failed" testListId="8c84fa94-04c1-424b-9868-57a2d4851a1d" relativeResultsDirectory="1fe29f27-2b20-486f-bfba-e92ff1cf0e05">
      <Output>
        <ErrorInfo>
          <Message>Assert.AreEqual failed. Expected:&lt;2&gt;. Actual:&lt;4&gt;. </Message>
          <StackTrace>   at TestProjectWON.UnitTest1.TestMethod22() in C:\agent\_work\8\s\TestProjectWON\UnitTest1.cs:line 123&#xD;
</StackTrace>
        </ErrorInfo>
      </Output>
    </UnitTestResult>
    <UnitTestResult executionId="44fb9b70-b389-40c6-b13a-dbd3a1208c23" testId="558bbf3e-ad01-237f-31a6-a482e4972696" testName="TestMethod879" computerName="SUSALUJ" duration="00:00:00.0000960" startTime="2019-07-19T15:51:23.8009947+05:30" endTime="2019-07-19T15:51:23.8019963+05:30" testType="13cdc9d9-ddb5-4fa4-a97d-d965ccfc6d4b" outcome="Passed" testListId="8c84fa94-04c1-424b-9868-57a2d4851a1d" relativeResultsDirectory="44fb9b70-b389-40c6-b13a-dbd3a1208c23" />
    <UnitTestResult executionId="8ce6b92f-ae39-495a-858b-88d189210f9c" testId="e98717dc-db9f-7dce-27fc-a1c52c45cc6b" testName="TestMethod666" computerName="SUSALUJ" duration="00:00:00.0000252" startTime="2019-07-19T15:51:23.8719952+05:30" endTime="2019-07-19T15:51:23.8719952+05:30" testType="13cdc9d9-ddb5-4fa4-a97d-d965ccfc6d4b" outcome="Passed" testListId="8c84fa94-04c1-424b-9868-57a2d4851a1d" relativeResultsDirectory="8ce6b92f-ae39-495a-858b-88d189210f9c" />
    <UnitTestResult executionId="4fa92cd4-ab6f-457a-9e11-5770c909c140" testId="a31dfba7-e2eb-92e0-e6d2-edbe78204565" testName="TestMethod247" computerName="SUSALUJ" duration="00:00:00.0000303" startTime="2019-07-19T15:51:23.9959979+05:30" endTime="2019-07-19T15:51:23.9969949+05:30" testType="13cdc9d9-ddb5-4fa4-a97d-d965ccfc6d4b" outcome="Passed" testListId="8c84fa94-04c1-424b-9868-57a2d4851a1d" relativeResultsDirectory="4fa92cd4-ab6f-457a-9e11-5770c909c140" />
    <UnitTestResult executionId="24089f50-31e6-489a-a07a-ab9643891e42" testId="58844bb4-401a-ed44-f97e-47352b0d4158" testName="TestMethod664" computerName="SUSALUJ" duration="00:00:00.0000235" startTime="2019-07-19T15:51:23.8709968+05:30" endTime="2019-07-19T15:51:23.8719952+05:30" testType="13cdc9d9-ddb5-4fa4-a97d-d965ccfc6d4b" outcome="Passed" testListId="8c84fa94-04c1-424b-9868-57a2d4851a1d" relativeResultsDirectory="24089f50-31e6-489a-a07a-ab9643891e42" />
    <UnitTestResult executionId="ceb56a35-f38c-4a94-b000-fcc3919dafe0" testId="95536bc7-94ce-e4e8-dd9b-0f6a2fb3a99f" testName="TestMethod359" computerName="SUSALUJ" duration="00:00:00.0000282" startTime="2019-07-19T15:51:23.9209972+05:30" endTime="2019-07-19T15:51:23.9209972+05:30" testType="13cdc9d9-ddb5-4fa4-a97d-d965ccfc6d4b" outcome="Passed" testListId="8c84fa94-04c1-424b-9868-57a2d4851a1d" relativeResultsDirectory="ceb56a35-f38c-4a94-b000-fcc3919dafe0" />
    <UnitTestResult executionId="a7994b30-9815-4568-ad02-11d8137b29f6" testId="9cc5e92b-93df-26cc-9767-7c7734ecec97" testName="TestMethod83" computerName="SUSALUJ" duration="00:00:00.0000199" startTime="2019-07-19T15:51:24.1859944+05:30" endTime="2019-07-19T15:51:24.1859944+05:30" testType="13cdc9d9-ddb5-4fa4-a97d-d965ccfc6d4b" outcome="Passed" testListId="8c84fa94-04c1-424b-9868-57a2d4851a1d" relativeResultsDirectory="a7994b30-9815-4568-ad02-11d8137b29f6" />
    <UnitTestResult executionId="1899b95b-6fdd-4ffa-8cdd-df6c1ee9be4f" testId="30de3392-1a40-1ab9-cb8c-49220a829094" testName="TestMethod830" computerName="SUSALUJ" duration="00:00:00.0000334" startTime="2019-07-19T15:51:23.8369942+05:30" endTime="2019-07-19T15:51:23.8369942+05:30" testType="13cdc9d9-ddb5-4fa4-a97d-d965ccfc6d4b" outcome="Passed" testListId="8c84fa94-04c1-424b-9868-57a2d4851a1d" relativeResultsDirectory="1899b95b-6fdd-4ffa-8cdd-df6c1ee9be4f" />
    <UnitTestResult executionId="0bdf1404-e824-4fdb-9e9d-30f38648804b" testId="d4c908cd-0efa-969d-cc6b-17454c825a33" testName="TestMethod683" computerName="SUSALUJ" duration="00:00:00.0000539" startTime="2019-07-19T15:51:23.8409943+05:30" endTime="2019-07-19T15:51:23.8419963+05:30" testType="13cdc9d9-ddb5-4fa4-a97d-d965ccfc6d4b" outcome="Passed" testListId="8c84fa94-04c1-424b-9868-57a2d4851a1d" relativeResultsDirectory="0bdf1404-e824-4fdb-9e9d-30f38648804b" />
    <UnitTestResult executionId="b711b2aa-267c-4626-83a8-6fb89513a169" testId="dbee600a-43b3-1f1d-cc85-07a8ccebdcdf" testName="TestMethod181" computerName="SUSALUJ" duration="00:00:00.0000343" startTime="2019-07-19T15:51:23.9779969+05:30" endTime="2019-07-19T15:51:23.9779969+05:30" testType="13cdc9d9-ddb5-4fa4-a97d-d965ccfc6d4b" outcome="Passed" testListId="8c84fa94-04c1-424b-9868-57a2d4851a1d" relativeResultsDirectory="b711b2aa-267c-4626-83a8-6fb89513a169" />
    <UnitTestResult executionId="36723a64-29db-4b8d-8ca9-eb519b9659b7" testId="0a41b63f-4f9c-855e-d21e-780bec75c16f" testName="TestMethod747" computerName="SUSALUJ" duration="00:00:00.0000236" startTime="2019-07-19T15:51:23.8549939+05:30" endTime="2019-07-19T15:51:23.8549939+05:30" testType="13cdc9d9-ddb5-4fa4-a97d-d965ccfc6d4b" outcome="Passed" testListId="8c84fa94-04c1-424b-9868-57a2d4851a1d" relativeResultsDirectory="36723a64-29db-4b8d-8ca9-eb519b9659b7" />
    <UnitTestResult executionId="76bcc151-c157-4f2b-bf65-a23fb504eb99" testId="cabf9801-b2ac-3639-6e36-041dc40cdf70" testName="TestMethod811" computerName="SUSALUJ" duration="00:00:00.0000342" startTime="2019-07-19T15:51:23.8319962+05:30" endTime="2019-07-19T15:51:23.8329950+05:30" testType="13cdc9d9-ddb5-4fa4-a97d-d965ccfc6d4b" outcome="Passed" testListId="8c84fa94-04c1-424b-9868-57a2d4851a1d" relativeResultsDirectory="76bcc151-c157-4f2b-bf65-a23fb504eb99" />
    <UnitTestResult executionId="7158bd7a-bb30-40a4-b47d-11b1d40a4022" testId="29ec040f-0154-d300-a13d-e565707c8d31" testName="TestMethod112" computerName="SUSALUJ" duration="00:00:00.0000291" startTime="2019-07-19T15:51:24.0049990+05:30" endTime="2019-07-19T15:51:24.0049990+05:30" testType="13cdc9d9-ddb5-4fa4-a97d-d965ccfc6d4b" outcome="Passed" testListId="8c84fa94-04c1-424b-9868-57a2d4851a1d" relativeResultsDirectory="7158bd7a-bb30-40a4-b47d-11b1d40a4022" />
    <UnitTestResult executionId="0673e114-fb7d-4259-a8ca-71bc9e4bcbcd" testId="e6472074-b6c9-ae04-e0cd-0e2bb0dbc218" testName="TestMethod220" computerName="SUSALUJ" duration="00:00:00.0000383" startTime="2019-07-19T15:51:23.9879966+05:30" endTime="2019-07-19T15:51:23.9889968+05:30" testType="13cdc9d9-ddb5-4fa4-a97d-d965ccfc6d4b" outcome="Passed" testListId="8c84fa94-04c1-424b-9868-57a2d4851a1d" relativeResultsDirectory="0673e114-fb7d-4259-a8ca-71bc9e4bcbcd" />
    <UnitTestResult executionId="f67b87a0-8dd0-4e2d-88e5-6081ed34603a" testId="c0361266-d32e-7204-9438-73d7faeeb8bf" testName="TestMethod108" computerName="SUSALUJ" duration="00:00:00.0000199" startTime="2019-07-19T15:51:24.0039963+05:30" endTime="2019-07-19T15:51:24.0039963+05:30" testType="13cdc9d9-ddb5-4fa4-a97d-d965ccfc6d4b" outcome="Passed" testListId="8c84fa94-04c1-424b-9868-57a2d4851a1d" relativeResultsDirectory="f67b87a0-8dd0-4e2d-88e5-6081ed34603a" />
    <UnitTestResult executionId="23e8e14f-ee24-4bce-ae85-e1494b3aad94" testId="5e20c9a6-f828-762f-d3f4-e0a2c22e6536" testName="TestMethod550" computerName="SUSALUJ" duration="00:00:00.0000197" startTime="2019-07-19T15:51:23.8879945+05:30" endTime="2019-07-19T15:51:23.8879945+05:30" testType="13cdc9d9-ddb5-4fa4-a97d-d965ccfc6d4b" outcome="Passed" testListId="8c84fa94-04c1-424b-9868-57a2d4851a1d" relativeResultsDirectory="23e8e14f-ee24-4bce-ae85-e1494b3aad94" />
    <UnitTestResult executionId="9466c910-908f-445c-bde7-da65be17b8fa" testId="ecc438ed-cacc-283d-981c-7cb474e7f8e3" testName="TestMethod537" computerName="SUSALUJ" duration="00:00:00.0000218" startTime="2019-07-19T15:51:23.8859949+05:30" endTime="2019-07-19T15:51:23.8859949+05:30" testType="13cdc9d9-ddb5-4fa4-a97d-d965ccfc6d4b" outcome="Passed" testListId="8c84fa94-04c1-424b-9868-57a2d4851a1d" relativeResultsDirectory="9466c910-908f-445c-bde7-da65be17b8fa" />
    <UnitTestResult executionId="7266b85e-ae2d-4c15-84af-b101e0eb0076" testId="d8dcf24b-2b20-7279-783d-81a710f1dcbb" testName="TestMethod972" computerName="SUSALUJ" duration="00:00:00.0000385" startTime="2019-07-19T15:51:23.7869937+05:30" endTime="2019-07-19T15:51:23.7869937+05:30" testType="13cdc9d9-ddb5-4fa4-a97d-d965ccfc6d4b" outcome="Passed" testListId="8c84fa94-04c1-424b-9868-57a2d4851a1d" relativeResultsDirectory="7266b85e-ae2d-4c15-84af-b101e0eb0076" />
    <UnitTestResult executionId="38a057ea-dea9-4c74-b177-1c8a9ea8ac3d" testId="76181476-f39d-7562-643a-3060e224eda8" testName="TestMethod337" computerName="SUSALUJ" duration="00:00:00.0000490" startTime="2019-07-19T15:51:23.9719984+05:30" endTime="2019-07-19T15:51:23.9729971+05:30" testType="13cdc9d9-ddb5-4fa4-a97d-d965ccfc6d4b" outcome="Passed" testListId="8c84fa94-04c1-424b-9868-57a2d4851a1d" relativeResultsDirectory="38a057ea-dea9-4c74-b177-1c8a9ea8ac3d" />
    <UnitTestResult executionId="e207467c-0e7f-4f37-9229-ce264af0fcdb" testId="222cdf2b-16af-8c5e-c16d-532bea36228f" testName="TestMethod300" computerName="SUSALUJ" duration="00:00:00.0000476" startTime="2019-07-19T15:51:23.9589980+05:30" endTime="2019-07-19T15:51:23.9600002+05:30" testType="13cdc9d9-ddb5-4fa4-a97d-d965ccfc6d4b" outcome="Passed" testListId="8c84fa94-04c1-424b-9868-57a2d4851a1d" relativeResultsDirectory="e207467c-0e7f-4f37-9229-ce264af0fcdb" />
    <UnitTestResult executionId="c0902d23-8fd6-41e2-b3af-0a36bc6fe1c3" testId="a843fe63-02fe-2dad-20bd-094bbba2be1b" testName="TestMethod348" computerName="SUSALUJ" duration="00:00:00.0000304" startTime="2019-07-19T15:51:23.9179973+05:30" endTime="2019-07-19T15:51:23.9179973+05:30" testType="13cdc9d9-ddb5-4fa4-a97d-d965ccfc6d4b" outcome="Passed" testListId="8c84fa94-04c1-424b-9868-57a2d4851a1d" relativeResultsDirectory="c0902d23-8fd6-41e2-b3af-0a36bc6fe1c3" />
    <UnitTestResult executionId="754cfddf-1a98-4b6a-b9aa-5db9085203e1" testId="241b7ae4-4756-4891-464a-7c487953a831" testName="TestMethod903" computerName="SUSALUJ" duration="00:00:00.0000387" startTime="2019-07-19T15:51:23.8079969+05:30" endTime="2019-07-19T15:51:23.8079969+05:30" testType="13cdc9d9-ddb5-4fa4-a97d-d965ccfc6d4b" outcome="Passed" testListId="8c84fa94-04c1-424b-9868-57a2d4851a1d" relativeResultsDirectory="754cfddf-1a98-4b6a-b9aa-5db9085203e1" />
    <UnitTestResult executionId="0e335f94-759e-4daa-8e99-1c704bbed6ed" testId="5bd851b4-6d07-0258-4c1a-0f4c474f96d4" testName="TestMethod952" computerName="SUSALUJ" duration="00:00:00.0000352" startTime="2019-07-19T15:51:23.7819933+05:30" endTime="2019-07-19T15:51:23.7819933+05:30" testType="13cdc9d9-ddb5-4fa4-a97d-d965ccfc6d4b" outcome="Passed" testListId="8c84fa94-04c1-424b-9868-57a2d4851a1d" relativeResultsDirectory="0e335f94-759e-4daa-8e99-1c704bbed6ed" />
    <UnitTestResult executionId="0d9bbaa7-1e36-419a-85d9-9e93c8a44436" testId="af9cc299-f90c-d739-56f5-672fc39a6f96" testName="TestMethod836" computerName="SUSALUJ" duration="00:00:00.0000311" startTime="2019-07-19T15:51:23.8379961+05:30" endTime="2019-07-19T15:51:23.8379961+05:30" testType="13cdc9d9-ddb5-4fa4-a97d-d965ccfc6d4b" outcome="Passed" testListId="8c84fa94-04c1-424b-9868-57a2d4851a1d" relativeResultsDirectory="0d9bbaa7-1e36-419a-85d9-9e93c8a44436" />
    <UnitTestResult executionId="250abd5b-c5d9-4ef9-9101-d0e3e7fbe446" testId="4ebd587b-6f47-7643-6f95-0ba5dfee9340" testName="TestMethod575" computerName="SUSALUJ" duration="00:00:00.0000196" startTime="2019-07-19T15:51:23.8919946+05:30" endTime="2019-07-19T15:51:23.8919946+05:30" testType="13cdc9d9-ddb5-4fa4-a97d-d965ccfc6d4b" outcome="Passed" testListId="8c84fa94-04c1-424b-9868-57a2d4851a1d" relativeResultsDirectory="250abd5b-c5d9-4ef9-9101-d0e3e7fbe446" />
    <UnitTestResult executionId="f1053860-3df2-4fd6-be98-075218f316c4" testId="5ac84828-9966-8e1a-08c9-8ed72c4cde49" testName="TestMethod821" computerName="SUSALUJ" duration="00:00:00.0000334" startTime="2019-07-19T15:51:23.8339942+05:30" endTime="2019-07-19T15:51:23.8349944+05:30" testType="13cdc9d9-ddb5-4fa4-a97d-d965ccfc6d4b" outcome="Passed" testListId="8c84fa94-04c1-424b-9868-57a2d4851a1d" relativeResultsDirectory="f1053860-3df2-4fd6-be98-075218f316c4" />
    <UnitTestResult executionId="43859bdc-b54c-4c44-b7d4-698d7f03a665" testId="c6237c9e-4fed-9131-54bd-29c3415d618e" testName="TestMethod501" computerName="SUSALUJ" duration="00:00:00.0000301" startTime="2019-07-19T15:51:23.9129977+05:30" endTime="2019-07-19T15:51:23.9139950+05:30" testType="13cdc9d9-ddb5-4fa4-a97d-d965ccfc6d4b" outcome="Passed" testListId="8c84fa94-04c1-424b-9868-57a2d4851a1d" relativeResultsDirectory="43859bdc-b54c-4c44-b7d4-698d7f03a665" />
    <UnitTestResult executionId="f7d13167-d050-4321-ac63-e0363316ee8e" testId="e905d40f-be95-1827-65a5-1cde8fbf0055" testName="TestMethod85" computerName="SUSALUJ" duration="00:00:00.0000343" startTime="2019-07-19T15:51:23.9989938+05:30" endTime="2019-07-19T15:51:23.9989938+05:30" testType="13cdc9d9-ddb5-4fa4-a97d-d965ccfc6d4b" outcome="Passed" testListId="8c84fa94-04c1-424b-9868-57a2d4851a1d" relativeResultsDirectory="f7d13167-d050-4321-ac63-e0363316ee8e" />
    <UnitTestResult executionId="cfc34475-1883-424e-92ff-059b0e29cbc0" testId="4f37197c-c656-2d24-76e4-0caf6e7a2cfa" testName="TestMethod80" computerName="SUSALUJ" duration="00:00:00.0000200" startTime="2019-07-19T15:51:24.1859944+05:30" endTime="2019-07-19T15:51:24.1859944+05:30" testType="13cdc9d9-ddb5-4fa4-a97d-d965ccfc6d4b" outcome="Passed" testListId="8c84fa94-04c1-424b-9868-57a2d4851a1d" relativeResultsDirectory="cfc34475-1883-424e-92ff-059b0e29cbc0" />
    <UnitTestResult executionId="ecdcf656-8135-46c2-8fdc-72672b203d4d" testId="0e6cc107-c8fb-79d7-b16b-448e9915d30f" testName="TestMethod574" computerName="SUSALUJ" duration="00:00:00.0000196" startTime="2019-07-19T15:51:23.8919946+05:30" endTime="2019-07-19T15:51:23.8919946+05:30" testType="13cdc9d9-ddb5-4fa4-a97d-d965ccfc6d4b" outcome="Passed" testListId="8c84fa94-04c1-424b-9868-57a2d4851a1d" relativeResultsDirectory="ecdcf656-8135-46c2-8fdc-72672b203d4d" />
    <UnitTestResult executionId="c5839b8b-8139-4ae0-ba08-4ad4bacae2b8" testId="5b7e467a-91c7-78ab-3512-45042ebd5bae" testName="TestMethod849" computerName="SUSALUJ" duration="00:00:00.0000286" startTime="2019-07-19T15:51:23.8409943+05:30" endTime="2019-07-19T15:51:23.8409943+05:30" testType="13cdc9d9-ddb5-4fa4-a97d-d965ccfc6d4b" outcome="Passed" testListId="8c84fa94-04c1-424b-9868-57a2d4851a1d" relativeResultsDirectory="c5839b8b-8139-4ae0-ba08-4ad4bacae2b8" />
    <UnitTestResult executionId="803e2117-9206-4db1-b206-d6923e6790c7" testId="b12b36db-b715-1ac4-2405-36b1f5db9819" testName="TestMethod84" computerName="SUSALUJ" duration="00:00:00.0000203" startTime="2019-07-19T15:51:24.1859944+05:30" endTime="2019-07-19T15:51:24.1859944+05:30" testType="13cdc9d9-ddb5-4fa4-a97d-d965ccfc6d4b" outcome="Passed" testListId="8c84fa94-04c1-424b-9868-57a2d4851a1d" relativeResultsDirectory="803e2117-9206-4db1-b206-d6923e6790c7" />
    <UnitTestResult executionId="80aa4c7f-81f7-476c-a227-2af1faf7431e" testId="a470c127-09ad-2eb4-0dc1-9e1111ccf290" testName="TestMethod444" computerName="SUSALUJ" duration="00:00:00.0000351" startTime="2019-07-19T15:51:23.8999943+05:30" endTime="2019-07-19T15:51:23.8999943+05:30" testType="13cdc9d9-ddb5-4fa4-a97d-d965ccfc6d4b" outcome="Passed" testListId="8c84fa94-04c1-424b-9868-57a2d4851a1d" relativeResultsDirectory="80aa4c7f-81f7-476c-a227-2af1faf7431e" />
    <UnitTestResult executionId="d03a8c4e-8fad-449c-8ade-b629246bf35a" testId="a68f0a27-cdc8-1810-ed81-abb6b4dc6add" testName="TestMethod932" computerName="SUSALUJ" duration="00:00:00.0000446" startTime="2019-07-19T15:51:23.8149966+05:30" endTime="2019-07-19T15:51:23.8149966+05:30" testType="13cdc9d9-ddb5-4fa4-a97d-d965ccfc6d4b" outcome="Passed" testListId="8c84fa94-04c1-424b-9868-57a2d4851a1d" relativeResultsDirectory="d03a8c4e-8fad-449c-8ade-b629246bf35a" />
    <UnitTestResult executionId="3c399cb1-5975-42a8-ae05-8e0fb99a9223" testId="0d431403-595c-9779-f98c-ab1f510f90ca" testName="TestMethod273" computerName="SUSALUJ" duration="00:00:00.0000325" startTime="2019-07-19T15:51:23.9509963+05:30" endTime="2019-07-19T15:51:23.9509963+05:30" testType="13cdc9d9-ddb5-4fa4-a97d-d965ccfc6d4b" outcome="Passed" testListId="8c84fa94-04c1-424b-9868-57a2d4851a1d" relativeResultsDirectory="3c399cb1-5975-42a8-ae05-8e0fb99a9223" />
    <UnitTestResult executionId="220ddec9-1b13-4cff-b4a2-e0e636d91696" testId="a79a68ab-af27-1920-e9d4-dd74146d4c1b" testName="TestMethod896" computerName="SUSALUJ" duration="00:00:00.0000758" startTime="2019-07-19T15:51:23.8059934+05:30" endTime="2019-07-19T15:51:23.8059934+05:30" testType="13cdc9d9-ddb5-4fa4-a97d-d965ccfc6d4b" outcome="Passed" testListId="8c84fa94-04c1-424b-9868-57a2d4851a1d" relativeResultsDirectory="220ddec9-1b13-4cff-b4a2-e0e636d91696" />
    <UnitTestResult executionId="0e27becc-e24e-45ed-b366-689058e0ed71" testId="d9b69963-27d8-e3e9-4282-0a7426b80ca8" testName="TestMethod876" computerName="SUSALUJ" duration="00:00:00.0000570" startTime="2019-07-19T15:51:23.8009947+05:30" endTime="2019-07-19T15:51:23.8009947+05:30" testType="13cdc9d9-ddb5-4fa4-a97d-d965ccfc6d4b" outcome="Passed" testListId="8c84fa94-04c1-424b-9868-57a2d4851a1d" relativeResultsDirectory="0e27becc-e24e-45ed-b366-689058e0ed71" />
    <UnitTestResult executionId="2a91e7d6-0584-4c94-b351-845a61d52314" testId="f1344d55-8d55-9720-b306-0a8c856b81cb" testName="TestMethod486" computerName="SUSALUJ" duration="00:00:00.0000303" startTime="2019-07-19T15:51:23.9089944+05:30" endTime="2019-07-19T15:51:23.9089944+05:30" testType="13cdc9d9-ddb5-4fa4-a97d-d965ccfc6d4b" outcome="Passed" testListId="8c84fa94-04c1-424b-9868-57a2d4851a1d" relativeResultsDirectory="2a91e7d6-0584-4c94-b351-845a61d52314" />
    <UnitTestResult executionId="999d2fe3-4588-42a3-9b9d-16e97c47d1db" testId="b0c4ea30-705a-8180-1155-ef335a3c3ef9" testName="TestMethod994" computerName="SUSALUJ" duration="00:00:00.0000739" startTime="2019-07-19T15:51:23.7909964+05:30" endTime="2019-07-19T15:51:23.7919946+05:30" testType="13cdc9d9-ddb5-4fa4-a97d-d965ccfc6d4b" outcome="Passed" testListId="8c84fa94-04c1-424b-9868-57a2d4851a1d" relativeResultsDirectory="999d2fe3-4588-42a3-9b9d-16e97c47d1db" />
    <UnitTestResult executionId="9f763ba4-307d-4196-9942-e92ecd8dac6a" testId="920a4805-aaea-bdb5-e41c-a524ec5a5f7d" testName="TestMethod582" computerName="SUSALUJ" duration="00:00:00.0000244" startTime="2019-07-19T15:51:23.8929941+05:30" endTime="2019-07-19T15:51:23.8939936+05:30" testType="13cdc9d9-ddb5-4fa4-a97d-d965ccfc6d4b" outcome="Passed" testListId="8c84fa94-04c1-424b-9868-57a2d4851a1d" relativeResultsDirectory="9f763ba4-307d-4196-9942-e92ecd8dac6a" />
    <UnitTestResult executionId="aec6b3fe-1e71-4bde-91e3-e147118b6d7c" testId="bf375141-0c02-f82b-1ecd-b36c1b60e46f" testName="TestMethod610" computerName="SUSALUJ" duration="00:00:00.0000390" startTime="2019-07-19T15:51:23.8599940+05:30" endTime="2019-07-19T15:51:23.8609960+05:30" testType="13cdc9d9-ddb5-4fa4-a97d-d965ccfc6d4b" outcome="Passed" testListId="8c84fa94-04c1-424b-9868-57a2d4851a1d" relativeResultsDirectory="aec6b3fe-1e71-4bde-91e3-e147118b6d7c" />
    <UnitTestResult executionId="6b371133-ad4b-4905-a1ef-953b755615e7" testId="34c16ea6-9bb7-002e-203b-a16772c42316" testName="TestMethod191" computerName="SUSALUJ" duration="00:00:00.0000331" startTime="2019-07-19T15:51:23.9799956+05:30" endTime="2019-07-19T15:51:23.9799956+05:30" testType="13cdc9d9-ddb5-4fa4-a97d-d965ccfc6d4b" outcome="Passed" testListId="8c84fa94-04c1-424b-9868-57a2d4851a1d" relativeResultsDirectory="6b371133-ad4b-4905-a1ef-953b755615e7" />
    <UnitTestResult executionId="e9e6f7a9-42c1-4ff0-a748-c26087fbd596" testId="c4d15c34-e3ca-7ce4-539b-70fa98691175" testName="TestMethod850" computerName="SUSALUJ" duration="00:00:00.0000577" startTime="2019-07-19T15:51:23.7919946+05:30" endTime="2019-07-19T15:51:23.7929943+05:30" testType="13cdc9d9-ddb5-4fa4-a97d-d965ccfc6d4b" outcome="Passed" testListId="8c84fa94-04c1-424b-9868-57a2d4851a1d" relativeResultsDirectory="e9e6f7a9-42c1-4ff0-a748-c26087fbd596" />
    <UnitTestResult executionId="5c809435-9712-4269-9e79-40b7a624c242" testId="ea947337-3d83-b2e8-7f31-72fa3745dd0a" testName="TestMethod125" computerName="SUSALUJ" duration="00:00:00.0000336" startTime="2019-07-19T15:51:24.0079970+05:30" endTime="2019-07-19T15:51:24.0079970+05:30" testType="13cdc9d9-ddb5-4fa4-a97d-d965ccfc6d4b" outcome="Passed" testListId="8c84fa94-04c1-424b-9868-57a2d4851a1d" relativeResultsDirectory="5c809435-9712-4269-9e79-40b7a624c242" />
    <UnitTestResult executionId="ab90f7b5-8985-4a2d-8bc2-4111a8b5b04b" testId="a76ae674-56b4-d457-d0b5-04f908ea39dd" testName="TestMethod238" computerName="SUSALUJ" duration="00:00:00.0000510" startTime="2019-07-19T15:51:23.9929975+05:30" endTime="2019-07-19T15:51:23.9940002+05:30" testType="13cdc9d9-ddb5-4fa4-a97d-d965ccfc6d4b" outcome="Passed" testListId="8c84fa94-04c1-424b-9868-57a2d4851a1d" relativeResultsDirectory="ab90f7b5-8985-4a2d-8bc2-4111a8b5b04b" />
    <UnitTestResult executionId="0472ba67-20f8-47ef-a81d-28d29c471cfa" testId="b3a68e6e-d0ea-e834-422f-1a35491f3f76" testName="TestMethod235" computerName="SUSALUJ" duration="00:00:00.0000320" startTime="2019-07-19T15:51:23.9929975+05:30" endTime="2019-07-19T15:51:23.9929975+05:30" testType="13cdc9d9-ddb5-4fa4-a97d-d965ccfc6d4b" outcome="Passed" testListId="8c84fa94-04c1-424b-9868-57a2d4851a1d" relativeResultsDirectory="0472ba67-20f8-47ef-a81d-28d29c471cfa" />
    <UnitTestResult executionId="5d313db1-cf1a-4d46-999a-3b55e00700cf" testId="c60b5b1a-855f-ddf2-2fce-a2dda2f564ce" testName="TestMethod870" computerName="SUSALUJ" duration="00:00:00.0000559" startTime="2019-07-19T15:51:23.7989945+05:30" endTime="2019-07-19T15:51:23.7989945+05:30" testType="13cdc9d9-ddb5-4fa4-a97d-d965ccfc6d4b" outcome="Passed" testListId="8c84fa94-04c1-424b-9868-57a2d4851a1d" relativeResultsDirectory="5d313db1-cf1a-4d46-999a-3b55e00700cf" />
    <UnitTestResult executionId="378a1c8a-bdcb-4246-9c26-af88e8f5314f" testId="4e4ae70f-af86-f953-53f0-073733b509e7" testName="TestMethod875" computerName="SUSALUJ" duration="00:00:00.0000655" startTime="2019-07-19T15:51:23.7999948+05:30" endTime="2019-07-19T15:51:23.8009947+05:30" testType="13cdc9d9-ddb5-4fa4-a97d-d965ccfc6d4b" outcome="Passed" testListId="8c84fa94-04c1-424b-9868-57a2d4851a1d" relativeResultsDirectory="378a1c8a-bdcb-4246-9c26-af88e8f5314f" />
    <UnitTestResult executionId="f5a14cf7-540f-457d-a3f7-f8caf157ca33" testId="5ae7d4be-ba8d-cec7-7292-630f0d9fb493" testName="TestMethod519" computerName="SUSALUJ" duration="00:00:00.0000236" startTime="2019-07-19T15:51:23.8829946+05:30" endTime="2019-07-19T15:51:23.8829946+05:30" testType="13cdc9d9-ddb5-4fa4-a97d-d965ccfc6d4b" outcome="Passed" testListId="8c84fa94-04c1-424b-9868-57a2d4851a1d" relativeResultsDirectory="f5a14cf7-540f-457d-a3f7-f8caf157ca33" />
    <UnitTestResult executionId="a4e21704-34f0-44af-ac48-432eedf5b863" testId="d43860aa-ed76-26d9-9003-007bacdfc0a0" testName="TestMethod311" computerName="SUSALUJ" duration="00:00:00.0000316" startTime="2019-07-19T15:51:23.9639978+05:30" endTime="2019-07-19T15:51:23.9639978+05:30" testType="13cdc9d9-ddb5-4fa4-a97d-d965ccfc6d4b" outcome="Passed" testListId="8c84fa94-04c1-424b-9868-57a2d4851a1d" relativeResultsDirectory="a4e21704-34f0-44af-ac48-432eedf5b863" />
    <UnitTestResult executionId="baba4159-b4ef-44bc-a2eb-f4bbfc862e1c" testId="33acf123-59fe-0dab-7f15-41863e67a38d" testName="TestMethod894" computerName="SUSALUJ" duration="00:00:00.0000371" startTime="2019-07-19T15:51:23.8049938+05:30" endTime="2019-07-19T15:51:23.8049938+05:30" testType="13cdc9d9-ddb5-4fa4-a97d-d965ccfc6d4b" outcome="Passed" testListId="8c84fa94-04c1-424b-9868-57a2d4851a1d" relativeResultsDirectory="baba4159-b4ef-44bc-a2eb-f4bbfc862e1c" />
    <UnitTestResult executionId="f1c7b465-df44-4d16-84bb-70c97175aa72" testId="9a928c9f-84d9-e485-f74c-43effafbbb8a" testName="TestMethod485" computerName="SUSALUJ" duration="00:00:00.0000382" startTime="2019-07-19T15:51:23.9079934+05:30" endTime="2019-07-19T15:51:23.9089944+05:30" testType="13cdc9d9-ddb5-4fa4-a97d-d965ccfc6d4b" outcome="Passed" testListId="8c84fa94-04c1-424b-9868-57a2d4851a1d" relativeResultsDirectory="f1c7b465-df44-4d16-84bb-70c97175aa72" />
    <UnitTestResult executionId="2091c48c-3570-453b-9acd-ad136770ccc7" testId="1fe58fcd-1a77-1201-4a90-ac09368ea1b1" testName="TestMethod111" computerName="SUSALUJ" duration="00:00:00.0000320" startTime="2019-07-19T15:51:24.0049990+05:30" endTime="2019-07-19T15:51:24.0049990+05:30" testType="13cdc9d9-ddb5-4fa4-a97d-d965ccfc6d4b" outcome="Passed" testListId="8c84fa94-04c1-424b-9868-57a2d4851a1d" relativeResultsDirectory="2091c48c-3570-453b-9acd-ad136770ccc7" />
    <UnitTestResult executionId="69faa394-d1ed-4859-9eee-ea1672cd1200" testId="2d1d5e6f-4d6f-c4a7-2a87-2a5c678ea792" testName="TestMethod222" computerName="SUSALUJ" duration="00:00:00.0000219" startTime="2019-07-19T15:51:23.9889968+05:30" endTime="2019-07-19T15:51:23.9889968+05:30" testType="13cdc9d9-ddb5-4fa4-a97d-d965ccfc6d4b" outcome="Passed" testListId="8c84fa94-04c1-424b-9868-57a2d4851a1d" relativeResultsDirectory="69faa394-d1ed-4859-9eee-ea1672cd1200" />
    <UnitTestResult executionId="c90fdef8-ed49-4edd-aa5f-d93af375d374" testId="074028dc-5db7-55dc-d654-01f0003b41b0" testName="TestMethod65" computerName="SUSALUJ" duration="00:00:00.0000237" startTime="2019-07-19T15:51:24.1829965+05:30" endTime="2019-07-19T15:51:24.1829965+05:30" testType="13cdc9d9-ddb5-4fa4-a97d-d965ccfc6d4b" outcome="Passed" testListId="8c84fa94-04c1-424b-9868-57a2d4851a1d" relativeResultsDirectory="c90fdef8-ed49-4edd-aa5f-d93af375d374" />
    <UnitTestResult executionId="860f8978-2dcd-42a2-8278-da44e203d8c3" testId="7273a8f8-ae7d-f089-f04f-8d5bffcd4468" testName="TestMethod912" computerName="SUSALUJ" duration="00:00:00.0000530" startTime="2019-07-19T15:51:23.8099949+05:30" endTime="2019-07-19T15:51:23.8099949+05:30" testType="13cdc9d9-ddb5-4fa4-a97d-d965ccfc6d4b" outcome="Passed" testListId="8c84fa94-04c1-424b-9868-57a2d4851a1d" relativeResultsDirectory="860f8978-2dcd-42a2-8278-da44e203d8c3" />
    <UnitTestResult executionId="cb7d247f-8f7c-4671-9d12-344b0d10c3e6" testId="d65ff6f7-fa60-61e8-5eaa-ed297c05c0cf" testName="TestMethod198" computerName="SUSALUJ" duration="00:00:00.0000201" startTime="2019-07-19T15:51:23.9819951+05:30" endTime="2019-07-19T15:51:23.9819951+05:30" testType="13cdc9d9-ddb5-4fa4-a97d-d965ccfc6d4b" outcome="Passed" testListId="8c84fa94-04c1-424b-9868-57a2d4851a1d" relativeResultsDirectory="cb7d247f-8f7c-4671-9d12-344b0d10c3e6" />
    <UnitTestResult executionId="2217bc2c-41fe-4a8f-8bc8-4dc5e383929d" testId="64599802-c291-61b6-4000-9ad4853a272e" testName="TestMethod845" computerName="SUSALUJ" duration="00:00:00.0000380" startTime="2019-07-19T15:51:23.8399946+05:30" endTime="2019-07-19T15:51:23.8399946+05:30" testType="13cdc9d9-ddb5-4fa4-a97d-d965ccfc6d4b" outcome="Passed" testListId="8c84fa94-04c1-424b-9868-57a2d4851a1d" relativeResultsDirectory="2217bc2c-41fe-4a8f-8bc8-4dc5e383929d" />
    <UnitTestResult executionId="e7be294f-d20f-4104-84a1-151d425b0cba" testId="62a3c894-4075-1cb4-f5dc-7ab6cb40b117" testName="TestMethod239" computerName="SUSALUJ" duration="00:00:00.0000431" startTime="2019-07-19T15:51:23.9940002+05:30" endTime="2019-07-19T15:51:23.9940002+05:30" testType="13cdc9d9-ddb5-4fa4-a97d-d965ccfc6d4b" outcome="Passed" testListId="8c84fa94-04c1-424b-9868-57a2d4851a1d" relativeResultsDirectory="e7be294f-d20f-4104-84a1-151d425b0cba" />
    <UnitTestResult executionId="105b49a9-95d0-4ed8-ba5d-e13062471f9a" testId="ad39e5c6-b75b-964c-f725-2860bbded73a" testName="TestMethod170" computerName="SUSALUJ" duration="00:00:00.0000679" startTime="2019-07-19T15:51:23.9729971+05:30" endTime="2019-07-19T15:51:23.9729971+05:30" testType="13cdc9d9-ddb5-4fa4-a97d-d965ccfc6d4b" outcome="Passed" testListId="8c84fa94-04c1-424b-9868-57a2d4851a1d" relativeResultsDirectory="105b49a9-95d0-4ed8-ba5d-e13062471f9a" />
    <UnitTestResult executionId="a643d05e-aeb2-4b92-bf25-be2371450213" testId="1a78a23a-08c2-bb6e-8ffb-6ac2f44d4918" testName="TestMethod911" computerName="SUSALUJ" duration="00:00:00.0000588" startTime="2019-07-19T15:51:23.8089957+05:30" endTime="2019-07-19T15:51:23.8099949+05:30" testType="13cdc9d9-ddb5-4fa4-a97d-d965ccfc6d4b" outcome="Passed" testListId="8c84fa94-04c1-424b-9868-57a2d4851a1d" relativeResultsDirectory="a643d05e-aeb2-4b92-bf25-be2371450213" />
    <UnitTestResult executionId="9ffc864c-a4b1-4bb1-a033-d560514b052f" testId="212c19b6-0d5b-3f9a-0c11-71268fbceb25" testName="TestMethod188" computerName="SUSALUJ" duration="00:00:00.0000334" startTime="2019-07-19T15:51:23.9799956+05:30" endTime="2019-07-19T15:51:23.9799956+05:30" testType="13cdc9d9-ddb5-4fa4-a97d-d965ccfc6d4b" outcome="Passed" testListId="8c84fa94-04c1-424b-9868-57a2d4851a1d" relativeResultsDirectory="9ffc864c-a4b1-4bb1-a033-d560514b052f" />
    <UnitTestResult executionId="f6a74f85-ec57-4d79-8236-5d46d8f25e6f" testId="6e829777-be9c-6654-9151-94a58c43765f" testName="TestMethod44" computerName="SUSALUJ" duration="00:00:00.0005560" startTime="2019-07-19T15:51:24.1729966+05:30" endTime="2019-07-19T15:51:24.1739954+05:30" testType="13cdc9d9-ddb5-4fa4-a97d-d965ccfc6d4b" outcome="Failed" testListId="8c84fa94-04c1-424b-9868-57a2d4851a1d" relativeResultsDirectory="f6a74f85-ec57-4d79-8236-5d46d8f25e6f">
      <Output>
        <ErrorInfo>
          <Message>Assert.AreEqual failed. Expected:&lt;2&gt;. Actual:&lt;4&gt;. </Message>
          <StackTrace>   at TestProjectWON.UnitTest1.TestMethod44() in C:\agent\_work\8\s\TestProjectWON\UnitTest1.cs:line 233&#xD;
</StackTrace>
        </ErrorInfo>
      </Output>
    </UnitTestResult>
    <UnitTestResult executionId="508388ae-08b9-4250-b24e-ffc6cc87fc7c" testId="69aeffc7-cd92-ac72-76d9-3bdc200b9566" testName="TestMethod890" computerName="SUSALUJ" duration="00:00:00.0000541" startTime="2019-07-19T15:51:23.8049938+05:30" endTime="2019-07-19T15:51:23.8049938+05:30" testType="13cdc9d9-ddb5-4fa4-a97d-d965ccfc6d4b" outcome="Passed" testListId="8c84fa94-04c1-424b-9868-57a2d4851a1d" relativeResultsDirectory="508388ae-08b9-4250-b24e-ffc6cc87fc7c" />
    <UnitTestResult executionId="7a0d8f5d-9648-41bc-8b15-e92224bfc4d9" testId="502d6bb0-f3a3-d62b-40ad-ad6c5c993e33" testName="TestMethod109" computerName="SUSALUJ" duration="00:00:00.0000195" startTime="2019-07-19T15:51:24.0039963+05:30" endTime="2019-07-19T15:51:24.0039963+05:30" testType="13cdc9d9-ddb5-4fa4-a97d-d965ccfc6d4b" outcome="Passed" testListId="8c84fa94-04c1-424b-9868-57a2d4851a1d" relativeResultsDirectory="7a0d8f5d-9648-41bc-8b15-e92224bfc4d9" />
    <UnitTestResult executionId="6c3f4948-1874-41fe-acc5-9932a87b0d41" testId="45e3f4e9-8f3c-fbfa-2a52-4962f794af92" testName="TestMethod151" computerName="SUSALUJ" duration="00:00:00.0000366" startTime="2019-07-19T15:51:24.0179952+05:30" endTime="2019-07-19T15:51:24.0179952+05:30" testType="13cdc9d9-ddb5-4fa4-a97d-d965ccfc6d4b" outcome="Passed" testListId="8c84fa94-04c1-424b-9868-57a2d4851a1d" relativeResultsDirectory="6c3f4948-1874-41fe-acc5-9932a87b0d41" />
    <UnitTestResult executionId="90f687cb-b6c1-49fb-8dba-157c7e75aa13" testId="5faa1bfa-ed88-547a-8a4a-3ace55a6c4b6" testName="TestMethod751" computerName="SUSALUJ" duration="00:00:00.0000315" startTime="2019-07-19T15:51:23.8549939+05:30" endTime="2019-07-19T15:51:23.8559946+05:30" testType="13cdc9d9-ddb5-4fa4-a97d-d965ccfc6d4b" outcome="Passed" testListId="8c84fa94-04c1-424b-9868-57a2d4851a1d" relativeResultsDirectory="90f687cb-b6c1-49fb-8dba-157c7e75aa13" />
    <UnitTestResult executionId="d9ca06e5-19f6-477e-b26a-4f059f85fa44" testId="27f56197-1615-7d87-8ee0-99378268c250" testName="TestMethod176" computerName="SUSALUJ" duration="00:00:00.0000490" startTime="2019-07-19T15:51:23.9759967+05:30" endTime="2019-07-19T15:51:23.9759967+05:30" testType="13cdc9d9-ddb5-4fa4-a97d-d965ccfc6d4b" outcome="Passed" testListId="8c84fa94-04c1-424b-9868-57a2d4851a1d" relativeResultsDirectory="d9ca06e5-19f6-477e-b26a-4f059f85fa44" />
    <UnitTestResult executionId="0774429d-a561-45c8-9916-fe7cd58bbff0" testId="e97704e8-316b-dc32-95b9-968584ac4f6d" testName="TestMethod79" computerName="SUSALUJ" duration="00:00:00.0000268" startTime="2019-07-19T15:51:24.1849954+05:30" endTime="2019-07-19T15:51:24.1859944+05:30" testType="13cdc9d9-ddb5-4fa4-a97d-d965ccfc6d4b" outcome="Passed" testListId="8c84fa94-04c1-424b-9868-57a2d4851a1d" relativeResultsDirectory="0774429d-a561-45c8-9916-fe7cd58bbff0" />
    <UnitTestResult executionId="3ca152aa-9ad3-4932-a4f6-6dea7e581a16" testId="2dee95e4-fb7b-7b96-b8f1-0255a3e3ab1d" testName="TestMethod650" computerName="SUSALUJ" duration="00:00:00.0000196" startTime="2019-07-19T15:51:23.8689957+05:30" endTime="2019-07-19T15:51:23.8689957+05:30" testType="13cdc9d9-ddb5-4fa4-a97d-d965ccfc6d4b" outcome="Passed" testListId="8c84fa94-04c1-424b-9868-57a2d4851a1d" relativeResultsDirectory="3ca152aa-9ad3-4932-a4f6-6dea7e581a16" />
    <UnitTestResult executionId="e2227dae-feb2-4f89-aca3-8c64e1a2cc57" testId="097b32a1-e0b9-ea71-7991-dc8ab999ab8f" testName="TestMethod671" computerName="SUSALUJ" duration="00:00:00.0000198" startTime="2019-07-19T15:51:23.8729942+05:30" endTime="2019-07-19T15:51:23.8729942+05:30" testType="13cdc9d9-ddb5-4fa4-a97d-d965ccfc6d4b" outcome="Passed" testListId="8c84fa94-04c1-424b-9868-57a2d4851a1d" relativeResultsDirectory="e2227dae-feb2-4f89-aca3-8c64e1a2cc57" />
    <UnitTestResult executionId="11141b03-9196-4652-b8be-4533a7002040" testId="3cb191a3-f962-a2ab-322c-f22449c99113" testName="TestMethod998" computerName="SUSALUJ" duration="00:00:00.0000296" startTime="2019-07-19T15:51:23.7919946+05:30" endTime="2019-07-19T15:51:23.7919946+05:30" testType="13cdc9d9-ddb5-4fa4-a97d-d965ccfc6d4b" outcome="Passed" testListId="8c84fa94-04c1-424b-9868-57a2d4851a1d" relativeResultsDirectory="11141b03-9196-4652-b8be-4533a7002040" />
    <UnitTestResult executionId="c66b6c50-5370-404b-88ed-3055c4585fa9" testId="abe63dc7-436c-029a-68b2-5d706af9e293" testName="TestMethod692" computerName="SUSALUJ" duration="00:00:00.0000669" startTime="2019-07-19T15:51:23.8439943+05:30" endTime="2019-07-19T15:51:23.8439943+05:30" testType="13cdc9d9-ddb5-4fa4-a97d-d965ccfc6d4b" outcome="Passed" testListId="8c84fa94-04c1-424b-9868-57a2d4851a1d" relativeResultsDirectory="c66b6c50-5370-404b-88ed-3055c4585fa9" />
    <UnitTestResult executionId="57ec22f6-6ccc-4019-bc0c-81762bf3fb51" testId="5903569d-1f5b-764e-2535-cf2f3d080f13" testName="TestMethod378" computerName="SUSALUJ" duration="00:00:00.0000316" startTime="2019-07-19T15:51:23.9249946+05:30" endTime="2019-07-19T15:51:23.9249946+05:30" testType="13cdc9d9-ddb5-4fa4-a97d-d965ccfc6d4b" outcome="Passed" testListId="8c84fa94-04c1-424b-9868-57a2d4851a1d" relativeResultsDirectory="57ec22f6-6ccc-4019-bc0c-81762bf3fb51" />
    <UnitTestResult executionId="950b4b6f-6d35-42a1-9da4-6867714fe2a6" testId="956ee45b-28c9-92eb-4d28-9f7ad0b0d994" testName="TestMethod703" computerName="SUSALUJ" duration="00:00:00.0000424" startTime="2019-07-19T15:51:23.8459957+05:30" endTime="2019-07-19T15:51:23.8469962+05:30" testType="13cdc9d9-ddb5-4fa4-a97d-d965ccfc6d4b" outcome="Passed" testListId="8c84fa94-04c1-424b-9868-57a2d4851a1d" relativeResultsDirectory="950b4b6f-6d35-42a1-9da4-6867714fe2a6" />
    <UnitTestResult executionId="a86d357c-af10-4ccf-a43a-75d62a6ee3b1" testId="72120e5b-d1bc-e3c6-fa74-d580fd378075" testName="TestMethod154" computerName="SUSALUJ" duration="00:00:00.0000261" startTime="2019-07-19T15:51:24.0189956+05:30" endTime="2019-07-19T15:51:24.0189956+05:30" testType="13cdc9d9-ddb5-4fa4-a97d-d965ccfc6d4b" outcome="Passed" testListId="8c84fa94-04c1-424b-9868-57a2d4851a1d" relativeResultsDirectory="a86d357c-af10-4ccf-a43a-75d62a6ee3b1" />
    <UnitTestResult executionId="46b7b8b1-5cd3-4024-95c7-97bc27b7eaee" testId="3d23eb83-5147-5672-17a2-324762625540" testName="TestMethod278" computerName="SUSALUJ" duration="00:00:00.0000206" startTime="2019-07-19T15:51:23.9519974+05:30" endTime="2019-07-19T15:51:23.9519974+05:30" testType="13cdc9d9-ddb5-4fa4-a97d-d965ccfc6d4b" outcome="Passed" testListId="8c84fa94-04c1-424b-9868-57a2d4851a1d" relativeResultsDirectory="46b7b8b1-5cd3-4024-95c7-97bc27b7eaee" />
    <UnitTestResult executionId="0faeef79-5512-417a-8120-4822ba0d42b2" testId="9b2289a2-9143-b5fb-191a-ff4aaa3bc877" testName="TestMethod177" computerName="SUSALUJ" duration="00:00:00.0000528" startTime="2019-07-19T15:51:23.9759967+05:30" endTime="2019-07-19T15:51:23.9769972+05:30" testType="13cdc9d9-ddb5-4fa4-a97d-d965ccfc6d4b" outcome="Passed" testListId="8c84fa94-04c1-424b-9868-57a2d4851a1d" relativeResultsDirectory="0faeef79-5512-417a-8120-4822ba0d42b2" />
    <UnitTestResult executionId="45636db2-44c3-41a0-8be2-a969422ff363" testId="659a9ec2-9923-b1fc-65d4-820accfaf013" testName="TestMethod246" computerName="SUSALUJ" duration="00:00:00.0000326" startTime="2019-07-19T15:51:23.9959979+05:30" endTime="2019-07-19T15:51:23.9959979+05:30" testType="13cdc9d9-ddb5-4fa4-a97d-d965ccfc6d4b" outcome="Passed" testListId="8c84fa94-04c1-424b-9868-57a2d4851a1d" relativeResultsDirectory="45636db2-44c3-41a0-8be2-a969422ff363" />
    <UnitTestResult executionId="23bcbf9c-6d0c-40cb-a12b-38bd2bd09ec6" testId="7a8a4f9b-bc69-7eee-3a8a-ac87698efa86" testName="TestMethod500" computerName="SUSALUJ" duration="00:00:00.0001436" startTime="2019-07-19T15:51:23.9129977+05:30" endTime="2019-07-19T15:51:23.9129977+05:30" testType="13cdc9d9-ddb5-4fa4-a97d-d965ccfc6d4b" outcome="Passed" testListId="8c84fa94-04c1-424b-9868-57a2d4851a1d" relativeResultsDirectory="23bcbf9c-6d0c-40cb-a12b-38bd2bd09ec6" />
    <UnitTestResult executionId="3d5e419f-8aff-45a6-bd7c-a152a4b60a50" testId="087993fb-45de-0919-f375-0ffb241240c0" testName="TestMethod756" computerName="SUSALUJ" duration="00:00:00.0000211" startTime="2019-07-19T15:51:23.8569938+05:30" endTime="2019-07-19T15:51:23.8569938+05:30" testType="13cdc9d9-ddb5-4fa4-a97d-d965ccfc6d4b" outcome="Passed" testListId="8c84fa94-04c1-424b-9868-57a2d4851a1d" relativeResultsDirectory="3d5e419f-8aff-45a6-bd7c-a152a4b60a50" />
    <UnitTestResult executionId="9f869bf1-7253-4e38-b1c3-1ad94d0aa783" testId="e2286503-c885-d75f-9066-b03417418d83" testName="TestMethod102" computerName="SUSALUJ" duration="00:00:00.0000260" startTime="2019-07-19T15:51:24.0029988+05:30" endTime="2019-07-19T15:51:24.0029988+05:30" testType="13cdc9d9-ddb5-4fa4-a97d-d965ccfc6d4b" outcome="Passed" testListId="8c84fa94-04c1-424b-9868-57a2d4851a1d" relativeResultsDirectory="9f869bf1-7253-4e38-b1c3-1ad94d0aa783" />
    <UnitTestResult executionId="d0a9200a-3a1a-4068-a782-efb1c6652059" testId="5f3be311-9b81-e806-895c-29723d762942" testName="TestMethod324" computerName="SUSALUJ" duration="00:00:00.0000284" startTime="2019-07-19T15:51:23.9679952+05:30" endTime="2019-07-19T15:51:23.9679952+05:30" testType="13cdc9d9-ddb5-4fa4-a97d-d965ccfc6d4b" outcome="Passed" testListId="8c84fa94-04c1-424b-9868-57a2d4851a1d" relativeResultsDirectory="d0a9200a-3a1a-4068-a782-efb1c6652059" />
    <UnitTestResult executionId="8f0f9915-dd04-4e5f-84bb-796c4a158f7c" testId="f5d96dea-c7eb-1a86-7dcb-67ccaa68bfa3" testName="TestMethod738" computerName="SUSALUJ" duration="00:00:00.0000206" startTime="2019-07-19T15:51:23.8529963+05:30" endTime="2019-07-19T15:51:23.8539946+05:30" testType="13cdc9d9-ddb5-4fa4-a97d-d965ccfc6d4b" outcome="Passed" testListId="8c84fa94-04c1-424b-9868-57a2d4851a1d" relativeResultsDirectory="8f0f9915-dd04-4e5f-84bb-796c4a158f7c" />
    <UnitTestResult executionId="0bdee06f-0641-4c73-895e-163de2914469" testId="7057b387-b183-b64b-f7f4-291ce2b154d2" testName="TestMethod237" computerName="SUSALUJ" duration="00:00:00.0000376" startTime="2019-07-19T15:51:23.9929975+05:30" endTime="2019-07-19T15:51:23.9929975+05:30" testType="13cdc9d9-ddb5-4fa4-a97d-d965ccfc6d4b" outcome="Passed" testListId="8c84fa94-04c1-424b-9868-57a2d4851a1d" relativeResultsDirectory="0bdee06f-0641-4c73-895e-163de2914469" />
    <UnitTestResult executionId="c25eb47e-93c4-4247-8a38-8b84018d68a9" testId="de7e5580-3bcf-d7fc-1403-c097971fccaa" testName="TestMethod871" computerName="SUSALUJ" duration="00:00:00.0000527" startTime="2019-07-19T15:51:23.7989945+05:30" endTime="2019-07-19T15:51:23.7989945+05:30" testType="13cdc9d9-ddb5-4fa4-a97d-d965ccfc6d4b" outcome="Passed" testListId="8c84fa94-04c1-424b-9868-57a2d4851a1d" relativeResultsDirectory="c25eb47e-93c4-4247-8a38-8b84018d68a9" />
    <UnitTestResult executionId="39ae1cb9-76df-4f53-be36-24e9fc5bd3ab" testId="f3d51917-28d8-1b5d-1bf7-f46cd9790b61" testName="TestMethod788" computerName="SUSALUJ" duration="00:00:00.0000512" startTime="2019-07-19T15:51:23.8199932+05:30" endTime="2019-07-19T15:51:23.8209945+05:30" testType="13cdc9d9-ddb5-4fa4-a97d-d965ccfc6d4b" outcome="Passed" testListId="8c84fa94-04c1-424b-9868-57a2d4851a1d" relativeResultsDirectory="39ae1cb9-76df-4f53-be36-24e9fc5bd3ab" />
    <UnitTestResult executionId="750b6d8d-d68e-4360-b279-f2cc62fd08a2" testId="bab4333c-e207-8e2f-7baa-448842489a21" testName="TestMethod992" computerName="SUSALUJ" duration="00:00:00.0000336" startTime="2019-07-19T15:51:23.7909964+05:30" endTime="2019-07-19T15:51:23.7909964+05:30" testType="13cdc9d9-ddb5-4fa4-a97d-d965ccfc6d4b" outcome="Passed" testListId="8c84fa94-04c1-424b-9868-57a2d4851a1d" relativeResultsDirectory="750b6d8d-d68e-4360-b279-f2cc62fd08a2" />
    <UnitTestResult executionId="c867df86-75f8-4df9-901c-5753e11caff9" testId="b2cdc516-3860-d6a6-6f07-5e5ee5b2b5e2" testName="TestMethod969" computerName="SUSALUJ" duration="00:00:00.0000412" startTime="2019-07-19T15:51:23.7859938+05:30" endTime="2019-07-19T15:51:23.7859938+05:30" testType="13cdc9d9-ddb5-4fa4-a97d-d965ccfc6d4b" outcome="Passed" testListId="8c84fa94-04c1-424b-9868-57a2d4851a1d" relativeResultsDirectory="c867df86-75f8-4df9-901c-5753e11caff9" />
    <UnitTestResult executionId="589a1288-a619-44ae-82ef-9f560dd64c9f" testId="e4d44f1a-9653-1759-87fb-0fb0c4e43be2" testName="TestMethod119" computerName="SUSALUJ" duration="00:00:00.0000204" startTime="2019-07-19T15:51:24.0059963+05:30" endTime="2019-07-19T15:51:24.0059963+05:30" testType="13cdc9d9-ddb5-4fa4-a97d-d965ccfc6d4b" outcome="Passed" testListId="8c84fa94-04c1-424b-9868-57a2d4851a1d" relativeResultsDirectory="589a1288-a619-44ae-82ef-9f560dd64c9f" />
    <UnitTestResult executionId="a275774a-3294-4581-b98d-d7c83d1eb594" testId="e2b45cc5-4560-d33c-abf2-641bc0cfad99" testName="TestMethod709" computerName="SUSALUJ" duration="00:00:00.0000190" startTime="2019-07-19T15:51:23.8479951+05:30" endTime="2019-07-19T15:51:23.8479951+05:30" testType="13cdc9d9-ddb5-4fa4-a97d-d965ccfc6d4b" outcome="Passed" testListId="8c84fa94-04c1-424b-9868-57a2d4851a1d" relativeResultsDirectory="a275774a-3294-4581-b98d-d7c83d1eb594" />
    <UnitTestResult executionId="07a83dff-3b19-4fc7-96c4-6c330871d7fb" testId="696aaa10-c2e0-d543-ebeb-74cf5d9453d9" testName="TestMethod527" computerName="SUSALUJ" duration="00:00:00.0000197" startTime="2019-07-19T15:51:23.8839976+05:30" endTime="2019-07-19T15:51:23.8839976+05:30" testType="13cdc9d9-ddb5-4fa4-a97d-d965ccfc6d4b" outcome="Passed" testListId="8c84fa94-04c1-424b-9868-57a2d4851a1d" relativeResultsDirectory="07a83dff-3b19-4fc7-96c4-6c330871d7fb" />
    <UnitTestResult executionId="a580b4f0-dbd4-41e9-a0ca-7a9916872d03" testId="fc9af01d-bb69-334d-53e5-8f18885bed01" testName="TestMethod183" computerName="SUSALUJ" duration="00:00:00.0000332" startTime="2019-07-19T15:51:23.9779969+05:30" endTime="2019-07-19T15:51:23.9779969+05:30" testType="13cdc9d9-ddb5-4fa4-a97d-d965ccfc6d4b" outcome="Passed" testListId="8c84fa94-04c1-424b-9868-57a2d4851a1d" relativeResultsDirectory="a580b4f0-dbd4-41e9-a0ca-7a9916872d03" />
    <UnitTestResult executionId="cbf334b5-e4da-4ac3-bdfd-265359815c62" testId="14f25edb-1659-8f52-8b86-e51e32ee796f" testName="TestMethod695" computerName="SUSALUJ" duration="00:00:00.0000447" startTime="2019-07-19T15:51:23.8439943+05:30" endTime="2019-07-19T15:51:23.8449973+05:30" testType="13cdc9d9-ddb5-4fa4-a97d-d965ccfc6d4b" outcome="Passed" testListId="8c84fa94-04c1-424b-9868-57a2d4851a1d" relativeResultsDirectory="cbf334b5-e4da-4ac3-bdfd-265359815c62" />
    <UnitTestResult executionId="2ae2c79b-bf6b-4175-a5e4-e690098ede0e" testId="153bc2be-7b5a-6d34-1b29-a594ac423af5" testName="TestMethod130" computerName="SUSALUJ" duration="00:00:00.0000333" startTime="2019-07-19T15:51:24.0109979+05:30" endTime="2019-07-19T15:51:24.0109979+05:30" testType="13cdc9d9-ddb5-4fa4-a97d-d965ccfc6d4b" outcome="Passed" testListId="8c84fa94-04c1-424b-9868-57a2d4851a1d" relativeResultsDirectory="2ae2c79b-bf6b-4175-a5e4-e690098ede0e" />
    <UnitTestResult executionId="c5d1c41d-502c-43fb-84d2-72f749e7615f" testId="9a2dc206-4145-6590-165d-041e2f16bacd" testName="TestMethod665" computerName="SUSALUJ" duration="00:00:00.0000395" startTime="2019-07-19T15:51:23.8719952+05:30" endTime="2019-07-19T15:51:23.8719952+05:30" testType="13cdc9d9-ddb5-4fa4-a97d-d965ccfc6d4b" outcome="Passed" testListId="8c84fa94-04c1-424b-9868-57a2d4851a1d" relativeResultsDirectory="c5d1c41d-502c-43fb-84d2-72f749e7615f" />
    <UnitTestResult executionId="2f92233e-9ca3-43d0-9679-5c366c54a4d8" testId="3ce26c14-dccf-218f-7d07-5063518d55e6" testName="TestMethod741" computerName="SUSALUJ" duration="00:00:00.0000197" startTime="2019-07-19T15:51:23.8539946+05:30" endTime="2019-07-19T15:51:23.8539946+05:30" testType="13cdc9d9-ddb5-4fa4-a97d-d965ccfc6d4b" outcome="Passed" testListId="8c84fa94-04c1-424b-9868-57a2d4851a1d" relativeResultsDirectory="2f92233e-9ca3-43d0-9679-5c366c54a4d8" />
    <UnitTestResult executionId="7ba852f3-b317-4af5-b0cd-d7f2a48f9437" testId="ef12d427-79fb-6de9-e6db-c097fb2706b4" testName="TestMethod793" computerName="SUSALUJ" duration="00:00:00.0000206" startTime="2019-07-19T15:51:23.8229982+05:30" endTime="2019-07-19T15:51:23.8229982+05:30" testType="13cdc9d9-ddb5-4fa4-a97d-d965ccfc6d4b" outcome="Passed" testListId="8c84fa94-04c1-424b-9868-57a2d4851a1d" relativeResultsDirectory="7ba852f3-b317-4af5-b0cd-d7f2a48f9437" />
    <UnitTestResult executionId="bf1490f9-c48c-4be1-984c-871559a4f0bb" testId="df77e8c2-e55d-7314-33ae-050e038d9d57" testName="TestMethod48" computerName="SUSALUJ" duration="00:00:00.0014274" startTime="2019-07-19T15:51:24.1769997+05:30" endTime="2019-07-19T15:51:24.1789971+05:30" testType="13cdc9d9-ddb5-4fa4-a97d-d965ccfc6d4b" outcome="Failed" testListId="8c84fa94-04c1-424b-9868-57a2d4851a1d" relativeResultsDirectory="bf1490f9-c48c-4be1-984c-871559a4f0bb">
      <Output>
        <ErrorInfo>
          <Message>Assert.AreEqual failed. Expected:&lt;2&gt;. Actual:&lt;4&gt;. </Message>
          <StackTrace>   at TestProjectWON.UnitTest1.TestMethod48() in C:\agent\_work\8\s\TestProjectWON\UnitTest1.cs:line 253&#xD;
</StackTrace>
        </ErrorInfo>
      </Output>
    </UnitTestResult>
    <UnitTestResult executionId="7b3cc32b-5269-40ab-b7c7-cc4b87748335" testId="dde3d3fc-853c-c82d-7a83-36ec6097ab3a" testName="TestMethod734" computerName="SUSALUJ" duration="00:00:00.0000260" startTime="2019-07-19T15:51:23.8529963+05:30" endTime="2019-07-19T15:51:23.8529963+05:30" testType="13cdc9d9-ddb5-4fa4-a97d-d965ccfc6d4b" outcome="Passed" testListId="8c84fa94-04c1-424b-9868-57a2d4851a1d" relativeResultsDirectory="7b3cc32b-5269-40ab-b7c7-cc4b87748335" />
    <UnitTestResult executionId="1c7d1d8c-f17f-4ac2-809e-bd9fbd45083c" testId="7691f77f-7d23-6d09-6a27-9039befec29a" testName="TestMethod211" computerName="SUSALUJ" duration="00:00:00.0000329" startTime="2019-07-19T15:51:23.9850015+05:30" endTime="2019-07-19T15:51:23.9859965+05:30" testType="13cdc9d9-ddb5-4fa4-a97d-d965ccfc6d4b" outcome="Passed" testListId="8c84fa94-04c1-424b-9868-57a2d4851a1d" relativeResultsDirectory="1c7d1d8c-f17f-4ac2-809e-bd9fbd45083c" />
    <UnitTestResult executionId="4f0d55b7-b1b5-42fd-8a1c-c334c2f77c7b" testId="d4f79742-85f3-99b3-b553-501ccf8d4cf2" testName="TestMethod525" computerName="SUSALUJ" duration="00:00:00.0000190" startTime="2019-07-19T15:51:23.8839976+05:30" endTime="2019-07-19T15:51:23.8839976+05:30" testType="13cdc9d9-ddb5-4fa4-a97d-d965ccfc6d4b" outcome="Passed" testListId="8c84fa94-04c1-424b-9868-57a2d4851a1d" relativeResultsDirectory="4f0d55b7-b1b5-42fd-8a1c-c334c2f77c7b" />
    <UnitTestResult executionId="6272d6a7-d237-4d8f-ab2e-552c519d4298" testId="f4709249-5c3f-3714-9fdf-f708c1244282" testName="TestMethod672" computerName="SUSALUJ" duration="00:00:00.0000248" startTime="2019-07-19T15:51:23.8729942+05:30" endTime="2019-07-19T15:51:23.8729942+05:30" testType="13cdc9d9-ddb5-4fa4-a97d-d965ccfc6d4b" outcome="Passed" testListId="8c84fa94-04c1-424b-9868-57a2d4851a1d" relativeResultsDirectory="6272d6a7-d237-4d8f-ab2e-552c519d4298" />
    <UnitTestResult executionId="1d0ab6ad-8c9b-4e8d-98bb-e7ae757e93bd" testId="5a12a09e-ae50-9833-9313-11d595f36492" testName="TestMethod436" computerName="SUSALUJ" duration="00:00:00.0000202" startTime="2019-07-19T15:51:23.8979961+05:30" endTime="2019-07-19T15:51:23.8979961+05:30" testType="13cdc9d9-ddb5-4fa4-a97d-d965ccfc6d4b" outcome="Passed" testListId="8c84fa94-04c1-424b-9868-57a2d4851a1d" relativeResultsDirectory="1d0ab6ad-8c9b-4e8d-98bb-e7ae757e93bd" />
    <UnitTestResult executionId="f402fb1d-d12a-454e-a584-cdfc0c221b21" testId="525fbde5-5aa3-0da1-f6c9-ea38b155bd8a" testName="TestMethod51" computerName="SUSALUJ" duration="00:00:00.0000231" startTime="2019-07-19T15:51:24.1799976+05:30" endTime="2019-07-19T15:51:24.1799976+05:30" testType="13cdc9d9-ddb5-4fa4-a97d-d965ccfc6d4b" outcome="Passed" testListId="8c84fa94-04c1-424b-9868-57a2d4851a1d" relativeResultsDirectory="f402fb1d-d12a-454e-a584-cdfc0c221b21" />
    <UnitTestResult executionId="623cc8aa-9a71-4f59-a9de-b66a43ea9f5c" testId="f978e587-6fdb-73f8-9866-42c923e61ecf" testName="TestMethod388" computerName="SUSALUJ" duration="00:00:00.0000397" startTime="2019-07-19T15:51:23.9279990+05:30" endTime="2019-07-19T15:51:23.9279990+05:30" testType="13cdc9d9-ddb5-4fa4-a97d-d965ccfc6d4b" outcome="Passed" testListId="8c84fa94-04c1-424b-9868-57a2d4851a1d" relativeResultsDirectory="623cc8aa-9a71-4f59-a9de-b66a43ea9f5c" />
    <UnitTestResult executionId="3bb26cb2-d46c-4af9-8cc4-52a30e622e23" testId="3f116c1c-2f15-b2f9-d71d-e760323e39a9" testName="TestMethod505" computerName="SUSALUJ" duration="00:00:00.0000321" startTime="2019-07-19T15:51:23.9139950+05:30" endTime="2019-07-19T15:51:23.9139950+05:30" testType="13cdc9d9-ddb5-4fa4-a97d-d965ccfc6d4b" outcome="Passed" testListId="8c84fa94-04c1-424b-9868-57a2d4851a1d" relativeResultsDirectory="3bb26cb2-d46c-4af9-8cc4-52a30e622e23" />
    <UnitTestResult executionId="a4bbd225-0273-4b74-a1b7-440c8a098dba" testId="c495359b-e650-62ae-1e2e-10b1193d4237" testName="TestMethod169" computerName="SUSALUJ" duration="00:00:00.0000213" startTime="2019-07-19T15:51:24.0239947+05:30" endTime="2019-07-19T15:51:24.0239947+05:30" testType="13cdc9d9-ddb5-4fa4-a97d-d965ccfc6d4b" outcome="Passed" testListId="8c84fa94-04c1-424b-9868-57a2d4851a1d" relativeResultsDirectory="a4bbd225-0273-4b74-a1b7-440c8a098dba" />
    <UnitTestResult executionId="cea98f6b-4ef4-4c06-9afa-d39a64adee9f" testId="3870fe70-e481-71d1-9c6b-e2b124a39ef8" testName="TestMethod305" computerName="SUSALUJ" duration="00:00:00.0000299" startTime="2019-07-19T15:51:23.9619979+05:30" endTime="2019-07-19T15:51:23.9619979+05:30" testType="13cdc9d9-ddb5-4fa4-a97d-d965ccfc6d4b" outcome="Passed" testListId="8c84fa94-04c1-424b-9868-57a2d4851a1d" relativeResultsDirectory="cea98f6b-4ef4-4c06-9afa-d39a64adee9f" />
    <UnitTestResult executionId="350f7a9d-4086-44f4-bdab-473282ca25b7" testId="ab35b515-6b4f-5986-3be5-526af9e301a2" testName="TestMethod614" computerName="SUSALUJ" duration="00:00:00.0000347" startTime="2019-07-19T15:51:23.8619934+05:30" endTime="2019-07-19T15:51:23.8619934+05:30" testType="13cdc9d9-ddb5-4fa4-a97d-d965ccfc6d4b" outcome="Passed" testListId="8c84fa94-04c1-424b-9868-57a2d4851a1d" relativeResultsDirectory="350f7a9d-4086-44f4-bdab-473282ca25b7" />
    <UnitTestResult executionId="1e6ca551-b4e7-4bf8-b921-8a94042a4b1c" testId="98270f61-87ef-465b-a400-bbad02cf781c" testName="TestMethod852" computerName="SUSALUJ" duration="00:00:00.0000340" startTime="2019-07-19T15:51:23.7929943+05:30" endTime="2019-07-19T15:51:23.7929943+05:30" testType="13cdc9d9-ddb5-4fa4-a97d-d965ccfc6d4b" outcome="Passed" testListId="8c84fa94-04c1-424b-9868-57a2d4851a1d" relativeResultsDirectory="1e6ca551-b4e7-4bf8-b921-8a94042a4b1c" />
    <UnitTestResult executionId="017335da-54d0-462d-9510-4527616b5eea" testId="2e1f8d7c-0d69-963e-a895-e1ab673267fe" testName="TestMethod736" computerName="SUSALUJ" duration="00:00:00.0000210" startTime="2019-07-19T15:51:23.8529963+05:30" endTime="2019-07-19T15:51:23.8529963+05:30" testType="13cdc9d9-ddb5-4fa4-a97d-d965ccfc6d4b" outcome="Passed" testListId="8c84fa94-04c1-424b-9868-57a2d4851a1d" relativeResultsDirectory="017335da-54d0-462d-9510-4527616b5eea" />
    <UnitTestResult executionId="84bddc04-5b0f-4de8-9304-68d4b1caa929" testId="baa2be22-6e02-8004-6919-7aeac43318b6" testName="TestMethod331" computerName="SUSALUJ" duration="00:00:00.0000203" startTime="2019-07-19T15:51:23.9699957+05:30" endTime="2019-07-19T15:51:23.9699957+05:30" testType="13cdc9d9-ddb5-4fa4-a97d-d965ccfc6d4b" outcome="Passed" testListId="8c84fa94-04c1-424b-9868-57a2d4851a1d" relativeResultsDirectory="84bddc04-5b0f-4de8-9304-68d4b1caa929" />
    <UnitTestResult executionId="8cb81664-1b2e-43db-8c26-529f7f514cfb" testId="2368979a-be6d-3089-5339-0188b81a7741" testName="TestMethod603" computerName="SUSALUJ" duration="00:00:00.0000194" startTime="2019-07-19T15:51:23.8589945+05:30" endTime="2019-07-19T15:51:23.8589945+05:30" testType="13cdc9d9-ddb5-4fa4-a97d-d965ccfc6d4b" outcome="Passed" testListId="8c84fa94-04c1-424b-9868-57a2d4851a1d" relativeResultsDirectory="8cb81664-1b2e-43db-8c26-529f7f514cfb" />
    <UnitTestResult executionId="397fc1d9-516f-415d-a073-78035890d553" testId="b0434887-dfe7-2162-06e6-63d560525e39" testName="TestMethod824" computerName="SUSALUJ" duration="00:00:00.0000240" startTime="2019-07-19T15:51:23.8349944+05:30" endTime="2019-07-19T15:51:23.8349944+05:30" testType="13cdc9d9-ddb5-4fa4-a97d-d965ccfc6d4b" outcome="Passed" testListId="8c84fa94-04c1-424b-9868-57a2d4851a1d" relativeResultsDirectory="397fc1d9-516f-415d-a073-78035890d553" />
    <UnitTestResult executionId="57119c33-1bf4-4b42-a452-4dbaa8f3e281" testId="6b26a01d-1ae2-edb9-bf50-a5ad76486487" testName="TestMethod622" computerName="SUSALUJ" duration="00:00:00.0000325" startTime="2019-07-19T15:51:23.8629959+05:30" endTime="2019-07-19T15:51:23.8639966+05:30" testType="13cdc9d9-ddb5-4fa4-a97d-d965ccfc6d4b" outcome="Passed" testListId="8c84fa94-04c1-424b-9868-57a2d4851a1d" relativeResultsDirectory="57119c33-1bf4-4b42-a452-4dbaa8f3e281" />
    <UnitTestResult executionId="5b9a0e90-dff8-4677-b0bd-93d3e8a6052b" testId="eab71995-96d9-0724-0d50-35ba2c7b42f2" testName="TestMethod335" computerName="SUSALUJ" duration="00:00:00.0000344" startTime="2019-07-19T15:51:23.9709965+05:30" endTime="2019-07-19T15:51:23.9709965+05:30" testType="13cdc9d9-ddb5-4fa4-a97d-d965ccfc6d4b" outcome="Passed" testListId="8c84fa94-04c1-424b-9868-57a2d4851a1d" relativeResultsDirectory="5b9a0e90-dff8-4677-b0bd-93d3e8a6052b" />
    <UnitTestResult executionId="0be2e8d5-1cef-4e5b-97b5-a41b7204d537" testId="965a298f-d562-f5e7-ee05-1de2f47536a6" testName="TestMethod936" computerName="SUSALUJ" duration="00:00:00.0000487" startTime="2019-07-19T15:51:23.7739974+05:30" endTime="2019-07-19T15:51:23.7749959+05:30" testType="13cdc9d9-ddb5-4fa4-a97d-d965ccfc6d4b" outcome="Passed" testListId="8c84fa94-04c1-424b-9868-57a2d4851a1d" relativeResultsDirectory="0be2e8d5-1cef-4e5b-97b5-a41b7204d537" />
    <UnitTestResult executionId="2c8efae6-cf9c-4783-a16c-7ff0461b1b0a" testId="820f3ace-3e93-711d-0339-aea4c38fcae6" testName="TestMethod180" computerName="SUSALUJ" duration="00:00:00.0000348" startTime="2019-07-19T15:51:23.9779969+05:30" endTime="2019-07-19T15:51:23.9779969+05:30" testType="13cdc9d9-ddb5-4fa4-a97d-d965ccfc6d4b" outcome="Passed" testListId="8c84fa94-04c1-424b-9868-57a2d4851a1d" relativeResultsDirectory="2c8efae6-cf9c-4783-a16c-7ff0461b1b0a" />
    <UnitTestResult executionId="3de8981d-dc20-4ef6-900a-62106a53f44c" testId="3ca63579-0414-d233-80c1-d10a429ffe4f" testName="TestMethod40" computerName="SUSALUJ" duration="00:00:00.0011841" startTime="2019-07-19T15:51:24.1679962+05:30" endTime="2019-07-19T15:51:24.1699950+05:30" testType="13cdc9d9-ddb5-4fa4-a97d-d965ccfc6d4b" outcome="Failed" testListId="8c84fa94-04c1-424b-9868-57a2d4851a1d" relativeResultsDirectory="3de8981d-dc20-4ef6-900a-62106a53f44c">
      <Output>
        <ErrorInfo>
          <Message>Assert.AreEqual failed. Expected:&lt;2&gt;. Actual:&lt;4&gt;. </Message>
          <StackTrace>   at TestProjectWON.UnitTest1.TestMethod40() in C:\agent\_work\8\s\TestProjectWON\UnitTest1.cs:line 213&#xD;
</StackTrace>
        </ErrorInfo>
      </Output>
    </UnitTestResult>
    <UnitTestResult executionId="793af2e4-d88d-4e14-bd7d-aab950a02a19" testId="4768d4a2-adad-2313-82a7-b2c73e3733cb" testName="TestMethod399" computerName="SUSALUJ" duration="00:00:00.0000567" startTime="2019-07-19T15:51:23.9329987+05:30" endTime="2019-07-19T15:51:23.9329987+05:30" testType="13cdc9d9-ddb5-4fa4-a97d-d965ccfc6d4b" outcome="Passed" testListId="8c84fa94-04c1-424b-9868-57a2d4851a1d" relativeResultsDirectory="793af2e4-d88d-4e14-bd7d-aab950a02a19" />
    <UnitTestResult executionId="89632c0f-44e0-45b7-8f11-2f37ccef093d" testId="91668cbc-921d-9f80-0050-9289713a8523" testName="TestMethod861" computerName="SUSALUJ" duration="00:00:00.0000551" startTime="2019-07-19T15:51:23.7959939+05:30" endTime="2019-07-19T15:51:23.7959939+05:30" testType="13cdc9d9-ddb5-4fa4-a97d-d965ccfc6d4b" outcome="Passed" testListId="8c84fa94-04c1-424b-9868-57a2d4851a1d" relativeResultsDirectory="89632c0f-44e0-45b7-8f11-2f37ccef093d" />
    <UnitTestResult executionId="1710fa38-2775-4110-887e-6e03ea6a7da0" testId="d1521016-7342-eb65-15b1-670778bb0de9" testName="TestMethod630" computerName="SUSALUJ" duration="00:00:00.0000202" startTime="2019-07-19T15:51:23.8649950+05:30" endTime="2019-07-19T15:51:23.8649950+05:30" testType="13cdc9d9-ddb5-4fa4-a97d-d965ccfc6d4b" outcome="Passed" testListId="8c84fa94-04c1-424b-9868-57a2d4851a1d" relativeResultsDirectory="1710fa38-2775-4110-887e-6e03ea6a7da0" />
    <UnitTestResult executionId="b8a5d700-7e9b-41d9-9a23-96d8e0e1c972" testId="5085cb87-98d0-8a0c-8bf9-91a9ebf3d613" testName="TestMethod855" computerName="SUSALUJ" duration="00:00:00.0000681" startTime="2019-07-19T15:51:23.7939962+05:30" endTime="2019-07-19T15:51:23.7939962+05:30" testType="13cdc9d9-ddb5-4fa4-a97d-d965ccfc6d4b" outcome="Passed" testListId="8c84fa94-04c1-424b-9868-57a2d4851a1d" relativeResultsDirectory="b8a5d700-7e9b-41d9-9a23-96d8e0e1c972" />
    <UnitTestResult executionId="1baee974-0ad4-495d-b32e-febc2f0518e9" testId="808539b7-31ea-bf3a-7c7f-4cbfe8749def" testName="TestMethod392" computerName="SUSALUJ" duration="00:00:00.0000337" startTime="2019-07-19T15:51:23.9299976+05:30" endTime="2019-07-19T15:51:23.9299976+05:30" testType="13cdc9d9-ddb5-4fa4-a97d-d965ccfc6d4b" outcome="Passed" testListId="8c84fa94-04c1-424b-9868-57a2d4851a1d" relativeResultsDirectory="1baee974-0ad4-495d-b32e-febc2f0518e9" />
    <UnitTestResult executionId="cdf370cd-c5ef-4792-bfd7-a1b7ef76fbf6" testId="c8ad081e-6f99-2cf6-df04-fd222c5d7700" testName="TestMethod690" computerName="SUSALUJ" duration="00:00:00.0000206" startTime="2019-07-19T15:51:23.8429945+05:30" endTime="2019-07-19T15:51:23.8429945+05:30" testType="13cdc9d9-ddb5-4fa4-a97d-d965ccfc6d4b" outcome="Passed" testListId="8c84fa94-04c1-424b-9868-57a2d4851a1d" relativeResultsDirectory="cdf370cd-c5ef-4792-bfd7-a1b7ef76fbf6" />
    <UnitTestResult executionId="cc8b667c-ae16-4a59-a491-82232e333c98" testId="04f5279b-6d47-0d29-6d10-8c2864415e5b" testName="TestMethod294" computerName="SUSALUJ" duration="00:00:00.0000519" startTime="2019-07-19T15:51:23.9569957+05:30" endTime="2019-07-19T15:51:23.9569957+05:30" testType="13cdc9d9-ddb5-4fa4-a97d-d965ccfc6d4b" outcome="Passed" testListId="8c84fa94-04c1-424b-9868-57a2d4851a1d" relativeResultsDirectory="cc8b667c-ae16-4a59-a491-82232e333c98" />
    <UnitTestResult executionId="4f4a1fb1-dcac-4c90-9c7f-ca89de7378f8" testId="6e59a956-84d3-e083-020a-c9519be250f8" testName="TestMethod701" computerName="SUSALUJ" duration="00:00:00.0000319" startTime="2019-07-19T15:51:23.8459957+05:30" endTime="2019-07-19T15:51:23.8459957+05:30" testType="13cdc9d9-ddb5-4fa4-a97d-d965ccfc6d4b" outcome="Passed" testListId="8c84fa94-04c1-424b-9868-57a2d4851a1d" relativeResultsDirectory="4f4a1fb1-dcac-4c90-9c7f-ca89de7378f8" />
    <UnitTestResult executionId="52bb4bad-4b51-42d4-a375-0ec9a10d237a" testId="a42ddc1f-339e-3faa-645e-ca74471949a4" testName="TestMethod27" computerName="SUSALUJ" duration="00:00:00.0007542" startTime="2019-07-19T15:51:24.1539975+05:30" endTime="2019-07-19T15:51:24.1549959+05:30" testType="13cdc9d9-ddb5-4fa4-a97d-d965ccfc6d4b" outcome="Failed" testListId="8c84fa94-04c1-424b-9868-57a2d4851a1d" relativeResultsDirectory="52bb4bad-4b51-42d4-a375-0ec9a10d237a">
      <Output>
        <ErrorInfo>
          <Message>Assert.AreEqual failed. Expected:&lt;2&gt;. Actual:&lt;4&gt;. </Message>
          <StackTrace>   at TestProjectWON.UnitTest1.TestMethod27() in C:\agent\_work\8\s\TestProjectWON\UnitTest1.cs:line 148&#xD;
</StackTrace>
        </ErrorInfo>
      </Output>
    </UnitTestResult>
    <UnitTestResult executionId="ac127eae-4131-47e9-835e-5648efe872c4" testId="53741d93-4183-126c-5794-6e3b44f8a90a" testName="TestMethod905" computerName="SUSALUJ" duration="00:00:00.0000391" startTime="2019-07-19T15:51:23.8089957+05:30" endTime="2019-07-19T15:51:23.8089957+05:30" testType="13cdc9d9-ddb5-4fa4-a97d-d965ccfc6d4b" outcome="Passed" testListId="8c84fa94-04c1-424b-9868-57a2d4851a1d" relativeResultsDirectory="ac127eae-4131-47e9-835e-5648efe872c4" />
    <UnitTestResult executionId="a55a1f7c-fcd9-428c-883a-711702898657" testId="ddf3cec7-6c50-31cb-4993-6cc82e46dbea" testName="TestMethod43" computerName="SUSALUJ" duration="00:00:00.0008867" startTime="2019-07-19T15:51:24.1719966+05:30" endTime="2019-07-19T15:51:24.1729966+05:30" testType="13cdc9d9-ddb5-4fa4-a97d-d965ccfc6d4b" outcome="Failed" testListId="8c84fa94-04c1-424b-9868-57a2d4851a1d" relativeResultsDirectory="a55a1f7c-fcd9-428c-883a-711702898657">
      <Output>
        <ErrorInfo>
          <Message>Assert.AreEqual failed. Expected:&lt;2&gt;. Actual:&lt;4&gt;. </Message>
          <StackTrace>   at TestProjectWON.UnitTest1.TestMethod43() in C:\agent\_work\8\s\TestProjectWON\UnitTest1.cs:line 228&#xD;
</StackTrace>
        </ErrorInfo>
      </Output>
    </UnitTestResult>
    <UnitTestResult executionId="db5edfd7-0602-44b7-80c3-3e9997ab6721" testId="ed868fa2-b7e1-bbcc-8f11-693fbdfad7f8" testName="TestMethod6" computerName="SUSALUJ" duration="00:00:00.0008268" startTime="2019-07-19T15:51:24.1279947+05:30" endTime="2019-07-19T15:51:24.1289946+05:30" testType="13cdc9d9-ddb5-4fa4-a97d-d965ccfc6d4b" outcome="Failed" testListId="8c84fa94-04c1-424b-9868-57a2d4851a1d" relativeResultsDirectory="db5edfd7-0602-44b7-80c3-3e9997ab6721">
      <Output>
        <ErrorInfo>
          <Message>Assert.AreEqual failed. Expected:&lt;2&gt;. Actual:&lt;4&gt;. </Message>
          <StackTrace>   at TestProjectWON.UnitTest1.TestMethod6() in C:\agent\_work\8\s\TestProjectWON\UnitTest1.cs:line 43&#xD;
</StackTrace>
        </ErrorInfo>
      </Output>
    </UnitTestResult>
    <UnitTestResult executionId="456627a5-e59d-46b4-8dea-909fb5d9778a" testId="bb1fddd9-0fa5-0bf4-de64-dbafc0d2b900" testName="TestMethod780" computerName="SUSALUJ" duration="00:00:00.0000274" startTime="2019-07-19T15:51:23.8189946+05:30" endTime="2019-07-19T15:51:23.8189946+05:30" testType="13cdc9d9-ddb5-4fa4-a97d-d965ccfc6d4b" outcome="Passed" testListId="8c84fa94-04c1-424b-9868-57a2d4851a1d" relativeResultsDirectory="456627a5-e59d-46b4-8dea-909fb5d9778a" />
    <UnitTestResult executionId="740bb3ee-eb19-4c8a-93ca-af829ce39503" testId="2538b09c-5993-b407-46cc-cd0c5e035afe" testName="TestMethod560" computerName="SUSALUJ" duration="00:00:00.0000206" startTime="2019-07-19T15:51:23.8899947+05:30" endTime="2019-07-19T15:51:23.8899947+05:30" testType="13cdc9d9-ddb5-4fa4-a97d-d965ccfc6d4b" outcome="Passed" testListId="8c84fa94-04c1-424b-9868-57a2d4851a1d" relativeResultsDirectory="740bb3ee-eb19-4c8a-93ca-af829ce39503" />
    <UnitTestResult executionId="c7cd0b2f-0124-4fa0-883c-a48d2e688b28" testId="88a25c0e-eefa-34c3-e382-69843b35f78f" testName="TestMethod872" computerName="SUSALUJ" duration="00:00:00.0000534" startTime="2019-07-19T15:51:23.7989945+05:30" endTime="2019-07-19T15:51:23.7989945+05:30" testType="13cdc9d9-ddb5-4fa4-a97d-d965ccfc6d4b" outcome="Passed" testListId="8c84fa94-04c1-424b-9868-57a2d4851a1d" relativeResultsDirectory="c7cd0b2f-0124-4fa0-883c-a48d2e688b28" />
    <UnitTestResult executionId="ea666be9-1cdb-4b05-94b0-8e1ae4414ca9" testId="eab68e72-788f-cfb8-63fb-af574cc69c45" testName="TestMethod150" computerName="SUSALUJ" duration="00:00:00.0003992" startTime="2019-07-19T15:51:24.0169954+05:30" endTime="2019-07-19T15:51:24.0179952+05:30" testType="13cdc9d9-ddb5-4fa4-a97d-d965ccfc6d4b" outcome="Passed" testListId="8c84fa94-04c1-424b-9868-57a2d4851a1d" relativeResultsDirectory="ea666be9-1cdb-4b05-94b0-8e1ae4414ca9" />
    <UnitTestResult executionId="96de651b-72e1-4450-a55e-3303fa5593d5" testId="a2d17b88-2ee0-0628-93a1-91e51b945455" testName="TestMethod224" computerName="SUSALUJ" duration="00:00:00.0000339" startTime="2019-07-19T15:51:23.9899978+05:30" endTime="2019-07-19T15:51:23.9899978+05:30" testType="13cdc9d9-ddb5-4fa4-a97d-d965ccfc6d4b" outcome="Passed" testListId="8c84fa94-04c1-424b-9868-57a2d4851a1d" relativeResultsDirectory="96de651b-72e1-4450-a55e-3303fa5593d5" />
    <UnitTestResult executionId="4f00f760-9c71-4884-ab12-bdf6705d062e" testId="6f292e4b-66f5-a778-fa6e-8262c0e8abca" testName="TestMethod753" computerName="SUSALUJ" duration="00:00:00.0000306" startTime="2019-07-19T15:51:23.8559946+05:30" endTime="2019-07-19T15:51:23.8559946+05:30" testType="13cdc9d9-ddb5-4fa4-a97d-d965ccfc6d4b" outcome="Passed" testListId="8c84fa94-04c1-424b-9868-57a2d4851a1d" relativeResultsDirectory="4f00f760-9c71-4884-ab12-bdf6705d062e" />
    <UnitTestResult executionId="855f8741-7809-48e1-b6a7-eba546044469" testId="fb4fe1f9-4704-e605-7e31-79acd6c27b72" testName="TestMethod803" computerName="SUSALUJ" duration="00:00:00.0000377" startTime="2019-07-19T15:51:23.8309967+05:30" endTime="2019-07-19T15:51:23.8309967+05:30" testType="13cdc9d9-ddb5-4fa4-a97d-d965ccfc6d4b" outcome="Passed" testListId="8c84fa94-04c1-424b-9868-57a2d4851a1d" relativeResultsDirectory="855f8741-7809-48e1-b6a7-eba546044469" />
    <UnitTestResult executionId="2946954c-6e14-450f-9a8e-0b24da324864" testId="161d7a92-ebf4-7cb4-f15d-4393a3b5ae64" testName="TestMethod67" computerName="SUSALUJ" duration="00:00:00.0000302" startTime="2019-07-19T15:51:24.1829965+05:30" endTime="2019-07-19T15:51:24.1829965+05:30" testType="13cdc9d9-ddb5-4fa4-a97d-d965ccfc6d4b" outcome="Passed" testListId="8c84fa94-04c1-424b-9868-57a2d4851a1d" relativeResultsDirectory="2946954c-6e14-450f-9a8e-0b24da324864" />
    <UnitTestResult executionId="a88c13ee-fc4e-430d-b48e-ed4247adc666" testId="ccea9d13-a40c-5163-21a5-c1d7585383c5" testName="TestMethod248" computerName="SUSALUJ" duration="00:00:00.0000299" startTime="2019-07-19T15:51:23.9969949+05:30" endTime="2019-07-19T15:51:23.9969949+05:30" testType="13cdc9d9-ddb5-4fa4-a97d-d965ccfc6d4b" outcome="Passed" testListId="8c84fa94-04c1-424b-9868-57a2d4851a1d" relativeResultsDirectory="a88c13ee-fc4e-430d-b48e-ed4247adc666" />
    <UnitTestResult executionId="ce8b5396-4085-4bdd-b489-4d2027a80b89" testId="de8529e0-a6e6-31e9-fb3e-547193ba9a75" testName="TestMethod423" computerName="SUSALUJ" duration="00:00:00.0000916" startTime="2019-07-19T15:51:23.9399978+05:30" endTime="2019-07-19T15:51:23.9399978+05:30" testType="13cdc9d9-ddb5-4fa4-a97d-d965ccfc6d4b" outcome="Passed" testListId="8c84fa94-04c1-424b-9868-57a2d4851a1d" relativeResultsDirectory="ce8b5396-4085-4bdd-b489-4d2027a80b89" />
    <UnitTestResult executionId="1793f8eb-04a7-41e8-b88d-8ab682bab49a" testId="1f1315c1-a6d0-5528-a7a2-bd280e0f1b90" testName="TestMethod333" computerName="SUSALUJ" duration="00:00:00.0000291" startTime="2019-07-19T15:51:23.9699957+05:30" endTime="2019-07-19T15:51:23.9699957+05:30" testType="13cdc9d9-ddb5-4fa4-a97d-d965ccfc6d4b" outcome="Passed" testListId="8c84fa94-04c1-424b-9868-57a2d4851a1d" relativeResultsDirectory="1793f8eb-04a7-41e8-b88d-8ab682bab49a" />
    <UnitTestResult executionId="753b600f-2845-4c55-a2c3-336c11074dcc" testId="87f53ee5-bdbf-d777-f2bd-8587b117a696" testName="TestMethod203" computerName="SUSALUJ" duration="00:00:00.0000449" startTime="2019-07-19T15:51:23.9819951+05:30" endTime="2019-07-19T15:51:23.9829939+05:30" testType="13cdc9d9-ddb5-4fa4-a97d-d965ccfc6d4b" outcome="Passed" testListId="8c84fa94-04c1-424b-9868-57a2d4851a1d" relativeResultsDirectory="753b600f-2845-4c55-a2c3-336c11074dcc" />
    <UnitTestResult executionId="62338042-83be-4ac7-b460-aac1baeed75d" testId="33b08216-f963-c705-8503-206a945a16eb" testName="TestMethod944" computerName="SUSALUJ" duration="00:00:00.0000639" startTime="2019-07-19T15:51:23.7799943+05:30" endTime="2019-07-19T15:51:23.7809933+05:30" testType="13cdc9d9-ddb5-4fa4-a97d-d965ccfc6d4b" outcome="Passed" testListId="8c84fa94-04c1-424b-9868-57a2d4851a1d" relativeResultsDirectory="62338042-83be-4ac7-b460-aac1baeed75d" />
    <UnitTestResult executionId="e983dc7b-b45d-4a56-9608-d1bff243b572" testId="93b56f15-d0f9-922b-ebdb-da9b37d35a33" testName="TestMethod515" computerName="SUSALUJ" duration="00:00:00.0000238" startTime="2019-07-19T15:51:23.8819945+05:30" endTime="2019-07-19T15:51:23.8819945+05:30" testType="13cdc9d9-ddb5-4fa4-a97d-d965ccfc6d4b" outcome="Passed" testListId="8c84fa94-04c1-424b-9868-57a2d4851a1d" relativeResultsDirectory="e983dc7b-b45d-4a56-9608-d1bff243b572" />
    <UnitTestResult executionId="7642bc65-e37d-49bb-9c78-d4b0be720ce6" testId="6089860e-74fe-1064-91b5-288184b89da4" testName="TestMethod46" computerName="SUSALUJ" duration="00:00:00.0010530" startTime="2019-07-19T15:51:24.1739954+05:30" endTime="2019-07-19T15:51:24.1759981+05:30" testType="13cdc9d9-ddb5-4fa4-a97d-d965ccfc6d4b" outcome="Failed" testListId="8c84fa94-04c1-424b-9868-57a2d4851a1d" relativeResultsDirectory="7642bc65-e37d-49bb-9c78-d4b0be720ce6">
      <Output>
        <ErrorInfo>
          <Message>Assert.AreEqual failed. Expected:&lt;2&gt;. Actual:&lt;4&gt;. </Message>
          <StackTrace>   at TestProjectWON.UnitTest1.TestMethod46() in C:\agent\_work\8\s\TestProjectWON\UnitTest1.cs:line 243&#xD;
</StackTrace>
        </ErrorInfo>
      </Output>
    </UnitTestResult>
    <UnitTestResult executionId="1b61d69c-d3e4-4cc0-8de2-042fbda8e19b" testId="9b09cd4c-cc43-15b2-2268-7045eb5e46a7" testName="TestMethod184" computerName="SUSALUJ" duration="00:00:00.0000409" startTime="2019-07-19T15:51:23.9779969+05:30" endTime="2019-07-19T15:51:23.9789960+05:30" testType="13cdc9d9-ddb5-4fa4-a97d-d965ccfc6d4b" outcome="Passed" testListId="8c84fa94-04c1-424b-9868-57a2d4851a1d" relativeResultsDirectory="1b61d69c-d3e4-4cc0-8de2-042fbda8e19b" />
    <UnitTestResult executionId="727f0932-7c9b-4b13-af8b-7a01c7294e99" testId="1ddc3191-d796-9ca4-1cdf-911c528d78dc" testName="TestMethod162" computerName="SUSALUJ" duration="00:00:00.0000336" startTime="2019-07-19T15:51:24.0219978+05:30" endTime="2019-07-19T15:51:24.0219978+05:30" testType="13cdc9d9-ddb5-4fa4-a97d-d965ccfc6d4b" outcome="Passed" testListId="8c84fa94-04c1-424b-9868-57a2d4851a1d" relativeResultsDirectory="727f0932-7c9b-4b13-af8b-7a01c7294e99" />
    <UnitTestResult executionId="442e66f6-c09b-46a9-aba0-03e6769060ce" testId="3b5942d2-e7e2-de60-16f9-c73e5cc4a29a" testName="TestMethod240" computerName="SUSALUJ" duration="00:00:00.0000373" startTime="2019-07-19T15:51:23.9940002+05:30" endTime="2019-07-19T15:51:23.9949987+05:30" testType="13cdc9d9-ddb5-4fa4-a97d-d965ccfc6d4b" outcome="Passed" testListId="8c84fa94-04c1-424b-9868-57a2d4851a1d" relativeResultsDirectory="442e66f6-c09b-46a9-aba0-03e6769060ce" />
    <UnitTestResult executionId="b1967878-3461-4935-9e05-df8966db4495" testId="655b1882-490e-072b-68df-241927b235f6" testName="TestMethod174" computerName="SUSALUJ" duration="00:00:00.0001151" startTime="2019-07-19T15:51:23.9749966+05:30" endTime="2019-07-19T15:51:23.9749966+05:30" testType="13cdc9d9-ddb5-4fa4-a97d-d965ccfc6d4b" outcome="Passed" testListId="8c84fa94-04c1-424b-9868-57a2d4851a1d" relativeResultsDirectory="b1967878-3461-4935-9e05-df8966db4495" />
    <UnitTestResult executionId="8934eb18-7764-4312-8fe8-4d2c6a2fb139" testId="ad096218-c19b-f9d4-418a-22eb5410c3ad" testName="TestMethod266" computerName="SUSALUJ" duration="00:00:00.0000341" startTime="2019-07-19T15:51:23.9489967+05:30" endTime="2019-07-19T15:51:23.9489967+05:30" testType="13cdc9d9-ddb5-4fa4-a97d-d965ccfc6d4b" outcome="Passed" testListId="8c84fa94-04c1-424b-9868-57a2d4851a1d" relativeResultsDirectory="8934eb18-7764-4312-8fe8-4d2c6a2fb139" />
    <UnitTestResult executionId="a9732f23-3d2c-4696-b23a-319df9359ead" testId="27dc6f8c-4da0-f151-b126-de4458b3e832" testName="TestMethod336" computerName="SUSALUJ" duration="00:00:00.0000431" startTime="2019-07-19T15:51:23.9719984+05:30" endTime="2019-07-19T15:51:23.9719984+05:30" testType="13cdc9d9-ddb5-4fa4-a97d-d965ccfc6d4b" outcome="Passed" testListId="8c84fa94-04c1-424b-9868-57a2d4851a1d" relativeResultsDirectory="a9732f23-3d2c-4696-b23a-319df9359ead" />
    <UnitTestResult executionId="2afed1f8-9d5d-47f1-ad5f-700a1c85b13f" testId="55560052-a39a-825d-e9c8-739ebd549aa5" testName="TestMethod963" computerName="SUSALUJ" duration="00:00:00.0000337" startTime="2019-07-19T15:51:23.7839932+05:30" endTime="2019-07-19T15:51:23.7839932+05:30" testType="13cdc9d9-ddb5-4fa4-a97d-d965ccfc6d4b" outcome="Passed" testListId="8c84fa94-04c1-424b-9868-57a2d4851a1d" relativeResultsDirectory="2afed1f8-9d5d-47f1-ad5f-700a1c85b13f" />
    <UnitTestResult executionId="d7fddf8e-ee91-4b18-8ad5-9d64df3bbc6e" testId="d2f7dd5a-270a-7323-131a-88c5f3382836" testName="TestMethod645" computerName="SUSALUJ" duration="00:00:00.0000401" startTime="2019-07-19T15:51:23.8669961+05:30" endTime="2019-07-19T15:51:23.8679961+05:30" testType="13cdc9d9-ddb5-4fa4-a97d-d965ccfc6d4b" outcome="Passed" testListId="8c84fa94-04c1-424b-9868-57a2d4851a1d" relativeResultsDirectory="d7fddf8e-ee91-4b18-8ad5-9d64df3bbc6e" />
    <UnitTestResult executionId="8a0f300b-7777-4e20-9908-962621157fee" testId="2de6f66f-9b25-100a-6e65-920119c0297f" testName="TestMethod718" computerName="SUSALUJ" duration="00:00:00.0000301" startTime="2019-07-19T15:51:23.8489960+05:30" endTime="2019-07-19T15:51:23.8489960+05:30" testType="13cdc9d9-ddb5-4fa4-a97d-d965ccfc6d4b" outcome="Passed" testListId="8c84fa94-04c1-424b-9868-57a2d4851a1d" relativeResultsDirectory="8a0f300b-7777-4e20-9908-962621157fee" />
    <UnitTestResult executionId="9c6d3fd1-407f-4a5b-a51e-7e495ea56c3f" testId="f5749084-ca45-11f0-7dbf-28c0be376a6b" testName="TestMethod691" computerName="SUSALUJ" duration="00:00:00.0000211" startTime="2019-07-19T15:51:23.8429945+05:30" endTime="2019-07-19T15:51:23.8439943+05:30" testType="13cdc9d9-ddb5-4fa4-a97d-d965ccfc6d4b" outcome="Passed" testListId="8c84fa94-04c1-424b-9868-57a2d4851a1d" relativeResultsDirectory="9c6d3fd1-407f-4a5b-a51e-7e495ea56c3f" />
    <UnitTestResult executionId="941ae3f0-dcc6-4063-ab1a-6bd9942d913a" testId="fa6e016c-cf40-5d29-14b8-73af84d227df" testName="TestMethod117" computerName="SUSALUJ" duration="00:00:00.0000197" startTime="2019-07-19T15:51:24.0059963+05:30" endTime="2019-07-19T15:51:24.0059963+05:30" testType="13cdc9d9-ddb5-4fa4-a97d-d965ccfc6d4b" outcome="Passed" testListId="8c84fa94-04c1-424b-9868-57a2d4851a1d" relativeResultsDirectory="941ae3f0-dcc6-4063-ab1a-6bd9942d913a" />
    <UnitTestResult executionId="971b0f74-8fdf-4ef1-88e1-e70b99040838" testId="c07ed1e6-4ff2-787a-6e41-1d744cc03d1e" testName="TestMethod127" computerName="SUSALUJ" duration="00:00:00.0000588" startTime="2019-07-19T15:51:24.0090017+05:30" endTime="2019-07-19T15:51:24.0100020+05:30" testType="13cdc9d9-ddb5-4fa4-a97d-d965ccfc6d4b" outcome="Passed" testListId="8c84fa94-04c1-424b-9868-57a2d4851a1d" relativeResultsDirectory="971b0f74-8fdf-4ef1-88e1-e70b99040838" />
    <UnitTestResult executionId="625b6d30-2190-40a7-bfdc-ae9a831926b7" testId="9b8de71b-7848-1c62-28ae-159671066bbc" testName="TestMethod197" computerName="SUSALUJ" duration="00:00:00.0000206" startTime="2019-07-19T15:51:23.9819951+05:30" endTime="2019-07-19T15:51:23.9819951+05:30" testType="13cdc9d9-ddb5-4fa4-a97d-d965ccfc6d4b" outcome="Passed" testListId="8c84fa94-04c1-424b-9868-57a2d4851a1d" relativeResultsDirectory="625b6d30-2190-40a7-bfdc-ae9a831926b7" />
    <UnitTestResult executionId="bbae3ca9-6738-45fd-9773-92388dd1059c" testId="cca9ff46-c03b-4f70-658c-c974de0acf12" testName="TestMethod971" computerName="SUSALUJ" duration="00:00:00.0000341" startTime="2019-07-19T15:51:23.7859938+05:30" endTime="2019-07-19T15:51:23.7859938+05:30" testType="13cdc9d9-ddb5-4fa4-a97d-d965ccfc6d4b" outcome="Passed" testListId="8c84fa94-04c1-424b-9868-57a2d4851a1d" relativeResultsDirectory="bbae3ca9-6738-45fd-9773-92388dd1059c" />
    <UnitTestResult executionId="5e53bf63-c4dd-4b50-9e9e-c964682cfc1f" testId="53fee51d-4781-0684-0a02-aa461058c8b7" testName="TestMethod236" computerName="SUSALUJ" duration="00:00:00.0000297" startTime="2019-07-19T15:51:23.9929975+05:30" endTime="2019-07-19T15:51:23.9929975+05:30" testType="13cdc9d9-ddb5-4fa4-a97d-d965ccfc6d4b" outcome="Passed" testListId="8c84fa94-04c1-424b-9868-57a2d4851a1d" relativeResultsDirectory="5e53bf63-c4dd-4b50-9e9e-c964682cfc1f" />
    <UnitTestResult executionId="c2302581-62be-4830-acaa-e84b15574713" testId="dbdc2b5e-05d7-55cb-6450-200bed021822" testName="TestMethod902" computerName="SUSALUJ" duration="00:00:00.0000409" startTime="2019-07-19T15:51:23.8079969+05:30" endTime="2019-07-19T15:51:23.8079969+05:30" testType="13cdc9d9-ddb5-4fa4-a97d-d965ccfc6d4b" outcome="Passed" testListId="8c84fa94-04c1-424b-9868-57a2d4851a1d" relativeResultsDirectory="c2302581-62be-4830-acaa-e84b15574713" />
    <UnitTestResult executionId="d118a546-39f5-45e2-818a-db4fe3f7b26b" testId="bd5d3463-bfe8-f361-dfab-4ebb65035ec9" testName="TestMethod509" computerName="SUSALUJ" duration="00:00:00.0000242" startTime="2019-07-19T15:51:23.9160012+05:30" endTime="2019-07-19T15:51:23.9160012+05:30" testType="13cdc9d9-ddb5-4fa4-a97d-d965ccfc6d4b" outcome="Passed" testListId="8c84fa94-04c1-424b-9868-57a2d4851a1d" relativeResultsDirectory="d118a546-39f5-45e2-818a-db4fe3f7b26b" />
    <UnitTestResult executionId="cc6b4590-9b00-4042-a542-0275ffadedd1" testId="b9609315-e50a-b6bd-1d55-29ba9e7e6c5d" testName="TestMethod681" computerName="SUSALUJ" duration="00:00:00.0000318" startTime="2019-07-19T15:51:23.8409943+05:30" endTime="2019-07-19T15:51:23.8409943+05:30" testType="13cdc9d9-ddb5-4fa4-a97d-d965ccfc6d4b" outcome="Passed" testListId="8c84fa94-04c1-424b-9868-57a2d4851a1d" relativeResultsDirectory="cc6b4590-9b00-4042-a542-0275ffadedd1" />
    <UnitTestResult executionId="8c7d8716-8ac8-46be-8a6b-77f7e86a1051" testId="771fb03e-c480-1ce6-a135-57692892e164" testName="TestMethod17" computerName="SUSALUJ" duration="00:00:00.0008868" startTime="2019-07-19T15:51:24.1399950+05:30" endTime="2019-07-19T15:51:24.1409954+05:30" testType="13cdc9d9-ddb5-4fa4-a97d-d965ccfc6d4b" outcome="Failed" testListId="8c84fa94-04c1-424b-9868-57a2d4851a1d" relativeResultsDirectory="8c7d8716-8ac8-46be-8a6b-77f7e86a1051">
      <Output>
        <ErrorInfo>
          <Message>Assert.AreEqual failed. Expected:&lt;2&gt;. Actual:&lt;4&gt;. </Message>
          <StackTrace>   at TestProjectWON.UnitTest1.TestMethod17() in C:\agent\_work\8\s\TestProjectWON\UnitTest1.cs:line 98&#xD;
</StackTrace>
        </ErrorInfo>
      </Output>
    </UnitTestResult>
    <UnitTestResult executionId="ce874984-a5c4-461d-8478-7afa07d5b02f" testId="ee35ed0f-0707-c177-e433-7bad4e0be667" testName="TestMethod147" computerName="SUSALUJ" duration="00:00:00.0000268" startTime="2019-07-19T15:51:24.0169954+05:30" endTime="2019-07-19T15:51:24.0169954+05:30" testType="13cdc9d9-ddb5-4fa4-a97d-d965ccfc6d4b" outcome="Passed" testListId="8c84fa94-04c1-424b-9868-57a2d4851a1d" relativeResultsDirectory="ce874984-a5c4-461d-8478-7afa07d5b02f" />
    <UnitTestResult executionId="005b4cce-0a16-4e16-9409-b6874020ad48" testId="27d204bb-c3fa-e9d6-7096-866836d539c5" testName="TestMethod321" computerName="SUSALUJ" duration="00:00:00.0000210" startTime="2019-07-19T15:51:23.9669973+05:30" endTime="2019-07-19T15:51:23.9669973+05:30" testType="13cdc9d9-ddb5-4fa4-a97d-d965ccfc6d4b" outcome="Passed" testListId="8c84fa94-04c1-424b-9868-57a2d4851a1d" relativeResultsDirectory="005b4cce-0a16-4e16-9409-b6874020ad48" />
    <UnitTestResult executionId="2b1f6756-4f01-4297-8c67-08bcf97cb07b" testId="0982bbc2-1c72-d9d0-5afb-0ccc4ad492e3" testName="TestMethod762" computerName="SUSALUJ" duration="00:00:00.0000200" startTime="2019-07-19T15:51:23.8569938+05:30" endTime="2019-07-19T15:51:23.8579946+05:30" testType="13cdc9d9-ddb5-4fa4-a97d-d965ccfc6d4b" outcome="Passed" testListId="8c84fa94-04c1-424b-9868-57a2d4851a1d" relativeResultsDirectory="2b1f6756-4f01-4297-8c67-08bcf97cb07b" />
    <UnitTestResult executionId="61e081e8-e301-4cfc-a4e6-de046353385e" testId="971d7e09-432b-d6e7-75f9-b81bbb0116e4" testName="TestMethod868" computerName="SUSALUJ" duration="00:00:00.0000619" startTime="2019-07-19T15:51:23.7979963+05:30" endTime="2019-07-19T15:51:23.7989945+05:30" testType="13cdc9d9-ddb5-4fa4-a97d-d965ccfc6d4b" outcome="Passed" testListId="8c84fa94-04c1-424b-9868-57a2d4851a1d" relativeResultsDirectory="61e081e8-e301-4cfc-a4e6-de046353385e" />
    <UnitTestResult executionId="1478a04b-ddd3-451e-8751-035ca1805e5b" testId="9cd502ee-eed5-ccd6-eb9b-7e9d7d64a050" testName="TestMethod430" computerName="SUSALUJ" duration="00:00:00.0000211" startTime="2019-07-19T15:51:23.8969966+05:30" endTime="2019-07-19T15:51:23.8969966+05:30" testType="13cdc9d9-ddb5-4fa4-a97d-d965ccfc6d4b" outcome="Passed" testListId="8c84fa94-04c1-424b-9868-57a2d4851a1d" relativeResultsDirectory="1478a04b-ddd3-451e-8751-035ca1805e5b" />
    <UnitTestResult executionId="c3c6220c-93fc-4258-8906-e585c4c6a322" testId="6efe8c94-aeca-9a30-5500-ec59c816f237" testName="TestMethod367" computerName="SUSALUJ" duration="00:00:00.0000336" startTime="2019-07-19T15:51:23.9219963+05:30" endTime="2019-07-19T15:51:23.9229973+05:30" testType="13cdc9d9-ddb5-4fa4-a97d-d965ccfc6d4b" outcome="Passed" testListId="8c84fa94-04c1-424b-9868-57a2d4851a1d" relativeResultsDirectory="c3c6220c-93fc-4258-8906-e585c4c6a322" />
    <UnitTestResult executionId="eb3fc29a-19b7-4522-8f66-e8c41f6aacdd" testId="eb1b84dc-d7db-f2a7-decc-0d6c0eb864dd" testName="TestMethod592" computerName="SUSALUJ" duration="00:00:00.0000221" startTime="2019-07-19T15:51:23.8959935+05:30" endTime="2019-07-19T15:51:23.8959935+05:30" testType="13cdc9d9-ddb5-4fa4-a97d-d965ccfc6d4b" outcome="Passed" testListId="8c84fa94-04c1-424b-9868-57a2d4851a1d" relativeResultsDirectory="eb3fc29a-19b7-4522-8f66-e8c41f6aacdd" />
    <UnitTestResult executionId="f3e43c20-56a4-40f1-b53e-a37c0187923b" testId="c4ad9168-0942-2fe7-58ae-fb96cd8c24e3" testName="TestMethod639" computerName="SUSALUJ" duration="00:00:00.0000241" startTime="2019-07-19T15:51:23.8669961+05:30" endTime="2019-07-19T15:51:23.8669961+05:30" testType="13cdc9d9-ddb5-4fa4-a97d-d965ccfc6d4b" outcome="Passed" testListId="8c84fa94-04c1-424b-9868-57a2d4851a1d" relativeResultsDirectory="f3e43c20-56a4-40f1-b53e-a37c0187923b" />
    <UnitTestResult executionId="e117b5db-9c1e-4f51-9823-5b1c579acbe4" testId="fe0075bd-0bd2-048b-470a-7c6feb3f4475" testName="TestMethod745" computerName="SUSALUJ" duration="00:00:00.0000203" startTime="2019-07-19T15:51:23.8539946+05:30" endTime="2019-07-19T15:51:23.8539946+05:30" testType="13cdc9d9-ddb5-4fa4-a97d-d965ccfc6d4b" outcome="Passed" testListId="8c84fa94-04c1-424b-9868-57a2d4851a1d" relativeResultsDirectory="e117b5db-9c1e-4f51-9823-5b1c579acbe4" />
    <UnitTestResult executionId="6de836df-de85-4461-98f6-c6b2671f85b3" testId="1f6cec36-baad-2e1c-06fd-f55735ceffa5" testName="TestMethod594" computerName="SUSALUJ" duration="00:00:00.0000359" startTime="2019-07-19T15:51:23.8959935+05:30" endTime="2019-07-19T15:51:23.8959935+05:30" testType="13cdc9d9-ddb5-4fa4-a97d-d965ccfc6d4b" outcome="Passed" testListId="8c84fa94-04c1-424b-9868-57a2d4851a1d" relativeResultsDirectory="6de836df-de85-4461-98f6-c6b2671f85b3" />
    <UnitTestResult executionId="8a736c7b-830c-4c96-90b8-865230da2600" testId="081c4343-a198-b1eb-f580-496229767456" testName="TestMethod242" computerName="SUSALUJ" duration="00:00:00.0000525" startTime="2019-07-19T15:51:23.9949987+05:30" endTime="2019-07-19T15:51:23.9949987+05:30" testType="13cdc9d9-ddb5-4fa4-a97d-d965ccfc6d4b" outcome="Passed" testListId="8c84fa94-04c1-424b-9868-57a2d4851a1d" relativeResultsDirectory="8a736c7b-830c-4c96-90b8-865230da2600" />
    <UnitTestResult executionId="cfa5fc30-07c2-4d8a-9fb7-21ccbff304cc" testId="fb50b0ec-bdc0-6133-0362-9315ff34d9c6" testName="TestMethod447" computerName="SUSALUJ" duration="00:00:00.0000206" startTime="2019-07-19T15:51:23.9009945+05:30" endTime="2019-07-19T15:51:23.9009945+05:30" testType="13cdc9d9-ddb5-4fa4-a97d-d965ccfc6d4b" outcome="Passed" testListId="8c84fa94-04c1-424b-9868-57a2d4851a1d" relativeResultsDirectory="cfa5fc30-07c2-4d8a-9fb7-21ccbff304cc" />
    <UnitTestResult executionId="3de38980-3e41-4c9b-9bf4-92b9f72430f5" testId="0b90b587-8a07-a415-5668-c92e433c53cf" testName="TestMethod673" computerName="SUSALUJ" duration="00:00:00.0000205" startTime="2019-07-19T15:51:23.8729942+05:30" endTime="2019-07-19T15:51:23.8729942+05:30" testType="13cdc9d9-ddb5-4fa4-a97d-d965ccfc6d4b" outcome="Passed" testListId="8c84fa94-04c1-424b-9868-57a2d4851a1d" relativeResultsDirectory="3de38980-3e41-4c9b-9bf4-92b9f72430f5" />
    <UnitTestResult executionId="1f5f7778-8ff7-4877-8611-24c365da1af9" testId="dde0bf41-16b3-f578-8d34-e6dc09cb1db1" testName="TestMethod889" computerName="SUSALUJ" duration="00:00:00.0000414" startTime="2019-07-19T15:51:23.8049938+05:30" endTime="2019-07-19T15:51:23.8049938+05:30" testType="13cdc9d9-ddb5-4fa4-a97d-d965ccfc6d4b" outcome="Passed" testListId="8c84fa94-04c1-424b-9868-57a2d4851a1d" relativeResultsDirectory="1f5f7778-8ff7-4877-8611-24c365da1af9" />
    <UnitTestResult executionId="3d051882-0833-46ea-a517-4c327b4b3a9e" testId="5c460a5a-0268-626b-700d-ed4cae528a9e" testName="TestMethod656" computerName="SUSALUJ" duration="00:00:00.0000269" startTime="2019-07-19T15:51:23.8699969+05:30" endTime="2019-07-19T15:51:23.8699969+05:30" testType="13cdc9d9-ddb5-4fa4-a97d-d965ccfc6d4b" outcome="Passed" testListId="8c84fa94-04c1-424b-9868-57a2d4851a1d" relativeResultsDirectory="3d051882-0833-46ea-a517-4c327b4b3a9e" />
    <UnitTestResult executionId="73dd3b3c-187e-4d84-960b-601370074e69" testId="3d21482f-835c-b4c0-4610-12e0db389ba6" testName="TestMethod897" computerName="SUSALUJ" duration="00:00:00.0000650" startTime="2019-07-19T15:51:23.8059934+05:30" endTime="2019-07-19T15:51:23.8059934+05:30" testType="13cdc9d9-ddb5-4fa4-a97d-d965ccfc6d4b" outcome="Passed" testListId="8c84fa94-04c1-424b-9868-57a2d4851a1d" relativeResultsDirectory="73dd3b3c-187e-4d84-960b-601370074e69" />
    <UnitTestResult executionId="6357b3b0-05ac-4d5b-8d8d-9081942088a5" testId="d26742f9-1dbc-92b8-ff4f-b2cfd1c24adf" testName="TestMethod230" computerName="SUSALUJ" duration="00:00:00.0000322" startTime="2019-07-19T15:51:23.9909971+05:30" endTime="2019-07-19T15:51:23.9909971+05:30" testType="13cdc9d9-ddb5-4fa4-a97d-d965ccfc6d4b" outcome="Passed" testListId="8c84fa94-04c1-424b-9868-57a2d4851a1d" relativeResultsDirectory="6357b3b0-05ac-4d5b-8d8d-9081942088a5" />
    <UnitTestResult executionId="0cb116da-523e-4a74-bea1-4d0a29c86b8e" testId="58465c1a-7b5a-d5fd-e467-184445674f7b" testName="TestMethod269" computerName="SUSALUJ" duration="00:00:00.0000221" startTime="2019-07-19T15:51:23.9499977+05:30" endTime="2019-07-19T15:51:23.9499977+05:30" testType="13cdc9d9-ddb5-4fa4-a97d-d965ccfc6d4b" outcome="Passed" testListId="8c84fa94-04c1-424b-9868-57a2d4851a1d" relativeResultsDirectory="0cb116da-523e-4a74-bea1-4d0a29c86b8e" />
    <UnitTestResult executionId="c7f630df-d6b9-4574-b5af-b3eb7207d490" testId="5d9d8819-6aeb-7979-eb4e-aba3a07e8e98" testName="TestMethod589" computerName="SUSALUJ" duration="00:00:00.0000202" startTime="2019-07-19T15:51:23.8949967+05:30" endTime="2019-07-19T15:51:23.8949967+05:30" testType="13cdc9d9-ddb5-4fa4-a97d-d965ccfc6d4b" outcome="Passed" testListId="8c84fa94-04c1-424b-9868-57a2d4851a1d" relativeResultsDirectory="c7f630df-d6b9-4574-b5af-b3eb7207d490" />
    <UnitTestResult executionId="cf5da9eb-7583-4c0b-819c-8101c8c728e4" testId="16461f5b-0e5e-ea5c-2a79-bfbc5a4609a0" testName="TestMethod320" computerName="SUSALUJ" duration="00:00:00.0000330" startTime="2019-07-19T15:51:23.9669973+05:30" endTime="2019-07-19T15:51:23.9669973+05:30" testType="13cdc9d9-ddb5-4fa4-a97d-d965ccfc6d4b" outcome="Passed" testListId="8c84fa94-04c1-424b-9868-57a2d4851a1d" relativeResultsDirectory="cf5da9eb-7583-4c0b-819c-8101c8c728e4" />
    <UnitTestResult executionId="c305e276-ced8-4c94-9cc1-73e2e92d5a3f" testId="e9ba6ba3-1864-d31d-1f8b-42363b1799b7" testName="TestMethod631" computerName="SUSALUJ" duration="00:00:00.0000199" startTime="2019-07-19T15:51:23.8649950+05:30" endTime="2019-07-19T15:51:23.8649950+05:30" testType="13cdc9d9-ddb5-4fa4-a97d-d965ccfc6d4b" outcome="Passed" testListId="8c84fa94-04c1-424b-9868-57a2d4851a1d" relativeResultsDirectory="c305e276-ced8-4c94-9cc1-73e2e92d5a3f" />
    <UnitTestResult executionId="ef1157d6-71ba-40b1-a41f-91e9a47a1097" testId="2f782a60-41d8-3f0c-3c0c-6b08996aadd4" testName="TestMethod791" computerName="SUSALUJ" duration="00:00:00.0000383" startTime="2019-07-19T15:51:23.8229982+05:30" endTime="2019-07-19T15:51:23.8229982+05:30" testType="13cdc9d9-ddb5-4fa4-a97d-d965ccfc6d4b" outcome="Passed" testListId="8c84fa94-04c1-424b-9868-57a2d4851a1d" relativeResultsDirectory="ef1157d6-71ba-40b1-a41f-91e9a47a1097" />
    <UnitTestResult executionId="cac19e4f-3455-4126-9b2b-186a40c17edf" testId="16ef2190-1f73-491e-22c1-38b1f96709f9" testName="TestMethod798" computerName="SUSALUJ" duration="00:00:00.0000419" startTime="2019-07-19T15:51:23.8299937+05:30" endTime="2019-07-19T15:51:23.8299937+05:30" testType="13cdc9d9-ddb5-4fa4-a97d-d965ccfc6d4b" outcome="Passed" testListId="8c84fa94-04c1-424b-9868-57a2d4851a1d" relativeResultsDirectory="cac19e4f-3455-4126-9b2b-186a40c17edf" />
    <UnitTestResult executionId="0ba6c127-5638-438d-bf6d-5f2a19168639" testId="19204f89-2f3e-d8c5-8a90-013beaa72f75" testName="TestMethod569" computerName="SUSALUJ" duration="00:00:00.0000210" startTime="2019-07-19T15:51:23.8909958+05:30" endTime="2019-07-19T15:51:23.8919946+05:30" testType="13cdc9d9-ddb5-4fa4-a97d-d965ccfc6d4b" outcome="Passed" testListId="8c84fa94-04c1-424b-9868-57a2d4851a1d" relativeResultsDirectory="0ba6c127-5638-438d-bf6d-5f2a19168639" />
    <UnitTestResult executionId="600834f8-5036-404f-9e33-502778b42aca" testId="c32958c4-2ff3-227c-18a5-c048e326503b" testName="TestMethod711" computerName="SUSALUJ" duration="00:00:00.0000193" startTime="2019-07-19T15:51:23.8479951+05:30" endTime="2019-07-19T15:51:23.8479951+05:30" testType="13cdc9d9-ddb5-4fa4-a97d-d965ccfc6d4b" outcome="Passed" testListId="8c84fa94-04c1-424b-9868-57a2d4851a1d" relativeResultsDirectory="600834f8-5036-404f-9e33-502778b42aca" />
    <UnitTestResult executionId="04520a42-18b7-4631-82e8-8d5804176587" testId="df2d8e43-53ad-a069-83f3-f6ce5b005341" testName="TestMethod750" computerName="SUSALUJ" duration="00:00:00.0000199" startTime="2019-07-19T15:51:23.8549939+05:30" endTime="2019-07-19T15:51:23.8549939+05:30" testType="13cdc9d9-ddb5-4fa4-a97d-d965ccfc6d4b" outcome="Passed" testListId="8c84fa94-04c1-424b-9868-57a2d4851a1d" relativeResultsDirectory="04520a42-18b7-4631-82e8-8d5804176587" />
    <UnitTestResult executionId="e25a1dd0-cb80-42f1-927a-4726faa63427" testId="bc65e94b-7077-ded6-39f5-e5d52741d172" testName="TestMethod668" computerName="SUSALUJ" duration="00:00:00.0000217" startTime="2019-07-19T15:51:23.8719952+05:30" endTime="2019-07-19T15:51:23.8729942+05:30" testType="13cdc9d9-ddb5-4fa4-a97d-d965ccfc6d4b" outcome="Passed" testListId="8c84fa94-04c1-424b-9868-57a2d4851a1d" relativeResultsDirectory="e25a1dd0-cb80-42f1-927a-4726faa63427" />
    <UnitTestResult executionId="e374d636-718c-45ef-aaea-0c70dbaf07d5" testId="ba7abc82-755e-df5e-a8e3-3dfd591bc900" testName="TestMethod937" computerName="SUSALUJ" duration="00:00:00.0000368" startTime="2019-07-19T15:51:23.7749959+05:30" endTime="2019-07-19T15:51:23.7749959+05:30" testType="13cdc9d9-ddb5-4fa4-a97d-d965ccfc6d4b" outcome="Passed" testListId="8c84fa94-04c1-424b-9868-57a2d4851a1d" relativeResultsDirectory="e374d636-718c-45ef-aaea-0c70dbaf07d5" />
    <UnitTestResult executionId="957e583e-2b2b-4fc3-a113-3517eb8c362c" testId="1b2e8616-7f51-c63e-cff4-936a22dfdc28" testName="TestMethod809" computerName="SUSALUJ" duration="00:00:00.0000198" startTime="2019-07-19T15:51:23.8319962+05:30" endTime="2019-07-19T15:51:23.8319962+05:30" testType="13cdc9d9-ddb5-4fa4-a97d-d965ccfc6d4b" outcome="Passed" testListId="8c84fa94-04c1-424b-9868-57a2d4851a1d" relativeResultsDirectory="957e583e-2b2b-4fc3-a113-3517eb8c362c" />
    <UnitTestResult executionId="e39af4f4-5208-46dc-8b8a-10bff819e1b6" testId="699b078f-a222-7787-3662-050d26c63357" testName="TestMethod483" computerName="SUSALUJ" duration="00:00:00.0000289" startTime="2019-07-19T15:51:23.9079934+05:30" endTime="2019-07-19T15:51:23.9079934+05:30" testType="13cdc9d9-ddb5-4fa4-a97d-d965ccfc6d4b" outcome="Passed" testListId="8c84fa94-04c1-424b-9868-57a2d4851a1d" relativeResultsDirectory="e39af4f4-5208-46dc-8b8a-10bff819e1b6" />
    <UnitTestResult executionId="1923ca38-ea97-40db-8807-8739e825e310" testId="fa8aae63-5ef0-a1a9-a31f-1d8503735aa9" testName="TestMethod533" computerName="SUSALUJ" duration="00:00:00.0000200" startTime="2019-07-19T15:51:23.8849946+05:30" endTime="2019-07-19T15:51:23.8849946+05:30" testType="13cdc9d9-ddb5-4fa4-a97d-d965ccfc6d4b" outcome="Passed" testListId="8c84fa94-04c1-424b-9868-57a2d4851a1d" relativeResultsDirectory="1923ca38-ea97-40db-8807-8739e825e310" />
    <UnitTestResult executionId="e3843db5-678f-401d-b082-d3be810c01ae" testId="d0c3469c-3e89-21a1-aed7-39e7e37890ac" testName="TestMethod899" computerName="SUSALUJ" duration="00:00:00.0000325" startTime="2019-07-19T15:51:23.8069945+05:30" endTime="2019-07-19T15:51:23.8069945+05:30" testType="13cdc9d9-ddb5-4fa4-a97d-d965ccfc6d4b" outcome="Passed" testListId="8c84fa94-04c1-424b-9868-57a2d4851a1d" relativeResultsDirectory="e3843db5-678f-401d-b082-d3be810c01ae" />
    <UnitTestResult executionId="20dea8e8-d99a-429e-bfef-ba49c0dd9cae" testId="79131899-3123-4cc0-aa77-5eb1f6caec1e" testName="TestMethod72" computerName="SUSALUJ" duration="00:00:00.0000196" startTime="2019-07-19T15:51:24.1839963+05:30" endTime="2019-07-19T15:51:24.1839963+05:30" testType="13cdc9d9-ddb5-4fa4-a97d-d965ccfc6d4b" outcome="Passed" testListId="8c84fa94-04c1-424b-9868-57a2d4851a1d" relativeResultsDirectory="20dea8e8-d99a-429e-bfef-ba49c0dd9cae" />
    <UnitTestResult executionId="09132351-0cb7-4686-a761-c9ce6b784bc7" testId="dce8c19a-cd95-9820-a312-000e0497d5ed" testName="TestMethod103" computerName="SUSALUJ" duration="00:00:00.0000286" startTime="2019-07-19T15:51:24.0029988+05:30" endTime="2019-07-19T15:51:24.0039963+05:30" testType="13cdc9d9-ddb5-4fa4-a97d-d965ccfc6d4b" outcome="Passed" testListId="8c84fa94-04c1-424b-9868-57a2d4851a1d" relativeResultsDirectory="09132351-0cb7-4686-a761-c9ce6b784bc7" />
    <UnitTestResult executionId="768c1bef-8347-45c8-a170-9f3e9bc42aa1" testId="74215b49-55a4-8e1f-445d-b91dc36d327d" testName="TestMethod192" computerName="SUSALUJ" duration="00:00:00.0000346" startTime="2019-07-19T15:51:23.9799956+05:30" endTime="2019-07-19T15:51:23.9809958+05:30" testType="13cdc9d9-ddb5-4fa4-a97d-d965ccfc6d4b" outcome="Passed" testListId="8c84fa94-04c1-424b-9868-57a2d4851a1d" relativeResultsDirectory="768c1bef-8347-45c8-a170-9f3e9bc42aa1" />
    <UnitTestResult executionId="9010ff3f-a2d8-4fb4-96f2-95fce610d60d" testId="8c74cf7e-2896-1468-27c7-3536171927b5" testName="TestMethod942" computerName="SUSALUJ" duration="00:00:00.0000337" startTime="2019-07-19T15:51:23.7759951+05:30" endTime="2019-07-19T15:51:23.7769940+05:30" testType="13cdc9d9-ddb5-4fa4-a97d-d965ccfc6d4b" outcome="Passed" testListId="8c84fa94-04c1-424b-9868-57a2d4851a1d" relativeResultsDirectory="9010ff3f-a2d8-4fb4-96f2-95fce610d60d" />
    <UnitTestResult executionId="8059b189-dad3-45a5-9e57-b3b85af8e166" testId="6be9e0f1-8680-6a8c-7f2d-3435bf3bdf1c" testName="TestMethod831" computerName="SUSALUJ" duration="00:00:00.0000296" startTime="2019-07-19T15:51:23.8369942+05:30" endTime="2019-07-19T15:51:23.8369942+05:30" testType="13cdc9d9-ddb5-4fa4-a97d-d965ccfc6d4b" outcome="Passed" testListId="8c84fa94-04c1-424b-9868-57a2d4851a1d" relativeResultsDirectory="8059b189-dad3-45a5-9e57-b3b85af8e166" />
    <UnitTestResult executionId="1aa6f342-e16a-4b38-a57b-b41fed84df2f" testId="07b49f7d-f75e-c010-85d4-a9e946decda8" testName="TestMethod47" computerName="SUSALUJ" duration="00:00:00.0010520" startTime="2019-07-19T15:51:24.1759981+05:30" endTime="2019-07-19T15:51:24.1769997+05:30" testType="13cdc9d9-ddb5-4fa4-a97d-d965ccfc6d4b" outcome="Failed" testListId="8c84fa94-04c1-424b-9868-57a2d4851a1d" relativeResultsDirectory="1aa6f342-e16a-4b38-a57b-b41fed84df2f">
      <Output>
        <ErrorInfo>
          <Message>Assert.AreEqual failed. Expected:&lt;2&gt;. Actual:&lt;4&gt;. </Message>
          <StackTrace>   at TestProjectWON.UnitTest1.TestMethod47() in C:\agent\_work\8\s\TestProjectWON\UnitTest1.cs:line 248&#xD;
</StackTrace>
        </ErrorInfo>
      </Output>
    </UnitTestResult>
    <UnitTestResult executionId="0c5baf63-392c-40cc-82f1-4a275c1bf4e7" testId="0c505b8c-5006-fc8b-5c09-18eca5f0d402" testName="TestMethod5" computerName="SUSALUJ" duration="00:00:00.0011429" startTime="2019-07-19T15:51:24.1259956+05:30" endTime="2019-07-19T15:51:24.1279947+05:30" testType="13cdc9d9-ddb5-4fa4-a97d-d965ccfc6d4b" outcome="Failed" testListId="8c84fa94-04c1-424b-9868-57a2d4851a1d" relativeResultsDirectory="0c5baf63-392c-40cc-82f1-4a275c1bf4e7">
      <Output>
        <ErrorInfo>
          <Message>Assert.AreEqual failed. Expected:&lt;2&gt;. Actual:&lt;4&gt;. </Message>
          <StackTrace>   at TestProjectWON.UnitTest1.TestMethod5() in C:\agent\_work\8\s\TestProjectWON\UnitTest1.cs:line 38&#xD;
</StackTrace>
        </ErrorInfo>
      </Output>
    </UnitTestResult>
    <UnitTestResult executionId="753868ab-b4d9-44d6-8192-b1762a5f4240" testId="c1a40631-a0eb-3aff-c610-85c020b0e5ed" testName="TestMethod765" computerName="SUSALUJ" duration="00:00:00.0000545" startTime="2019-07-19T15:51:23.8149966+05:30" endTime="2019-07-19T15:51:23.8159953+05:30" testType="13cdc9d9-ddb5-4fa4-a97d-d965ccfc6d4b" outcome="Passed" testListId="8c84fa94-04c1-424b-9868-57a2d4851a1d" relativeResultsDirectory="753868ab-b4d9-44d6-8192-b1762a5f4240" />
    <UnitTestResult executionId="13afcfb1-283f-406f-98dc-e8bb220e2eeb" testId="c4a3af1c-22eb-ea6c-f993-4245be4aca99" testName="TestMethod270" computerName="SUSALUJ" duration="00:00:00.0000299" startTime="2019-07-19T15:51:23.9499977+05:30" endTime="2019-07-19T15:51:23.9509963+05:30" testType="13cdc9d9-ddb5-4fa4-a97d-d965ccfc6d4b" outcome="Passed" testListId="8c84fa94-04c1-424b-9868-57a2d4851a1d" relativeResultsDirectory="13afcfb1-283f-406f-98dc-e8bb220e2eeb" />
    <UnitTestResult executionId="38113fa6-3d00-47c5-aa04-97e68a8d2c00" testId="26481e20-cc11-a039-86e0-29ab721f71e4" testName="TestMethod194" computerName="SUSALUJ" duration="00:00:00.0000206" startTime="2019-07-19T15:51:23.9809958+05:30" endTime="2019-07-19T15:51:23.9809958+05:30" testType="13cdc9d9-ddb5-4fa4-a97d-d965ccfc6d4b" outcome="Passed" testListId="8c84fa94-04c1-424b-9868-57a2d4851a1d" relativeResultsDirectory="38113fa6-3d00-47c5-aa04-97e68a8d2c00" />
    <UnitTestResult executionId="0a0e0713-9669-4350-8564-024f07e00200" testId="26524496-f7b2-b063-a4ad-84ece5cb6f77" testName="TestMethod360" computerName="SUSALUJ" duration="00:00:00.0000523" startTime="2019-07-19T15:51:23.9209972+05:30" endTime="2019-07-19T15:51:23.9219963+05:30" testType="13cdc9d9-ddb5-4fa4-a97d-d965ccfc6d4b" outcome="Passed" testListId="8c84fa94-04c1-424b-9868-57a2d4851a1d" relativeResultsDirectory="0a0e0713-9669-4350-8564-024f07e00200" />
    <UnitTestResult executionId="68b7bf30-ccb3-40db-903b-9a72916e9aa6" testId="83a80bc6-1e32-c826-00c2-28009b2ec3e2" testName="TestMethod657" computerName="SUSALUJ" duration="00:00:00.0000244" startTime="2019-07-19T15:51:23.8699969+05:30" endTime="2019-07-19T15:51:23.8699969+05:30" testType="13cdc9d9-ddb5-4fa4-a97d-d965ccfc6d4b" outcome="Passed" testListId="8c84fa94-04c1-424b-9868-57a2d4851a1d" relativeResultsDirectory="68b7bf30-ccb3-40db-903b-9a72916e9aa6" />
    <UnitTestResult executionId="e20ee7a6-04d5-484b-b21a-8ca930c7bb97" testId="106d71a3-1d5f-9fbe-e2ab-cbe7ca159548" testName="TestMethod493" computerName="SUSALUJ" duration="00:00:00.0000384" startTime="2019-07-19T15:51:23.9109944+05:30" endTime="2019-07-19T15:51:23.9109944+05:30" testType="13cdc9d9-ddb5-4fa4-a97d-d965ccfc6d4b" outcome="Passed" testListId="8c84fa94-04c1-424b-9868-57a2d4851a1d" relativeResultsDirectory="e20ee7a6-04d5-484b-b21a-8ca930c7bb97" />
    <UnitTestResult executionId="8962447f-e654-46b8-9d7e-523f04999aa0" testId="00ab9da5-4266-4353-9960-1936225879d1" testName="TestMethod570" computerName="SUSALUJ" duration="00:00:00.0000191" startTime="2019-07-19T15:51:23.8919946+05:30" endTime="2019-07-19T15:51:23.8919946+05:30" testType="13cdc9d9-ddb5-4fa4-a97d-d965ccfc6d4b" outcome="Passed" testListId="8c84fa94-04c1-424b-9868-57a2d4851a1d" relativeResultsDirectory="8962447f-e654-46b8-9d7e-523f04999aa0" />
    <UnitTestResult executionId="e8ecac7d-d690-4a4c-a812-22ab8c119718" testId="b752c3a3-34d2-a6ba-c754-ff6ae312f261" testName="TestMethod989" computerName="SUSALUJ" duration="00:00:00.0000303" startTime="2019-07-19T15:51:23.7899951+05:30" endTime="2019-07-19T15:51:23.7899951+05:30" testType="13cdc9d9-ddb5-4fa4-a97d-d965ccfc6d4b" outcome="Passed" testListId="8c84fa94-04c1-424b-9868-57a2d4851a1d" relativeResultsDirectory="e8ecac7d-d690-4a4c-a812-22ab8c119718" />
    <UnitTestResult executionId="6d983dee-80f9-4aef-bea1-3b063f767bc2" testId="608fe1d2-5a1d-7806-dcd6-c00ba3e670c6" testName="TestMethod566" computerName="SUSALUJ" duration="00:00:00.0000203" startTime="2019-07-19T15:51:23.8909958+05:30" endTime="2019-07-19T15:51:23.8909958+05:30" testType="13cdc9d9-ddb5-4fa4-a97d-d965ccfc6d4b" outcome="Passed" testListId="8c84fa94-04c1-424b-9868-57a2d4851a1d" relativeResultsDirectory="6d983dee-80f9-4aef-bea1-3b063f767bc2" />
    <UnitTestResult executionId="9cda9511-e110-481a-8ef9-e081cd57628d" testId="f301a23f-015a-f0ec-b26c-2f88b9fde999" testName="TestMethod633" computerName="SUSALUJ" duration="00:00:00.0000200" startTime="2019-07-19T15:51:23.8649950+05:30" endTime="2019-07-19T15:51:23.8649950+05:30" testType="13cdc9d9-ddb5-4fa4-a97d-d965ccfc6d4b" outcome="Passed" testListId="8c84fa94-04c1-424b-9868-57a2d4851a1d" relativeResultsDirectory="9cda9511-e110-481a-8ef9-e081cd57628d" />
    <UnitTestResult executionId="ce1225a8-dc6d-4427-b486-a312902659a4" testId="56492bfc-e924-0da8-97a1-130598b24e73" testName="TestMethod693" computerName="SUSALUJ" duration="00:00:00.0000314" startTime="2019-07-19T15:51:23.8439943+05:30" endTime="2019-07-19T15:51:23.8439943+05:30" testType="13cdc9d9-ddb5-4fa4-a97d-d965ccfc6d4b" outcome="Passed" testListId="8c84fa94-04c1-424b-9868-57a2d4851a1d" relativeResultsDirectory="ce1225a8-dc6d-4427-b486-a312902659a4" />
    <UnitTestResult executionId="6881e168-068c-4643-8e8d-f51a25bd1e2d" testId="438073fc-df09-d208-e6ce-3a85df08aee3" testName="TestMethod680" computerName="SUSALUJ" duration="00:00:00.0000298" startTime="2019-07-19T15:51:23.8409943+05:30" endTime="2019-07-19T15:51:23.8409943+05:30" testType="13cdc9d9-ddb5-4fa4-a97d-d965ccfc6d4b" outcome="Passed" testListId="8c84fa94-04c1-424b-9868-57a2d4851a1d" relativeResultsDirectory="6881e168-068c-4643-8e8d-f51a25bd1e2d" />
    <UnitTestResult executionId="9ee6ee91-aa5f-4d18-8ccf-245d792cb24a" testId="da0c0bf8-239a-7aba-56e6-296b433406d6" testName="TestMethod967" computerName="SUSALUJ" duration="00:00:00.0000655" startTime="2019-07-19T15:51:23.7849938+05:30" endTime="2019-07-19T15:51:23.7859938+05:30" testType="13cdc9d9-ddb5-4fa4-a97d-d965ccfc6d4b" outcome="Passed" testListId="8c84fa94-04c1-424b-9868-57a2d4851a1d" relativeResultsDirectory="9ee6ee91-aa5f-4d18-8ccf-245d792cb24a" />
    <UnitTestResult executionId="70c46b02-d22c-4a9e-a375-e51e4d3f2bb4" testId="d56a5580-e7b0-5ea5-e686-7d25ff67bf27" testName="TestMethod9" computerName="SUSALUJ" duration="00:00:00.0011878" startTime="2019-07-19T15:51:24.1309944+05:30" endTime="2019-07-19T15:51:24.1329954+05:30" testType="13cdc9d9-ddb5-4fa4-a97d-d965ccfc6d4b" outcome="Failed" testListId="8c84fa94-04c1-424b-9868-57a2d4851a1d" relativeResultsDirectory="70c46b02-d22c-4a9e-a375-e51e4d3f2bb4">
      <Output>
        <ErrorInfo>
          <Message>Assert.AreEqual failed. Expected:&lt;2&gt;. Actual:&lt;4&gt;. </Message>
          <StackTrace>   at TestProjectWON.UnitTest1.TestMethod9() in C:\agent\_work\8\s\TestProjectWON\UnitTest1.cs:line 58&#xD;
</StackTrace>
        </ErrorInfo>
      </Output>
    </UnitTestResult>
    <UnitTestResult executionId="b48a9653-201e-402f-9778-03a5513e4d92" testId="5ee6d11f-092e-0ef4-fdfd-3cce1d9a2396" testName="TestMethod615" computerName="SUSALUJ" duration="00:00:00.0000231" startTime="2019-07-19T15:51:23.8619934+05:30" endTime="2019-07-19T15:51:23.8619934+05:30" testType="13cdc9d9-ddb5-4fa4-a97d-d965ccfc6d4b" outcome="Passed" testListId="8c84fa94-04c1-424b-9868-57a2d4851a1d" relativeResultsDirectory="b48a9653-201e-402f-9778-03a5513e4d92" />
    <UnitTestResult executionId="eded7c10-2627-4dd6-be88-84fd5ebf6a15" testId="24537c5d-0e18-40d7-eccf-628595fc74d0" testName="TestMethod775" computerName="SUSALUJ" duration="00:00:00.0000297" startTime="2019-07-19T15:51:23.8169930+05:30" endTime="2019-07-19T15:51:23.8179950+05:30" testType="13cdc9d9-ddb5-4fa4-a97d-d965ccfc6d4b" outcome="Passed" testListId="8c84fa94-04c1-424b-9868-57a2d4851a1d" relativeResultsDirectory="eded7c10-2627-4dd6-be88-84fd5ebf6a15" />
    <UnitTestResult executionId="0aae149e-2eae-4ec7-b177-d1bd4f183a8f" testId="5e65393c-9ef4-eb3c-77a0-b94e35a5390b" testName="TestMethod647" computerName="SUSALUJ" duration="00:00:00.0000227" startTime="2019-07-19T15:51:23.8679961+05:30" endTime="2019-07-19T15:51:23.8679961+05:30" testType="13cdc9d9-ddb5-4fa4-a97d-d965ccfc6d4b" outcome="Passed" testListId="8c84fa94-04c1-424b-9868-57a2d4851a1d" relativeResultsDirectory="0aae149e-2eae-4ec7-b177-d1bd4f183a8f" />
    <UnitTestResult executionId="f7599263-0b04-4e16-a7b1-66232610e192" testId="a8be2e44-1e18-5f0a-228d-6feb6223854f" testName="TestMethod796" computerName="SUSALUJ" duration="00:00:00.0000231" startTime="2019-07-19T15:51:23.8239947+05:30" endTime="2019-07-19T15:51:23.8239947+05:30" testType="13cdc9d9-ddb5-4fa4-a97d-d965ccfc6d4b" outcome="Passed" testListId="8c84fa94-04c1-424b-9868-57a2d4851a1d" relativeResultsDirectory="f7599263-0b04-4e16-a7b1-66232610e192" />
    <UnitTestResult executionId="bbf51ff7-ceee-4664-a6b2-39bdfa0db99b" testId="e87f4494-6da9-6a97-2951-902f343e49f5" testName="TestMethod915" computerName="SUSALUJ" duration="00:00:00.0000546" startTime="2019-07-19T15:51:23.8109947+05:30" endTime="2019-07-19T15:51:23.8109947+05:30" testType="13cdc9d9-ddb5-4fa4-a97d-d965ccfc6d4b" outcome="Passed" testListId="8c84fa94-04c1-424b-9868-57a2d4851a1d" relativeResultsDirectory="bbf51ff7-ceee-4664-a6b2-39bdfa0db99b" />
    <UnitTestResult executionId="7fdf5dac-35f7-467e-995c-30d7d7cce510" testId="7a800d9c-4d81-45c4-0be9-c8a81f675f64" testName="TestMethod126" computerName="SUSALUJ" duration="00:00:00.0001611" startTime="2019-07-19T15:51:24.0079970+05:30" endTime="2019-07-19T15:51:24.0090017+05:30" testType="13cdc9d9-ddb5-4fa4-a97d-d965ccfc6d4b" outcome="Passed" testListId="8c84fa94-04c1-424b-9868-57a2d4851a1d" relativeResultsDirectory="7fdf5dac-35f7-467e-995c-30d7d7cce510" />
    <UnitTestResult executionId="075a4635-2c76-46b5-bda1-0f4d4f549c27" testId="0a1a861b-78e7-d25e-7a3d-2530f3c7ef9c" testName="TestMethod551" computerName="SUSALUJ" duration="00:00:00.0000196" startTime="2019-07-19T15:51:23.8879945+05:30" endTime="2019-07-19T15:51:23.8879945+05:30" testType="13cdc9d9-ddb5-4fa4-a97d-d965ccfc6d4b" outcome="Passed" testListId="8c84fa94-04c1-424b-9868-57a2d4851a1d" relativeResultsDirectory="075a4635-2c76-46b5-bda1-0f4d4f549c27" />
    <UnitTestResult executionId="76b73836-ea4c-4041-b955-89503dd34cb2" testId="add72046-ccff-bd30-3e2d-67324405212d" testName="TestMethod87" computerName="SUSALUJ" duration="00:00:00.0000218" startTime="2019-07-19T15:51:23.9989938+05:30" endTime="2019-07-19T15:51:23.9989938+05:30" testType="13cdc9d9-ddb5-4fa4-a97d-d965ccfc6d4b" outcome="Passed" testListId="8c84fa94-04c1-424b-9868-57a2d4851a1d" relativeResultsDirectory="76b73836-ea4c-4041-b955-89503dd34cb2" />
    <UnitTestResult executionId="d9eeab1b-8e24-4c94-a611-22d53ae20559" testId="6c2931ba-0104-f8f3-2bd2-0063815f613e" testName="TestMethod819" computerName="SUSALUJ" duration="00:00:00.0000199" startTime="2019-07-19T15:51:23.8339942+05:30" endTime="2019-07-19T15:51:23.8339942+05:30" testType="13cdc9d9-ddb5-4fa4-a97d-d965ccfc6d4b" outcome="Passed" testListId="8c84fa94-04c1-424b-9868-57a2d4851a1d" relativeResultsDirectory="d9eeab1b-8e24-4c94-a611-22d53ae20559" />
    <UnitTestResult executionId="0bc22698-abb3-4f9f-b2de-a86a178dd77c" testId="ad6256fd-49a6-5d29-9f2f-3c372f001088" testName="TestMethod243" computerName="SUSALUJ" duration="00:00:00.0000338" startTime="2019-07-19T15:51:23.9949987+05:30" endTime="2019-07-19T15:51:23.9949987+05:30" testType="13cdc9d9-ddb5-4fa4-a97d-d965ccfc6d4b" outcome="Passed" testListId="8c84fa94-04c1-424b-9868-57a2d4851a1d" relativeResultsDirectory="0bc22698-abb3-4f9f-b2de-a86a178dd77c" />
    <UnitTestResult executionId="a9d6aec3-6f9c-4a19-aff1-cafa1bc3aebd" testId="3631f1f6-6900-dfb5-ee94-5ceee6bb0502" testName="TestMethod687" computerName="SUSALUJ" duration="00:00:00.0000219" startTime="2019-07-19T15:51:23.8429945+05:30" endTime="2019-07-19T15:51:23.8429945+05:30" testType="13cdc9d9-ddb5-4fa4-a97d-d965ccfc6d4b" outcome="Passed" testListId="8c84fa94-04c1-424b-9868-57a2d4851a1d" relativeResultsDirectory="a9d6aec3-6f9c-4a19-aff1-cafa1bc3aebd" />
    <UnitTestResult executionId="458475b6-ba84-4c66-8f61-6f3bb7d13bac" testId="316277fd-539f-25c2-f623-4a6c706cc2e7" testName="TestMethod979" computerName="SUSALUJ" duration="00:00:00.0000186" startTime="2019-07-19T15:51:23.7869937+05:30" endTime="2019-07-19T15:51:23.7869937+05:30" testType="13cdc9d9-ddb5-4fa4-a97d-d965ccfc6d4b" outcome="Passed" testListId="8c84fa94-04c1-424b-9868-57a2d4851a1d" relativeResultsDirectory="458475b6-ba84-4c66-8f61-6f3bb7d13bac" />
    <UnitTestResult executionId="5d8d2e6d-5472-4101-ae18-d40eaa862dc6" testId="7fd6ee50-38fb-1f6d-2981-36624ef9879d" testName="TestMethod415" computerName="SUSALUJ" duration="00:00:00.0000343" startTime="2019-07-19T15:51:23.9369963+05:30" endTime="2019-07-19T15:51:23.9369963+05:30" testType="13cdc9d9-ddb5-4fa4-a97d-d965ccfc6d4b" outcome="Passed" testListId="8c84fa94-04c1-424b-9868-57a2d4851a1d" relativeResultsDirectory="5d8d2e6d-5472-4101-ae18-d40eaa862dc6" />
    <UnitTestResult executionId="a689e1fc-f2c9-4ce4-8929-e5a35d902313" testId="57c932be-d3b9-44d8-d536-6e31ea38d779" testName="TestMethod534" computerName="SUSALUJ" duration="00:00:00.0000198" startTime="2019-07-19T15:51:23.8849946+05:30" endTime="2019-07-19T15:51:23.8849946+05:30" testType="13cdc9d9-ddb5-4fa4-a97d-d965ccfc6d4b" outcome="Passed" testListId="8c84fa94-04c1-424b-9868-57a2d4851a1d" relativeResultsDirectory="a689e1fc-f2c9-4ce4-8929-e5a35d902313" />
    <UnitTestResult executionId="17fed5f5-72a0-44ff-bf02-422ea7cc8d67" testId="c583de72-3f5a-0008-9118-e3b03fd1745a" testName="TestMethod602" computerName="SUSALUJ" duration="00:00:00.0000194" startTime="2019-07-19T15:51:23.8589945+05:30" endTime="2019-07-19T15:51:23.8589945+05:30" testType="13cdc9d9-ddb5-4fa4-a97d-d965ccfc6d4b" outcome="Passed" testListId="8c84fa94-04c1-424b-9868-57a2d4851a1d" relativeResultsDirectory="17fed5f5-72a0-44ff-bf02-422ea7cc8d67" />
    <UnitTestResult executionId="b8e0738b-0c44-4a6f-aa17-31b39ee8789b" testId="d9016ccb-6373-93ce-9f29-6dd7720f2ced" testName="TestMethod833" computerName="SUSALUJ" duration="00:00:00.0000206" startTime="2019-07-19T15:51:23.8369942+05:30" endTime="2019-07-19T15:51:23.8369942+05:30" testType="13cdc9d9-ddb5-4fa4-a97d-d965ccfc6d4b" outcome="Passed" testListId="8c84fa94-04c1-424b-9868-57a2d4851a1d" relativeResultsDirectory="b8e0738b-0c44-4a6f-aa17-31b39ee8789b" />
    <UnitTestResult executionId="409eb586-2ca8-4d4d-a033-9914fb9caffb" testId="a611c0f1-bfc5-9afd-c5d5-7057807e80b7" testName="TestMethod607" computerName="SUSALUJ" duration="00:00:00.0000206" startTime="2019-07-19T15:51:23.8599940+05:30" endTime="2019-07-19T15:51:23.8599940+05:30" testType="13cdc9d9-ddb5-4fa4-a97d-d965ccfc6d4b" outcome="Passed" testListId="8c84fa94-04c1-424b-9868-57a2d4851a1d" relativeResultsDirectory="409eb586-2ca8-4d4d-a033-9914fb9caffb" />
    <UnitTestResult executionId="6e39cd93-561b-485d-9057-cdb8225b2f38" testId="fd3a67c1-20b0-7edb-67ac-0abacf5758e9" testName="TestMethod309" computerName="SUSALUJ" duration="00:00:00.0000570" startTime="2019-07-19T15:51:23.9630008+05:30" endTime="2019-07-19T15:51:23.9630008+05:30" testType="13cdc9d9-ddb5-4fa4-a97d-d965ccfc6d4b" outcome="Passed" testListId="8c84fa94-04c1-424b-9868-57a2d4851a1d" relativeResultsDirectory="6e39cd93-561b-485d-9057-cdb8225b2f38" />
    <UnitTestResult executionId="0b89498f-e423-4ccc-a747-95a7b95dfd83" testId="ed23cd15-75c6-7b75-8f32-f4009f4dc94d" testName="TestMethod39" computerName="SUSALUJ" duration="00:00:00.0006327" startTime="2019-07-19T15:51:24.1679962+05:30" endTime="2019-07-19T15:51:24.1679962+05:30" testType="13cdc9d9-ddb5-4fa4-a97d-d965ccfc6d4b" outcome="Failed" testListId="8c84fa94-04c1-424b-9868-57a2d4851a1d" relativeResultsDirectory="0b89498f-e423-4ccc-a747-95a7b95dfd83">
      <Output>
        <ErrorInfo>
          <Message>Assert.AreEqual failed. Expected:&lt;2&gt;. Actual:&lt;4&gt;. </Message>
          <StackTrace>   at TestProjectWON.UnitTest1.TestMethod39() in C:\agent\_work\8\s\TestProjectWON\UnitTest1.cs:line 208&#xD;
</StackTrace>
        </ErrorInfo>
      </Output>
    </UnitTestResult>
    <UnitTestResult executionId="19aa8efd-256b-42f4-b0eb-b49429e0833d" testId="6d09ffad-009b-7d2f-ac9e-73450c5425cf" testName="TestMethod686" computerName="SUSALUJ" duration="00:00:00.0000279" startTime="2019-07-19T15:51:23.8429945+05:30" endTime="2019-07-19T15:51:23.8429945+05:30" testType="13cdc9d9-ddb5-4fa4-a97d-d965ccfc6d4b" outcome="Passed" testListId="8c84fa94-04c1-424b-9868-57a2d4851a1d" relativeResultsDirectory="19aa8efd-256b-42f4-b0eb-b49429e0833d" />
    <UnitTestResult executionId="e8cda0c1-40cc-4f4f-9bda-57607fa417c9" testId="64729b3e-9085-5c69-7b5e-5676ffd45abb" testName="TestMethod884" computerName="SUSALUJ" duration="00:00:00.0000325" startTime="2019-07-19T15:51:23.8029962+05:30" endTime="2019-07-19T15:51:23.8039960+05:30" testType="13cdc9d9-ddb5-4fa4-a97d-d965ccfc6d4b" outcome="Passed" testListId="8c84fa94-04c1-424b-9868-57a2d4851a1d" relativeResultsDirectory="e8cda0c1-40cc-4f4f-9bda-57607fa417c9" />
    <UnitTestResult executionId="ca85f629-d3ba-4556-83c9-14026bed890f" testId="eed6059b-448f-9450-7b36-e01e8b5e1322" testName="TestMethod19" computerName="SUSALUJ" duration="00:00:00.0010095" startTime="2019-07-19T15:51:24.1419948+05:30" endTime="2019-07-19T15:51:24.1429945+05:30" testType="13cdc9d9-ddb5-4fa4-a97d-d965ccfc6d4b" outcome="Failed" testListId="8c84fa94-04c1-424b-9868-57a2d4851a1d" relativeResultsDirectory="ca85f629-d3ba-4556-83c9-14026bed890f">
      <Output>
        <ErrorInfo>
          <Message>Assert.AreEqual failed. Expected:&lt;2&gt;. Actual:&lt;4&gt;. </Message>
          <StackTrace>   at TestProjectWON.UnitTest1.TestMethod19() in C:\agent\_work\8\s\TestProjectWON\UnitTest1.cs:line 108&#xD;
</StackTrace>
        </ErrorInfo>
      </Output>
    </UnitTestResult>
    <UnitTestResult executionId="cb880f64-0d78-4f91-a503-4650ca36ad16" testId="b6826cf0-8226-8aee-6843-71579432701f" testName="TestMethod419" computerName="SUSALUJ" duration="00:00:00.0000249" startTime="2019-07-19T15:51:23.9389977+05:30" endTime="2019-07-19T15:51:23.9389977+05:30" testType="13cdc9d9-ddb5-4fa4-a97d-d965ccfc6d4b" outcome="Passed" testListId="8c84fa94-04c1-424b-9868-57a2d4851a1d" relativeResultsDirectory="cb880f64-0d78-4f91-a503-4650ca36ad16" />
    <UnitTestResult executionId="617b645e-9420-4404-8fc9-25e1981672ee" testId="6d744b39-535d-b171-cdba-89a61515c153" testName="TestMethod361" computerName="SUSALUJ" duration="00:00:00.0000318" startTime="2019-07-19T15:51:23.9219963+05:30" endTime="2019-07-19T15:51:23.9219963+05:30" testType="13cdc9d9-ddb5-4fa4-a97d-d965ccfc6d4b" outcome="Passed" testListId="8c84fa94-04c1-424b-9868-57a2d4851a1d" relativeResultsDirectory="617b645e-9420-4404-8fc9-25e1981672ee" />
    <UnitTestResult executionId="6f1ecdba-a019-4718-a1b9-aec3c54315af" testId="b76ef51e-8339-e9f8-da0f-bcb30f07d332" testName="TestMethod822" computerName="SUSALUJ" duration="00:00:00.0000297" startTime="2019-07-19T15:51:23.8349944+05:30" endTime="2019-07-19T15:51:23.8349944+05:30" testType="13cdc9d9-ddb5-4fa4-a97d-d965ccfc6d4b" outcome="Passed" testListId="8c84fa94-04c1-424b-9868-57a2d4851a1d" relativeResultsDirectory="6f1ecdba-a019-4718-a1b9-aec3c54315af" />
    <UnitTestResult executionId="0fe329e2-852b-4b70-99eb-1541437fff9b" testId="b6e3dd57-8de7-8937-780f-03582637681d" testName="TestMethod446" computerName="SUSALUJ" duration="00:00:00.0000203" startTime="2019-07-19T15:51:23.9009945+05:30" endTime="2019-07-19T15:51:23.9009945+05:30" testType="13cdc9d9-ddb5-4fa4-a97d-d965ccfc6d4b" outcome="Passed" testListId="8c84fa94-04c1-424b-9868-57a2d4851a1d" relativeResultsDirectory="0fe329e2-852b-4b70-99eb-1541437fff9b" />
    <UnitTestResult executionId="0cbd1999-0346-4f8b-b8f3-a224cf0b5649" testId="0df604f8-9784-e4da-498a-84a4eb47996a" testName="TestMethod152" computerName="SUSALUJ" duration="00:00:00.0000326" startTime="2019-07-19T15:51:24.0179952+05:30" endTime="2019-07-19T15:51:24.0179952+05:30" testType="13cdc9d9-ddb5-4fa4-a97d-d965ccfc6d4b" outcome="Passed" testListId="8c84fa94-04c1-424b-9868-57a2d4851a1d" relativeResultsDirectory="0cbd1999-0346-4f8b-b8f3-a224cf0b5649" />
    <UnitTestResult executionId="3f21e4c8-fca4-4dd1-be6f-b3faa0c67f29" testId="d406bc19-75a3-3b49-87d9-9611bef3a149" testName="TestMethod372" computerName="SUSALUJ" duration="00:00:00.0000239" startTime="2019-07-19T15:51:23.9239979+05:30" endTime="2019-07-19T15:51:23.9239979+05:30" testType="13cdc9d9-ddb5-4fa4-a97d-d965ccfc6d4b" outcome="Passed" testListId="8c84fa94-04c1-424b-9868-57a2d4851a1d" relativeResultsDirectory="3f21e4c8-fca4-4dd1-be6f-b3faa0c67f29" />
    <UnitTestResult executionId="c62c2868-64e3-46ae-9173-195f84689e39" testId="67d7b143-99f2-5344-a5b1-7efe78f465d7" testName="TestMethod800" computerName="SUSALUJ" duration="00:00:00.0000244" startTime="2019-07-19T15:51:23.8299937+05:30" endTime="2019-07-19T15:51:23.8299937+05:30" testType="13cdc9d9-ddb5-4fa4-a97d-d965ccfc6d4b" outcome="Passed" testListId="8c84fa94-04c1-424b-9868-57a2d4851a1d" relativeResultsDirectory="c62c2868-64e3-46ae-9173-195f84689e39" />
    <UnitTestResult executionId="5302368e-1231-494e-8cf1-21927c373526" testId="6041e855-6e16-fdd0-edb8-bddfeadf60e9" testName="TestMethod938" computerName="SUSALUJ" duration="00:00:00.0000336" startTime="2019-07-19T15:51:23.7749959+05:30" endTime="2019-07-19T15:51:23.7749959+05:30" testType="13cdc9d9-ddb5-4fa4-a97d-d965ccfc6d4b" outcome="Passed" testListId="8c84fa94-04c1-424b-9868-57a2d4851a1d" relativeResultsDirectory="5302368e-1231-494e-8cf1-21927c373526" />
    <UnitTestResult executionId="deca9b86-a453-4796-bd35-a5704c3af1f5" testId="f9915989-2d3b-ae48-0f3e-fb7284bad1c4" testName="TestMethod991" computerName="SUSALUJ" duration="00:00:00.0003329" startTime="2019-07-19T15:51:23.7899951+05:30" endTime="2019-07-19T15:51:23.7909964+05:30" testType="13cdc9d9-ddb5-4fa4-a97d-d965ccfc6d4b" outcome="Passed" testListId="8c84fa94-04c1-424b-9868-57a2d4851a1d" relativeResultsDirectory="deca9b86-a453-4796-bd35-a5704c3af1f5" />
    <UnitTestResult executionId="baa23209-8fd7-4b42-ace9-bdc7367ff7c8" testId="4dcdae58-fdaf-cc1d-331a-86b37afe9b16" testName="TestMethod343" computerName="SUSALUJ" duration="00:00:00.0000234" startTime="2019-07-19T15:51:23.9169989+05:30" endTime="2019-07-19T15:51:23.9169989+05:30" testType="13cdc9d9-ddb5-4fa4-a97d-d965ccfc6d4b" outcome="Passed" testListId="8c84fa94-04c1-424b-9868-57a2d4851a1d" relativeResultsDirectory="baa23209-8fd7-4b42-ace9-bdc7367ff7c8" />
    <UnitTestResult executionId="ad9dd8b4-a6d4-45e7-98c5-e408908f57db" testId="82766488-ceed-2ffd-be5d-61b1a33ab411" testName="TestMethod643" computerName="SUSALUJ" duration="00:00:00.0000198" startTime="2019-07-19T15:51:23.8669961+05:30" endTime="2019-07-19T15:51:23.8669961+05:30" testType="13cdc9d9-ddb5-4fa4-a97d-d965ccfc6d4b" outcome="Passed" testListId="8c84fa94-04c1-424b-9868-57a2d4851a1d" relativeResultsDirectory="ad9dd8b4-a6d4-45e7-98c5-e408908f57db" />
    <UnitTestResult executionId="ae566f29-2497-48b6-a604-6a9fffa2ff4b" testId="6ec108b0-9a8f-beb1-0bb5-ae3aab850ce1" testName="TestMethod758" computerName="SUSALUJ" duration="00:00:00.0000202" startTime="2019-07-19T15:51:23.8569938+05:30" endTime="2019-07-19T15:51:23.8569938+05:30" testType="13cdc9d9-ddb5-4fa4-a97d-d965ccfc6d4b" outcome="Passed" testListId="8c84fa94-04c1-424b-9868-57a2d4851a1d" relativeResultsDirectory="ae566f29-2497-48b6-a604-6a9fffa2ff4b" />
    <UnitTestResult executionId="f0bd2a77-64ca-44b5-bf75-a6f02b638a4c" testId="674e72c2-4855-03f8-b89d-08191aa4f180" testName="TestMethod539" computerName="SUSALUJ" duration="00:00:00.0000214" startTime="2019-07-19T15:51:23.8859949+05:30" endTime="2019-07-19T15:51:23.8869948+05:30" testType="13cdc9d9-ddb5-4fa4-a97d-d965ccfc6d4b" outcome="Passed" testListId="8c84fa94-04c1-424b-9868-57a2d4851a1d" relativeResultsDirectory="f0bd2a77-64ca-44b5-bf75-a6f02b638a4c" />
    <UnitTestResult executionId="58929535-cfe5-4efc-bf74-c2342d7bb085" testId="a822e5f0-a48f-29ac-c584-16d46763d6a6" testName="TestMethod289" computerName="SUSALUJ" duration="00:00:00.0000305" startTime="2019-07-19T15:51:23.9549970+05:30" endTime="2019-07-19T15:51:23.9549970+05:30" testType="13cdc9d9-ddb5-4fa4-a97d-d965ccfc6d4b" outcome="Passed" testListId="8c84fa94-04c1-424b-9868-57a2d4851a1d" relativeResultsDirectory="58929535-cfe5-4efc-bf74-c2342d7bb085" />
    <UnitTestResult executionId="692384fc-0190-4a80-b872-0f35b7a6b446" testId="239e426c-c635-a194-ac22-57376b0f78c1" testName="TestMethod36" computerName="SUSALUJ" duration="00:00:00.0006353" startTime="2019-07-19T15:51:24.1639963+05:30" endTime="2019-07-19T15:51:24.1649962+05:30" testType="13cdc9d9-ddb5-4fa4-a97d-d965ccfc6d4b" outcome="Failed" testListId="8c84fa94-04c1-424b-9868-57a2d4851a1d" relativeResultsDirectory="692384fc-0190-4a80-b872-0f35b7a6b446">
      <Output>
        <ErrorInfo>
          <Message>Assert.AreEqual failed. Expected:&lt;2&gt;. Actual:&lt;4&gt;. </Message>
          <StackTrace>   at TestProjectWON.UnitTest1.TestMethod36() in C:\agent\_work\8\s\TestProjectWON\UnitTest1.cs:line 193&#xD;
</StackTrace>
        </ErrorInfo>
      </Output>
    </UnitTestResult>
    <UnitTestResult executionId="f1205344-b46b-4187-8d59-530b642eed74" testId="c8e3cfe0-2528-345a-19f4-9ae3b6922439" testName="TestMethod532" computerName="SUSALUJ" duration="00:00:00.0000210" startTime="2019-07-19T15:51:23.8849946+05:30" endTime="2019-07-19T15:51:23.8849946+05:30" testType="13cdc9d9-ddb5-4fa4-a97d-d965ccfc6d4b" outcome="Passed" testListId="8c84fa94-04c1-424b-9868-57a2d4851a1d" relativeResultsDirectory="f1205344-b46b-4187-8d59-530b642eed74" />
    <UnitTestResult executionId="edba867b-fa88-419e-8fa8-575d02025d12" testId="de7b907d-6191-4d8c-973b-2cc373c72fb7" testName="TestMethod463" computerName="SUSALUJ" duration="00:00:00.0000356" startTime="2019-07-19T15:51:23.9039942+05:30" endTime="2019-07-19T15:51:23.9039942+05:30" testType="13cdc9d9-ddb5-4fa4-a97d-d965ccfc6d4b" outcome="Passed" testListId="8c84fa94-04c1-424b-9868-57a2d4851a1d" relativeResultsDirectory="edba867b-fa88-419e-8fa8-575d02025d12" />
    <UnitTestResult executionId="95ee69af-510b-44b2-b725-36980e050e59" testId="a471cbe6-ddac-d857-6850-01d41582ed50" testName="TestMethod577" computerName="SUSALUJ" duration="00:00:00.0000256" startTime="2019-07-19T15:51:23.8919946+05:30" endTime="2019-07-19T15:51:23.8929941+05:30" testType="13cdc9d9-ddb5-4fa4-a97d-d965ccfc6d4b" outcome="Passed" testListId="8c84fa94-04c1-424b-9868-57a2d4851a1d" relativeResultsDirectory="95ee69af-510b-44b2-b725-36980e050e59" />
    <UnitTestResult executionId="74415212-7044-425e-bbd9-0a3a6fb7f62e" testId="f3679da5-cb69-ddd9-d52e-178c8689e487" testName="TestMethod156" computerName="SUSALUJ" duration="00:00:00.0000581" startTime="2019-07-19T15:51:24.0189956+05:30" endTime="2019-07-19T15:51:24.0199959+05:30" testType="13cdc9d9-ddb5-4fa4-a97d-d965ccfc6d4b" outcome="Passed" testListId="8c84fa94-04c1-424b-9868-57a2d4851a1d" relativeResultsDirectory="74415212-7044-425e-bbd9-0a3a6fb7f62e" />
    <UnitTestResult executionId="d6f8c689-3d24-4899-94bd-6c4614ccca31" testId="a8c51ba9-0ff1-9c79-d0ec-d8c043c3c3a6" testName="TestMethod930" computerName="SUSALUJ" duration="00:00:00.0000402" startTime="2019-07-19T15:51:23.8139950+05:30" endTime="2019-07-19T15:51:23.8139950+05:30" testType="13cdc9d9-ddb5-4fa4-a97d-d965ccfc6d4b" outcome="Passed" testListId="8c84fa94-04c1-424b-9868-57a2d4851a1d" relativeResultsDirectory="d6f8c689-3d24-4899-94bd-6c4614ccca31" />
    <UnitTestResult executionId="ec589408-6f2b-4b7d-82cb-02b5378f959d" testId="d9f94ef3-bb07-d44b-bd02-b9d9f8d4104c" testName="TestMethod296" computerName="SUSALUJ" duration="00:00:00.0000396" startTime="2019-07-19T15:51:23.9580009+05:30" endTime="2019-07-19T15:51:23.9589980+05:30" testType="13cdc9d9-ddb5-4fa4-a97d-d965ccfc6d4b" outcome="Passed" testListId="8c84fa94-04c1-424b-9868-57a2d4851a1d" relativeResultsDirectory="ec589408-6f2b-4b7d-82cb-02b5378f959d" />
    <UnitTestResult executionId="bdf3c819-c457-43df-8559-563bca932793" testId="6f640814-d3f6-4cca-810d-6757a9bb0070" testName="TestMethod382" computerName="SUSALUJ" duration="00:00:00.0000457" startTime="2019-07-19T15:51:23.9259946+05:30" endTime="2019-07-19T15:51:23.9259946+05:30" testType="13cdc9d9-ddb5-4fa4-a97d-d965ccfc6d4b" outcome="Passed" testListId="8c84fa94-04c1-424b-9868-57a2d4851a1d" relativeResultsDirectory="bdf3c819-c457-43df-8559-563bca932793" />
    <UnitTestResult executionId="6cbb4a2f-6f14-464f-b41a-7f0c04664da6" testId="e3444bb7-a660-f537-cb8c-fe8bebcfd07e" testName="TestMethod123" computerName="SUSALUJ" duration="00:00:00.0000200" startTime="2019-07-19T15:51:24.0069966+05:30" endTime="2019-07-19T15:51:24.0069966+05:30" testType="13cdc9d9-ddb5-4fa4-a97d-d965ccfc6d4b" outcome="Passed" testListId="8c84fa94-04c1-424b-9868-57a2d4851a1d" relativeResultsDirectory="6cbb4a2f-6f14-464f-b41a-7f0c04664da6" />
    <UnitTestResult executionId="f6c6b108-327d-4a83-91e6-af9436b351bf" testId="7768534f-3a50-2837-2cf8-d7b19ea18fad" testName="TestMethod713" computerName="SUSALUJ" duration="00:00:00.0000195" startTime="2019-07-19T15:51:23.8479951+05:30" endTime="2019-07-19T15:51:23.8479951+05:30" testType="13cdc9d9-ddb5-4fa4-a97d-d965ccfc6d4b" outcome="Passed" testListId="8c84fa94-04c1-424b-9868-57a2d4851a1d" relativeResultsDirectory="f6c6b108-327d-4a83-91e6-af9436b351bf" />
    <UnitTestResult executionId="a61650dc-588d-4f58-8a27-59a020f7f9f3" testId="32737ccc-f4e4-41f8-f0ad-055b27a15738" testName="TestMethod195" computerName="SUSALUJ" duration="00:00:00.0000205" startTime="2019-07-19T15:51:23.9809958+05:30" endTime="2019-07-19T15:51:23.9809958+05:30" testType="13cdc9d9-ddb5-4fa4-a97d-d965ccfc6d4b" outcome="Passed" testListId="8c84fa94-04c1-424b-9868-57a2d4851a1d" relativeResultsDirectory="a61650dc-588d-4f58-8a27-59a020f7f9f3" />
    <UnitTestResult executionId="6d1edea8-ccea-4272-a49d-d2ba19aec8f5" testId="c68f1a33-bf3d-7b4f-1f09-0687ed5a3cd4" testName="TestMethod973" computerName="SUSALUJ" duration="00:00:00.0000377" startTime="2019-07-19T15:51:23.7869937+05:30" endTime="2019-07-19T15:51:23.7869937+05:30" testType="13cdc9d9-ddb5-4fa4-a97d-d965ccfc6d4b" outcome="Passed" testListId="8c84fa94-04c1-424b-9868-57a2d4851a1d" relativeResultsDirectory="6d1edea8-ccea-4272-a49d-d2ba19aec8f5" />
    <UnitTestResult executionId="2e704172-deea-4389-bf3b-cad399295e41" testId="77816f4d-afef-156b-4369-3e8ff49547a2" testName="TestMethod193" computerName="SUSALUJ" duration="00:00:00.0000292" startTime="2019-07-19T15:51:23.9809958+05:30" endTime="2019-07-19T15:51:23.9809958+05:30" testType="13cdc9d9-ddb5-4fa4-a97d-d965ccfc6d4b" outcome="Passed" testListId="8c84fa94-04c1-424b-9868-57a2d4851a1d" relativeResultsDirectory="2e704172-deea-4389-bf3b-cad399295e41" />
    <UnitTestResult executionId="5ef53999-2f86-4d77-b661-14719bc97b95" testId="d7fc06cb-4a54-752b-3aa7-d677630a2735" testName="TestMethod304" computerName="SUSALUJ" duration="00:00:00.0000324" startTime="2019-07-19T15:51:23.9610010+05:30" endTime="2019-07-19T15:51:23.9619979+05:30" testType="13cdc9d9-ddb5-4fa4-a97d-d965ccfc6d4b" outcome="Passed" testListId="8c84fa94-04c1-424b-9868-57a2d4851a1d" relativeResultsDirectory="5ef53999-2f86-4d77-b661-14719bc97b95" />
    <UnitTestResult executionId="45676d3f-d774-49fb-9fe3-181730196632" testId="edaf2d5a-d6de-d234-0de7-8249b2681bd2" testName="TestMethod59" computerName="SUSALUJ" duration="00:00:00.0003714" startTime="2019-07-19T15:51:24.1809961+05:30" endTime="2019-07-19T15:51:24.1819942+05:30" testType="13cdc9d9-ddb5-4fa4-a97d-d965ccfc6d4b" outcome="Passed" testListId="8c84fa94-04c1-424b-9868-57a2d4851a1d" relativeResultsDirectory="45676d3f-d774-49fb-9fe3-181730196632" />
    <UnitTestResult executionId="837282fa-ac26-4344-a399-75294aa538f0" testId="9ca81a59-57d6-a24c-44b8-40b1eb7b96a7" testName="TestMethod943" computerName="SUSALUJ" duration="00:00:00.0000328" startTime="2019-07-19T15:51:23.7769940+05:30" endTime="2019-07-19T15:51:23.7769940+05:30" testType="13cdc9d9-ddb5-4fa4-a97d-d965ccfc6d4b" outcome="Passed" testListId="8c84fa94-04c1-424b-9868-57a2d4851a1d" relativeResultsDirectory="837282fa-ac26-4344-a399-75294aa538f0" />
    <UnitTestResult executionId="6533661b-6c15-490d-b081-49ffc02b7eb8" testId="128ee75a-3510-32e9-4dad-17481f92d39b" testName="TestMethod464" computerName="SUSALUJ" duration="00:00:00.0000365" startTime="2019-07-19T15:51:23.9039942+05:30" endTime="2019-07-19T15:51:23.9039942+05:30" testType="13cdc9d9-ddb5-4fa4-a97d-d965ccfc6d4b" outcome="Passed" testListId="8c84fa94-04c1-424b-9868-57a2d4851a1d" relativeResultsDirectory="6533661b-6c15-490d-b081-49ffc02b7eb8" />
    <UnitTestResult executionId="15da7868-4671-4a43-aba9-f5a497ae010f" testId="acc5ed19-756d-b7df-a160-4ba93c70e6ba" testName="TestMethod584" computerName="SUSALUJ" duration="00:00:00.0000375" startTime="2019-07-19T15:51:23.8939936+05:30" endTime="2019-07-19T15:51:23.8939936+05:30" testType="13cdc9d9-ddb5-4fa4-a97d-d965ccfc6d4b" outcome="Passed" testListId="8c84fa94-04c1-424b-9868-57a2d4851a1d" relativeResultsDirectory="15da7868-4671-4a43-aba9-f5a497ae010f" />
    <UnitTestResult executionId="8b1c4d20-0bda-48d8-807c-256aa19aedab" testId="eebb789d-9075-29b8-d21a-6a5989c99eae" testName="TestMethod728" computerName="SUSALUJ" duration="00:00:00.0000269" startTime="2019-07-19T15:51:23.8509950+05:30" endTime="2019-07-19T15:51:23.8519939+05:30" testType="13cdc9d9-ddb5-4fa4-a97d-d965ccfc6d4b" outcome="Passed" testListId="8c84fa94-04c1-424b-9868-57a2d4851a1d" relativeResultsDirectory="8b1c4d20-0bda-48d8-807c-256aa19aedab" />
    <UnitTestResult executionId="3f7f1c55-4d75-4ccb-a48b-19cb45098014" testId="3042884a-806d-fdc5-f46f-21a0099720fb" testName="TestMethod684" computerName="SUSALUJ" duration="00:00:00.0000260" startTime="2019-07-19T15:51:23.8419963+05:30" endTime="2019-07-19T15:51:23.8419963+05:30" testType="13cdc9d9-ddb5-4fa4-a97d-d965ccfc6d4b" outcome="Passed" testListId="8c84fa94-04c1-424b-9868-57a2d4851a1d" relativeResultsDirectory="3f7f1c55-4d75-4ccb-a48b-19cb45098014" />
    <UnitTestResult executionId="81e8cb79-2dcc-47ad-bb64-4478980f762c" testId="04af69a6-c87c-9eab-a9d2-e2c9f7840271" testName="TestMethod375" computerName="SUSALUJ" duration="00:00:00.0000195" startTime="2019-07-19T15:51:23.9249946+05:30" endTime="2019-07-19T15:51:23.9249946+05:30" testType="13cdc9d9-ddb5-4fa4-a97d-d965ccfc6d4b" outcome="Passed" testListId="8c84fa94-04c1-424b-9868-57a2d4851a1d" relativeResultsDirectory="81e8cb79-2dcc-47ad-bb64-4478980f762c" />
    <UnitTestResult executionId="7e2a70eb-0854-48b2-b2f9-37acecafca87" testId="4af2b2ec-6d57-1ccb-ef9c-1fde4b10ea3a" testName="TestMethod76" computerName="SUSALUJ" duration="00:00:00.0000331" startTime="2019-07-19T15:51:24.1849954+05:30" endTime="2019-07-19T15:51:24.1849954+05:30" testType="13cdc9d9-ddb5-4fa4-a97d-d965ccfc6d4b" outcome="Passed" testListId="8c84fa94-04c1-424b-9868-57a2d4851a1d" relativeResultsDirectory="7e2a70eb-0854-48b2-b2f9-37acecafca87" />
    <UnitTestResult executionId="8e3dc2ec-dc29-47c3-bc87-5749b8be95ea" testId="991f2985-16ae-d801-ea17-9f16e130eab9" testName="TestMethod508" computerName="SUSALUJ" duration="00:00:00.0000418" startTime="2019-07-19T15:51:23.9149959+05:30" endTime="2019-07-19T15:51:23.9160012+05:30" testType="13cdc9d9-ddb5-4fa4-a97d-d965ccfc6d4b" outcome="Passed" testListId="8c84fa94-04c1-424b-9868-57a2d4851a1d" relativeResultsDirectory="8e3dc2ec-dc29-47c3-bc87-5749b8be95ea" />
    <UnitTestResult executionId="1bca1507-6371-432c-b5ed-1c5a58ce2463" testId="8471d281-7987-c3f2-f68c-5a75fbc8613e" testName="TestMethod565" computerName="SUSALUJ" duration="00:00:00.0000222" startTime="2019-07-19T15:51:23.8909958+05:30" endTime="2019-07-19T15:51:23.8909958+05:30" testType="13cdc9d9-ddb5-4fa4-a97d-d965ccfc6d4b" outcome="Passed" testListId="8c84fa94-04c1-424b-9868-57a2d4851a1d" relativeResultsDirectory="1bca1507-6371-432c-b5ed-1c5a58ce2463" />
    <UnitTestResult executionId="e49d1ae2-aa3c-43aa-9d81-3ff9cde2f92d" testId="1ec9a971-ccf7-6574-f711-75d27027d1b1" testName="TestMethod702" computerName="SUSALUJ" duration="00:00:00.0000311" startTime="2019-07-19T15:51:23.8459957+05:30" endTime="2019-07-19T15:51:23.8459957+05:30" testType="13cdc9d9-ddb5-4fa4-a97d-d965ccfc6d4b" outcome="Passed" testListId="8c84fa94-04c1-424b-9868-57a2d4851a1d" relativeResultsDirectory="e49d1ae2-aa3c-43aa-9d81-3ff9cde2f92d" />
    <UnitTestResult executionId="70072e3d-7830-43a3-83ef-91d05eda419a" testId="d07997d8-3ad9-b5cb-508e-dc6b69f27ae6" testName="TestMethod985" computerName="SUSALUJ" duration="00:00:00.0000322" startTime="2019-07-19T15:51:23.7879943+05:30" endTime="2019-07-19T15:51:23.7889948+05:30" testType="13cdc9d9-ddb5-4fa4-a97d-d965ccfc6d4b" outcome="Passed" testListId="8c84fa94-04c1-424b-9868-57a2d4851a1d" relativeResultsDirectory="70072e3d-7830-43a3-83ef-91d05eda419a" />
    <UnitTestResult executionId="ab9abca1-4717-4673-ae06-5a883409ca54" testId="ca5b5852-539b-3641-1aa3-89a4e580dde3" testName="TestMethod856" computerName="SUSALUJ" duration="00:00:00.0000463" startTime="2019-07-19T15:51:23.7939962+05:30" endTime="2019-07-19T15:51:23.7949944+05:30" testType="13cdc9d9-ddb5-4fa4-a97d-d965ccfc6d4b" outcome="Passed" testListId="8c84fa94-04c1-424b-9868-57a2d4851a1d" relativeResultsDirectory="ab9abca1-4717-4673-ae06-5a883409ca54" />
    <UnitTestResult executionId="5a16a9db-e074-44f8-894d-bf568191e183" testId="8b9b2119-6a34-92eb-9dd5-7135d26b5a38" testName="TestMethod637" computerName="SUSALUJ" duration="00:00:00.0000225" startTime="2019-07-19T15:51:23.8659968+05:30" endTime="2019-07-19T15:51:23.8659968+05:30" testType="13cdc9d9-ddb5-4fa4-a97d-d965ccfc6d4b" outcome="Passed" testListId="8c84fa94-04c1-424b-9868-57a2d4851a1d" relativeResultsDirectory="5a16a9db-e074-44f8-894d-bf568191e183" />
    <UnitTestResult executionId="faaa7265-93c9-42e4-91b9-43781eb8d866" testId="42dce079-c8cf-62fa-c9ff-9e14c4f58eaa" testName="TestMethod328" computerName="SUSALUJ" duration="00:00:00.0000266" startTime="2019-07-19T15:51:23.9699957+05:30" endTime="2019-07-19T15:51:23.9699957+05:30" testType="13cdc9d9-ddb5-4fa4-a97d-d965ccfc6d4b" outcome="Passed" testListId="8c84fa94-04c1-424b-9868-57a2d4851a1d" relativeResultsDirectory="faaa7265-93c9-42e4-91b9-43781eb8d866" />
    <UnitTestResult executionId="2fd57260-c991-4f35-b522-5ad34bf5ed9d" testId="ba53baed-f5ba-708c-6942-501f1bbdacdf" testName="TestMethod251" computerName="SUSALUJ" duration="00:00:00.0000299" startTime="2019-07-19T15:51:23.9969949+05:30" endTime="2019-07-19T15:51:23.9969949+05:30" testType="13cdc9d9-ddb5-4fa4-a97d-d965ccfc6d4b" outcome="Passed" testListId="8c84fa94-04c1-424b-9868-57a2d4851a1d" relativeResultsDirectory="2fd57260-c991-4f35-b522-5ad34bf5ed9d" />
    <UnitTestResult executionId="eb6d142b-6637-409d-a17b-9b8a3e4dd94b" testId="dcc9a572-4fad-5cea-f758-fa21ff5f3459" testName="TestMethod470" computerName="SUSALUJ" duration="00:00:00.0000248" startTime="2019-07-19T15:51:23.9059938+05:30" endTime="2019-07-19T15:51:23.9059938+05:30" testType="13cdc9d9-ddb5-4fa4-a97d-d965ccfc6d4b" outcome="Passed" testListId="8c84fa94-04c1-424b-9868-57a2d4851a1d" relativeResultsDirectory="eb6d142b-6637-409d-a17b-9b8a3e4dd94b" />
    <UnitTestResult executionId="9977ea88-6974-49ec-ade6-a7aa3c2e209d" testId="ff1e69eb-085c-6199-f57b-ed916e916920" testName="TestMethod523" computerName="SUSALUJ" duration="00:00:00.0000332" startTime="2019-07-19T15:51:23.8829946+05:30" endTime="2019-07-19T15:51:23.8839976+05:30" testType="13cdc9d9-ddb5-4fa4-a97d-d965ccfc6d4b" outcome="Passed" testListId="8c84fa94-04c1-424b-9868-57a2d4851a1d" relativeResultsDirectory="9977ea88-6974-49ec-ade6-a7aa3c2e209d" />
    <UnitTestResult executionId="830aa70a-fb81-4941-aa28-9550dff89e6b" testId="3766b0af-d418-58ea-edb7-c36f6905467d" testName="TestMethod654" computerName="SUSALUJ" duration="00:00:00.0000294" startTime="2019-07-19T15:51:23.8689957+05:30" endTime="2019-07-19T15:51:23.8689957+05:30" testType="13cdc9d9-ddb5-4fa4-a97d-d965ccfc6d4b" outcome="Passed" testListId="8c84fa94-04c1-424b-9868-57a2d4851a1d" relativeResultsDirectory="830aa70a-fb81-4941-aa28-9550dff89e6b" />
    <UnitTestResult executionId="7b207214-540c-4702-8b3c-bba73fede775" testId="e06ffeba-d059-aca0-13bd-f641f573dee2" testName="TestMethod593" computerName="SUSALUJ" duration="00:00:00.0000209" startTime="2019-07-19T15:51:23.8959935+05:30" endTime="2019-07-19T15:51:23.8959935+05:30" testType="13cdc9d9-ddb5-4fa4-a97d-d965ccfc6d4b" outcome="Passed" testListId="8c84fa94-04c1-424b-9868-57a2d4851a1d" relativeResultsDirectory="7b207214-540c-4702-8b3c-bba73fede775" />
    <UnitTestResult executionId="1c685252-040e-44eb-830a-50d95b016eb3" testId="118a898a-2297-4a5a-1659-18f02c717bf6" testName="TestMethod688" computerName="SUSALUJ" duration="00:00:00.0000217" startTime="2019-07-19T15:51:23.8429945+05:30" endTime="2019-07-19T15:51:23.8429945+05:30" testType="13cdc9d9-ddb5-4fa4-a97d-d965ccfc6d4b" outcome="Passed" testListId="8c84fa94-04c1-424b-9868-57a2d4851a1d" relativeResultsDirectory="1c685252-040e-44eb-830a-50d95b016eb3" />
    <UnitTestResult executionId="beae6d8f-1453-43f4-8a13-4e2f162d91fc" testId="a6d21258-1914-9652-ed82-cf56c366db43" testName="TestMethod38" computerName="SUSALUJ" duration="00:00:00.0005502" startTime="2019-07-19T15:51:24.1659966+05:30" endTime="2019-07-19T15:51:24.1669967+05:30" testType="13cdc9d9-ddb5-4fa4-a97d-d965ccfc6d4b" outcome="Failed" testListId="8c84fa94-04c1-424b-9868-57a2d4851a1d" relativeResultsDirectory="beae6d8f-1453-43f4-8a13-4e2f162d91fc">
      <Output>
        <ErrorInfo>
          <Message>Assert.AreEqual failed. Expected:&lt;2&gt;. Actual:&lt;4&gt;. </Message>
          <StackTrace>   at TestProjectWON.UnitTest1.TestMethod38() in C:\agent\_work\8\s\TestProjectWON\UnitTest1.cs:line 203&#xD;
</StackTrace>
        </ErrorInfo>
      </Output>
    </UnitTestResult>
    <UnitTestResult executionId="e86ab5ca-4083-4fc5-a938-39700b94abe0" testId="18f6f241-7657-bccd-6e57-dada82478948" testName="TestMethod873" computerName="SUSALUJ" duration="00:00:00.0000545" startTime="2019-07-19T15:51:23.7989945+05:30" endTime="2019-07-19T15:51:23.7999948+05:30" testType="13cdc9d9-ddb5-4fa4-a97d-d965ccfc6d4b" outcome="Passed" testListId="8c84fa94-04c1-424b-9868-57a2d4851a1d" relativeResultsDirectory="e86ab5ca-4083-4fc5-a938-39700b94abe0" />
    <UnitTestResult executionId="60e8c09b-06cb-432b-944d-d02e6b0ea342" testId="d9684e0f-2086-d83e-23a3-04b6d52307fb" testName="TestMethod725" computerName="SUSALUJ" duration="00:00:00.0000279" startTime="2019-07-19T15:51:23.8509950+05:30" endTime="2019-07-19T15:51:23.8509950+05:30" testType="13cdc9d9-ddb5-4fa4-a97d-d965ccfc6d4b" outcome="Passed" testListId="8c84fa94-04c1-424b-9868-57a2d4851a1d" relativeResultsDirectory="60e8c09b-06cb-432b-944d-d02e6b0ea342" />
    <UnitTestResult executionId="f3d2f54b-583d-4d7d-b49e-d2dbab1069fe" testId="40596cb0-9252-df2e-a81d-60fc4091b4b9" testName="TestMethod729" computerName="SUSALUJ" duration="00:00:00.0000249" startTime="2019-07-19T15:51:23.8519939+05:30" endTime="2019-07-19T15:51:23.8519939+05:30" testType="13cdc9d9-ddb5-4fa4-a97d-d965ccfc6d4b" outcome="Passed" testListId="8c84fa94-04c1-424b-9868-57a2d4851a1d" relativeResultsDirectory="f3d2f54b-583d-4d7d-b49e-d2dbab1069fe" />
    <UnitTestResult executionId="5c77c1c6-bfce-4fb5-a0e1-47d9bf04ad86" testId="41ecebc9-74af-42bd-181b-155796a14796" testName="TestMethod837" computerName="SUSALUJ" duration="00:00:00.0000305" startTime="2019-07-19T15:51:23.8379961+05:30" endTime="2019-07-19T15:51:23.8379961+05:30" testType="13cdc9d9-ddb5-4fa4-a97d-d965ccfc6d4b" outcome="Passed" testListId="8c84fa94-04c1-424b-9868-57a2d4851a1d" relativeResultsDirectory="5c77c1c6-bfce-4fb5-a0e1-47d9bf04ad86" />
    <UnitTestResult executionId="d1bf9147-d75a-4cc9-9ad6-83ae6fb93e5f" testId="225c1221-23ca-3f97-5645-e808e340bd1d" testName="TestMethod604" computerName="SUSALUJ" duration="00:00:00.0000193" startTime="2019-07-19T15:51:23.8589945+05:30" endTime="2019-07-19T15:51:23.8589945+05:30" testType="13cdc9d9-ddb5-4fa4-a97d-d965ccfc6d4b" outcome="Passed" testListId="8c84fa94-04c1-424b-9868-57a2d4851a1d" relativeResultsDirectory="d1bf9147-d75a-4cc9-9ad6-83ae6fb93e5f" />
    <UnitTestResult executionId="679a64e3-5293-43e7-931c-56eb8fa8a383" testId="89d94204-6859-08fd-f562-7b24bf2cea08" testName="TestMethod628" computerName="SUSALUJ" duration="00:00:00.0000295" startTime="2019-07-19T15:51:23.8649950+05:30" endTime="2019-07-19T15:51:23.8649950+05:30" testType="13cdc9d9-ddb5-4fa4-a97d-d965ccfc6d4b" outcome="Passed" testListId="8c84fa94-04c1-424b-9868-57a2d4851a1d" relativeResultsDirectory="679a64e3-5293-43e7-931c-56eb8fa8a383" />
    <UnitTestResult executionId="cbe341e7-92aa-466b-82a9-67d1f3c3470d" testId="01823501-c211-fcf8-f3bc-3f1317bdb6c6" testName="TestMethod62" computerName="SUSALUJ" duration="00:00:00.0000208" startTime="2019-07-19T15:51:24.1819942+05:30" endTime="2019-07-19T15:51:24.1819942+05:30" testType="13cdc9d9-ddb5-4fa4-a97d-d965ccfc6d4b" outcome="Passed" testListId="8c84fa94-04c1-424b-9868-57a2d4851a1d" relativeResultsDirectory="cbe341e7-92aa-466b-82a9-67d1f3c3470d" />
    <UnitTestResult executionId="13c6e4c2-90ce-4522-bced-4ab50493893a" testId="a2f92813-cd64-b1c8-73e7-623cfb63d167" testName="TestMethod817" computerName="SUSALUJ" duration="00:00:00.0000310" startTime="2019-07-19T15:51:23.8339942+05:30" endTime="2019-07-19T15:51:23.8339942+05:30" testType="13cdc9d9-ddb5-4fa4-a97d-d965ccfc6d4b" outcome="Passed" testListId="8c84fa94-04c1-424b-9868-57a2d4851a1d" relativeResultsDirectory="13c6e4c2-90ce-4522-bced-4ab50493893a" />
    <UnitTestResult executionId="e187d984-6962-4303-aecf-b61433439e80" testId="b455aebb-373b-8895-d2db-ca3faffe0264" testName="TestMethod253" computerName="SUSALUJ" duration="00:00:00.0000322" startTime="2019-07-19T15:51:23.9979954+05:30" endTime="2019-07-19T15:51:23.9979954+05:30" testType="13cdc9d9-ddb5-4fa4-a97d-d965ccfc6d4b" outcome="Passed" testListId="8c84fa94-04c1-424b-9868-57a2d4851a1d" relativeResultsDirectory="e187d984-6962-4303-aecf-b61433439e80" />
    <UnitTestResult executionId="8ba3498e-1d03-48bb-8277-b1d27bfdc457" testId="c5fbc3fb-b202-c792-eb13-27240e349d77" testName="TestMethod11" computerName="SUSALUJ" duration="00:00:00.0009681" startTime="2019-07-19T15:51:24.1339943+05:30" endTime="2019-07-19T15:51:24.1349982+05:30" testType="13cdc9d9-ddb5-4fa4-a97d-d965ccfc6d4b" outcome="Failed" testListId="8c84fa94-04c1-424b-9868-57a2d4851a1d" relativeResultsDirectory="8ba3498e-1d03-48bb-8277-b1d27bfdc457">
      <Output>
        <ErrorInfo>
          <Message>Assert.AreEqual failed. Expected:&lt;2&gt;. Actual:&lt;4&gt;. </Message>
          <StackTrace>   at TestProjectWON.UnitTest1.TestMethod11() in C:\agent\_work\8\s\TestProjectWON\UnitTest1.cs:line 68&#xD;
</StackTrace>
        </ErrorInfo>
      </Output>
    </UnitTestResult>
    <UnitTestResult executionId="93875e21-2b80-4769-b607-d926024ddf47" testId="e420af2e-a5a3-9089-0a8f-66e455f4e5c8" testName="TestMethod241" computerName="SUSALUJ" duration="00:00:00.0000381" startTime="2019-07-19T15:51:23.9949987+05:30" endTime="2019-07-19T15:51:23.9949987+05:30" testType="13cdc9d9-ddb5-4fa4-a97d-d965ccfc6d4b" outcome="Passed" testListId="8c84fa94-04c1-424b-9868-57a2d4851a1d" relativeResultsDirectory="93875e21-2b80-4769-b607-d926024ddf47" />
    <UnitTestResult executionId="a526f6c9-170c-4299-824e-a910aee5df43" testId="e6325c4d-0d1b-48f8-5d01-528c8025c1ef" testName="TestMethod704" computerName="SUSALUJ" duration="00:00:00.0000312" startTime="2019-07-19T15:51:23.8469962+05:30" endTime="2019-07-19T15:51:23.8469962+05:30" testType="13cdc9d9-ddb5-4fa4-a97d-d965ccfc6d4b" outcome="Passed" testListId="8c84fa94-04c1-424b-9868-57a2d4851a1d" relativeResultsDirectory="a526f6c9-170c-4299-824e-a910aee5df43" />
    <UnitTestResult executionId="fd689b6d-934b-4538-a5f1-96ffb025a794" testId="0082ec55-23a0-7970-6e7e-7fe788b9f353" testName="TestMethod726" computerName="SUSALUJ" duration="00:00:00.0000223" startTime="2019-07-19T15:51:23.8509950+05:30" endTime="2019-07-19T15:51:23.8509950+05:30" testType="13cdc9d9-ddb5-4fa4-a97d-d965ccfc6d4b" outcome="Passed" testListId="8c84fa94-04c1-424b-9868-57a2d4851a1d" relativeResultsDirectory="fd689b6d-934b-4538-a5f1-96ffb025a794" />
    <UnitTestResult executionId="52f3b777-8e6d-4551-8b2d-f335df204b88" testId="0af15279-8524-5c45-60fc-fbd5462c6ee3" testName="TestMethod32" computerName="SUSALUJ" duration="00:00:00.0004557" startTime="2019-07-19T15:51:24.1609959+05:30" endTime="2019-07-19T15:51:24.1609959+05:30" testType="13cdc9d9-ddb5-4fa4-a97d-d965ccfc6d4b" outcome="Failed" testListId="8c84fa94-04c1-424b-9868-57a2d4851a1d" relativeResultsDirectory="52f3b777-8e6d-4551-8b2d-f335df204b88">
      <Output>
        <ErrorInfo>
          <Message>Assert.AreEqual failed. Expected:&lt;2&gt;. Actual:&lt;4&gt;. </Message>
          <StackTrace>   at TestProjectWON.UnitTest1.TestMethod32() in C:\agent\_work\8\s\TestProjectWON\UnitTest1.cs:line 173&#xD;
</StackTrace>
        </ErrorInfo>
      </Output>
    </UnitTestResult>
    <UnitTestResult executionId="662d4d13-880a-4cbd-a9b8-81b0107bacda" testId="02ce5419-6f83-a028-3fcf-e162973483ee" testName="TestMethod494" computerName="SUSALUJ" duration="00:00:00.0000291" startTime="2019-07-19T15:51:23.9109944+05:30" endTime="2019-07-19T15:51:23.9109944+05:30" testType="13cdc9d9-ddb5-4fa4-a97d-d965ccfc6d4b" outcome="Passed" testListId="8c84fa94-04c1-424b-9868-57a2d4851a1d" relativeResultsDirectory="662d4d13-880a-4cbd-a9b8-81b0107bacda" />
    <UnitTestResult executionId="5417ba6f-7dd7-415e-8d0a-fea739af1647" testId="b7e3ed28-8792-7bc7-d8bb-08f9024403b9" testName="TestMethod965" computerName="SUSALUJ" duration="00:00:00.0000618" startTime="2019-07-19T15:51:23.7849938+05:30" endTime="2019-07-19T15:51:23.7849938+05:30" testType="13cdc9d9-ddb5-4fa4-a97d-d965ccfc6d4b" outcome="Passed" testListId="8c84fa94-04c1-424b-9868-57a2d4851a1d" relativeResultsDirectory="5417ba6f-7dd7-415e-8d0a-fea739af1647" />
    <UnitTestResult executionId="9634e194-48aa-48fb-af85-2d5fdd3409f3" testId="919d167e-0489-49fa-867a-b28fe7b95b8b" testName="TestMethod782" computerName="SUSALUJ" duration="00:00:00.0000274" startTime="2019-07-19T15:51:23.8189946+05:30" endTime="2019-07-19T15:51:23.8189946+05:30" testType="13cdc9d9-ddb5-4fa4-a97d-d965ccfc6d4b" outcome="Passed" testListId="8c84fa94-04c1-424b-9868-57a2d4851a1d" relativeResultsDirectory="9634e194-48aa-48fb-af85-2d5fdd3409f3" />
    <UnitTestResult executionId="0bacf1c4-083e-4b00-8f00-5db02bcbe4e7" testId="54f7231c-4046-ddec-efc0-d026fa970b98" testName="TestMethod34" computerName="SUSALUJ" duration="00:00:00.0009254" startTime="2019-07-19T15:51:24.1619948+05:30" endTime="2019-07-19T15:51:24.1629951+05:30" testType="13cdc9d9-ddb5-4fa4-a97d-d965ccfc6d4b" outcome="Failed" testListId="8c84fa94-04c1-424b-9868-57a2d4851a1d" relativeResultsDirectory="0bacf1c4-083e-4b00-8f00-5db02bcbe4e7">
      <Output>
        <ErrorInfo>
          <Message>Assert.AreEqual failed. Expected:&lt;2&gt;. Actual:&lt;4&gt;. </Message>
          <StackTrace>   at TestProjectWON.UnitTest1.TestMethod34() in C:\agent\_work\8\s\TestProjectWON\UnitTest1.cs:line 183&#xD;
</StackTrace>
        </ErrorInfo>
      </Output>
    </UnitTestResult>
    <UnitTestResult executionId="f7e67c8a-0aa3-4e65-bbd8-e92964249ee2" testId="36579588-9e16-7162-cec9-c9545c4c4e7c" testName="TestMethod124" computerName="SUSALUJ" duration="00:00:00.0000455" startTime="2019-07-19T15:51:24.0069966+05:30" endTime="2019-07-19T15:51:24.0079970+05:30" testType="13cdc9d9-ddb5-4fa4-a97d-d965ccfc6d4b" outcome="Passed" testListId="8c84fa94-04c1-424b-9868-57a2d4851a1d" relativeResultsDirectory="f7e67c8a-0aa3-4e65-bbd8-e92964249ee2" />
    <UnitTestResult executionId="c3f547ba-c7fa-46ad-a877-14ca5fa948e1" testId="a0a4a26c-e5c7-453e-8749-f5f247d9d460" testName="TestMethod271" computerName="SUSALUJ" duration="00:00:00.0000405" startTime="2019-07-19T15:51:23.9509963+05:30" endTime="2019-07-19T15:51:23.9509963+05:30" testType="13cdc9d9-ddb5-4fa4-a97d-d965ccfc6d4b" outcome="Passed" testListId="8c84fa94-04c1-424b-9868-57a2d4851a1d" relativeResultsDirectory="c3f547ba-c7fa-46ad-a877-14ca5fa948e1" />
    <UnitTestResult executionId="292078d4-25a0-4ff8-8cf1-115d937b62e5" testId="2daa125b-cbaf-bd8c-2afa-e5e7a5b0028e" testName="TestMethod768" computerName="SUSALUJ" duration="00:00:00.0000380" startTime="2019-07-19T15:51:23.8159953+05:30" endTime="2019-07-19T15:51:23.8159953+05:30" testType="13cdc9d9-ddb5-4fa4-a97d-d965ccfc6d4b" outcome="Passed" testListId="8c84fa94-04c1-424b-9868-57a2d4851a1d" relativeResultsDirectory="292078d4-25a0-4ff8-8cf1-115d937b62e5" />
    <UnitTestResult executionId="e5cd69da-1ee0-4cbb-89dd-d44234a8aa31" testId="6c1de0b2-9f2c-f96f-0337-758f086b8199" testName="TestMethod986" computerName="SUSALUJ" duration="00:00:00.0000286" startTime="2019-07-19T15:51:23.7889948+05:30" endTime="2019-07-19T15:51:23.7889948+05:30" testType="13cdc9d9-ddb5-4fa4-a97d-d965ccfc6d4b" outcome="Passed" testListId="8c84fa94-04c1-424b-9868-57a2d4851a1d" relativeResultsDirectory="e5cd69da-1ee0-4cbb-89dd-d44234a8aa31" />
    <UnitTestResult executionId="f9aaa44c-d8ab-4b39-948c-29661da1ef6d" testId="23389cd4-cd53-51f9-ea03-100b46c66dea" testName="TestMethod923" computerName="SUSALUJ" duration="00:00:00.0000402" startTime="2019-07-19T15:51:23.8129952+05:30" endTime="2019-07-19T15:51:23.8129952+05:30" testType="13cdc9d9-ddb5-4fa4-a97d-d965ccfc6d4b" outcome="Passed" testListId="8c84fa94-04c1-424b-9868-57a2d4851a1d" relativeResultsDirectory="f9aaa44c-d8ab-4b39-948c-29661da1ef6d" />
    <UnitTestResult executionId="fea7872f-88d1-4582-a88c-42904a61d830" testId="7d16c53f-5b8c-20c1-78c0-f6a7c53570e6" testName="TestMethod715" computerName="SUSALUJ" duration="00:00:00.0003570" startTime="2019-07-19T15:51:23.8479951+05:30" endTime="2019-07-19T15:51:23.8489960+05:30" testType="13cdc9d9-ddb5-4fa4-a97d-d965ccfc6d4b" outcome="Passed" testListId="8c84fa94-04c1-424b-9868-57a2d4851a1d" relativeResultsDirectory="fea7872f-88d1-4582-a88c-42904a61d830" />
    <UnitTestResult executionId="ffad8583-212a-465f-9d3f-9bc42cfbf771" testId="e1f831ed-918d-20f9-012c-486e00c41ebe" testName="TestMethod652" computerName="SUSALUJ" duration="00:00:00.0000196" startTime="2019-07-19T15:51:23.8689957+05:30" endTime="2019-07-19T15:51:23.8689957+05:30" testType="13cdc9d9-ddb5-4fa4-a97d-d965ccfc6d4b" outcome="Passed" testListId="8c84fa94-04c1-424b-9868-57a2d4851a1d" relativeResultsDirectory="ffad8583-212a-465f-9d3f-9bc42cfbf771" />
    <UnitTestResult executionId="01d41402-429f-4602-9ba7-f49e549da120" testId="f97c6d21-26d6-01c9-c3af-ff29d0c83a7c" testName="TestMethod808" computerName="SUSALUJ" duration="00:00:00.0000196" startTime="2019-07-19T15:51:23.8319962+05:30" endTime="2019-07-19T15:51:23.8319962+05:30" testType="13cdc9d9-ddb5-4fa4-a97d-d965ccfc6d4b" outcome="Passed" testListId="8c84fa94-04c1-424b-9868-57a2d4851a1d" relativeResultsDirectory="01d41402-429f-4602-9ba7-f49e549da120" />
    <UnitTestResult executionId="a771e354-e048-46b5-b3de-765554dc6f29" testId="ae718779-653e-6c75-7dc0-1104d37b58a2" testName="TestMethod21" computerName="SUSALUJ" duration="00:00:00.0015547" startTime="2019-07-19T15:51:24.1439958+05:30" endTime="2019-07-19T15:51:24.1459961+05:30" testType="13cdc9d9-ddb5-4fa4-a97d-d965ccfc6d4b" outcome="Failed" testListId="8c84fa94-04c1-424b-9868-57a2d4851a1d" relativeResultsDirectory="a771e354-e048-46b5-b3de-765554dc6f29">
      <Output>
        <ErrorInfo>
          <Message>Assert.AreEqual failed. Expected:&lt;2&gt;. Actual:&lt;4&gt;. </Message>
          <StackTrace>   at TestProjectWON.UnitTest1.TestMethod21() in C:\agent\_work\8\s\TestProjectWON\UnitTest1.cs:line 118&#xD;
</StackTrace>
        </ErrorInfo>
      </Output>
    </UnitTestResult>
    <UnitTestResult executionId="8057f3be-50ab-4533-a380-e72dd75e0c73" testId="871f8fb2-ea4c-5888-ad3a-806fd772a2ef" testName="TestMethod288" computerName="SUSALUJ" duration="00:00:00.0000309" startTime="2019-07-19T15:51:23.9549970+05:30" endTime="2019-07-19T15:51:23.9549970+05:30" testType="13cdc9d9-ddb5-4fa4-a97d-d965ccfc6d4b" outcome="Passed" testListId="8c84fa94-04c1-424b-9868-57a2d4851a1d" relativeResultsDirectory="8057f3be-50ab-4533-a380-e72dd75e0c73" />
    <UnitTestResult executionId="c68e6cd0-2eb1-4c9f-973b-e68c2fe4fc86" testId="d887deae-a137-c36d-7b57-81b6e0173829" testName="TestMethod438" computerName="SUSALUJ" duration="00:00:00.0003894" startTime="2019-07-19T15:51:23.8979961+05:30" endTime="2019-07-19T15:51:23.8989943+05:30" testType="13cdc9d9-ddb5-4fa4-a97d-d965ccfc6d4b" outcome="Passed" testListId="8c84fa94-04c1-424b-9868-57a2d4851a1d" relativeResultsDirectory="c68e6cd0-2eb1-4c9f-973b-e68c2fe4fc86" />
    <UnitTestResult executionId="f039527f-15b1-4203-b347-698a546a363a" testId="e401551b-645d-a000-6212-1dcbb32da72a" testName="TestMethod908" computerName="SUSALUJ" duration="00:00:00.0000383" startTime="2019-07-19T15:51:23.8089957+05:30" endTime="2019-07-19T15:51:23.8089957+05:30" testType="13cdc9d9-ddb5-4fa4-a97d-d965ccfc6d4b" outcome="Passed" testListId="8c84fa94-04c1-424b-9868-57a2d4851a1d" relativeResultsDirectory="f039527f-15b1-4203-b347-698a546a363a" />
    <UnitTestResult executionId="1e0f4e4c-625a-4227-9133-d332381f6b07" testId="e686ecec-df6b-cc83-74a3-95140c17e2f4" testName="TestMethod354" computerName="SUSALUJ" duration="00:00:00.0000420" startTime="2019-07-19T15:51:23.9189961+05:30" endTime="2019-07-19T15:51:23.9199955+05:30" testType="13cdc9d9-ddb5-4fa4-a97d-d965ccfc6d4b" outcome="Passed" testListId="8c84fa94-04c1-424b-9868-57a2d4851a1d" relativeResultsDirectory="1e0f4e4c-625a-4227-9133-d332381f6b07" />
    <UnitTestResult executionId="850e6e92-ebdd-46ee-9a02-b592e293e5bd" testId="a6e4ad87-2576-c8ef-87da-6cb2f57795fd" testName="TestMethod712" computerName="SUSALUJ" duration="00:00:00.0000193" startTime="2019-07-19T15:51:23.8479951+05:30" endTime="2019-07-19T15:51:23.8479951+05:30" testType="13cdc9d9-ddb5-4fa4-a97d-d965ccfc6d4b" outcome="Passed" testListId="8c84fa94-04c1-424b-9868-57a2d4851a1d" relativeResultsDirectory="850e6e92-ebdd-46ee-9a02-b592e293e5bd" />
    <UnitTestResult executionId="992c5927-841f-4519-bcea-202e3f4a4a9a" testId="68b79cb8-5143-d0df-fd0c-6bdd07e7bc95" testName="TestMethod277" computerName="SUSALUJ" duration="00:00:00.0000221" startTime="2019-07-19T15:51:23.9519974+05:30" endTime="2019-07-19T15:51:23.9519974+05:30" testType="13cdc9d9-ddb5-4fa4-a97d-d965ccfc6d4b" outcome="Passed" testListId="8c84fa94-04c1-424b-9868-57a2d4851a1d" relativeResultsDirectory="992c5927-841f-4519-bcea-202e3f4a4a9a" />
    <UnitTestResult executionId="f6b29873-0fce-402a-9ea9-a722c98d00a5" testId="b48dddd2-4e1b-3a04-70a3-4c778c56c09b" testName="TestMethod732" computerName="SUSALUJ" duration="00:00:00.0000195" startTime="2019-07-19T15:51:23.8519939+05:30" endTime="2019-07-19T15:51:23.8519939+05:30" testType="13cdc9d9-ddb5-4fa4-a97d-d965ccfc6d4b" outcome="Passed" testListId="8c84fa94-04c1-424b-9868-57a2d4851a1d" relativeResultsDirectory="f6b29873-0fce-402a-9ea9-a722c98d00a5" />
    <UnitTestResult executionId="6789d499-d490-49cc-938a-2d02dc5419e3" testId="da7a0998-e8c8-4a1d-4761-b03db06ddcc1" testName="TestMethod391" computerName="SUSALUJ" duration="00:00:00.0000776" startTime="2019-07-19T15:51:23.9290013+05:30" endTime="2019-07-19T15:51:23.9299976+05:30" testType="13cdc9d9-ddb5-4fa4-a97d-d965ccfc6d4b" outcome="Passed" testListId="8c84fa94-04c1-424b-9868-57a2d4851a1d" relativeResultsDirectory="6789d499-d490-49cc-938a-2d02dc5419e3" />
    <UnitTestResult executionId="e4ff1fa9-f69c-474f-a3d9-ac8c1d4ae311" testId="677f09e1-94cd-513e-6097-74e7f6a74112" testName="TestMethod408" computerName="SUSALUJ" duration="00:00:00.0000326" startTime="2019-07-19T15:51:23.9349961+05:30" endTime="2019-07-19T15:51:23.9349961+05:30" testType="13cdc9d9-ddb5-4fa4-a97d-d965ccfc6d4b" outcome="Passed" testListId="8c84fa94-04c1-424b-9868-57a2d4851a1d" relativeResultsDirectory="e4ff1fa9-f69c-474f-a3d9-ac8c1d4ae311" />
    <UnitTestResult executionId="abebb2d3-8460-425b-a3a2-6062536681a7" testId="8107ae31-02e6-b704-c1a1-a5b4ffbd05bb" testName="TestMethod706" computerName="SUSALUJ" duration="00:00:00.0000207" startTime="2019-07-19T15:51:23.8469962+05:30" endTime="2019-07-19T15:51:23.8469962+05:30" testType="13cdc9d9-ddb5-4fa4-a97d-d965ccfc6d4b" outcome="Passed" testListId="8c84fa94-04c1-424b-9868-57a2d4851a1d" relativeResultsDirectory="abebb2d3-8460-425b-a3a2-6062536681a7" />
    <UnitTestResult executionId="d87c25fa-7b8e-465b-bdd7-f944a7a50c9c" testId="5f7a8e66-9d98-684a-9ca4-8a93732e2d12" testName="TestMethod254" computerName="SUSALUJ" duration="00:00:00.0000315" startTime="2019-07-19T15:51:23.9979954+05:30" endTime="2019-07-19T15:51:23.9989938+05:30" testType="13cdc9d9-ddb5-4fa4-a97d-d965ccfc6d4b" outcome="Passed" testListId="8c84fa94-04c1-424b-9868-57a2d4851a1d" relativeResultsDirectory="d87c25fa-7b8e-465b-bdd7-f944a7a50c9c" />
    <UnitTestResult executionId="555c5cdd-e322-463f-83d9-732b845a1f38" testId="65d02e26-f6f3-f5a7-04d0-8af53f7c9611" testName="TestMethod208" computerName="SUSALUJ" duration="00:00:00.0000449" startTime="2019-07-19T15:51:23.9839955+05:30" endTime="2019-07-19T15:51:23.9850015+05:30" testType="13cdc9d9-ddb5-4fa4-a97d-d965ccfc6d4b" outcome="Passed" testListId="8c84fa94-04c1-424b-9868-57a2d4851a1d" relativeResultsDirectory="555c5cdd-e322-463f-83d9-732b845a1f38" />
    <UnitTestResult executionId="a5e14239-a598-4b3a-a929-829b6448412e" testId="fc461f5d-56c6-d714-054f-9ed9be7f9933" testName="TestMethod484" computerName="SUSALUJ" duration="00:00:00.0000527" startTime="2019-07-19T15:51:23.9079934+05:30" endTime="2019-07-19T15:51:23.9079934+05:30" testType="13cdc9d9-ddb5-4fa4-a97d-d965ccfc6d4b" outcome="Passed" testListId="8c84fa94-04c1-424b-9868-57a2d4851a1d" relativeResultsDirectory="a5e14239-a598-4b3a-a929-829b6448412e" />
    <UnitTestResult executionId="d1b612e1-99e8-4aaa-907e-197b7fa22051" testId="bb9c2e9b-3b0b-a046-d485-0e15e3c4139e" testName="TestMethod261" computerName="SUSALUJ" duration="00:00:00.0000323" startTime="2019-07-19T15:51:23.9479965+05:30" endTime="2019-07-19T15:51:23.9479965+05:30" testType="13cdc9d9-ddb5-4fa4-a97d-d965ccfc6d4b" outcome="Passed" testListId="8c84fa94-04c1-424b-9868-57a2d4851a1d" relativeResultsDirectory="d1b612e1-99e8-4aaa-907e-197b7fa22051" />
    <UnitTestResult executionId="84144358-6a0d-4bd2-9f2f-0ad6813176c8" testId="68377dec-78a1-9e58-48ed-4d7646bf5d48" testName="TestMethod816" computerName="SUSALUJ" duration="00:00:00.0000211" startTime="2019-07-19T15:51:23.8339942+05:30" endTime="2019-07-19T15:51:23.8339942+05:30" testType="13cdc9d9-ddb5-4fa4-a97d-d965ccfc6d4b" outcome="Passed" testListId="8c84fa94-04c1-424b-9868-57a2d4851a1d" relativeResultsDirectory="84144358-6a0d-4bd2-9f2f-0ad6813176c8" />
    <UnitTestResult executionId="45b6f293-8af0-40e1-8528-9c607a2165cb" testId="09e76122-7a5e-ee6c-f934-11aea6276013" testName="TestMethod33" computerName="SUSALUJ" duration="00:00:00.0008681" startTime="2019-07-19T15:51:24.1609959+05:30" endTime="2019-07-19T15:51:24.1619948+05:30" testType="13cdc9d9-ddb5-4fa4-a97d-d965ccfc6d4b" outcome="Failed" testListId="8c84fa94-04c1-424b-9868-57a2d4851a1d" relativeResultsDirectory="45b6f293-8af0-40e1-8528-9c607a2165cb">
      <Output>
        <ErrorInfo>
          <Message>Assert.AreEqual failed. Expected:&lt;2&gt;. Actual:&lt;4&gt;. </Message>
          <StackTrace>   at TestProjectWON.UnitTest1.TestMethod33() in C:\agent\_work\8\s\TestProjectWON\UnitTest1.cs:line 178&#xD;
</StackTrace>
        </ErrorInfo>
      </Output>
    </UnitTestResult>
    <UnitTestResult executionId="83e62317-42bb-4451-bacc-25ab1f2b3757" testId="a0d73a5a-c44d-12f6-bc44-9638d2557ee9" testName="TestMethod581" computerName="SUSALUJ" duration="00:00:00.0000204" startTime="2019-07-19T15:51:23.8929941+05:30" endTime="2019-07-19T15:51:23.8929941+05:30" testType="13cdc9d9-ddb5-4fa4-a97d-d965ccfc6d4b" outcome="Passed" testListId="8c84fa94-04c1-424b-9868-57a2d4851a1d" relativeResultsDirectory="83e62317-42bb-4451-bacc-25ab1f2b3757" />
    <UnitTestResult executionId="8ce55a58-295f-44b9-80bd-02641d385098" testId="b9b754c8-f714-8344-be20-9f6c2138c38b" testName="TestMethod542" computerName="SUSALUJ" duration="00:00:00.0000199" startTime="2019-07-19T15:51:23.8869948+05:30" endTime="2019-07-19T15:51:23.8869948+05:30" testType="13cdc9d9-ddb5-4fa4-a97d-d965ccfc6d4b" outcome="Passed" testListId="8c84fa94-04c1-424b-9868-57a2d4851a1d" relativeResultsDirectory="8ce55a58-295f-44b9-80bd-02641d385098" />
    <UnitTestResult executionId="1ddb3626-a3ed-42e9-ba06-f23dcd7cee86" testId="6bae33fa-e48a-771f-68c8-433a455bd508" testName="TestMethod369" computerName="SUSALUJ" duration="00:00:00.0000290" startTime="2019-07-19T15:51:23.9229973+05:30" endTime="2019-07-19T15:51:23.9229973+05:30" testType="13cdc9d9-ddb5-4fa4-a97d-d965ccfc6d4b" outcome="Passed" testListId="8c84fa94-04c1-424b-9868-57a2d4851a1d" relativeResultsDirectory="1ddb3626-a3ed-42e9-ba06-f23dcd7cee86" />
    <UnitTestResult executionId="8cf765cf-5aec-4b2d-b6b8-9a9c8377128a" testId="20ce8064-cee4-c7ed-ed78-b9a86833c4d6" testName="TestMethod731" computerName="SUSALUJ" duration="00:00:00.0000199" startTime="2019-07-19T15:51:23.8519939+05:30" endTime="2019-07-19T15:51:23.8519939+05:30" testType="13cdc9d9-ddb5-4fa4-a97d-d965ccfc6d4b" outcome="Passed" testListId="8c84fa94-04c1-424b-9868-57a2d4851a1d" relativeResultsDirectory="8cf765cf-5aec-4b2d-b6b8-9a9c8377128a" />
    <UnitTestResult executionId="680bb96c-7fb8-4302-a634-c083ca665f02" testId="7a2f02f2-38dc-f21f-ced5-a6bb14b1d39f" testName="TestMethod970" computerName="SUSALUJ" duration="00:00:00.0000358" startTime="2019-07-19T15:51:23.7859938+05:30" endTime="2019-07-19T15:51:23.7859938+05:30" testType="13cdc9d9-ddb5-4fa4-a97d-d965ccfc6d4b" outcome="Passed" testListId="8c84fa94-04c1-424b-9868-57a2d4851a1d" relativeResultsDirectory="680bb96c-7fb8-4302-a634-c083ca665f02" />
    <UnitTestResult executionId="a3d48dc5-f335-47e1-9c0c-6954c7d7b0c6" testId="155552b9-5772-8b68-2831-a815d3b75c3a" testName="TestMethod81" computerName="SUSALUJ" duration="00:00:00.0000203" startTime="2019-07-19T15:51:24.1859944+05:30" endTime="2019-07-19T15:51:24.1859944+05:30" testType="13cdc9d9-ddb5-4fa4-a97d-d965ccfc6d4b" outcome="Passed" testListId="8c84fa94-04c1-424b-9868-57a2d4851a1d" relativeResultsDirectory="a3d48dc5-f335-47e1-9c0c-6954c7d7b0c6" />
    <UnitTestResult executionId="28457f9a-bc3c-443e-8112-62ae1da926ef" testId="a1c7d30f-45fb-a8e2-c715-87d5532a8b7a" testName="TestMethod291" computerName="SUSALUJ" duration="00:00:00.0003866" startTime="2019-07-19T15:51:23.9549970+05:30" endTime="2019-07-19T15:51:23.9559955+05:30" testType="13cdc9d9-ddb5-4fa4-a97d-d965ccfc6d4b" outcome="Passed" testListId="8c84fa94-04c1-424b-9868-57a2d4851a1d" relativeResultsDirectory="28457f9a-bc3c-443e-8112-62ae1da926ef" />
    <UnitTestResult executionId="9a4b11a2-2760-4f11-b1d6-eb37be29ba09" testId="4765fad6-3a2e-3331-c764-b27e0bb9a9e9" testName="TestMethod857" computerName="SUSALUJ" duration="00:00:00.0000702" startTime="2019-07-19T15:51:23.7949944+05:30" endTime="2019-07-19T15:51:23.7949944+05:30" testType="13cdc9d9-ddb5-4fa4-a97d-d965ccfc6d4b" outcome="Passed" testListId="8c84fa94-04c1-424b-9868-57a2d4851a1d" relativeResultsDirectory="9a4b11a2-2760-4f11-b1d6-eb37be29ba09" />
    <UnitTestResult executionId="eab83361-48a7-4b05-abdf-3870edcac50f" testId="17c78595-48aa-bed2-a9b1-5f1f2a0ee126" testName="TestMethod590" computerName="SUSALUJ" duration="00:00:00.0000200" startTime="2019-07-19T15:51:23.8949967+05:30" endTime="2019-07-19T15:51:23.8949967+05:30" testType="13cdc9d9-ddb5-4fa4-a97d-d965ccfc6d4b" outcome="Passed" testListId="8c84fa94-04c1-424b-9868-57a2d4851a1d" relativeResultsDirectory="eab83361-48a7-4b05-abdf-3870edcac50f" />
    <UnitTestResult executionId="43864b38-587a-4cf5-acbb-257414a3f0bc" testId="67109af0-8fef-f227-7dc4-d5deed9c45c3" testName="TestMethod214" computerName="SUSALUJ" duration="00:00:00.0000323" startTime="2019-07-19T15:51:23.9859965+05:30" endTime="2019-07-19T15:51:23.9859965+05:30" testType="13cdc9d9-ddb5-4fa4-a97d-d965ccfc6d4b" outcome="Passed" testListId="8c84fa94-04c1-424b-9868-57a2d4851a1d" relativeResultsDirectory="43864b38-587a-4cf5-acbb-257414a3f0bc" />
    <UnitTestResult executionId="f91c73e7-757a-42da-a1a3-add3f1706f11" testId="ae554e2f-9239-c2e4-e83d-b0868067315c" testName="TestMethod374" computerName="SUSALUJ" duration="00:00:00.0000205" startTime="2019-07-19T15:51:23.9249946+05:30" endTime="2019-07-19T15:51:23.9249946+05:30" testType="13cdc9d9-ddb5-4fa4-a97d-d965ccfc6d4b" outcome="Passed" testListId="8c84fa94-04c1-424b-9868-57a2d4851a1d" relativeResultsDirectory="f91c73e7-757a-42da-a1a3-add3f1706f11" />
    <UnitTestResult executionId="dd305653-b6cc-44a1-ae21-8bc938b30407" testId="b45e8f90-18e0-9f3b-9e1e-d9a9792c1737" testName="TestMethod153" computerName="SUSALUJ" duration="00:00:00.0000457" startTime="2019-07-19T15:51:24.0179952+05:30" endTime="2019-07-19T15:51:24.0189956+05:30" testType="13cdc9d9-ddb5-4fa4-a97d-d965ccfc6d4b" outcome="Passed" testListId="8c84fa94-04c1-424b-9868-57a2d4851a1d" relativeResultsDirectory="dd305653-b6cc-44a1-ae21-8bc938b30407" />
    <UnitTestResult executionId="6c3df31e-e47d-4596-8534-a13d576fa23a" testId="d5f61ed0-6999-349f-54f4-28cd8e1c01d4" testName="TestMethod96" computerName="SUSALUJ" duration="00:00:00.0000375" startTime="2019-07-19T15:51:24.0009973+05:30" endTime="2019-07-19T15:51:24.0009973+05:30" testType="13cdc9d9-ddb5-4fa4-a97d-d965ccfc6d4b" outcome="Passed" testListId="8c84fa94-04c1-424b-9868-57a2d4851a1d" relativeResultsDirectory="6c3df31e-e47d-4596-8534-a13d576fa23a" />
    <UnitTestResult executionId="abc3c63f-e099-4405-a9ea-3d4a1130ccde" testId="a419c818-7a3d-445b-18e2-f3e57d583b25" testName="TestMethod854" computerName="SUSALUJ" duration="00:00:00.0000809" startTime="2019-07-19T15:51:23.7929943+05:30" endTime="2019-07-19T15:51:23.7939962+05:30" testType="13cdc9d9-ddb5-4fa4-a97d-d965ccfc6d4b" outcome="Passed" testListId="8c84fa94-04c1-424b-9868-57a2d4851a1d" relativeResultsDirectory="abc3c63f-e099-4405-a9ea-3d4a1130ccde" />
    <UnitTestResult executionId="7048c359-00bc-4fa7-a9fe-3512c22f3c2b" testId="3327bd38-891d-1d5d-78a0-4d48beed5153" testName="TestMethod182" computerName="SUSALUJ" duration="00:00:00.0000315" startTime="2019-07-19T15:51:23.9779969+05:30" endTime="2019-07-19T15:51:23.9779969+05:30" testType="13cdc9d9-ddb5-4fa4-a97d-d965ccfc6d4b" outcome="Passed" testListId="8c84fa94-04c1-424b-9868-57a2d4851a1d" relativeResultsDirectory="7048c359-00bc-4fa7-a9fe-3512c22f3c2b" />
    <UnitTestResult executionId="c9f232cd-eab0-4aff-9375-47a211ef7a9f" testId="5b486404-8f00-6564-3c4d-715431cb2988" testName="TestMethod554" computerName="SUSALUJ" duration="00:00:00.0000215" startTime="2019-07-19T15:51:23.8889950+05:30" endTime="2019-07-19T15:51:23.8889950+05:30" testType="13cdc9d9-ddb5-4fa4-a97d-d965ccfc6d4b" outcome="Passed" testListId="8c84fa94-04c1-424b-9868-57a2d4851a1d" relativeResultsDirectory="c9f232cd-eab0-4aff-9375-47a211ef7a9f" />
    <UnitTestResult executionId="2290b146-9fd2-4b07-b1cb-de91865c72e5" testId="ac3b128e-d3d5-4265-9aef-591cc4d52713" testName="TestMethod877" computerName="SUSALUJ" duration="00:00:00.0000618" startTime="2019-07-19T15:51:23.8009947+05:30" endTime="2019-07-19T15:51:23.8009947+05:30" testType="13cdc9d9-ddb5-4fa4-a97d-d965ccfc6d4b" outcome="Passed" testListId="8c84fa94-04c1-424b-9868-57a2d4851a1d" relativeResultsDirectory="2290b146-9fd2-4b07-b1cb-de91865c72e5" />
    <UnitTestResult executionId="9dbde271-3d18-4b97-a9c5-53f991cffaac" testId="260524ed-9ccb-fcbe-2b3e-e18ae630c651" testName="TestMethod634" computerName="SUSALUJ" duration="00:00:00.0003900" startTime="2019-07-19T15:51:23.8649950+05:30" endTime="2019-07-19T15:51:23.8659968+05:30" testType="13cdc9d9-ddb5-4fa4-a97d-d965ccfc6d4b" outcome="Passed" testListId="8c84fa94-04c1-424b-9868-57a2d4851a1d" relativeResultsDirectory="9dbde271-3d18-4b97-a9c5-53f991cffaac" />
    <UnitTestResult executionId="8a39c646-9aac-41ec-9e70-0898d0f33554" testId="a716168d-d91b-5f0c-aea6-10dcb52933ff" testName="TestMethod708" computerName="SUSALUJ" duration="00:00:00.0000201" startTime="2019-07-19T15:51:23.8479951+05:30" endTime="2019-07-19T15:51:23.8479951+05:30" testType="13cdc9d9-ddb5-4fa4-a97d-d965ccfc6d4b" outcome="Passed" testListId="8c84fa94-04c1-424b-9868-57a2d4851a1d" relativeResultsDirectory="8a39c646-9aac-41ec-9e70-0898d0f33554" />
    <UnitTestResult executionId="0e578636-c01f-45f8-a246-11c59c106075" testId="e204b994-8542-723e-2ecb-f4a2635131f6" testName="TestMethod115" computerName="SUSALUJ" duration="00:00:00.0000194" startTime="2019-07-19T15:51:24.0059963+05:30" endTime="2019-07-19T15:51:24.0059963+05:30" testType="13cdc9d9-ddb5-4fa4-a97d-d965ccfc6d4b" outcome="Passed" testListId="8c84fa94-04c1-424b-9868-57a2d4851a1d" relativeResultsDirectory="0e578636-c01f-45f8-a246-11c59c106075" />
    <UnitTestResult executionId="aa7207f8-43c9-4a14-bf46-8a75dca41bf7" testId="2633d95f-7136-86b5-7f5b-198e049e0830" testName="TestMethod496" computerName="SUSALUJ" duration="00:00:00.0000547" startTime="2019-07-19T15:51:23.9109944+05:30" endTime="2019-07-19T15:51:23.9119960+05:30" testType="13cdc9d9-ddb5-4fa4-a97d-d965ccfc6d4b" outcome="Passed" testListId="8c84fa94-04c1-424b-9868-57a2d4851a1d" relativeResultsDirectory="aa7207f8-43c9-4a14-bf46-8a75dca41bf7" />
    <UnitTestResult executionId="9e425898-a41c-4e5d-8dd3-6f27ee392317" testId="71e43180-9fc8-09e3-4a30-1f1c3dd44699" testName="TestMethod210" computerName="SUSALUJ" duration="00:00:00.0000325" startTime="2019-07-19T15:51:23.9850015+05:30" endTime="2019-07-19T15:51:23.9850015+05:30" testType="13cdc9d9-ddb5-4fa4-a97d-d965ccfc6d4b" outcome="Passed" testListId="8c84fa94-04c1-424b-9868-57a2d4851a1d" relativeResultsDirectory="9e425898-a41c-4e5d-8dd3-6f27ee392317" />
    <UnitTestResult executionId="72fb597a-8f93-4301-afed-25b05e2bb303" testId="2f4e268f-1d7b-cb93-a667-6924f4c56a4a" testName="TestMethod520" computerName="SUSALUJ" duration="00:00:00.0000217" startTime="2019-07-19T15:51:23.8829946+05:30" endTime="2019-07-19T15:51:23.8829946+05:30" testType="13cdc9d9-ddb5-4fa4-a97d-d965ccfc6d4b" outcome="Passed" testListId="8c84fa94-04c1-424b-9868-57a2d4851a1d" relativeResultsDirectory="72fb597a-8f93-4301-afed-25b05e2bb303" />
    <UnitTestResult executionId="51807d4d-0915-4745-b663-0098189be276" testId="38b9ac66-3a52-c107-e4a8-1e404bb2068f" testName="TestMethod0" computerName="SUSALUJ" duration="00:00:00.0959425" startTime="2019-07-19T15:51:24.0239947+05:30" endTime="2019-07-19T15:51:24.1199961+05:30" testType="13cdc9d9-ddb5-4fa4-a97d-d965ccfc6d4b" outcome="Failed" testListId="8c84fa94-04c1-424b-9868-57a2d4851a1d" relativeResultsDirectory="51807d4d-0915-4745-b663-0098189be276">
      <Output>
        <ErrorInfo>
          <Message>Assert.AreEqual failed. Expected:&lt;2&gt;. Actual:&lt;4&gt;. </Message>
          <StackTrace>   at TestProjectWON.UnitTest1.TestMethod0() in C:\agent\_work\8\s\TestProjectWON\UnitTest1.cs:line 13&#xD;
</StackTrace>
        </ErrorInfo>
      </Output>
    </UnitTestResult>
    <UnitTestResult executionId="7ae22837-4655-47ab-9d93-a6707fafeffd" testId="1406500a-04ca-57f0-a5cb-8c6eb46c5bb0" testName="TestMethod924" computerName="SUSALUJ" duration="00:00:00.0000367" startTime="2019-07-19T15:51:23.8129952+05:30" endTime="2019-07-19T15:51:23.8129952+05:30" testType="13cdc9d9-ddb5-4fa4-a97d-d965ccfc6d4b" outcome="Passed" testListId="8c84fa94-04c1-424b-9868-57a2d4851a1d" relativeResultsDirectory="7ae22837-4655-47ab-9d93-a6707fafeffd" />
    <UnitTestResult executionId="2d0038fe-e3d9-436a-b61b-32706a9807db" testId="646c80d4-1e6f-e318-95ec-045cb0052e57" testName="TestMethod406" computerName="SUSALUJ" duration="00:00:00.0000451" startTime="2019-07-19T15:51:23.9339959+05:30" endTime="2019-07-19T15:51:23.9349961+05:30" testType="13cdc9d9-ddb5-4fa4-a97d-d965ccfc6d4b" outcome="Passed" testListId="8c84fa94-04c1-424b-9868-57a2d4851a1d" relativeResultsDirectory="2d0038fe-e3d9-436a-b61b-32706a9807db" />
    <UnitTestResult executionId="b76df5d0-5f07-43f6-a5ad-d4b19d78d558" testId="a6d9dfc6-6817-dcd7-6452-44e3098e1ac7" testName="TestMethod983" computerName="SUSALUJ" duration="00:00:00.0000194" startTime="2019-07-19T15:51:23.7879943+05:30" endTime="2019-07-19T15:51:23.7879943+05:30" testType="13cdc9d9-ddb5-4fa4-a97d-d965ccfc6d4b" outcome="Passed" testListId="8c84fa94-04c1-424b-9868-57a2d4851a1d" relativeResultsDirectory="b76df5d0-5f07-43f6-a5ad-d4b19d78d558" />
    <UnitTestResult executionId="4301b12d-e418-49ee-b544-e7f9423a2fea" testId="47861679-f894-bec9-8662-e7d728bdbcad" testName="TestMethod275" computerName="SUSALUJ" duration="00:00:00.0004941" startTime="2019-07-19T15:51:23.9509963+05:30" endTime="2019-07-19T15:51:23.9519974+05:30" testType="13cdc9d9-ddb5-4fa4-a97d-d965ccfc6d4b" outcome="Passed" testListId="8c84fa94-04c1-424b-9868-57a2d4851a1d" relativeResultsDirectory="4301b12d-e418-49ee-b544-e7f9423a2fea" />
    <UnitTestResult executionId="8b2eb7c1-2951-481a-adc4-725f160ad9f3" testId="8a11aa34-8d16-44d7-ca72-4c2ea9a83fb4" testName="TestMethod887" computerName="SUSALUJ" duration="00:00:00.0000389" startTime="2019-07-19T15:51:23.8039960+05:30" endTime="2019-07-19T15:51:23.8039960+05:30" testType="13cdc9d9-ddb5-4fa4-a97d-d965ccfc6d4b" outcome="Passed" testListId="8c84fa94-04c1-424b-9868-57a2d4851a1d" relativeResultsDirectory="8b2eb7c1-2951-481a-adc4-725f160ad9f3" />
    <UnitTestResult executionId="0e0957a8-f456-4159-8415-7a4f9cef46ed" testId="75672b29-c2e6-e6b5-2b1f-3093819db5a8" testName="TestMethod307" computerName="SUSALUJ" duration="00:00:00.0000345" startTime="2019-07-19T15:51:23.9619979+05:30" endTime="2019-07-19T15:51:23.9619979+05:30" testType="13cdc9d9-ddb5-4fa4-a97d-d965ccfc6d4b" outcome="Passed" testListId="8c84fa94-04c1-424b-9868-57a2d4851a1d" relativeResultsDirectory="0e0957a8-f456-4159-8415-7a4f9cef46ed" />
    <UnitTestResult executionId="a1479384-5880-4a47-a033-a16e88b51ea4" testId="d2bd055b-7295-0586-37a3-7855db628628" testName="TestMethod13" computerName="SUSALUJ" duration="00:00:00.0010018" startTime="2019-07-19T15:51:24.1359949+05:30" endTime="2019-07-19T15:51:24.1369964+05:30" testType="13cdc9d9-ddb5-4fa4-a97d-d965ccfc6d4b" outcome="Failed" testListId="8c84fa94-04c1-424b-9868-57a2d4851a1d" relativeResultsDirectory="a1479384-5880-4a47-a033-a16e88b51ea4">
      <Output>
        <ErrorInfo>
          <Message>Assert.AreEqual failed. Expected:&lt;2&gt;. Actual:&lt;4&gt;. </Message>
          <StackTrace>   at TestProjectWON.UnitTest1.TestMethod13() in C:\agent\_work\8\s\TestProjectWON\UnitTest1.cs:line 78&#xD;
</StackTrace>
        </ErrorInfo>
      </Output>
    </UnitTestResult>
    <UnitTestResult executionId="fe67f719-ff17-4d81-8db8-97da5a58399c" testId="6d66efff-0b26-7f94-11b1-e4e66ca6e844" testName="TestMethod35" computerName="SUSALUJ" duration="00:00:00.0009438" startTime="2019-07-19T15:51:24.1629951+05:30" endTime="2019-07-19T15:51:24.1639963+05:30" testType="13cdc9d9-ddb5-4fa4-a97d-d965ccfc6d4b" outcome="Failed" testListId="8c84fa94-04c1-424b-9868-57a2d4851a1d" relativeResultsDirectory="fe67f719-ff17-4d81-8db8-97da5a58399c">
      <Output>
        <ErrorInfo>
          <Message>Assert.AreEqual failed. Expected:&lt;2&gt;. Actual:&lt;4&gt;. </Message>
          <StackTrace>   at TestProjectWON.UnitTest1.TestMethod35() in C:\agent\_work\8\s\TestProjectWON\UnitTest1.cs:line 188&#xD;
</StackTrace>
        </ErrorInfo>
      </Output>
    </UnitTestResult>
    <UnitTestResult executionId="668927a9-1cae-42f4-9e9a-00cd0d69eccd" testId="6e6dbd3c-3d0c-906f-3c70-2056f7a67b63" testName="TestMethod316" computerName="SUSALUJ" duration="00:00:00.0000711" startTime="2019-07-19T15:51:23.9660024+05:30" endTime="2019-07-19T15:51:23.9660024+05:30" testType="13cdc9d9-ddb5-4fa4-a97d-d965ccfc6d4b" outcome="Passed" testListId="8c84fa94-04c1-424b-9868-57a2d4851a1d" relativeResultsDirectory="668927a9-1cae-42f4-9e9a-00cd0d69eccd" />
    <UnitTestResult executionId="7b395ce6-4544-4674-8f4e-4ff81b8b5bb6" testId="5ca335a4-1c06-7672-db8c-7ad200989c3c" testName="TestMethod512" computerName="SUSALUJ" duration="00:00:00.0000323" startTime="2019-07-19T15:51:23.8749954+05:30" endTime="2019-07-19T15:51:23.8749954+05:30" testType="13cdc9d9-ddb5-4fa4-a97d-d965ccfc6d4b" outcome="Passed" testListId="8c84fa94-04c1-424b-9868-57a2d4851a1d" relativeResultsDirectory="7b395ce6-4544-4674-8f4e-4ff81b8b5bb6" />
    <UnitTestResult executionId="2fffb4e4-7159-4208-a978-b232ad070692" testId="a18b5cb4-9266-5738-f79f-2fb24179d161" testName="TestMethod460" computerName="SUSALUJ" duration="00:00:00.0000325" startTime="2019-07-19T15:51:23.9029933+05:30" endTime="2019-07-19T15:51:23.9029933+05:30" testType="13cdc9d9-ddb5-4fa4-a97d-d965ccfc6d4b" outcome="Passed" testListId="8c84fa94-04c1-424b-9868-57a2d4851a1d" relativeResultsDirectory="2fffb4e4-7159-4208-a978-b232ad070692" />
    <UnitTestResult executionId="0146ea68-509f-4ba5-8b29-aea633600f74" testId="73b680b6-4651-48a5-18e1-a991cb04485e" testName="TestMethod649" computerName="SUSALUJ" duration="00:00:00.0000201" startTime="2019-07-19T15:51:23.8689957+05:30" endTime="2019-07-19T15:51:23.8689957+05:30" testType="13cdc9d9-ddb5-4fa4-a97d-d965ccfc6d4b" outcome="Passed" testListId="8c84fa94-04c1-424b-9868-57a2d4851a1d" relativeResultsDirectory="0146ea68-509f-4ba5-8b29-aea633600f74" />
    <UnitTestResult executionId="c1af52c7-0797-47d4-b4b9-f4f42cadab7a" testId="1d1a394f-5626-77b1-4bb7-0f591f7965c5" testName="TestMethod402" computerName="SUSALUJ" duration="00:00:00.0000307" startTime="2019-07-19T15:51:23.9339959+05:30" endTime="2019-07-19T15:51:23.9339959+05:30" testType="13cdc9d9-ddb5-4fa4-a97d-d965ccfc6d4b" outcome="Passed" testListId="8c84fa94-04c1-424b-9868-57a2d4851a1d" relativeResultsDirectory="c1af52c7-0797-47d4-b4b9-f4f42cadab7a" />
    <UnitTestResult executionId="62bbeecd-d98e-49b0-af6e-44bd4bf36e75" testId="1b9405bc-4741-b9e0-7588-fbe107617d09" testName="TestMethod689" computerName="SUSALUJ" duration="00:00:00.0000215" startTime="2019-07-19T15:51:23.8429945+05:30" endTime="2019-07-19T15:51:23.8429945+05:30" testType="13cdc9d9-ddb5-4fa4-a97d-d965ccfc6d4b" outcome="Passed" testListId="8c84fa94-04c1-424b-9868-57a2d4851a1d" relativeResultsDirectory="62bbeecd-d98e-49b0-af6e-44bd4bf36e75" />
    <UnitTestResult executionId="627c41fc-3b2a-43b4-affa-9615fa23eb53" testId="9b31f701-8322-5e52-2f1d-873773ad71b1" testName="TestMethod947" computerName="SUSALUJ" duration="00:00:00.0000367" startTime="2019-07-19T15:51:23.7809933+05:30" endTime="2019-07-19T15:51:23.7809933+05:30" testType="13cdc9d9-ddb5-4fa4-a97d-d965ccfc6d4b" outcome="Passed" testListId="8c84fa94-04c1-424b-9868-57a2d4851a1d" relativeResultsDirectory="627c41fc-3b2a-43b4-affa-9615fa23eb53" />
    <UnitTestResult executionId="cb21b694-2bf4-40ef-a079-4c045f7bd576" testId="972b6902-070e-93e6-0c8a-7631c394a35a" testName="TestMethod471" computerName="SUSALUJ" duration="00:00:00.0000219" startTime="2019-07-19T15:51:23.9059938+05:30" endTime="2019-07-19T15:51:23.9059938+05:30" testType="13cdc9d9-ddb5-4fa4-a97d-d965ccfc6d4b" outcome="Passed" testListId="8c84fa94-04c1-424b-9868-57a2d4851a1d" relativeResultsDirectory="cb21b694-2bf4-40ef-a079-4c045f7bd576" />
    <UnitTestResult executionId="9a336677-871e-4433-858d-59ad2e3e01a9" testId="c645270a-0325-f6e0-9b6a-41655fc7fd00" testName="TestMethod213" computerName="SUSALUJ" duration="00:00:00.0000316" startTime="2019-07-19T15:51:23.9859965+05:30" endTime="2019-07-19T15:51:23.9859965+05:30" testType="13cdc9d9-ddb5-4fa4-a97d-d965ccfc6d4b" outcome="Passed" testListId="8c84fa94-04c1-424b-9868-57a2d4851a1d" relativeResultsDirectory="9a336677-871e-4433-858d-59ad2e3e01a9" />
    <UnitTestResult executionId="80da231b-879c-4a3e-916e-68203c02e660" testId="7a85750e-bcda-5c54-4171-18d39889e869" testName="TestMethod586" computerName="SUSALUJ" duration="00:00:00.0000274" startTime="2019-07-19T15:51:23.8939936+05:30" endTime="2019-07-19T15:51:23.8949967+05:30" testType="13cdc9d9-ddb5-4fa4-a97d-d965ccfc6d4b" outcome="Passed" testListId="8c84fa94-04c1-424b-9868-57a2d4851a1d" relativeResultsDirectory="80da231b-879c-4a3e-916e-68203c02e660" />
    <UnitTestResult executionId="02181445-21dd-42e7-91b3-9f0d58581e6d" testId="65a41a0b-ed85-5d43-490f-576e9bbdf250" testName="TestMethod86" computerName="SUSALUJ" duration="00:00:00.0000286" startTime="2019-07-19T15:51:23.9989938+05:30" endTime="2019-07-19T15:51:23.9989938+05:30" testType="13cdc9d9-ddb5-4fa4-a97d-d965ccfc6d4b" outcome="Passed" testListId="8c84fa94-04c1-424b-9868-57a2d4851a1d" relativeResultsDirectory="02181445-21dd-42e7-91b3-9f0d58581e6d" />
    <UnitTestResult executionId="373e2c87-4f9c-48e2-887b-7efee4694a7d" testId="dc0da883-7e82-e161-d8b6-abe7e6a478d5" testName="TestMethod114" computerName="SUSALUJ" duration="00:00:00.0000218" startTime="2019-07-19T15:51:24.0059963+05:30" endTime="2019-07-19T15:51:24.0059963+05:30" testType="13cdc9d9-ddb5-4fa4-a97d-d965ccfc6d4b" outcome="Passed" testListId="8c84fa94-04c1-424b-9868-57a2d4851a1d" relativeResultsDirectory="373e2c87-4f9c-48e2-887b-7efee4694a7d" />
    <UnitTestResult executionId="a90a467e-ef99-47e7-b796-81fe826adcc2" testId="d89c6599-3f07-b118-70b6-c1489cc0b9c3" testName="TestMethod259" computerName="SUSALUJ" duration="00:00:00.0000539" startTime="2019-07-19T15:51:23.9469975+05:30" endTime="2019-07-19T15:51:23.9469975+05:30" testType="13cdc9d9-ddb5-4fa4-a97d-d965ccfc6d4b" outcome="Passed" testListId="8c84fa94-04c1-424b-9868-57a2d4851a1d" relativeResultsDirectory="a90a467e-ef99-47e7-b796-81fe826adcc2" />
    <UnitTestResult executionId="cb497af7-5988-4cb9-9d35-bfcce1028611" testId="8ee528f4-ebe5-6d3f-e1f3-4d2b1e1cde4f" testName="TestMethod308" computerName="SUSALUJ" duration="00:00:00.0005907" startTime="2019-07-19T15:51:23.9619979+05:30" endTime="2019-07-19T15:51:23.9630008+05:30" testType="13cdc9d9-ddb5-4fa4-a97d-d965ccfc6d4b" outcome="Passed" testListId="8c84fa94-04c1-424b-9868-57a2d4851a1d" relativeResultsDirectory="cb497af7-5988-4cb9-9d35-bfcce1028611" />
    <UnitTestResult executionId="ccf66519-0cc3-4396-b45d-cb4f424bf6ff" testId="48b9364a-166a-d450-57f5-c643897234ab" testName="TestMethod627" computerName="SUSALUJ" duration="00:00:00.0000298" startTime="2019-07-19T15:51:23.8649950+05:30" endTime="2019-07-19T15:51:23.8649950+05:30" testType="13cdc9d9-ddb5-4fa4-a97d-d965ccfc6d4b" outcome="Passed" testListId="8c84fa94-04c1-424b-9868-57a2d4851a1d" relativeResultsDirectory="ccf66519-0cc3-4396-b45d-cb4f424bf6ff" />
    <UnitTestResult executionId="0db3eb9e-a644-4c28-8d41-17fbdef86fac" testId="7ce30dfb-2211-8640-4a16-31e97becf323" testName="TestMethod526" computerName="SUSALUJ" duration="00:00:00.0000200" startTime="2019-07-19T15:51:23.8839976+05:30" endTime="2019-07-19T15:51:23.8839976+05:30" testType="13cdc9d9-ddb5-4fa4-a97d-d965ccfc6d4b" outcome="Passed" testListId="8c84fa94-04c1-424b-9868-57a2d4851a1d" relativeResultsDirectory="0db3eb9e-a644-4c28-8d41-17fbdef86fac" />
    <UnitTestResult executionId="842911bc-cf9d-4652-a0e4-0f6809ff34b5" testId="4f1f47b0-26b2-1979-634e-f8f9191ffc10" testName="TestMethod245" computerName="SUSALUJ" duration="00:00:00.0000409" startTime="2019-07-19T15:51:23.9959979+05:30" endTime="2019-07-19T15:51:23.9959979+05:30" testType="13cdc9d9-ddb5-4fa4-a97d-d965ccfc6d4b" outcome="Passed" testListId="8c84fa94-04c1-424b-9868-57a2d4851a1d" relativeResultsDirectory="842911bc-cf9d-4652-a0e4-0f6809ff34b5" />
    <UnitTestResult executionId="5f621cc1-c0b7-4139-93b8-1627ad051d44" testId="20dbd912-096c-3aa3-617e-1c1d4a8a8c21" testName="TestMethod521" computerName="SUSALUJ" duration="00:00:00.0000201" startTime="2019-07-19T15:51:23.8829946+05:30" endTime="2019-07-19T15:51:23.8829946+05:30" testType="13cdc9d9-ddb5-4fa4-a97d-d965ccfc6d4b" outcome="Passed" testListId="8c84fa94-04c1-424b-9868-57a2d4851a1d" relativeResultsDirectory="5f621cc1-c0b7-4139-93b8-1627ad051d44" />
    <UnitTestResult executionId="ac34ea42-9c15-4e16-b288-4586c986cf7e" testId="6da635f8-8416-7b4b-0360-189b8dec9d63" testName="TestMethod867" computerName="SUSALUJ" duration="00:00:00.0000548" startTime="2019-07-19T15:51:23.7979963+05:30" endTime="2019-07-19T15:51:23.7979963+05:30" testType="13cdc9d9-ddb5-4fa4-a97d-d965ccfc6d4b" outcome="Passed" testListId="8c84fa94-04c1-424b-9868-57a2d4851a1d" relativeResultsDirectory="ac34ea42-9c15-4e16-b288-4586c986cf7e" />
    <UnitTestResult executionId="3745c310-9f91-4672-bb18-3b08b894efc7" testId="34eac8a9-eb9f-899c-54cc-01d053a5025d" testName="TestMethod580" computerName="SUSALUJ" duration="00:00:00.0000211" startTime="2019-07-19T15:51:23.8929941+05:30" endTime="2019-07-19T15:51:23.8929941+05:30" testType="13cdc9d9-ddb5-4fa4-a97d-d965ccfc6d4b" outcome="Passed" testListId="8c84fa94-04c1-424b-9868-57a2d4851a1d" relativeResultsDirectory="3745c310-9f91-4672-bb18-3b08b894efc7" />
    <UnitTestResult executionId="5c4ccad9-3a0d-4cd3-973d-79b60b95e17c" testId="0669e006-fd4c-cdc1-0dc3-ab7b15b82e40" testName="TestMethod667" computerName="SUSALUJ" duration="00:00:00.0000251" startTime="2019-07-19T15:51:23.8719952+05:30" endTime="2019-07-19T15:51:23.8719952+05:30" testType="13cdc9d9-ddb5-4fa4-a97d-d965ccfc6d4b" outcome="Passed" testListId="8c84fa94-04c1-424b-9868-57a2d4851a1d" relativeResultsDirectory="5c4ccad9-3a0d-4cd3-973d-79b60b95e17c" />
    <UnitTestResult executionId="62171790-be48-4375-939e-cd486534cb0a" testId="b9f1949e-6005-8b38-5aad-734ff60f7a1c" testName="TestMethod878" computerName="SUSALUJ" duration="00:00:00.0000322" startTime="2019-07-19T15:51:23.8009947+05:30" endTime="2019-07-19T15:51:23.8009947+05:30" testType="13cdc9d9-ddb5-4fa4-a97d-d965ccfc6d4b" outcome="Passed" testListId="8c84fa94-04c1-424b-9868-57a2d4851a1d" relativeResultsDirectory="62171790-be48-4375-939e-cd486534cb0a" />
    <UnitTestResult executionId="243da6d3-e994-4c8f-a8c3-ecf704139607" testId="31e79aa8-bd1c-29aa-7f6a-8ecee2b21c3f" testName="TestMethod377" computerName="SUSALUJ" duration="00:00:00.0000437" startTime="2019-07-19T15:51:23.9249946+05:30" endTime="2019-07-19T15:51:23.9249946+05:30" testType="13cdc9d9-ddb5-4fa4-a97d-d965ccfc6d4b" outcome="Passed" testListId="8c84fa94-04c1-424b-9868-57a2d4851a1d" relativeResultsDirectory="243da6d3-e994-4c8f-a8c3-ecf704139607" />
    <UnitTestResult executionId="4073fa72-10e0-4820-a184-c2e39b1e97c1" testId="c95e9ddb-a6a6-1d80-1dd1-cce37ce3dde2" testName="TestMethod646" computerName="SUSALUJ" duration="00:00:00.0000307" startTime="2019-07-19T15:51:23.8679961+05:30" endTime="2019-07-19T15:51:23.8679961+05:30" testType="13cdc9d9-ddb5-4fa4-a97d-d965ccfc6d4b" outcome="Passed" testListId="8c84fa94-04c1-424b-9868-57a2d4851a1d" relativeResultsDirectory="4073fa72-10e0-4820-a184-c2e39b1e97c1" />
    <UnitTestResult executionId="a29b4c11-9619-4899-a66c-be6e08b7878c" testId="164f4c8e-81cc-4a2e-4c6f-0c91ccec14ab" testName="TestMethod748" computerName="SUSALUJ" duration="00:00:00.0000213" startTime="2019-07-19T15:51:23.8549939+05:30" endTime="2019-07-19T15:51:23.8549939+05:30" testType="13cdc9d9-ddb5-4fa4-a97d-d965ccfc6d4b" outcome="Passed" testListId="8c84fa94-04c1-424b-9868-57a2d4851a1d" relativeResultsDirectory="a29b4c11-9619-4899-a66c-be6e08b7878c" />
    <UnitTestResult executionId="679a5857-bd01-4a40-a21a-e0b9f45811aa" testId="2a1b2d09-aa49-1747-aa14-324838e92e77" testName="TestMethod698" computerName="SUSALUJ" duration="00:00:00.0000273" startTime="2019-07-19T15:51:23.8459957+05:30" endTime="2019-07-19T15:51:23.8459957+05:30" testType="13cdc9d9-ddb5-4fa4-a97d-d965ccfc6d4b" outcome="Passed" testListId="8c84fa94-04c1-424b-9868-57a2d4851a1d" relativeResultsDirectory="679a5857-bd01-4a40-a21a-e0b9f45811aa" />
    <UnitTestResult executionId="a7813145-8e28-45ee-928d-0c6a5b2f45d1" testId="f40ea688-42cc-2a10-7097-ce92bfa5b964" testName="TestMethod548" computerName="SUSALUJ" duration="00:00:00.0000207" startTime="2019-07-19T15:51:23.8879945+05:30" endTime="2019-07-19T15:51:23.8879945+05:30" testType="13cdc9d9-ddb5-4fa4-a97d-d965ccfc6d4b" outcome="Passed" testListId="8c84fa94-04c1-424b-9868-57a2d4851a1d" relativeResultsDirectory="a7813145-8e28-45ee-928d-0c6a5b2f45d1" />
    <UnitTestResult executionId="a42be58e-d892-412d-b379-7babbdedbdba" testId="af8395b7-893f-6530-0c75-18ea7b0cb16b" testName="TestMethod567" computerName="SUSALUJ" duration="00:00:00.0000203" startTime="2019-07-19T15:51:23.8909958+05:30" endTime="2019-07-19T15:51:23.8909958+05:30" testType="13cdc9d9-ddb5-4fa4-a97d-d965ccfc6d4b" outcome="Passed" testListId="8c84fa94-04c1-424b-9868-57a2d4851a1d" relativeResultsDirectory="a42be58e-d892-412d-b379-7babbdedbdba" />
    <UnitTestResult executionId="432d9ddf-9b88-41b3-9896-731e4398cb89" testId="10ff86b2-14d9-a1b5-59f4-0ee4f986469f" testName="TestMethod792" computerName="SUSALUJ" duration="00:00:00.0000229" startTime="2019-07-19T15:51:23.8229982+05:30" endTime="2019-07-19T15:51:23.8229982+05:30" testType="13cdc9d9-ddb5-4fa4-a97d-d965ccfc6d4b" outcome="Passed" testListId="8c84fa94-04c1-424b-9868-57a2d4851a1d" relativeResultsDirectory="432d9ddf-9b88-41b3-9896-731e4398cb89" />
    <UnitTestResult executionId="2bbc96f6-1595-436d-b856-c370b842630f" testId="e83978ed-e54b-923e-a202-4eab87422a17" testName="TestMethod28" computerName="SUSALUJ" duration="00:00:00.0014149" startTime="2019-07-19T15:51:24.1549959+05:30" endTime="2019-07-19T15:51:24.1569984+05:30" testType="13cdc9d9-ddb5-4fa4-a97d-d965ccfc6d4b" outcome="Failed" testListId="8c84fa94-04c1-424b-9868-57a2d4851a1d" relativeResultsDirectory="2bbc96f6-1595-436d-b856-c370b842630f">
      <Output>
        <ErrorInfo>
          <Message>Assert.AreEqual failed. Expected:&lt;2&gt;. Actual:&lt;4&gt;. </Message>
          <StackTrace>   at TestProjectWON.UnitTest1.TestMethod28() in C:\agent\_work\8\s\TestProjectWON\UnitTest1.cs:line 153&#xD;
</StackTrace>
        </ErrorInfo>
      </Output>
    </UnitTestResult>
    <UnitTestResult executionId="da39f2cc-c58e-460b-a0b4-5fdc099f0de5" testId="1de7457f-b5a2-1f57-0603-f569ba66865a" testName="TestMethod63" computerName="SUSALUJ" duration="00:00:00.0000205" startTime="2019-07-19T15:51:24.1819942+05:30" endTime="2019-07-19T15:51:24.1819942+05:30" testType="13cdc9d9-ddb5-4fa4-a97d-d965ccfc6d4b" outcome="Passed" testListId="8c84fa94-04c1-424b-9868-57a2d4851a1d" relativeResultsDirectory="da39f2cc-c58e-460b-a0b4-5fdc099f0de5" />
    <UnitTestResult executionId="b5104406-7b3a-4c2a-a056-8201d83ebc36" testId="03237757-b415-0fd0-975e-8617562fdc38" testName="TestMethod528" computerName="SUSALUJ" duration="00:00:00.0000279" startTime="2019-07-19T15:51:23.8839976+05:30" endTime="2019-07-19T15:51:23.8849946+05:30" testType="13cdc9d9-ddb5-4fa4-a97d-d965ccfc6d4b" outcome="Passed" testListId="8c84fa94-04c1-424b-9868-57a2d4851a1d" relativeResultsDirectory="b5104406-7b3a-4c2a-a056-8201d83ebc36" />
    <UnitTestResult executionId="1658d11a-6948-4c3c-b3fa-57381c1ed5fe" testId="8e3a26c6-55d2-cad9-a396-3137adf626b1" testName="TestMethod545" computerName="SUSALUJ" duration="00:00:00.0000192" startTime="2019-07-19T15:51:23.8869948+05:30" endTime="2019-07-19T15:51:23.8869948+05:30" testType="13cdc9d9-ddb5-4fa4-a97d-d965ccfc6d4b" outcome="Passed" testListId="8c84fa94-04c1-424b-9868-57a2d4851a1d" relativeResultsDirectory="1658d11a-6948-4c3c-b3fa-57381c1ed5fe" />
    <UnitTestResult executionId="16f63fec-4f1b-4847-8c84-40f5e7e466f6" testId="67beb0a5-9a00-f41f-5cc7-9b2212ae231b" testName="TestMethod327" computerName="SUSALUJ" duration="00:00:00.0000291" startTime="2019-07-19T15:51:23.9689985+05:30" endTime="2019-07-19T15:51:23.9699957+05:30" testType="13cdc9d9-ddb5-4fa4-a97d-d965ccfc6d4b" outcome="Passed" testListId="8c84fa94-04c1-424b-9868-57a2d4851a1d" relativeResultsDirectory="16f63fec-4f1b-4847-8c84-40f5e7e466f6" />
    <UnitTestResult executionId="dd8ac8a8-b927-45d6-b63d-b10d8f8bc48b" testId="255f854d-5b78-3942-dbc3-8c841af0d680" testName="TestMethod263" computerName="SUSALUJ" duration="00:00:00.0000302" startTime="2019-07-19T15:51:23.9479965+05:30" endTime="2019-07-19T15:51:23.9479965+05:30" testType="13cdc9d9-ddb5-4fa4-a97d-d965ccfc6d4b" outcome="Passed" testListId="8c84fa94-04c1-424b-9868-57a2d4851a1d" relativeResultsDirectory="dd8ac8a8-b927-45d6-b63d-b10d8f8bc48b" />
    <UnitTestResult executionId="fb2b26b6-60ef-4aff-bf8b-0d8e1794f1e8" testId="edfa3e65-6a70-231c-e123-01e80ac96733" testName="TestMethod260" computerName="SUSALUJ" duration="00:00:00.0000336" startTime="2019-07-19T15:51:23.9469975+05:30" endTime="2019-07-19T15:51:23.9479965+05:30" testType="13cdc9d9-ddb5-4fa4-a97d-d965ccfc6d4b" outcome="Passed" testListId="8c84fa94-04c1-424b-9868-57a2d4851a1d" relativeResultsDirectory="fb2b26b6-60ef-4aff-bf8b-0d8e1794f1e8" />
    <UnitTestResult executionId="697a68f3-1538-48b2-8ffd-50e399976a8c" testId="bb86d2cd-8588-bac1-51d5-80fcce3fb41a" testName="TestMethod858" computerName="SUSALUJ" duration="00:00:00.0000701" startTime="2019-07-19T15:51:23.7949944+05:30" endTime="2019-07-19T15:51:23.7949944+05:30" testType="13cdc9d9-ddb5-4fa4-a97d-d965ccfc6d4b" outcome="Passed" testListId="8c84fa94-04c1-424b-9868-57a2d4851a1d" relativeResultsDirectory="697a68f3-1538-48b2-8ffd-50e399976a8c" />
    <UnitTestResult executionId="b8fbfa2c-0788-43cc-815b-9b32ec147483" testId="8b6a8635-97ab-288f-6872-7cfdd4883d45" testName="TestMethod927" computerName="SUSALUJ" duration="00:00:00.0000366" startTime="2019-07-19T15:51:23.8129952+05:30" endTime="2019-07-19T15:51:23.8129952+05:30" testType="13cdc9d9-ddb5-4fa4-a97d-d965ccfc6d4b" outcome="Passed" testListId="8c84fa94-04c1-424b-9868-57a2d4851a1d" relativeResultsDirectory="b8fbfa2c-0788-43cc-815b-9b32ec147483" />
    <UnitTestResult executionId="d8bf57c5-17cb-4c95-90dd-6116e194feb0" testId="e2f3d818-d409-16eb-2ee8-b5371bac1d3a" testName="TestMethod544" computerName="SUSALUJ" duration="00:00:00.0000189" startTime="2019-07-19T15:51:23.8869948+05:30" endTime="2019-07-19T15:51:23.8869948+05:30" testType="13cdc9d9-ddb5-4fa4-a97d-d965ccfc6d4b" outcome="Passed" testListId="8c84fa94-04c1-424b-9868-57a2d4851a1d" relativeResultsDirectory="d8bf57c5-17cb-4c95-90dd-6116e194feb0" />
    <UnitTestResult executionId="55871919-5847-48f7-b8c1-3ed968f646ab" testId="a33958a2-0607-6a6b-b983-bf2c005e35ff" testName="TestMethod49" computerName="SUSALUJ" duration="00:00:00.0009489" startTime="2019-07-19T15:51:24.1789971+05:30" endTime="2019-07-19T15:51:24.1799976+05:30" testType="13cdc9d9-ddb5-4fa4-a97d-d965ccfc6d4b" outcome="Failed" testListId="8c84fa94-04c1-424b-9868-57a2d4851a1d" relativeResultsDirectory="55871919-5847-48f7-b8c1-3ed968f646ab">
      <Output>
        <ErrorInfo>
          <Message>Assert.AreEqual failed. Expected:&lt;2&gt;. Actual:&lt;4&gt;. </Message>
          <StackTrace>   at TestProjectWON.UnitTest1.TestMethod49() in C:\agent\_work\8\s\TestProjectWON\UnitTest1.cs:line 258&#xD;
</StackTrace>
        </ErrorInfo>
      </Output>
    </UnitTestResult>
    <UnitTestResult executionId="0c90d0b6-ba7a-402f-9945-417fc6df5197" testId="cbdef425-9358-5d90-4cf6-343384677bd3" testName="TestMethod865" computerName="SUSALUJ" duration="00:00:00.0000639" startTime="2019-07-19T15:51:23.7969947+05:30" endTime="2019-07-19T15:51:23.7969947+05:30" testType="13cdc9d9-ddb5-4fa4-a97d-d965ccfc6d4b" outcome="Passed" testListId="8c84fa94-04c1-424b-9868-57a2d4851a1d" relativeResultsDirectory="0c90d0b6-ba7a-402f-9945-417fc6df5197" />
    <UnitTestResult executionId="dab373dc-58f2-41bd-8502-dba735757900" testId="e6d12863-d67d-d92b-fed4-d345ae506505" testName="TestMethod987" computerName="SUSALUJ" duration="00:00:00.0000299" startTime="2019-07-19T15:51:23.7889948+05:30" endTime="2019-07-19T15:51:23.7889948+05:30" testType="13cdc9d9-ddb5-4fa4-a97d-d965ccfc6d4b" outcome="Passed" testListId="8c84fa94-04c1-424b-9868-57a2d4851a1d" relativeResultsDirectory="dab373dc-58f2-41bd-8502-dba735757900" />
    <UnitTestResult executionId="6c4fb8b7-4b4f-4b16-a179-c755f3680b59" testId="bb4c3db3-78fd-98b5-aac1-0d6148da10da" testName="TestMethod104" computerName="SUSALUJ" duration="00:00:00.0000239" startTime="2019-07-19T15:51:24.0039963+05:30" endTime="2019-07-19T15:51:24.0039963+05:30" testType="13cdc9d9-ddb5-4fa4-a97d-d965ccfc6d4b" outcome="Passed" testListId="8c84fa94-04c1-424b-9868-57a2d4851a1d" relativeResultsDirectory="6c4fb8b7-4b4f-4b16-a179-c755f3680b59" />
    <UnitTestResult executionId="5c62ea91-5537-41ac-97f9-c661f9a92339" testId="448750a7-727a-5951-0133-3dde033397df" testName="TestMethod940" computerName="SUSALUJ" duration="00:00:00.0000456" startTime="2019-07-19T15:51:23.7759951+05:30" endTime="2019-07-19T15:51:23.7759951+05:30" testType="13cdc9d9-ddb5-4fa4-a97d-d965ccfc6d4b" outcome="Passed" testListId="8c84fa94-04c1-424b-9868-57a2d4851a1d" relativeResultsDirectory="5c62ea91-5537-41ac-97f9-c661f9a92339" />
    <UnitTestResult executionId="8ee57485-bdb4-4846-8b0f-fbf428d9e0c6" testId="e7f3bc38-2952-992f-f26c-f614b94d4900" testName="TestMethod52" computerName="SUSALUJ" duration="00:00:00.0000222" startTime="2019-07-19T15:51:24.1799976+05:30" endTime="2019-07-19T15:51:24.1809961+05:30" testType="13cdc9d9-ddb5-4fa4-a97d-d965ccfc6d4b" outcome="Passed" testListId="8c84fa94-04c1-424b-9868-57a2d4851a1d" relativeResultsDirectory="8ee57485-bdb4-4846-8b0f-fbf428d9e0c6" />
    <UnitTestResult executionId="02d6c819-e38b-4366-a6e9-1da5e12bbd70" testId="ccdbf728-3666-1369-5630-cac7c9ba6732" testName="TestMethod498" computerName="SUSALUJ" duration="00:00:00.0000244" startTime="2019-07-19T15:51:23.9119960+05:30" endTime="2019-07-19T15:51:23.9119960+05:30" testType="13cdc9d9-ddb5-4fa4-a97d-d965ccfc6d4b" outcome="Passed" testListId="8c84fa94-04c1-424b-9868-57a2d4851a1d" relativeResultsDirectory="02d6c819-e38b-4366-a6e9-1da5e12bbd70" />
    <UnitTestResult executionId="634844df-5187-438f-b1ea-c04129f4fed1" testId="be6cfbcd-fd17-0ef0-41e0-69cc79bb01b4" testName="TestMethod310" computerName="SUSALUJ" duration="00:00:00.0000540" startTime="2019-07-19T15:51:23.9639978+05:30" endTime="2019-07-19T15:51:23.9639978+05:30" testType="13cdc9d9-ddb5-4fa4-a97d-d965ccfc6d4b" outcome="Passed" testListId="8c84fa94-04c1-424b-9868-57a2d4851a1d" relativeResultsDirectory="634844df-5187-438f-b1ea-c04129f4fed1" />
    <UnitTestResult executionId="d86d0081-82d8-4a98-8ee4-d9657b0f6a17" testId="436ed558-28a7-09fa-f524-ca2806b39a9f" testName="TestMethod404" computerName="SUSALUJ" duration="00:00:00.0000276" startTime="2019-07-19T15:51:23.9339959+05:30" endTime="2019-07-19T15:51:23.9339959+05:30" testType="13cdc9d9-ddb5-4fa4-a97d-d965ccfc6d4b" outcome="Passed" testListId="8c84fa94-04c1-424b-9868-57a2d4851a1d" relativeResultsDirectory="d86d0081-82d8-4a98-8ee4-d9657b0f6a17" />
    <UnitTestResult executionId="79d257f6-de1e-47e8-a3b8-13e5c9ba3c6e" testId="013564de-304c-9e60-47bd-81f0113a3344" testName="TestMethod724" computerName="SUSALUJ" duration="00:00:00.0000255" startTime="2019-07-19T15:51:23.8509950+05:30" endTime="2019-07-19T15:51:23.8509950+05:30" testType="13cdc9d9-ddb5-4fa4-a97d-d965ccfc6d4b" outcome="Passed" testListId="8c84fa94-04c1-424b-9868-57a2d4851a1d" relativeResultsDirectory="79d257f6-de1e-47e8-a3b8-13e5c9ba3c6e" />
    <UnitTestResult executionId="80dab10e-a223-4d77-abe3-cc35cabc19e3" testId="083a62a8-ded7-fdce-514a-e35ef5ee70ad" testName="TestMethod739" computerName="SUSALUJ" duration="00:00:00.0000202" startTime="2019-07-19T15:51:23.8539946+05:30" endTime="2019-07-19T15:51:23.8539946+05:30" testType="13cdc9d9-ddb5-4fa4-a97d-d965ccfc6d4b" outcome="Passed" testListId="8c84fa94-04c1-424b-9868-57a2d4851a1d" relativeResultsDirectory="80dab10e-a223-4d77-abe3-cc35cabc19e3" />
    <UnitTestResult executionId="8341053c-0397-4688-9141-eab73c408f45" testId="276bb85b-f75d-0230-e032-68ecfef53348" testName="TestMethod596" computerName="SUSALUJ" duration="00:00:00.0000204" startTime="2019-07-19T15:51:23.8579946+05:30" endTime="2019-07-19T15:51:23.8579946+05:30" testType="13cdc9d9-ddb5-4fa4-a97d-d965ccfc6d4b" outcome="Passed" testListId="8c84fa94-04c1-424b-9868-57a2d4851a1d" relativeResultsDirectory="8341053c-0397-4688-9141-eab73c408f45" />
    <UnitTestResult executionId="2d55ff8d-4b8e-4286-b88a-e1cc06ea29d3" testId="2759ae23-e9e8-858b-c5ed-2e9bbdc77c87" testName="TestMethod371" computerName="SUSALUJ" duration="00:00:00.0000337" startTime="2019-07-19T15:51:23.9239979+05:30" endTime="2019-07-19T15:51:23.9239979+05:30" testType="13cdc9d9-ddb5-4fa4-a97d-d965ccfc6d4b" outcome="Passed" testListId="8c84fa94-04c1-424b-9868-57a2d4851a1d" relativeResultsDirectory="2d55ff8d-4b8e-4286-b88a-e1cc06ea29d3" />
    <UnitTestResult executionId="2c2d1e9b-6de6-4cee-92c6-bcaee9cdbbe5" testId="9e64b04f-cef8-a6a4-2a7a-4f3ba5bacb2c" testName="TestMethod609" computerName="SUSALUJ" duration="00:00:00.0000319" startTime="2019-07-19T15:51:23.8599940+05:30" endTime="2019-07-19T15:51:23.8599940+05:30" testType="13cdc9d9-ddb5-4fa4-a97d-d965ccfc6d4b" outcome="Passed" testListId="8c84fa94-04c1-424b-9868-57a2d4851a1d" relativeResultsDirectory="2c2d1e9b-6de6-4cee-92c6-bcaee9cdbbe5" />
    <UnitTestResult executionId="1a4fab73-60c7-4709-b9a9-7f405d666fea" testId="d7e2debf-e9dd-4241-4ce7-bdb6d6274785" testName="TestMethod759" computerName="SUSALUJ" duration="00:00:00.0000198" startTime="2019-07-19T15:51:23.8569938+05:30" endTime="2019-07-19T15:51:23.8569938+05:30" testType="13cdc9d9-ddb5-4fa4-a97d-d965ccfc6d4b" outcome="Passed" testListId="8c84fa94-04c1-424b-9868-57a2d4851a1d" relativeResultsDirectory="1a4fab73-60c7-4709-b9a9-7f405d666fea" />
    <UnitTestResult executionId="c86f8e2a-ff0c-48e8-a185-bd44490039e3" testId="40323834-1340-232d-a8df-bda421752c32" testName="TestMethod941" computerName="SUSALUJ" duration="00:00:00.0000349" startTime="2019-07-19T15:51:23.7759951+05:30" endTime="2019-07-19T15:51:23.7759951+05:30" testType="13cdc9d9-ddb5-4fa4-a97d-d965ccfc6d4b" outcome="Passed" testListId="8c84fa94-04c1-424b-9868-57a2d4851a1d" relativeResultsDirectory="c86f8e2a-ff0c-48e8-a185-bd44490039e3" />
    <UnitTestResult executionId="8aee699d-90a7-4dbc-bfba-ddf7c24d9b2a" testId="9e5a279b-b204-4074-d4ac-7c9708d47756" testName="TestMethod389" computerName="SUSALUJ" duration="00:00:00.0000464" startTime="2019-07-19T15:51:23.9279990+05:30" endTime="2019-07-19T15:51:23.9290013+05:30" testType="13cdc9d9-ddb5-4fa4-a97d-d965ccfc6d4b" outcome="Passed" testListId="8c84fa94-04c1-424b-9868-57a2d4851a1d" relativeResultsDirectory="8aee699d-90a7-4dbc-bfba-ddf7c24d9b2a" />
    <UnitTestResult executionId="2d976e3f-74af-400d-8115-d8af9730f629" testId="83479372-ac22-3102-64a3-5de7bde0b436" testName="TestMethod432" computerName="SUSALUJ" duration="00:00:00.0000363" startTime="2019-07-19T15:51:23.8969966+05:30" endTime="2019-07-19T15:51:23.8979961+05:30" testType="13cdc9d9-ddb5-4fa4-a97d-d965ccfc6d4b" outcome="Passed" testListId="8c84fa94-04c1-424b-9868-57a2d4851a1d" relativeResultsDirectory="2d976e3f-74af-400d-8115-d8af9730f629" />
    <UnitTestResult executionId="6c45ac22-7e69-4739-9e23-5339c902c88a" testId="8376720d-9f57-3b09-e40c-6bb95b30941d" testName="TestMethod722" computerName="SUSALUJ" duration="00:00:00.0000287" startTime="2019-07-19T15:51:23.8499969+05:30" endTime="2019-07-19T15:51:23.8509950+05:30" testType="13cdc9d9-ddb5-4fa4-a97d-d965ccfc6d4b" outcome="Passed" testListId="8c84fa94-04c1-424b-9868-57a2d4851a1d" relativeResultsDirectory="6c45ac22-7e69-4739-9e23-5339c902c88a" />
    <UnitTestResult executionId="31f8ff4a-342e-4ed9-be0b-9546da92a54c" testId="85103077-a2c9-9fe0-35a6-e2accaefe0dc" testName="TestMethod190" computerName="SUSALUJ" duration="00:00:00.0000332" startTime="2019-07-19T15:51:23.9799956+05:30" endTime="2019-07-19T15:51:23.9799956+05:30" testType="13cdc9d9-ddb5-4fa4-a97d-d965ccfc6d4b" outcome="Passed" testListId="8c84fa94-04c1-424b-9868-57a2d4851a1d" relativeResultsDirectory="31f8ff4a-342e-4ed9-be0b-9546da92a54c" />
    <UnitTestResult executionId="da77c3cc-ee8a-454f-9422-cfa5997d7be4" testId="a259927e-dc45-deab-9897-7bed773cf3df" testName="TestMethod281" computerName="SUSALUJ" duration="00:00:00.0000298" startTime="2019-07-19T15:51:23.9529949+05:30" endTime="2019-07-19T15:51:23.9529949+05:30" testType="13cdc9d9-ddb5-4fa4-a97d-d965ccfc6d4b" outcome="Passed" testListId="8c84fa94-04c1-424b-9868-57a2d4851a1d" relativeResultsDirectory="da77c3cc-ee8a-454f-9422-cfa5997d7be4" />
    <UnitTestResult executionId="e3f073c7-c503-4ef2-b7be-ac6147c17c1f" testId="8718114d-54cc-0052-31c7-faf10f9650c5" testName="TestMethod636" computerName="SUSALUJ" duration="00:00:00.0000428" startTime="2019-07-19T15:51:23.8659968+05:30" endTime="2019-07-19T15:51:23.8659968+05:30" testType="13cdc9d9-ddb5-4fa4-a97d-d965ccfc6d4b" outcome="Passed" testListId="8c84fa94-04c1-424b-9868-57a2d4851a1d" relativeResultsDirectory="e3f073c7-c503-4ef2-b7be-ac6147c17c1f" />
    <UnitTestResult executionId="9d6c6170-5f0a-4995-bfaf-cb07945a205b" testId="ecc5ab88-aabd-5a27-aa7c-5aba009bc1c4" testName="TestMethod958" computerName="SUSALUJ" duration="00:00:00.0000342" startTime="2019-07-19T15:51:23.7829932+05:30" endTime="2019-07-19T15:51:23.7829932+05:30" testType="13cdc9d9-ddb5-4fa4-a97d-d965ccfc6d4b" outcome="Passed" testListId="8c84fa94-04c1-424b-9868-57a2d4851a1d" relativeResultsDirectory="9d6c6170-5f0a-4995-bfaf-cb07945a205b" />
    <UnitTestResult executionId="e0b4255e-6984-4ddc-a8e6-6b10da777712" testId="4e7d0eed-3253-3a99-4b23-1e16e64a7cba" testName="TestMethod795" computerName="SUSALUJ" duration="00:00:00.0000242" startTime="2019-07-19T15:51:23.8239947+05:30" endTime="2019-07-19T15:51:23.8239947+05:30" testType="13cdc9d9-ddb5-4fa4-a97d-d965ccfc6d4b" outcome="Passed" testListId="8c84fa94-04c1-424b-9868-57a2d4851a1d" relativeResultsDirectory="e0b4255e-6984-4ddc-a8e6-6b10da777712" />
    <UnitTestResult executionId="63bce47a-71dc-4e89-8f5c-7297e47e9cb4" testId="e678ece6-3eae-ab5b-07e0-d2024658a7bd" testName="TestMethod267" computerName="SUSALUJ" duration="00:00:00.0000382" startTime="2019-07-19T15:51:23.9489967+05:30" endTime="2019-07-19T15:51:23.9499977+05:30" testType="13cdc9d9-ddb5-4fa4-a97d-d965ccfc6d4b" outcome="Passed" testListId="8c84fa94-04c1-424b-9868-57a2d4851a1d" relativeResultsDirectory="63bce47a-71dc-4e89-8f5c-7297e47e9cb4" />
    <UnitTestResult executionId="365173b5-798f-41b0-adf5-22ae86ac109a" testId="b6312f8c-1aa0-66d3-548d-221a3e664fce" testName="TestMethod812" computerName="SUSALUJ" duration="00:00:00.0000307" startTime="2019-07-19T15:51:23.8329950+05:30" endTime="2019-07-19T15:51:23.8329950+05:30" testType="13cdc9d9-ddb5-4fa4-a97d-d965ccfc6d4b" outcome="Passed" testListId="8c84fa94-04c1-424b-9868-57a2d4851a1d" relativeResultsDirectory="365173b5-798f-41b0-adf5-22ae86ac109a" />
    <UnitTestResult executionId="834bc681-668e-40be-9ddb-edbf81cd4d59" testId="eda66d95-ea35-0c5d-4812-89fb9f2ff5c3" testName="TestMethod617" computerName="SUSALUJ" duration="00:00:00.0000305" startTime="2019-07-19T15:51:23.8619934+05:30" endTime="2019-07-19T15:51:23.8619934+05:30" testType="13cdc9d9-ddb5-4fa4-a97d-d965ccfc6d4b" outcome="Passed" testListId="8c84fa94-04c1-424b-9868-57a2d4851a1d" relativeResultsDirectory="834bc681-668e-40be-9ddb-edbf81cd4d59" />
    <UnitTestResult executionId="aadc65ea-0cf4-4e82-8af6-d9aa04cb51b6" testId="846ac6c3-55bc-e84d-26d2-2575dc0cb8d4" testName="TestMethod175" computerName="SUSALUJ" duration="00:00:00.0000434" startTime="2019-07-19T15:51:23.9749966+05:30" endTime="2019-07-19T15:51:23.9749966+05:30" testType="13cdc9d9-ddb5-4fa4-a97d-d965ccfc6d4b" outcome="Passed" testListId="8c84fa94-04c1-424b-9868-57a2d4851a1d" relativeResultsDirectory="aadc65ea-0cf4-4e82-8af6-d9aa04cb51b6" />
    <UnitTestResult executionId="15848fe0-cb1e-48ca-ac33-634d802c6192" testId="595e22e6-6c21-00b7-2932-a72ebc8d9695" testName="TestMethod449" computerName="SUSALUJ" duration="00:00:00.0000217" startTime="2019-07-19T15:51:23.9009945+05:30" endTime="2019-07-19T15:51:23.9009945+05:30" testType="13cdc9d9-ddb5-4fa4-a97d-d965ccfc6d4b" outcome="Passed" testListId="8c84fa94-04c1-424b-9868-57a2d4851a1d" relativeResultsDirectory="15848fe0-cb1e-48ca-ac33-634d802c6192" />
    <UnitTestResult executionId="986b4f28-e2e6-4eac-a742-3babc1ff7463" testId="7de72423-66c4-6beb-01d4-46651e05c4a8" testName="TestMethod451" computerName="SUSALUJ" duration="00:00:00.0000206" startTime="2019-07-19T15:51:23.9019942+05:30" endTime="2019-07-19T15:51:23.9019942+05:30" testType="13cdc9d9-ddb5-4fa4-a97d-d965ccfc6d4b" outcome="Passed" testListId="8c84fa94-04c1-424b-9868-57a2d4851a1d" relativeResultsDirectory="986b4f28-e2e6-4eac-a742-3babc1ff7463" />
    <UnitTestResult executionId="6008c816-6992-47d4-b937-0bdeed902dc6" testId="e52f6c50-ef58-37b1-b118-1e8da43b269c" testName="TestMethod561" computerName="SUSALUJ" duration="00:00:00.0000198" startTime="2019-07-19T15:51:23.8899947+05:30" endTime="2019-07-19T15:51:23.8899947+05:30" testType="13cdc9d9-ddb5-4fa4-a97d-d965ccfc6d4b" outcome="Passed" testListId="8c84fa94-04c1-424b-9868-57a2d4851a1d" relativeResultsDirectory="6008c816-6992-47d4-b937-0bdeed902dc6" />
    <UnitTestResult executionId="56794349-c23a-4f78-af61-5f3af80ed256" testId="c9fcc35c-7f7a-1ab8-ede2-ac762b40e339" testName="TestMethod516" computerName="SUSALUJ" duration="00:00:00.0000213" startTime="2019-07-19T15:51:23.8819945+05:30" endTime="2019-07-19T15:51:23.8819945+05:30" testType="13cdc9d9-ddb5-4fa4-a97d-d965ccfc6d4b" outcome="Passed" testListId="8c84fa94-04c1-424b-9868-57a2d4851a1d" relativeResultsDirectory="56794349-c23a-4f78-af61-5f3af80ed256" />
    <UnitTestResult executionId="1cedf210-e28d-4d08-92ad-a5a742e48b1c" testId="cb461d3e-eca8-bb20-712e-29e229304470" testName="TestMethod529" computerName="SUSALUJ" duration="00:00:00.0000318" startTime="2019-07-19T15:51:23.8849946+05:30" endTime="2019-07-19T15:51:23.8849946+05:30" testType="13cdc9d9-ddb5-4fa4-a97d-d965ccfc6d4b" outcome="Passed" testListId="8c84fa94-04c1-424b-9868-57a2d4851a1d" relativeResultsDirectory="1cedf210-e28d-4d08-92ad-a5a742e48b1c" />
    <UnitTestResult executionId="0a7ecb23-dfba-49f7-a8ac-2d4eea25c4ef" testId="f6b51f6d-a181-38fe-040a-05ccd3c3beae" testName="TestMethod948" computerName="SUSALUJ" duration="00:00:00.0000562" startTime="2019-07-19T15:51:23.7809933+05:30" endTime="2019-07-19T15:51:23.7819933+05:30" testType="13cdc9d9-ddb5-4fa4-a97d-d965ccfc6d4b" outcome="Passed" testListId="8c84fa94-04c1-424b-9868-57a2d4851a1d" relativeResultsDirectory="0a7ecb23-dfba-49f7-a8ac-2d4eea25c4ef" />
    <UnitTestResult executionId="1c9ae0fc-b742-47bf-9ee4-88337bbcb9e4" testId="00fd6b05-3592-861b-e359-5a574ee443d0" testName="TestMethod583" computerName="SUSALUJ" duration="00:00:00.0000548" startTime="2019-07-19T15:51:23.8939936+05:30" endTime="2019-07-19T15:51:23.8939936+05:30" testType="13cdc9d9-ddb5-4fa4-a97d-d965ccfc6d4b" outcome="Passed" testListId="8c84fa94-04c1-424b-9868-57a2d4851a1d" relativeResultsDirectory="1c9ae0fc-b742-47bf-9ee4-88337bbcb9e4" />
    <UnitTestResult executionId="2b46eb39-2e10-4770-8b3f-3ee83163fff8" testId="053706e5-17bb-f317-368b-a97e9ad239f2" testName="TestMethod57" computerName="SUSALUJ" duration="00:00:00.0000207" startTime="2019-07-19T15:51:24.1809961+05:30" endTime="2019-07-19T15:51:24.1809961+05:30" testType="13cdc9d9-ddb5-4fa4-a97d-d965ccfc6d4b" outcome="Passed" testListId="8c84fa94-04c1-424b-9868-57a2d4851a1d" relativeResultsDirectory="2b46eb39-2e10-4770-8b3f-3ee83163fff8" />
    <UnitTestResult executionId="a3766737-148e-4e0e-952f-742749859a9a" testId="3495fc58-67a7-a6f1-2c99-1760cf90ac7c" testName="TestMethod851" computerName="SUSALUJ" duration="00:00:00.0000401" startTime="2019-07-19T15:51:23.7929943+05:30" endTime="2019-07-19T15:51:23.7929943+05:30" testType="13cdc9d9-ddb5-4fa4-a97d-d965ccfc6d4b" outcome="Passed" testListId="8c84fa94-04c1-424b-9868-57a2d4851a1d" relativeResultsDirectory="a3766737-148e-4e0e-952f-742749859a9a" />
    <UnitTestResult executionId="9c4d9697-9f60-4147-8645-a216716865c7" testId="9d715704-5114-b932-199c-a93e76eef610" testName="TestMethod946" computerName="SUSALUJ" duration="00:00:00.0000371" startTime="2019-07-19T15:51:23.7809933+05:30" endTime="2019-07-19T15:51:23.7809933+05:30" testType="13cdc9d9-ddb5-4fa4-a97d-d965ccfc6d4b" outcome="Passed" testListId="8c84fa94-04c1-424b-9868-57a2d4851a1d" relativeResultsDirectory="9c4d9697-9f60-4147-8645-a216716865c7" />
    <UnitTestResult executionId="dd652394-6f0f-452c-94e0-e07e6646d805" testId="c5dfbe23-6cb0-560a-91bf-153d2e7b63c3" testName="TestMethod329" computerName="SUSALUJ" duration="00:00:00.0000209" startTime="2019-07-19T15:51:23.9699957+05:30" endTime="2019-07-19T15:51:23.9699957+05:30" testType="13cdc9d9-ddb5-4fa4-a97d-d965ccfc6d4b" outcome="Passed" testListId="8c84fa94-04c1-424b-9868-57a2d4851a1d" relativeResultsDirectory="dd652394-6f0f-452c-94e0-e07e6646d805" />
    <UnitTestResult executionId="b6a6c89b-58ce-4994-8abf-8bc27b7c9f0b" testId="ad7afb8c-d0ed-d077-ecf1-5c314afc821d" testName="TestMethod171" computerName="SUSALUJ" duration="00:00:00.0000346" startTime="2019-07-19T15:51:23.9739971+05:30" endTime="2019-07-19T15:51:23.9739971+05:30" testType="13cdc9d9-ddb5-4fa4-a97d-d965ccfc6d4b" outcome="Passed" testListId="8c84fa94-04c1-424b-9868-57a2d4851a1d" relativeResultsDirectory="b6a6c89b-58ce-4994-8abf-8bc27b7c9f0b" />
    <UnitTestResult executionId="a0e99ee7-8b04-4302-b4b3-15e134d0440f" testId="750c3025-3439-f741-9b19-4bfbbd559e8b" testName="TestMethod301" computerName="SUSALUJ" duration="00:00:00.0000323" startTime="2019-07-19T15:51:23.9600002+05:30" endTime="2019-07-19T15:51:23.9600002+05:30" testType="13cdc9d9-ddb5-4fa4-a97d-d965ccfc6d4b" outcome="Passed" testListId="8c84fa94-04c1-424b-9868-57a2d4851a1d" relativeResultsDirectory="a0e99ee7-8b04-4302-b4b3-15e134d0440f" />
    <UnitTestResult executionId="0f313df5-2320-4c2a-9080-4d7a22563a27" testId="8961879c-3773-fbef-5843-9b173bd8467b" testName="TestMethod346" computerName="SUSALUJ" duration="00:00:00.0000350" startTime="2019-07-19T15:51:23.9169989+05:30" endTime="2019-07-19T15:51:23.9179973+05:30" testType="13cdc9d9-ddb5-4fa4-a97d-d965ccfc6d4b" outcome="Passed" testListId="8c84fa94-04c1-424b-9868-57a2d4851a1d" relativeResultsDirectory="0f313df5-2320-4c2a-9080-4d7a22563a27" />
    <UnitTestResult executionId="f7f4ee92-1469-48d9-89cd-cd2b6ffe64e5" testId="335d1f61-b7f0-8369-7438-d9b8103c6046" testName="TestMethod996" computerName="SUSALUJ" duration="00:00:00.0000293" startTime="2019-07-19T15:51:23.7919946+05:30" endTime="2019-07-19T15:51:23.7919946+05:30" testType="13cdc9d9-ddb5-4fa4-a97d-d965ccfc6d4b" outcome="Passed" testListId="8c84fa94-04c1-424b-9868-57a2d4851a1d" relativeResultsDirectory="f7f4ee92-1469-48d9-89cd-cd2b6ffe64e5" />
    <UnitTestResult executionId="7dab7383-78af-4f11-9a04-0e9b391bbb6e" testId="3501dd5e-3136-d1c4-6098-365f9bf98c33" testName="TestMethod568" computerName="SUSALUJ" duration="00:00:00.0000200" startTime="2019-07-19T15:51:23.8909958+05:30" endTime="2019-07-19T15:51:23.8909958+05:30" testType="13cdc9d9-ddb5-4fa4-a97d-d965ccfc6d4b" outcome="Passed" testListId="8c84fa94-04c1-424b-9868-57a2d4851a1d" relativeResultsDirectory="7dab7383-78af-4f11-9a04-0e9b391bbb6e" />
    <UnitTestResult executionId="7c72adbb-9e8c-4274-b189-6da892253692" testId="ccd8ed81-75a8-3df8-b4c7-975167e12a0b" testName="TestMethod764" computerName="SUSALUJ" duration="00:00:00.0000248" startTime="2019-07-19T15:51:23.8579946+05:30" endTime="2019-07-19T15:51:23.8579946+05:30" testType="13cdc9d9-ddb5-4fa4-a97d-d965ccfc6d4b" outcome="Passed" testListId="8c84fa94-04c1-424b-9868-57a2d4851a1d" relativeResultsDirectory="7c72adbb-9e8c-4274-b189-6da892253692" />
    <UnitTestResult executionId="3d4e627c-ebda-4fec-aab0-dc9c0f4fb5a7" testId="cb0ce914-069a-a2d2-d5db-059b679ed7ff" testName="TestMethod481" computerName="SUSALUJ" duration="00:00:00.0000195" startTime="2019-07-19T15:51:23.9069937+05:30" endTime="2019-07-19T15:51:23.9069937+05:30" testType="13cdc9d9-ddb5-4fa4-a97d-d965ccfc6d4b" outcome="Passed" testListId="8c84fa94-04c1-424b-9868-57a2d4851a1d" relativeResultsDirectory="3d4e627c-ebda-4fec-aab0-dc9c0f4fb5a7" />
    <UnitTestResult executionId="586eb83e-a790-424c-b459-eea8d8ae6525" testId="b9ae03dd-3909-01eb-23e0-8bf21ee3d6ea" testName="TestMethod20" computerName="SUSALUJ" duration="00:00:00.0009712" startTime="2019-07-19T15:51:24.1429945+05:30" endTime="2019-07-19T15:51:24.1439958+05:30" testType="13cdc9d9-ddb5-4fa4-a97d-d965ccfc6d4b" outcome="Failed" testListId="8c84fa94-04c1-424b-9868-57a2d4851a1d" relativeResultsDirectory="586eb83e-a790-424c-b459-eea8d8ae6525">
      <Output>
        <ErrorInfo>
          <Message>Assert.AreEqual failed. Expected:&lt;2&gt;. Actual:&lt;4&gt;. </Message>
          <StackTrace>   at TestProjectWON.UnitTest1.TestMethod20() in C:\agent\_work\8\s\TestProjectWON\UnitTest1.cs:line 113&#xD;
</StackTrace>
        </ErrorInfo>
      </Output>
    </UnitTestResult>
    <UnitTestResult executionId="51a0e6b2-b51d-4537-ad99-3aac4b687cca" testId="c00013b5-6803-223e-ac7a-b40dac9b20e6" testName="TestMethod714" computerName="SUSALUJ" duration="00:00:00.0000194" startTime="2019-07-19T15:51:23.8479951+05:30" endTime="2019-07-19T15:51:23.8479951+05:30" testType="13cdc9d9-ddb5-4fa4-a97d-d965ccfc6d4b" outcome="Passed" testListId="8c84fa94-04c1-424b-9868-57a2d4851a1d" relativeResultsDirectory="51a0e6b2-b51d-4537-ad99-3aac4b687cca" />
    <UnitTestResult executionId="1c6d372f-3417-4fae-8f14-c8ccdf67731b" testId="c3739f62-c7a3-e688-300b-d9d5a91a27a4" testName="TestMethod142" computerName="SUSALUJ" duration="00:00:00.0000234" startTime="2019-07-19T15:51:24.0139971+05:30" endTime="2019-07-19T15:51:24.0149947+05:30" testType="13cdc9d9-ddb5-4fa4-a97d-d965ccfc6d4b" outcome="Passed" testListId="8c84fa94-04c1-424b-9868-57a2d4851a1d" relativeResultsDirectory="1c6d372f-3417-4fae-8f14-c8ccdf67731b" />
    <UnitTestResult executionId="3fe88d69-2ffe-45d0-a1a3-25030263b368" testId="b0422027-b50a-d3cf-ece8-1b7a11c9f4b5" testName="TestMethod234" computerName="SUSALUJ" duration="00:00:00.0000300" startTime="2019-07-19T15:51:23.9929975+05:30" endTime="2019-07-19T15:51:23.9929975+05:30" testType="13cdc9d9-ddb5-4fa4-a97d-d965ccfc6d4b" outcome="Passed" testListId="8c84fa94-04c1-424b-9868-57a2d4851a1d" relativeResultsDirectory="3fe88d69-2ffe-45d0-a1a3-25030263b368" />
    <UnitTestResult executionId="06ca44e3-a0fe-4160-a797-84cca660a06c" testId="f99fdd13-2f14-bc0a-6de7-6269e5662a8b" testName="TestMethod178" computerName="SUSALUJ" duration="00:00:00.0000353" startTime="2019-07-19T15:51:23.9769972+05:30" endTime="2019-07-19T15:51:23.9769972+05:30" testType="13cdc9d9-ddb5-4fa4-a97d-d965ccfc6d4b" outcome="Passed" testListId="8c84fa94-04c1-424b-9868-57a2d4851a1d" relativeResultsDirectory="06ca44e3-a0fe-4160-a797-84cca660a06c" />
    <UnitTestResult executionId="9ac8b16d-2d01-486d-9106-3432660879c4" testId="4fe504ff-91cc-34c2-971d-55cc5d7f0ccf" testName="TestMethod844" computerName="SUSALUJ" duration="00:00:00.0000194" startTime="2019-07-19T15:51:23.8389960+05:30" endTime="2019-07-19T15:51:23.8389960+05:30" testType="13cdc9d9-ddb5-4fa4-a97d-d965ccfc6d4b" outcome="Passed" testListId="8c84fa94-04c1-424b-9868-57a2d4851a1d" relativeResultsDirectory="9ac8b16d-2d01-486d-9106-3432660879c4" />
    <UnitTestResult executionId="77b24b7e-52ff-44c5-92ed-68c06d7c11a5" testId="cfda71d5-31f9-4e94-efd6-edb3e08b2951" testName="TestMethod50" computerName="SUSALUJ" duration="00:00:00.0000358" startTime="2019-07-19T15:51:24.1799976+05:30" endTime="2019-07-19T15:51:24.1799976+05:30" testType="13cdc9d9-ddb5-4fa4-a97d-d965ccfc6d4b" outcome="Passed" testListId="8c84fa94-04c1-424b-9868-57a2d4851a1d" relativeResultsDirectory="77b24b7e-52ff-44c5-92ed-68c06d7c11a5" />
    <UnitTestResult executionId="1309b92c-777e-488e-bbd6-93efa1ff60ec" testId="e4d83b6e-0f77-db97-f15f-cf453db67653" testName="TestMethod754" computerName="SUSALUJ" duration="00:00:00.0000285" startTime="2019-07-19T15:51:23.8559946+05:30" endTime="2019-07-19T15:51:23.8559946+05:30" testType="13cdc9d9-ddb5-4fa4-a97d-d965ccfc6d4b" outcome="Passed" testListId="8c84fa94-04c1-424b-9868-57a2d4851a1d" relativeResultsDirectory="1309b92c-777e-488e-bbd6-93efa1ff60ec" />
    <UnitTestResult executionId="6bacb85f-4a3c-433a-bc56-147e3f220c8f" testId="419a3afa-c8e1-8187-edb6-40c935808019" testName="TestMethod25" computerName="SUSALUJ" duration="00:00:00.0017209" startTime="2019-07-19T15:51:24.1499964+05:30" endTime="2019-07-19T15:51:24.1519967+05:30" testType="13cdc9d9-ddb5-4fa4-a97d-d965ccfc6d4b" outcome="Failed" testListId="8c84fa94-04c1-424b-9868-57a2d4851a1d" relativeResultsDirectory="6bacb85f-4a3c-433a-bc56-147e3f220c8f">
      <Output>
        <ErrorInfo>
          <Message>Assert.AreEqual failed. Expected:&lt;2&gt;. Actual:&lt;4&gt;. </Message>
          <StackTrace>   at TestProjectWON.UnitTest1.TestMethod25() in C:\agent\_work\8\s\TestProjectWON\UnitTest1.cs:line 138&#xD;
</StackTrace>
        </ErrorInfo>
      </Output>
    </UnitTestResult>
    <UnitTestResult executionId="5b460bbe-5891-4005-bffe-2fae23ab7533" testId="6f432268-4ae0-5904-6da5-9b61e1dd225a" testName="TestMethod274" computerName="SUSALUJ" duration="00:00:00.0000250" startTime="2019-07-19T15:51:23.9509963+05:30" endTime="2019-07-19T15:51:23.9509963+05:30" testType="13cdc9d9-ddb5-4fa4-a97d-d965ccfc6d4b" outcome="Passed" testListId="8c84fa94-04c1-424b-9868-57a2d4851a1d" relativeResultsDirectory="5b460bbe-5891-4005-bffe-2fae23ab7533" />
    <UnitTestResult executionId="1fd55e90-8176-468b-8797-e7e8188486a5" testId="6459f488-7884-0802-1177-6dd19cd0b523" testName="TestMethod60" computerName="SUSALUJ" duration="00:00:00.0000243" startTime="2019-07-19T15:51:24.1819942+05:30" endTime="2019-07-19T15:51:24.1819942+05:30" testType="13cdc9d9-ddb5-4fa4-a97d-d965ccfc6d4b" outcome="Passed" testListId="8c84fa94-04c1-424b-9868-57a2d4851a1d" relativeResultsDirectory="1fd55e90-8176-468b-8797-e7e8188486a5" />
    <UnitTestResult executionId="0ba473d4-58cc-4c47-b447-e95525bd166b" testId="1afd8cd3-8486-a867-2533-689fc06decd0" testName="TestMethod558" computerName="SUSALUJ" duration="00:00:00.0000323" startTime="2019-07-19T15:51:23.8899947+05:30" endTime="2019-07-19T15:51:23.8899947+05:30" testType="13cdc9d9-ddb5-4fa4-a97d-d965ccfc6d4b" outcome="Passed" testListId="8c84fa94-04c1-424b-9868-57a2d4851a1d" relativeResultsDirectory="0ba473d4-58cc-4c47-b447-e95525bd166b" />
    <UnitTestResult executionId="fea9ecb9-fc28-4ebb-88ca-02cab40b1a16" testId="21213293-f488-0812-4381-80dee5bd998a" testName="TestMethod766" computerName="SUSALUJ" duration="00:00:00.0000375" startTime="2019-07-19T15:51:23.8159953+05:30" endTime="2019-07-19T15:51:23.8159953+05:30" testType="13cdc9d9-ddb5-4fa4-a97d-d965ccfc6d4b" outcome="Passed" testListId="8c84fa94-04c1-424b-9868-57a2d4851a1d" relativeResultsDirectory="fea9ecb9-fc28-4ebb-88ca-02cab40b1a16" />
    <UnitTestResult executionId="6abcae76-a68c-48de-bbec-424d256db3b2" testId="294ba9fd-ebf0-e07f-0c4f-ec64d3d76a08" testName="TestMethod73" computerName="SUSALUJ" duration="00:00:00.0000199" startTime="2019-07-19T15:51:24.1839963+05:30" endTime="2019-07-19T15:51:24.1839963+05:30" testType="13cdc9d9-ddb5-4fa4-a97d-d965ccfc6d4b" outcome="Passed" testListId="8c84fa94-04c1-424b-9868-57a2d4851a1d" relativeResultsDirectory="6abcae76-a68c-48de-bbec-424d256db3b2" />
    <UnitTestResult executionId="48b563d1-52df-4014-af7b-d6f87ba6fdd1" testId="cc719c64-1f3a-64f4-7280-de735427681a" testName="TestMethod131" computerName="SUSALUJ" duration="00:00:00.0000451" startTime="2019-07-19T15:51:24.0109979+05:30" endTime="2019-07-19T15:51:24.0109979+05:30" testType="13cdc9d9-ddb5-4fa4-a97d-d965ccfc6d4b" outcome="Passed" testListId="8c84fa94-04c1-424b-9868-57a2d4851a1d" relativeResultsDirectory="48b563d1-52df-4014-af7b-d6f87ba6fdd1" />
    <UnitTestResult executionId="fe0447ad-3200-4e70-b4ef-8f331c7a9978" testId="94129aad-7407-53c9-598d-956a8c8811cb" testName="TestMethod781" computerName="SUSALUJ" duration="00:00:00.0000264" startTime="2019-07-19T15:51:23.8189946+05:30" endTime="2019-07-19T15:51:23.8189946+05:30" testType="13cdc9d9-ddb5-4fa4-a97d-d965ccfc6d4b" outcome="Passed" testListId="8c84fa94-04c1-424b-9868-57a2d4851a1d" relativeResultsDirectory="fe0447ad-3200-4e70-b4ef-8f331c7a9978" />
    <UnitTestResult executionId="4661b344-648c-4065-a000-6083e70692da" testId="78a8cc29-26f6-c993-28b7-e5903c768ba1" testName="TestMethod362" computerName="SUSALUJ" duration="00:00:00.0000292" startTime="2019-07-19T15:51:23.9219963+05:30" endTime="2019-07-19T15:51:23.9219963+05:30" testType="13cdc9d9-ddb5-4fa4-a97d-d965ccfc6d4b" outcome="Passed" testListId="8c84fa94-04c1-424b-9868-57a2d4851a1d" relativeResultsDirectory="4661b344-648c-4065-a000-6083e70692da" />
    <UnitTestResult executionId="3767d358-da0d-4c81-8ef3-2b6384c0305d" testId="308ca403-a995-1c08-e22b-951d92c43d55" testName="TestMethod524" computerName="SUSALUJ" duration="00:00:00.0000210" startTime="2019-07-19T15:51:23.8839976+05:30" endTime="2019-07-19T15:51:23.8839976+05:30" testType="13cdc9d9-ddb5-4fa4-a97d-d965ccfc6d4b" outcome="Passed" testListId="8c84fa94-04c1-424b-9868-57a2d4851a1d" relativeResultsDirectory="3767d358-da0d-4c81-8ef3-2b6384c0305d" />
    <UnitTestResult executionId="e062b4a9-6713-4cd2-b9e5-e7ad2f2b4f99" testId="db77af82-b3b6-8406-262b-e90d81f20ca7" testName="TestMethod18" computerName="SUSALUJ" duration="00:00:00.0006651" startTime="2019-07-19T15:51:24.1409954+05:30" endTime="2019-07-19T15:51:24.1419948+05:30" testType="13cdc9d9-ddb5-4fa4-a97d-d965ccfc6d4b" outcome="Failed" testListId="8c84fa94-04c1-424b-9868-57a2d4851a1d" relativeResultsDirectory="e062b4a9-6713-4cd2-b9e5-e7ad2f2b4f99">
      <Output>
        <ErrorInfo>
          <Message>Assert.AreEqual failed. Expected:&lt;2&gt;. Actual:&lt;4&gt;. </Message>
          <StackTrace>   at TestProjectWON.UnitTest1.TestMethod18() in C:\agent\_work\8\s\TestProjectWON\UnitTest1.cs:line 103&#xD;
</StackTrace>
        </ErrorInfo>
      </Output>
    </UnitTestResult>
    <UnitTestResult executionId="fa6904a4-422f-4727-8c9a-54fd5d2a3f43" testId="7be92319-315d-4f7c-0121-eeb432108bce" testName="TestMethod299" computerName="SUSALUJ" duration="00:00:00.0000325" startTime="2019-07-19T15:51:23.9589980+05:30" endTime="2019-07-19T15:51:23.9589980+05:30" testType="13cdc9d9-ddb5-4fa4-a97d-d965ccfc6d4b" outcome="Passed" testListId="8c84fa94-04c1-424b-9868-57a2d4851a1d" relativeResultsDirectory="fa6904a4-422f-4727-8c9a-54fd5d2a3f43" />
    <UnitTestResult executionId="8c7612a9-fcf5-4fd9-b685-8c40df21e6fe" testId="11810c10-a617-734a-a236-450ae05ae36b" testName="TestMethod999" computerName="SUSALUJ" duration="00:00:00.0000295" startTime="2019-07-19T15:51:23.7919946+05:30" endTime="2019-07-19T15:51:23.7919946+05:30" testType="13cdc9d9-ddb5-4fa4-a97d-d965ccfc6d4b" outcome="Passed" testListId="8c84fa94-04c1-424b-9868-57a2d4851a1d" relativeResultsDirectory="8c7612a9-fcf5-4fd9-b685-8c40df21e6fe" />
    <UnitTestResult executionId="7321cf54-881c-44d3-a65d-6944db06824d" testId="e215579e-92e3-70f0-f0ac-82da28595119" testName="TestMethod462" computerName="SUSALUJ" duration="00:00:00.0000409" startTime="2019-07-19T15:51:23.9029933+05:30" endTime="2019-07-19T15:51:23.9039942+05:30" testType="13cdc9d9-ddb5-4fa4-a97d-d965ccfc6d4b" outcome="Passed" testListId="8c84fa94-04c1-424b-9868-57a2d4851a1d" relativeResultsDirectory="7321cf54-881c-44d3-a65d-6944db06824d" />
    <UnitTestResult executionId="47b1df57-1c1c-4ad8-bbca-1fc4eafe286b" testId="1e1332f6-ef00-e1a7-2adf-8cae506162f1" testName="TestMethod29" computerName="SUSALUJ" duration="00:00:00.0012609" startTime="2019-07-19T15:51:24.1569984+05:30" endTime="2019-07-19T15:51:24.1579966+05:30" testType="13cdc9d9-ddb5-4fa4-a97d-d965ccfc6d4b" outcome="Failed" testListId="8c84fa94-04c1-424b-9868-57a2d4851a1d" relativeResultsDirectory="47b1df57-1c1c-4ad8-bbca-1fc4eafe286b">
      <Output>
        <ErrorInfo>
          <Message>Assert.AreEqual failed. Expected:&lt;2&gt;. Actual:&lt;4&gt;. </Message>
          <StackTrace>   at TestProjectWON.UnitTest1.TestMethod29() in C:\agent\_work\8\s\TestProjectWON\UnitTest1.cs:line 158&#xD;
</StackTrace>
        </ErrorInfo>
      </Output>
    </UnitTestResult>
    <UnitTestResult executionId="d5d4b1c3-2509-4fdd-be24-15ba9c50476c" testId="4d6d5bbf-2c92-7539-9ffa-55db00723a35" testName="TestMethod384" computerName="SUSALUJ" duration="00:00:00.0000228" startTime="2019-07-19T15:51:23.9269954+05:30" endTime="2019-07-19T15:51:23.9269954+05:30" testType="13cdc9d9-ddb5-4fa4-a97d-d965ccfc6d4b" outcome="Passed" testListId="8c84fa94-04c1-424b-9868-57a2d4851a1d" relativeResultsDirectory="d5d4b1c3-2509-4fdd-be24-15ba9c50476c" />
    <UnitTestResult executionId="698f0095-8e47-443f-9d45-ddbe7901e849" testId="3c2a4f16-ae18-3a36-2055-5632e5b769d7" testName="TestMethod945" computerName="SUSALUJ" duration="00:00:00.0000381" startTime="2019-07-19T15:51:23.7809933+05:30" endTime="2019-07-19T15:51:23.7809933+05:30" testType="13cdc9d9-ddb5-4fa4-a97d-d965ccfc6d4b" outcome="Passed" testListId="8c84fa94-04c1-424b-9868-57a2d4851a1d" relativeResultsDirectory="698f0095-8e47-443f-9d45-ddbe7901e849" />
    <UnitTestResult executionId="0504964b-1415-42ad-bd21-42c3cb4e9caa" testId="67c70b3c-98a4-026b-27ef-4740e1d0d49c" testName="TestMethod482" computerName="SUSALUJ" duration="00:00:00.0000353" startTime="2019-07-19T15:51:23.9069937+05:30" endTime="2019-07-19T15:51:23.9079934+05:30" testType="13cdc9d9-ddb5-4fa4-a97d-d965ccfc6d4b" outcome="Passed" testListId="8c84fa94-04c1-424b-9868-57a2d4851a1d" relativeResultsDirectory="0504964b-1415-42ad-bd21-42c3cb4e9caa" />
    <UnitTestResult executionId="a2697a4d-af95-45bb-a013-a4e79d1ab118" testId="12b9f234-a2ef-04c5-b6f4-6a34855ffbd4" testName="TestMethod707" computerName="SUSALUJ" duration="00:00:00.0000224" startTime="2019-07-19T15:51:23.8469962+05:30" endTime="2019-07-19T15:51:23.8479951+05:30" testType="13cdc9d9-ddb5-4fa4-a97d-d965ccfc6d4b" outcome="Passed" testListId="8c84fa94-04c1-424b-9868-57a2d4851a1d" relativeResultsDirectory="a2697a4d-af95-45bb-a013-a4e79d1ab118" />
    <UnitTestResult executionId="d63add0e-b9e6-4e1e-8918-45facfe618fd" testId="1d5b8de3-411a-86e5-9025-60f31bb413de" testName="TestMethod15" computerName="SUSALUJ" duration="00:00:00.0004430" startTime="2019-07-19T15:51:24.1379982+05:30" endTime="2019-07-19T15:51:24.1389964+05:30" testType="13cdc9d9-ddb5-4fa4-a97d-d965ccfc6d4b" outcome="Failed" testListId="8c84fa94-04c1-424b-9868-57a2d4851a1d" relativeResultsDirectory="d63add0e-b9e6-4e1e-8918-45facfe618fd">
      <Output>
        <ErrorInfo>
          <Message>Assert.AreEqual failed. Expected:&lt;2&gt;. Actual:&lt;4&gt;. </Message>
          <StackTrace>   at TestProjectWON.UnitTest1.TestMethod15() in C:\agent\_work\8\s\TestProjectWON\UnitTest1.cs:line 88&#xD;
</StackTrace>
        </ErrorInfo>
      </Output>
    </UnitTestResult>
    <UnitTestResult executionId="8647bfb0-61cc-4a8f-8f06-ac662df6bcfc" testId="56dce2a6-7d7c-543f-167f-fb8c43f5f7f8" testName="TestMethod120" computerName="SUSALUJ" duration="00:00:00.0000251" startTime="2019-07-19T15:51:24.0059963+05:30" endTime="2019-07-19T15:51:24.0059963+05:30" testType="13cdc9d9-ddb5-4fa4-a97d-d965ccfc6d4b" outcome="Passed" testListId="8c84fa94-04c1-424b-9868-57a2d4851a1d" relativeResultsDirectory="8647bfb0-61cc-4a8f-8f06-ac662df6bcfc" />
    <UnitTestResult executionId="06399861-c807-4deb-b884-3861f4d02dc8" testId="5bfb389a-4f2c-6e73-6433-c56f5e1e39b5" testName="TestMethod578" computerName="SUSALUJ" duration="00:00:00.0000259" startTime="2019-07-19T15:51:23.8929941+05:30" endTime="2019-07-19T15:51:23.8929941+05:30" testType="13cdc9d9-ddb5-4fa4-a97d-d965ccfc6d4b" outcome="Passed" testListId="8c84fa94-04c1-424b-9868-57a2d4851a1d" relativeResultsDirectory="06399861-c807-4deb-b884-3861f4d02dc8" />
    <UnitTestResult executionId="0d635d1b-9e1a-493d-a0c2-d1bc5b122666" testId="582126e6-7637-1686-e421-26fc8b2a44be" testName="TestMethod340" computerName="SUSALUJ" duration="00:00:00.0000362" startTime="2019-07-19T15:51:23.9160012+05:30" endTime="2019-07-19T15:51:23.9160012+05:30" testType="13cdc9d9-ddb5-4fa4-a97d-d965ccfc6d4b" outcome="Passed" testListId="8c84fa94-04c1-424b-9868-57a2d4851a1d" relativeResultsDirectory="0d635d1b-9e1a-493d-a0c2-d1bc5b122666" />
    <UnitTestResult executionId="f66dfade-da7e-416c-9a68-ae709f5c3187" testId="370f35f5-bfe9-745c-58b6-400f0927afca" testName="TestMethod719" computerName="SUSALUJ" duration="00:00:00.0000383" startTime="2019-07-19T15:51:23.8489960+05:30" endTime="2019-07-19T15:51:23.8499969+05:30" testType="13cdc9d9-ddb5-4fa4-a97d-d965ccfc6d4b" outcome="Passed" testListId="8c84fa94-04c1-424b-9868-57a2d4851a1d" relativeResultsDirectory="f66dfade-da7e-416c-9a68-ae709f5c3187" />
    <UnitTestResult executionId="f2278d87-6c2c-4450-a48d-257a12b9e295" testId="2734d560-bca6-3dc0-5647-169dfc4e3985" testName="TestMethod91" computerName="SUSALUJ" duration="00:00:00.0000258" startTime="2019-07-19T15:51:23.9989938+05:30" endTime="2019-07-19T15:51:23.9999977+05:30" testType="13cdc9d9-ddb5-4fa4-a97d-d965ccfc6d4b" outcome="Passed" testListId="8c84fa94-04c1-424b-9868-57a2d4851a1d" relativeResultsDirectory="f2278d87-6c2c-4450-a48d-257a12b9e295" />
    <UnitTestResult executionId="cd25501b-b731-4ef5-be32-56b5efd6f3d3" testId="bb62df0a-4b0e-dc38-efff-e29b7ce70478" testName="TestMethod895" computerName="SUSALUJ" duration="00:00:00.0003820" startTime="2019-07-19T15:51:23.8049938+05:30" endTime="2019-07-19T15:51:23.8059934+05:30" testType="13cdc9d9-ddb5-4fa4-a97d-d965ccfc6d4b" outcome="Passed" testListId="8c84fa94-04c1-424b-9868-57a2d4851a1d" relativeResultsDirectory="cd25501b-b731-4ef5-be32-56b5efd6f3d3" />
    <UnitTestResult executionId="c0046c26-517d-4d29-947c-6cbc63db4242" testId="818b93cc-57c9-8a60-8c61-aaa8a7853397" testName="TestMethod249" computerName="SUSALUJ" duration="00:00:00.0000292" startTime="2019-07-19T15:51:23.9969949+05:30" endTime="2019-07-19T15:51:23.9969949+05:30" testType="13cdc9d9-ddb5-4fa4-a97d-d965ccfc6d4b" outcome="Passed" testListId="8c84fa94-04c1-424b-9868-57a2d4851a1d" relativeResultsDirectory="c0046c26-517d-4d29-947c-6cbc63db4242" />
    <UnitTestResult executionId="efa676c1-4407-40cd-9e4a-c3fd1ecc1afa" testId="57f3d555-cd2f-6706-4d71-3065edac0980" testName="TestMethod216" computerName="SUSALUJ" duration="00:00:00.0000868" startTime="2019-07-19T15:51:23.9859965+05:30" endTime="2019-07-19T15:51:23.9869955+05:30" testType="13cdc9d9-ddb5-4fa4-a97d-d965ccfc6d4b" outcome="Passed" testListId="8c84fa94-04c1-424b-9868-57a2d4851a1d" relativeResultsDirectory="efa676c1-4407-40cd-9e4a-c3fd1ecc1afa" />
    <UnitTestResult executionId="f555ed95-89a6-49d6-a356-a39d8f2a3ef7" testId="f8d78d88-3450-7ecb-6308-4ea2e1f95134" testName="TestMethod953" computerName="SUSALUJ" duration="00:00:00.0000335" startTime="2019-07-19T15:51:23.7829932+05:30" endTime="2019-07-19T15:51:23.7829932+05:30" testType="13cdc9d9-ddb5-4fa4-a97d-d965ccfc6d4b" outcome="Passed" testListId="8c84fa94-04c1-424b-9868-57a2d4851a1d" relativeResultsDirectory="f555ed95-89a6-49d6-a356-a39d8f2a3ef7" />
    <UnitTestResult executionId="a1d1698a-9c89-4fef-98ed-f1674d708558" testId="40f71d13-7766-ebc7-158b-fea9fe29f6ba" testName="TestMethod264" computerName="SUSALUJ" duration="00:00:00.0000303" startTime="2019-07-19T15:51:23.9479965+05:30" endTime="2019-07-19T15:51:23.9479965+05:30" testType="13cdc9d9-ddb5-4fa4-a97d-d965ccfc6d4b" outcome="Passed" testListId="8c84fa94-04c1-424b-9868-57a2d4851a1d" relativeResultsDirectory="a1d1698a-9c89-4fef-98ed-f1674d708558" />
    <UnitTestResult executionId="d7da19fd-a5e6-4707-acf9-97f6cd6a7436" testId="3ff2e93f-f004-ea7a-6360-9e7eb2f35e5e" testName="TestMethod838" computerName="SUSALUJ" duration="00:00:00.0000302" startTime="2019-07-19T15:51:23.8379961+05:30" endTime="2019-07-19T15:51:23.8389960+05:30" testType="13cdc9d9-ddb5-4fa4-a97d-d965ccfc6d4b" outcome="Passed" testListId="8c84fa94-04c1-424b-9868-57a2d4851a1d" relativeResultsDirectory="d7da19fd-a5e6-4707-acf9-97f6cd6a7436" />
    <UnitTestResult executionId="40cc8a84-f2d8-4e73-aa4b-9e6e9e1751a1" testId="a4d85907-9466-2a97-9fe1-902dee5034c9" testName="TestMethod827" computerName="SUSALUJ" duration="00:00:00.0000307" startTime="2019-07-19T15:51:23.8359946+05:30" endTime="2019-07-19T15:51:23.8359946+05:30" testType="13cdc9d9-ddb5-4fa4-a97d-d965ccfc6d4b" outcome="Passed" testListId="8c84fa94-04c1-424b-9868-57a2d4851a1d" relativeResultsDirectory="40cc8a84-f2d8-4e73-aa4b-9e6e9e1751a1" />
    <UnitTestResult executionId="ac039085-63f6-475a-a976-74a3dce44d63" testId="77dd79a5-8805-fc9a-0820-172fe76aacdc" testName="TestMethod576" computerName="SUSALUJ" duration="00:00:00.0000197" startTime="2019-07-19T15:51:23.8919946+05:30" endTime="2019-07-19T15:51:23.8919946+05:30" testType="13cdc9d9-ddb5-4fa4-a97d-d965ccfc6d4b" outcome="Passed" testListId="8c84fa94-04c1-424b-9868-57a2d4851a1d" relativeResultsDirectory="ac039085-63f6-475a-a976-74a3dce44d63" />
    <UnitTestResult executionId="9a356ab2-17bc-4eb6-9774-12dcf2e14037" testId="446bca83-49f8-6535-b852-d0ba19d36891" testName="TestMethod632" computerName="SUSALUJ" duration="00:00:00.0000201" startTime="2019-07-19T15:51:23.8649950+05:30" endTime="2019-07-19T15:51:23.8649950+05:30" testType="13cdc9d9-ddb5-4fa4-a97d-d965ccfc6d4b" outcome="Passed" testListId="8c84fa94-04c1-424b-9868-57a2d4851a1d" relativeResultsDirectory="9a356ab2-17bc-4eb6-9774-12dcf2e14037" />
    <UnitTestResult executionId="b05241d7-ac52-4e16-87a2-dbc2a6647233" testId="701effda-ecaa-0161-2522-7f0e19a89600" testName="TestMethod679" computerName="SUSALUJ" duration="00:00:00.0000293" startTime="2019-07-19T15:51:23.8739943+05:30" endTime="2019-07-19T15:51:23.8749954+05:30" testType="13cdc9d9-ddb5-4fa4-a97d-d965ccfc6d4b" outcome="Passed" testListId="8c84fa94-04c1-424b-9868-57a2d4851a1d" relativeResultsDirectory="b05241d7-ac52-4e16-87a2-dbc2a6647233" />
    <UnitTestResult executionId="f3705bc7-5eaf-4689-9236-089ecb1e18ad" testId="d68764a6-aede-08ed-cb16-1c089d245555" testName="TestMethod77" computerName="SUSALUJ" duration="00:00:00.0000233" startTime="2019-07-19T15:51:24.1849954+05:30" endTime="2019-07-19T15:51:24.1849954+05:30" testType="13cdc9d9-ddb5-4fa4-a97d-d965ccfc6d4b" outcome="Passed" testListId="8c84fa94-04c1-424b-9868-57a2d4851a1d" relativeResultsDirectory="f3705bc7-5eaf-4689-9236-089ecb1e18ad" />
    <UnitTestResult executionId="5a466cc1-f4b5-4313-866e-12c8fcfb919e" testId="b818cf98-eaf1-d68d-6b43-d90d63abd2ef" testName="TestMethod888" computerName="SUSALUJ" duration="00:00:00.0000228" startTime="2019-07-19T15:51:23.8039960+05:30" endTime="2019-07-19T15:51:23.8049938+05:30" testType="13cdc9d9-ddb5-4fa4-a97d-d965ccfc6d4b" outcome="Passed" testListId="8c84fa94-04c1-424b-9868-57a2d4851a1d" relativeResultsDirectory="5a466cc1-f4b5-4313-866e-12c8fcfb919e" />
    <UnitTestResult executionId="82f78d72-b1a7-42cb-a7e2-b6c495c103cd" testId="29bcff61-a43a-2ea4-43f4-7055d5db65f3" testName="TestMethod572" computerName="SUSALUJ" duration="00:00:00.0000202" startTime="2019-07-19T15:51:23.8919946+05:30" endTime="2019-07-19T15:51:23.8919946+05:30" testType="13cdc9d9-ddb5-4fa4-a97d-d965ccfc6d4b" outcome="Passed" testListId="8c84fa94-04c1-424b-9868-57a2d4851a1d" relativeResultsDirectory="82f78d72-b1a7-42cb-a7e2-b6c495c103cd" />
    <UnitTestResult executionId="b8f531e2-11c4-4421-80b6-49a728c0550d" testId="b1a133e2-bb63-127f-db68-ba6dab916cde" testName="TestMethod956" computerName="SUSALUJ" duration="00:00:00.0000346" startTime="2019-07-19T15:51:23.7829932+05:30" endTime="2019-07-19T15:51:23.7829932+05:30" testType="13cdc9d9-ddb5-4fa4-a97d-d965ccfc6d4b" outcome="Passed" testListId="8c84fa94-04c1-424b-9868-57a2d4851a1d" relativeResultsDirectory="b8f531e2-11c4-4421-80b6-49a728c0550d" />
    <UnitTestResult executionId="3becbcfb-f5e7-4e08-b2a0-2e7a974ba080" testId="e8cf5d70-9946-820d-ca3b-f86aabe77007" testName="TestMethod744" computerName="SUSALUJ" duration="00:00:00.0000239" startTime="2019-07-19T15:51:23.8539946+05:30" endTime="2019-07-19T15:51:23.8539946+05:30" testType="13cdc9d9-ddb5-4fa4-a97d-d965ccfc6d4b" outcome="Passed" testListId="8c84fa94-04c1-424b-9868-57a2d4851a1d" relativeResultsDirectory="3becbcfb-f5e7-4e08-b2a0-2e7a974ba080" />
    <UnitTestResult executionId="58267566-c7d2-4213-9a18-015078f69050" testId="840dc1d5-7578-107a-64ec-eb6ccac07a43" testName="TestMethod233" computerName="SUSALUJ" duration="00:00:00.0000375" startTime="2019-07-19T15:51:23.9919984+05:30" endTime="2019-07-19T15:51:23.9929975+05:30" testType="13cdc9d9-ddb5-4fa4-a97d-d965ccfc6d4b" outcome="Passed" testListId="8c84fa94-04c1-424b-9868-57a2d4851a1d" relativeResultsDirectory="58267566-c7d2-4213-9a18-015078f69050" />
    <UnitTestResult executionId="9002e6db-9505-4da1-92e2-0ac63264e8c2" testId="ae40cd8d-fb37-c670-47a2-bc9cdefaaa15" testName="TestMethod777" computerName="SUSALUJ" duration="00:00:00.0000350" startTime="2019-07-19T15:51:23.8179950+05:30" endTime="2019-07-19T15:51:23.8179950+05:30" testType="13cdc9d9-ddb5-4fa4-a97d-d965ccfc6d4b" outcome="Passed" testListId="8c84fa94-04c1-424b-9868-57a2d4851a1d" relativeResultsDirectory="9002e6db-9505-4da1-92e2-0ac63264e8c2" />
    <UnitTestResult executionId="7bab5b6d-f7f6-481c-a4b0-d275e18f8658" testId="fa94c605-7efa-54ce-b849-37cdbf4948d5" testName="TestMethod475" computerName="SUSALUJ" duration="00:00:00.0000196" startTime="2019-07-19T15:51:23.9069937+05:30" endTime="2019-07-19T15:51:23.9069937+05:30" testType="13cdc9d9-ddb5-4fa4-a97d-d965ccfc6d4b" outcome="Passed" testListId="8c84fa94-04c1-424b-9868-57a2d4851a1d" relativeResultsDirectory="7bab5b6d-f7f6-481c-a4b0-d275e18f8658" />
    <UnitTestResult executionId="258da054-7b39-4212-a589-7d06a294a13d" testId="9dc72d09-419e-01b6-4661-8f4acf74faf2" testName="TestMethod546" computerName="SUSALUJ" duration="00:00:00.0000196" startTime="2019-07-19T15:51:23.8869948+05:30" endTime="2019-07-19T15:51:23.8869948+05:30" testType="13cdc9d9-ddb5-4fa4-a97d-d965ccfc6d4b" outcome="Passed" testListId="8c84fa94-04c1-424b-9868-57a2d4851a1d" relativeResultsDirectory="258da054-7b39-4212-a589-7d06a294a13d" />
    <UnitTestResult executionId="60810c93-59c6-4978-8a65-b034280c65d0" testId="c8b43403-4085-23a3-9a97-87b17dc187b1" testName="TestMethod618" computerName="SUSALUJ" duration="00:00:00.0000287" startTime="2019-07-19T15:51:23.8619934+05:30" endTime="2019-07-19T15:51:23.8619934+05:30" testType="13cdc9d9-ddb5-4fa4-a97d-d965ccfc6d4b" outcome="Passed" testListId="8c84fa94-04c1-424b-9868-57a2d4851a1d" relativeResultsDirectory="60810c93-59c6-4978-8a65-b034280c65d0" />
    <UnitTestResult executionId="a591bde1-d25c-4d03-912a-859795542841" testId="8b53428c-a713-6b36-2567-9117ab16c585" testName="TestMethod929" computerName="SUSALUJ" duration="00:00:00.0000445" startTime="2019-07-19T15:51:23.8139950+05:30" endTime="2019-07-19T15:51:23.8139950+05:30" testType="13cdc9d9-ddb5-4fa4-a97d-d965ccfc6d4b" outcome="Passed" testListId="8c84fa94-04c1-424b-9868-57a2d4851a1d" relativeResultsDirectory="a591bde1-d25c-4d03-912a-859795542841" />
    <UnitTestResult executionId="44ddbc8a-aed0-4689-8dbb-77b78fff7063" testId="50d3bc90-e64c-a7a4-3c89-41f45e1b2071" testName="TestMethod846" computerName="SUSALUJ" duration="00:00:00.0000308" startTime="2019-07-19T15:51:23.8399946+05:30" endTime="2019-07-19T15:51:23.8399946+05:30" testType="13cdc9d9-ddb5-4fa4-a97d-d965ccfc6d4b" outcome="Passed" testListId="8c84fa94-04c1-424b-9868-57a2d4851a1d" relativeResultsDirectory="44ddbc8a-aed0-4689-8dbb-77b78fff7063" />
    <UnitTestResult executionId="a049df22-7bd8-40a5-964b-f831ffcfe55d" testId="120c60bc-8d47-ab32-cd20-724d67dc2f8f" testName="TestMethod559" computerName="SUSALUJ" duration="00:00:00.0000226" startTime="2019-07-19T15:51:23.8899947+05:30" endTime="2019-07-19T15:51:23.8899947+05:30" testType="13cdc9d9-ddb5-4fa4-a97d-d965ccfc6d4b" outcome="Passed" testListId="8c84fa94-04c1-424b-9868-57a2d4851a1d" relativeResultsDirectory="a049df22-7bd8-40a5-964b-f831ffcfe55d" />
    <UnitTestResult executionId="84f2783f-bef3-4034-b3bd-159869446cc9" testId="19e78dcf-3489-c6d6-31d1-cf857baee8be" testName="TestMethod964" computerName="SUSALUJ" duration="00:00:00.0000333" startTime="2019-07-19T15:51:23.7839932+05:30" endTime="2019-07-19T15:51:23.7839932+05:30" testType="13cdc9d9-ddb5-4fa4-a97d-d965ccfc6d4b" outcome="Passed" testListId="8c84fa94-04c1-424b-9868-57a2d4851a1d" relativeResultsDirectory="84f2783f-bef3-4034-b3bd-159869446cc9" />
    <UnitTestResult executionId="f7394a16-db39-44ef-9a33-9ad8d5902d48" testId="4c302f5b-871c-539b-842c-c66a6f64c418" testName="TestMethod140" computerName="SUSALUJ" duration="00:00:00.0000336" startTime="2019-07-19T15:51:24.0139971+05:30" endTime="2019-07-19T15:51:24.0139971+05:30" testType="13cdc9d9-ddb5-4fa4-a97d-d965ccfc6d4b" outcome="Passed" testListId="8c84fa94-04c1-424b-9868-57a2d4851a1d" relativeResultsDirectory="f7394a16-db39-44ef-9a33-9ad8d5902d48" />
    <UnitTestResult executionId="b7a0745b-0a89-45e5-bb4e-3d93afb24625" testId="766c5017-8c1b-76f2-b482-c97f8fac42b9" testName="TestMethod787" computerName="SUSALUJ" duration="00:00:00.0000289" startTime="2019-07-19T15:51:23.8199932+05:30" endTime="2019-07-19T15:51:23.8199932+05:30" testType="13cdc9d9-ddb5-4fa4-a97d-d965ccfc6d4b" outcome="Passed" testListId="8c84fa94-04c1-424b-9868-57a2d4851a1d" relativeResultsDirectory="b7a0745b-0a89-45e5-bb4e-3d93afb24625" />
    <UnitTestResult executionId="744d7465-1c77-41e1-af00-02c7c0faa9c1" testId="649576d9-84f0-7dc5-d235-0e115e5d175e" testName="TestMethod552" computerName="SUSALUJ" duration="00:00:00.0000410" startTime="2019-07-19T15:51:23.8879945+05:30" endTime="2019-07-19T15:51:23.8889950+05:30" testType="13cdc9d9-ddb5-4fa4-a97d-d965ccfc6d4b" outcome="Passed" testListId="8c84fa94-04c1-424b-9868-57a2d4851a1d" relativeResultsDirectory="744d7465-1c77-41e1-af00-02c7c0faa9c1" />
    <UnitTestResult executionId="ae079662-f26a-4d16-8a24-afc6f612f9fd" testId="534302db-0287-6583-3540-ca5566ff48f9" testName="TestMethod818" computerName="SUSALUJ" duration="00:00:00.0000208" startTime="2019-07-19T15:51:23.8339942+05:30" endTime="2019-07-19T15:51:23.8339942+05:30" testType="13cdc9d9-ddb5-4fa4-a97d-d965ccfc6d4b" outcome="Passed" testListId="8c84fa94-04c1-424b-9868-57a2d4851a1d" relativeResultsDirectory="ae079662-f26a-4d16-8a24-afc6f612f9fd" />
    <UnitTestResult executionId="35ed9f78-5124-4c3c-be56-5b7e429f60b0" testId="72423354-0b9d-0d26-a60b-7603415e70ad" testName="TestMethod149" computerName="SUSALUJ" duration="00:00:00.0000374" startTime="2019-07-19T15:51:24.0169954+05:30" endTime="2019-07-19T15:51:24.0169954+05:30" testType="13cdc9d9-ddb5-4fa4-a97d-d965ccfc6d4b" outcome="Passed" testListId="8c84fa94-04c1-424b-9868-57a2d4851a1d" relativeResultsDirectory="35ed9f78-5124-4c3c-be56-5b7e429f60b0" />
    <UnitTestResult executionId="04c92a87-e4fd-40e7-a331-c63764f50c9b" testId="22a69a6d-9667-50e5-bfaf-3f826e30327e" testName="TestMethod540" computerName="SUSALUJ" duration="00:00:00.0000286" startTime="2019-07-19T15:51:23.8869948+05:30" endTime="2019-07-19T15:51:23.8869948+05:30" testType="13cdc9d9-ddb5-4fa4-a97d-d965ccfc6d4b" outcome="Passed" testListId="8c84fa94-04c1-424b-9868-57a2d4851a1d" relativeResultsDirectory="04c92a87-e4fd-40e7-a331-c63764f50c9b" />
    <UnitTestResult executionId="a98e9a94-a302-4e50-9428-25a5023396a5" testId="3c13ee82-e608-9899-ac6f-555a0ec9a575" testName="TestMethod721" computerName="SUSALUJ" duration="00:00:00.0000298" startTime="2019-07-19T15:51:23.8499969+05:30" endTime="2019-07-19T15:51:23.8499969+05:30" testType="13cdc9d9-ddb5-4fa4-a97d-d965ccfc6d4b" outcome="Passed" testListId="8c84fa94-04c1-424b-9868-57a2d4851a1d" relativeResultsDirectory="a98e9a94-a302-4e50-9428-25a5023396a5" />
    <UnitTestResult executionId="f11df770-e1d6-4e3b-ae86-731bc94135c5" testId="acaf8f11-c094-5279-81da-147803acc234" testName="TestMethod70" computerName="SUSALUJ" duration="00:00:00.0000215" startTime="2019-07-19T15:51:24.1839963+05:30" endTime="2019-07-19T15:51:24.1839963+05:30" testType="13cdc9d9-ddb5-4fa4-a97d-d965ccfc6d4b" outcome="Passed" testListId="8c84fa94-04c1-424b-9868-57a2d4851a1d" relativeResultsDirectory="f11df770-e1d6-4e3b-ae86-731bc94135c5" />
    <UnitTestResult executionId="ddba643e-caa4-40a6-91dd-a6960f5dc8c3" testId="fb7a0209-f0c4-b769-e081-77e80f22692c" testName="TestMethod285" computerName="SUSALUJ" duration="00:00:00.0000346" startTime="2019-07-19T15:51:23.9539976+05:30" endTime="2019-07-19T15:51:23.9539976+05:30" testType="13cdc9d9-ddb5-4fa4-a97d-d965ccfc6d4b" outcome="Passed" testListId="8c84fa94-04c1-424b-9868-57a2d4851a1d" relativeResultsDirectory="ddba643e-caa4-40a6-91dd-a6960f5dc8c3" />
    <UnitTestResult executionId="65560fe8-9c30-4a57-9602-fa4d51d6c976" testId="5214e039-aa1f-da9c-191c-0e382c774369" testName="TestMethod735" computerName="SUSALUJ" duration="00:00:00.0000259" startTime="2019-07-19T15:51:23.8529963+05:30" endTime="2019-07-19T15:51:23.8529963+05:30" testType="13cdc9d9-ddb5-4fa4-a97d-d965ccfc6d4b" outcome="Passed" testListId="8c84fa94-04c1-424b-9868-57a2d4851a1d" relativeResultsDirectory="65560fe8-9c30-4a57-9602-fa4d51d6c976" />
    <UnitTestResult executionId="a5b72670-dda8-4a6a-90eb-fe5998947c68" testId="2ddc613f-8f4d-2a7d-21f8-6782a493c660" testName="TestMethod351" computerName="SUSALUJ" duration="00:00:00.0000319" startTime="2019-07-19T15:51:23.9189961+05:30" endTime="2019-07-19T15:51:23.9189961+05:30" testType="13cdc9d9-ddb5-4fa4-a97d-d965ccfc6d4b" outcome="Passed" testListId="8c84fa94-04c1-424b-9868-57a2d4851a1d" relativeResultsDirectory="a5b72670-dda8-4a6a-90eb-fe5998947c68" />
    <UnitTestResult executionId="a1cfb204-b019-4957-adaf-9a67815f6aef" testId="dbbdc319-4b2f-659b-f481-4c052ecc7522" testName="TestMethod511" computerName="SUSALUJ" duration="00:00:00.0000259" startTime="2019-07-19T15:51:23.8749954+05:30" endTime="2019-07-19T15:51:23.8749954+05:30" testType="13cdc9d9-ddb5-4fa4-a97d-d965ccfc6d4b" outcome="Passed" testListId="8c84fa94-04c1-424b-9868-57a2d4851a1d" relativeResultsDirectory="a1cfb204-b019-4957-adaf-9a67815f6aef" />
    <UnitTestResult executionId="1d3f3580-16f8-4631-9d99-62eae619458e" testId="bdcc04af-bd99-f743-70e8-4fe21f8fa829" testName="TestMethod14" computerName="SUSALUJ" duration="00:00:00.0008848" startTime="2019-07-19T15:51:24.1369964+05:30" endTime="2019-07-19T15:51:24.1379982+05:30" testType="13cdc9d9-ddb5-4fa4-a97d-d965ccfc6d4b" outcome="Failed" testListId="8c84fa94-04c1-424b-9868-57a2d4851a1d" relativeResultsDirectory="1d3f3580-16f8-4631-9d99-62eae619458e">
      <Output>
        <ErrorInfo>
          <Message>Assert.AreEqual failed. Expected:&lt;2&gt;. Actual:&lt;4&gt;. </Message>
          <StackTrace>   at TestProjectWON.UnitTest1.TestMethod14() in C:\agent\_work\8\s\TestProjectWON\UnitTest1.cs:line 83&#xD;
</StackTrace>
        </ErrorInfo>
      </Output>
    </UnitTestResult>
    <UnitTestResult executionId="cbb577b0-6aca-4d00-a823-35993a23fd6e" testId="fb017625-fbee-c628-023c-a26622cccf10" testName="TestMethod933" computerName="SUSALUJ" duration="00:00:00.0000405" startTime="2019-07-19T15:51:23.8149966+05:30" endTime="2019-07-19T15:51:23.8149966+05:30" testType="13cdc9d9-ddb5-4fa4-a97d-d965ccfc6d4b" outcome="Passed" testListId="8c84fa94-04c1-424b-9868-57a2d4851a1d" relativeResultsDirectory="cbb577b0-6aca-4d00-a823-35993a23fd6e" />
    <UnitTestResult executionId="3d73989a-43a9-4888-85da-738082db94b8" testId="87064307-995c-89a5-3cb8-a77a86aa3a46" testName="TestMethod95" computerName="SUSALUJ" duration="00:00:00.0000289" startTime="2019-07-19T15:51:24.0009973+05:30" endTime="2019-07-19T15:51:24.0009973+05:30" testType="13cdc9d9-ddb5-4fa4-a97d-d965ccfc6d4b" outcome="Passed" testListId="8c84fa94-04c1-424b-9868-57a2d4851a1d" relativeResultsDirectory="3d73989a-43a9-4888-85da-738082db94b8" />
    <UnitTestResult executionId="cb7b906b-b8fe-40b9-970e-8158ebb08302" testId="c162230b-7740-f5ae-8a70-82a055c18768" testName="TestMethod159" computerName="SUSALUJ" duration="00:00:00.0000335" startTime="2019-07-19T15:51:24.0209990+05:30" endTime="2019-07-19T15:51:24.0209990+05:30" testType="13cdc9d9-ddb5-4fa4-a97d-d965ccfc6d4b" outcome="Passed" testListId="8c84fa94-04c1-424b-9868-57a2d4851a1d" relativeResultsDirectory="cb7b906b-b8fe-40b9-970e-8158ebb08302" />
    <UnitTestResult executionId="54aa8d78-5e97-49c6-878b-56926a84c4a2" testId="e1592505-173a-ef4b-1184-51d39636ab38" testName="TestMethod626" computerName="SUSALUJ" duration="00:00:00.0000195" startTime="2019-07-19T15:51:23.8639966+05:30" endTime="2019-07-19T15:51:23.8639966+05:30" testType="13cdc9d9-ddb5-4fa4-a97d-d965ccfc6d4b" outcome="Passed" testListId="8c84fa94-04c1-424b-9868-57a2d4851a1d" relativeResultsDirectory="54aa8d78-5e97-49c6-878b-56926a84c4a2" />
    <UnitTestResult executionId="6a76bbba-9041-466e-a9b7-519ad3f2f0be" testId="3ceef7be-32d5-cf3e-30d3-6e004273e43d" testName="TestMethod514" computerName="SUSALUJ" duration="00:00:00.0000471" startTime="2019-07-19T15:51:23.8759955+05:30" endTime="2019-07-19T15:51:23.8819945+05:30" testType="13cdc9d9-ddb5-4fa4-a97d-d965ccfc6d4b" outcome="Passed" testListId="8c84fa94-04c1-424b-9868-57a2d4851a1d" relativeResultsDirectory="6a76bbba-9041-466e-a9b7-519ad3f2f0be" />
    <UnitTestResult executionId="5a11ec04-521e-4303-a097-1db547587f5a" testId="2e0816b3-3437-425e-6271-4231472fe7bb" testName="TestMethod283" computerName="SUSALUJ" duration="00:00:00.0000297" startTime="2019-07-19T15:51:23.9529949+05:30" endTime="2019-07-19T15:51:23.9529949+05:30" testType="13cdc9d9-ddb5-4fa4-a97d-d965ccfc6d4b" outcome="Passed" testListId="8c84fa94-04c1-424b-9868-57a2d4851a1d" relativeResultsDirectory="5a11ec04-521e-4303-a097-1db547587f5a" />
    <UnitTestResult executionId="0569dc3f-71ed-4f5c-b7bb-9c3217c90f92" testId="82473ccf-f02c-00f7-3d86-6688287d140a" testName="TestMethod492" computerName="SUSALUJ" duration="00:00:00.0000306" startTime="2019-07-19T15:51:23.9109944+05:30" endTime="2019-07-19T15:51:23.9109944+05:30" testType="13cdc9d9-ddb5-4fa4-a97d-d965ccfc6d4b" outcome="Passed" testListId="8c84fa94-04c1-424b-9868-57a2d4851a1d" relativeResultsDirectory="0569dc3f-71ed-4f5c-b7bb-9c3217c90f92" />
    <UnitTestResult executionId="5b0eb33a-ef09-4bd5-b1e3-e065e4a0da6e" testId="f73cb0ca-dab9-44e0-1abf-071039b3992a" testName="TestMethod984" computerName="SUSALUJ" duration="00:00:00.0000185" startTime="2019-07-19T15:51:23.7879943+05:30" endTime="2019-07-19T15:51:23.7879943+05:30" testType="13cdc9d9-ddb5-4fa4-a97d-d965ccfc6d4b" outcome="Passed" testListId="8c84fa94-04c1-424b-9868-57a2d4851a1d" relativeResultsDirectory="5b0eb33a-ef09-4bd5-b1e3-e065e4a0da6e" />
    <UnitTestResult executionId="9e4dc96d-f513-4dd6-b585-42220215cd73" testId="3b8e6c08-50b1-29ab-a284-f4c5f19ab0fe" testName="TestMethod350" computerName="SUSALUJ" duration="00:00:00.0000311" startTime="2019-07-19T15:51:23.9189961+05:30" endTime="2019-07-19T15:51:23.9189961+05:30" testType="13cdc9d9-ddb5-4fa4-a97d-d965ccfc6d4b" outcome="Passed" testListId="8c84fa94-04c1-424b-9868-57a2d4851a1d" relativeResultsDirectory="9e4dc96d-f513-4dd6-b585-42220215cd73" />
    <UnitTestResult executionId="6666e4d2-7b1d-4750-be72-97aa06e88598" testId="073d55e5-1430-716f-ad09-055a9bd845f9" testName="TestMethod658" computerName="SUSALUJ" duration="00:00:00.0000216" startTime="2019-07-19T15:51:23.8699969+05:30" endTime="2019-07-19T15:51:23.8709968+05:30" testType="13cdc9d9-ddb5-4fa4-a97d-d965ccfc6d4b" outcome="Passed" testListId="8c84fa94-04c1-424b-9868-57a2d4851a1d" relativeResultsDirectory="6666e4d2-7b1d-4750-be72-97aa06e88598" />
    <UnitTestResult executionId="7cc27f6a-a814-41f6-911c-698b75e4693b" testId="9ecc4488-c093-5cb0-bb44-c25e1278f8dc" testName="TestMethod386" computerName="SUSALUJ" duration="00:00:00.0000289" startTime="2019-07-19T15:51:23.9269954+05:30" endTime="2019-07-19T15:51:23.9269954+05:30" testType="13cdc9d9-ddb5-4fa4-a97d-d965ccfc6d4b" outcome="Passed" testListId="8c84fa94-04c1-424b-9868-57a2d4851a1d" relativeResultsDirectory="7cc27f6a-a814-41f6-911c-698b75e4693b" />
    <UnitTestResult executionId="0d786a5c-31c1-41c9-98ff-4ae1a0f41350" testId="2b6f2ebc-a57d-6c17-6e3f-0e6f6548ac39" testName="TestMethod257" computerName="SUSALUJ" duration="00:00:00.0000284" startTime="2019-07-19T15:51:23.9419982+05:30" endTime="2019-07-19T15:51:23.9419982+05:30" testType="13cdc9d9-ddb5-4fa4-a97d-d965ccfc6d4b" outcome="Passed" testListId="8c84fa94-04c1-424b-9868-57a2d4851a1d" relativeResultsDirectory="0d786a5c-31c1-41c9-98ff-4ae1a0f41350" />
    <UnitTestResult executionId="da49b5a9-bb8c-4606-931a-eac8be881a2a" testId="dbfbcf3b-2808-833a-24fe-090f20cf9144" testName="TestMethod913" computerName="SUSALUJ" duration="00:00:00.0000298" startTime="2019-07-19T15:51:23.8099949+05:30" endTime="2019-07-19T15:51:23.8099949+05:30" testType="13cdc9d9-ddb5-4fa4-a97d-d965ccfc6d4b" outcome="Passed" testListId="8c84fa94-04c1-424b-9868-57a2d4851a1d" relativeResultsDirectory="da49b5a9-bb8c-4606-931a-eac8be881a2a" />
    <UnitTestResult executionId="d1fb7548-095a-40a0-85b3-ef36f0b7b06d" testId="911e1691-73da-b130-4b2a-ef8da1c07754" testName="TestMethod100" computerName="SUSALUJ" duration="00:00:00.0000301" startTime="2019-07-19T15:51:24.0029988+05:30" endTime="2019-07-19T15:51:24.0029988+05:30" testType="13cdc9d9-ddb5-4fa4-a97d-d965ccfc6d4b" outcome="Passed" testListId="8c84fa94-04c1-424b-9868-57a2d4851a1d" relativeResultsDirectory="d1fb7548-095a-40a0-85b3-ef36f0b7b06d" />
    <UnitTestResult executionId="43424b13-4468-4ed0-896e-6f75ef23dca1" testId="ee549e95-dfe3-9d51-dc58-2eef43cc8f1e" testName="TestMethod7" computerName="SUSALUJ" duration="00:00:00.0012388" startTime="2019-07-19T15:51:24.1289946+05:30" endTime="2019-07-19T15:51:24.1309944+05:30" testType="13cdc9d9-ddb5-4fa4-a97d-d965ccfc6d4b" outcome="Failed" testListId="8c84fa94-04c1-424b-9868-57a2d4851a1d" relativeResultsDirectory="43424b13-4468-4ed0-896e-6f75ef23dca1">
      <Output>
        <ErrorInfo>
          <Message>Assert.AreEqual failed. Expected:&lt;2&gt;. Actual:&lt;4&gt;. </Message>
          <StackTrace>   at TestProjectWON.UnitTest1.TestMethod7() in C:\agent\_work\8\s\TestProjectWON\UnitTest1.cs:line 48&#xD;
</StackTrace>
        </ErrorInfo>
      </Output>
    </UnitTestResult>
    <UnitTestResult executionId="20454ca1-73e3-4615-bb50-e8b1d652e5a6" testId="53f00e7e-5daf-0ecf-1e6d-c37e1f06c8d1" testName="TestMethod302" computerName="SUSALUJ" duration="00:00:00.0000400" startTime="2019-07-19T15:51:23.9600002+05:30" endTime="2019-07-19T15:51:23.9610010+05:30" testType="13cdc9d9-ddb5-4fa4-a97d-d965ccfc6d4b" outcome="Passed" testListId="8c84fa94-04c1-424b-9868-57a2d4851a1d" relativeResultsDirectory="20454ca1-73e3-4615-bb50-e8b1d652e5a6" />
    <UnitTestResult executionId="551c4752-28c0-49f0-9fa1-6da12f0a1a61" testId="779fb846-f62f-b29d-4159-92284b7f2f4a" testName="TestMethod760" computerName="SUSALUJ" duration="00:00:00.0000198" startTime="2019-07-19T15:51:23.8569938+05:30" endTime="2019-07-19T15:51:23.8569938+05:30" testType="13cdc9d9-ddb5-4fa4-a97d-d965ccfc6d4b" outcome="Passed" testListId="8c84fa94-04c1-424b-9868-57a2d4851a1d" relativeResultsDirectory="551c4752-28c0-49f0-9fa1-6da12f0a1a61" />
    <UnitTestResult executionId="08c2dd0a-4934-4c0b-8c9c-b533e23be4c3" testId="8c1e5349-f7f5-d219-bcb3-94d6fb158aa8" testName="TestMethod502" computerName="SUSALUJ" duration="00:00:00.0000257" startTime="2019-07-19T15:51:23.9139950+05:30" endTime="2019-07-19T15:51:23.9139950+05:30" testType="13cdc9d9-ddb5-4fa4-a97d-d965ccfc6d4b" outcome="Passed" testListId="8c84fa94-04c1-424b-9868-57a2d4851a1d" relativeResultsDirectory="08c2dd0a-4934-4c0b-8c9c-b533e23be4c3" />
    <UnitTestResult executionId="d859384e-e171-43fb-863a-3890cdb30a31" testId="e82bbb02-4440-ce0a-eabb-e0d82db20996" testName="TestMethod116" computerName="SUSALUJ" duration="00:00:00.0000202" startTime="2019-07-19T15:51:24.0059963+05:30" endTime="2019-07-19T15:51:24.0059963+05:30" testType="13cdc9d9-ddb5-4fa4-a97d-d965ccfc6d4b" outcome="Passed" testListId="8c84fa94-04c1-424b-9868-57a2d4851a1d" relativeResultsDirectory="d859384e-e171-43fb-863a-3890cdb30a31" />
    <UnitTestResult executionId="f3402b7b-1281-4261-ad58-6aab0b40a27a" testId="a89cf446-c585-fd98-80b0-38f7aa0529d6" testName="TestMethod110" computerName="SUSALUJ" duration="00:00:00.0004791" startTime="2019-07-19T15:51:24.0039963+05:30" endTime="2019-07-19T15:51:24.0049990+05:30" testType="13cdc9d9-ddb5-4fa4-a97d-d965ccfc6d4b" outcome="Passed" testListId="8c84fa94-04c1-424b-9868-57a2d4851a1d" relativeResultsDirectory="f3402b7b-1281-4261-ad58-6aab0b40a27a" />
    <UnitTestResult executionId="ef8f99be-e846-4ae7-95da-109002819cca" testId="fcc75163-f852-5a64-5ffa-ee97b529c63f" testName="TestMethod381" computerName="SUSALUJ" duration="00:00:00.0000320" startTime="2019-07-19T15:51:23.9259946+05:30" endTime="2019-07-19T15:51:23.9259946+05:30" testType="13cdc9d9-ddb5-4fa4-a97d-d965ccfc6d4b" outcome="Passed" testListId="8c84fa94-04c1-424b-9868-57a2d4851a1d" relativeResultsDirectory="ef8f99be-e846-4ae7-95da-109002819cca" />
    <UnitTestResult executionId="ef93734c-2709-487c-81be-5c0e98114e27" testId="37792299-3dd4-df61-3bcb-467028fc8533" testName="TestMethod457" computerName="SUSALUJ" duration="00:00:00.0000199" startTime="2019-07-19T15:51:23.9019942+05:30" endTime="2019-07-19T15:51:23.9019942+05:30" testType="13cdc9d9-ddb5-4fa4-a97d-d965ccfc6d4b" outcome="Passed" testListId="8c84fa94-04c1-424b-9868-57a2d4851a1d" relativeResultsDirectory="ef93734c-2709-487c-81be-5c0e98114e27" />
    <UnitTestResult executionId="6e592ee3-7cd0-47bb-9d75-f7b9a21b6dc0" testId="cb06d4f5-7dd8-86f9-8e74-9b3b68994dba" testName="TestMethod749" computerName="SUSALUJ" duration="00:00:00.0000204" startTime="2019-07-19T15:51:23.8549939+05:30" endTime="2019-07-19T15:51:23.8549939+05:30" testType="13cdc9d9-ddb5-4fa4-a97d-d965ccfc6d4b" outcome="Passed" testListId="8c84fa94-04c1-424b-9868-57a2d4851a1d" relativeResultsDirectory="6e592ee3-7cd0-47bb-9d75-f7b9a21b6dc0" />
    <UnitTestResult executionId="4293d116-06a1-4389-b17d-42c1caa4357e" testId="f4c2441e-2a8e-327e-131d-c21c411869d0" testName="TestMethod401" computerName="SUSALUJ" duration="00:00:00.0000362" startTime="2019-07-19T15:51:23.9329987+05:30" endTime="2019-07-19T15:51:23.9339959+05:30" testType="13cdc9d9-ddb5-4fa4-a97d-d965ccfc6d4b" outcome="Passed" testListId="8c84fa94-04c1-424b-9868-57a2d4851a1d" relativeResultsDirectory="4293d116-06a1-4389-b17d-42c1caa4357e" />
    <UnitTestResult executionId="f7506a2c-7195-4f42-9d67-2809cc1ecfae" testId="1ae51994-0711-31b1-de1f-5203e8a5234c" testName="TestMethod951" computerName="SUSALUJ" duration="00:00:00.0000322" startTime="2019-07-19T15:51:23.7819933+05:30" endTime="2019-07-19T15:51:23.7819933+05:30" testType="13cdc9d9-ddb5-4fa4-a97d-d965ccfc6d4b" outcome="Passed" testListId="8c84fa94-04c1-424b-9868-57a2d4851a1d" relativeResultsDirectory="f7506a2c-7195-4f42-9d67-2809cc1ecfae" />
    <UnitTestResult executionId="6151d3ce-dfe5-41fb-b9b8-877ab82bad5c" testId="4438e3ce-2809-702e-3732-90329641fb1d" testName="TestMethod779" computerName="SUSALUJ" duration="00:00:00.0000227" startTime="2019-07-19T15:51:23.8189946+05:30" endTime="2019-07-19T15:51:23.8189946+05:30" testType="13cdc9d9-ddb5-4fa4-a97d-d965ccfc6d4b" outcome="Passed" testListId="8c84fa94-04c1-424b-9868-57a2d4851a1d" relativeResultsDirectory="6151d3ce-dfe5-41fb-b9b8-877ab82bad5c" />
    <UnitTestResult executionId="d6c42db2-5a24-4389-bb95-b49541a7263d" testId="6bb02424-1709-b077-6723-ac6e88c80cd5" testName="TestMethod919" computerName="SUSALUJ" duration="00:00:00.0000566" startTime="2019-07-19T15:51:23.8119961+05:30" endTime="2019-07-19T15:51:23.8119961+05:30" testType="13cdc9d9-ddb5-4fa4-a97d-d965ccfc6d4b" outcome="Passed" testListId="8c84fa94-04c1-424b-9868-57a2d4851a1d" relativeResultsDirectory="d6c42db2-5a24-4389-bb95-b49541a7263d" />
    <UnitTestResult executionId="985c0e3c-9415-4832-8b30-e17f12d93f82" testId="d86fc41b-b759-c6af-e706-53b3776f4824" testName="TestMethod737" computerName="SUSALUJ" duration="00:00:00.0000200" startTime="2019-07-19T15:51:23.8529963+05:30" endTime="2019-07-19T15:51:23.8529963+05:30" testType="13cdc9d9-ddb5-4fa4-a97d-d965ccfc6d4b" outcome="Passed" testListId="8c84fa94-04c1-424b-9868-57a2d4851a1d" relativeResultsDirectory="985c0e3c-9415-4832-8b30-e17f12d93f82" />
    <UnitTestResult executionId="cbef0294-9b4a-45db-9214-004df61cea4f" testId="5e96792b-e316-edd5-78c3-2dcaa7810f05" testName="TestMethod407" computerName="SUSALUJ" duration="00:00:00.0000338" startTime="2019-07-19T15:51:23.9349961+05:30" endTime="2019-07-19T15:51:23.9349961+05:30" testType="13cdc9d9-ddb5-4fa4-a97d-d965ccfc6d4b" outcome="Passed" testListId="8c84fa94-04c1-424b-9868-57a2d4851a1d" relativeResultsDirectory="cbef0294-9b4a-45db-9214-004df61cea4f" />
    <UnitTestResult executionId="64e96409-606f-4531-8026-311eeed5f8cb" testId="1fe56e6e-28f0-eae6-cb2c-d586988f6535" testName="TestMethod651" computerName="SUSALUJ" duration="00:00:00.0000198" startTime="2019-07-19T15:51:23.8689957+05:30" endTime="2019-07-19T15:51:23.8689957+05:30" testType="13cdc9d9-ddb5-4fa4-a97d-d965ccfc6d4b" outcome="Passed" testListId="8c84fa94-04c1-424b-9868-57a2d4851a1d" relativeResultsDirectory="64e96409-606f-4531-8026-311eeed5f8cb" />
    <UnitTestResult executionId="969fb185-4426-45a8-9ff3-a44b772540f0" testId="57617edb-f469-e6ae-a1d6-6ef9c44c5b8e" testName="TestMethod815" computerName="SUSALUJ" duration="00:00:00.0000227" startTime="2019-07-19T15:51:23.8339942+05:30" endTime="2019-07-19T15:51:23.8339942+05:30" testType="13cdc9d9-ddb5-4fa4-a97d-d965ccfc6d4b" outcome="Passed" testListId="8c84fa94-04c1-424b-9868-57a2d4851a1d" relativeResultsDirectory="969fb185-4426-45a8-9ff3-a44b772540f0" />
    <UnitTestResult executionId="9dc8f05c-f488-4e20-a053-27e078aea9f3" testId="9690d7c7-ef93-a224-41e2-b62a3eea7ce8" testName="TestMethod265" computerName="SUSALUJ" duration="00:00:00.0000491" startTime="2019-07-19T15:51:23.9479965+05:30" endTime="2019-07-19T15:51:23.9489967+05:30" testType="13cdc9d9-ddb5-4fa4-a97d-d965ccfc6d4b" outcome="Passed" testListId="8c84fa94-04c1-424b-9868-57a2d4851a1d" relativeResultsDirectory="9dc8f05c-f488-4e20-a053-27e078aea9f3" />
    <UnitTestResult executionId="2155186f-092d-402f-a7f8-3ecc440d3005" testId="d0b1f7dc-31d1-6275-6eac-8c5e9f628719" testName="TestMethod439" computerName="SUSALUJ" duration="00:00:00.0000258" startTime="2019-07-19T15:51:23.8989943+05:30" endTime="2019-07-19T15:51:23.8989943+05:30" testType="13cdc9d9-ddb5-4fa4-a97d-d965ccfc6d4b" outcome="Passed" testListId="8c84fa94-04c1-424b-9868-57a2d4851a1d" relativeResultsDirectory="2155186f-092d-402f-a7f8-3ecc440d3005" />
    <UnitTestResult executionId="463ccb73-be02-401f-8729-aaed772b8065" testId="5011fa05-fc7a-5b36-1a94-4fac9b8df85f" testName="TestMethod859" computerName="SUSALUJ" duration="00:00:00.0000599" startTime="2019-07-19T15:51:23.7949944+05:30" endTime="2019-07-19T15:51:23.7949944+05:30" testType="13cdc9d9-ddb5-4fa4-a97d-d965ccfc6d4b" outcome="Passed" testListId="8c84fa94-04c1-424b-9868-57a2d4851a1d" relativeResultsDirectory="463ccb73-be02-401f-8729-aaed772b8065" />
    <UnitTestResult executionId="dd12776b-ebd1-4d21-9722-0ae09b9605c5" testId="99a2f1a1-2bde-2fc3-5c1c-13072625faa1" testName="TestMethod398" computerName="SUSALUJ" duration="00:00:00.0000405" startTime="2019-07-19T15:51:23.9319977+05:30" endTime="2019-07-19T15:51:23.9329987+05:30" testType="13cdc9d9-ddb5-4fa4-a97d-d965ccfc6d4b" outcome="Passed" testListId="8c84fa94-04c1-424b-9868-57a2d4851a1d" relativeResultsDirectory="dd12776b-ebd1-4d21-9722-0ae09b9605c5" />
    <UnitTestResult executionId="bb438432-cadb-44b1-9132-d0c0be9420eb" testId="e58a0942-0a45-f68c-4939-9698b6e41f36" testName="TestMethod826" computerName="SUSALUJ" duration="00:00:00.0000385" startTime="2019-07-19T15:51:23.8359946+05:30" endTime="2019-07-19T15:51:23.8359946+05:30" testType="13cdc9d9-ddb5-4fa4-a97d-d965ccfc6d4b" outcome="Passed" testListId="8c84fa94-04c1-424b-9868-57a2d4851a1d" relativeResultsDirectory="bb438432-cadb-44b1-9132-d0c0be9420eb" />
    <UnitTestResult executionId="1f4b9b2b-d79a-454c-ac68-1b7ac2adb5fb" testId="315e9158-8e73-0db5-6e9f-934f52aa4308" testName="TestMethod61" computerName="SUSALUJ" duration="00:00:00.0000214" startTime="2019-07-19T15:51:24.1819942+05:30" endTime="2019-07-19T15:51:24.1819942+05:30" testType="13cdc9d9-ddb5-4fa4-a97d-d965ccfc6d4b" outcome="Passed" testListId="8c84fa94-04c1-424b-9868-57a2d4851a1d" relativeResultsDirectory="1f4b9b2b-d79a-454c-ac68-1b7ac2adb5fb" />
    <UnitTestResult executionId="141471c7-b958-4eb7-80db-ba862f66afe9" testId="6db2f1b4-28a3-6deb-cfbf-a9008e037128" testName="TestMethod786" computerName="SUSALUJ" duration="00:00:00.0000288" startTime="2019-07-19T15:51:23.8199932+05:30" endTime="2019-07-19T15:51:23.8199932+05:30" testType="13cdc9d9-ddb5-4fa4-a97d-d965ccfc6d4b" outcome="Passed" testListId="8c84fa94-04c1-424b-9868-57a2d4851a1d" relativeResultsDirectory="141471c7-b958-4eb7-80db-ba862f66afe9" />
    <UnitTestResult executionId="c4661de4-5f84-4dc5-910e-a17d2aaeb6d7" testId="499191c7-8e1f-1af0-fa12-47eaec6d64f2" testName="TestMethod674" computerName="SUSALUJ" duration="00:00:00.0000247" startTime="2019-07-19T15:51:23.8729942+05:30" endTime="2019-07-19T15:51:23.8729942+05:30" testType="13cdc9d9-ddb5-4fa4-a97d-d965ccfc6d4b" outcome="Passed" testListId="8c84fa94-04c1-424b-9868-57a2d4851a1d" relativeResultsDirectory="c4661de4-5f84-4dc5-910e-a17d2aaeb6d7" />
    <UnitTestResult executionId="914ed43d-a6dd-436e-a8ab-f00ddff0113d" testId="668d0b8e-9860-f146-142e-006ec1261508" testName="TestMethod881" computerName="SUSALUJ" duration="00:00:00.0000571" startTime="2019-07-19T15:51:23.8029962+05:30" endTime="2019-07-19T15:51:23.8029962+05:30" testType="13cdc9d9-ddb5-4fa4-a97d-d965ccfc6d4b" outcome="Passed" testListId="8c84fa94-04c1-424b-9868-57a2d4851a1d" relativeResultsDirectory="914ed43d-a6dd-436e-a8ab-f00ddff0113d" />
    <UnitTestResult executionId="912c1909-bf69-46ac-86e7-0d8dbe0373a8" testId="1e972868-705b-a2cf-bcf4-1e98d9f4c876" testName="TestMethod64" computerName="SUSALUJ" duration="00:00:00.0000373" startTime="2019-07-19T15:51:24.1819942+05:30" endTime="2019-07-19T15:51:24.1829965+05:30" testType="13cdc9d9-ddb5-4fa4-a97d-d965ccfc6d4b" outcome="Passed" testListId="8c84fa94-04c1-424b-9868-57a2d4851a1d" relativeResultsDirectory="912c1909-bf69-46ac-86e7-0d8dbe0373a8" />
    <UnitTestResult executionId="47192a69-470f-4b96-94cc-ed3305766b17" testId="5c89a79c-3302-59fb-0a7f-dd6efcecc99f" testName="TestMethod200" computerName="SUSALUJ" duration="00:00:00.0000224" startTime="2019-07-19T15:51:23.9819951+05:30" endTime="2019-07-19T15:51:23.9819951+05:30" testType="13cdc9d9-ddb5-4fa4-a97d-d965ccfc6d4b" outcome="Passed" testListId="8c84fa94-04c1-424b-9868-57a2d4851a1d" relativeResultsDirectory="47192a69-470f-4b96-94cc-ed3305766b17" />
    <UnitTestResult executionId="fa600612-c1f1-4007-b3fb-83f2932d150d" testId="8b2f8dee-5111-0e66-4cbd-d2d21db27954" testName="TestMethod157" computerName="SUSALUJ" duration="00:00:00.0000594" startTime="2019-07-19T15:51:24.0199959+05:30" endTime="2019-07-19T15:51:24.0209990+05:30" testType="13cdc9d9-ddb5-4fa4-a97d-d965ccfc6d4b" outcome="Passed" testListId="8c84fa94-04c1-424b-9868-57a2d4851a1d" relativeResultsDirectory="fa600612-c1f1-4007-b3fb-83f2932d150d" />
    <UnitTestResult executionId="6060c17c-1e40-4ba4-9aa2-8c80b5576c65" testId="25e5fbea-a59a-469e-2c57-bf43e692253f" testName="TestMethod490" computerName="SUSALUJ" duration="00:00:00.0000357" startTime="2019-07-19T15:51:23.9099965+05:30" endTime="2019-07-19T15:51:23.9099965+05:30" testType="13cdc9d9-ddb5-4fa4-a97d-d965ccfc6d4b" outcome="Passed" testListId="8c84fa94-04c1-424b-9868-57a2d4851a1d" relativeResultsDirectory="6060c17c-1e40-4ba4-9aa2-8c80b5576c65" />
    <UnitTestResult executionId="b8bf5102-ea3d-4a1e-be39-0fdd2987f2ac" testId="bdbabfef-fc71-7a90-c6ce-f231309a0e74" testName="TestMethod909" computerName="SUSALUJ" duration="00:00:00.0000208" startTime="2019-07-19T15:51:23.8089957+05:30" endTime="2019-07-19T15:51:23.8089957+05:30" testType="13cdc9d9-ddb5-4fa4-a97d-d965ccfc6d4b" outcome="Passed" testListId="8c84fa94-04c1-424b-9868-57a2d4851a1d" relativeResultsDirectory="b8bf5102-ea3d-4a1e-be39-0fdd2987f2ac" />
    <UnitTestResult executionId="6652bd22-9a21-4424-94e2-88b5d095945e" testId="45d623f8-350a-1c5f-cb90-032738afc629" testName="TestMethod925" computerName="SUSALUJ" duration="00:00:00.0000385" startTime="2019-07-19T15:51:23.8129952+05:30" endTime="2019-07-19T15:51:23.8129952+05:30" testType="13cdc9d9-ddb5-4fa4-a97d-d965ccfc6d4b" outcome="Passed" testListId="8c84fa94-04c1-424b-9868-57a2d4851a1d" relativeResultsDirectory="6652bd22-9a21-4424-94e2-88b5d095945e" />
    <UnitTestResult executionId="540ebdae-99a5-4eb7-8e86-e8810d68dcc6" testId="7ed00c63-b206-d22d-b036-c81acaffec65" testName="TestMethod591" computerName="SUSALUJ" duration="00:00:00.0000386" startTime="2019-07-19T15:51:23.8949967+05:30" endTime="2019-07-19T15:51:23.8959935+05:30" testType="13cdc9d9-ddb5-4fa4-a97d-d965ccfc6d4b" outcome="Passed" testListId="8c84fa94-04c1-424b-9868-57a2d4851a1d" relativeResultsDirectory="540ebdae-99a5-4eb7-8e86-e8810d68dcc6" />
    <UnitTestResult executionId="f958d85c-44c3-442b-bb3e-43f2184379aa" testId="2fe22068-754c-597f-0833-1bd50a45e77d" testName="TestMethod662" computerName="SUSALUJ" duration="00:00:00.0000229" startTime="2019-07-19T15:51:23.8709968+05:30" endTime="2019-07-19T15:51:23.8709968+05:30" testType="13cdc9d9-ddb5-4fa4-a97d-d965ccfc6d4b" outcome="Passed" testListId="8c84fa94-04c1-424b-9868-57a2d4851a1d" relativeResultsDirectory="f958d85c-44c3-442b-bb3e-43f2184379aa" />
    <UnitTestResult executionId="ef9d28c4-df4f-4f53-be77-b904fcbb9b81" testId="02162ec9-aaa4-c793-b608-760b19affd81" testName="TestMethod974" computerName="SUSALUJ" duration="00:00:00.0000202" startTime="2019-07-19T15:51:23.7869937+05:30" endTime="2019-07-19T15:51:23.7869937+05:30" testType="13cdc9d9-ddb5-4fa4-a97d-d965ccfc6d4b" outcome="Passed" testListId="8c84fa94-04c1-424b-9868-57a2d4851a1d" relativeResultsDirectory="ef9d28c4-df4f-4f53-be77-b904fcbb9b81" />
    <UnitTestResult executionId="2abc84d2-2a49-4434-936b-6490b27079ed" testId="17b82f64-8697-0f7b-bebf-d53ef4dc533d" testName="TestMethod387" computerName="SUSALUJ" duration="00:00:00.0000440" startTime="2019-07-19T15:51:23.9279990+05:30" endTime="2019-07-19T15:51:23.9279990+05:30" testType="13cdc9d9-ddb5-4fa4-a97d-d965ccfc6d4b" outcome="Passed" testListId="8c84fa94-04c1-424b-9868-57a2d4851a1d" relativeResultsDirectory="2abc84d2-2a49-4434-936b-6490b27079ed" />
    <UnitTestResult executionId="bb2eccc9-cf15-4c6c-9e7b-b5f3cb23f1b9" testId="eef1d5fa-f70e-9435-6c4f-65fc77d3b605" testName="TestMethod981" computerName="SUSALUJ" duration="00:00:00.0000203" startTime="2019-07-19T15:51:23.7879943+05:30" endTime="2019-07-19T15:51:23.7879943+05:30" testType="13cdc9d9-ddb5-4fa4-a97d-d965ccfc6d4b" outcome="Passed" testListId="8c84fa94-04c1-424b-9868-57a2d4851a1d" relativeResultsDirectory="bb2eccc9-cf15-4c6c-9e7b-b5f3cb23f1b9" />
    <UnitTestResult executionId="c74c182d-d255-49ef-b1e4-12fe59238c2f" testId="de60a753-470d-c825-ac66-453d4a99daa5" testName="TestMethod98" computerName="SUSALUJ" duration="00:00:00.0000644" startTime="2019-07-19T15:51:24.0009973+05:30" endTime="2019-07-19T15:51:24.0019952+05:30" testType="13cdc9d9-ddb5-4fa4-a97d-d965ccfc6d4b" outcome="Passed" testListId="8c84fa94-04c1-424b-9868-57a2d4851a1d" relativeResultsDirectory="c74c182d-d255-49ef-b1e4-12fe59238c2f" />
    <UnitTestResult executionId="e7ead1c0-1d0f-44e8-96c8-0d4d4fdfd091" testId="644cd37f-c859-5403-ac27-b0c77ac8d299" testName="TestMethod677" computerName="SUSALUJ" duration="00:00:00.0000220" startTime="2019-07-19T15:51:23.8739943+05:30" endTime="2019-07-19T15:51:23.8739943+05:30" testType="13cdc9d9-ddb5-4fa4-a97d-d965ccfc6d4b" outcome="Passed" testListId="8c84fa94-04c1-424b-9868-57a2d4851a1d" relativeResultsDirectory="e7ead1c0-1d0f-44e8-96c8-0d4d4fdfd091" />
    <UnitTestResult executionId="06abb794-e005-4332-bc08-1db12a75e88a" testId="daad17bb-4bfd-057d-d1e1-35e885fba814" testName="TestMethod789" computerName="SUSALUJ" duration="00:00:00.0010588" startTime="2019-07-19T15:51:23.8209945+05:30" endTime="2019-07-19T15:51:23.8229982+05:30" testType="13cdc9d9-ddb5-4fa4-a97d-d965ccfc6d4b" outcome="Passed" testListId="8c84fa94-04c1-424b-9868-57a2d4851a1d" relativeResultsDirectory="06abb794-e005-4332-bc08-1db12a75e88a" />
    <UnitTestResult executionId="980b5ae6-7446-44be-a69b-4ff033c7e49a" testId="9919baa0-2e36-3362-614a-8da80a13a4ab" testName="TestMethod284" computerName="SUSALUJ" duration="00:00:00.0004713" startTime="2019-07-19T15:51:23.9529949+05:30" endTime="2019-07-19T15:51:23.9539976+05:30" testType="13cdc9d9-ddb5-4fa4-a97d-d965ccfc6d4b" outcome="Passed" testListId="8c84fa94-04c1-424b-9868-57a2d4851a1d" relativeResultsDirectory="980b5ae6-7446-44be-a69b-4ff033c7e49a" />
    <UnitTestResult executionId="db227fc9-8e49-4417-afee-d08b31a86646" testId="41ba25c7-0eaa-9cd8-3146-7df414caa490" testName="TestMethod716" computerName="SUSALUJ" duration="00:00:00.0000342" startTime="2019-07-19T15:51:23.8489960+05:30" endTime="2019-07-19T15:51:23.8489960+05:30" testType="13cdc9d9-ddb5-4fa4-a97d-d965ccfc6d4b" outcome="Passed" testListId="8c84fa94-04c1-424b-9868-57a2d4851a1d" relativeResultsDirectory="db227fc9-8e49-4417-afee-d08b31a86646" />
    <UnitTestResult executionId="7f4f5ba9-8e0b-4b81-bcd4-1ebbc1b16627" testId="403197e3-80d5-d38a-7a69-130745b65f52" testName="TestMethod579" computerName="SUSALUJ" duration="00:00:00.0000224" startTime="2019-07-19T15:51:23.8929941+05:30" endTime="2019-07-19T15:51:23.8929941+05:30" testType="13cdc9d9-ddb5-4fa4-a97d-d965ccfc6d4b" outcome="Passed" testListId="8c84fa94-04c1-424b-9868-57a2d4851a1d" relativeResultsDirectory="7f4f5ba9-8e0b-4b81-bcd4-1ebbc1b16627" />
    <UnitTestResult executionId="1ffe1e78-23ce-4019-9e12-a5e74c461fa8" testId="cd875926-d1f9-6873-7028-cf4c8ecd0257" testName="TestMethod918" computerName="SUSALUJ" duration="00:00:00.0000700" startTime="2019-07-19T15:51:23.8109947+05:30" endTime="2019-07-19T15:51:23.8119961+05:30" testType="13cdc9d9-ddb5-4fa4-a97d-d965ccfc6d4b" outcome="Passed" testListId="8c84fa94-04c1-424b-9868-57a2d4851a1d" relativeResultsDirectory="1ffe1e78-23ce-4019-9e12-a5e74c461fa8" />
    <UnitTestResult executionId="a21d01f4-43f3-44ec-b1e0-7d4837a7a235" testId="0fdf1917-368f-2ffc-0263-de0cffd5016e" testName="TestMethod219" computerName="SUSALUJ" duration="00:00:00.0000313" startTime="2019-07-19T15:51:23.9879966+05:30" endTime="2019-07-19T15:51:23.9879966+05:30" testType="13cdc9d9-ddb5-4fa4-a97d-d965ccfc6d4b" outcome="Passed" testListId="8c84fa94-04c1-424b-9868-57a2d4851a1d" relativeResultsDirectory="a21d01f4-43f3-44ec-b1e0-7d4837a7a235" />
    <UnitTestResult executionId="d8814e12-0566-47fa-86a1-78e9c8ef2201" testId="01edfe3a-b99c-0e95-d27d-a91e1755f99c" testName="TestMethod469" computerName="SUSALUJ" duration="00:00:00.0000362" startTime="2019-07-19T15:51:23.9049936+05:30" endTime="2019-07-19T15:51:23.9059938+05:30" testType="13cdc9d9-ddb5-4fa4-a97d-d965ccfc6d4b" outcome="Passed" testListId="8c84fa94-04c1-424b-9868-57a2d4851a1d" relativeResultsDirectory="d8814e12-0566-47fa-86a1-78e9c8ef2201" />
    <UnitTestResult executionId="304c8937-0464-4eaf-a1db-e95b27e5c728" testId="4dd705b4-7906-f919-391b-5a84eba0a39f" testName="TestMethod968" computerName="SUSALUJ" duration="00:00:00.0000517" startTime="2019-07-19T15:51:23.7859938+05:30" endTime="2019-07-19T15:51:23.7859938+05:30" testType="13cdc9d9-ddb5-4fa4-a97d-d965ccfc6d4b" outcome="Passed" testListId="8c84fa94-04c1-424b-9868-57a2d4851a1d" relativeResultsDirectory="304c8937-0464-4eaf-a1db-e95b27e5c728" />
    <UnitTestResult executionId="50ec1362-a52f-451c-a9f6-89be4e338b6c" testId="25f6a734-66c9-8e52-5315-839b41d0d581" testName="TestMethod106" computerName="SUSALUJ" duration="00:00:00.0000205" startTime="2019-07-19T15:51:24.0039963+05:30" endTime="2019-07-19T15:51:24.0039963+05:30" testType="13cdc9d9-ddb5-4fa4-a97d-d965ccfc6d4b" outcome="Passed" testListId="8c84fa94-04c1-424b-9868-57a2d4851a1d" relativeResultsDirectory="50ec1362-a52f-451c-a9f6-89be4e338b6c" />
    <UnitTestResult executionId="605018e7-e696-4bcb-bbe7-9cf489d85503" testId="18a0ff0a-ac1a-a9d5-81ad-858aef9a2757" testName="TestMethod810" computerName="SUSALUJ" duration="00:00:00.0000196" startTime="2019-07-19T15:51:23.8319962+05:30" endTime="2019-07-19T15:51:23.8319962+05:30" testType="13cdc9d9-ddb5-4fa4-a97d-d965ccfc6d4b" outcome="Passed" testListId="8c84fa94-04c1-424b-9868-57a2d4851a1d" relativeResultsDirectory="605018e7-e696-4bcb-bbe7-9cf489d85503" />
    <UnitTestResult executionId="9646399f-fde4-4259-b595-5af8f000c38a" testId="c71759fc-e4e5-d7b5-0b8a-14b59e843b99" testName="TestMethod345" computerName="SUSALUJ" duration="00:00:00.0000204" startTime="2019-07-19T15:51:23.9169989+05:30" endTime="2019-07-19T15:51:23.9169989+05:30" testType="13cdc9d9-ddb5-4fa4-a97d-d965ccfc6d4b" outcome="Passed" testListId="8c84fa94-04c1-424b-9868-57a2d4851a1d" relativeResultsDirectory="9646399f-fde4-4259-b595-5af8f000c38a" />
    <UnitTestResult executionId="bb8a79f2-a709-4ed8-a662-550f17ca065b" testId="d0835474-54a2-68b1-7f10-3e1e88991a85" testName="TestMethod922" computerName="SUSALUJ" duration="00:00:00.0000387" startTime="2019-07-19T15:51:23.8129952+05:30" endTime="2019-07-19T15:51:23.8129952+05:30" testType="13cdc9d9-ddb5-4fa4-a97d-d965ccfc6d4b" outcome="Passed" testListId="8c84fa94-04c1-424b-9868-57a2d4851a1d" relativeResultsDirectory="bb8a79f2-a709-4ed8-a662-550f17ca065b" />
    <UnitTestResult executionId="17750615-f601-4c4f-aecd-1ff08e644428" testId="4a234cdc-1e2b-9b77-4204-04cd8ac76447" testName="TestMethod172" computerName="SUSALUJ" duration="00:00:00.0000308" startTime="2019-07-19T15:51:23.9739971+05:30" endTime="2019-07-19T15:51:23.9739971+05:30" testType="13cdc9d9-ddb5-4fa4-a97d-d965ccfc6d4b" outcome="Passed" testListId="8c84fa94-04c1-424b-9868-57a2d4851a1d" relativeResultsDirectory="17750615-f601-4c4f-aecd-1ff08e644428" />
    <UnitTestResult executionId="4874f459-7b20-44c3-9861-9ac7951d6e05" testId="3c6bc004-d150-e549-23d9-d7b29cfb4820" testName="TestMethod573" computerName="SUSALUJ" duration="00:00:00.0000198" startTime="2019-07-19T15:51:23.8919946+05:30" endTime="2019-07-19T15:51:23.8919946+05:30" testType="13cdc9d9-ddb5-4fa4-a97d-d965ccfc6d4b" outcome="Passed" testListId="8c84fa94-04c1-424b-9868-57a2d4851a1d" relativeResultsDirectory="4874f459-7b20-44c3-9861-9ac7951d6e05" />
    <UnitTestResult executionId="77d38862-35c2-431c-bbf6-2064db7976d7" testId="338cbb1d-4818-4b9d-5dac-eff2a3aeef9f" testName="TestMethod479" computerName="SUSALUJ" duration="00:00:00.0000197" startTime="2019-07-19T15:51:23.9069937+05:30" endTime="2019-07-19T15:51:23.9069937+05:30" testType="13cdc9d9-ddb5-4fa4-a97d-d965ccfc6d4b" outcome="Passed" testListId="8c84fa94-04c1-424b-9868-57a2d4851a1d" relativeResultsDirectory="77d38862-35c2-431c-bbf6-2064db7976d7" />
    <UnitTestResult executionId="834c51c5-7e6d-4038-921b-88e22a12f5b6" testId="0a813c2e-c51e-bd80-94ac-98a95a07ff38" testName="TestMethod212" computerName="SUSALUJ" duration="00:00:00.0000329" startTime="2019-07-19T15:51:23.9859965+05:30" endTime="2019-07-19T15:51:23.9859965+05:30" testType="13cdc9d9-ddb5-4fa4-a97d-d965ccfc6d4b" outcome="Passed" testListId="8c84fa94-04c1-424b-9868-57a2d4851a1d" relativeResultsDirectory="834c51c5-7e6d-4038-921b-88e22a12f5b6" />
    <UnitTestResult executionId="0d1aa49b-cf07-465d-af52-dee8e45f8ec0" testId="2c2a79ca-ceae-8884-25a5-a7c107220ca4" testName="TestMethod440" computerName="SUSALUJ" duration="00:00:00.0000243" startTime="2019-07-19T15:51:23.8989943+05:30" endTime="2019-07-19T15:51:23.8989943+05:30" testType="13cdc9d9-ddb5-4fa4-a97d-d965ccfc6d4b" outcome="Passed" testListId="8c84fa94-04c1-424b-9868-57a2d4851a1d" relativeResultsDirectory="0d1aa49b-cf07-465d-af52-dee8e45f8ec0" />
    <UnitTestResult executionId="4684668b-be68-4b4a-a228-e242ed4dfd3f" testId="49e2a578-06b2-ded3-6f98-62bfba3a3398" testName="TestMethod413" computerName="SUSALUJ" duration="00:00:00.0000359" startTime="2019-07-19T15:51:23.9369963+05:30" endTime="2019-07-19T15:51:23.9369963+05:30" testType="13cdc9d9-ddb5-4fa4-a97d-d965ccfc6d4b" outcome="Passed" testListId="8c84fa94-04c1-424b-9868-57a2d4851a1d" relativeResultsDirectory="4684668b-be68-4b4a-a228-e242ed4dfd3f" />
    <UnitTestResult executionId="92032d1b-88da-4295-ad37-f2290b41fe58" testId="bb06bf78-ab21-b368-e7ef-1d7c921a2efd" testName="TestMethod982" computerName="SUSALUJ" duration="00:00:00.0000196" startTime="2019-07-19T15:51:23.7879943+05:30" endTime="2019-07-19T15:51:23.7879943+05:30" testType="13cdc9d9-ddb5-4fa4-a97d-d965ccfc6d4b" outcome="Passed" testListId="8c84fa94-04c1-424b-9868-57a2d4851a1d" relativeResultsDirectory="92032d1b-88da-4295-ad37-f2290b41fe58" />
    <UnitTestResult executionId="dcd6f0e6-2f1a-4555-9774-41a44f53450b" testId="f82332ef-7e4a-1896-d313-946a251f4768" testName="TestMethod853" computerName="SUSALUJ" duration="00:00:00.0000369" startTime="2019-07-19T15:51:23.7929943+05:30" endTime="2019-07-19T15:51:23.7929943+05:30" testType="13cdc9d9-ddb5-4fa4-a97d-d965ccfc6d4b" outcome="Passed" testListId="8c84fa94-04c1-424b-9868-57a2d4851a1d" relativeResultsDirectory="dcd6f0e6-2f1a-4555-9774-41a44f53450b" />
    <UnitTestResult executionId="2f421a63-6210-4640-bd11-2bf0e8f8ba6b" testId="c9687247-30d1-280a-87a9-80a36b2d7cef" testName="TestMethod71" computerName="SUSALUJ" duration="00:00:00.0000203" startTime="2019-07-19T15:51:24.1839963+05:30" endTime="2019-07-19T15:51:24.1839963+05:30" testType="13cdc9d9-ddb5-4fa4-a97d-d965ccfc6d4b" outcome="Passed" testListId="8c84fa94-04c1-424b-9868-57a2d4851a1d" relativeResultsDirectory="2f421a63-6210-4640-bd11-2bf0e8f8ba6b" />
    <UnitTestResult executionId="d3e31a11-1716-44b7-960d-ef71ec2db3ac" testId="f6e97cfb-e78c-702e-7716-a8cb30f049ad" testName="TestMethod450" computerName="SUSALUJ" duration="00:00:00.0000203" startTime="2019-07-19T15:51:23.9009945+05:30" endTime="2019-07-19T15:51:23.9019942+05:30" testType="13cdc9d9-ddb5-4fa4-a97d-d965ccfc6d4b" outcome="Passed" testListId="8c84fa94-04c1-424b-9868-57a2d4851a1d" relativeResultsDirectory="d3e31a11-1716-44b7-960d-ef71ec2db3ac" />
    <UnitTestResult executionId="831c5f84-710c-4b58-9d83-a2aa95e06081" testId="2d37474b-3bff-518c-3eb2-7e61c99f0232" testName="TestMethod790" computerName="SUSALUJ" duration="00:00:00.0000460" startTime="2019-07-19T15:51:23.8229982+05:30" endTime="2019-07-19T15:51:23.8229982+05:30" testType="13cdc9d9-ddb5-4fa4-a97d-d965ccfc6d4b" outcome="Passed" testListId="8c84fa94-04c1-424b-9868-57a2d4851a1d" relativeResultsDirectory="831c5f84-710c-4b58-9d83-a2aa95e06081" />
    <UnitTestResult executionId="dfad8f33-dd15-4926-a04d-18bb3eb8172c" testId="cdb1b06a-ede8-fa7c-7412-d384b4ec55e0" testName="TestMethod921" computerName="SUSALUJ" duration="00:00:00.0000456" startTime="2019-07-19T15:51:23.8119961+05:30" endTime="2019-07-19T15:51:23.8129952+05:30" testType="13cdc9d9-ddb5-4fa4-a97d-d965ccfc6d4b" outcome="Passed" testListId="8c84fa94-04c1-424b-9868-57a2d4851a1d" relativeResultsDirectory="dfad8f33-dd15-4926-a04d-18bb3eb8172c" />
    <UnitTestResult executionId="18513952-760c-48e4-b349-5a96aa9f268e" testId="dacf622c-f26a-8ea3-92b3-0fbbc926ff80" testName="TestMethod740" computerName="SUSALUJ" duration="00:00:00.0000197" startTime="2019-07-19T15:51:23.8539946+05:30" endTime="2019-07-19T15:51:23.8539946+05:30" testType="13cdc9d9-ddb5-4fa4-a97d-d965ccfc6d4b" outcome="Passed" testListId="8c84fa94-04c1-424b-9868-57a2d4851a1d" relativeResultsDirectory="18513952-760c-48e4-b349-5a96aa9f268e" />
    <UnitTestResult executionId="0f431269-f631-4749-913f-6c6404ed2fbd" testId="e84f7890-4a74-4696-218c-b5a9ae941044" testName="TestMethod262" computerName="SUSALUJ" duration="00:00:00.0000299" startTime="2019-07-19T15:51:23.9479965+05:30" endTime="2019-07-19T15:51:23.9479965+05:30" testType="13cdc9d9-ddb5-4fa4-a97d-d965ccfc6d4b" outcome="Passed" testListId="8c84fa94-04c1-424b-9868-57a2d4851a1d" relativeResultsDirectory="0f431269-f631-4749-913f-6c6404ed2fbd" />
    <UnitTestResult executionId="1f3f490e-c5c8-4048-a4ff-889668221b97" testId="d0d8381f-1212-f655-b7e8-da949ae6037a" testName="TestMethod676" computerName="SUSALUJ" duration="00:00:00.0000247" startTime="2019-07-19T15:51:23.8739943+05:30" endTime="2019-07-19T15:51:23.8739943+05:30" testType="13cdc9d9-ddb5-4fa4-a97d-d965ccfc6d4b" outcome="Passed" testListId="8c84fa94-04c1-424b-9868-57a2d4851a1d" relativeResultsDirectory="1f3f490e-c5c8-4048-a4ff-889668221b97" />
    <UnitTestResult executionId="6b43b074-f649-4ba2-9b20-c80a800d86e4" testId="a84efa56-6bf6-839a-c755-cd7db0018314" testName="TestMethod347" computerName="SUSALUJ" duration="00:00:00.0000306" startTime="2019-07-19T15:51:23.9179973+05:30" endTime="2019-07-19T15:51:23.9179973+05:30" testType="13cdc9d9-ddb5-4fa4-a97d-d965ccfc6d4b" outcome="Passed" testListId="8c84fa94-04c1-424b-9868-57a2d4851a1d" relativeResultsDirectory="6b43b074-f649-4ba2-9b20-c80a800d86e4" />
    <UnitTestResult executionId="14f6f7f1-1f88-4877-8614-a952a71a1cc8" testId="176670fb-1d4e-426f-b470-5d27087647a7" testName="TestMethod428" computerName="SUSALUJ" duration="00:00:00.0000373" startTime="2019-07-19T15:51:23.8959935+05:30" endTime="2019-07-19T15:51:23.8969966+05:30" testType="13cdc9d9-ddb5-4fa4-a97d-d965ccfc6d4b" outcome="Passed" testListId="8c84fa94-04c1-424b-9868-57a2d4851a1d" relativeResultsDirectory="14f6f7f1-1f88-4877-8614-a952a71a1cc8" />
    <UnitTestResult executionId="9ebd009a-41d4-4583-a171-97798f4d0b71" testId="30f7a855-6e4a-423e-6c06-6dbdfcea4095" testName="TestMethod459" computerName="SUSALUJ" duration="00:00:00.0000338" startTime="2019-07-19T15:51:23.9029933+05:30" endTime="2019-07-19T15:51:23.9029933+05:30" testType="13cdc9d9-ddb5-4fa4-a97d-d965ccfc6d4b" outcome="Passed" testListId="8c84fa94-04c1-424b-9868-57a2d4851a1d" relativeResultsDirectory="9ebd009a-41d4-4583-a171-97798f4d0b71" />
    <UnitTestResult executionId="4a9bfda1-eae3-4709-a5e5-87e2b8ecd19d" testId="1f8138dd-bc1e-a02c-372f-244c53efa65e" testName="TestMethod226" computerName="SUSALUJ" duration="00:00:00.0000330" startTime="2019-07-19T15:51:23.9899978+05:30" endTime="2019-07-19T15:51:23.9899978+05:30" testType="13cdc9d9-ddb5-4fa4-a97d-d965ccfc6d4b" outcome="Passed" testListId="8c84fa94-04c1-424b-9868-57a2d4851a1d" relativeResultsDirectory="4a9bfda1-eae3-4709-a5e5-87e2b8ecd19d" />
    <UnitTestResult executionId="7947856a-369f-494b-ab7b-4b78ef34c5b9" testId="5bfa0415-d410-d5d9-e938-8abefaeaacba" testName="TestMethod694" computerName="SUSALUJ" duration="00:00:00.0000349" startTime="2019-07-19T15:51:23.8439943+05:30" endTime="2019-07-19T15:51:23.8439943+05:30" testType="13cdc9d9-ddb5-4fa4-a97d-d965ccfc6d4b" outcome="Passed" testListId="8c84fa94-04c1-424b-9868-57a2d4851a1d" relativeResultsDirectory="7947856a-369f-494b-ab7b-4b78ef34c5b9" />
    <UnitTestResult executionId="ec8f3b8c-6b4a-4432-bc52-a77abf17712a" testId="6d54fea5-eafd-7e61-b43b-22643abf3798" testName="TestMethod506" computerName="SUSALUJ" duration="00:00:00.0000431" startTime="2019-07-19T15:51:23.9139950+05:30" endTime="2019-07-19T15:51:23.9149959+05:30" testType="13cdc9d9-ddb5-4fa4-a97d-d965ccfc6d4b" outcome="Passed" testListId="8c84fa94-04c1-424b-9868-57a2d4851a1d" relativeResultsDirectory="ec8f3b8c-6b4a-4432-bc52-a77abf17712a" />
    <UnitTestResult executionId="1b34c6ad-4037-412e-8429-e07412d3b42f" testId="e249913d-47c2-be7e-2b14-2792dd63a664" testName="TestMethod82" computerName="SUSALUJ" duration="00:00:00.0000200" startTime="2019-07-19T15:51:24.1859944+05:30" endTime="2019-07-19T15:51:24.1859944+05:30" testType="13cdc9d9-ddb5-4fa4-a97d-d965ccfc6d4b" outcome="Passed" testListId="8c84fa94-04c1-424b-9868-57a2d4851a1d" relativeResultsDirectory="1b34c6ad-4037-412e-8429-e07412d3b42f" />
    <UnitTestResult executionId="f8272962-7ada-42ce-a57a-d0786f9ae658" testId="dacd22a8-8c1a-33ba-6487-d19a60b1c898" testName="TestMethod755" computerName="SUSALUJ" duration="00:00:00.0000227" startTime="2019-07-19T15:51:23.8569938+05:30" endTime="2019-07-19T15:51:23.8569938+05:30" testType="13cdc9d9-ddb5-4fa4-a97d-d965ccfc6d4b" outcome="Passed" testListId="8c84fa94-04c1-424b-9868-57a2d4851a1d" relativeResultsDirectory="f8272962-7ada-42ce-a57a-d0786f9ae658" />
    <UnitTestResult executionId="4227b343-b061-46b7-a8aa-cc00ba4625d7" testId="4a7d6a30-5fd0-7ff9-a349-5e34b8f37db1" testName="TestMethod612" computerName="SUSALUJ" duration="00:00:00.0000293" startTime="2019-07-19T15:51:23.8609960+05:30" endTime="2019-07-19T15:51:23.8609960+05:30" testType="13cdc9d9-ddb5-4fa4-a97d-d965ccfc6d4b" outcome="Passed" testListId="8c84fa94-04c1-424b-9868-57a2d4851a1d" relativeResultsDirectory="4227b343-b061-46b7-a8aa-cc00ba4625d7" />
    <UnitTestResult executionId="0aa5339d-4a3f-4d15-b1cb-79245fb09865" testId="c02f77ba-8027-1ee9-4d13-6255dfee4584" testName="TestMethod794" computerName="SUSALUJ" duration="00:00:00.0000489" startTime="2019-07-19T15:51:23.8229982+05:30" endTime="2019-07-19T15:51:23.8239947+05:30" testType="13cdc9d9-ddb5-4fa4-a97d-d965ccfc6d4b" outcome="Passed" testListId="8c84fa94-04c1-424b-9868-57a2d4851a1d" relativeResultsDirectory="0aa5339d-4a3f-4d15-b1cb-79245fb09865" />
    <UnitTestResult executionId="6102d67c-fc8c-4519-ad73-63456c9af748" testId="4bc627cd-508d-6844-b866-7ab76843038f" testName="TestMethod705" computerName="SUSALUJ" duration="00:00:00.0000228" startTime="2019-07-19T15:51:23.8469962+05:30" endTime="2019-07-19T15:51:23.8469962+05:30" testType="13cdc9d9-ddb5-4fa4-a97d-d965ccfc6d4b" outcome="Passed" testListId="8c84fa94-04c1-424b-9868-57a2d4851a1d" relativeResultsDirectory="6102d67c-fc8c-4519-ad73-63456c9af748" />
    <UnitTestResult executionId="3118736b-11e8-415c-867b-c6fecf14667c" testId="fa5c1275-6796-4dcb-9f88-84aab4336a1f" testName="TestMethod473" computerName="SUSALUJ" duration="00:00:00.0000203" startTime="2019-07-19T15:51:23.9059938+05:30" endTime="2019-07-19T15:51:23.9059938+05:30" testType="13cdc9d9-ddb5-4fa4-a97d-d965ccfc6d4b" outcome="Passed" testListId="8c84fa94-04c1-424b-9868-57a2d4851a1d" relativeResultsDirectory="3118736b-11e8-415c-867b-c6fecf14667c" />
    <UnitTestResult executionId="c69ba226-cbb7-48b9-ad4a-5359df017aea" testId="ce535f01-343a-d676-b641-8fa40671efc4" testName="TestMethod256" computerName="SUSALUJ" duration="00:00:00.0000519" startTime="2019-07-19T15:51:23.9409998+05:30" endTime="2019-07-19T15:51:23.9419982+05:30" testType="13cdc9d9-ddb5-4fa4-a97d-d965ccfc6d4b" outcome="Passed" testListId="8c84fa94-04c1-424b-9868-57a2d4851a1d" relativeResultsDirectory="c69ba226-cbb7-48b9-ad4a-5359df017aea" />
    <UnitTestResult executionId="e47cac37-ef0e-4834-80b4-dc7b668c23eb" testId="4fd6add9-2e9f-40f6-b61b-636feaf88629" testName="TestMethod988" computerName="SUSALUJ" duration="00:00:00.0000339" startTime="2019-07-19T15:51:23.7889948+05:30" endTime="2019-07-19T15:51:23.7899951+05:30" testType="13cdc9d9-ddb5-4fa4-a97d-d965ccfc6d4b" outcome="Passed" testListId="8c84fa94-04c1-424b-9868-57a2d4851a1d" relativeResultsDirectory="e47cac37-ef0e-4834-80b4-dc7b668c23eb" />
    <UnitTestResult executionId="5846bf8f-36e5-4c7c-91f6-cf717167eae6" testId="637db4e2-e241-6d89-dd53-261e830e69bf" testName="TestMethod202" computerName="SUSALUJ" duration="00:00:00.0000232" startTime="2019-07-19T15:51:23.9819951+05:30" endTime="2019-07-19T15:51:23.9819951+05:30" testType="13cdc9d9-ddb5-4fa4-a97d-d965ccfc6d4b" outcome="Passed" testListId="8c84fa94-04c1-424b-9868-57a2d4851a1d" relativeResultsDirectory="5846bf8f-36e5-4c7c-91f6-cf717167eae6" />
    <UnitTestResult executionId="730e581f-a1d3-4eb4-9ed5-e2c3a4a4518a" testId="600517d1-a9dd-2a42-f0af-661cba3da3ca" testName="TestMethod445" computerName="SUSALUJ" duration="00:00:00.0000263" startTime="2019-07-19T15:51:23.8999943+05:30" endTime="2019-07-19T15:51:23.9009945+05:30" testType="13cdc9d9-ddb5-4fa4-a97d-d965ccfc6d4b" outcome="Passed" testListId="8c84fa94-04c1-424b-9868-57a2d4851a1d" relativeResultsDirectory="730e581f-a1d3-4eb4-9ed5-e2c3a4a4518a" />
    <UnitTestResult executionId="36447134-53f9-4749-ac47-8467c913e7f9" testId="44f4028e-9bd3-386c-2ed9-6f8efdc546e9" testName="TestMethod458" computerName="SUSALUJ" duration="00:00:00.0000380" startTime="2019-07-19T15:51:23.9019942+05:30" endTime="2019-07-19T15:51:23.9029933+05:30" testType="13cdc9d9-ddb5-4fa4-a97d-d965ccfc6d4b" outcome="Passed" testListId="8c84fa94-04c1-424b-9868-57a2d4851a1d" relativeResultsDirectory="36447134-53f9-4749-ac47-8467c913e7f9" />
    <UnitTestResult executionId="91cc9cb6-6148-4b6c-8003-ce11fcf4cd65" testId="58e324dc-22f5-3a17-cd89-fe29db5bf094" testName="TestMethod453" computerName="SUSALUJ" duration="00:00:00.0000200" startTime="2019-07-19T15:51:23.9019942+05:30" endTime="2019-07-19T15:51:23.9019942+05:30" testType="13cdc9d9-ddb5-4fa4-a97d-d965ccfc6d4b" outcome="Passed" testListId="8c84fa94-04c1-424b-9868-57a2d4851a1d" relativeResultsDirectory="91cc9cb6-6148-4b6c-8003-ce11fcf4cd65" />
    <UnitTestResult executionId="df2ec8a1-50ae-48f9-aea8-635741e9e8ce" testId="f514d079-8d06-ef5a-d94b-1dfe43410a52" testName="TestMethod959" computerName="SUSALUJ" duration="00:00:00.0000316" startTime="2019-07-19T15:51:23.7829932+05:30" endTime="2019-07-19T15:51:23.7829932+05:30" testType="13cdc9d9-ddb5-4fa4-a97d-d965ccfc6d4b" outcome="Passed" testListId="8c84fa94-04c1-424b-9868-57a2d4851a1d" relativeResultsDirectory="df2ec8a1-50ae-48f9-aea8-635741e9e8ce" />
    <UnitTestResult executionId="6786f718-b05f-4004-8d6f-ae6571596b74" testId="e25db0a7-077f-add3-a7d0-917882ca41b5" testName="TestMethod293" computerName="SUSALUJ" duration="00:00:00.0000457" startTime="2019-07-19T15:51:23.9559955+05:30" endTime="2019-07-19T15:51:23.9569957+05:30" testType="13cdc9d9-ddb5-4fa4-a97d-d965ccfc6d4b" outcome="Passed" testListId="8c84fa94-04c1-424b-9868-57a2d4851a1d" relativeResultsDirectory="6786f718-b05f-4004-8d6f-ae6571596b74" />
    <UnitTestResult executionId="1f7e9e49-f336-48ad-9948-82179c046149" testId="d65534dd-086c-c963-96ef-21fceb425911" testName="TestMethod957" computerName="SUSALUJ" duration="00:00:00.0000318" startTime="2019-07-19T15:51:23.7829932+05:30" endTime="2019-07-19T15:51:23.7829932+05:30" testType="13cdc9d9-ddb5-4fa4-a97d-d965ccfc6d4b" outcome="Passed" testListId="8c84fa94-04c1-424b-9868-57a2d4851a1d" relativeResultsDirectory="1f7e9e49-f336-48ad-9948-82179c046149" />
    <UnitTestResult executionId="074b0d4d-c2fe-494b-bccc-2eecab46bdd9" testId="b371c621-a08b-1ffa-904c-27ea074f2ce7" testName="TestMethod215" computerName="SUSALUJ" duration="00:00:00.0000326" startTime="2019-07-19T15:51:23.9859965+05:30" endTime="2019-07-19T15:51:23.9859965+05:30" testType="13cdc9d9-ddb5-4fa4-a97d-d965ccfc6d4b" outcome="Passed" testListId="8c84fa94-04c1-424b-9868-57a2d4851a1d" relativeResultsDirectory="074b0d4d-c2fe-494b-bccc-2eecab46bdd9" />
    <UnitTestResult executionId="1bc6927f-3a73-4ee8-aa8e-16eb76b28e7e" testId="0a018b47-0f0a-86a3-e28b-fbc01e58c2dd" testName="TestMethod862" computerName="SUSALUJ" duration="00:00:00.0000539" startTime="2019-07-19T15:51:23.7959939+05:30" endTime="2019-07-19T15:51:23.7959939+05:30" testType="13cdc9d9-ddb5-4fa4-a97d-d965ccfc6d4b" outcome="Passed" testListId="8c84fa94-04c1-424b-9868-57a2d4851a1d" relativeResultsDirectory="1bc6927f-3a73-4ee8-aa8e-16eb76b28e7e" />
    <UnitTestResult executionId="76976548-de40-4f81-a8d3-e4580f2f395f" testId="80842f01-45f2-591b-2b29-03dee54f7182" testName="TestMethod352" computerName="SUSALUJ" duration="00:00:00.0000301" startTime="2019-07-19T15:51:23.9189961+05:30" endTime="2019-07-19T15:51:23.9189961+05:30" testType="13cdc9d9-ddb5-4fa4-a97d-d965ccfc6d4b" outcome="Passed" testListId="8c84fa94-04c1-424b-9868-57a2d4851a1d" relativeResultsDirectory="76976548-de40-4f81-a8d3-e4580f2f395f" />
    <UnitTestResult executionId="c810c641-7719-4352-a500-d10c44a9d626" testId="a6bcb73f-80a6-d871-8660-62ffee7a7f84" testName="TestMethod885" computerName="SUSALUJ" duration="00:00:00.0000300" startTime="2019-07-19T15:51:23.8039960+05:30" endTime="2019-07-19T15:51:23.8039960+05:30" testType="13cdc9d9-ddb5-4fa4-a97d-d965ccfc6d4b" outcome="Passed" testListId="8c84fa94-04c1-424b-9868-57a2d4851a1d" relativeResultsDirectory="c810c641-7719-4352-a500-d10c44a9d626" />
    <UnitTestResult executionId="9f723111-9b42-4c91-a745-999c4c318d5f" testId="213bb916-ceed-426e-96b4-3a3ab34937e0" testName="TestMethod441" computerName="SUSALUJ" duration="00:00:00.0000243" startTime="2019-07-19T15:51:23.8989943+05:30" endTime="2019-07-19T15:51:23.8989943+05:30" testType="13cdc9d9-ddb5-4fa4-a97d-d965ccfc6d4b" outcome="Passed" testListId="8c84fa94-04c1-424b-9868-57a2d4851a1d" relativeResultsDirectory="9f723111-9b42-4c91-a745-999c4c318d5f" />
    <UnitTestResult executionId="f9d5a344-7c58-4a39-9b29-ee5cb97a4dc9" testId="e3ba907c-c8d2-c790-74d2-dbc1ec56bea1" testName="TestMethod605" computerName="SUSALUJ" duration="00:00:00.0003435" startTime="2019-07-19T15:51:23.8589945+05:30" endTime="2019-07-19T15:51:23.8599940+05:30" testType="13cdc9d9-ddb5-4fa4-a97d-d965ccfc6d4b" outcome="Passed" testListId="8c84fa94-04c1-424b-9868-57a2d4851a1d" relativeResultsDirectory="f9d5a344-7c58-4a39-9b29-ee5cb97a4dc9" />
    <UnitTestResult executionId="80156aaa-de09-4ca3-93fc-32ead6459a28" testId="9a7cd02e-64e0-5f38-0fb0-0a349dd4e338" testName="TestMethod416" computerName="SUSALUJ" duration="00:00:00.0000461" startTime="2019-07-19T15:51:23.9379981+05:30" endTime="2019-07-19T15:51:23.9379981+05:30" testType="13cdc9d9-ddb5-4fa4-a97d-d965ccfc6d4b" outcome="Passed" testListId="8c84fa94-04c1-424b-9868-57a2d4851a1d" relativeResultsDirectory="80156aaa-de09-4ca3-93fc-32ead6459a28" />
    <UnitTestResult executionId="777e6dfb-0196-4173-b454-7913203e3203" testId="de656884-06bc-c865-1cb8-9caa897a1ba9" testName="TestMethod368" computerName="SUSALUJ" duration="00:00:00.0000256" startTime="2019-07-19T15:51:23.9229973+05:30" endTime="2019-07-19T15:51:23.9229973+05:30" testType="13cdc9d9-ddb5-4fa4-a97d-d965ccfc6d4b" outcome="Passed" testListId="8c84fa94-04c1-424b-9868-57a2d4851a1d" relativeResultsDirectory="777e6dfb-0196-4173-b454-7913203e3203" />
    <UnitTestResult executionId="5da78102-17fa-4e1a-8598-b3c988cd3088" testId="dfc76857-5068-fa73-5484-889d9772bdb5" testName="TestMethod411" computerName="SUSALUJ" duration="00:00:00.0000338" startTime="2019-07-19T15:51:23.9359975+05:30" endTime="2019-07-19T15:51:23.9369963+05:30" testType="13cdc9d9-ddb5-4fa4-a97d-d965ccfc6d4b" outcome="Passed" testListId="8c84fa94-04c1-424b-9868-57a2d4851a1d" relativeResultsDirectory="5da78102-17fa-4e1a-8598-b3c988cd3088" />
    <UnitTestResult executionId="623d5c18-faa6-460e-a9a0-80751edc21d1" testId="9214b874-848b-6a6d-b88b-6d0ccc56ee9d" testName="TestMethod624" computerName="SUSALUJ" duration="00:00:00.0000214" startTime="2019-07-19T15:51:23.8639966+05:30" endTime="2019-07-19T15:51:23.8639966+05:30" testType="13cdc9d9-ddb5-4fa4-a97d-d965ccfc6d4b" outcome="Passed" testListId="8c84fa94-04c1-424b-9868-57a2d4851a1d" relativeResultsDirectory="623d5c18-faa6-460e-a9a0-80751edc21d1" />
    <UnitTestResult executionId="78f4baa5-32bf-46c3-9518-d3c764854fe9" testId="94d44992-bbc8-f19c-cdde-5651d713421c" testName="TestMethod472" computerName="SUSALUJ" duration="00:00:00.0000210" startTime="2019-07-19T15:51:23.9059938+05:30" endTime="2019-07-19T15:51:23.9059938+05:30" testType="13cdc9d9-ddb5-4fa4-a97d-d965ccfc6d4b" outcome="Passed" testListId="8c84fa94-04c1-424b-9868-57a2d4851a1d" relativeResultsDirectory="78f4baa5-32bf-46c3-9518-d3c764854fe9" />
    <UnitTestResult executionId="c16ba43c-5289-4f9d-84d4-9b78bbe51141" testId="157915dc-e8c7-3f94-7ada-80898034d54d" testName="TestMethod761" computerName="SUSALUJ" duration="00:00:00.0000244" startTime="2019-07-19T15:51:23.8569938+05:30" endTime="2019-07-19T15:51:23.8569938+05:30" testType="13cdc9d9-ddb5-4fa4-a97d-d965ccfc6d4b" outcome="Passed" testListId="8c84fa94-04c1-424b-9868-57a2d4851a1d" relativeResultsDirectory="c16ba43c-5289-4f9d-84d4-9b78bbe51141" />
    <UnitTestResult executionId="baa9f89e-4809-4468-8208-2de288e10c48" testId="15b43855-4998-8825-5820-80ecb0ae847d" testName="TestMethod653" computerName="SUSALUJ" duration="00:00:00.0000278" startTime="2019-07-19T15:51:23.8689957+05:30" endTime="2019-07-19T15:51:23.8689957+05:30" testType="13cdc9d9-ddb5-4fa4-a97d-d965ccfc6d4b" outcome="Passed" testListId="8c84fa94-04c1-424b-9868-57a2d4851a1d" relativeResultsDirectory="baa9f89e-4809-4468-8208-2de288e10c48" />
    <UnitTestResult executionId="858f1d14-0c75-43f8-914d-1efa32791fd3" testId="c57b5ac3-e5ee-5197-1193-cb70696436ab" testName="TestMethod146" computerName="SUSALUJ" duration="00:00:00.0000445" startTime="2019-07-19T15:51:24.0149947+05:30" endTime="2019-07-19T15:51:24.0169954+05:30" testType="13cdc9d9-ddb5-4fa4-a97d-d965ccfc6d4b" outcome="Passed" testListId="8c84fa94-04c1-424b-9868-57a2d4851a1d" relativeResultsDirectory="858f1d14-0c75-43f8-914d-1efa32791fd3" />
    <UnitTestResult executionId="ef58b1ff-6481-473a-a7f3-3f93be89241d" testId="4007acf6-6807-10a0-d3a3-32c9cbc0fb1b" testName="TestMethod585" computerName="SUSALUJ" duration="00:00:00.0000255" startTime="2019-07-19T15:51:23.8939936+05:30" endTime="2019-07-19T15:51:23.8939936+05:30" testType="13cdc9d9-ddb5-4fa4-a97d-d965ccfc6d4b" outcome="Passed" testListId="8c84fa94-04c1-424b-9868-57a2d4851a1d" relativeResultsDirectory="ef58b1ff-6481-473a-a7f3-3f93be89241d" />
    <UnitTestResult executionId="9c1d83b0-5e0c-4c20-99a6-b7f2ac81f555" testId="12ee6ab1-47bd-c6cf-ae6d-005d95b3940a" testName="TestMethod443" computerName="SUSALUJ" duration="00:00:00.0000376" startTime="2019-07-19T15:51:23.8999943+05:30" endTime="2019-07-19T15:51:23.8999943+05:30" testType="13cdc9d9-ddb5-4fa4-a97d-d965ccfc6d4b" outcome="Passed" testListId="8c84fa94-04c1-424b-9868-57a2d4851a1d" relativeResultsDirectory="9c1d83b0-5e0c-4c20-99a6-b7f2ac81f555" />
    <UnitTestResult executionId="c8b021ca-602c-4aa4-9f94-63d219e00365" testId="a8e3a636-620f-1482-f02b-70a802069f1c" testName="TestMethod417" computerName="SUSALUJ" duration="00:00:00.0000430" startTime="2019-07-19T15:51:23.9379981+05:30" endTime="2019-07-19T15:51:23.9379981+05:30" testType="13cdc9d9-ddb5-4fa4-a97d-d965ccfc6d4b" outcome="Passed" testListId="8c84fa94-04c1-424b-9868-57a2d4851a1d" relativeResultsDirectory="c8b021ca-602c-4aa4-9f94-63d219e00365" />
    <UnitTestResult executionId="adafb636-cb17-4259-a58a-95c5dcc8a281" testId="aad36528-8d2a-1d3c-586a-4fb6d835d445" testName="TestMethod556" computerName="SUSALUJ" duration="00:00:00.0000229" startTime="2019-07-19T15:51:23.8889950+05:30" endTime="2019-07-19T15:51:23.8889950+05:30" testType="13cdc9d9-ddb5-4fa4-a97d-d965ccfc6d4b" outcome="Passed" testListId="8c84fa94-04c1-424b-9868-57a2d4851a1d" relativeResultsDirectory="adafb636-cb17-4259-a58a-95c5dcc8a281" />
    <UnitTestResult executionId="1f65ac65-b454-4b7c-90de-1bb602e37bfb" testId="1ddda90b-8993-1b92-f938-0a5c5768d517" testName="TestMethod675" computerName="SUSALUJ" duration="00:00:00.0000452" startTime="2019-07-19T15:51:23.8729942+05:30" endTime="2019-07-19T15:51:23.8739943+05:30" testType="13cdc9d9-ddb5-4fa4-a97d-d965ccfc6d4b" outcome="Passed" testListId="8c84fa94-04c1-424b-9868-57a2d4851a1d" relativeResultsDirectory="1f65ac65-b454-4b7c-90de-1bb602e37bfb" />
    <UnitTestResult executionId="aea80154-fccb-42f3-a48f-a5e32a5ad236" testId="a1642685-eac0-7b53-ddc9-66f11b3b5cdc" testName="TestMethod53" computerName="SUSALUJ" duration="00:00:00.0000211" startTime="2019-07-19T15:51:24.1809961+05:30" endTime="2019-07-19T15:51:24.1809961+05:30" testType="13cdc9d9-ddb5-4fa4-a97d-d965ccfc6d4b" outcome="Passed" testListId="8c84fa94-04c1-424b-9868-57a2d4851a1d" relativeResultsDirectory="aea80154-fccb-42f3-a48f-a5e32a5ad236" />
    <UnitTestResult executionId="9675f83c-2e59-42d7-99f9-1367147b6d0b" testId="2bd589ab-15b3-09bc-54b2-c7707b663777" testName="TestMethod778" computerName="SUSALUJ" duration="00:00:00.0000351" startTime="2019-07-19T15:51:23.8179950+05:30" endTime="2019-07-19T15:51:23.8189946+05:30" testType="13cdc9d9-ddb5-4fa4-a97d-d965ccfc6d4b" outcome="Passed" testListId="8c84fa94-04c1-424b-9868-57a2d4851a1d" relativeResultsDirectory="9675f83c-2e59-42d7-99f9-1367147b6d0b" />
    <UnitTestResult executionId="63ce42de-9978-44ee-aa3f-3ffc888c2fd4" testId="d7af2342-4b30-0768-069a-66984597e905" testName="TestMethod314" computerName="SUSALUJ" duration="00:00:00.0000367" startTime="2019-07-19T15:51:23.9649972+05:30" endTime="2019-07-19T15:51:23.9649972+05:30" testType="13cdc9d9-ddb5-4fa4-a97d-d965ccfc6d4b" outcome="Passed" testListId="8c84fa94-04c1-424b-9868-57a2d4851a1d" relativeResultsDirectory="63ce42de-9978-44ee-aa3f-3ffc888c2fd4" />
    <UnitTestResult executionId="60173a11-7f8f-4e49-b02c-cdd66ed2d627" testId="b4557069-0778-7bb4-b9b0-46e1aec4f29a" testName="TestMethod58" computerName="SUSALUJ" duration="00:00:00.0000268" startTime="2019-07-19T15:51:24.1809961+05:30" endTime="2019-07-19T15:51:24.1809961+05:30" testType="13cdc9d9-ddb5-4fa4-a97d-d965ccfc6d4b" outcome="Passed" testListId="8c84fa94-04c1-424b-9868-57a2d4851a1d" relativeResultsDirectory="60173a11-7f8f-4e49-b02c-cdd66ed2d627" />
    <UnitTestResult executionId="437a74f7-40c1-4c59-a423-1c9a1bc4fc02" testId="b2c27937-4729-a707-5356-576017253ccd" testName="TestMethod742" computerName="SUSALUJ" duration="00:00:00.0000196" startTime="2019-07-19T15:51:23.8539946+05:30" endTime="2019-07-19T15:51:23.8539946+05:30" testType="13cdc9d9-ddb5-4fa4-a97d-d965ccfc6d4b" outcome="Passed" testListId="8c84fa94-04c1-424b-9868-57a2d4851a1d" relativeResultsDirectory="437a74f7-40c1-4c59-a423-1c9a1bc4fc02" />
    <UnitTestResult executionId="d075bfd3-9bed-4a8d-9b5a-132ffbba49dd" testId="9411755a-ed03-1bd5-6a9e-ae7adc109c39" testName="TestMethod640" computerName="SUSALUJ" duration="00:00:00.0000218" startTime="2019-07-19T15:51:23.8669961+05:30" endTime="2019-07-19T15:51:23.8669961+05:30" testType="13cdc9d9-ddb5-4fa4-a97d-d965ccfc6d4b" outcome="Passed" testListId="8c84fa94-04c1-424b-9868-57a2d4851a1d" relativeResultsDirectory="d075bfd3-9bed-4a8d-9b5a-132ffbba49dd" />
    <UnitTestResult executionId="fbcd0a47-079c-4672-8ff7-a1d4c4d0bf99" testId="b5651762-2a77-92f1-2245-3acae0a3a044" testName="TestMethod426" computerName="SUSALUJ" duration="00:00:00.0000198" startTime="2019-07-19T15:51:23.8959935+05:30" endTime="2019-07-19T15:51:23.8959935+05:30" testType="13cdc9d9-ddb5-4fa4-a97d-d965ccfc6d4b" outcome="Passed" testListId="8c84fa94-04c1-424b-9868-57a2d4851a1d" relativeResultsDirectory="fbcd0a47-079c-4672-8ff7-a1d4c4d0bf99" />
    <UnitTestResult executionId="b70983be-25c0-4e94-9ea8-75e6bed6bb07" testId="58252538-aa9d-495e-5cd5-b82da0ddf325" testName="TestMethod448" computerName="SUSALUJ" duration="00:00:00.0000204" startTime="2019-07-19T15:51:23.9009945+05:30" endTime="2019-07-19T15:51:23.9009945+05:30" testType="13cdc9d9-ddb5-4fa4-a97d-d965ccfc6d4b" outcome="Passed" testListId="8c84fa94-04c1-424b-9868-57a2d4851a1d" relativeResultsDirectory="b70983be-25c0-4e94-9ea8-75e6bed6bb07" />
    <UnitTestResult executionId="dacf392a-f979-4927-a257-950a8bdfcea9" testId="c1f97e1b-9097-ee45-a128-9c8ad72fdcca" testName="TestMethod720" computerName="SUSALUJ" duration="00:00:00.0000326" startTime="2019-07-19T15:51:23.8499969+05:30" endTime="2019-07-19T15:51:23.8499969+05:30" testType="13cdc9d9-ddb5-4fa4-a97d-d965ccfc6d4b" outcome="Passed" testListId="8c84fa94-04c1-424b-9868-57a2d4851a1d" relativeResultsDirectory="dacf392a-f979-4927-a257-950a8bdfcea9" />
    <UnitTestResult executionId="7468d232-57a0-467e-a47c-1a743c3ac649" testId="c837a97a-e51e-8bec-3d9c-2a1bd95a354a" testName="TestMethod834" computerName="SUSALUJ" duration="00:00:00.0000203" startTime="2019-07-19T15:51:23.8369942+05:30" endTime="2019-07-19T15:51:23.8369942+05:30" testType="13cdc9d9-ddb5-4fa4-a97d-d965ccfc6d4b" outcome="Passed" testListId="8c84fa94-04c1-424b-9868-57a2d4851a1d" relativeResultsDirectory="7468d232-57a0-467e-a47c-1a743c3ac649" />
    <UnitTestResult executionId="110c552d-5538-46b4-a483-80298a3369a0" testId="8b838374-f113-7a45-90b6-7acf919c7f9d" testName="TestMethod869" computerName="SUSALUJ" duration="00:00:00.0000527" startTime="2019-07-19T15:51:23.7989945+05:30" endTime="2019-07-19T15:51:23.7989945+05:30" testType="13cdc9d9-ddb5-4fa4-a97d-d965ccfc6d4b" outcome="Passed" testListId="8c84fa94-04c1-424b-9868-57a2d4851a1d" relativeResultsDirectory="110c552d-5538-46b4-a483-80298a3369a0" />
    <UnitTestResult executionId="86195159-bb99-49f7-b2f2-bbe7075b8a2d" testId="b31e2842-7ff6-9c4d-5a6d-12cd5934217d" testName="TestMethod644" computerName="SUSALUJ" duration="00:00:00.0000204" startTime="2019-07-19T15:51:23.8669961+05:30" endTime="2019-07-19T15:51:23.8669961+05:30" testType="13cdc9d9-ddb5-4fa4-a97d-d965ccfc6d4b" outcome="Passed" testListId="8c84fa94-04c1-424b-9868-57a2d4851a1d" relativeResultsDirectory="86195159-bb99-49f7-b2f2-bbe7075b8a2d" />
    <UnitTestResult executionId="5576cdc6-4f5b-40d7-bb34-3eecf83df0a1" testId="8e9d7d99-a5df-a503-d37f-06d7f65402a6" testName="TestMethod356" computerName="SUSALUJ" duration="00:00:00.0000245" startTime="2019-07-19T15:51:23.9199955+05:30" endTime="2019-07-19T15:51:23.9199955+05:30" testType="13cdc9d9-ddb5-4fa4-a97d-d965ccfc6d4b" outcome="Passed" testListId="8c84fa94-04c1-424b-9868-57a2d4851a1d" relativeResultsDirectory="5576cdc6-4f5b-40d7-bb34-3eecf83df0a1" />
    <UnitTestResult executionId="dc7907c6-bcc0-4f00-a722-f9cb3e8c8106" testId="64de363d-feac-33fe-a377-a61907fccc1b" testName="TestMethod425" computerName="SUSALUJ" duration="00:00:00.0000198" startTime="2019-07-19T15:51:23.8959935+05:30" endTime="2019-07-19T15:51:23.8959935+05:30" testType="13cdc9d9-ddb5-4fa4-a97d-d965ccfc6d4b" outcome="Passed" testListId="8c84fa94-04c1-424b-9868-57a2d4851a1d" relativeResultsDirectory="dc7907c6-bcc0-4f00-a722-f9cb3e8c8106" />
    <UnitTestResult executionId="804608b4-16e7-4ce7-a0ec-fdfa674352c8" testId="e8e42826-2f99-5e69-1f94-95f6d6d1ba75" testName="TestMethod187" computerName="SUSALUJ" duration="00:00:00.0000340" startTime="2019-07-19T15:51:23.9789960+05:30" endTime="2019-07-19T15:51:23.9799956+05:30" testType="13cdc9d9-ddb5-4fa4-a97d-d965ccfc6d4b" outcome="Passed" testListId="8c84fa94-04c1-424b-9868-57a2d4851a1d" relativeResultsDirectory="804608b4-16e7-4ce7-a0ec-fdfa674352c8" />
    <UnitTestResult executionId="aedfcc5b-7a59-47d7-9df9-b85a621e503c" testId="e4f6934a-616c-8376-308f-cb98c04d2173" testName="TestMethod891" computerName="SUSALUJ" duration="00:00:00.0000449" startTime="2019-07-19T15:51:23.8049938+05:30" endTime="2019-07-19T15:51:23.8049938+05:30" testType="13cdc9d9-ddb5-4fa4-a97d-d965ccfc6d4b" outcome="Passed" testListId="8c84fa94-04c1-424b-9868-57a2d4851a1d" relativeResultsDirectory="aedfcc5b-7a59-47d7-9df9-b85a621e503c" />
    <UnitTestResult executionId="ff57eb9a-5ed9-4064-859e-946441ad6d70" testId="4310afc1-7beb-dea9-0052-28581d93ccc2" testName="TestMethod163" computerName="SUSALUJ" duration="00:00:00.0000310" startTime="2019-07-19T15:51:24.0219978+05:30" endTime="2019-07-19T15:51:24.0219978+05:30" testType="13cdc9d9-ddb5-4fa4-a97d-d965ccfc6d4b" outcome="Passed" testListId="8c84fa94-04c1-424b-9868-57a2d4851a1d" relativeResultsDirectory="ff57eb9a-5ed9-4064-859e-946441ad6d70" />
    <UnitTestResult executionId="10a1152e-e8ef-40e4-8f20-46bb13698fef" testId="418091f0-1fbe-6361-7c77-f603ddbd0c42" testName="TestMethod547" computerName="SUSALUJ" duration="00:00:00.0000388" startTime="2019-07-19T15:51:23.8869948+05:30" endTime="2019-07-19T15:51:23.8879945+05:30" testType="13cdc9d9-ddb5-4fa4-a97d-d965ccfc6d4b" outcome="Passed" testListId="8c84fa94-04c1-424b-9868-57a2d4851a1d" relativeResultsDirectory="10a1152e-e8ef-40e4-8f20-46bb13698fef" />
    <UnitTestResult executionId="f54fcff8-554d-4173-bad8-fe72e08f823e" testId="e67df717-6113-d2de-c6fc-4b51384258c8" testName="TestMethod993" computerName="SUSALUJ" duration="00:00:00.0000310" startTime="2019-07-19T15:51:23.7909964+05:30" endTime="2019-07-19T15:51:23.7909964+05:30" testType="13cdc9d9-ddb5-4fa4-a97d-d965ccfc6d4b" outcome="Passed" testListId="8c84fa94-04c1-424b-9868-57a2d4851a1d" relativeResultsDirectory="f54fcff8-554d-4173-bad8-fe72e08f823e" />
    <UnitTestResult executionId="71cacde5-1ef6-4c11-bd8b-23b201520b25" testId="9b054699-5ac8-40ba-f6a8-7263e84ce177" testName="TestMethod806" computerName="SUSALUJ" duration="00:00:00.0000219" startTime="2019-07-19T15:51:23.8319962+05:30" endTime="2019-07-19T15:51:23.8319962+05:30" testType="13cdc9d9-ddb5-4fa4-a97d-d965ccfc6d4b" outcome="Passed" testListId="8c84fa94-04c1-424b-9868-57a2d4851a1d" relativeResultsDirectory="71cacde5-1ef6-4c11-bd8b-23b201520b25" />
    <UnitTestResult executionId="0ac872f5-d59e-4df1-be7b-1a91b6617871" testId="b5a9a3d5-d167-45c8-8a44-b9a8abfe972c" testName="TestMethod325" computerName="SUSALUJ" duration="00:00:00.0000346" startTime="2019-07-19T15:51:23.9689985+05:30" endTime="2019-07-19T15:51:23.9689985+05:30" testType="13cdc9d9-ddb5-4fa4-a97d-d965ccfc6d4b" outcome="Passed" testListId="8c84fa94-04c1-424b-9868-57a2d4851a1d" relativeResultsDirectory="0ac872f5-d59e-4df1-be7b-1a91b6617871" />
    <UnitTestResult executionId="8c6cfaea-cdec-43d2-9bfc-19569596e044" testId="772eca89-e36b-2caf-3a61-430b15d26025" testName="TestMethod129" computerName="SUSALUJ" duration="00:00:00.0000502" startTime="2019-07-19T15:51:24.0100020+05:30" endTime="2019-07-19T15:51:24.0109979+05:30" testType="13cdc9d9-ddb5-4fa4-a97d-d965ccfc6d4b" outcome="Passed" testListId="8c84fa94-04c1-424b-9868-57a2d4851a1d" relativeResultsDirectory="8c6cfaea-cdec-43d2-9bfc-19569596e044" />
    <UnitTestResult executionId="0e4a38e8-2a08-400a-897f-8e30552b31a0" testId="aa3e2e38-c3b0-99ea-8d54-db64851f9e11" testName="TestMethod258" computerName="SUSALUJ" duration="00:00:00.0041515" startTime="2019-07-19T15:51:23.9419982+05:30" endTime="2019-07-19T15:51:23.9459958+05:30" testType="13cdc9d9-ddb5-4fa4-a97d-d965ccfc6d4b" outcome="Passed" testListId="8c84fa94-04c1-424b-9868-57a2d4851a1d" relativeResultsDirectory="0e4a38e8-2a08-400a-897f-8e30552b31a0" />
    <UnitTestResult executionId="7a94951c-4820-416e-943d-bf6d85eb043e" testId="e314ca48-ecc2-8358-33ec-5f3221d11fab" testName="TestMethod338" computerName="SUSALUJ" duration="00:00:00.0000447" startTime="2019-07-19T15:51:23.9729971+05:30" endTime="2019-07-19T15:51:23.9729971+05:30" testType="13cdc9d9-ddb5-4fa4-a97d-d965ccfc6d4b" outcome="Passed" testListId="8c84fa94-04c1-424b-9868-57a2d4851a1d" relativeResultsDirectory="7a94951c-4820-416e-943d-bf6d85eb043e" />
    <UnitTestResult executionId="160e1ab4-5f6c-44c2-9ade-5eed0283aa81" testId="aabe9f3b-0283-90ce-3fe9-506780195010" testName="TestMethod488" computerName="SUSALUJ" duration="00:00:00.0000295" startTime="2019-07-19T15:51:23.9089944+05:30" endTime="2019-07-19T15:51:23.9089944+05:30" testType="13cdc9d9-ddb5-4fa4-a97d-d965ccfc6d4b" outcome="Passed" testListId="8c84fa94-04c1-424b-9868-57a2d4851a1d" relativeResultsDirectory="160e1ab4-5f6c-44c2-9ade-5eed0283aa81" />
    <UnitTestResult executionId="c7913cec-c2ac-49f1-97a2-117092a29d8b" testId="231e6c40-d8a6-0032-8786-9574d90f41c4" testName="TestMethod255" computerName="SUSALUJ" duration="00:00:00.0000353" startTime="2019-07-19T15:51:23.9409998+05:30" endTime="2019-07-19T15:51:23.9409998+05:30" testType="13cdc9d9-ddb5-4fa4-a97d-d965ccfc6d4b" outcome="Passed" testListId="8c84fa94-04c1-424b-9868-57a2d4851a1d" relativeResultsDirectory="c7913cec-c2ac-49f1-97a2-117092a29d8b" />
  </Results>
  <TestDefinitions>
    <UnitTest name="TestMethod30" storage="c:\agent\_work\8\s\testprojectwon\bin\release\testprojectwon.dll" id="6c89b528-ea7c-eb48-edc6-b48c23b28dc9">
      <Execution id="f6233a3a-b6ab-424b-9296-1d0efe37b3d8" />
      <TestMethod codeBase="C:\agent\_work\8\s\TestProjectWON\bin\Release\TestProjectWON.dll" adapterTypeName="executor://mstestadapter/v1" className="TestProjectWON.UnitTest1" name="TestMethod30" />
    </UnitTest>
    <UnitTest name="TestMethod503" storage="c:\agent\_work\8\s\testprojectwon\bin\release\testprojectwon.dll" id="43c92586-8281-f999-8a95-9ce6e6eceff3">
      <Execution id="d56d0f83-7a3f-4c78-a5e9-913820ce53b0" />
      <TestMethod codeBase="C:\agent\_work\8\s\TestProjectWON\bin\Release\TestProjectWON.dll" adapterTypeName="executor://mstestadapter/v1" className="TestProjectWON.UnitTest1" name="TestMethod503" />
    </UnitTest>
    <UnitTest name="TestMethod988" storage="c:\agent\_work\8\s\testprojectwon\bin\release\testprojectwon.dll" id="4fd6add9-2e9f-40f6-b61b-636feaf88629">
      <Execution id="e47cac37-ef0e-4834-80b4-dc7b668c23eb" />
      <TestMethod codeBase="C:\agent\_work\8\s\TestProjectWON\bin\Release\TestProjectWON.dll" adapterTypeName="executor://mstestadapter/v1" className="TestProjectWON.UnitTest1" name="TestMethod988" />
    </UnitTest>
    <UnitTest name="TestMethod353" storage="c:\agent\_work\8\s\testprojectwon\bin\release\testprojectwon.dll" id="d0207416-d0fd-afba-7c63-08d2c2921599">
      <Execution id="d9b0d496-7533-4fc0-bf2b-2fd5c1ec50ab" />
      <TestMethod codeBase="C:\agent\_work\8\s\TestProjectWON\bin\Release\TestProjectWON.dll" adapterTypeName="executor://mstestadapter/v1" className="TestProjectWON.UnitTest1" name="TestMethod353" />
    </UnitTest>
    <UnitTest name="TestMethod448" storage="c:\agent\_work\8\s\testprojectwon\bin\release\testprojectwon.dll" id="58252538-aa9d-495e-5cd5-b82da0ddf325">
      <Execution id="b70983be-25c0-4e94-9ea8-75e6bed6bb07" />
      <TestMethod codeBase="C:\agent\_work\8\s\TestProjectWON\bin\Release\TestProjectWON.dll" adapterTypeName="executor://mstestadapter/v1" className="TestProjectWON.UnitTest1" name="TestMethod448" />
    </UnitTest>
    <UnitTest name="TestMethod760" storage="c:\agent\_work\8\s\testprojectwon\bin\release\testprojectwon.dll" id="779fb846-f62f-b29d-4159-92284b7f2f4a">
      <Execution id="551c4752-28c0-49f0-9fa1-6da12f0a1a61" />
      <TestMethod codeBase="C:\agent\_work\8\s\TestProjectWON\bin\Release\TestProjectWON.dll" adapterTypeName="executor://mstestadapter/v1" className="TestProjectWON.UnitTest1" name="TestMethod760" />
    </UnitTest>
    <UnitTest name="TestMethod407" storage="c:\agent\_work\8\s\testprojectwon\bin\release\testprojectwon.dll" id="5e96792b-e316-edd5-78c3-2dcaa7810f05">
      <Execution id="cbef0294-9b4a-45db-9214-004df61cea4f" />
      <TestMethod codeBase="C:\agent\_work\8\s\TestProjectWON\bin\Release\TestProjectWON.dll" adapterTypeName="executor://mstestadapter/v1" className="TestProjectWON.UnitTest1" name="TestMethod407" />
    </UnitTest>
    <UnitTest name="TestMethod716" storage="c:\agent\_work\8\s\testprojectwon\bin\release\testprojectwon.dll" id="41ba25c7-0eaa-9cd8-3146-7df414caa490">
      <Execution id="db227fc9-8e49-4417-afee-d08b31a86646" />
      <TestMethod codeBase="C:\agent\_work\8\s\TestProjectWON\bin\Release\TestProjectWON.dll" adapterTypeName="executor://mstestadapter/v1" className="TestProjectWON.UnitTest1" name="TestMethod716" />
    </UnitTest>
    <UnitTest name="TestMethod591" storage="c:\agent\_work\8\s\testprojectwon\bin\release\testprojectwon.dll" id="7ed00c63-b206-d22d-b036-c81acaffec65">
      <Execution id="540ebdae-99a5-4eb7-8e86-e8810d68dcc6" />
      <TestMethod codeBase="C:\agent\_work\8\s\TestProjectWON\bin\Release\TestProjectWON.dll" adapterTypeName="executor://mstestadapter/v1" className="TestProjectWON.UnitTest1" name="TestMethod591" />
    </UnitTest>
    <UnitTest name="TestMethod473" storage="c:\agent\_work\8\s\testprojectwon\bin\release\testprojectwon.dll" id="fa5c1275-6796-4dcb-9f88-84aab4336a1f">
      <Execution id="3118736b-11e8-415c-867b-c6fecf14667c" />
      <TestMethod codeBase="C:\agent\_work\8\s\TestProjectWON\bin\Release\TestProjectWON.dll" adapterTypeName="executor://mstestadapter/v1" className="TestProjectWON.UnitTest1" name="TestMethod473" />
    </UnitTest>
    <UnitTest name="TestMethod46" storage="c:\agent\_work\8\s\testprojectwon\bin\release\testprojectwon.dll" id="6089860e-74fe-1064-91b5-288184b89da4">
      <Execution id="7642bc65-e37d-49bb-9c78-d4b0be720ce6" />
      <TestMethod codeBase="C:\agent\_work\8\s\TestProjectWON\bin\Release\TestProjectWON.dll" adapterTypeName="executor://mstestadapter/v1" className="TestProjectWON.UnitTest1" name="TestMethod46" />
    </UnitTest>
    <UnitTest name="TestMethod628" storage="c:\agent\_work\8\s\testprojectwon\bin\release\testprojectwon.dll" id="89d94204-6859-08fd-f562-7b24bf2cea08">
      <Execution id="679a64e3-5293-43e7-931c-56eb8fa8a383" />
      <TestMethod codeBase="C:\agent\_work\8\s\TestProjectWON\bin\Release\TestProjectWON.dll" adapterTypeName="executor://mstestadapter/v1" className="TestProjectWON.UnitTest1" name="TestMethod628" />
    </UnitTest>
    <UnitTest name="TestMethod607" storage="c:\agent\_work\8\s\testprojectwon\bin\release\testprojectwon.dll" id="a611c0f1-bfc5-9afd-c5d5-7057807e80b7">
      <Execution id="409eb586-2ca8-4d4d-a033-9914fb9caffb" />
      <TestMethod codeBase="C:\agent\_work\8\s\TestProjectWON\bin\Release\TestProjectWON.dll" adapterTypeName="executor://mstestadapter/v1" className="TestProjectWON.UnitTest1" name="TestMethod607" />
    </UnitTest>
    <UnitTest name="TestMethod614" storage="c:\agent\_work\8\s\testprojectwon\bin\release\testprojectwon.dll" id="ab35b515-6b4f-5986-3be5-526af9e301a2">
      <Execution id="350f7a9d-4086-44f4-bdab-473282ca25b7" />
      <TestMethod codeBase="C:\agent\_work\8\s\TestProjectWON\bin\Release\TestProjectWON.dll" adapterTypeName="executor://mstestadapter/v1" className="TestProjectWON.UnitTest1" name="TestMethod614" />
    </UnitTest>
    <UnitTest name="TestMethod441" storage="c:\agent\_work\8\s\testprojectwon\bin\release\testprojectwon.dll" id="213bb916-ceed-426e-96b4-3a3ab34937e0">
      <Execution id="9f723111-9b42-4c91-a745-999c4c318d5f" />
      <TestMethod codeBase="C:\agent\_work\8\s\TestProjectWON\bin\Release\TestProjectWON.dll" adapterTypeName="executor://mstestadapter/v1" className="TestProjectWON.UnitTest1" name="TestMethod441" />
    </UnitTest>
    <UnitTest name="TestMethod678" storage="c:\agent\_work\8\s\testprojectwon\bin\release\testprojectwon.dll" id="4e1c4b3d-f4c1-c866-51e9-b239d1531aaf">
      <Execution id="58d6c50a-fec0-4a2f-8382-b18192da82dc" />
      <TestMethod codeBase="C:\agent\_work\8\s\TestProjectWON\bin\Release\TestProjectWON.dll" adapterTypeName="executor://mstestadapter/v1" className="TestProjectWON.UnitTest1" name="TestMethod678" />
    </UnitTest>
    <UnitTest name="TestMethod76" storage="c:\agent\_work\8\s\testprojectwon\bin\release\testprojectwon.dll" id="4af2b2ec-6d57-1ccb-ef9c-1fde4b10ea3a">
      <Execution id="7e2a70eb-0854-48b2-b2f9-37acecafca87" />
      <TestMethod codeBase="C:\agent\_work\8\s\TestProjectWON\bin\Release\TestProjectWON.dll" adapterTypeName="executor://mstestadapter/v1" className="TestProjectWON.UnitTest1" name="TestMethod76" />
    </UnitTest>
    <UnitTest name="TestMethod516" storage="c:\agent\_work\8\s\testprojectwon\bin\release\testprojectwon.dll" id="c9fcc35c-7f7a-1ab8-ede2-ac762b40e339">
      <Execution id="56794349-c23a-4f78-af61-5f3af80ed256" />
      <TestMethod codeBase="C:\agent\_work\8\s\TestProjectWON\bin\Release\TestProjectWON.dll" adapterTypeName="executor://mstestadapter/v1" className="TestProjectWON.UnitTest1" name="TestMethod516" />
    </UnitTest>
    <UnitTest name="TestMethod780" storage="c:\agent\_work\8\s\testprojectwon\bin\release\testprojectwon.dll" id="bb1fddd9-0fa5-0bf4-de64-dbafc0d2b900">
      <Execution id="456627a5-e59d-46b4-8dea-909fb5d9778a" />
      <TestMethod codeBase="C:\agent\_work\8\s\TestProjectWON\bin\Release\TestProjectWON.dll" adapterTypeName="executor://mstestadapter/v1" className="TestProjectWON.UnitTest1" name="TestMethod780" />
    </UnitTest>
    <UnitTest name="TestMethod136" storage="c:\agent\_work\8\s\testprojectwon\bin\release\testprojectwon.dll" id="55e58468-57c4-ea54-a951-098fc793ee39">
      <Execution id="bdc60d5a-1f04-4510-b19f-9f2a0a1938a5" />
      <TestMethod codeBase="C:\agent\_work\8\s\TestProjectWON\bin\Release\TestProjectWON.dll" adapterTypeName="executor://mstestadapter/v1" className="TestProjectWON.UnitTest1" name="TestMethod136" />
    </UnitTest>
    <UnitTest name="TestMethod985" storage="c:\agent\_work\8\s\testprojectwon\bin\release\testprojectwon.dll" id="d07997d8-3ad9-b5cb-508e-dc6b69f27ae6">
      <Execution id="70072e3d-7830-43a3-83ef-91d05eda419a" />
      <TestMethod codeBase="C:\agent\_work\8\s\TestProjectWON\bin\Release\TestProjectWON.dll" adapterTypeName="executor://mstestadapter/v1" className="TestProjectWON.UnitTest1" name="TestMethod985" />
    </UnitTest>
    <UnitTest name="TestMethod568" storage="c:\agent\_work\8\s\testprojectwon\bin\release\testprojectwon.dll" id="3501dd5e-3136-d1c4-6098-365f9bf98c33">
      <Execution id="7dab7383-78af-4f11-9a04-0e9b391bbb6e" />
      <TestMethod codeBase="C:\agent\_work\8\s\TestProjectWON\bin\Release\TestProjectWON.dll" adapterTypeName="executor://mstestadapter/v1" className="TestProjectWON.UnitTest1" name="TestMethod568" />
    </UnitTest>
    <UnitTest name="TestMethod159" storage="c:\agent\_work\8\s\testprojectwon\bin\release\testprojectwon.dll" id="c162230b-7740-f5ae-8a70-82a055c18768">
      <Execution id="cb7b906b-b8fe-40b9-970e-8158ebb08302" />
      <TestMethod codeBase="C:\agent\_work\8\s\TestProjectWON\bin\Release\TestProjectWON.dll" adapterTypeName="executor://mstestadapter/v1" className="TestProjectWON.UnitTest1" name="TestMethod159" />
    </UnitTest>
    <UnitTest name="TestMethod881" storage="c:\agent\_work\8\s\testprojectwon\bin\release\testprojectwon.dll" id="668d0b8e-9860-f146-142e-006ec1261508">
      <Execution id="914ed43d-a6dd-436e-a8ab-f00ddff0113d" />
      <TestMethod codeBase="C:\agent\_work\8\s\TestProjectWON\bin\Release\TestProjectWON.dll" adapterTypeName="executor://mstestadapter/v1" className="TestProjectWON.UnitTest1" name="TestMethod881" />
    </UnitTest>
    <UnitTest name="TestMethod105" storage="c:\agent\_work\8\s\testprojectwon\bin\release\testprojectwon.dll" id="b657245b-394b-0aab-a286-40822ee34434">
      <Execution id="7975d40e-e13f-4dbc-8d6c-9b15f423733c" />
      <TestMethod codeBase="C:\agent\_work\8\s\TestProjectWON\bin\Release\TestProjectWON.dll" adapterTypeName="executor://mstestadapter/v1" className="TestProjectWON.UnitTest1" name="TestMethod105" />
    </UnitTest>
    <UnitTest name="TestMethod609" storage="c:\agent\_work\8\s\testprojectwon\bin\release\testprojectwon.dll" id="9e64b04f-cef8-a6a4-2a7a-4f3ba5bacb2c">
      <Execution id="2c2d1e9b-6de6-4cee-92c6-bcaee9cdbbe5" />
      <TestMethod codeBase="C:\agent\_work\8\s\TestProjectWON\bin\Release\TestProjectWON.dll" adapterTypeName="executor://mstestadapter/v1" className="TestProjectWON.UnitTest1" name="TestMethod609" />
    </UnitTest>
    <UnitTest name="TestMethod899" storage="c:\agent\_work\8\s\testprojectwon\bin\release\testprojectwon.dll" id="d0c3469c-3e89-21a1-aed7-39e7e37890ac">
      <Execution id="e3843db5-678f-401d-b082-d3be810c01ae" />
      <TestMethod codeBase="C:\agent\_work\8\s\TestProjectWON\bin\Release\TestProjectWON.dll" adapterTypeName="executor://mstestadapter/v1" className="TestProjectWON.UnitTest1" name="TestMethod899" />
    </UnitTest>
    <UnitTest name="TestMethod165" storage="c:\agent\_work\8\s\testprojectwon\bin\release\testprojectwon.dll" id="d891963e-75e4-bfbd-1af1-6f2f40b7b8fb">
      <Execution id="c6c44174-c9d2-4a0d-80e0-0145c3400afe" />
      <TestMethod codeBase="C:\agent\_work\8\s\TestProjectWON\bin\Release\TestProjectWON.dll" adapterTypeName="executor://mstestadapter/v1" className="TestProjectWON.UnitTest1" name="TestMethod165" />
    </UnitTest>
    <UnitTest name="TestMethod530" storage="c:\agent\_work\8\s\testprojectwon\bin\release\testprojectwon.dll" id="a53676c2-6a25-994e-56e2-64a4053f1dbf">
      <Execution id="63b4f733-470b-4da7-b026-319a1ee32715" />
      <TestMethod codeBase="C:\agent\_work\8\s\TestProjectWON\bin\Release\TestProjectWON.dll" adapterTypeName="executor://mstestadapter/v1" className="TestProjectWON.UnitTest1" name="TestMethod530" />
    </UnitTest>
    <UnitTest name="TestMethod973" storage="c:\agent\_work\8\s\testprojectwon\bin\release\testprojectwon.dll" id="c68f1a33-bf3d-7b4f-1f09-0687ed5a3cd4">
      <Execution id="6d1edea8-ccea-4272-a49d-d2ba19aec8f5" />
      <TestMethod codeBase="C:\agent\_work\8\s\TestProjectWON\bin\Release\TestProjectWON.dll" adapterTypeName="executor://mstestadapter/v1" className="TestProjectWON.UnitTest1" name="TestMethod973" />
    </UnitTest>
    <UnitTest name="TestMethod536" storage="c:\agent\_work\8\s\testprojectwon\bin\release\testprojectwon.dll" id="1e91379e-a612-ecda-00ad-3a929d9956cc">
      <Execution id="ff8e5189-35c8-4db1-b81d-ff3ae4f66594" />
      <TestMethod codeBase="C:\agent\_work\8\s\TestProjectWON\bin\Release\TestProjectWON.dll" adapterTypeName="executor://mstestadapter/v1" className="TestProjectWON.UnitTest1" name="TestMethod536" />
    </UnitTest>
    <UnitTest name="TestMethod840" storage="c:\agent\_work\8\s\testprojectwon\bin\release\testprojectwon.dll" id="c8745a69-fd21-081b-4b7f-986392e3125e">
      <Execution id="7a627115-6e08-413f-a189-bb8f4fbf8dda" />
      <TestMethod codeBase="C:\agent\_work\8\s\TestProjectWON\bin\Release\TestProjectWON.dll" adapterTypeName="executor://mstestadapter/v1" className="TestProjectWON.UnitTest1" name="TestMethod840" />
    </UnitTest>
    <UnitTest name="TestMethod589" storage="c:\agent\_work\8\s\testprojectwon\bin\release\testprojectwon.dll" id="5d9d8819-6aeb-7979-eb4e-aba3a07e8e98">
      <Execution id="c7f630df-d6b9-4574-b5af-b3eb7207d490" />
      <TestMethod codeBase="C:\agent\_work\8\s\TestProjectWON\bin\Release\TestProjectWON.dll" adapterTypeName="executor://mstestadapter/v1" className="TestProjectWON.UnitTest1" name="TestMethod589" />
    </UnitTest>
    <UnitTest name="TestMethod849" storage="c:\agent\_work\8\s\testprojectwon\bin\release\testprojectwon.dll" id="5b7e467a-91c7-78ab-3512-45042ebd5bae">
      <Execution id="c5839b8b-8139-4ae0-ba08-4ad4bacae2b8" />
      <TestMethod codeBase="C:\agent\_work\8\s\TestProjectWON\bin\Release\TestProjectWON.dll" adapterTypeName="executor://mstestadapter/v1" className="TestProjectWON.UnitTest1" name="TestMethod849" />
    </UnitTest>
    <UnitTest name="TestMethod439" storage="c:\agent\_work\8\s\testprojectwon\bin\release\testprojectwon.dll" id="d0b1f7dc-31d1-6275-6eac-8c5e9f628719">
      <Execution id="2155186f-092d-402f-a7f8-3ecc440d3005" />
      <TestMethod codeBase="C:\agent\_work\8\s\TestProjectWON\bin\Release\TestProjectWON.dll" adapterTypeName="executor://mstestadapter/v1" className="TestProjectWON.UnitTest1" name="TestMethod439" />
    </UnitTest>
    <UnitTest name="TestMethod911" storage="c:\agent\_work\8\s\testprojectwon\bin\release\testprojectwon.dll" id="1a78a23a-08c2-bb6e-8ffb-6ac2f44d4918">
      <Execution id="a643d05e-aeb2-4b92-bf25-be2371450213" />
      <TestMethod codeBase="C:\agent\_work\8\s\TestProjectWON\bin\Release\TestProjectWON.dll" adapterTypeName="executor://mstestadapter/v1" className="TestProjectWON.UnitTest1" name="TestMethod911" />
    </UnitTest>
    <UnitTest name="TestMethod429" storage="c:\agent\_work\8\s\testprojectwon\bin\release\testprojectwon.dll" id="c84eee12-0040-fb25-9265-b00e53c594e5">
      <Execution id="07cd171a-d6ff-4eb8-abaa-d9aaaa38fa5f" />
      <TestMethod codeBase="C:\agent\_work\8\s\TestProjectWON\bin\Release\TestProjectWON.dll" adapterTypeName="executor://mstestadapter/v1" className="TestProjectWON.UnitTest1" name="TestMethod429" />
    </UnitTest>
    <UnitTest name="TestMethod239" storage="c:\agent\_work\8\s\testprojectwon\bin\release\testprojectwon.dll" id="62a3c894-4075-1cb4-f5dc-7ab6cb40b117">
      <Execution id="e7be294f-d20f-4104-84a1-151d425b0cba" />
      <TestMethod codeBase="C:\agent\_work\8\s\TestProjectWON\bin\Release\TestProjectWON.dll" adapterTypeName="executor://mstestadapter/v1" className="TestProjectWON.UnitTest1" name="TestMethod239" />
    </UnitTest>
    <UnitTest name="TestMethod942" storage="c:\agent\_work\8\s\testprojectwon\bin\release\testprojectwon.dll" id="8c74cf7e-2896-1468-27c7-3536171927b5">
      <Execution id="9010ff3f-a2d8-4fb4-96f2-95fce610d60d" />
      <TestMethod codeBase="C:\agent\_work\8\s\TestProjectWON\bin\Release\TestProjectWON.dll" adapterTypeName="executor://mstestadapter/v1" className="TestProjectWON.UnitTest1" name="TestMethod942" />
    </UnitTest>
    <UnitTest name="TestMethod292" storage="c:\agent\_work\8\s\testprojectwon\bin\release\testprojectwon.dll" id="e6196d6f-df08-6059-bad4-cec736d80078">
      <Execution id="146b8260-9f62-4796-a856-1b8036f450dc" />
      <TestMethod codeBase="C:\agent\_work\8\s\TestProjectWON\bin\Release\TestProjectWON.dll" adapterTypeName="executor://mstestadapter/v1" className="TestProjectWON.UnitTest1" name="TestMethod292" />
    </UnitTest>
    <UnitTest name="TestMethod510" storage="c:\agent\_work\8\s\testprojectwon\bin\release\testprojectwon.dll" id="7a596ad5-bb27-16dd-af50-897d939e5f05">
      <Execution id="ff896209-90e8-4559-95f5-8073d4267c2a" />
      <TestMethod codeBase="C:\agent\_work\8\s\TestProjectWON\bin\Release\TestProjectWON.dll" adapterTypeName="executor://mstestadapter/v1" className="TestProjectWON.UnitTest1" name="TestMethod510" />
    </UnitTest>
    <UnitTest name="TestMethod908" storage="c:\agent\_work\8\s\testprojectwon\bin\release\testprojectwon.dll" id="e401551b-645d-a000-6212-1dcbb32da72a">
      <Execution id="f039527f-15b1-4203-b347-698a546a363a" />
      <TestMethod codeBase="C:\agent\_work\8\s\TestProjectWON\bin\Release\TestProjectWON.dll" adapterTypeName="executor://mstestadapter/v1" className="TestProjectWON.UnitTest1" name="TestMethod908" />
    </UnitTest>
    <UnitTest name="TestMethod976" storage="c:\agent\_work\8\s\testprojectwon\bin\release\testprojectwon.dll" id="ed1bf934-546a-affe-da50-91add822706b">
      <Execution id="dbd78415-c20c-4dae-9c93-affdb1d9b8de" />
      <TestMethod codeBase="C:\agent\_work\8\s\TestProjectWON\bin\Release\TestProjectWON.dll" adapterTypeName="executor://mstestadapter/v1" className="TestProjectWON.UnitTest1" name="TestMethod976" />
    </UnitTest>
    <UnitTest name="TestMethod677" storage="c:\agent\_work\8\s\testprojectwon\bin\release\testprojectwon.dll" id="644cd37f-c859-5403-ac27-b0c77ac8d299">
      <Execution id="e7ead1c0-1d0f-44e8-96c8-0d4d4fdfd091" />
      <TestMethod codeBase="C:\agent\_work\8\s\TestProjectWON\bin\Release\TestProjectWON.dll" adapterTypeName="executor://mstestadapter/v1" className="TestProjectWON.UnitTest1" name="TestMethod677" />
    </UnitTest>
    <UnitTest name="TestMethod737" storage="c:\agent\_work\8\s\testprojectwon\bin\release\testprojectwon.dll" id="d86fc41b-b759-c6af-e706-53b3776f4824">
      <Execution id="985c0e3c-9415-4832-8b30-e17f12d93f82" />
      <TestMethod codeBase="C:\agent\_work\8\s\TestProjectWON\bin\Release\TestProjectWON.dll" adapterTypeName="executor://mstestadapter/v1" className="TestProjectWON.UnitTest1" name="TestMethod737" />
    </UnitTest>
    <UnitTest name="TestMethod21" storage="c:\agent\_work\8\s\testprojectwon\bin\release\testprojectwon.dll" id="ae718779-653e-6c75-7dc0-1104d37b58a2">
      <Execution id="a771e354-e048-46b5-b3de-765554dc6f29" />
      <TestMethod codeBase="C:\agent\_work\8\s\TestProjectWON\bin\Release\TestProjectWON.dll" adapterTypeName="executor://mstestadapter/v1" className="TestProjectWON.UnitTest1" name="TestMethod21" />
    </UnitTest>
    <UnitTest name="TestMethod712" storage="c:\agent\_work\8\s\testprojectwon\bin\release\testprojectwon.dll" id="a6e4ad87-2576-c8ef-87da-6cb2f57795fd">
      <Execution id="850e6e92-ebdd-46ee-9a02-b592e293e5bd" />
      <TestMethod codeBase="C:\agent\_work\8\s\TestProjectWON\bin\Release\TestProjectWON.dll" adapterTypeName="executor://mstestadapter/v1" className="TestProjectWON.UnitTest1" name="TestMethod712" />
    </UnitTest>
    <UnitTest name="TestMethod837" storage="c:\agent\_work\8\s\testprojectwon\bin\release\testprojectwon.dll" id="41ecebc9-74af-42bd-181b-155796a14796">
      <Execution id="5c77c1c6-bfce-4fb5-a0e1-47d9bf04ad86" />
      <TestMethod codeBase="C:\agent\_work\8\s\TestProjectWON\bin\Release\TestProjectWON.dll" adapterTypeName="executor://mstestadapter/v1" className="TestProjectWON.UnitTest1" name="TestMethod837" />
    </UnitTest>
    <UnitTest name="TestMethod328" storage="c:\agent\_work\8\s\testprojectwon\bin\release\testprojectwon.dll" id="42dce079-c8cf-62fa-c9ff-9e14c4f58eaa">
      <Execution id="faaa7265-93c9-42e4-91b9-43781eb8d866" />
      <TestMethod codeBase="C:\agent\_work\8\s\TestProjectWON\bin\Release\TestProjectWON.dll" adapterTypeName="executor://mstestadapter/v1" className="TestProjectWON.UnitTest1" name="TestMethod328" />
    </UnitTest>
    <UnitTest name="TestMethod879" storage="c:\agent\_work\8\s\testprojectwon\bin\release\testprojectwon.dll" id="558bbf3e-ad01-237f-31a6-a482e4972696">
      <Execution id="44fb9b70-b389-40c6-b13a-dbd3a1208c23" />
      <TestMethod codeBase="C:\agent\_work\8\s\TestProjectWON\bin\Release\TestProjectWON.dll" adapterTypeName="executor://mstestadapter/v1" className="TestProjectWON.UnitTest1" name="TestMethod879" />
    </UnitTest>
    <UnitTest name="TestMethod575" storage="c:\agent\_work\8\s\testprojectwon\bin\release\testprojectwon.dll" id="4ebd587b-6f47-7643-6f95-0ba5dfee9340">
      <Execution id="250abd5b-c5d9-4ef9-9101-d0e3e7fbe446" />
      <TestMethod codeBase="C:\agent\_work\8\s\TestProjectWON\bin\Release\TestProjectWON.dll" adapterTypeName="executor://mstestadapter/v1" className="TestProjectWON.UnitTest1" name="TestMethod575" />
    </UnitTest>
    <UnitTest name="TestMethod584" storage="c:\agent\_work\8\s\testprojectwon\bin\release\testprojectwon.dll" id="acc5ed19-756d-b7df-a160-4ba93c70e6ba">
      <Execution id="15da7868-4671-4a43-aba9-f5a497ae010f" />
      <TestMethod codeBase="C:\agent\_work\8\s\TestProjectWON\bin\Release\TestProjectWON.dll" adapterTypeName="executor://mstestadapter/v1" className="TestProjectWON.UnitTest1" name="TestMethod584" />
    </UnitTest>
    <UnitTest name="TestMethod933" storage="c:\agent\_work\8\s\testprojectwon\bin\release\testprojectwon.dll" id="fb017625-fbee-c628-023c-a26622cccf10">
      <Execution id="cbb577b0-6aca-4d00-a823-35993a23fd6e" />
      <TestMethod codeBase="C:\agent\_work\8\s\TestProjectWON\bin\Release\TestProjectWON.dll" adapterTypeName="executor://mstestadapter/v1" className="TestProjectWON.UnitTest1" name="TestMethod933" />
    </UnitTest>
    <UnitTest name="TestMethod215" storage="c:\agent\_work\8\s\testprojectwon\bin\release\testprojectwon.dll" id="b371c621-a08b-1ffa-904c-27ea074f2ce7">
      <Execution id="074b0d4d-c2fe-494b-bccc-2eecab46bdd9" />
      <TestMethod codeBase="C:\agent\_work\8\s\TestProjectWON\bin\Release\TestProjectWON.dll" adapterTypeName="executor://mstestadapter/v1" className="TestProjectWON.UnitTest1" name="TestMethod215" />
    </UnitTest>
    <UnitTest name="TestMethod744" storage="c:\agent\_work\8\s\testprojectwon\bin\release\testprojectwon.dll" id="e8cf5d70-9946-820d-ca3b-f86aabe77007">
      <Execution id="3becbcfb-f5e7-4e08-b2a0-2e7a974ba080" />
      <TestMethod codeBase="C:\agent\_work\8\s\TestProjectWON\bin\Release\TestProjectWON.dll" adapterTypeName="executor://mstestadapter/v1" className="TestProjectWON.UnitTest1" name="TestMethod744" />
    </UnitTest>
    <UnitTest name="TestMethod307" storage="c:\agent\_work\8\s\testprojectwon\bin\release\testprojectwon.dll" id="75672b29-c2e6-e6b5-2b1f-3093819db5a8">
      <Execution id="0e0957a8-f456-4159-8415-7a4f9cef46ed" />
      <TestMethod codeBase="C:\agent\_work\8\s\TestProjectWON\bin\Release\TestProjectWON.dll" adapterTypeName="executor://mstestadapter/v1" className="TestProjectWON.UnitTest1" name="TestMethod307" />
    </UnitTest>
    <UnitTest name="TestMethod826" storage="c:\agent\_work\8\s\testprojectwon\bin\release\testprojectwon.dll" id="e58a0942-0a45-f68c-4939-9698b6e41f36">
      <Execution id="bb438432-cadb-44b1-9132-d0c0be9420eb" />
      <TestMethod codeBase="C:\agent\_work\8\s\TestProjectWON\bin\Release\TestProjectWON.dll" adapterTypeName="executor://mstestadapter/v1" className="TestProjectWON.UnitTest1" name="TestMethod826" />
    </UnitTest>
    <UnitTest name="TestMethod80" storage="c:\agent\_work\8\s\testprojectwon\bin\release\testprojectwon.dll" id="4f37197c-c656-2d24-76e4-0caf6e7a2cfa">
      <Execution id="cfc34475-1883-424e-92ff-059b0e29cbc0" />
      <TestMethod codeBase="C:\agent\_work\8\s\TestProjectWON\bin\Release\TestProjectWON.dll" adapterTypeName="executor://mstestadapter/v1" className="TestProjectWON.UnitTest1" name="TestMethod80" />
    </UnitTest>
    <UnitTest name="TestMethod513" storage="c:\agent\_work\8\s\testprojectwon\bin\release\testprojectwon.dll" id="67c4334d-6d77-45b4-e2c4-3e9702879cf1">
      <Execution id="6c02d142-0d81-4fe7-b8ec-05c489a9a439" />
      <TestMethod codeBase="C:\agent\_work\8\s\TestProjectWON\bin\Release\TestProjectWON.dll" adapterTypeName="executor://mstestadapter/v1" className="TestProjectWON.UnitTest1" name="TestMethod513" />
    </UnitTest>
    <UnitTest name="TestMethod997" storage="c:\agent\_work\8\s\testprojectwon\bin\release\testprojectwon.dll" id="9769dd8b-4049-758a-3947-cd0f87143707">
      <Execution id="a5c5a920-9e95-4277-9fa4-483c57e2fc5c" />
      <TestMethod codeBase="C:\agent\_work\8\s\TestProjectWON\bin\Release\TestProjectWON.dll" adapterTypeName="executor://mstestadapter/v1" className="TestProjectWON.UnitTest1" name="TestMethod997" />
    </UnitTest>
    <UnitTest name="TestMethod821" storage="c:\agent\_work\8\s\testprojectwon\bin\release\testprojectwon.dll" id="5ac84828-9966-8e1a-08c9-8ed72c4cde49">
      <Execution id="f1053860-3df2-4fd6-be98-075218f316c4" />
      <TestMethod codeBase="C:\agent\_work\8\s\TestProjectWON\bin\Release\TestProjectWON.dll" adapterTypeName="executor://mstestadapter/v1" className="TestProjectWON.UnitTest1" name="TestMethod821" />
    </UnitTest>
    <UnitTest name="TestMethod498" storage="c:\agent\_work\8\s\testprojectwon\bin\release\testprojectwon.dll" id="ccdbf728-3666-1369-5630-cac7c9ba6732">
      <Execution id="02d6c819-e38b-4366-a6e9-1da5e12bbd70" />
      <TestMethod codeBase="C:\agent\_work\8\s\TestProjectWON\bin\Release\TestProjectWON.dll" adapterTypeName="executor://mstestadapter/v1" className="TestProjectWON.UnitTest1" name="TestMethod498" />
    </UnitTest>
    <UnitTest name="TestMethod790" storage="c:\agent\_work\8\s\testprojectwon\bin\release\testprojectwon.dll" id="2d37474b-3bff-518c-3eb2-7e61c99f0232">
      <Execution id="831c5f84-710c-4b58-9d83-a2aa95e06081" />
      <TestMethod codeBase="C:\agent\_work\8\s\TestProjectWON\bin\Release\TestProjectWON.dll" adapterTypeName="executor://mstestadapter/v1" className="TestProjectWON.UnitTest1" name="TestMethod790" />
    </UnitTest>
    <UnitTest name="TestMethod135" storage="c:\agent\_work\8\s\testprojectwon\bin\release\testprojectwon.dll" id="d120661f-8632-a32a-1ff6-69f4690aaab5">
      <Execution id="ff34de9f-701f-459f-988b-8d43b75ca02e" />
      <TestMethod codeBase="C:\agent\_work\8\s\TestProjectWON\bin\Release\TestProjectWON.dll" adapterTypeName="executor://mstestadapter/v1" className="TestProjectWON.UnitTest1" name="TestMethod135" />
    </UnitTest>
    <UnitTest name="TestMethod989" storage="c:\agent\_work\8\s\testprojectwon\bin\release\testprojectwon.dll" id="b752c3a3-34d2-a6ba-c754-ff6ae312f261">
      <Execution id="e8ecac7d-d690-4a4c-a812-22ab8c119718" />
      <TestMethod codeBase="C:\agent\_work\8\s\TestProjectWON\bin\Release\TestProjectWON.dll" adapterTypeName="executor://mstestadapter/v1" className="TestProjectWON.UnitTest1" name="TestMethod989" />
    </UnitTest>
    <UnitTest name="TestMethod118" storage="c:\agent\_work\8\s\testprojectwon\bin\release\testprojectwon.dll" id="36cdeb24-1c40-6d0a-e9f9-e07afe360faf">
      <Execution id="5687b900-2197-43b4-a773-7c90604d6121" />
      <TestMethod codeBase="C:\agent\_work\8\s\TestProjectWON\bin\Release\TestProjectWON.dll" adapterTypeName="executor://mstestadapter/v1" className="TestProjectWON.UnitTest1" name="TestMethod118" />
    </UnitTest>
    <UnitTest name="TestMethod243" storage="c:\agent\_work\8\s\testprojectwon\bin\release\testprojectwon.dll" id="ad6256fd-49a6-5d29-9f2f-3c372f001088">
      <Execution id="0bc22698-abb3-4f9f-b2de-a86a178dd77c" />
      <TestMethod codeBase="C:\agent\_work\8\s\TestProjectWON\bin\Release\TestProjectWON.dll" adapterTypeName="executor://mstestadapter/v1" className="TestProjectWON.UnitTest1" name="TestMethod243" />
    </UnitTest>
    <UnitTest name="TestMethod848" storage="c:\agent\_work\8\s\testprojectwon\bin\release\testprojectwon.dll" id="70353261-d671-838d-c783-4f34d69baa4b">
      <Execution id="4fcde4da-e555-4202-b35c-b55ec057600b" />
      <TestMethod codeBase="C:\agent\_work\8\s\TestProjectWON\bin\Release\TestProjectWON.dll" adapterTypeName="executor://mstestadapter/v1" className="TestProjectWON.UnitTest1" name="TestMethod848" />
    </UnitTest>
    <UnitTest name="TestMethod432" storage="c:\agent\_work\8\s\testprojectwon\bin\release\testprojectwon.dll" id="83479372-ac22-3102-64a3-5de7bde0b436">
      <Execution id="2d976e3f-74af-400d-8115-d8af9730f629" />
      <TestMethod codeBase="C:\agent\_work\8\s\TestProjectWON\bin\Release\TestProjectWON.dll" adapterTypeName="executor://mstestadapter/v1" className="TestProjectWON.UnitTest1" name="TestMethod432" />
    </UnitTest>
    <UnitTest name="TestMethod750" storage="c:\agent\_work\8\s\testprojectwon\bin\release\testprojectwon.dll" id="df2d8e43-53ad-a069-83f3-f6ce5b005341">
      <Execution id="04520a42-18b7-4631-82e8-8d5804176587" />
      <TestMethod codeBase="C:\agent\_work\8\s\TestProjectWON\bin\Release\TestProjectWON.dll" adapterTypeName="executor://mstestadapter/v1" className="TestProjectWON.UnitTest1" name="TestMethod750" />
    </UnitTest>
    <UnitTest name="TestMethod567" storage="c:\agent\_work\8\s\testprojectwon\bin\release\testprojectwon.dll" id="af8395b7-893f-6530-0c75-18ea7b0cb16b">
      <Execution id="a42be58e-d892-412d-b379-7babbdedbdba" />
      <TestMethod codeBase="C:\agent\_work\8\s\TestProjectWON\bin\Release\TestProjectWON.dll" adapterTypeName="executor://mstestadapter/v1" className="TestProjectWON.UnitTest1" name="TestMethod567" />
    </UnitTest>
    <UnitTest name="TestMethod929" storage="c:\agent\_work\8\s\testprojectwon\bin\release\testprojectwon.dll" id="8b53428c-a713-6b36-2567-9117ab16c585">
      <Execution id="a591bde1-d25c-4d03-912a-859795542841" />
      <TestMethod codeBase="C:\agent\_work\8\s\TestProjectWON\bin\Release\TestProjectWON.dll" adapterTypeName="executor://mstestadapter/v1" className="TestProjectWON.UnitTest1" name="TestMethod929" />
    </UnitTest>
    <UnitTest name="TestMethod853" storage="c:\agent\_work\8\s\testprojectwon\bin\release\testprojectwon.dll" id="f82332ef-7e4a-1896-d313-946a251f4768">
      <Execution id="dcd6f0e6-2f1a-4555-9774-41a44f53450b" />
      <TestMethod codeBase="C:\agent\_work\8\s\TestProjectWON\bin\Release\TestProjectWON.dll" adapterTypeName="executor://mstestadapter/v1" className="TestProjectWON.UnitTest1" name="TestMethod853" />
    </UnitTest>
    <UnitTest name="TestMethod668" storage="c:\agent\_work\8\s\testprojectwon\bin\release\testprojectwon.dll" id="bc65e94b-7077-ded6-39f5-e5d52741d172">
      <Execution id="e25a1dd0-cb80-42f1-927a-4726faa63427" />
      <TestMethod codeBase="C:\agent\_work\8\s\TestProjectWON\bin\Release\TestProjectWON.dll" adapterTypeName="executor://mstestadapter/v1" className="TestProjectWON.UnitTest1" name="TestMethod668" />
    </UnitTest>
    <UnitTest name="TestMethod553" storage="c:\agent\_work\8\s\testprojectwon\bin\release\testprojectwon.dll" id="a013e890-d611-1854-7b6c-ec3e16af280d">
      <Execution id="338c2b55-db0b-4572-bb15-2a13fa393329" />
      <TestMethod codeBase="C:\agent\_work\8\s\TestProjectWON\bin\Release\TestProjectWON.dll" adapterTypeName="executor://mstestadapter/v1" className="TestProjectWON.UnitTest1" name="TestMethod553" />
    </UnitTest>
    <UnitTest name="TestMethod411" storage="c:\agent\_work\8\s\testprojectwon\bin\release\testprojectwon.dll" id="dfc76857-5068-fa73-5484-889d9772bdb5">
      <Execution id="5da78102-17fa-4e1a-8598-b3c988cd3088" />
      <TestMethod codeBase="C:\agent\_work\8\s\TestProjectWON\bin\Release\TestProjectWON.dll" adapterTypeName="executor://mstestadapter/v1" className="TestProjectWON.UnitTest1" name="TestMethod411" />
    </UnitTest>
    <UnitTest name="TestMethod557" storage="c:\agent\_work\8\s\testprojectwon\bin\release\testprojectwon.dll" id="6d6df8c4-026d-d6b4-a18d-53a88f110858">
      <Execution id="805b2375-977d-4d39-b790-f38a3b29774f" />
      <TestMethod codeBase="C:\agent\_work\8\s\TestProjectWON\bin\Release\TestProjectWON.dll" adapterTypeName="executor://mstestadapter/v1" className="TestProjectWON.UnitTest1" name="TestMethod557" />
    </UnitTest>
    <UnitTest name="TestMethod129" storage="c:\agent\_work\8\s\testprojectwon\bin\release\testprojectwon.dll" id="772eca89-e36b-2caf-3a61-430b15d26025">
      <Execution id="8c6cfaea-cdec-43d2-9bfc-19569596e044" />
      <TestMethod codeBase="C:\agent\_work\8\s\TestProjectWON\bin\Release\TestProjectWON.dll" adapterTypeName="executor://mstestadapter/v1" className="TestProjectWON.UnitTest1" name="TestMethod129" />
    </UnitTest>
    <UnitTest name="TestMethod577" storage="c:\agent\_work\8\s\testprojectwon\bin\release\testprojectwon.dll" id="a471cbe6-ddac-d857-6850-01d41582ed50">
      <Execution id="95ee69af-510b-44b2-b725-36980e050e59" />
      <TestMethod codeBase="C:\agent\_work\8\s\TestProjectWON\bin\Release\TestProjectWON.dll" adapterTypeName="executor://mstestadapter/v1" className="TestProjectWON.UnitTest1" name="TestMethod577" />
    </UnitTest>
    <UnitTest name="TestMethod343" storage="c:\agent\_work\8\s\testprojectwon\bin\release\testprojectwon.dll" id="4dcdae58-fdaf-cc1d-331a-86b37afe9b16">
      <Execution id="baa23209-8fd7-4b42-ace9-bdc7367ff7c8" />
      <TestMethod codeBase="C:\agent\_work\8\s\TestProjectWON\bin\Release\TestProjectWON.dll" adapterTypeName="executor://mstestadapter/v1" className="TestProjectWON.UnitTest1" name="TestMethod343" />
    </UnitTest>
    <UnitTest name="TestMethod245" storage="c:\agent\_work\8\s\testprojectwon\bin\release\testprojectwon.dll" id="4f1f47b0-26b2-1979-634e-f8f9191ffc10">
      <Execution id="842911bc-cf9d-4652-a0e4-0f6809ff34b5" />
      <TestMethod codeBase="C:\agent\_work\8\s\TestProjectWON\bin\Release\TestProjectWON.dll" adapterTypeName="executor://mstestadapter/v1" className="TestProjectWON.UnitTest1" name="TestMethod245" />
    </UnitTest>
    <UnitTest name="TestMethod374" storage="c:\agent\_work\8\s\testprojectwon\bin\release\testprojectwon.dll" id="ae554e2f-9239-c2e4-e83d-b0868067315c">
      <Execution id="f91c73e7-757a-42da-a1a3-add3f1706f11" />
      <TestMethod codeBase="C:\agent\_work\8\s\TestProjectWON\bin\Release\TestProjectWON.dll" adapterTypeName="executor://mstestadapter/v1" className="TestProjectWON.UnitTest1" name="TestMethod374" />
    </UnitTest>
    <UnitTest name="TestMethod147" storage="c:\agent\_work\8\s\testprojectwon\bin\release\testprojectwon.dll" id="ee35ed0f-0707-c177-e433-7bad4e0be667">
      <Execution id="ce874984-a5c4-461d-8478-7afa07d5b02f" />
      <TestMethod codeBase="C:\agent\_work\8\s\TestProjectWON\bin\Release\TestProjectWON.dll" adapterTypeName="executor://mstestadapter/v1" className="TestProjectWON.UnitTest1" name="TestMethod147" />
    </UnitTest>
    <UnitTest name="TestMethod964" storage="c:\agent\_work\8\s\testprojectwon\bin\release\testprojectwon.dll" id="19e78dcf-3489-c6d6-31d1-cf857baee8be">
      <Execution id="84f2783f-bef3-4034-b3bd-159869446cc9" />
      <TestMethod codeBase="C:\agent\_work\8\s\TestProjectWON\bin\Release\TestProjectWON.dll" adapterTypeName="executor://mstestadapter/v1" className="TestProjectWON.UnitTest1" name="TestMethod964" />
    </UnitTest>
    <UnitTest name="TestMethod73" storage="c:\agent\_work\8\s\testprojectwon\bin\release\testprojectwon.dll" id="294ba9fd-ebf0-e07f-0c4f-ec64d3d76a08">
      <Execution id="6abcae76-a68c-48de-bbec-424d256db3b2" />
      <TestMethod codeBase="C:\agent\_work\8\s\TestProjectWON\bin\Release\TestProjectWON.dll" adapterTypeName="executor://mstestadapter/v1" className="TestProjectWON.UnitTest1" name="TestMethod73" />
    </UnitTest>
    <UnitTest name="TestMethod300" storage="c:\agent\_work\8\s\testprojectwon\bin\release\testprojectwon.dll" id="222cdf2b-16af-8c5e-c16d-532bea36228f">
      <Execution id="e207467c-0e7f-4f37-9229-ce264af0fcdb" />
      <TestMethod codeBase="C:\agent\_work\8\s\TestProjectWON\bin\Release\TestProjectWON.dll" adapterTypeName="executor://mstestadapter/v1" className="TestProjectWON.UnitTest1" name="TestMethod300" />
    </UnitTest>
    <UnitTest name="TestMethod719" storage="c:\agent\_work\8\s\testprojectwon\bin\release\testprojectwon.dll" id="370f35f5-bfe9-745c-58b6-400f0927afca">
      <Execution id="f66dfade-da7e-416c-9a68-ae709f5c3187" />
      <TestMethod codeBase="C:\agent\_work\8\s\TestProjectWON\bin\Release\TestProjectWON.dll" adapterTypeName="executor://mstestadapter/v1" className="TestProjectWON.UnitTest1" name="TestMethod719" />
    </UnitTest>
    <UnitTest name="TestMethod325" storage="c:\agent\_work\8\s\testprojectwon\bin\release\testprojectwon.dll" id="b5a9a3d5-d167-45c8-8a44-b9a8abfe972c">
      <Execution id="0ac872f5-d59e-4df1-be7b-1a91b6617871" />
      <TestMethod codeBase="C:\agent\_work\8\s\TestProjectWON\bin\Release\TestProjectWON.dll" adapterTypeName="executor://mstestadapter/v1" className="TestProjectWON.UnitTest1" name="TestMethod325" />
    </UnitTest>
    <UnitTest name="TestMethod469" storage="c:\agent\_work\8\s\testprojectwon\bin\release\testprojectwon.dll" id="01edfe3a-b99c-0e95-d27d-a91e1755f99c">
      <Execution id="d8814e12-0566-47fa-86a1-78e9c8ef2201" />
      <TestMethod codeBase="C:\agent\_work\8\s\TestProjectWON\bin\Release\TestProjectWON.dll" adapterTypeName="executor://mstestadapter/v1" className="TestProjectWON.UnitTest1" name="TestMethod469" />
    </UnitTest>
    <UnitTest name="TestMethod87" storage="c:\agent\_work\8\s\testprojectwon\bin\release\testprojectwon.dll" id="add72046-ccff-bd30-3e2d-67324405212d">
      <Execution id="76b73836-ea4c-4041-b955-89503dd34cb2" />
      <TestMethod codeBase="C:\agent\_work\8\s\TestProjectWON\bin\Release\TestProjectWON.dll" adapterTypeName="executor://mstestadapter/v1" className="TestProjectWON.UnitTest1" name="TestMethod87" />
    </UnitTest>
    <UnitTest name="TestMethod437" storage="c:\agent\_work\8\s\testprojectwon\bin\release\testprojectwon.dll" id="0df0539f-4daf-4901-0eea-892979bbc6ad">
      <Execution id="01ec2355-f379-4500-98a2-b7e705007f3d" />
      <TestMethod codeBase="C:\agent\_work\8\s\TestProjectWON\bin\Release\TestProjectWON.dll" adapterTypeName="executor://mstestadapter/v1" className="TestProjectWON.UnitTest1" name="TestMethod437" />
    </UnitTest>
    <UnitTest name="TestMethod854" storage="c:\agent\_work\8\s\testprojectwon\bin\release\testprojectwon.dll" id="a419c818-7a3d-445b-18e2-f3e57d583b25">
      <Execution id="abc3c63f-e099-4405-a9ea-3d4a1130ccde" />
      <TestMethod codeBase="C:\agent\_work\8\s\TestProjectWON\bin\Release\TestProjectWON.dll" adapterTypeName="executor://mstestadapter/v1" className="TestProjectWON.UnitTest1" name="TestMethod854" />
    </UnitTest>
    <UnitTest name="TestMethod955" storage="c:\agent\_work\8\s\testprojectwon\bin\release\testprojectwon.dll" id="93a4a2bf-3314-dade-c7e2-a2485760c42e">
      <Execution id="d9284fb8-8c66-4b0e-b339-77274cd582bc" />
      <TestMethod codeBase="C:\agent\_work\8\s\TestProjectWON\bin\Release\TestProjectWON.dll" adapterTypeName="executor://mstestadapter/v1" className="TestProjectWON.UnitTest1" name="TestMethod955" />
    </UnitTest>
    <UnitTest name="TestMethod53" storage="c:\agent\_work\8\s\testprojectwon\bin\release\testprojectwon.dll" id="a1642685-eac0-7b53-ddc9-66f11b3b5cdc">
      <Execution id="aea80154-fccb-42f3-a48f-a5e32a5ad236" />
      <TestMethod codeBase="C:\agent\_work\8\s\TestProjectWON\bin\Release\TestProjectWON.dll" adapterTypeName="executor://mstestadapter/v1" className="TestProjectWON.UnitTest1" name="TestMethod53" />
    </UnitTest>
    <UnitTest name="TestMethod265" storage="c:\agent\_work\8\s\testprojectwon\bin\release\testprojectwon.dll" id="9690d7c7-ef93-a224-41e2-b62a3eea7ce8">
      <Execution id="9dc8f05c-f488-4e20-a053-27e078aea9f3" />
      <TestMethod codeBase="C:\agent\_work\8\s\TestProjectWON\bin\Release\TestProjectWON.dll" adapterTypeName="executor://mstestadapter/v1" className="TestProjectWON.UnitTest1" name="TestMethod265" />
    </UnitTest>
    <UnitTest name="TestMethod419" storage="c:\agent\_work\8\s\testprojectwon\bin\release\testprojectwon.dll" id="b6826cf0-8226-8aee-6843-71579432701f">
      <Execution id="cb880f64-0d78-4f91-a503-4650ca36ad16" />
      <TestMethod codeBase="C:\agent\_work\8\s\TestProjectWON\bin\Release\TestProjectWON.dll" adapterTypeName="executor://mstestadapter/v1" className="TestProjectWON.UnitTest1" name="TestMethod419" />
    </UnitTest>
    <UnitTest name="TestMethod463" storage="c:\agent\_work\8\s\testprojectwon\bin\release\testprojectwon.dll" id="de7b907d-6191-4d8c-973b-2cc373c72fb7">
      <Execution id="edba867b-fa88-419e-8fa8-575d02025d12" />
      <TestMethod codeBase="C:\agent\_work\8\s\TestProjectWON\bin\Release\TestProjectWON.dll" adapterTypeName="executor://mstestadapter/v1" className="TestProjectWON.UnitTest1" name="TestMethod463" />
    </UnitTest>
    <UnitTest name="TestMethod956" storage="c:\agent\_work\8\s\testprojectwon\bin\release\testprojectwon.dll" id="b1a133e2-bb63-127f-db68-ba6dab916cde">
      <Execution id="b8f531e2-11c4-4421-80b6-49a728c0550d" />
      <TestMethod codeBase="C:\agent\_work\8\s\TestProjectWON\bin\Release\TestProjectWON.dll" adapterTypeName="executor://mstestadapter/v1" className="TestProjectWON.UnitTest1" name="TestMethod956" />
    </UnitTest>
    <UnitTest name="TestMethod330" storage="c:\agent\_work\8\s\testprojectwon\bin\release\testprojectwon.dll" id="3b4cf534-b501-3aeb-a08b-237bd2afc4a1">
      <Execution id="4e4a708b-628b-4683-9975-7d213df6f4dd" />
      <TestMethod codeBase="C:\agent\_work\8\s\TestProjectWON\bin\Release\TestProjectWON.dll" adapterTypeName="executor://mstestadapter/v1" className="TestProjectWON.UnitTest1" name="TestMethod330" />
    </UnitTest>
    <UnitTest name="TestMethod922" storage="c:\agent\_work\8\s\testprojectwon\bin\release\testprojectwon.dll" id="d0835474-54a2-68b1-7f10-3e1e88991a85">
      <Execution id="bb8a79f2-a709-4ed8-a662-550f17ca065b" />
      <TestMethod codeBase="C:\agent\_work\8\s\TestProjectWON\bin\Release\TestProjectWON.dll" adapterTypeName="executor://mstestadapter/v1" className="TestProjectWON.UnitTest1" name="TestMethod922" />
    </UnitTest>
    <UnitTest name="TestMethod11" storage="c:\agent\_work\8\s\testprojectwon\bin\release\testprojectwon.dll" id="c5fbc3fb-b202-c792-eb13-27240e349d77">
      <Execution id="8ba3498e-1d03-48bb-8277-b1d27bfdc457" />
      <TestMethod codeBase="C:\agent\_work\8\s\TestProjectWON\bin\Release\TestProjectWON.dll" adapterTypeName="executor://mstestadapter/v1" className="TestProjectWON.UnitTest1" name="TestMethod11" />
    </UnitTest>
    <UnitTest name="TestMethod981" storage="c:\agent\_work\8\s\testprojectwon\bin\release\testprojectwon.dll" id="eef1d5fa-f70e-9435-6c4f-65fc77d3b605">
      <Execution id="bb2eccc9-cf15-4c6c-9e7b-b5f3cb23f1b9" />
      <TestMethod codeBase="C:\agent\_work\8\s\TestProjectWON\bin\Release\TestProjectWON.dll" adapterTypeName="executor://mstestadapter/v1" className="TestProjectWON.UnitTest1" name="TestMethod981" />
    </UnitTest>
    <UnitTest name="TestMethod43" storage="c:\agent\_work\8\s\testprojectwon\bin\release\testprojectwon.dll" id="ddf3cec7-6c50-31cb-4993-6cc82e46dbea">
      <Execution id="a55a1f7c-fcd9-428c-883a-711702898657" />
      <TestMethod codeBase="C:\agent\_work\8\s\TestProjectWON\bin\Release\TestProjectWON.dll" adapterTypeName="executor://mstestadapter/v1" className="TestProjectWON.UnitTest1" name="TestMethod43" />
    </UnitTest>
    <UnitTest name="TestMethod99" storage="c:\agent\_work\8\s\testprojectwon\bin\release\testprojectwon.dll" id="1ab15874-8cee-3a39-5577-f36cafb14094">
      <Execution id="15cf2a2a-1812-4318-85c8-ac06f3b49c36" />
      <TestMethod codeBase="C:\agent\_work\8\s\TestProjectWON\bin\Release\TestProjectWON.dll" adapterTypeName="executor://mstestadapter/v1" className="TestProjectWON.UnitTest1" name="TestMethod99" />
    </UnitTest>
    <UnitTest name="TestMethod18" storage="c:\agent\_work\8\s\testprojectwon\bin\release\testprojectwon.dll" id="db77af82-b3b6-8406-262b-e90d81f20ca7">
      <Execution id="e062b4a9-6713-4cd2-b9e5-e7ad2f2b4f99" />
      <TestMethod codeBase="C:\agent\_work\8\s\TestProjectWON\bin\Release\TestProjectWON.dll" adapterTypeName="executor://mstestadapter/v1" className="TestProjectWON.UnitTest1" name="TestMethod18" />
    </UnitTest>
    <UnitTest name="TestMethod351" storage="c:\agent\_work\8\s\testprojectwon\bin\release\testprojectwon.dll" id="2ddc613f-8f4d-2a7d-21f8-6782a493c660">
      <Execution id="a5b72670-dda8-4a6a-90eb-fe5998947c68" />
      <TestMethod codeBase="C:\agent\_work\8\s\TestProjectWON\bin\Release\TestProjectWON.dll" adapterTypeName="executor://mstestadapter/v1" className="TestProjectWON.UnitTest1" name="TestMethod351" />
    </UnitTest>
    <UnitTest name="TestMethod380" storage="c:\agent\_work\8\s\testprojectwon\bin\release\testprojectwon.dll" id="2d5ec2c3-5499-68a2-548e-21a937a4df8e">
      <Execution id="bc6b5caa-fd1c-46f5-af4c-513965cc3141" />
      <TestMethod codeBase="C:\agent\_work\8\s\TestProjectWON\bin\Release\TestProjectWON.dll" adapterTypeName="executor://mstestadapter/v1" className="TestProjectWON.UnitTest1" name="TestMethod380" />
    </UnitTest>
    <UnitTest name="TestMethod158" storage="c:\agent\_work\8\s\testprojectwon\bin\release\testprojectwon.dll" id="e60b2040-6cec-12c4-4608-32c88d59f85d">
      <Execution id="118fd7c5-8183-4bea-8b6d-a347718435df" />
      <TestMethod codeBase="C:\agent\_work\8\s\TestProjectWON\bin\Release\TestProjectWON.dll" adapterTypeName="executor://mstestadapter/v1" className="TestProjectWON.UnitTest1" name="TestMethod158" />
    </UnitTest>
    <UnitTest name="TestMethod563" storage="c:\agent\_work\8\s\testprojectwon\bin\release\testprojectwon.dll" id="76b0051c-d669-07e5-e3f7-8259ed5aba13">
      <Execution id="ad60f2a8-4549-4c1f-aab6-6e813b171121" />
      <TestMethod codeBase="C:\agent\_work\8\s\TestProjectWON\bin\Release\TestProjectWON.dll" adapterTypeName="executor://mstestadapter/v1" className="TestProjectWON.UnitTest1" name="TestMethod563" />
    </UnitTest>
    <UnitTest name="TestMethod588" storage="c:\agent\_work\8\s\testprojectwon\bin\release\testprojectwon.dll" id="2144b94f-1882-297c-7cb6-058dca001fe7">
      <Execution id="7f9865a2-d880-4a45-8f28-957b94fb40dd" />
      <TestMethod codeBase="C:\agent\_work\8\s\TestProjectWON\bin\Release\TestProjectWON.dll" adapterTypeName="executor://mstestadapter/v1" className="TestProjectWON.UnitTest1" name="TestMethod588" />
    </UnitTest>
    <UnitTest name="TestMethod569" storage="c:\agent\_work\8\s\testprojectwon\bin\release\testprojectwon.dll" id="19204f89-2f3e-d8c5-8a90-013beaa72f75">
      <Execution id="0ba6c127-5638-438d-bf6d-5f2a19168639" />
      <TestMethod codeBase="C:\agent\_work\8\s\TestProjectWON\bin\Release\TestProjectWON.dll" adapterTypeName="executor://mstestadapter/v1" className="TestProjectWON.UnitTest1" name="TestMethod569" />
    </UnitTest>
    <UnitTest name="TestMethod54" storage="c:\agent\_work\8\s\testprojectwon\bin\release\testprojectwon.dll" id="32d8d35d-18bd-1759-e4a1-a2f559756a8e">
      <Execution id="523385ec-b164-4949-9b58-dc4da3c41e55" />
      <TestMethod codeBase="C:\agent\_work\8\s\TestProjectWON\bin\Release\TestProjectWON.dll" adapterTypeName="executor://mstestadapter/v1" className="TestProjectWON.UnitTest1" name="TestMethod54" />
    </UnitTest>
    <UnitTest name="TestMethod376" storage="c:\agent\_work\8\s\testprojectwon\bin\release\testprojectwon.dll" id="fce2a897-5391-c680-2ec1-eccdd47b8b22">
      <Execution id="1e8ccb58-8869-4b8f-bf52-44452efa065e" />
      <TestMethod codeBase="C:\agent\_work\8\s\TestProjectWON\bin\Release\TestProjectWON.dll" adapterTypeName="executor://mstestadapter/v1" className="TestProjectWON.UnitTest1" name="TestMethod376" />
    </UnitTest>
    <UnitTest name="TestMethod244" storage="c:\agent\_work\8\s\testprojectwon\bin\release\testprojectwon.dll" id="15e47ca3-a331-c582-4361-ca5f4ecb461d">
      <Execution id="0677c762-8dd0-4cec-8d1b-31105dedbc4b" />
      <TestMethod codeBase="C:\agent\_work\8\s\TestProjectWON\bin\Release\TestProjectWON.dll" adapterTypeName="executor://mstestadapter/v1" className="TestProjectWON.UnitTest1" name="TestMethod244" />
    </UnitTest>
    <UnitTest name="TestMethod218" storage="c:\agent\_work\8\s\testprojectwon\bin\release\testprojectwon.dll" id="1b38b5e4-4fe8-049e-0c45-204c19fce78a">
      <Execution id="dd88b790-1275-4fc5-a7b6-0f00f77919fb" />
      <TestMethod codeBase="C:\agent\_work\8\s\TestProjectWON\bin\Release\TestProjectWON.dll" adapterTypeName="executor://mstestadapter/v1" className="TestProjectWON.UnitTest1" name="TestMethod218" />
    </UnitTest>
    <UnitTest name="TestMethod103" storage="c:\agent\_work\8\s\testprojectwon\bin\release\testprojectwon.dll" id="dce8c19a-cd95-9820-a312-000e0497d5ed">
      <Execution id="09132351-0cb7-4686-a761-c9ce6b784bc7" />
      <TestMethod codeBase="C:\agent\_work\8\s\TestProjectWON\bin\Release\TestProjectWON.dll" adapterTypeName="executor://mstestadapter/v1" className="TestProjectWON.UnitTest1" name="TestMethod103" />
    </UnitTest>
    <UnitTest name="TestMethod629" storage="c:\agent\_work\8\s\testprojectwon\bin\release\testprojectwon.dll" id="1631a3c2-40e2-d466-5e63-8dbcbdbde77a">
      <Execution id="1757e421-67e2-48ab-b8c7-4ae2dae07400" />
      <TestMethod codeBase="C:\agent\_work\8\s\TestProjectWON\bin\Release\TestProjectWON.dll" adapterTypeName="executor://mstestadapter/v1" className="TestProjectWON.UnitTest1" name="TestMethod629" />
    </UnitTest>
    <UnitTest name="TestMethod707" storage="c:\agent\_work\8\s\testprojectwon\bin\release\testprojectwon.dll" id="12b9f234-a2ef-04c5-b6f4-6a34855ffbd4">
      <Execution id="a2697a4d-af95-45bb-a013-a4e79d1ab118" />
      <TestMethod codeBase="C:\agent\_work\8\s\TestProjectWON\bin\Release\TestProjectWON.dll" adapterTypeName="executor://mstestadapter/v1" className="TestProjectWON.UnitTest1" name="TestMethod707" />
    </UnitTest>
    <UnitTest name="TestMethod701" storage="c:\agent\_work\8\s\testprojectwon\bin\release\testprojectwon.dll" id="6e59a956-84d3-e083-020a-c9519be250f8">
      <Execution id="4f4a1fb1-dcac-4c90-9c7f-ca89de7378f8" />
      <TestMethod codeBase="C:\agent\_work\8\s\TestProjectWON\bin\Release\TestProjectWON.dll" adapterTypeName="executor://mstestadapter/v1" className="TestProjectWON.UnitTest1" name="TestMethod701" />
    </UnitTest>
    <UnitTest name="TestMethod708" storage="c:\agent\_work\8\s\testprojectwon\bin\release\testprojectwon.dll" id="a716168d-d91b-5f0c-aea6-10dcb52933ff">
      <Execution id="8a39c646-9aac-41ec-9e70-0898d0f33554" />
      <TestMethod codeBase="C:\agent\_work\8\s\TestProjectWON\bin\Release\TestProjectWON.dll" adapterTypeName="executor://mstestadapter/v1" className="TestProjectWON.UnitTest1" name="TestMethod708" />
    </UnitTest>
    <UnitTest name="TestMethod852" storage="c:\agent\_work\8\s\testprojectwon\bin\release\testprojectwon.dll" id="98270f61-87ef-465b-a400-bbad02cf781c">
      <Execution id="1e6ca551-b4e7-4bf8-b921-8a94042a4b1c" />
      <TestMethod codeBase="C:\agent\_work\8\s\TestProjectWON\bin\Release\TestProjectWON.dll" adapterTypeName="executor://mstestadapter/v1" className="TestProjectWON.UnitTest1" name="TestMethod852" />
    </UnitTest>
    <UnitTest name="TestMethod446" storage="c:\agent\_work\8\s\testprojectwon\bin\release\testprojectwon.dll" id="b6e3dd57-8de7-8937-780f-03582637681d">
      <Execution id="0fe329e2-852b-4b70-99eb-1541437fff9b" />
      <TestMethod codeBase="C:\agent\_work\8\s\TestProjectWON\bin\Release\TestProjectWON.dll" adapterTypeName="executor://mstestadapter/v1" className="TestProjectWON.UnitTest1" name="TestMethod446" />
    </UnitTest>
    <UnitTest name="TestMethod592" storage="c:\agent\_work\8\s\testprojectwon\bin\release\testprojectwon.dll" id="eb1b84dc-d7db-f2a7-decc-0d6c0eb864dd">
      <Execution id="eb3fc29a-19b7-4522-8f66-e8c41f6aacdd" />
      <TestMethod codeBase="C:\agent\_work\8\s\TestProjectWON\bin\Release\TestProjectWON.dll" adapterTypeName="executor://mstestadapter/v1" className="TestProjectWON.UnitTest1" name="TestMethod592" />
    </UnitTest>
    <UnitTest name="TestMethod720" storage="c:\agent\_work\8\s\testprojectwon\bin\release\testprojectwon.dll" id="c1f97e1b-9097-ee45-a128-9c8ad72fdcca">
      <Execution id="dacf392a-f979-4927-a257-950a8bdfcea9" />
      <TestMethod codeBase="C:\agent\_work\8\s\TestProjectWON\bin\Release\TestProjectWON.dll" adapterTypeName="executor://mstestadapter/v1" className="TestProjectWON.UnitTest1" name="TestMethod720" />
    </UnitTest>
    <UnitTest name="TestMethod489" storage="c:\agent\_work\8\s\testprojectwon\bin\release\testprojectwon.dll" id="adb9a7e1-50d7-ee31-9947-792b6887d4a5">
      <Execution id="2e3f4e8a-9f18-456b-b02e-4c607515a245" />
      <TestMethod codeBase="C:\agent\_work\8\s\TestProjectWON\bin\Release\TestProjectWON.dll" adapterTypeName="executor://mstestadapter/v1" className="TestProjectWON.UnitTest1" name="TestMethod489" />
    </UnitTest>
    <UnitTest name="TestMethod249" storage="c:\agent\_work\8\s\testprojectwon\bin\release\testprojectwon.dll" id="818b93cc-57c9-8a60-8c61-aaa8a7853397">
      <Execution id="c0046c26-517d-4d29-947c-6cbc63db4242" />
      <TestMethod codeBase="C:\agent\_work\8\s\TestProjectWON\bin\Release\TestProjectWON.dll" adapterTypeName="executor://mstestadapter/v1" className="TestProjectWON.UnitTest1" name="TestMethod249" />
    </UnitTest>
    <UnitTest name="TestMethod667" storage="c:\agent\_work\8\s\testprojectwon\bin\release\testprojectwon.dll" id="0669e006-fd4c-cdc1-0dc3-ab7b15b82e40">
      <Execution id="5c4ccad9-3a0d-4cd3-973d-79b60b95e17c" />
      <TestMethod codeBase="C:\agent\_work\8\s\TestProjectWON\bin\Release\TestProjectWON.dll" adapterTypeName="executor://mstestadapter/v1" className="TestProjectWON.UnitTest1" name="TestMethod667" />
    </UnitTest>
    <UnitTest name="TestMethod142" storage="c:\agent\_work\8\s\testprojectwon\bin\release\testprojectwon.dll" id="c3739f62-c7a3-e688-300b-d9d5a91a27a4">
      <Execution id="1c6d372f-3417-4fae-8f14-c8ccdf67731b" />
      <TestMethod codeBase="C:\agent\_work\8\s\TestProjectWON\bin\Release\TestProjectWON.dll" adapterTypeName="executor://mstestadapter/v1" className="TestProjectWON.UnitTest1" name="TestMethod142" />
    </UnitTest>
    <UnitTest name="TestMethod622" storage="c:\agent\_work\8\s\testprojectwon\bin\release\testprojectwon.dll" id="6b26a01d-1ae2-edb9-bf50-a5ad76486487">
      <Execution id="57119c33-1bf4-4b42-a452-4dbaa8f3e281" />
      <TestMethod codeBase="C:\agent\_work\8\s\TestProjectWON\bin\Release\TestProjectWON.dll" adapterTypeName="executor://mstestadapter/v1" className="TestProjectWON.UnitTest1" name="TestMethod622" />
    </UnitTest>
    <UnitTest name="TestMethod194" storage="c:\agent\_work\8\s\testprojectwon\bin\release\testprojectwon.dll" id="26481e20-cc11-a039-86e0-29ab721f71e4">
      <Execution id="38113fa6-3d00-47c5-aa04-97e68a8d2c00" />
      <TestMethod codeBase="C:\agent\_work\8\s\TestProjectWON\bin\Release\TestProjectWON.dll" adapterTypeName="executor://mstestadapter/v1" className="TestProjectWON.UnitTest1" name="TestMethod194" />
    </UnitTest>
    <UnitTest name="TestMethod369" storage="c:\agent\_work\8\s\testprojectwon\bin\release\testprojectwon.dll" id="6bae33fa-e48a-771f-68c8-433a455bd508">
      <Execution id="1ddb3626-a3ed-42e9-ba06-f23dcd7cee86" />
      <TestMethod codeBase="C:\agent\_work\8\s\TestProjectWON\bin\Release\TestProjectWON.dll" adapterTypeName="executor://mstestadapter/v1" className="TestProjectWON.UnitTest1" name="TestMethod369" />
    </UnitTest>
    <UnitTest name="TestMethod538" storage="c:\agent\_work\8\s\testprojectwon\bin\release\testprojectwon.dll" id="660e17c7-b163-10b3-51cd-c804422c0956">
      <Execution id="e3eb6e4c-8db4-4f82-a5e0-38e1e4b18962" />
      <TestMethod codeBase="C:\agent\_work\8\s\TestProjectWON\bin\Release\TestProjectWON.dll" adapterTypeName="executor://mstestadapter/v1" className="TestProjectWON.UnitTest1" name="TestMethod538" />
    </UnitTest>
    <UnitTest name="TestMethod570" storage="c:\agent\_work\8\s\testprojectwon\bin\release\testprojectwon.dll" id="00ab9da5-4266-4353-9960-1936225879d1">
      <Execution id="8962447f-e654-46b8-9d7e-523f04999aa0" />
      <TestMethod codeBase="C:\agent\_work\8\s\TestProjectWON\bin\Release\TestProjectWON.dll" adapterTypeName="executor://mstestadapter/v1" className="TestProjectWON.UnitTest1" name="TestMethod570" />
    </UnitTest>
    <UnitTest name="TestMethod367" storage="c:\agent\_work\8\s\testprojectwon\bin\release\testprojectwon.dll" id="6efe8c94-aeca-9a30-5500-ec59c816f237">
      <Execution id="c3c6220c-93fc-4258-8906-e585c4c6a322" />
      <TestMethod codeBase="C:\agent\_work\8\s\TestProjectWON\bin\Release\TestProjectWON.dll" adapterTypeName="executor://mstestadapter/v1" className="TestProjectWON.UnitTest1" name="TestMethod367" />
    </UnitTest>
    <UnitTest name="TestMethod905" storage="c:\agent\_work\8\s\testprojectwon\bin\release\testprojectwon.dll" id="53741d93-4183-126c-5794-6e3b44f8a90a">
      <Execution id="ac127eae-4131-47e9-835e-5648efe872c4" />
      <TestMethod codeBase="C:\agent\_work\8\s\TestProjectWON\bin\Release\TestProjectWON.dll" adapterTypeName="executor://mstestadapter/v1" className="TestProjectWON.UnitTest1" name="TestMethod905" />
    </UnitTest>
    <UnitTest name="TestMethod273" storage="c:\agent\_work\8\s\testprojectwon\bin\release\testprojectwon.dll" id="0d431403-595c-9779-f98c-ab1f510f90ca">
      <Execution id="3c399cb1-5975-42a8-ae05-8e0fb99a9223" />
      <TestMethod codeBase="C:\agent\_work\8\s\TestProjectWON\bin\Release\TestProjectWON.dll" adapterTypeName="executor://mstestadapter/v1" className="TestProjectWON.UnitTest1" name="TestMethod273" />
    </UnitTest>
    <UnitTest name="TestMethod834" storage="c:\agent\_work\8\s\testprojectwon\bin\release\testprojectwon.dll" id="c837a97a-e51e-8bec-3d9c-2a1bd95a354a">
      <Execution id="7468d232-57a0-467e-a47c-1a743c3ac649" />
      <TestMethod codeBase="C:\agent\_work\8\s\TestProjectWON\bin\Release\TestProjectWON.dll" adapterTypeName="executor://mstestadapter/v1" className="TestProjectWON.UnitTest1" name="TestMethod834" />
    </UnitTest>
    <UnitTest name="TestMethod616" storage="c:\agent\_work\8\s\testprojectwon\bin\release\testprojectwon.dll" id="cdb4cd80-1a91-4813-980e-a6df9d6b35ec">
      <Execution id="9c341367-6283-44c1-962a-b1e32c5abf4a" />
      <TestMethod codeBase="C:\agent\_work\8\s\TestProjectWON\bin\Release\TestProjectWON.dll" adapterTypeName="executor://mstestadapter/v1" className="TestProjectWON.UnitTest1" name="TestMethod616" />
    </UnitTest>
    <UnitTest name="TestMethod189" storage="c:\agent\_work\8\s\testprojectwon\bin\release\testprojectwon.dll" id="8a6ac2f4-81d7-a198-4ede-8286f3c1c548">
      <Execution id="c8bb4792-92f3-452e-b387-f199ff5370a4" />
      <TestMethod codeBase="C:\agent\_work\8\s\TestProjectWON\bin\Release\TestProjectWON.dll" adapterTypeName="executor://mstestadapter/v1" className="TestProjectWON.UnitTest1" name="TestMethod189" />
    </UnitTest>
    <UnitTest name="TestMethod155" storage="c:\agent\_work\8\s\testprojectwon\bin\release\testprojectwon.dll" id="0b6e2ee6-2114-984f-bada-a3b5ed5e083c">
      <Execution id="6affcbbf-5b1f-4c67-8b5b-ffef249fe56f" />
      <TestMethod codeBase="C:\agent\_work\8\s\TestProjectWON\bin\Release\TestProjectWON.dll" adapterTypeName="executor://mstestadapter/v1" className="TestProjectWON.UnitTest1" name="TestMethod155" />
    </UnitTest>
    <UnitTest name="TestMethod184" storage="c:\agent\_work\8\s\testprojectwon\bin\release\testprojectwon.dll" id="9b09cd4c-cc43-15b2-2268-7045eb5e46a7">
      <Execution id="1b61d69c-d3e4-4cc0-8de2-042fbda8e19b" />
      <TestMethod codeBase="C:\agent\_work\8\s\TestProjectWON\bin\Release\TestProjectWON.dll" adapterTypeName="executor://mstestadapter/v1" className="TestProjectWON.UnitTest1" name="TestMethod184" />
    </UnitTest>
    <UnitTest name="TestMethod969" storage="c:\agent\_work\8\s\testprojectwon\bin\release\testprojectwon.dll" id="b2cdc516-3860-d6a6-6f07-5e5ee5b2b5e2">
      <Execution id="c867df86-75f8-4df9-901c-5753e11caff9" />
      <TestMethod codeBase="C:\agent\_work\8\s\TestProjectWON\bin\Release\TestProjectWON.dll" adapterTypeName="executor://mstestadapter/v1" className="TestProjectWON.UnitTest1" name="TestMethod969" />
    </UnitTest>
    <UnitTest name="TestMethod88" storage="c:\agent\_work\8\s\testprojectwon\bin\release\testprojectwon.dll" id="c5649bfd-fc53-3ed1-3b23-78de6ed87ccd">
      <Execution id="a66838d5-ffa0-4f65-92c9-df31f23db377" />
      <TestMethod codeBase="C:\agent\_work\8\s\TestProjectWON\bin\Release\TestProjectWON.dll" adapterTypeName="executor://mstestadapter/v1" className="TestProjectWON.UnitTest1" name="TestMethod88" />
    </UnitTest>
    <UnitTest name="TestMethod653" storage="c:\agent\_work\8\s\testprojectwon\bin\release\testprojectwon.dll" id="15b43855-4998-8825-5820-80ecb0ae847d">
      <Execution id="baa9f89e-4809-4468-8208-2de288e10c48" />
      <TestMethod codeBase="C:\agent\_work\8\s\TestProjectWON\bin\Release\TestProjectWON.dll" adapterTypeName="executor://mstestadapter/v1" className="TestProjectWON.UnitTest1" name="TestMethod653" />
    </UnitTest>
    <UnitTest name="TestMethod266" storage="c:\agent\_work\8\s\testprojectwon\bin\release\testprojectwon.dll" id="ad096218-c19b-f9d4-418a-22eb5410c3ad">
      <Execution id="8934eb18-7764-4312-8fe8-4d2c6a2fb139" />
      <TestMethod codeBase="C:\agent\_work\8\s\TestProjectWON\bin\Release\TestProjectWON.dll" adapterTypeName="executor://mstestadapter/v1" className="TestProjectWON.UnitTest1" name="TestMethod266" />
    </UnitTest>
    <UnitTest name="TestMethod322" storage="c:\agent\_work\8\s\testprojectwon\bin\release\testprojectwon.dll" id="bfd7deee-8d8a-49cb-439a-536734f1e2b2">
      <Execution id="8313c1c6-a5b3-4dde-a6bc-1c0a8797e0b0" />
      <TestMethod codeBase="C:\agent\_work\8\s\TestProjectWON\bin\Release\TestProjectWON.dll" adapterTypeName="executor://mstestadapter/v1" className="TestProjectWON.UnitTest1" name="TestMethod322" />
    </UnitTest>
    <UnitTest name="TestMethod777" storage="c:\agent\_work\8\s\testprojectwon\bin\release\testprojectwon.dll" id="ae40cd8d-fb37-c670-47a2-bc9cdefaaa15">
      <Execution id="9002e6db-9505-4da1-92e2-0ac63264e8c2" />
      <TestMethod codeBase="C:\agent\_work\8\s\TestProjectWON\bin\Release\TestProjectWON.dll" adapterTypeName="executor://mstestadapter/v1" className="TestProjectWON.UnitTest1" name="TestMethod777" />
    </UnitTest>
    <UnitTest name="TestMethod371" storage="c:\agent\_work\8\s\testprojectwon\bin\release\testprojectwon.dll" id="2759ae23-e9e8-858b-c5ed-2e9bbdc77c87">
      <Execution id="2d55ff8d-4b8e-4286-b88a-e1cc06ea29d3" />
      <TestMethod codeBase="C:\agent\_work\8\s\TestProjectWON\bin\Release\TestProjectWON.dll" adapterTypeName="executor://mstestadapter/v1" className="TestProjectWON.UnitTest1" name="TestMethod371" />
    </UnitTest>
    <UnitTest name="TestMethod528" storage="c:\agent\_work\8\s\testprojectwon\bin\release\testprojectwon.dll" id="03237757-b415-0fd0-975e-8617562fdc38">
      <Execution id="b5104406-7b3a-4c2a-a056-8201d83ebc36" />
      <TestMethod codeBase="C:\agent\_work\8\s\TestProjectWON\bin\Release\TestProjectWON.dll" adapterTypeName="executor://mstestadapter/v1" className="TestProjectWON.UnitTest1" name="TestMethod528" />
    </UnitTest>
    <UnitTest name="TestMethod663" storage="c:\agent\_work\8\s\testprojectwon\bin\release\testprojectwon.dll" id="26390b3c-43c2-37b6-9c12-64b96cae7b7f">
      <Execution id="13374000-fcfa-42d9-ab8c-329d013a8383" />
      <TestMethod codeBase="C:\agent\_work\8\s\TestProjectWON\bin\Release\TestProjectWON.dll" adapterTypeName="executor://mstestadapter/v1" className="TestProjectWON.UnitTest1" name="TestMethod663" />
    </UnitTest>
    <UnitTest name="TestMethod146" storage="c:\agent\_work\8\s\testprojectwon\bin\release\testprojectwon.dll" id="c57b5ac3-e5ee-5197-1193-cb70696436ab">
      <Execution id="858f1d14-0c75-43f8-914d-1efa32791fd3" />
      <TestMethod codeBase="C:\agent\_work\8\s\TestProjectWON\bin\Release\TestProjectWON.dll" adapterTypeName="executor://mstestadapter/v1" className="TestProjectWON.UnitTest1" name="TestMethod146" />
    </UnitTest>
    <UnitTest name="TestMethod23" storage="c:\agent\_work\8\s\testprojectwon\bin\release\testprojectwon.dll" id="ba4e580a-84f0-9053-49d9-1cd64ca7177c">
      <Execution id="4d820f93-6eb5-4e44-a0d3-aeffad623d41" />
      <TestMethod codeBase="C:\agent\_work\8\s\TestProjectWON\bin\Release\TestProjectWON.dll" adapterTypeName="executor://mstestadapter/v1" className="TestProjectWON.UnitTest1" name="TestMethod23" />
    </UnitTest>
    <UnitTest name="TestMethod669" storage="c:\agent\_work\8\s\testprojectwon\bin\release\testprojectwon.dll" id="5c86b07c-5c69-f3c3-d37f-1e9264d351c0">
      <Execution id="7a0121bd-1b4e-4a8e-8b7d-548621e68dfc" />
      <TestMethod codeBase="C:\agent\_work\8\s\TestProjectWON\bin\Release\TestProjectWON.dll" adapterTypeName="executor://mstestadapter/v1" className="TestProjectWON.UnitTest1" name="TestMethod669" />
    </UnitTest>
    <UnitTest name="TestMethod796" storage="c:\agent\_work\8\s\testprojectwon\bin\release\testprojectwon.dll" id="a8be2e44-1e18-5f0a-228d-6feb6223854f">
      <Execution id="f7599263-0b04-4e16-a7b1-66232610e192" />
      <TestMethod codeBase="C:\agent\_work\8\s\TestProjectWON\bin\Release\TestProjectWON.dll" adapterTypeName="executor://mstestadapter/v1" className="TestProjectWON.UnitTest1" name="TestMethod796" />
    </UnitTest>
    <UnitTest name="TestMethod898" storage="c:\agent\_work\8\s\testprojectwon\bin\release\testprojectwon.dll" id="bd8000e8-4bb7-b34f-3322-24db8b37164f">
      <Execution id="5b2bdda7-f143-4b2d-bd70-efc698e57cb7" />
      <TestMethod codeBase="C:\agent\_work\8\s\TestProjectWON\bin\Release\TestProjectWON.dll" adapterTypeName="executor://mstestadapter/v1" className="TestProjectWON.UnitTest1" name="TestMethod898" />
    </UnitTest>
    <UnitTest name="TestMethod982" storage="c:\agent\_work\8\s\testprojectwon\bin\release\testprojectwon.dll" id="bb06bf78-ab21-b368-e7ef-1d7c921a2efd">
      <Execution id="92032d1b-88da-4295-ad37-f2290b41fe58" />
      <TestMethod codeBase="C:\agent\_work\8\s\TestProjectWON\bin\Release\TestProjectWON.dll" adapterTypeName="executor://mstestadapter/v1" className="TestProjectWON.UnitTest1" name="TestMethod982" />
    </UnitTest>
    <UnitTest name="TestMethod436" storage="c:\agent\_work\8\s\testprojectwon\bin\release\testprojectwon.dll" id="5a12a09e-ae50-9833-9313-11d595f36492">
      <Execution id="1d0ab6ad-8c9b-4e8d-98bb-e7ae757e93bd" />
      <TestMethod codeBase="C:\agent\_work\8\s\TestProjectWON\bin\Release\TestProjectWON.dll" adapterTypeName="executor://mstestadapter/v1" className="TestProjectWON.UnitTest1" name="TestMethod436" />
    </UnitTest>
    <UnitTest name="TestMethod967" storage="c:\agent\_work\8\s\testprojectwon\bin\release\testprojectwon.dll" id="da0c0bf8-239a-7aba-56e6-296b433406d6">
      <Execution id="9ee6ee91-aa5f-4d18-8ccf-245d792cb24a" />
      <TestMethod codeBase="C:\agent\_work\8\s\TestProjectWON\bin\Release\TestProjectWON.dll" adapterTypeName="executor://mstestadapter/v1" className="TestProjectWON.UnitTest1" name="TestMethod967" />
    </UnitTest>
    <UnitTest name="TestMethod871" storage="c:\agent\_work\8\s\testprojectwon\bin\release\testprojectwon.dll" id="de7e5580-3bcf-d7fc-1403-c097971fccaa">
      <Execution id="c25eb47e-93c4-4247-8a38-8b84018d68a9" />
      <TestMethod codeBase="C:\agent\_work\8\s\TestProjectWON\bin\Release\TestProjectWON.dll" adapterTypeName="executor://mstestadapter/v1" className="TestProjectWON.UnitTest1" name="TestMethod871" />
    </UnitTest>
    <UnitTest name="TestMethod457" storage="c:\agent\_work\8\s\testprojectwon\bin\release\testprojectwon.dll" id="37792299-3dd4-df61-3bcb-467028fc8533">
      <Execution id="ef93734c-2709-487c-81be-5c0e98114e27" />
      <TestMethod codeBase="C:\agent\_work\8\s\TestProjectWON\bin\Release\TestProjectWON.dll" adapterTypeName="executor://mstestadapter/v1" className="TestProjectWON.UnitTest1" name="TestMethod457" />
    </UnitTest>
    <UnitTest name="TestMethod286" storage="c:\agent\_work\8\s\testprojectwon\bin\release\testprojectwon.dll" id="6ff453f5-1223-2d25-c8b6-4211230bf1c6">
      <Execution id="af3aa90f-df45-471f-86d6-4c6aa15a7d12" />
      <TestMethod codeBase="C:\agent\_work\8\s\TestProjectWON\bin\Release\TestProjectWON.dll" adapterTypeName="executor://mstestadapter/v1" className="TestProjectWON.UnitTest1" name="TestMethod286" />
    </UnitTest>
    <UnitTest name="TestMethod197" storage="c:\agent\_work\8\s\testprojectwon\bin\release\testprojectwon.dll" id="9b8de71b-7848-1c62-28ae-159671066bbc">
      <Execution id="625b6d30-2190-40a7-bfdc-ae9a831926b7" />
      <TestMethod codeBase="C:\agent\_work\8\s\TestProjectWON\bin\Release\TestProjectWON.dll" adapterTypeName="executor://mstestadapter/v1" className="TestProjectWON.UnitTest1" name="TestMethod197" />
    </UnitTest>
    <UnitTest name="TestMethod809" storage="c:\agent\_work\8\s\testprojectwon\bin\release\testprojectwon.dll" id="1b2e8616-7f51-c63e-cff4-936a22dfdc28">
      <Execution id="957e583e-2b2b-4fc3-a113-3517eb8c362c" />
      <TestMethod codeBase="C:\agent\_work\8\s\TestProjectWON\bin\Release\TestProjectWON.dll" adapterTypeName="executor://mstestadapter/v1" className="TestProjectWON.UnitTest1" name="TestMethod809" />
    </UnitTest>
    <UnitTest name="TestMethod858" storage="c:\agent\_work\8\s\testprojectwon\bin\release\testprojectwon.dll" id="bb86d2cd-8588-bac1-51d5-80fcce3fb41a">
      <Execution id="697a68f3-1538-48b2-8ffd-50e399976a8c" />
      <TestMethod codeBase="C:\agent\_work\8\s\TestProjectWON\bin\Release\TestProjectWON.dll" adapterTypeName="executor://mstestadapter/v1" className="TestProjectWON.UnitTest1" name="TestMethod858" />
    </UnitTest>
    <UnitTest name="TestMethod201" storage="c:\agent\_work\8\s\testprojectwon\bin\release\testprojectwon.dll" id="afd010af-4865-ccd0-1c97-5c05039cb3df">
      <Execution id="898d9810-144c-4745-b79a-9b4965100709" />
      <TestMethod codeBase="C:\agent\_work\8\s\TestProjectWON\bin\Release\TestProjectWON.dll" adapterTypeName="executor://mstestadapter/v1" className="TestProjectWON.UnitTest1" name="TestMethod201" />
    </UnitTest>
    <UnitTest name="TestMethod535" storage="c:\agent\_work\8\s\testprojectwon\bin\release\testprojectwon.dll" id="7cba5e7d-77d4-9489-5959-bb5f1dfd111c">
      <Execution id="5542e146-4072-4e3f-959d-9fba297c14a0" />
      <TestMethod codeBase="C:\agent\_work\8\s\TestProjectWON\bin\Release\TestProjectWON.dll" adapterTypeName="executor://mstestadapter/v1" className="TestProjectWON.UnitTest1" name="TestMethod535" />
    </UnitTest>
    <UnitTest name="TestMethod896" storage="c:\agent\_work\8\s\testprojectwon\bin\release\testprojectwon.dll" id="a79a68ab-af27-1920-e9d4-dd74146d4c1b">
      <Execution id="220ddec9-1b13-4cff-b4a2-e0e636d91696" />
      <TestMethod codeBase="C:\agent\_work\8\s\TestProjectWON\bin\Release\TestProjectWON.dll" adapterTypeName="executor://mstestadapter/v1" className="TestProjectWON.UnitTest1" name="TestMethod896" />
    </UnitTest>
    <UnitTest name="TestMethod903" storage="c:\agent\_work\8\s\testprojectwon\bin\release\testprojectwon.dll" id="241b7ae4-4756-4891-464a-7c487953a831">
      <Execution id="754cfddf-1a98-4b6a-b9aa-5db9085203e1" />
      <TestMethod codeBase="C:\agent\_work\8\s\TestProjectWON\bin\Release\TestProjectWON.dll" adapterTypeName="executor://mstestadapter/v1" className="TestProjectWON.UnitTest1" name="TestMethod903" />
    </UnitTest>
    <UnitTest name="TestMethod534" storage="c:\agent\_work\8\s\testprojectwon\bin\release\testprojectwon.dll" id="57c932be-d3b9-44d8-d536-6e31ea38d779">
      <Execution id="a689e1fc-f2c9-4ce4-8929-e5a35d902313" />
      <TestMethod codeBase="C:\agent\_work\8\s\TestProjectWON\bin\Release\TestProjectWON.dll" adapterTypeName="executor://mstestadapter/v1" className="TestProjectWON.UnitTest1" name="TestMethod534" />
    </UnitTest>
    <UnitTest name="TestMethod25" storage="c:\agent\_work\8\s\testprojectwon\bin\release\testprojectwon.dll" id="419a3afa-c8e1-8187-edb6-40c935808019">
      <Execution id="6bacb85f-4a3c-433a-bc56-147e3f220c8f" />
      <TestMethod codeBase="C:\agent\_work\8\s\TestProjectWON\bin\Release\TestProjectWON.dll" adapterTypeName="executor://mstestadapter/v1" className="TestProjectWON.UnitTest1" name="TestMethod25" />
    </UnitTest>
    <UnitTest name="TestMethod862" storage="c:\agent\_work\8\s\testprojectwon\bin\release\testprojectwon.dll" id="0a018b47-0f0a-86a3-e28b-fbc01e58c2dd">
      <Execution id="1bc6927f-3a73-4ee8-aa8e-16eb76b28e7e" />
      <TestMethod codeBase="C:\agent\_work\8\s\TestProjectWON\bin\Release\TestProjectWON.dll" adapterTypeName="executor://mstestadapter/v1" className="TestProjectWON.UnitTest1" name="TestMethod862" />
    </UnitTest>
    <UnitTest name="TestMethod401" storage="c:\agent\_work\8\s\testprojectwon\bin\release\testprojectwon.dll" id="f4c2441e-2a8e-327e-131d-c21c411869d0">
      <Execution id="4293d116-06a1-4389-b17d-42c1caa4357e" />
      <TestMethod codeBase="C:\agent\_work\8\s\TestProjectWON\bin\Release\TestProjectWON.dll" adapterTypeName="executor://mstestadapter/v1" className="TestProjectWON.UnitTest1" name="TestMethod401" />
    </UnitTest>
    <UnitTest name="TestMethod0" storage="c:\agent\_work\8\s\testprojectwon\bin\release\testprojectwon.dll" id="38b9ac66-3a52-c107-e4a8-1e404bb2068f">
      <Execution id="51807d4d-0915-4745-b663-0098189be276" />
      <TestMethod codeBase="C:\agent\_work\8\s\TestProjectWON\bin\Release\TestProjectWON.dll" adapterTypeName="executor://mstestadapter/v1" className="TestProjectWON.UnitTest1" name="TestMethod0" />
    </UnitTest>
    <UnitTest name="TestMethod70" storage="c:\agent\_work\8\s\testprojectwon\bin\release\testprojectwon.dll" id="acaf8f11-c094-5279-81da-147803acc234">
      <Execution id="f11df770-e1d6-4e3b-ae86-731bc94135c5" />
      <TestMethod codeBase="C:\agent\_work\8\s\TestProjectWON\bin\Release\TestProjectWON.dll" adapterTypeName="executor://mstestadapter/v1" className="TestProjectWON.UnitTest1" name="TestMethod70" />
    </UnitTest>
    <UnitTest name="TestMethod537" storage="c:\agent\_work\8\s\testprojectwon\bin\release\testprojectwon.dll" id="ecc438ed-cacc-283d-981c-7cb474e7f8e3">
      <Execution id="9466c910-908f-445c-bde7-da65be17b8fa" />
      <TestMethod codeBase="C:\agent\_work\8\s\TestProjectWON\bin\Release\TestProjectWON.dll" adapterTypeName="executor://mstestadapter/v1" className="TestProjectWON.UnitTest1" name="TestMethod537" />
    </UnitTest>
    <UnitTest name="TestMethod672" storage="c:\agent\_work\8\s\testprojectwon\bin\release\testprojectwon.dll" id="f4709249-5c3f-3714-9fdf-f708c1244282">
      <Execution id="6272d6a7-d237-4d8f-ab2e-552c519d4298" />
      <TestMethod codeBase="C:\agent\_work\8\s\TestProjectWON\bin\Release\TestProjectWON.dll" adapterTypeName="executor://mstestadapter/v1" className="TestProjectWON.UnitTest1" name="TestMethod672" />
    </UnitTest>
    <UnitTest name="TestMethod509" storage="c:\agent\_work\8\s\testprojectwon\bin\release\testprojectwon.dll" id="bd5d3463-bfe8-f361-dfab-4ebb65035ec9">
      <Execution id="d118a546-39f5-45e2-818a-db4fe3f7b26b" />
      <TestMethod codeBase="C:\agent\_work\8\s\TestProjectWON\bin\Release\TestProjectWON.dll" adapterTypeName="executor://mstestadapter/v1" className="TestProjectWON.UnitTest1" name="TestMethod509" />
    </UnitTest>
    <UnitTest name="TestMethod497" storage="c:\agent\_work\8\s\testprojectwon\bin\release\testprojectwon.dll" id="2dff8873-00f4-28a3-c516-856502cf3b22">
      <Execution id="4d2c96f1-705e-4d87-ab51-f8f7dfc82e31" />
      <TestMethod codeBase="C:\agent\_work\8\s\TestProjectWON\bin\Release\TestProjectWON.dll" adapterTypeName="executor://mstestadapter/v1" className="TestProjectWON.UnitTest1" name="TestMethod497" />
    </UnitTest>
    <UnitTest name="TestMethod113" storage="c:\agent\_work\8\s\testprojectwon\bin\release\testprojectwon.dll" id="4449e191-70b4-e000-84a6-94e96fdd564e">
      <Execution id="f6416830-2ebd-4f33-a13c-0ff2a2bcb663" />
      <TestMethod codeBase="C:\agent\_work\8\s\TestProjectWON\bin\Release\TestProjectWON.dll" adapterTypeName="executor://mstestadapter/v1" className="TestProjectWON.UnitTest1" name="TestMethod113" />
    </UnitTest>
    <UnitTest name="TestMethod742" storage="c:\agent\_work\8\s\testprojectwon\bin\release\testprojectwon.dll" id="b2c27937-4729-a707-5356-576017253ccd">
      <Execution id="437a74f7-40c1-4c59-a423-1c9a1bc4fc02" />
      <TestMethod codeBase="C:\agent\_work\8\s\TestProjectWON\bin\Release\TestProjectWON.dll" adapterTypeName="executor://mstestadapter/v1" className="TestProjectWON.UnitTest1" name="TestMethod742" />
    </UnitTest>
    <UnitTest name="TestMethod560" storage="c:\agent\_work\8\s\testprojectwon\bin\release\testprojectwon.dll" id="2538b09c-5993-b407-46cc-cd0c5e035afe">
      <Execution id="740bb3ee-eb19-4c8a-93ca-af829ce39503" />
      <TestMethod codeBase="C:\agent\_work\8\s\TestProjectWON\bin\Release\TestProjectWON.dll" adapterTypeName="executor://mstestadapter/v1" className="TestProjectWON.UnitTest1" name="TestMethod560" />
    </UnitTest>
    <UnitTest name="TestMethod289" storage="c:\agent\_work\8\s\testprojectwon\bin\release\testprojectwon.dll" id="a822e5f0-a48f-29ac-c584-16d46763d6a6">
      <Execution id="58929535-cfe5-4efc-bf74-c2342d7bb085" />
      <TestMethod codeBase="C:\agent\_work\8\s\TestProjectWON\bin\Release\TestProjectWON.dll" adapterTypeName="executor://mstestadapter/v1" className="TestProjectWON.UnitTest1" name="TestMethod289" />
    </UnitTest>
    <UnitTest name="TestMethod471" storage="c:\agent\_work\8\s\testprojectwon\bin\release\testprojectwon.dll" id="972b6902-070e-93e6-0c8a-7631c394a35a">
      <Execution id="cb21b694-2bf4-40ef-a079-4c045f7bd576" />
      <TestMethod codeBase="C:\agent\_work\8\s\TestProjectWON\bin\Release\TestProjectWON.dll" adapterTypeName="executor://mstestadapter/v1" className="TestProjectWON.UnitTest1" name="TestMethod471" />
    </UnitTest>
    <UnitTest name="TestMethod7" storage="c:\agent\_work\8\s\testprojectwon\bin\release\testprojectwon.dll" id="ee549e95-dfe3-9d51-dc58-2eef43cc8f1e">
      <Execution id="43424b13-4468-4ed0-896e-6f75ef23dca1" />
      <TestMethod codeBase="C:\agent\_work\8\s\TestProjectWON\bin\Release\TestProjectWON.dll" adapterTypeName="executor://mstestadapter/v1" className="TestProjectWON.UnitTest1" name="TestMethod7" />
    </UnitTest>
    <UnitTest name="TestMethod730" storage="c:\agent\_work\8\s\testprojectwon\bin\release\testprojectwon.dll" id="5a90f0f2-c399-875e-ca3c-232b187e6a5e">
      <Execution id="1b048016-93ce-4636-8911-c2b2b5ed80c5" />
      <TestMethod codeBase="C:\agent\_work\8\s\TestProjectWON\bin\Release\TestProjectWON.dll" adapterTypeName="executor://mstestadapter/v1" className="TestProjectWON.UnitTest1" name="TestMethod730" />
    </UnitTest>
    <UnitTest name="TestMethod913" storage="c:\agent\_work\8\s\testprojectwon\bin\release\testprojectwon.dll" id="dbfbcf3b-2808-833a-24fe-090f20cf9144">
      <Execution id="da49b5a9-bb8c-4606-931a-eac8be881a2a" />
      <TestMethod codeBase="C:\agent\_work\8\s\TestProjectWON\bin\Release\TestProjectWON.dll" adapterTypeName="executor://mstestadapter/v1" className="TestProjectWON.UnitTest1" name="TestMethod913" />
    </UnitTest>
    <UnitTest name="TestMethod620" storage="c:\agent\_work\8\s\testprojectwon\bin\release\testprojectwon.dll" id="10e1bc78-0868-7148-438c-65de1acdb194">
      <Execution id="df8649eb-0920-42c5-b651-8c8c81ab9214" />
      <TestMethod codeBase="C:\agent\_work\8\s\TestProjectWON\bin\Release\TestProjectWON.dll" adapterTypeName="executor://mstestadapter/v1" className="TestProjectWON.UnitTest1" name="TestMethod620" />
    </UnitTest>
    <UnitTest name="TestMethod413" storage="c:\agent\_work\8\s\testprojectwon\bin\release\testprojectwon.dll" id="49e2a578-06b2-ded3-6f98-62bfba3a3398">
      <Execution id="4684668b-be68-4b4a-a228-e242ed4dfd3f" />
      <TestMethod codeBase="C:\agent\_work\8\s\TestProjectWON\bin\Release\TestProjectWON.dll" adapterTypeName="executor://mstestadapter/v1" className="TestProjectWON.UnitTest1" name="TestMethod413" />
    </UnitTest>
    <UnitTest name="TestMethod358" storage="c:\agent\_work\8\s\testprojectwon\bin\release\testprojectwon.dll" id="0b66a0b7-68be-2605-3b2a-71bb2f365ca4">
      <Execution id="3a1676fd-ee1f-4b2f-81f8-80e3adefd19c" />
      <TestMethod codeBase="C:\agent\_work\8\s\TestProjectWON\bin\Release\TestProjectWON.dll" adapterTypeName="executor://mstestadapter/v1" className="TestProjectWON.UnitTest1" name="TestMethod358" />
    </UnitTest>
    <UnitTest name="TestMethod948" storage="c:\agent\_work\8\s\testprojectwon\bin\release\testprojectwon.dll" id="f6b51f6d-a181-38fe-040a-05ccd3c3beae">
      <Execution id="0a7ecb23-dfba-49f7-a8ac-2d4eea25c4ef" />
      <TestMethod codeBase="C:\agent\_work\8\s\TestProjectWON\bin\Release\TestProjectWON.dll" adapterTypeName="executor://mstestadapter/v1" className="TestProjectWON.UnitTest1" name="TestMethod948" />
    </UnitTest>
    <UnitTest name="TestMethod246" storage="c:\agent\_work\8\s\testprojectwon\bin\release\testprojectwon.dll" id="659a9ec2-9923-b1fc-65d4-820accfaf013">
      <Execution id="45636db2-44c3-41a0-8be2-a969422ff363" />
      <TestMethod codeBase="C:\agent\_work\8\s\TestProjectWON\bin\Release\TestProjectWON.dll" adapterTypeName="executor://mstestadapter/v1" className="TestProjectWON.UnitTest1" name="TestMethod246" />
    </UnitTest>
    <UnitTest name="TestMethod141" storage="c:\agent\_work\8\s\testprojectwon\bin\release\testprojectwon.dll" id="750786cc-a398-416c-cb6b-2f5b0523943d">
      <Execution id="28c609da-2680-46b2-8ce2-3380291c50bb" />
      <TestMethod codeBase="C:\agent\_work\8\s\TestProjectWON\bin\Release\TestProjectWON.dll" adapterTypeName="executor://mstestadapter/v1" className="TestProjectWON.UnitTest1" name="TestMethod141" />
    </UnitTest>
    <UnitTest name="TestMethod475" storage="c:\agent\_work\8\s\testprojectwon\bin\release\testprojectwon.dll" id="fa94c605-7efa-54ce-b849-37cdbf4948d5">
      <Execution id="7bab5b6d-f7f6-481c-a4b0-d275e18f8658" />
      <TestMethod codeBase="C:\agent\_work\8\s\TestProjectWON\bin\Release\TestProjectWON.dll" adapterTypeName="executor://mstestadapter/v1" className="TestProjectWON.UnitTest1" name="TestMethod475" />
    </UnitTest>
    <UnitTest name="TestMethod259" storage="c:\agent\_work\8\s\testprojectwon\bin\release\testprojectwon.dll" id="d89c6599-3f07-b118-70b6-c1489cc0b9c3">
      <Execution id="a90a467e-ef99-47e7-b796-81fe826adcc2" />
      <TestMethod codeBase="C:\agent\_work\8\s\TestProjectWON\bin\Release\TestProjectWON.dll" adapterTypeName="executor://mstestadapter/v1" className="TestProjectWON.UnitTest1" name="TestMethod259" />
    </UnitTest>
    <UnitTest name="TestMethod83" storage="c:\agent\_work\8\s\testprojectwon\bin\release\testprojectwon.dll" id="9cc5e92b-93df-26cc-9767-7c7734ecec97">
      <Execution id="a7994b30-9815-4568-ad02-11d8137b29f6" />
      <TestMethod codeBase="C:\agent\_work\8\s\TestProjectWON\bin\Release\TestProjectWON.dll" adapterTypeName="executor://mstestadapter/v1" className="TestProjectWON.UnitTest1" name="TestMethod83" />
    </UnitTest>
    <UnitTest name="TestMethod866" storage="c:\agent\_work\8\s\testprojectwon\bin\release\testprojectwon.dll" id="6fde9ee1-0c74-9cf2-8748-447ab622b77f">
      <Execution id="5084fb0c-601f-46b2-b3d5-9c5be573f0cf" />
      <TestMethod codeBase="C:\agent\_work\8\s\TestProjectWON\bin\Release\TestProjectWON.dll" adapterTypeName="executor://mstestadapter/v1" className="TestProjectWON.UnitTest1" name="TestMethod866" />
    </UnitTest>
    <UnitTest name="TestMethod979" storage="c:\agent\_work\8\s\testprojectwon\bin\release\testprojectwon.dll" id="316277fd-539f-25c2-f623-4a6c706cc2e7">
      <Execution id="458475b6-ba84-4c66-8f61-6f3bb7d13bac" />
      <TestMethod codeBase="C:\agent\_work\8\s\TestProjectWON\bin\Release\TestProjectWON.dll" adapterTypeName="executor://mstestadapter/v1" className="TestProjectWON.UnitTest1" name="TestMethod979" />
    </UnitTest>
    <UnitTest name="TestMethod29" storage="c:\agent\_work\8\s\testprojectwon\bin\release\testprojectwon.dll" id="1e1332f6-ef00-e1a7-2adf-8cae506162f1">
      <Execution id="47b1df57-1c1c-4ad8-bbca-1fc4eafe286b" />
      <TestMethod codeBase="C:\agent\_work\8\s\TestProjectWON\bin\Release\TestProjectWON.dll" adapterTypeName="executor://mstestadapter/v1" className="TestProjectWON.UnitTest1" name="TestMethod29" />
    </UnitTest>
    <UnitTest name="TestMethod915" storage="c:\agent\_work\8\s\testprojectwon\bin\release\testprojectwon.dll" id="e87f4494-6da9-6a97-2951-902f343e49f5">
      <Execution id="bbf51ff7-ceee-4664-a6b2-39bdfa0db99b" />
      <TestMethod codeBase="C:\agent\_work\8\s\TestProjectWON\bin\Release\TestProjectWON.dll" adapterTypeName="executor://mstestadapter/v1" className="TestProjectWON.UnitTest1" name="TestMethod915" />
    </UnitTest>
    <UnitTest name="TestMethod687" storage="c:\agent\_work\8\s\testprojectwon\bin\release\testprojectwon.dll" id="3631f1f6-6900-dfb5-ee94-5ceee6bb0502">
      <Execution id="a9d6aec3-6f9c-4a19-aff1-cafa1bc3aebd" />
      <TestMethod codeBase="C:\agent\_work\8\s\TestProjectWON\bin\Release\TestProjectWON.dll" adapterTypeName="executor://mstestadapter/v1" className="TestProjectWON.UnitTest1" name="TestMethod687" />
    </UnitTest>
    <UnitTest name="TestMethod89" storage="c:\agent\_work\8\s\testprojectwon\bin\release\testprojectwon.dll" id="dd567046-f7ca-abce-7baa-87b24b3619d3">
      <Execution id="da74d847-6a6f-41df-8d29-69c1d00c2caf" />
      <TestMethod codeBase="C:\agent\_work\8\s\TestProjectWON\bin\Release\TestProjectWON.dll" adapterTypeName="executor://mstestadapter/v1" className="TestProjectWON.UnitTest1" name="TestMethod89" />
    </UnitTest>
    <UnitTest name="TestMethod706" storage="c:\agent\_work\8\s\testprojectwon\bin\release\testprojectwon.dll" id="8107ae31-02e6-b704-c1a1-a5b4ffbd05bb">
      <Execution id="abebb2d3-8460-425b-a3a2-6062536681a7" />
      <TestMethod codeBase="C:\agent\_work\8\s\TestProjectWON\bin\Release\TestProjectWON.dll" adapterTypeName="executor://mstestadapter/v1" className="TestProjectWON.UnitTest1" name="TestMethod706" />
    </UnitTest>
    <UnitTest name="TestMethod229" storage="c:\agent\_work\8\s\testprojectwon\bin\release\testprojectwon.dll" id="e1f9df93-c8a9-64ad-9681-95501fc25408">
      <Execution id="faea7542-4218-4745-80c6-c25dd53de095" />
      <TestMethod codeBase="C:\agent\_work\8\s\TestProjectWON\bin\Release\TestProjectWON.dll" adapterTypeName="executor://mstestadapter/v1" className="TestProjectWON.UnitTest1" name="TestMethod229" />
    </UnitTest>
    <UnitTest name="TestMethod226" storage="c:\agent\_work\8\s\testprojectwon\bin\release\testprojectwon.dll" id="1f8138dd-bc1e-a02c-372f-244c53efa65e">
      <Execution id="4a9bfda1-eae3-4709-a5e5-87e2b8ecd19d" />
      <TestMethod codeBase="C:\agent\_work\8\s\TestProjectWON\bin\Release\TestProjectWON.dll" adapterTypeName="executor://mstestadapter/v1" className="TestProjectWON.UnitTest1" name="TestMethod226" />
    </UnitTest>
    <UnitTest name="TestMethod399" storage="c:\agent\_work\8\s\testprojectwon\bin\release\testprojectwon.dll" id="4768d4a2-adad-2313-82a7-b2c73e3733cb">
      <Execution id="793af2e4-d88d-4e14-bd7d-aab950a02a19" />
      <TestMethod codeBase="C:\agent\_work\8\s\TestProjectWON\bin\Release\TestProjectWON.dll" adapterTypeName="executor://mstestadapter/v1" className="TestProjectWON.UnitTest1" name="TestMethod399" />
    </UnitTest>
    <UnitTest name="TestMethod843" storage="c:\agent\_work\8\s\testprojectwon\bin\release\testprojectwon.dll" id="b6bb762a-9e5c-d2b4-5406-c312443d0acf">
      <Execution id="098d8566-c464-47d9-bddd-756cbf20bd7b" />
      <TestMethod codeBase="C:\agent\_work\8\s\TestProjectWON\bin\Release\TestProjectWON.dll" adapterTypeName="executor://mstestadapter/v1" className="TestProjectWON.UnitTest1" name="TestMethod843" />
    </UnitTest>
    <UnitTest name="TestMethod816" storage="c:\agent\_work\8\s\testprojectwon\bin\release\testprojectwon.dll" id="68377dec-78a1-9e58-48ed-4d7646bf5d48">
      <Execution id="84144358-6a0d-4bd2-9f2f-0ad6813176c8" />
      <TestMethod codeBase="C:\agent\_work\8\s\TestProjectWON\bin\Release\TestProjectWON.dll" adapterTypeName="executor://mstestadapter/v1" className="TestProjectWON.UnitTest1" name="TestMethod816" />
    </UnitTest>
    <UnitTest name="TestMethod830" storage="c:\agent\_work\8\s\testprojectwon\bin\release\testprojectwon.dll" id="30de3392-1a40-1ab9-cb8c-49220a829094">
      <Execution id="1899b95b-6fdd-4ffa-8cdd-df6c1ee9be4f" />
      <TestMethod codeBase="C:\agent\_work\8\s\TestProjectWON\bin\Release\TestProjectWON.dll" adapterTypeName="executor://mstestadapter/v1" className="TestProjectWON.UnitTest1" name="TestMethod830" />
    </UnitTest>
    <UnitTest name="TestMethod285" storage="c:\agent\_work\8\s\testprojectwon\bin\release\testprojectwon.dll" id="fb7a0209-f0c4-b769-e081-77e80f22692c">
      <Execution id="ddba643e-caa4-40a6-91dd-a6960f5dc8c3" />
      <TestMethod codeBase="C:\agent\_work\8\s\TestProjectWON\bin\Release\TestProjectWON.dll" adapterTypeName="executor://mstestadapter/v1" className="TestProjectWON.UnitTest1" name="TestMethod285" />
    </UnitTest>
    <UnitTest name="TestMethod692" storage="c:\agent\_work\8\s\testprojectwon\bin\release\testprojectwon.dll" id="abe63dc7-436c-029a-68b2-5d706af9e293">
      <Execution id="c66b6c50-5370-404b-88ed-3055c4585fa9" />
      <TestMethod codeBase="C:\agent\_work\8\s\TestProjectWON\bin\Release\TestProjectWON.dll" adapterTypeName="executor://mstestadapter/v1" className="TestProjectWON.UnitTest1" name="TestMethod692" />
    </UnitTest>
    <UnitTest name="TestMethod412" storage="c:\agent\_work\8\s\testprojectwon\bin\release\testprojectwon.dll" id="3f7d39dd-f323-74fc-8179-db3ff005b6ec">
      <Execution id="08957887-ea9e-401b-aee5-dea60105df3e" />
      <TestMethod codeBase="C:\agent\_work\8\s\TestProjectWON\bin\Release\TestProjectWON.dll" adapterTypeName="executor://mstestadapter/v1" className="TestProjectWON.UnitTest1" name="TestMethod412" />
    </UnitTest>
    <UnitTest name="TestMethod869" storage="c:\agent\_work\8\s\testprojectwon\bin\release\testprojectwon.dll" id="8b838374-f113-7a45-90b6-7acf919c7f9d">
      <Execution id="110c552d-5538-46b4-a483-80298a3369a0" />
      <TestMethod codeBase="C:\agent\_work\8\s\TestProjectWON\bin\Release\TestProjectWON.dll" adapterTypeName="executor://mstestadapter/v1" className="TestProjectWON.UnitTest1" name="TestMethod869" />
    </UnitTest>
    <UnitTest name="TestMethod633" storage="c:\agent\_work\8\s\testprojectwon\bin\release\testprojectwon.dll" id="f301a23f-015a-f0ec-b26c-2f88b9fde999">
      <Execution id="9cda9511-e110-481a-8ef9-e081cd57628d" />
      <TestMethod codeBase="C:\agent\_work\8\s\TestProjectWON\bin\Release\TestProjectWON.dll" adapterTypeName="executor://mstestadapter/v1" className="TestProjectWON.UnitTest1" name="TestMethod633" />
    </UnitTest>
    <UnitTest name="TestMethod936" storage="c:\agent\_work\8\s\testprojectwon\bin\release\testprojectwon.dll" id="965a298f-d562-f5e7-ee05-1de2f47536a6">
      <Execution id="0be2e8d5-1cef-4e5b-97b5-a41b7204d537" />
      <TestMethod codeBase="C:\agent\_work\8\s\TestProjectWON\bin\Release\TestProjectWON.dll" adapterTypeName="executor://mstestadapter/v1" className="TestProjectWON.UnitTest1" name="TestMethod936" />
    </UnitTest>
    <UnitTest name="TestMethod875" storage="c:\agent\_work\8\s\testprojectwon\bin\release\testprojectwon.dll" id="4e4ae70f-af86-f953-53f0-073733b509e7">
      <Execution id="378a1c8a-bdcb-4246-9c26-af88e8f5314f" />
      <TestMethod codeBase="C:\agent\_work\8\s\TestProjectWON\bin\Release\TestProjectWON.dll" adapterTypeName="executor://mstestadapter/v1" className="TestProjectWON.UnitTest1" name="TestMethod875" />
    </UnitTest>
    <UnitTest name="TestMethod95" storage="c:\agent\_work\8\s\testprojectwon\bin\release\testprojectwon.dll" id="87064307-995c-89a5-3cb8-a77a86aa3a46">
      <Execution id="3d73989a-43a9-4888-85da-738082db94b8" />
      <TestMethod codeBase="C:\agent\_work\8\s\TestProjectWON\bin\Release\TestProjectWON.dll" adapterTypeName="executor://mstestadapter/v1" className="TestProjectWON.UnitTest1" name="TestMethod95" />
    </UnitTest>
    <UnitTest name="TestMethod493" storage="c:\agent\_work\8\s\testprojectwon\bin\release\testprojectwon.dll" id="106d71a3-1d5f-9fbe-e2ab-cbe7ca159548">
      <Execution id="e20ee7a6-04d5-484b-b21a-8ca930c7bb97" />
      <TestMethod codeBase="C:\agent\_work\8\s\TestProjectWON\bin\Release\TestProjectWON.dll" adapterTypeName="executor://mstestadapter/v1" className="TestProjectWON.UnitTest1" name="TestMethod493" />
    </UnitTest>
    <UnitTest name="TestMethod331" storage="c:\agent\_work\8\s\testprojectwon\bin\release\testprojectwon.dll" id="baa2be22-6e02-8004-6919-7aeac43318b6">
      <Execution id="84bddc04-5b0f-4de8-9304-68d4b1caa929" />
      <TestMethod codeBase="C:\agent\_work\8\s\TestProjectWON\bin\Release\TestProjectWON.dll" adapterTypeName="executor://mstestadapter/v1" className="TestProjectWON.UnitTest1" name="TestMethod331" />
    </UnitTest>
    <UnitTest name="TestMethod484" storage="c:\agent\_work\8\s\testprojectwon\bin\release\testprojectwon.dll" id="fc461f5d-56c6-d714-054f-9ed9be7f9933">
      <Execution id="a5e14239-a598-4b3a-a929-829b6448412e" />
      <TestMethod codeBase="C:\agent\_work\8\s\TestProjectWON\bin\Release\TestProjectWON.dll" adapterTypeName="executor://mstestadapter/v1" className="TestProjectWON.UnitTest1" name="TestMethod484" />
    </UnitTest>
    <UnitTest name="TestMethod339" storage="c:\agent\_work\8\s\testprojectwon\bin\release\testprojectwon.dll" id="43a17133-2c7e-a5bd-f0f8-3641075006da">
      <Execution id="ec9b7e91-41d8-4b23-93d9-581fa55ed0da" />
      <TestMethod codeBase="C:\agent\_work\8\s\TestProjectWON\bin\Release\TestProjectWON.dll" adapterTypeName="executor://mstestadapter/v1" className="TestProjectWON.UnitTest1" name="TestMethod339" />
    </UnitTest>
    <UnitTest name="TestMethod238" storage="c:\agent\_work\8\s\testprojectwon\bin\release\testprojectwon.dll" id="a76ae674-56b4-d457-d0b5-04f908ea39dd">
      <Execution id="ab90f7b5-8985-4a2d-8bc2-4111a8b5b04b" />
      <TestMethod codeBase="C:\agent\_work\8\s\TestProjectWON\bin\Release\TestProjectWON.dll" adapterTypeName="executor://mstestadapter/v1" className="TestProjectWON.UnitTest1" name="TestMethod238" />
    </UnitTest>
    <UnitTest name="TestMethod66" storage="c:\agent\_work\8\s\testprojectwon\bin\release\testprojectwon.dll" id="2cec005b-fc62-abf6-3471-a3cafbdddd52">
      <Execution id="929c4b7a-b828-45f5-9f39-572e8e7d45dd" />
      <TestMethod codeBase="C:\agent\_work\8\s\TestProjectWON\bin\Release\TestProjectWON.dll" adapterTypeName="executor://mstestadapter/v1" className="TestProjectWON.UnitTest1" name="TestMethod66" />
    </UnitTest>
    <UnitTest name="TestMethod410" storage="c:\agent\_work\8\s\testprojectwon\bin\release\testprojectwon.dll" id="dc3a70da-f04f-7f1e-e69e-616f266eb569">
      <Execution id="20454114-bfb9-4a00-bfc7-b946f0c49999" />
      <TestMethod codeBase="C:\agent\_work\8\s\TestProjectWON\bin\Release\TestProjectWON.dll" adapterTypeName="executor://mstestadapter/v1" className="TestProjectWON.UnitTest1" name="TestMethod410" />
    </UnitTest>
    <UnitTest name="TestMethod119" storage="c:\agent\_work\8\s\testprojectwon\bin\release\testprojectwon.dll" id="e4d44f1a-9653-1759-87fb-0fb0c4e43be2">
      <Execution id="589a1288-a619-44ae-82ef-9f560dd64c9f" />
      <TestMethod codeBase="C:\agent\_work\8\s\TestProjectWON\bin\Release\TestProjectWON.dll" adapterTypeName="executor://mstestadapter/v1" className="TestProjectWON.UnitTest1" name="TestMethod119" />
    </UnitTest>
    <UnitTest name="TestMethod665" storage="c:\agent\_work\8\s\testprojectwon\bin\release\testprojectwon.dll" id="9a2dc206-4145-6590-165d-041e2f16bacd">
      <Execution id="c5d1c41d-502c-43fb-84d2-72f749e7615f" />
      <TestMethod codeBase="C:\agent\_work\8\s\TestProjectWON\bin\Release\TestProjectWON.dll" adapterTypeName="executor://mstestadapter/v1" className="TestProjectWON.UnitTest1" name="TestMethod665" />
    </UnitTest>
    <UnitTest name="TestMethod549" storage="c:\agent\_work\8\s\testprojectwon\bin\release\testprojectwon.dll" id="83f9169e-fa79-6fbf-fd57-ff77655ec499">
      <Execution id="8ff42195-0f49-413f-a566-5fa4f840b004" />
      <TestMethod codeBase="C:\agent\_work\8\s\TestProjectWON\bin\Release\TestProjectWON.dll" adapterTypeName="executor://mstestadapter/v1" className="TestProjectWON.UnitTest1" name="TestMethod549" />
    </UnitTest>
    <UnitTest name="TestMethod270" storage="c:\agent\_work\8\s\testprojectwon\bin\release\testprojectwon.dll" id="c4a3af1c-22eb-ea6c-f993-4245be4aca99">
      <Execution id="13afcfb1-283f-406f-98dc-e8bb220e2eeb" />
      <TestMethod codeBase="C:\agent\_work\8\s\TestProjectWON\bin\Release\TestProjectWON.dll" adapterTypeName="executor://mstestadapter/v1" className="TestProjectWON.UnitTest1" name="TestMethod270" />
    </UnitTest>
    <UnitTest name="TestMethod422" storage="c:\agent\_work\8\s\testprojectwon\bin\release\testprojectwon.dll" id="a281c1cf-4cbd-83fd-4875-29e6304184ce">
      <Execution id="a5986a3a-5ede-443e-be8b-9ea1a5b64907" />
      <TestMethod codeBase="C:\agent\_work\8\s\TestProjectWON\bin\Release\TestProjectWON.dll" adapterTypeName="executor://mstestadapter/v1" className="TestProjectWON.UnitTest1" name="TestMethod422" />
    </UnitTest>
    <UnitTest name="TestMethod755" storage="c:\agent\_work\8\s\testprojectwon\bin\release\testprojectwon.dll" id="dacd22a8-8c1a-33ba-6487-d19a60b1c898">
      <Execution id="f8272962-7ada-42ce-a57a-d0786f9ae658" />
      <TestMethod codeBase="C:\agent\_work\8\s\TestProjectWON\bin\Release\TestProjectWON.dll" adapterTypeName="executor://mstestadapter/v1" className="TestProjectWON.UnitTest1" name="TestMethod755" />
    </UnitTest>
    <UnitTest name="TestMethod145" storage="c:\agent\_work\8\s\testprojectwon\bin\release\testprojectwon.dll" id="54eafe78-aa08-3f7e-0ca4-8f6aeecd338c">
      <Execution id="792b1ebd-cb99-489b-be5c-6b3f49778b2b" />
      <TestMethod codeBase="C:\agent\_work\8\s\TestProjectWON\bin\Release\TestProjectWON.dll" adapterTypeName="executor://mstestadapter/v1" className="TestProjectWON.UnitTest1" name="TestMethod145" />
    </UnitTest>
    <UnitTest name="TestMethod961" storage="c:\agent\_work\8\s\testprojectwon\bin\release\testprojectwon.dll" id="74aa3629-e93c-366a-f4e2-ed6f6a0ac263">
      <Execution id="00f2669c-272d-42d3-97c0-70f04e15e2ad" />
      <TestMethod codeBase="C:\agent\_work\8\s\TestProjectWON\bin\Release\TestProjectWON.dll" adapterTypeName="executor://mstestadapter/v1" className="TestProjectWON.UnitTest1" name="TestMethod961" />
    </UnitTest>
    <UnitTest name="TestMethod766" storage="c:\agent\_work\8\s\testprojectwon\bin\release\testprojectwon.dll" id="21213293-f488-0812-4381-80dee5bd998a">
      <Execution id="fea9ecb9-fc28-4ebb-88ca-02cab40b1a16" />
      <TestMethod codeBase="C:\agent\_work\8\s\TestProjectWON\bin\Release\TestProjectWON.dll" adapterTypeName="executor://mstestadapter/v1" className="TestProjectWON.UnitTest1" name="TestMethod766" />
    </UnitTest>
    <UnitTest name="TestMethod492" storage="c:\agent\_work\8\s\testprojectwon\bin\release\testprojectwon.dll" id="82473ccf-f02c-00f7-3d86-6688287d140a">
      <Execution id="0569dc3f-71ed-4f5c-b7bb-9c3217c90f92" />
      <TestMethod codeBase="C:\agent\_work\8\s\TestProjectWON\bin\Release\TestProjectWON.dll" adapterTypeName="executor://mstestadapter/v1" className="TestProjectWON.UnitTest1" name="TestMethod492" />
    </UnitTest>
    <UnitTest name="TestMethod551" storage="c:\agent\_work\8\s\testprojectwon\bin\release\testprojectwon.dll" id="0a1a861b-78e7-d25e-7a3d-2530f3c7ef9c">
      <Execution id="075a4635-2c76-46b5-bda1-0f4d4f549c27" />
      <TestMethod codeBase="C:\agent\_work\8\s\TestProjectWON\bin\Release\TestProjectWON.dll" adapterTypeName="executor://mstestadapter/v1" className="TestProjectWON.UnitTest1" name="TestMethod551" />
    </UnitTest>
    <UnitTest name="TestMethod75" storage="c:\agent\_work\8\s\testprojectwon\bin\release\testprojectwon.dll" id="23edba5e-075d-714e-fbe4-42cb97997bd1">
      <Execution id="9a1d986f-1667-47c1-b151-27cc776e4304" />
      <TestMethod codeBase="C:\agent\_work\8\s\TestProjectWON\bin\Release\TestProjectWON.dll" adapterTypeName="executor://mstestadapter/v1" className="TestProjectWON.UnitTest1" name="TestMethod75" />
    </UnitTest>
    <UnitTest name="TestMethod767" storage="c:\agent\_work\8\s\testprojectwon\bin\release\testprojectwon.dll" id="51ce151e-545b-8bc3-34a9-cb76b0999ab6">
      <Execution id="b2b6c924-9250-4b92-b12e-6fb51697223b" />
      <TestMethod codeBase="C:\agent\_work\8\s\TestProjectWON\bin\Release\TestProjectWON.dll" adapterTypeName="executor://mstestadapter/v1" className="TestProjectWON.UnitTest1" name="TestMethod767" />
    </UnitTest>
    <UnitTest name="TestMethod210" storage="c:\agent\_work\8\s\testprojectwon\bin\release\testprojectwon.dll" id="71e43180-9fc8-09e3-4a30-1f1c3dd44699">
      <Execution id="9e425898-a41c-4e5d-8dd3-6f27ee392317" />
      <TestMethod codeBase="C:\agent\_work\8\s\TestProjectWON\bin\Release\TestProjectWON.dll" adapterTypeName="executor://mstestadapter/v1" className="TestProjectWON.UnitTest1" name="TestMethod210" />
    </UnitTest>
    <UnitTest name="TestMethod340" storage="c:\agent\_work\8\s\testprojectwon\bin\release\testprojectwon.dll" id="582126e6-7637-1686-e421-26fc8b2a44be">
      <Execution id="0d635d1b-9e1a-493d-a0c2-d1bc5b122666" />
      <TestMethod codeBase="C:\agent\_work\8\s\TestProjectWON\bin\Release\TestProjectWON.dll" adapterTypeName="executor://mstestadapter/v1" className="TestProjectWON.UnitTest1" name="TestMethod340" />
    </UnitTest>
    <UnitTest name="TestMethod594" storage="c:\agent\_work\8\s\testprojectwon\bin\release\testprojectwon.dll" id="1f6cec36-baad-2e1c-06fd-f55735ceffa5">
      <Execution id="6de836df-de85-4461-98f6-c6b2671f85b3" />
      <TestMethod codeBase="C:\agent\_work\8\s\TestProjectWON\bin\Release\TestProjectWON.dll" adapterTypeName="executor://mstestadapter/v1" className="TestProjectWON.UnitTest1" name="TestMethod594" />
    </UnitTest>
    <UnitTest name="TestMethod783" storage="c:\agent\_work\8\s\testprojectwon\bin\release\testprojectwon.dll" id="ada0d990-bf19-2979-ac19-f69288f0b373">
      <Execution id="c7a2fb7f-460e-4d35-a1f7-1f49114bcc9b" />
      <TestMethod codeBase="C:\agent\_work\8\s\TestProjectWON\bin\Release\TestProjectWON.dll" adapterTypeName="executor://mstestadapter/v1" className="TestProjectWON.UnitTest1" name="TestMethod783" />
    </UnitTest>
    <UnitTest name="TestMethod890" storage="c:\agent\_work\8\s\testprojectwon\bin\release\testprojectwon.dll" id="69aeffc7-cd92-ac72-76d9-3bdc200b9566">
      <Execution id="508388ae-08b9-4250-b24e-ffc6cc87fc7c" />
      <TestMethod codeBase="C:\agent\_work\8\s\TestProjectWON\bin\Release\TestProjectWON.dll" adapterTypeName="executor://mstestadapter/v1" className="TestProjectWON.UnitTest1" name="TestMethod890" />
    </UnitTest>
    <UnitTest name="TestMethod562" storage="c:\agent\_work\8\s\testprojectwon\bin\release\testprojectwon.dll" id="ff01f86a-f0b3-fd8e-4441-388dd11f94ca">
      <Execution id="83659e98-a009-419c-81d9-ea408f24246c" />
      <TestMethod codeBase="C:\agent\_work\8\s\TestProjectWON\bin\Release\TestProjectWON.dll" adapterTypeName="executor://mstestadapter/v1" className="TestProjectWON.UnitTest1" name="TestMethod562" />
    </UnitTest>
    <UnitTest name="TestMethod726" storage="c:\agent\_work\8\s\testprojectwon\bin\release\testprojectwon.dll" id="0082ec55-23a0-7970-6e7e-7fe788b9f353">
      <Execution id="fd689b6d-934b-4538-a5f1-96ffb025a794" />
      <TestMethod codeBase="C:\agent\_work\8\s\TestProjectWON\bin\Release\TestProjectWON.dll" adapterTypeName="executor://mstestadapter/v1" className="TestProjectWON.UnitTest1" name="TestMethod726" />
    </UnitTest>
    <UnitTest name="TestMethod100" storage="c:\agent\_work\8\s\testprojectwon\bin\release\testprojectwon.dll" id="911e1691-73da-b130-4b2a-ef8da1c07754">
      <Execution id="d1fb7548-095a-40a0-85b3-ef36f0b7b06d" />
      <TestMethod codeBase="C:\agent\_work\8\s\TestProjectWON\bin\Release\TestProjectWON.dll" adapterTypeName="executor://mstestadapter/v1" className="TestProjectWON.UnitTest1" name="TestMethod100" />
    </UnitTest>
    <UnitTest name="TestMethod316" storage="c:\agent\_work\8\s\testprojectwon\bin\release\testprojectwon.dll" id="6e6dbd3c-3d0c-906f-3c70-2056f7a67b63">
      <Execution id="668927a9-1cae-42f4-9e9a-00cd0d69eccd" />
      <TestMethod codeBase="C:\agent\_work\8\s\TestProjectWON\bin\Release\TestProjectWON.dll" adapterTypeName="executor://mstestadapter/v1" className="TestProjectWON.UnitTest1" name="TestMethod316" />
    </UnitTest>
    <UnitTest name="TestMethod116" storage="c:\agent\_work\8\s\testprojectwon\bin\release\testprojectwon.dll" id="e82bbb02-4440-ce0a-eabb-e0d82db20996">
      <Execution id="d859384e-e171-43fb-863a-3890cdb30a31" />
      <TestMethod codeBase="C:\agent\_work\8\s\TestProjectWON\bin\Release\TestProjectWON.dll" adapterTypeName="executor://mstestadapter/v1" className="TestProjectWON.UnitTest1" name="TestMethod116" />
    </UnitTest>
    <UnitTest name="TestMethod414" storage="c:\agent\_work\8\s\testprojectwon\bin\release\testprojectwon.dll" id="b3aa94bd-058f-dcc3-e555-98a769463262">
      <Execution id="b46bb6f5-4814-4df2-9501-5696106cf173" />
      <TestMethod codeBase="C:\agent\_work\8\s\TestProjectWON\bin\Release\TestProjectWON.dll" adapterTypeName="executor://mstestadapter/v1" className="TestProjectWON.UnitTest1" name="TestMethod414" />
    </UnitTest>
    <UnitTest name="TestMethod363" storage="c:\agent\_work\8\s\testprojectwon\bin\release\testprojectwon.dll" id="2fa780f0-1e7b-0df5-cb57-096559fff81f">
      <Execution id="7d850dcb-d665-4646-931e-abff3cde940d" />
      <TestMethod codeBase="C:\agent\_work\8\s\TestProjectWON\bin\Release\TestProjectWON.dll" adapterTypeName="executor://mstestadapter/v1" className="TestProjectWON.UnitTest1" name="TestMethod363" />
    </UnitTest>
    <UnitTest name="TestMethod683" storage="c:\agent\_work\8\s\testprojectwon\bin\release\testprojectwon.dll" id="d4c908cd-0efa-969d-cc6b-17454c825a33">
      <Execution id="0bdf1404-e824-4fdb-9e9d-30f38648804b" />
      <TestMethod codeBase="C:\agent\_work\8\s\TestProjectWON\bin\Release\TestProjectWON.dll" adapterTypeName="executor://mstestadapter/v1" className="TestProjectWON.UnitTest1" name="TestMethod683" />
    </UnitTest>
    <UnitTest name="TestMethod494" storage="c:\agent\_work\8\s\testprojectwon\bin\release\testprojectwon.dll" id="02ce5419-6f83-a028-3fcf-e162973483ee">
      <Execution id="662d4d13-880a-4cbd-a9b8-81b0107bacda" />
      <TestMethod codeBase="C:\agent\_work\8\s\TestProjectWON\bin\Release\TestProjectWON.dll" adapterTypeName="executor://mstestadapter/v1" className="TestProjectWON.UnitTest1" name="TestMethod494" />
    </UnitTest>
    <UnitTest name="TestMethod765" storage="c:\agent\_work\8\s\testprojectwon\bin\release\testprojectwon.dll" id="c1a40631-a0eb-3aff-c610-85c020b0e5ed">
      <Execution id="753868ab-b4d9-44d6-8192-b1762a5f4240" />
      <TestMethod codeBase="C:\agent\_work\8\s\TestProjectWON\bin\Release\TestProjectWON.dll" adapterTypeName="executor://mstestadapter/v1" className="TestProjectWON.UnitTest1" name="TestMethod765" />
    </UnitTest>
    <UnitTest name="TestMethod423" storage="c:\agent\_work\8\s\testprojectwon\bin\release\testprojectwon.dll" id="de8529e0-a6e6-31e9-fb3e-547193ba9a75">
      <Execution id="ce8b5396-4085-4bdd-b489-4d2027a80b89" />
      <TestMethod codeBase="C:\agent\_work\8\s\TestProjectWON\bin\Release\TestProjectWON.dll" adapterTypeName="executor://mstestadapter/v1" className="TestProjectWON.UnitTest1" name="TestMethod423" />
    </UnitTest>
    <UnitTest name="TestMethod272" storage="c:\agent\_work\8\s\testprojectwon\bin\release\testprojectwon.dll" id="56e0b8cb-edaa-ac2f-856d-8624111180dc">
      <Execution id="687a2f47-4f8e-4469-8651-1b6541ded6bd" />
      <TestMethod codeBase="C:\agent\_work\8\s\TestProjectWON\bin\Release\TestProjectWON.dll" adapterTypeName="executor://mstestadapter/v1" className="TestProjectWON.UnitTest1" name="TestMethod272" />
    </UnitTest>
    <UnitTest name="TestMethod601" storage="c:\agent\_work\8\s\testprojectwon\bin\release\testprojectwon.dll" id="c8673406-6d74-30ae-d207-5d9fe26f6a18">
      <Execution id="195f45f7-b54b-4ac6-bd5c-57b8a6631338" />
      <TestMethod codeBase="C:\agent\_work\8\s\TestProjectWON\bin\Release\TestProjectWON.dll" adapterTypeName="executor://mstestadapter/v1" className="TestProjectWON.UnitTest1" name="TestMethod601" />
    </UnitTest>
    <UnitTest name="TestMethod970" storage="c:\agent\_work\8\s\testprojectwon\bin\release\testprojectwon.dll" id="7a2f02f2-38dc-f21f-ced5-a6bb14b1d39f">
      <Execution id="680bb96c-7fb8-4302-a634-c083ca665f02" />
      <TestMethod codeBase="C:\agent\_work\8\s\TestProjectWON\bin\Release\TestProjectWON.dll" adapterTypeName="executor://mstestadapter/v1" className="TestProjectWON.UnitTest1" name="TestMethod970" />
    </UnitTest>
    <UnitTest name="TestMethod893" storage="c:\agent\_work\8\s\testprojectwon\bin\release\testprojectwon.dll" id="989f4d67-5e7e-cf6e-2fd7-32062a16db75">
      <Execution id="d3a5c335-4c4e-463c-a6f3-01a3e8768670" />
      <TestMethod codeBase="C:\agent\_work\8\s\TestProjectWON\bin\Release\TestProjectWON.dll" adapterTypeName="executor://mstestadapter/v1" className="TestProjectWON.UnitTest1" name="TestMethod893" />
    </UnitTest>
    <UnitTest name="TestMethod644" storage="c:\agent\_work\8\s\testprojectwon\bin\release\testprojectwon.dll" id="b31e2842-7ff6-9c4d-5a6d-12cd5934217d">
      <Execution id="86195159-bb99-49f7-b2f2-bbe7075b8a2d" />
      <TestMethod codeBase="C:\agent\_work\8\s\TestProjectWON\bin\Release\TestProjectWON.dll" adapterTypeName="executor://mstestadapter/v1" className="TestProjectWON.UnitTest1" name="TestMethod644" />
    </UnitTest>
    <UnitTest name="TestMethod203" storage="c:\agent\_work\8\s\testprojectwon\bin\release\testprojectwon.dll" id="87f53ee5-bdbf-d777-f2bd-8587b117a696">
      <Execution id="753b600f-2845-4c55-a2c3-336c11074dcc" />
      <TestMethod codeBase="C:\agent\_work\8\s\TestProjectWON\bin\Release\TestProjectWON.dll" adapterTypeName="executor://mstestadapter/v1" className="TestProjectWON.UnitTest1" name="TestMethod203" />
    </UnitTest>
    <UnitTest name="TestMethod580" storage="c:\agent\_work\8\s\testprojectwon\bin\release\testprojectwon.dll" id="34eac8a9-eb9f-899c-54cc-01d053a5025d">
      <Execution id="3745c310-9f91-4672-bb18-3b08b894efc7" />
      <TestMethod codeBase="C:\agent\_work\8\s\TestProjectWON\bin\Release\TestProjectWON.dll" adapterTypeName="executor://mstestadapter/v1" className="TestProjectWON.UnitTest1" name="TestMethod580" />
    </UnitTest>
    <UnitTest name="TestMethod495" storage="c:\agent\_work\8\s\testprojectwon\bin\release\testprojectwon.dll" id="95a1d4ed-5bdf-ecc4-9f0a-fdcf99c3c410">
      <Execution id="13fd3c9a-4e35-44bb-b28c-7a0619177436" />
      <TestMethod codeBase="C:\agent\_work\8\s\TestProjectWON\bin\Release\TestProjectWON.dll" adapterTypeName="executor://mstestadapter/v1" className="TestProjectWON.UnitTest1" name="TestMethod495" />
    </UnitTest>
    <UnitTest name="TestMethod883" storage="c:\agent\_work\8\s\testprojectwon\bin\release\testprojectwon.dll" id="6c7fb57d-0d93-6a47-e5f7-c23a31c3815e">
      <Execution id="59d7b7b1-893c-4940-b865-a4a4aaa818c0" />
      <TestMethod codeBase="C:\agent\_work\8\s\TestProjectWON\bin\Release\TestProjectWON.dll" adapterTypeName="executor://mstestadapter/v1" className="TestProjectWON.UnitTest1" name="TestMethod883" />
    </UnitTest>
    <UnitTest name="TestMethod487" storage="c:\agent\_work\8\s\testprojectwon\bin\release\testprojectwon.dll" id="784e77c8-c91c-30bc-80fe-7549998f79cc">
      <Execution id="5d4a97b7-9eb4-411e-bdd1-66a39b208beb" />
      <TestMethod codeBase="C:\agent\_work\8\s\TestProjectWON\bin\Release\TestProjectWON.dll" adapterTypeName="executor://mstestadapter/v1" className="TestProjectWON.UnitTest1" name="TestMethod487" />
    </UnitTest>
    <UnitTest name="TestMethod346" storage="c:\agent\_work\8\s\testprojectwon\bin\release\testprojectwon.dll" id="8961879c-3773-fbef-5843-9b173bd8467b">
      <Execution id="0f313df5-2320-4c2a-9080-4d7a22563a27" />
      <TestMethod codeBase="C:\agent\_work\8\s\TestProjectWON\bin\Release\TestProjectWON.dll" adapterTypeName="executor://mstestadapter/v1" className="TestProjectWON.UnitTest1" name="TestMethod346" />
    </UnitTest>
    <UnitTest name="TestMethod373" storage="c:\agent\_work\8\s\testprojectwon\bin\release\testprojectwon.dll" id="d811f50d-5448-dded-0d43-133fd196268a">
      <Execution id="31dc67b4-5e46-4785-94b2-9772b9b0392d" />
      <TestMethod codeBase="C:\agent\_work\8\s\TestProjectWON\bin\Release\TestProjectWON.dll" adapterTypeName="executor://mstestadapter/v1" className="TestProjectWON.UnitTest1" name="TestMethod373" />
    </UnitTest>
    <UnitTest name="TestMethod192" storage="c:\agent\_work\8\s\testprojectwon\bin\release\testprojectwon.dll" id="74215b49-55a4-8e1f-445d-b91dc36d327d">
      <Execution id="768c1bef-8347-45c8-a170-9f3e9bc42aa1" />
      <TestMethod codeBase="C:\agent\_work\8\s\TestProjectWON\bin\Release\TestProjectWON.dll" adapterTypeName="executor://mstestadapter/v1" className="TestProjectWON.UnitTest1" name="TestMethod192" />
    </UnitTest>
    <UnitTest name="TestMethod632" storage="c:\agent\_work\8\s\testprojectwon\bin\release\testprojectwon.dll" id="446bca83-49f8-6535-b852-d0ba19d36891">
      <Execution id="9a356ab2-17bc-4eb6-9774-12dcf2e14037" />
      <TestMethod codeBase="C:\agent\_work\8\s\TestProjectWON\bin\Release\TestProjectWON.dll" adapterTypeName="executor://mstestadapter/v1" className="TestProjectWON.UnitTest1" name="TestMethod632" />
    </UnitTest>
    <UnitTest name="TestMethod128" storage="c:\agent\_work\8\s\testprojectwon\bin\release\testprojectwon.dll" id="5c4b9025-70ac-dd5f-337c-a3936f51c0c9">
      <Execution id="0f2aa520-8937-438a-96db-7a85500dfe43" />
      <TestMethod codeBase="C:\agent\_work\8\s\TestProjectWON\bin\Release\TestProjectWON.dll" adapterTypeName="executor://mstestadapter/v1" className="TestProjectWON.UnitTest1" name="TestMethod128" />
    </UnitTest>
    <UnitTest name="TestMethod485" storage="c:\agent\_work\8\s\testprojectwon\bin\release\testprojectwon.dll" id="9a928c9f-84d9-e485-f74c-43effafbbb8a">
      <Execution id="f1c7b465-df44-4d16-84bb-70c97175aa72" />
      <TestMethod codeBase="C:\agent\_work\8\s\TestProjectWON\bin\Release\TestProjectWON.dll" adapterTypeName="executor://mstestadapter/v1" className="TestProjectWON.UnitTest1" name="TestMethod485" />
    </UnitTest>
    <UnitTest name="TestMethod5" storage="c:\agent\_work\8\s\testprojectwon\bin\release\testprojectwon.dll" id="0c505b8c-5006-fc8b-5c09-18eca5f0d402">
      <Execution id="0c5baf63-392c-40cc-82f1-4a275c1bf4e7" />
      <TestMethod codeBase="C:\agent\_work\8\s\TestProjectWON\bin\Release\TestProjectWON.dll" adapterTypeName="executor://mstestadapter/v1" className="TestProjectWON.UnitTest1" name="TestMethod5" />
    </UnitTest>
    <UnitTest name="TestMethod388" storage="c:\agent\_work\8\s\testprojectwon\bin\release\testprojectwon.dll" id="f978e587-6fdb-73f8-9866-42c923e61ecf">
      <Execution id="623cc8aa-9a71-4f59-a9de-b66a43ea9f5c" />
      <TestMethod codeBase="C:\agent\_work\8\s\TestProjectWON\bin\Release\TestProjectWON.dll" adapterTypeName="executor://mstestadapter/v1" className="TestProjectWON.UnitTest1" name="TestMethod388" />
    </UnitTest>
    <UnitTest name="TestMethod539" storage="c:\agent\_work\8\s\testprojectwon\bin\release\testprojectwon.dll" id="674e72c2-4855-03f8-b89d-08191aa4f180">
      <Execution id="f0bd2a77-64ca-44b5-bf75-a6f02b638a4c" />
      <TestMethod codeBase="C:\agent\_work\8\s\TestProjectWON\bin\Release\TestProjectWON.dll" adapterTypeName="executor://mstestadapter/v1" className="TestProjectWON.UnitTest1" name="TestMethod539" />
    </UnitTest>
    <UnitTest name="TestMethod314" storage="c:\agent\_work\8\s\testprojectwon\bin\release\testprojectwon.dll" id="d7af2342-4b30-0768-069a-66984597e905">
      <Execution id="63ce42de-9978-44ee-aa3f-3ffc888c2fd4" />
      <TestMethod codeBase="C:\agent\_work\8\s\TestProjectWON\bin\Release\TestProjectWON.dll" adapterTypeName="executor://mstestadapter/v1" className="TestProjectWON.UnitTest1" name="TestMethod314" />
    </UnitTest>
    <UnitTest name="TestMethod986" storage="c:\agent\_work\8\s\testprojectwon\bin\release\testprojectwon.dll" id="6c1de0b2-9f2c-f96f-0337-758f086b8199">
      <Execution id="e5cd69da-1ee0-4cbb-89dd-d44234a8aa31" />
      <TestMethod codeBase="C:\agent\_work\8\s\TestProjectWON\bin\Release\TestProjectWON.dll" adapterTypeName="executor://mstestadapter/v1" className="TestProjectWON.UnitTest1" name="TestMethod986" />
    </UnitTest>
    <UnitTest name="TestMethod689" storage="c:\agent\_work\8\s\testprojectwon\bin\release\testprojectwon.dll" id="1b9405bc-4741-b9e0-7588-fbe107617d09">
      <Execution id="62bbeecd-d98e-49b0-af6e-44bd4bf36e75" />
      <TestMethod codeBase="C:\agent\_work\8\s\TestProjectWON\bin\Release\TestProjectWON.dll" adapterTypeName="executor://mstestadapter/v1" className="TestProjectWON.UnitTest1" name="TestMethod689" />
    </UnitTest>
    <UnitTest name="TestMethod952" storage="c:\agent\_work\8\s\testprojectwon\bin\release\testprojectwon.dll" id="5bd851b4-6d07-0258-4c1a-0f4c474f96d4">
      <Execution id="0e335f94-759e-4daa-8e99-1c704bbed6ed" />
      <TestMethod codeBase="C:\agent\_work\8\s\TestProjectWON\bin\Release\TestProjectWON.dll" adapterTypeName="executor://mstestadapter/v1" className="TestProjectWON.UnitTest1" name="TestMethod952" />
    </UnitTest>
    <UnitTest name="TestMethod9" storage="c:\agent\_work\8\s\testprojectwon\bin\release\testprojectwon.dll" id="d56a5580-e7b0-5ea5-e686-7d25ff67bf27">
      <Execution id="70c46b02-d22c-4a9e-a375-e51e4d3f2bb4" />
      <TestMethod codeBase="C:\agent\_work\8\s\TestProjectWON\bin\Release\TestProjectWON.dll" adapterTypeName="executor://mstestadapter/v1" className="TestProjectWON.UnitTest1" name="TestMethod9" />
    </UnitTest>
    <UnitTest name="TestMethod428" storage="c:\agent\_work\8\s\testprojectwon\bin\release\testprojectwon.dll" id="176670fb-1d4e-426f-b470-5d27087647a7">
      <Execution id="14f6f7f1-1f88-4877-8614-a952a71a1cc8" />
      <TestMethod codeBase="C:\agent\_work\8\s\TestProjectWON\bin\Release\TestProjectWON.dll" adapterTypeName="executor://mstestadapter/v1" className="TestProjectWON.UnitTest1" name="TestMethod428" />
    </UnitTest>
    <UnitTest name="TestMethod474" storage="c:\agent\_work\8\s\testprojectwon\bin\release\testprojectwon.dll" id="7e4b0130-3a47-bdd6-28f2-3c764416fcdd">
      <Execution id="3240e620-b25b-4373-8071-e54a5cd39c97" />
      <TestMethod codeBase="C:\agent\_work\8\s\TestProjectWON\bin\Release\TestProjectWON.dll" adapterTypeName="executor://mstestadapter/v1" className="TestProjectWON.UnitTest1" name="TestMethod474" />
    </UnitTest>
    <UnitTest name="TestMethod442" storage="c:\agent\_work\8\s\testprojectwon\bin\release\testprojectwon.dll" id="402aee7d-0b84-e21f-0c90-838bca626563">
      <Execution id="fb926204-858d-45fe-b1ec-fae217e2f76f" />
      <TestMethod codeBase="C:\agent\_work\8\s\TestProjectWON\bin\Release\TestProjectWON.dll" adapterTypeName="executor://mstestadapter/v1" className="TestProjectWON.UnitTest1" name="TestMethod442" />
    </UnitTest>
    <UnitTest name="TestMethod833" storage="c:\agent\_work\8\s\testprojectwon\bin\release\testprojectwon.dll" id="d9016ccb-6373-93ce-9f29-6dd7720f2ced">
      <Execution id="b8e0738b-0c44-4a6f-aa17-31b39ee8789b" />
      <TestMethod codeBase="C:\agent\_work\8\s\TestProjectWON\bin\Release\TestProjectWON.dll" adapterTypeName="executor://mstestadapter/v1" className="TestProjectWON.UnitTest1" name="TestMethod833" />
    </UnitTest>
    <UnitTest name="TestMethod81" storage="c:\agent\_work\8\s\testprojectwon\bin\release\testprojectwon.dll" id="155552b9-5772-8b68-2831-a815d3b75c3a">
      <Execution id="a3d48dc5-f335-47e1-9c0c-6954c7d7b0c6" />
      <TestMethod codeBase="C:\agent\_work\8\s\TestProjectWON\bin\Release\TestProjectWON.dll" adapterTypeName="executor://mstestadapter/v1" className="TestProjectWON.UnitTest1" name="TestMethod81" />
    </UnitTest>
    <UnitTest name="TestMethod825" storage="c:\agent\_work\8\s\testprojectwon\bin\release\testprojectwon.dll" id="2dc06b81-e052-35de-7b78-2a9d11dfefbb">
      <Execution id="fcbbbfa6-a969-4fa5-9463-2fc5608d095f" />
      <TestMethod codeBase="C:\agent\_work\8\s\TestProjectWON\bin\Release\TestProjectWON.dll" adapterTypeName="executor://mstestadapter/v1" className="TestProjectWON.UnitTest1" name="TestMethod825" />
    </UnitTest>
    <UnitTest name="TestMethod654" storage="c:\agent\_work\8\s\testprojectwon\bin\release\testprojectwon.dll" id="3766b0af-d418-58ea-edb7-c36f6905467d">
      <Execution id="830aa70a-fb81-4941-aa28-9550dff89e6b" />
      <TestMethod codeBase="C:\agent\_work\8\s\TestProjectWON\bin\Release\TestProjectWON.dll" adapterTypeName="executor://mstestadapter/v1" className="TestProjectWON.UnitTest1" name="TestMethod654" />
    </UnitTest>
    <UnitTest name="TestMethod763" storage="c:\agent\_work\8\s\testprojectwon\bin\release\testprojectwon.dll" id="bf7ccbbe-f328-31cd-c844-be9122247b91">
      <Execution id="82d5b326-7538-4eae-82ce-46d2b62c3a11" />
      <TestMethod codeBase="C:\agent\_work\8\s\TestProjectWON\bin\Release\TestProjectWON.dll" adapterTypeName="executor://mstestadapter/v1" className="TestProjectWON.UnitTest1" name="TestMethod763" />
    </UnitTest>
    <UnitTest name="TestMethod452" storage="c:\agent\_work\8\s\testprojectwon\bin\release\testprojectwon.dll" id="f485866e-6a88-dc9e-621c-61b0d8655cb6">
      <Execution id="24da4d75-6078-4a85-9470-490fae4df800" />
      <TestMethod codeBase="C:\agent\_work\8\s\TestProjectWON\bin\Release\TestProjectWON.dll" adapterTypeName="executor://mstestadapter/v1" className="TestProjectWON.UnitTest1" name="TestMethod452" />
    </UnitTest>
    <UnitTest name="TestMethod958" storage="c:\agent\_work\8\s\testprojectwon\bin\release\testprojectwon.dll" id="ecc5ab88-aabd-5a27-aa7c-5aba009bc1c4">
      <Execution id="9d6c6170-5f0a-4995-bfaf-cb07945a205b" />
      <TestMethod codeBase="C:\agent\_work\8\s\TestProjectWON\bin\Release\TestProjectWON.dll" adapterTypeName="executor://mstestadapter/v1" className="TestProjectWON.UnitTest1" name="TestMethod958" />
    </UnitTest>
    <UnitTest name="TestMethod195" storage="c:\agent\_work\8\s\testprojectwon\bin\release\testprojectwon.dll" id="32737ccc-f4e4-41f8-f0ad-055b27a15738">
      <Execution id="a61650dc-588d-4f58-8a27-59a020f7f9f3" />
      <TestMethod codeBase="C:\agent\_work\8\s\TestProjectWON\bin\Release\TestProjectWON.dll" adapterTypeName="executor://mstestadapter/v1" className="TestProjectWON.UnitTest1" name="TestMethod195" />
    </UnitTest>
    <UnitTest name="TestMethod82" storage="c:\agent\_work\8\s\testprojectwon\bin\release\testprojectwon.dll" id="e249913d-47c2-be7e-2b14-2792dd63a664">
      <Execution id="1b34c6ad-4037-412e-8429-e07412d3b42f" />
      <TestMethod codeBase="C:\agent\_work\8\s\TestProjectWON\bin\Release\TestProjectWON.dll" adapterTypeName="executor://mstestadapter/v1" className="TestProjectWON.UnitTest1" name="TestMethod82" />
    </UnitTest>
    <UnitTest name="TestMethod477" storage="c:\agent\_work\8\s\testprojectwon\bin\release\testprojectwon.dll" id="80748db1-67e4-d6d3-e73e-a765c8e724ef">
      <Execution id="6877d615-2889-4e87-910d-65fbe54729e0" />
      <TestMethod codeBase="C:\agent\_work\8\s\TestProjectWON\bin\Release\TestProjectWON.dll" adapterTypeName="executor://mstestadapter/v1" className="TestProjectWON.UnitTest1" name="TestMethod477" />
    </UnitTest>
    <UnitTest name="TestMethod336" storage="c:\agent\_work\8\s\testprojectwon\bin\release\testprojectwon.dll" id="27dc6f8c-4da0-f151-b126-de4458b3e832">
      <Execution id="a9732f23-3d2c-4696-b23a-319df9359ead" />
      <TestMethod codeBase="C:\agent\_work\8\s\TestProjectWON\bin\Release\TestProjectWON.dll" adapterTypeName="executor://mstestadapter/v1" className="TestProjectWON.UnitTest1" name="TestMethod336" />
    </UnitTest>
    <UnitTest name="TestMethod148" storage="c:\agent\_work\8\s\testprojectwon\bin\release\testprojectwon.dll" id="8f1def5e-a4a4-e376-87a5-e4d5d786fa42">
      <Execution id="b1463762-d46e-473f-a1cc-5ea3118a3d00" />
      <TestMethod codeBase="C:\agent\_work\8\s\TestProjectWON\bin\Release\TestProjectWON.dll" adapterTypeName="executor://mstestadapter/v1" className="TestProjectWON.UnitTest1" name="TestMethod148" />
    </UnitTest>
    <UnitTest name="TestMethod202" storage="c:\agent\_work\8\s\testprojectwon\bin\release\testprojectwon.dll" id="637db4e2-e241-6d89-dd53-261e830e69bf">
      <Execution id="5846bf8f-36e5-4c7c-91f6-cf717167eae6" />
      <TestMethod codeBase="C:\agent\_work\8\s\TestProjectWON\bin\Release\TestProjectWON.dll" adapterTypeName="executor://mstestadapter/v1" className="TestProjectWON.UnitTest1" name="TestMethod202" />
    </UnitTest>
    <UnitTest name="TestMethod779" storage="c:\agent\_work\8\s\testprojectwon\bin\release\testprojectwon.dll" id="4438e3ce-2809-702e-3732-90329641fb1d">
      <Execution id="6151d3ce-dfe5-41fb-b9b8-877ab82bad5c" />
      <TestMethod codeBase="C:\agent\_work\8\s\TestProjectWON\bin\Release\TestProjectWON.dll" adapterTypeName="executor://mstestadapter/v1" className="TestProjectWON.UnitTest1" name="TestMethod779" />
    </UnitTest>
    <UnitTest name="TestMethod366" storage="c:\agent\_work\8\s\testprojectwon\bin\release\testprojectwon.dll" id="c527a895-c38a-06f4-d0f7-7740f1d38d2f">
      <Execution id="fb9bf741-efc5-4218-b369-902d7b1a23fe" />
      <TestMethod codeBase="C:\agent\_work\8\s\TestProjectWON\bin\Release\TestProjectWON.dll" adapterTypeName="executor://mstestadapter/v1" className="TestProjectWON.UnitTest1" name="TestMethod366" />
    </UnitTest>
    <UnitTest name="TestMethod255" storage="c:\agent\_work\8\s\testprojectwon\bin\release\testprojectwon.dll" id="231e6c40-d8a6-0032-8786-9574d90f41c4">
      <Execution id="c7913cec-c2ac-49f1-97a2-117092a29d8b" />
      <TestMethod codeBase="C:\agent\_work\8\s\TestProjectWON\bin\Release\TestProjectWON.dll" adapterTypeName="executor://mstestadapter/v1" className="TestProjectWON.UnitTest1" name="TestMethod255" />
    </UnitTest>
    <UnitTest name="TestMethod114" storage="c:\agent\_work\8\s\testprojectwon\bin\release\testprojectwon.dll" id="dc0da883-7e82-e161-d8b6-abe7e6a478d5">
      <Execution id="373e2c87-4f9c-48e2-887b-7efee4694a7d" />
      <TestMethod codeBase="C:\agent\_work\8\s\TestProjectWON\bin\Release\TestProjectWON.dll" adapterTypeName="executor://mstestadapter/v1" className="TestProjectWON.UnitTest1" name="TestMethod114" />
    </UnitTest>
    <UnitTest name="TestMethod451" storage="c:\agent\_work\8\s\testprojectwon\bin\release\testprojectwon.dll" id="7de72423-66c4-6beb-01d4-46651e05c4a8">
      <Execution id="986b4f28-e2e6-4eac-a742-3babc1ff7463" />
      <TestMethod codeBase="C:\agent\_work\8\s\TestProjectWON\bin\Release\TestProjectWON.dll" adapterTypeName="executor://mstestadapter/v1" className="TestProjectWON.UnitTest1" name="TestMethod451" />
    </UnitTest>
    <UnitTest name="TestMethod772" storage="c:\agent\_work\8\s\testprojectwon\bin\release\testprojectwon.dll" id="b977fc41-b4ac-565d-05eb-df8931454140">
      <Execution id="c4f8f7af-d7e7-4a0b-b299-1e4433e89c0c" />
      <TestMethod codeBase="C:\agent\_work\8\s\TestProjectWON\bin\Release\TestProjectWON.dll" adapterTypeName="executor://mstestadapter/v1" className="TestProjectWON.UnitTest1" name="TestMethod772" />
    </UnitTest>
    <UnitTest name="TestMethod808" storage="c:\agent\_work\8\s\testprojectwon\bin\release\testprojectwon.dll" id="f97c6d21-26d6-01c9-c3af-ff29d0c83a7c">
      <Execution id="01d41402-429f-4602-9ba7-f49e549da120" />
      <TestMethod codeBase="C:\agent\_work\8\s\TestProjectWON\bin\Release\TestProjectWON.dll" adapterTypeName="executor://mstestadapter/v1" className="TestProjectWON.UnitTest1" name="TestMethod808" />
    </UnitTest>
    <UnitTest name="TestMethod521" storage="c:\agent\_work\8\s\testprojectwon\bin\release\testprojectwon.dll" id="20dbd912-096c-3aa3-617e-1c1d4a8a8c21">
      <Execution id="5f621cc1-c0b7-4139-93b8-1627ad051d44" />
      <TestMethod codeBase="C:\agent\_work\8\s\TestProjectWON\bin\Release\TestProjectWON.dll" adapterTypeName="executor://mstestadapter/v1" className="TestProjectWON.UnitTest1" name="TestMethod521" />
    </UnitTest>
    <UnitTest name="TestMethod891" storage="c:\agent\_work\8\s\testprojectwon\bin\release\testprojectwon.dll" id="e4f6934a-616c-8376-308f-cb98c04d2173">
      <Execution id="aedfcc5b-7a59-47d7-9df9-b85a621e503c" />
      <TestMethod codeBase="C:\agent\_work\8\s\TestProjectWON\bin\Release\TestProjectWON.dll" adapterTypeName="executor://mstestadapter/v1" className="TestProjectWON.UnitTest1" name="TestMethod891" />
    </UnitTest>
    <UnitTest name="TestMethod385" storage="c:\agent\_work\8\s\testprojectwon\bin\release\testprojectwon.dll" id="95f37e0d-4421-eb92-84f4-747fa8803b39">
      <Execution id="6e9c03a3-7022-4ee0-991b-d11f1a358a39" />
      <TestMethod codeBase="C:\agent\_work\8\s\TestProjectWON\bin\Release\TestProjectWON.dll" adapterTypeName="executor://mstestadapter/v1" className="TestProjectWON.UnitTest1" name="TestMethod385" />
    </UnitTest>
    <UnitTest name="TestMethod302" storage="c:\agent\_work\8\s\testprojectwon\bin\release\testprojectwon.dll" id="53f00e7e-5daf-0ecf-1e6d-c37e1f06c8d1">
      <Execution id="20454ca1-73e3-4615-bb50-e8b1d652e5a6" />
      <TestMethod codeBase="C:\agent\_work\8\s\TestProjectWON\bin\Release\TestProjectWON.dll" adapterTypeName="executor://mstestadapter/v1" className="TestProjectWON.UnitTest1" name="TestMethod302" />
    </UnitTest>
    <UnitTest name="TestMethod287" storage="c:\agent\_work\8\s\testprojectwon\bin\release\testprojectwon.dll" id="f61eb171-50da-2a2b-ca13-d4ed9077274d">
      <Execution id="f0a56e5d-4714-49ba-b0e6-28bffad74ec3" />
      <TestMethod codeBase="C:\agent\_work\8\s\TestProjectWON\bin\Release\TestProjectWON.dll" adapterTypeName="executor://mstestadapter/v1" className="TestProjectWON.UnitTest1" name="TestMethod287" />
    </UnitTest>
    <UnitTest name="TestMethod912" storage="c:\agent\_work\8\s\testprojectwon\bin\release\testprojectwon.dll" id="7273a8f8-ae7d-f089-f04f-8d5bffcd4468">
      <Execution id="860f8978-2dcd-42a2-8278-da44e203d8c3" />
      <TestMethod codeBase="C:\agent\_work\8\s\TestProjectWON\bin\Release\TestProjectWON.dll" adapterTypeName="executor://mstestadapter/v1" className="TestProjectWON.UnitTest1" name="TestMethod912" />
    </UnitTest>
    <UnitTest name="TestMethod257" storage="c:\agent\_work\8\s\testprojectwon\bin\release\testprojectwon.dll" id="2b6f2ebc-a57d-6c17-6e3f-0e6f6548ac39">
      <Execution id="0d786a5c-31c1-41c9-98ff-4ae1a0f41350" />
      <TestMethod codeBase="C:\agent\_work\8\s\TestProjectWON\bin\Release\TestProjectWON.dll" adapterTypeName="executor://mstestadapter/v1" className="TestProjectWON.UnitTest1" name="TestMethod257" />
    </UnitTest>
    <UnitTest name="TestMethod362" storage="c:\agent\_work\8\s\testprojectwon\bin\release\testprojectwon.dll" id="78a8cc29-26f6-c993-28b7-e5903c768ba1">
      <Execution id="4661b344-648c-4065-a000-6083e70692da" />
      <TestMethod codeBase="C:\agent\_work\8\s\TestProjectWON\bin\Release\TestProjectWON.dll" adapterTypeName="executor://mstestadapter/v1" className="TestProjectWON.UnitTest1" name="TestMethod362" />
    </UnitTest>
    <UnitTest name="TestMethod626" storage="c:\agent\_work\8\s\testprojectwon\bin\release\testprojectwon.dll" id="e1592505-173a-ef4b-1184-51d39636ab38">
      <Execution id="54aa8d78-5e97-49c6-878b-56926a84c4a2" />
      <TestMethod codeBase="C:\agent\_work\8\s\TestProjectWON\bin\Release\TestProjectWON.dll" adapterTypeName="executor://mstestadapter/v1" className="TestProjectWON.UnitTest1" name="TestMethod626" />
    </UnitTest>
    <UnitTest name="TestMethod187" storage="c:\agent\_work\8\s\testprojectwon\bin\release\testprojectwon.dll" id="e8e42826-2f99-5e69-1f94-95f6d6d1ba75">
      <Execution id="804608b4-16e7-4ce7-a0ec-fdfa674352c8" />
      <TestMethod codeBase="C:\agent\_work\8\s\TestProjectWON\bin\Release\TestProjectWON.dll" adapterTypeName="executor://mstestadapter/v1" className="TestProjectWON.UnitTest1" name="TestMethod187" />
    </UnitTest>
    <UnitTest name="TestMethod133" storage="c:\agent\_work\8\s\testprojectwon\bin\release\testprojectwon.dll" id="6bbc80a2-1796-4399-6504-9745b3748d34">
      <Execution id="7c470e05-0516-4b09-ba3c-ad4aa45e458e" />
      <TestMethod codeBase="C:\agent\_work\8\s\TestProjectWON\bin\Release\TestProjectWON.dll" adapterTypeName="executor://mstestadapter/v1" className="TestProjectWON.UnitTest1" name="TestMethod133" />
    </UnitTest>
    <UnitTest name="TestMethod715" storage="c:\agent\_work\8\s\testprojectwon\bin\release\testprojectwon.dll" id="7d16c53f-5b8c-20c1-78c0-f6a7c53570e6">
      <Execution id="fea7872f-88d1-4582-a88c-42904a61d830" />
      <TestMethod codeBase="C:\agent\_work\8\s\TestProjectWON\bin\Release\TestProjectWON.dll" adapterTypeName="executor://mstestadapter/v1" className="TestProjectWON.UnitTest1" name="TestMethod715" />
    </UnitTest>
    <UnitTest name="TestMethod149" storage="c:\agent\_work\8\s\testprojectwon\bin\release\testprojectwon.dll" id="72423354-0b9d-0d26-a60b-7603415e70ad">
      <Execution id="35ed9f78-5124-4c3c-be56-5b7e429f60b0" />
      <TestMethod codeBase="C:\agent\_work\8\s\TestProjectWON\bin\Release\TestProjectWON.dll" adapterTypeName="executor://mstestadapter/v1" className="TestProjectWON.UnitTest1" name="TestMethod149" />
    </UnitTest>
    <UnitTest name="TestMethod685" storage="c:\agent\_work\8\s\testprojectwon\bin\release\testprojectwon.dll" id="f9522e77-b6e5-3bb0-d676-365ce0f42f8d">
      <Execution id="ef260b9f-4098-4826-a56d-21a20c02098c" />
      <TestMethod codeBase="C:\agent\_work\8\s\TestProjectWON\bin\Release\TestProjectWON.dll" adapterTypeName="executor://mstestadapter/v1" className="TestProjectWON.UnitTest1" name="TestMethod685" />
    </UnitTest>
    <UnitTest name="TestMethod152" storage="c:\agent\_work\8\s\testprojectwon\bin\release\testprojectwon.dll" id="0df604f8-9784-e4da-498a-84a4eb47996a">
      <Execution id="0cbd1999-0346-4f8b-b8f3-a224cf0b5649" />
      <TestMethod codeBase="C:\agent\_work\8\s\TestProjectWON\bin\Release\TestProjectWON.dll" adapterTypeName="executor://mstestadapter/v1" className="TestProjectWON.UnitTest1" name="TestMethod152" />
    </UnitTest>
    <UnitTest name="TestMethod290" storage="c:\agent\_work\8\s\testprojectwon\bin\release\testprojectwon.dll" id="c93bd454-d74b-02ca-ae31-df229661a403">
      <Execution id="432878df-6ddc-4219-95d2-93fd9efe326f" />
      <TestMethod codeBase="C:\agent\_work\8\s\TestProjectWON\bin\Release\TestProjectWON.dll" adapterTypeName="executor://mstestadapter/v1" className="TestProjectWON.UnitTest1" name="TestMethod290" />
    </UnitTest>
    <UnitTest name="TestMethod445" storage="c:\agent\_work\8\s\testprojectwon\bin\release\testprojectwon.dll" id="600517d1-a9dd-2a42-f0af-661cba3da3ca">
      <Execution id="730e581f-a1d3-4eb4-9ed5-e2c3a4a4518a" />
      <TestMethod codeBase="C:\agent\_work\8\s\TestProjectWON\bin\Release\TestProjectWON.dll" adapterTypeName="executor://mstestadapter/v1" className="TestProjectWON.UnitTest1" name="TestMethod445" />
    </UnitTest>
    <UnitTest name="TestMethod260" storage="c:\agent\_work\8\s\testprojectwon\bin\release\testprojectwon.dll" id="edfa3e65-6a70-231c-e123-01e80ac96733">
      <Execution id="fb2b26b6-60ef-4aff-bf8b-0d8e1794f1e8" />
      <TestMethod codeBase="C:\agent\_work\8\s\TestProjectWON\bin\Release\TestProjectWON.dll" adapterTypeName="executor://mstestadapter/v1" className="TestProjectWON.UnitTest1" name="TestMethod260" />
    </UnitTest>
    <UnitTest name="TestMethod774" storage="c:\agent\_work\8\s\testprojectwon\bin\release\testprojectwon.dll" id="5e6f7ffb-bfeb-e6b6-109d-621339e7fecc">
      <Execution id="c097a7ca-e092-448e-bb0c-617769e79aab" />
      <TestMethod codeBase="C:\agent\_work\8\s\TestProjectWON\bin\Release\TestProjectWON.dll" adapterTypeName="executor://mstestadapter/v1" className="TestProjectWON.UnitTest1" name="TestMethod774" />
    </UnitTest>
    <UnitTest name="TestMethod889" storage="c:\agent\_work\8\s\testprojectwon\bin\release\testprojectwon.dll" id="dde0bf41-16b3-f578-8d34-e6dc09cb1db1">
      <Execution id="1f5f7778-8ff7-4877-8611-24c365da1af9" />
      <TestMethod codeBase="C:\agent\_work\8\s\TestProjectWON\bin\Release\TestProjectWON.dll" adapterTypeName="executor://mstestadapter/v1" className="TestProjectWON.UnitTest1" name="TestMethod889" />
    </UnitTest>
    <UnitTest name="TestMethod334" storage="c:\agent\_work\8\s\testprojectwon\bin\release\testprojectwon.dll" id="bd8b30b1-af16-1667-db26-45b27d69c724">
      <Execution id="e2923ea5-9117-4721-954c-14c2d2236e25" />
      <TestMethod codeBase="C:\agent\_work\8\s\TestProjectWON\bin\Release\TestProjectWON.dll" adapterTypeName="executor://mstestadapter/v1" className="TestProjectWON.UnitTest1" name="TestMethod334" />
    </UnitTest>
    <UnitTest name="TestMethod305" storage="c:\agent\_work\8\s\testprojectwon\bin\release\testprojectwon.dll" id="3870fe70-e481-71d1-9c6b-e2b124a39ef8">
      <Execution id="cea98f6b-4ef4-4c06-9afa-d39a64adee9f" />
      <TestMethod codeBase="C:\agent\_work\8\s\TestProjectWON\bin\Release\TestProjectWON.dll" adapterTypeName="executor://mstestadapter/v1" className="TestProjectWON.UnitTest1" name="TestMethod305" />
    </UnitTest>
    <UnitTest name="TestMethod873" storage="c:\agent\_work\8\s\testprojectwon\bin\release\testprojectwon.dll" id="18f6f241-7657-bccd-6e57-dada82478948">
      <Execution id="e86ab5ca-4083-4fc5-a938-39700b94abe0" />
      <TestMethod codeBase="C:\agent\_work\8\s\TestProjectWON\bin\Release\TestProjectWON.dll" adapterTypeName="executor://mstestadapter/v1" className="TestProjectWON.UnitTest1" name="TestMethod873" />
    </UnitTest>
    <UnitTest name="TestMethod79" storage="c:\agent\_work\8\s\testprojectwon\bin\release\testprojectwon.dll" id="e97704e8-316b-dc32-95b9-968584ac4f6d">
      <Execution id="0774429d-a561-45c8-9916-fe7cd58bbff0" />
      <TestMethod codeBase="C:\agent\_work\8\s\TestProjectWON\bin\Release\TestProjectWON.dll" adapterTypeName="executor://mstestadapter/v1" className="TestProjectWON.UnitTest1" name="TestMethod79" />
    </UnitTest>
    <UnitTest name="TestMethod122" storage="c:\agent\_work\8\s\testprojectwon\bin\release\testprojectwon.dll" id="7d45ab22-8f9a-9fe2-5c1c-75f823bb7a99">
      <Execution id="937f0736-bd76-4455-9339-1eb46bf2163b" />
      <TestMethod codeBase="C:\agent\_work\8\s\TestProjectWON\bin\Release\TestProjectWON.dll" adapterTypeName="executor://mstestadapter/v1" className="TestProjectWON.UnitTest1" name="TestMethod122" />
    </UnitTest>
    <UnitTest name="TestMethod291" storage="c:\agent\_work\8\s\testprojectwon\bin\release\testprojectwon.dll" id="a1c7d30f-45fb-a8e2-c715-87d5532a8b7a">
      <Execution id="28457f9a-bc3c-443e-8112-62ae1da926ef" />
      <TestMethod codeBase="C:\agent\_work\8\s\TestProjectWON\bin\Release\TestProjectWON.dll" adapterTypeName="executor://mstestadapter/v1" className="TestProjectWON.UnitTest1" name="TestMethod291" />
    </UnitTest>
    <UnitTest name="TestMethod350" storage="c:\agent\_work\8\s\testprojectwon\bin\release\testprojectwon.dll" id="3b8e6c08-50b1-29ab-a284-f4c5f19ab0fe">
      <Execution id="9e4dc96d-f513-4dd6-b585-42220215cd73" />
      <TestMethod codeBase="C:\agent\_work\8\s\TestProjectWON\bin\Release\TestProjectWON.dll" adapterTypeName="executor://mstestadapter/v1" className="TestProjectWON.UnitTest1" name="TestMethod350" />
    </UnitTest>
    <UnitTest name="TestMethod117" storage="c:\agent\_work\8\s\testprojectwon\bin\release\testprojectwon.dll" id="fa6e016c-cf40-5d29-14b8-73af84d227df">
      <Execution id="941ae3f0-dcc6-4063-ab1a-6bd9942d913a" />
      <TestMethod codeBase="C:\agent\_work\8\s\TestProjectWON\bin\Release\TestProjectWON.dll" adapterTypeName="executor://mstestadapter/v1" className="TestProjectWON.UnitTest1" name="TestMethod117" />
    </UnitTest>
    <UnitTest name="TestMethod798" storage="c:\agent\_work\8\s\testprojectwon\bin\release\testprojectwon.dll" id="16ef2190-1f73-491e-22c1-38b1f96709f9">
      <Execution id="cac19e4f-3455-4126-9b2b-186a40c17edf" />
      <TestMethod codeBase="C:\agent\_work\8\s\TestProjectWON\bin\Release\TestProjectWON.dll" adapterTypeName="executor://mstestadapter/v1" className="TestProjectWON.UnitTest1" name="TestMethod798" />
    </UnitTest>
    <UnitTest name="TestMethod617" storage="c:\agent\_work\8\s\testprojectwon\bin\release\testprojectwon.dll" id="eda66d95-ea35-0c5d-4812-89fb9f2ff5c3">
      <Execution id="834bc681-668e-40be-9ddb-edbf81cd4d59" />
      <TestMethod codeBase="C:\agent\_work\8\s\TestProjectWON\bin\Release\TestProjectWON.dll" adapterTypeName="executor://mstestadapter/v1" className="TestProjectWON.UnitTest1" name="TestMethod617" />
    </UnitTest>
    <UnitTest name="TestMethod621" storage="c:\agent\_work\8\s\testprojectwon\bin\release\testprojectwon.dll" id="192507d1-36fc-2d25-dfc9-20d90b86b959">
      <Execution id="35de4404-b08c-4e5c-b51b-6f96e8a939d8" />
      <TestMethod codeBase="C:\agent\_work\8\s\TestProjectWON\bin\Release\TestProjectWON.dll" adapterTypeName="executor://mstestadapter/v1" className="TestProjectWON.UnitTest1" name="TestMethod621" />
    </UnitTest>
    <UnitTest name="TestMethod391" storage="c:\agent\_work\8\s\testprojectwon\bin\release\testprojectwon.dll" id="da7a0998-e8c8-4a1d-4761-b03db06ddcc1">
      <Execution id="6789d499-d490-49cc-938a-2d02dc5419e3" />
      <TestMethod codeBase="C:\agent\_work\8\s\TestProjectWON\bin\Release\TestProjectWON.dll" adapterTypeName="executor://mstestadapter/v1" className="TestProjectWON.UnitTest1" name="TestMethod391" />
    </UnitTest>
    <UnitTest name="TestMethod323" storage="c:\agent\_work\8\s\testprojectwon\bin\release\testprojectwon.dll" id="c2bee61d-b377-0307-6ae6-213cbe906e4c">
      <Execution id="8b04852e-3811-475c-9761-2a3302ad31e7" />
      <TestMethod codeBase="C:\agent\_work\8\s\TestProjectWON\bin\Release\TestProjectWON.dll" adapterTypeName="executor://mstestadapter/v1" className="TestProjectWON.UnitTest1" name="TestMethod323" />
    </UnitTest>
    <UnitTest name="TestMethod643" storage="c:\agent\_work\8\s\testprojectwon\bin\release\testprojectwon.dll" id="82766488-ceed-2ffd-be5d-61b1a33ab411">
      <Execution id="ad9dd8b4-a6d4-45e7-98c5-e408908f57db" />
      <TestMethod codeBase="C:\agent\_work\8\s\TestProjectWON\bin\Release\TestProjectWON.dll" adapterTypeName="executor://mstestadapter/v1" className="TestProjectWON.UnitTest1" name="TestMethod643" />
    </UnitTest>
    <UnitTest name="TestMethod283" storage="c:\agent\_work\8\s\testprojectwon\bin\release\testprojectwon.dll" id="2e0816b3-3437-425e-6271-4231472fe7bb">
      <Execution id="5a11ec04-521e-4303-a097-1db547587f5a" />
      <TestMethod codeBase="C:\agent\_work\8\s\TestProjectWON\bin\Release\TestProjectWON.dll" adapterTypeName="executor://mstestadapter/v1" className="TestProjectWON.UnitTest1" name="TestMethod283" />
    </UnitTest>
    <UnitTest name="TestMethod377" storage="c:\agent\_work\8\s\testprojectwon\bin\release\testprojectwon.dll" id="31e79aa8-bd1c-29aa-7f6a-8ecee2b21c3f">
      <Execution id="243da6d3-e994-4c8f-a8c3-ecf704139607" />
      <TestMethod codeBase="C:\agent\_work\8\s\TestProjectWON\bin\Release\TestProjectWON.dll" adapterTypeName="executor://mstestadapter/v1" className="TestProjectWON.UnitTest1" name="TestMethod377" />
    </UnitTest>
    <UnitTest name="TestMethod608" storage="c:\agent\_work\8\s\testprojectwon\bin\release\testprojectwon.dll" id="7f2360c8-7445-efe2-6251-3fd1831acb36">
      <Execution id="bc7da22d-5b2b-4cf5-9ae3-dbab1263b827" />
      <TestMethod codeBase="C:\agent\_work\8\s\TestProjectWON\bin\Release\TestProjectWON.dll" adapterTypeName="executor://mstestadapter/v1" className="TestProjectWON.UnitTest1" name="TestMethod608" />
    </UnitTest>
    <UnitTest name="TestMethod40" storage="c:\agent\_work\8\s\testprojectwon\bin\release\testprojectwon.dll" id="3ca63579-0414-d233-80c1-d10a429ffe4f">
      <Execution id="3de8981d-dc20-4ef6-900a-62106a53f44c" />
      <TestMethod codeBase="C:\agent\_work\8\s\TestProjectWON\bin\Release\TestProjectWON.dll" adapterTypeName="executor://mstestadapter/v1" className="TestProjectWON.UnitTest1" name="TestMethod40" />
    </UnitTest>
    <UnitTest name="TestMethod773" storage="c:\agent\_work\8\s\testprojectwon\bin\release\testprojectwon.dll" id="ffeeef0e-b0a6-42bd-7a58-730f2d9a6641">
      <Execution id="d9110e1e-4a30-4ecf-86b8-bc81b23aa53f" />
      <TestMethod codeBase="C:\agent\_work\8\s\TestProjectWON\bin\Release\TestProjectWON.dll" adapterTypeName="executor://mstestadapter/v1" className="TestProjectWON.UnitTest1" name="TestMethod773" />
    </UnitTest>
    <UnitTest name="TestMethod999" storage="c:\agent\_work\8\s\testprojectwon\bin\release\testprojectwon.dll" id="11810c10-a617-734a-a236-450ae05ae36b">
      <Execution id="8c7612a9-fcf5-4fd9-b685-8c40df21e6fe" />
      <TestMethod codeBase="C:\agent\_work\8\s\TestProjectWON\bin\Release\TestProjectWON.dll" adapterTypeName="executor://mstestadapter/v1" className="TestProjectWON.UnitTest1" name="TestMethod999" />
    </UnitTest>
    <UnitTest name="TestMethod595" storage="c:\agent\_work\8\s\testprojectwon\bin\release\testprojectwon.dll" id="68ef7666-6082-b0c0-c4a5-34ac3dd8a4bf">
      <Execution id="62394d2f-c1bd-4751-ab50-fb724b5f85e2" />
      <TestMethod codeBase="C:\agent\_work\8\s\TestProjectWON\bin\Release\TestProjectWON.dll" adapterTypeName="executor://mstestadapter/v1" className="TestProjectWON.UnitTest1" name="TestMethod595" />
    </UnitTest>
    <UnitTest name="TestMethod236" storage="c:\agent\_work\8\s\testprojectwon\bin\release\testprojectwon.dll" id="53fee51d-4781-0684-0a02-aa461058c8b7">
      <Execution id="5e53bf63-c4dd-4b50-9e9e-c964682cfc1f" />
      <TestMethod codeBase="C:\agent\_work\8\s\TestProjectWON\bin\Release\TestProjectWON.dll" adapterTypeName="executor://mstestadapter/v1" className="TestProjectWON.UnitTest1" name="TestMethod236" />
    </UnitTest>
    <UnitTest name="TestMethod440" storage="c:\agent\_work\8\s\testprojectwon\bin\release\testprojectwon.dll" id="2c2a79ca-ceae-8884-25a5-a7c107220ca4">
      <Execution id="0d1aa49b-cf07-465d-af52-dee8e45f8ec0" />
      <TestMethod codeBase="C:\agent\_work\8\s\TestProjectWON\bin\Release\TestProjectWON.dll" adapterTypeName="executor://mstestadapter/v1" className="TestProjectWON.UnitTest1" name="TestMethod440" />
    </UnitTest>
    <UnitTest name="TestMethod221" storage="c:\agent\_work\8\s\testprojectwon\bin\release\testprojectwon.dll" id="acab3fdb-e5a1-aabf-b107-48cabfd23740">
      <Execution id="d7035745-8ac3-4b09-9fe4-fca06cc565f9" />
      <TestMethod codeBase="C:\agent\_work\8\s\TestProjectWON\bin\Release\TestProjectWON.dll" adapterTypeName="executor://mstestadapter/v1" className="TestProjectWON.UnitTest1" name="TestMethod221" />
    </UnitTest>
    <UnitTest name="TestMethod788" storage="c:\agent\_work\8\s\testprojectwon\bin\release\testprojectwon.dll" id="f3d51917-28d8-1b5d-1bf7-f46cd9790b61">
      <Execution id="39ae1cb9-76df-4f53-be36-24e9fc5bd3ab" />
      <TestMethod codeBase="C:\agent\_work\8\s\TestProjectWON\bin\Release\TestProjectWON.dll" adapterTypeName="executor://mstestadapter/v1" className="TestProjectWON.UnitTest1" name="TestMethod788" />
    </UnitTest>
    <UnitTest name="TestMethod582" storage="c:\agent\_work\8\s\testprojectwon\bin\release\testprojectwon.dll" id="920a4805-aaea-bdb5-e41c-a524ec5a5f7d">
      <Execution id="9f763ba4-307d-4196-9942-e92ecd8dac6a" />
      <TestMethod codeBase="C:\agent\_work\8\s\TestProjectWON\bin\Release\TestProjectWON.dll" adapterTypeName="executor://mstestadapter/v1" className="TestProjectWON.UnitTest1" name="TestMethod582" />
    </UnitTest>
    <UnitTest name="TestMethod375" storage="c:\agent\_work\8\s\testprojectwon\bin\release\testprojectwon.dll" id="04af69a6-c87c-9eab-a9d2-e2c9f7840271">
      <Execution id="81e8cb79-2dcc-47ad-bb64-4478980f762c" />
      <TestMethod codeBase="C:\agent\_work\8\s\TestProjectWON\bin\Release\TestProjectWON.dll" adapterTypeName="executor://mstestadapter/v1" className="TestProjectWON.UnitTest1" name="TestMethod375" />
    </UnitTest>
    <UnitTest name="TestMethod36" storage="c:\agent\_work\8\s\testprojectwon\bin\release\testprojectwon.dll" id="239e426c-c635-a194-ac22-57376b0f78c1">
      <Execution id="692384fc-0190-4a80-b872-0f35b7a6b446" />
      <TestMethod codeBase="C:\agent\_work\8\s\TestProjectWON\bin\Release\TestProjectWON.dll" adapterTypeName="executor://mstestadapter/v1" className="TestProjectWON.UnitTest1" name="TestMethod36" />
    </UnitTest>
    <UnitTest name="TestMethod639" storage="c:\agent\_work\8\s\testprojectwon\bin\release\testprojectwon.dll" id="c4ad9168-0942-2fe7-58ae-fb96cd8c24e3">
      <Execution id="f3e43c20-56a4-40f1-b53e-a37c0187923b" />
      <TestMethod codeBase="C:\agent\_work\8\s\TestProjectWON\bin\Release\TestProjectWON.dll" adapterTypeName="executor://mstestadapter/v1" className="TestProjectWON.UnitTest1" name="TestMethod639" />
    </UnitTest>
    <UnitTest name="TestMethod598" storage="c:\agent\_work\8\s\testprojectwon\bin\release\testprojectwon.dll" id="01e4aeae-5168-c485-be5d-213c14f12253">
      <Execution id="e74fe196-eca2-4def-813e-ae067f2da2e2" />
      <TestMethod codeBase="C:\agent\_work\8\s\TestProjectWON\bin\Release\TestProjectWON.dll" adapterTypeName="executor://mstestadapter/v1" className="TestProjectWON.UnitTest1" name="TestMethod598" />
    </UnitTest>
    <UnitTest name="TestMethod450" storage="c:\agent\_work\8\s\testprojectwon\bin\release\testprojectwon.dll" id="f6e97cfb-e78c-702e-7716-a8cb30f049ad">
      <Execution id="d3e31a11-1716-44b7-960d-ef71ec2db3ac" />
      <TestMethod codeBase="C:\agent\_work\8\s\TestProjectWON\bin\Release\TestProjectWON.dll" adapterTypeName="executor://mstestadapter/v1" className="TestProjectWON.UnitTest1" name="TestMethod450" />
    </UnitTest>
    <UnitTest name="TestMethod281" storage="c:\agent\_work\8\s\testprojectwon\bin\release\testprojectwon.dll" id="a259927e-dc45-deab-9897-7bed773cf3df">
      <Execution id="da77c3cc-ee8a-454f-9422-cfa5997d7be4" />
      <TestMethod codeBase="C:\agent\_work\8\s\TestProjectWON\bin\Release\TestProjectWON.dll" adapterTypeName="executor://mstestadapter/v1" className="TestProjectWON.UnitTest1" name="TestMethod281" />
    </UnitTest>
    <UnitTest name="TestMethod61" storage="c:\agent\_work\8\s\testprojectwon\bin\release\testprojectwon.dll" id="315e9158-8e73-0db5-6e9f-934f52aa4308">
      <Execution id="1f4b9b2b-d79a-454c-ac68-1b7ac2adb5fb" />
      <TestMethod codeBase="C:\agent\_work\8\s\TestProjectWON\bin\Release\TestProjectWON.dll" adapterTypeName="executor://mstestadapter/v1" className="TestProjectWON.UnitTest1" name="TestMethod61" />
    </UnitTest>
    <UnitTest name="TestMethod253" storage="c:\agent\_work\8\s\testprojectwon\bin\release\testprojectwon.dll" id="b455aebb-373b-8895-d2db-ca3faffe0264">
      <Execution id="e187d984-6962-4303-aecf-b61433439e80" />
      <TestMethod codeBase="C:\agent\_work\8\s\TestProjectWON\bin\Release\TestProjectWON.dll" adapterTypeName="executor://mstestadapter/v1" className="TestProjectWON.UnitTest1" name="TestMethod253" />
    </UnitTest>
    <UnitTest name="TestMethod258" storage="c:\agent\_work\8\s\testprojectwon\bin\release\testprojectwon.dll" id="aa3e2e38-c3b0-99ea-8d54-db64851f9e11">
      <Execution id="0e4a38e8-2a08-400a-897f-8e30552b31a0" />
      <TestMethod codeBase="C:\agent\_work\8\s\TestProjectWON\bin\Release\TestProjectWON.dll" adapterTypeName="executor://mstestadapter/v1" className="TestProjectWON.UnitTest1" name="TestMethod258" />
    </UnitTest>
    <UnitTest name="TestMethod650" storage="c:\agent\_work\8\s\testprojectwon\bin\release\testprojectwon.dll" id="2dee95e4-fb7b-7b96-b8f1-0255a3e3ab1d">
      <Execution id="3ca152aa-9ad3-4932-a4f6-6dea7e581a16" />
      <TestMethod codeBase="C:\agent\_work\8\s\TestProjectWON\bin\Release\TestProjectWON.dll" adapterTypeName="executor://mstestadapter/v1" className="TestProjectWON.UnitTest1" name="TestMethod650" />
    </UnitTest>
    <UnitTest name="TestMethod807" storage="c:\agent\_work\8\s\testprojectwon\bin\release\testprojectwon.dll" id="771eb33e-93e6-e91b-ad0b-f89d4502a877">
      <Execution id="930c72cb-42aa-46c3-b379-468d30451725" />
      <TestMethod codeBase="C:\agent\_work\8\s\TestProjectWON\bin\Release\TestProjectWON.dll" adapterTypeName="executor://mstestadapter/v1" className="TestProjectWON.UnitTest1" name="TestMethod807" />
    </UnitTest>
    <UnitTest name="TestMethod178" storage="c:\agent\_work\8\s\testprojectwon\bin\release\testprojectwon.dll" id="f99fdd13-2f14-bc0a-6de7-6269e5662a8b">
      <Execution id="06ca44e3-a0fe-4160-a797-84cca660a06c" />
      <TestMethod codeBase="C:\agent\_work\8\s\TestProjectWON\bin\Release\TestProjectWON.dll" adapterTypeName="executor://mstestadapter/v1" className="TestProjectWON.UnitTest1" name="TestMethod178" />
    </UnitTest>
    <UnitTest name="TestMethod252" storage="c:\agent\_work\8\s\testprojectwon\bin\release\testprojectwon.dll" id="2cd9f07f-f4db-3ea8-64da-80736ac176c2">
      <Execution id="ded2b792-af4c-4c49-80bb-b3d8da6cf46f" />
      <TestMethod codeBase="C:\agent\_work\8\s\TestProjectWON\bin\Release\TestProjectWON.dll" adapterTypeName="executor://mstestadapter/v1" className="TestProjectWON.UnitTest1" name="TestMethod252" />
    </UnitTest>
    <UnitTest name="TestMethod745" storage="c:\agent\_work\8\s\testprojectwon\bin\release\testprojectwon.dll" id="fe0075bd-0bd2-048b-470a-7c6feb3f4475">
      <Execution id="e117b5db-9c1e-4f51-9823-5b1c579acbe4" />
      <TestMethod codeBase="C:\agent\_work\8\s\TestProjectWON\bin\Release\TestProjectWON.dll" adapterTypeName="executor://mstestadapter/v1" className="TestProjectWON.UnitTest1" name="TestMethod745" />
    </UnitTest>
    <UnitTest name="TestMethod874" storage="c:\agent\_work\8\s\testprojectwon\bin\release\testprojectwon.dll" id="99810a87-796c-4865-d728-3fe7ca04a062">
      <Execution id="81b43531-4873-4ef1-b498-0f4ae1bfe198" />
      <TestMethod codeBase="C:\agent\_work\8\s\TestProjectWON\bin\Release\TestProjectWON.dll" adapterTypeName="executor://mstestadapter/v1" className="TestProjectWON.UnitTest1" name="TestMethod874" />
    </UnitTest>
    <UnitTest name="TestMethod172" storage="c:\agent\_work\8\s\testprojectwon\bin\release\testprojectwon.dll" id="4a234cdc-1e2b-9b77-4204-04cd8ac76447">
      <Execution id="17750615-f601-4c4f-aecd-1ff08e644428" />
      <TestMethod codeBase="C:\agent\_work\8\s\TestProjectWON\bin\Release\TestProjectWON.dll" adapterTypeName="executor://mstestadapter/v1" className="TestProjectWON.UnitTest1" name="TestMethod172" />
    </UnitTest>
    <UnitTest name="TestMethod641" storage="c:\agent\_work\8\s\testprojectwon\bin\release\testprojectwon.dll" id="12b17b7e-341f-b93e-6db1-d2ed9a5134c7">
      <Execution id="2299552c-4027-4c60-a926-45c380bf70e3" />
      <TestMethod codeBase="C:\agent\_work\8\s\TestProjectWON\bin\Release\TestProjectWON.dll" adapterTypeName="executor://mstestadapter/v1" className="TestProjectWON.UnitTest1" name="TestMethod641" />
    </UnitTest>
    <UnitTest name="TestMethod34" storage="c:\agent\_work\8\s\testprojectwon\bin\release\testprojectwon.dll" id="54f7231c-4046-ddec-efc0-d026fa970b98">
      <Execution id="0bacf1c4-083e-4b00-8f00-5db02bcbe4e7" />
      <TestMethod codeBase="C:\agent\_work\8\s\TestProjectWON\bin\Release\TestProjectWON.dll" adapterTypeName="executor://mstestadapter/v1" className="TestProjectWON.UnitTest1" name="TestMethod34" />
    </UnitTest>
    <UnitTest name="TestMethod313" storage="c:\agent\_work\8\s\testprojectwon\bin\release\testprojectwon.dll" id="f027542b-7237-5cf5-165d-6233bb3872c5">
      <Execution id="bcad3065-bc62-4c73-98f1-c258ceb36542" />
      <TestMethod codeBase="C:\agent\_work\8\s\TestProjectWON\bin\Release\TestProjectWON.dll" adapterTypeName="executor://mstestadapter/v1" className="TestProjectWON.UnitTest1" name="TestMethod313" />
    </UnitTest>
    <UnitTest name="TestMethod740" storage="c:\agent\_work\8\s\testprojectwon\bin\release\testprojectwon.dll" id="dacf622c-f26a-8ea3-92b3-0fbbc926ff80">
      <Execution id="18513952-760c-48e4-b349-5a96aa9f268e" />
      <TestMethod codeBase="C:\agent\_work\8\s\TestProjectWON\bin\Release\TestProjectWON.dll" adapterTypeName="executor://mstestadapter/v1" className="TestProjectWON.UnitTest1" name="TestMethod740" />
    </UnitTest>
    <UnitTest name="TestMethod344" storage="c:\agent\_work\8\s\testprojectwon\bin\release\testprojectwon.dll" id="8b0d2482-3a7f-1fdf-a586-a0235ce9594d">
      <Execution id="0ff207ee-0341-47ee-86db-7c9fb6722080" />
      <TestMethod codeBase="C:\agent\_work\8\s\TestProjectWON\bin\Release\TestProjectWON.dll" adapterTypeName="executor://mstestadapter/v1" className="TestProjectWON.UnitTest1" name="TestMethod344" />
    </UnitTest>
    <UnitTest name="TestMethod310" storage="c:\agent\_work\8\s\testprojectwon\bin\release\testprojectwon.dll" id="be6cfbcd-fd17-0ef0-41e0-69cc79bb01b4">
      <Execution id="634844df-5187-438f-b1ea-c04129f4fed1" />
      <TestMethod codeBase="C:\agent\_work\8\s\TestProjectWON\bin\Release\TestProjectWON.dll" adapterTypeName="executor://mstestadapter/v1" className="TestProjectWON.UnitTest1" name="TestMethod310" />
    </UnitTest>
    <UnitTest name="TestMethod876" storage="c:\agent\_work\8\s\testprojectwon\bin\release\testprojectwon.dll" id="d9b69963-27d8-e3e9-4282-0a7426b80ca8">
      <Execution id="0e27becc-e24e-45ed-b366-689058e0ed71" />
      <TestMethod codeBase="C:\agent\_work\8\s\TestProjectWON\bin\Release\TestProjectWON.dll" adapterTypeName="executor://mstestadapter/v1" className="TestProjectWON.UnitTest1" name="TestMethod876" />
    </UnitTest>
    <UnitTest name="TestMethod444" storage="c:\agent\_work\8\s\testprojectwon\bin\release\testprojectwon.dll" id="a470c127-09ad-2eb4-0dc1-9e1111ccf290">
      <Execution id="80aa4c7f-81f7-476c-a227-2af1faf7431e" />
      <TestMethod codeBase="C:\agent\_work\8\s\TestProjectWON\bin\Release\TestProjectWON.dll" adapterTypeName="executor://mstestadapter/v1" className="TestProjectWON.UnitTest1" name="TestMethod444" />
    </UnitTest>
    <UnitTest name="TestMethod600" storage="c:\agent\_work\8\s\testprojectwon\bin\release\testprojectwon.dll" id="787490a8-43a1-74c1-a4fa-c920eefad8af">
      <Execution id="59180bc7-b80c-4a75-aa4c-86b5cf2a1cfd" />
      <TestMethod codeBase="C:\agent\_work\8\s\TestProjectWON\bin\Release\TestProjectWON.dll" adapterTypeName="executor://mstestadapter/v1" className="TestProjectWON.UnitTest1" name="TestMethod600" />
    </UnitTest>
    <UnitTest name="TestMethod347" storage="c:\agent\_work\8\s\testprojectwon\bin\release\testprojectwon.dll" id="a84efa56-6bf6-839a-c755-cd7db0018314">
      <Execution id="6b43b074-f649-4ba2-9b20-c80a800d86e4" />
      <TestMethod codeBase="C:\agent\_work\8\s\TestProjectWON\bin\Release\TestProjectWON.dll" adapterTypeName="executor://mstestadapter/v1" className="TestProjectWON.UnitTest1" name="TestMethod347" />
    </UnitTest>
    <UnitTest name="TestMethod372" storage="c:\agent\_work\8\s\testprojectwon\bin\release\testprojectwon.dll" id="d406bc19-75a3-3b49-87d9-9611bef3a149">
      <Execution id="3f21e4c8-fca4-4dd1-be6f-b3faa0c67f29" />
      <TestMethod codeBase="C:\agent\_work\8\s\TestProjectWON\bin\Release\TestProjectWON.dll" adapterTypeName="executor://mstestadapter/v1" className="TestProjectWON.UnitTest1" name="TestMethod372" />
    </UnitTest>
    <UnitTest name="TestMethod170" storage="c:\agent\_work\8\s\testprojectwon\bin\release\testprojectwon.dll" id="ad39e5c6-b75b-964c-f725-2860bbded73a">
      <Execution id="105b49a9-95d0-4ed8-ba5d-e13062471f9a" />
      <TestMethod codeBase="C:\agent\_work\8\s\TestProjectWON\bin\Release\TestProjectWON.dll" adapterTypeName="executor://mstestadapter/v1" className="TestProjectWON.UnitTest1" name="TestMethod170" />
    </UnitTest>
    <UnitTest name="TestMethod599" storage="c:\agent\_work\8\s\testprojectwon\bin\release\testprojectwon.dll" id="710e3724-6595-fb9a-403c-6e60afa68e47">
      <Execution id="28917b33-e389-4496-8589-fb004158511a" />
      <TestMethod codeBase="C:\agent\_work\8\s\TestProjectWON\bin\Release\TestProjectWON.dll" adapterTypeName="executor://mstestadapter/v1" className="TestProjectWON.UnitTest1" name="TestMethod599" />
    </UnitTest>
    <UnitTest name="TestMethod431" storage="c:\agent\_work\8\s\testprojectwon\bin\release\testprojectwon.dll" id="f75cfd19-d979-aaa4-6587-b071f5eb5243">
      <Execution id="694c2a38-65f7-4e7f-8fab-d95900b79b17" />
      <TestMethod codeBase="C:\agent\_work\8\s\TestProjectWON\bin\Release\TestProjectWON.dll" adapterTypeName="executor://mstestadapter/v1" className="TestProjectWON.UnitTest1" name="TestMethod431" />
    </UnitTest>
    <UnitTest name="TestMethod721" storage="c:\agent\_work\8\s\testprojectwon\bin\release\testprojectwon.dll" id="3c13ee82-e608-9899-ac6f-555a0ec9a575">
      <Execution id="a98e9a94-a302-4e50-9428-25a5023396a5" />
      <TestMethod codeBase="C:\agent\_work\8\s\TestProjectWON\bin\Release\TestProjectWON.dll" adapterTypeName="executor://mstestadapter/v1" className="TestProjectWON.UnitTest1" name="TestMethod721" />
    </UnitTest>
    <UnitTest name="TestMethod962" storage="c:\agent\_work\8\s\testprojectwon\bin\release\testprojectwon.dll" id="7dd4e8cf-0a76-6298-5dcf-6dc6b430bae5">
      <Execution id="3659b113-99a3-4f17-bda7-80ef97fcb972" />
      <TestMethod codeBase="C:\agent\_work\8\s\TestProjectWON\bin\Release\TestProjectWON.dll" adapterTypeName="executor://mstestadapter/v1" className="TestProjectWON.UnitTest1" name="TestMethod962" />
    </UnitTest>
    <UnitTest name="TestMethod686" storage="c:\agent\_work\8\s\testprojectwon\bin\release\testprojectwon.dll" id="6d09ffad-009b-7d2f-ac9e-73450c5425cf">
      <Execution id="19aa8efd-256b-42f4-b0eb-b49429e0833d" />
      <TestMethod codeBase="C:\agent\_work\8\s\TestProjectWON\bin\Release\TestProjectWON.dll" adapterTypeName="executor://mstestadapter/v1" className="TestProjectWON.UnitTest1" name="TestMethod686" />
    </UnitTest>
    <UnitTest name="TestMethod115" storage="c:\agent\_work\8\s\testprojectwon\bin\release\testprojectwon.dll" id="e204b994-8542-723e-2ecb-f4a2635131f6">
      <Execution id="0e578636-c01f-45f8-a246-11c59c106075" />
      <TestMethod codeBase="C:\agent\_work\8\s\TestProjectWON\bin\Release\TestProjectWON.dll" adapterTypeName="executor://mstestadapter/v1" className="TestProjectWON.UnitTest1" name="TestMethod115" />
    </UnitTest>
    <UnitTest name="TestMethod39" storage="c:\agent\_work\8\s\testprojectwon\bin\release\testprojectwon.dll" id="ed23cd15-75c6-7b75-8f32-f4009f4dc94d">
      <Execution id="0b89498f-e423-4ccc-a747-95a7b95dfd83" />
      <TestMethod codeBase="C:\agent\_work\8\s\TestProjectWON\bin\Release\TestProjectWON.dll" adapterTypeName="executor://mstestadapter/v1" className="TestProjectWON.UnitTest1" name="TestMethod39" />
    </UnitTest>
    <UnitTest name="TestMethod303" storage="c:\agent\_work\8\s\testprojectwon\bin\release\testprojectwon.dll" id="e10183cc-2360-6fff-8812-a8606b8b9a94">
      <Execution id="0465cd9a-6937-419b-a87e-3cde95b3aae7" />
      <TestMethod codeBase="C:\agent\_work\8\s\TestProjectWON\bin\Release\TestProjectWON.dll" adapterTypeName="executor://mstestadapter/v1" className="TestProjectWON.UnitTest1" name="TestMethod303" />
    </UnitTest>
    <UnitTest name="TestMethod6" storage="c:\agent\_work\8\s\testprojectwon\bin\release\testprojectwon.dll" id="ed868fa2-b7e1-bbcc-8f11-693fbdfad7f8">
      <Execution id="db5edfd7-0602-44b7-80c3-3e9997ab6721" />
      <TestMethod codeBase="C:\agent\_work\8\s\TestProjectWON\bin\Release\TestProjectWON.dll" adapterTypeName="executor://mstestadapter/v1" className="TestProjectWON.UnitTest1" name="TestMethod6" />
    </UnitTest>
    <UnitTest name="TestMethod77" storage="c:\agent\_work\8\s\testprojectwon\bin\release\testprojectwon.dll" id="d68764a6-aede-08ed-cb16-1c089d245555">
      <Execution id="f3705bc7-5eaf-4689-9236-089ecb1e18ad" />
      <TestMethod codeBase="C:\agent\_work\8\s\TestProjectWON\bin\Release\TestProjectWON.dll" adapterTypeName="executor://mstestadapter/v1" className="TestProjectWON.UnitTest1" name="TestMethod77" />
    </UnitTest>
    <UnitTest name="TestMethod67" storage="c:\agent\_work\8\s\testprojectwon\bin\release\testprojectwon.dll" id="161d7a92-ebf4-7cb4-f15d-4393a3b5ae64">
      <Execution id="2946954c-6e14-450f-9a8e-0b24da324864" />
      <TestMethod codeBase="C:\agent\_work\8\s\TestProjectWON\bin\Release\TestProjectWON.dll" adapterTypeName="executor://mstestadapter/v1" className="TestProjectWON.UnitTest1" name="TestMethod67" />
    </UnitTest>
    <UnitTest name="TestMethod845" storage="c:\agent\_work\8\s\testprojectwon\bin\release\testprojectwon.dll" id="64599802-c291-61b6-4000-9ad4853a272e">
      <Execution id="2217bc2c-41fe-4a8f-8bc8-4dc5e383929d" />
      <TestMethod codeBase="C:\agent\_work\8\s\TestProjectWON\bin\Release\TestProjectWON.dll" adapterTypeName="executor://mstestadapter/v1" className="TestProjectWON.UnitTest1" name="TestMethod845" />
    </UnitTest>
    <UnitTest name="TestMethod274" storage="c:\agent\_work\8\s\testprojectwon\bin\release\testprojectwon.dll" id="6f432268-4ae0-5904-6da5-9b61e1dd225a">
      <Execution id="5b460bbe-5891-4005-bffe-2fae23ab7533" />
      <TestMethod codeBase="C:\agent\_work\8\s\TestProjectWON\bin\Release\TestProjectWON.dll" adapterTypeName="executor://mstestadapter/v1" className="TestProjectWON.UnitTest1" name="TestMethod274" />
    </UnitTest>
    <UnitTest name="TestMethod396" storage="c:\agent\_work\8\s\testprojectwon\bin\release\testprojectwon.dll" id="2b61d3f8-d8ea-6d9c-6e2f-000e0f355baa">
      <Execution id="46531853-bdd6-4f07-85cd-a46902af955c" />
      <TestMethod codeBase="C:\agent\_work\8\s\TestProjectWON\bin\Release\TestProjectWON.dll" adapterTypeName="executor://mstestadapter/v1" className="TestProjectWON.UnitTest1" name="TestMethod396" />
    </UnitTest>
    <UnitTest name="TestMethod359" storage="c:\agent\_work\8\s\testprojectwon\bin\release\testprojectwon.dll" id="95536bc7-94ce-e4e8-dd9b-0f6a2fb3a99f">
      <Execution id="ceb56a35-f38c-4a94-b000-fcc3919dafe0" />
      <TestMethod codeBase="C:\agent\_work\8\s\TestProjectWON\bin\Release\TestProjectWON.dll" adapterTypeName="executor://mstestadapter/v1" className="TestProjectWON.UnitTest1" name="TestMethod359" />
    </UnitTest>
    <UnitTest name="TestMethod938" storage="c:\agent\_work\8\s\testprojectwon\bin\release\testprojectwon.dll" id="6041e855-6e16-fdd0-edb8-bddfeadf60e9">
      <Execution id="5302368e-1231-494e-8cf1-21927c373526" />
      <TestMethod codeBase="C:\agent\_work\8\s\TestProjectWON\bin\Release\TestProjectWON.dll" adapterTypeName="executor://mstestadapter/v1" className="TestProjectWON.UnitTest1" name="TestMethod938" />
    </UnitTest>
    <UnitTest name="TestMethod878" storage="c:\agent\_work\8\s\testprojectwon\bin\release\testprojectwon.dll" id="b9f1949e-6005-8b38-5aad-734ff60f7a1c">
      <Execution id="62171790-be48-4375-939e-cd486534cb0a" />
      <TestMethod codeBase="C:\agent\_work\8\s\TestProjectWON\bin\Release\TestProjectWON.dll" adapterTypeName="executor://mstestadapter/v1" className="TestProjectWON.UnitTest1" name="TestMethod878" />
    </UnitTest>
    <UnitTest name="TestMethod299" storage="c:\agent\_work\8\s\testprojectwon\bin\release\testprojectwon.dll" id="7be92319-315d-4f7c-0121-eeb432108bce">
      <Execution id="fa6904a4-422f-4727-8c9a-54fd5d2a3f43" />
      <TestMethod codeBase="C:\agent\_work\8\s\TestProjectWON\bin\Release\TestProjectWON.dll" adapterTypeName="executor://mstestadapter/v1" className="TestProjectWON.UnitTest1" name="TestMethod299" />
    </UnitTest>
    <UnitTest name="TestMethod892" storage="c:\agent\_work\8\s\testprojectwon\bin\release\testprojectwon.dll" id="ccfdd793-a236-3676-375a-399f81aea11b">
      <Execution id="67108dae-356e-456f-9fe3-aa749ace3572" />
      <TestMethod codeBase="C:\agent\_work\8\s\TestProjectWON\bin\Release\TestProjectWON.dll" adapterTypeName="executor://mstestadapter/v1" className="TestProjectWON.UnitTest1" name="TestMethod892" />
    </UnitTest>
    <UnitTest name="TestMethod573" storage="c:\agent\_work\8\s\testprojectwon\bin\release\testprojectwon.dll" id="3c6bc004-d150-e549-23d9-d7b29cfb4820">
      <Execution id="4874f459-7b20-44c3-9861-9ac7951d6e05" />
      <TestMethod codeBase="C:\agent\_work\8\s\TestProjectWON\bin\Release\TestProjectWON.dll" adapterTypeName="executor://mstestadapter/v1" className="TestProjectWON.UnitTest1" name="TestMethod573" />
    </UnitTest>
    <UnitTest name="TestMethod57" storage="c:\agent\_work\8\s\testprojectwon\bin\release\testprojectwon.dll" id="053706e5-17bb-f317-368b-a97e9ad239f2">
      <Execution id="2b46eb39-2e10-4770-8b3f-3ee83163fff8" />
      <TestMethod codeBase="C:\agent\_work\8\s\TestProjectWON\bin\Release\TestProjectWON.dll" adapterTypeName="executor://mstestadapter/v1" className="TestProjectWON.UnitTest1" name="TestMethod57" />
    </UnitTest>
    <UnitTest name="TestMethod529" storage="c:\agent\_work\8\s\testprojectwon\bin\release\testprojectwon.dll" id="cb461d3e-eca8-bb20-712e-29e229304470">
      <Execution id="1cedf210-e28d-4d08-92ad-a5a742e48b1c" />
      <TestMethod codeBase="C:\agent\_work\8\s\TestProjectWON\bin\Release\TestProjectWON.dll" adapterTypeName="executor://mstestadapter/v1" className="TestProjectWON.UnitTest1" name="TestMethod529" />
    </UnitTest>
    <UnitTest name="TestMethod735" storage="c:\agent\_work\8\s\testprojectwon\bin\release\testprojectwon.dll" id="5214e039-aa1f-da9c-191c-0e382c774369">
      <Execution id="65560fe8-9c30-4a57-9602-fa4d51d6c976" />
      <TestMethod codeBase="C:\agent\_work\8\s\TestProjectWON\bin\Release\TestProjectWON.dll" adapterTypeName="executor://mstestadapter/v1" className="TestProjectWON.UnitTest1" name="TestMethod735" />
    </UnitTest>
    <UnitTest name="TestMethod86" storage="c:\agent\_work\8\s\testprojectwon\bin\release\testprojectwon.dll" id="65a41a0b-ed85-5d43-490f-576e9bbdf250">
      <Execution id="02181445-21dd-42e7-91b3-9f0d58581e6d" />
      <TestMethod codeBase="C:\agent\_work\8\s\TestProjectWON\bin\Release\TestProjectWON.dll" adapterTypeName="executor://mstestadapter/v1" className="TestProjectWON.UnitTest1" name="TestMethod86" />
    </UnitTest>
    <UnitTest name="TestMethod758" storage="c:\agent\_work\8\s\testprojectwon\bin\release\testprojectwon.dll" id="6ec108b0-9a8f-beb1-0bb5-ae3aab850ce1">
      <Execution id="ae566f29-2497-48b6-a604-6a9fffa2ff4b" />
      <TestMethod codeBase="C:\agent\_work\8\s\TestProjectWON\bin\Release\TestProjectWON.dll" adapterTypeName="executor://mstestadapter/v1" className="TestProjectWON.UnitTest1" name="TestMethod758" />
    </UnitTest>
    <UnitTest name="TestMethod756" storage="c:\agent\_work\8\s\testprojectwon\bin\release\testprojectwon.dll" id="087993fb-45de-0919-f375-0ffb241240c0">
      <Execution id="3d5e419f-8aff-45a6-bd7c-a152a4b60a50" />
      <TestMethod codeBase="C:\agent\_work\8\s\TestProjectWON\bin\Release\TestProjectWON.dll" adapterTypeName="executor://mstestadapter/v1" className="TestProjectWON.UnitTest1" name="TestMethod756" />
    </UnitTest>
    <UnitTest name="TestMethod917" storage="c:\agent\_work\8\s\testprojectwon\bin\release\testprojectwon.dll" id="17602286-7586-5631-70a5-321de694d027">
      <Execution id="76cc309b-dea8-4bf6-846c-ca71d94ba455" />
      <TestMethod codeBase="C:\agent\_work\8\s\TestProjectWON\bin\Release\TestProjectWON.dll" adapterTypeName="executor://mstestadapter/v1" className="TestProjectWON.UnitTest1" name="TestMethod917" />
    </UnitTest>
    <UnitTest name="TestMethod990" storage="c:\agent\_work\8\s\testprojectwon\bin\release\testprojectwon.dll" id="b394acf1-eba7-4720-facf-d76aee72517f">
      <Execution id="2932cc65-27c5-4f40-ae02-e149c563bc50" />
      <TestMethod codeBase="C:\agent\_work\8\s\TestProjectWON\bin\Release\TestProjectWON.dll" adapterTypeName="executor://mstestadapter/v1" className="TestProjectWON.UnitTest1" name="TestMethod990" />
    </UnitTest>
    <UnitTest name="TestMethod464" storage="c:\agent\_work\8\s\testprojectwon\bin\release\testprojectwon.dll" id="128ee75a-3510-32e9-4dad-17481f92d39b">
      <Execution id="6533661b-6c15-490d-b081-49ffc02b7eb8" />
      <TestMethod codeBase="C:\agent\_work\8\s\TestProjectWON\bin\Release\TestProjectWON.dll" adapterTypeName="executor://mstestadapter/v1" className="TestProjectWON.UnitTest1" name="TestMethod464" />
    </UnitTest>
    <UnitTest name="TestMethod275" storage="c:\agent\_work\8\s\testprojectwon\bin\release\testprojectwon.dll" id="47861679-f894-bec9-8662-e7d728bdbcad">
      <Execution id="4301b12d-e418-49ee-b544-e7f9423a2fea" />
      <TestMethod codeBase="C:\agent\_work\8\s\TestProjectWON\bin\Release\TestProjectWON.dll" adapterTypeName="executor://mstestadapter/v1" className="TestProjectWON.UnitTest1" name="TestMethod275" />
    </UnitTest>
    <UnitTest name="TestMethod532" storage="c:\agent\_work\8\s\testprojectwon\bin\release\testprojectwon.dll" id="c8e3cfe0-2528-345a-19f4-9ae3b6922439">
      <Execution id="f1205344-b46b-4187-8d59-530b642eed74" />
      <TestMethod codeBase="C:\agent\_work\8\s\TestProjectWON\bin\Release\TestProjectWON.dll" adapterTypeName="executor://mstestadapter/v1" className="TestProjectWON.UnitTest1" name="TestMethod532" />
    </UnitTest>
    <UnitTest name="TestMethod112" storage="c:\agent\_work\8\s\testprojectwon\bin\release\testprojectwon.dll" id="29ec040f-0154-d300-a13d-e565707c8d31">
      <Execution id="7158bd7a-bb30-40a4-b47d-11b1d40a4022" />
      <TestMethod codeBase="C:\agent\_work\8\s\TestProjectWON\bin\Release\TestProjectWON.dll" adapterTypeName="executor://mstestadapter/v1" className="TestProjectWON.UnitTest1" name="TestMethod112" />
    </UnitTest>
    <UnitTest name="TestMethod870" storage="c:\agent\_work\8\s\testprojectwon\bin\release\testprojectwon.dll" id="c60b5b1a-855f-ddf2-2fce-a2dda2f564ce">
      <Execution id="5d313db1-cf1a-4d46-999a-3b55e00700cf" />
      <TestMethod codeBase="C:\agent\_work\8\s\TestProjectWON\bin\Release\TestProjectWON.dll" adapterTypeName="executor://mstestadapter/v1" className="TestProjectWON.UnitTest1" name="TestMethod870" />
    </UnitTest>
    <UnitTest name="TestMethod85" storage="c:\agent\_work\8\s\testprojectwon\bin\release\testprojectwon.dll" id="e905d40f-be95-1827-65a5-1cde8fbf0055">
      <Execution id="f7d13167-d050-4321-ac63-e0363316ee8e" />
      <TestMethod codeBase="C:\agent\_work\8\s\TestProjectWON\bin\Release\TestProjectWON.dll" adapterTypeName="executor://mstestadapter/v1" className="TestProjectWON.UnitTest1" name="TestMethod85" />
    </UnitTest>
    <UnitTest name="TestMethod48" storage="c:\agent\_work\8\s\testprojectwon\bin\release\testprojectwon.dll" id="df77e8c2-e55d-7314-33ae-050e038d9d57">
      <Execution id="bf1490f9-c48c-4be1-984c-871559a4f0bb" />
      <TestMethod codeBase="C:\agent\_work\8\s\TestProjectWON\bin\Release\TestProjectWON.dll" adapterTypeName="executor://mstestadapter/v1" className="TestProjectWON.UnitTest1" name="TestMethod48" />
    </UnitTest>
    <UnitTest name="TestMethod900" storage="c:\agent\_work\8\s\testprojectwon\bin\release\testprojectwon.dll" id="450cd0b8-107a-db85-2288-0818f2fa4ea2">
      <Execution id="f94b523d-65c1-48eb-bff7-5ac8cab01856" />
      <TestMethod codeBase="C:\agent\_work\8\s\TestProjectWON\bin\Release\TestProjectWON.dll" adapterTypeName="executor://mstestadapter/v1" className="TestProjectWON.UnitTest1" name="TestMethod900" />
    </UnitTest>
    <UnitTest name="TestMethod635" storage="c:\agent\_work\8\s\testprojectwon\bin\release\testprojectwon.dll" id="58b88055-de12-a0ba-7add-061dbee24322">
      <Execution id="630af070-5b4b-48df-a5fb-aa360da1a704" />
      <TestMethod codeBase="C:\agent\_work\8\s\TestProjectWON\bin\Release\TestProjectWON.dll" adapterTypeName="executor://mstestadapter/v1" className="TestProjectWON.UnitTest1" name="TestMethod635" />
    </UnitTest>
    <UnitTest name="TestMethod789" storage="c:\agent\_work\8\s\testprojectwon\bin\release\testprojectwon.dll" id="daad17bb-4bfd-057d-d1e1-35e885fba814">
      <Execution id="06abb794-e005-4332-bc08-1db12a75e88a" />
      <TestMethod codeBase="C:\agent\_work\8\s\TestProjectWON\bin\Release\TestProjectWON.dll" adapterTypeName="executor://mstestadapter/v1" className="TestProjectWON.UnitTest1" name="TestMethod789" />
    </UnitTest>
    <UnitTest name="TestMethod907" storage="c:\agent\_work\8\s\testprojectwon\bin\release\testprojectwon.dll" id="c9f26089-c5aa-618d-de33-937b4286e297">
      <Execution id="ef1db70a-bf37-40f3-86c5-e3df99dca9e1" />
      <TestMethod codeBase="C:\agent\_work\8\s\TestProjectWON\bin\Release\TestProjectWON.dll" adapterTypeName="executor://mstestadapter/v1" className="TestProjectWON.UnitTest1" name="TestMethod907" />
    </UnitTest>
    <UnitTest name="TestMethod785" storage="c:\agent\_work\8\s\testprojectwon\bin\release\testprojectwon.dll" id="0063f140-7fc6-5989-a3c8-6453b7cc00a2">
      <Execution id="6f4785e6-36ac-4817-8d3f-173ee95d617e" />
      <TestMethod codeBase="C:\agent\_work\8\s\TestProjectWON\bin\Release\TestProjectWON.dll" adapterTypeName="executor://mstestadapter/v1" className="TestProjectWON.UnitTest1" name="TestMethod785" />
    </UnitTest>
    <UnitTest name="TestMethod185" storage="c:\agent\_work\8\s\testprojectwon\bin\release\testprojectwon.dll" id="e56bb4a4-9587-cb5a-f7c4-a670d502fb30">
      <Execution id="6c2f55bd-09b0-4a6a-8a3f-070335d923df" />
      <TestMethod codeBase="C:\agent\_work\8\s\TestProjectWON\bin\Release\TestProjectWON.dll" adapterTypeName="executor://mstestadapter/v1" className="TestProjectWON.UnitTest1" name="TestMethod185" />
    </UnitTest>
    <UnitTest name="TestMethod918" storage="c:\agent\_work\8\s\testprojectwon\bin\release\testprojectwon.dll" id="cd875926-d1f9-6873-7028-cf4c8ecd0257">
      <Execution id="1ffe1e78-23ce-4019-9e12-a5e74c461fa8" />
      <TestMethod codeBase="C:\agent\_work\8\s\TestProjectWON\bin\Release\TestProjectWON.dll" adapterTypeName="executor://mstestadapter/v1" className="TestProjectWON.UnitTest1" name="TestMethod918" />
    </UnitTest>
    <UnitTest name="TestMethod693" storage="c:\agent\_work\8\s\testprojectwon\bin\release\testprojectwon.dll" id="56492bfc-e924-0da8-97a1-130598b24e73">
      <Execution id="ce1225a8-dc6d-4427-b486-a312902659a4" />
      <TestMethod codeBase="C:\agent\_work\8\s\TestProjectWON\bin\Release\TestProjectWON.dll" adapterTypeName="executor://mstestadapter/v1" className="TestProjectWON.UnitTest1" name="TestMethod693" />
    </UnitTest>
    <UnitTest name="TestMethod60" storage="c:\agent\_work\8\s\testprojectwon\bin\release\testprojectwon.dll" id="6459f488-7884-0802-1177-6dd19cd0b523">
      <Execution id="1fd55e90-8176-468b-8797-e7e8188486a5" />
      <TestMethod codeBase="C:\agent\_work\8\s\TestProjectWON\bin\Release\TestProjectWON.dll" adapterTypeName="executor://mstestadapter/v1" className="TestProjectWON.UnitTest1" name="TestMethod60" />
    </UnitTest>
    <UnitTest name="TestMethod121" storage="c:\agent\_work\8\s\testprojectwon\bin\release\testprojectwon.dll" id="4ba3ab96-e51c-cd90-a8c2-02068c2cfb09">
      <Execution id="c14a2a0c-0c59-41c4-ad61-218536abed17" />
      <TestMethod codeBase="C:\agent\_work\8\s\TestProjectWON\bin\Release\TestProjectWON.dll" adapterTypeName="executor://mstestadapter/v1" className="TestProjectWON.UnitTest1" name="TestMethod121" />
    </UnitTest>
    <UnitTest name="TestMethod691" storage="c:\agent\_work\8\s\testprojectwon\bin\release\testprojectwon.dll" id="f5749084-ca45-11f0-7dbf-28c0be376a6b">
      <Execution id="9c6d3fd1-407f-4a5b-a51e-7e495ea56c3f" />
      <TestMethod codeBase="C:\agent\_work\8\s\TestProjectWON\bin\Release\TestProjectWON.dll" adapterTypeName="executor://mstestadapter/v1" className="TestProjectWON.UnitTest1" name="TestMethod691" />
    </UnitTest>
    <UnitTest name="TestMethod476" storage="c:\agent\_work\8\s\testprojectwon\bin\release\testprojectwon.dll" id="9a1708ae-f837-8f90-d32c-c602c615231d">
      <Execution id="0c0bc52b-6e81-4c46-a4a6-d6c93aa86aa6" />
      <TestMethod codeBase="C:\agent\_work\8\s\TestProjectWON\bin\Release\TestProjectWON.dll" adapterTypeName="executor://mstestadapter/v1" className="TestProjectWON.UnitTest1" name="TestMethod476" />
    </UnitTest>
    <UnitTest name="TestMethod393" storage="c:\agent\_work\8\s\testprojectwon\bin\release\testprojectwon.dll" id="19fe08c4-53a8-9940-cee7-991e098fe559">
      <Execution id="566130df-0558-4a89-b6da-e518cbea1ea1" />
      <TestMethod codeBase="C:\agent\_work\8\s\TestProjectWON\bin\Release\TestProjectWON.dll" adapterTypeName="executor://mstestadapter/v1" className="TestProjectWON.UnitTest1" name="TestMethod393" />
    </UnitTest>
    <UnitTest name="TestMethod564" storage="c:\agent\_work\8\s\testprojectwon\bin\release\testprojectwon.dll" id="0a3f2dd3-89cb-afb7-3962-50a1679b3ba3">
      <Execution id="53cdde40-3951-4832-a88e-32f9506bbfdb" />
      <TestMethod codeBase="C:\agent\_work\8\s\TestProjectWON\bin\Release\TestProjectWON.dll" adapterTypeName="executor://mstestadapter/v1" className="TestProjectWON.UnitTest1" name="TestMethod564" />
    </UnitTest>
    <UnitTest name="TestMethod748" storage="c:\agent\_work\8\s\testprojectwon\bin\release\testprojectwon.dll" id="164f4c8e-81cc-4a2e-4c6f-0c91ccec14ab">
      <Execution id="a29b4c11-9619-4899-a66c-be6e08b7878c" />
      <TestMethod codeBase="C:\agent\_work\8\s\TestProjectWON\bin\Release\TestProjectWON.dll" adapterTypeName="executor://mstestadapter/v1" className="TestProjectWON.UnitTest1" name="TestMethod748" />
    </UnitTest>
    <UnitTest name="TestMethod547" storage="c:\agent\_work\8\s\testprojectwon\bin\release\testprojectwon.dll" id="418091f0-1fbe-6361-7c77-f603ddbd0c42">
      <Execution id="10a1152e-e8ef-40e4-8f20-46bb13698fef" />
      <TestMethod codeBase="C:\agent\_work\8\s\TestProjectWON\bin\Release\TestProjectWON.dll" adapterTypeName="executor://mstestadapter/v1" className="TestProjectWON.UnitTest1" name="TestMethod547" />
    </UnitTest>
    <UnitTest name="TestMethod681" storage="c:\agent\_work\8\s\testprojectwon\bin\release\testprojectwon.dll" id="b9609315-e50a-b6bd-1d55-29ba9e7e6c5d">
      <Execution id="cc6b4590-9b00-4042-a542-0275ffadedd1" />
      <TestMethod codeBase="C:\agent\_work\8\s\TestProjectWON\bin\Release\TestProjectWON.dll" adapterTypeName="executor://mstestadapter/v1" className="TestProjectWON.UnitTest1" name="TestMethod681" />
    </UnitTest>
    <UnitTest name="TestMethod828" storage="c:\agent\_work\8\s\testprojectwon\bin\release\testprojectwon.dll" id="7654d653-b2e8-2a33-6fe0-b9e2fb1fee0e">
      <Execution id="42dde540-e533-4155-af58-a5ef782388e6" />
      <TestMethod codeBase="C:\agent\_work\8\s\TestProjectWON\bin\Release\TestProjectWON.dll" adapterTypeName="executor://mstestadapter/v1" className="TestProjectWON.UnitTest1" name="TestMethod828" />
    </UnitTest>
    <UnitTest name="TestMethod175" storage="c:\agent\_work\8\s\testprojectwon\bin\release\testprojectwon.dll" id="846ac6c3-55bc-e84d-26d2-2575dc0cb8d4">
      <Execution id="aadc65ea-0cf4-4e82-8af6-d9aa04cb51b6" />
      <TestMethod codeBase="C:\agent\_work\8\s\TestProjectWON\bin\Release\TestProjectWON.dll" adapterTypeName="executor://mstestadapter/v1" className="TestProjectWON.UnitTest1" name="TestMethod175" />
    </UnitTest>
    <UnitTest name="TestMethod634" storage="c:\agent\_work\8\s\testprojectwon\bin\release\testprojectwon.dll" id="260524ed-9ccb-fcbe-2b3e-e18ae630c651">
      <Execution id="9dbde271-3d18-4b97-a9c5-53f991cffaac" />
      <TestMethod codeBase="C:\agent\_work\8\s\TestProjectWON\bin\Release\TestProjectWON.dll" adapterTypeName="executor://mstestadapter/v1" className="TestProjectWON.UnitTest1" name="TestMethod634" />
    </UnitTest>
    <UnitTest name="TestMethod295" storage="c:\agent\_work\8\s\testprojectwon\bin\release\testprojectwon.dll" id="88493128-5ef8-cf85-9a6c-011ea0ea7c0c">
      <Execution id="04791fe8-dfb4-433d-8ae8-84515b2b71e0" />
      <TestMethod codeBase="C:\agent\_work\8\s\TestProjectWON\bin\Release\TestProjectWON.dll" adapterTypeName="executor://mstestadapter/v1" className="TestProjectWON.UnitTest1" name="TestMethod295" />
    </UnitTest>
    <UnitTest name="TestMethod38" storage="c:\agent\_work\8\s\testprojectwon\bin\release\testprojectwon.dll" id="a6d21258-1914-9652-ed82-cf56c366db43">
      <Execution id="beae6d8f-1453-43f4-8a13-4e2f162d91fc" />
      <TestMethod codeBase="C:\agent\_work\8\s\TestProjectWON\bin\Release\TestProjectWON.dll" adapterTypeName="executor://mstestadapter/v1" className="TestProjectWON.UnitTest1" name="TestMethod38" />
    </UnitTest>
    <UnitTest name="TestMethod433" storage="c:\agent\_work\8\s\testprojectwon\bin\release\testprojectwon.dll" id="135d54bf-1baa-b7f2-2783-b0ad48c3fed9">
      <Execution id="ed91bf88-4636-43d4-89a6-aa95e0849bf0" />
      <TestMethod codeBase="C:\agent\_work\8\s\TestProjectWON\bin\Release\TestProjectWON.dll" adapterTypeName="executor://mstestadapter/v1" className="TestProjectWON.UnitTest1" name="TestMethod433" />
    </UnitTest>
    <UnitTest name="TestMethod679" storage="c:\agent\_work\8\s\testprojectwon\bin\release\testprojectwon.dll" id="701effda-ecaa-0161-2522-7f0e19a89600">
      <Execution id="b05241d7-ac52-4e16-87a2-dbc2a6647233" />
      <TestMethod codeBase="C:\agent\_work\8\s\TestProjectWON\bin\Release\TestProjectWON.dll" adapterTypeName="executor://mstestadapter/v1" className="TestProjectWON.UnitTest1" name="TestMethod679" />
    </UnitTest>
    <UnitTest name="TestMethod491" storage="c:\agent\_work\8\s\testprojectwon\bin\release\testprojectwon.dll" id="4571e354-ad20-aed6-72db-5f08020ef89b">
      <Execution id="f0935c74-a81f-4d25-b530-7b8c2590523b" />
      <TestMethod codeBase="C:\agent\_work\8\s\TestProjectWON\bin\Release\TestProjectWON.dll" adapterTypeName="executor://mstestadapter/v1" className="TestProjectWON.UnitTest1" name="TestMethod491" />
    </UnitTest>
    <UnitTest name="TestMethod415" storage="c:\agent\_work\8\s\testprojectwon\bin\release\testprojectwon.dll" id="7fd6ee50-38fb-1f6d-2981-36624ef9879d">
      <Execution id="5d8d2e6d-5472-4101-ae18-d40eaa862dc6" />
      <TestMethod codeBase="C:\agent\_work\8\s\TestProjectWON\bin\Release\TestProjectWON.dll" adapterTypeName="executor://mstestadapter/v1" className="TestProjectWON.UnitTest1" name="TestMethod415" />
    </UnitTest>
    <UnitTest name="TestMethod65" storage="c:\agent\_work\8\s\testprojectwon\bin\release\testprojectwon.dll" id="074028dc-5db7-55dc-d654-01f0003b41b0">
      <Execution id="c90fdef8-ed49-4edd-aa5f-d93af375d374" />
      <TestMethod codeBase="C:\agent\_work\8\s\TestProjectWON\bin\Release\TestProjectWON.dll" adapterTypeName="executor://mstestadapter/v1" className="TestProjectWON.UnitTest1" name="TestMethod65" />
    </UnitTest>
    <UnitTest name="TestMethod613" storage="c:\agent\_work\8\s\testprojectwon\bin\release\testprojectwon.dll" id="013a628f-7e21-59fd-c66b-009020f9ad7b">
      <Execution id="fa538ea2-dafd-41f8-8922-b09d8612974a" />
      <TestMethod codeBase="C:\agent\_work\8\s\TestProjectWON\bin\Release\TestProjectWON.dll" adapterTypeName="executor://mstestadapter/v1" className="TestProjectWON.UnitTest1" name="TestMethod613" />
    </UnitTest>
    <UnitTest name="TestMethod109" storage="c:\agent\_work\8\s\testprojectwon\bin\release\testprojectwon.dll" id="502d6bb0-f3a3-d62b-40ad-ad6c5c993e33">
      <Execution id="7a0d8f5d-9648-41bc-8b15-e92224bfc4d9" />
      <TestMethod codeBase="C:\agent\_work\8\s\TestProjectWON\bin\Release\TestProjectWON.dll" adapterTypeName="executor://mstestadapter/v1" className="TestProjectWON.UnitTest1" name="TestMethod109" />
    </UnitTest>
    <UnitTest name="TestMethod217" storage="c:\agent\_work\8\s\testprojectwon\bin\release\testprojectwon.dll" id="5eb94d51-5c62-aaf6-cb61-c1c5957e95cc">
      <Execution id="bf117f12-635c-4157-b0f3-00baf8cfc58d" />
      <TestMethod codeBase="C:\agent\_work\8\s\TestProjectWON\bin\Release\TestProjectWON.dll" adapterTypeName="executor://mstestadapter/v1" className="TestProjectWON.UnitTest1" name="TestMethod217" />
    </UnitTest>
    <UnitTest name="TestMethod652" storage="c:\agent\_work\8\s\testprojectwon\bin\release\testprojectwon.dll" id="e1f831ed-918d-20f9-012c-486e00c41ebe">
      <Execution id="ffad8583-212a-465f-9d3f-9bc42cfbf771" />
      <TestMethod codeBase="C:\agent\_work\8\s\TestProjectWON\bin\Release\TestProjectWON.dll" adapterTypeName="executor://mstestadapter/v1" className="TestProjectWON.UnitTest1" name="TestMethod652" />
    </UnitTest>
    <UnitTest name="TestMethod486" storage="c:\agent\_work\8\s\testprojectwon\bin\release\testprojectwon.dll" id="f1344d55-8d55-9720-b306-0a8c856b81cb">
      <Execution id="2a91e7d6-0584-4c94-b351-845a61d52314" />
      <TestMethod codeBase="C:\agent\_work\8\s\TestProjectWON\bin\Release\TestProjectWON.dll" adapterTypeName="executor://mstestadapter/v1" className="TestProjectWON.UnitTest1" name="TestMethod486" />
    </UnitTest>
    <UnitTest name="TestMethod910" storage="c:\agent\_work\8\s\testprojectwon\bin\release\testprojectwon.dll" id="5889924f-7147-0f02-b07a-bceda849fdad">
      <Execution id="1dd4c93e-840e-4a95-ae5e-9c4bcc18812f" />
      <TestMethod codeBase="C:\agent\_work\8\s\TestProjectWON\bin\Release\TestProjectWON.dll" adapterTypeName="executor://mstestadapter/v1" className="TestProjectWON.UnitTest1" name="TestMethod910" />
    </UnitTest>
    <UnitTest name="TestMethod819" storage="c:\agent\_work\8\s\testprojectwon\bin\release\testprojectwon.dll" id="6c2931ba-0104-f8f3-2bd2-0063815f613e">
      <Execution id="d9eeab1b-8e24-4c94-a611-22d53ae20559" />
      <TestMethod codeBase="C:\agent\_work\8\s\TestProjectWON\bin\Release\TestProjectWON.dll" adapterTypeName="executor://mstestadapter/v1" className="TestProjectWON.UnitTest1" name="TestMethod819" />
    </UnitTest>
    <UnitTest name="TestMethod20" storage="c:\agent\_work\8\s\testprojectwon\bin\release\testprojectwon.dll" id="b9ae03dd-3909-01eb-23e0-8bf21ee3d6ea">
      <Execution id="586eb83e-a790-424c-b459-eea8d8ae6525" />
      <TestMethod codeBase="C:\agent\_work\8\s\TestProjectWON\bin\Release\TestProjectWON.dll" adapterTypeName="executor://mstestadapter/v1" className="TestProjectWON.UnitTest1" name="TestMethod20" />
    </UnitTest>
    <UnitTest name="TestMethod746" storage="c:\agent\_work\8\s\testprojectwon\bin\release\testprojectwon.dll" id="a5dc8def-6e1e-975a-0bfc-856e597d0053">
      <Execution id="cfdde774-82a6-4bb7-bd7b-8366748f1479" />
      <TestMethod codeBase="C:\agent\_work\8\s\TestProjectWON\bin\Release\TestProjectWON.dll" adapterTypeName="executor://mstestadapter/v1" className="TestProjectWON.UnitTest1" name="TestMethod746" />
    </UnitTest>
    <UnitTest name="TestMethod696" storage="c:\agent\_work\8\s\testprojectwon\bin\release\testprojectwon.dll" id="d2ea0520-f253-3dec-c890-60a5f8aea28d">
      <Execution id="d2b05fbf-fcf0-4b99-9434-c191cd239270" />
      <TestMethod codeBase="C:\agent\_work\8\s\TestProjectWON\bin\Release\TestProjectWON.dll" adapterTypeName="executor://mstestadapter/v1" className="TestProjectWON.UnitTest1" name="TestMethod696" />
    </UnitTest>
    <UnitTest name="TestMethod327" storage="c:\agent\_work\8\s\testprojectwon\bin\release\testprojectwon.dll" id="67beb0a5-9a00-f41f-5cc7-9b2212ae231b">
      <Execution id="16f63fec-4f1b-4847-8c84-40f5e7e466f6" />
      <TestMethod codeBase="C:\agent\_work\8\s\TestProjectWON\bin\Release\TestProjectWON.dll" adapterTypeName="executor://mstestadapter/v1" className="TestProjectWON.UnitTest1" name="TestMethod327" />
    </UnitTest>
    <UnitTest name="TestMethod84" storage="c:\agent\_work\8\s\testprojectwon\bin\release\testprojectwon.dll" id="b12b36db-b715-1ac4-2405-36b1f5db9819">
      <Execution id="803e2117-9206-4db1-b206-d6923e6790c7" />
      <TestMethod codeBase="C:\agent\_work\8\s\TestProjectWON\bin\Release\TestProjectWON.dll" adapterTypeName="executor://mstestadapter/v1" className="TestProjectWON.UnitTest1" name="TestMethod84" />
    </UnitTest>
    <UnitTest name="TestMethod823" storage="c:\agent\_work\8\s\testprojectwon\bin\release\testprojectwon.dll" id="25c0e1fc-0db6-ebd6-12dd-86c4d4d446ed">
      <Execution id="e40b1608-45b2-4e36-9228-87dc7ef25e5c" />
      <TestMethod codeBase="C:\agent\_work\8\s\TestProjectWON\bin\Release\TestProjectWON.dll" adapterTypeName="executor://mstestadapter/v1" className="TestProjectWON.UnitTest1" name="TestMethod823" />
    </UnitTest>
    <UnitTest name="TestMethod759" storage="c:\agent\_work\8\s\testprojectwon\bin\release\testprojectwon.dll" id="d7e2debf-e9dd-4241-4ce7-bdb6d6274785">
      <Execution id="1a4fab73-60c7-4709-b9a9-7f405d666fea" />
      <TestMethod codeBase="C:\agent\_work\8\s\TestProjectWON\bin\Release\TestProjectWON.dll" adapterTypeName="executor://mstestadapter/v1" className="TestProjectWON.UnitTest1" name="TestMethod759" />
    </UnitTest>
    <UnitTest name="TestMethod284" storage="c:\agent\_work\8\s\testprojectwon\bin\release\testprojectwon.dll" id="9919baa0-2e36-3362-614a-8da80a13a4ab">
      <Execution id="980b5ae6-7446-44be-a69b-4ff033c7e49a" />
      <TestMethod codeBase="C:\agent\_work\8\s\TestProjectWON\bin\Release\TestProjectWON.dll" adapterTypeName="executor://mstestadapter/v1" className="TestProjectWON.UnitTest1" name="TestMethod284" />
    </UnitTest>
    <UnitTest name="TestMethod939" storage="c:\agent\_work\8\s\testprojectwon\bin\release\testprojectwon.dll" id="b4493abc-9402-6102-76d4-b6421abdf11f">
      <Execution id="2d570028-5121-49fb-9269-7658c8efd2cd" />
      <TestMethod codeBase="C:\agent\_work\8\s\TestProjectWON\bin\Release\TestProjectWON.dll" adapterTypeName="executor://mstestadapter/v1" className="TestProjectWON.UnitTest1" name="TestMethod939" />
    </UnitTest>
    <UnitTest name="TestMethod198" storage="c:\agent\_work\8\s\testprojectwon\bin\release\testprojectwon.dll" id="d65ff6f7-fa60-61e8-5eaa-ed297c05c0cf">
      <Execution id="cb7d247f-8f7c-4671-9d12-344b0d10c3e6" />
      <TestMethod codeBase="C:\agent\_work\8\s\TestProjectWON\bin\Release\TestProjectWON.dll" adapterTypeName="executor://mstestadapter/v1" className="TestProjectWON.UnitTest1" name="TestMethod198" />
    </UnitTest>
    <UnitTest name="TestMethod690" storage="c:\agent\_work\8\s\testprojectwon\bin\release\testprojectwon.dll" id="c8ad081e-6f99-2cf6-df04-fd222c5d7700">
      <Execution id="cdf370cd-c5ef-4792-bfd7-a1b7ef76fbf6" />
      <TestMethod codeBase="C:\agent\_work\8\s\TestProjectWON\bin\Release\TestProjectWON.dll" adapterTypeName="executor://mstestadapter/v1" className="TestProjectWON.UnitTest1" name="TestMethod690" />
    </UnitTest>
    <UnitTest name="TestMethod645" storage="c:\agent\_work\8\s\testprojectwon\bin\release\testprojectwon.dll" id="d2f7dd5a-270a-7323-131a-88c5f3382836">
      <Execution id="d7fddf8e-ee91-4b18-8ad5-9d64df3bbc6e" />
      <TestMethod codeBase="C:\agent\_work\8\s\TestProjectWON\bin\Release\TestProjectWON.dll" adapterTypeName="executor://mstestadapter/v1" className="TestProjectWON.UnitTest1" name="TestMethod645" />
    </UnitTest>
    <UnitTest name="TestMethod309" storage="c:\agent\_work\8\s\testprojectwon\bin\release\testprojectwon.dll" id="fd3a67c1-20b0-7edb-67ac-0abacf5758e9">
      <Execution id="6e39cd93-561b-485d-9057-cdb8225b2f38" />
      <TestMethod codeBase="C:\agent\_work\8\s\TestProjectWON\bin\Release\TestProjectWON.dll" adapterTypeName="executor://mstestadapter/v1" className="TestProjectWON.UnitTest1" name="TestMethod309" />
    </UnitTest>
    <UnitTest name="TestMethod138" storage="c:\agent\_work\8\s\testprojectwon\bin\release\testprojectwon.dll" id="5e9bf8f9-fe4f-01f0-584d-773babb30215">
      <Execution id="4cac3dd0-c033-4ed8-b2fb-439106e33c47" />
      <TestMethod codeBase="C:\agent\_work\8\s\TestProjectWON\bin\Release\TestProjectWON.dll" adapterTypeName="executor://mstestadapter/v1" className="TestProjectWON.UnitTest1" name="TestMethod138" />
    </UnitTest>
    <UnitTest name="TestMethod125" storage="c:\agent\_work\8\s\testprojectwon\bin\release\testprojectwon.dll" id="ea947337-3d83-b2e8-7f31-72fa3745dd0a">
      <Execution id="5c809435-9712-4269-9e79-40b7a624c242" />
      <TestMethod codeBase="C:\agent\_work\8\s\TestProjectWON\bin\Release\TestProjectWON.dll" adapterTypeName="executor://mstestadapter/v1" className="TestProjectWON.UnitTest1" name="TestMethod125" />
    </UnitTest>
    <UnitTest name="TestMethod174" storage="c:\agent\_work\8\s\testprojectwon\bin\release\testprojectwon.dll" id="655b1882-490e-072b-68df-241927b235f6">
      <Execution id="b1967878-3461-4935-9e05-df8966db4495" />
      <TestMethod codeBase="C:\agent\_work\8\s\TestProjectWON\bin\Release\TestProjectWON.dll" adapterTypeName="executor://mstestadapter/v1" className="TestProjectWON.UnitTest1" name="TestMethod174" />
    </UnitTest>
    <UnitTest name="TestMethod612" storage="c:\agent\_work\8\s\testprojectwon\bin\release\testprojectwon.dll" id="4a7d6a30-5fd0-7ff9-a349-5e34b8f37db1">
      <Execution id="4227b343-b061-46b7-a8aa-cc00ba4625d7" />
      <TestMethod codeBase="C:\agent\_work\8\s\TestProjectWON\bin\Release\TestProjectWON.dll" adapterTypeName="executor://mstestadapter/v1" className="TestProjectWON.UnitTest1" name="TestMethod612" />
    </UnitTest>
    <UnitTest name="TestMethod827" storage="c:\agent\_work\8\s\testprojectwon\bin\release\testprojectwon.dll" id="a4d85907-9466-2a97-9fe1-902dee5034c9">
      <Execution id="40cc8a84-f2d8-4e73-aa4b-9e6e9e1751a1" />
      <TestMethod codeBase="C:\agent\_work\8\s\TestProjectWON\bin\Release\TestProjectWON.dll" adapterTypeName="executor://mstestadapter/v1" className="TestProjectWON.UnitTest1" name="TestMethod827" />
    </UnitTest>
    <UnitTest name="TestMethod93" storage="c:\agent\_work\8\s\testprojectwon\bin\release\testprojectwon.dll" id="68809a73-9e02-b8d1-f87e-3e077b1cf1ba">
      <Execution id="204a0bde-4e34-4567-a4b6-de8a29634be9" />
      <TestMethod codeBase="C:\agent\_work\8\s\TestProjectWON\bin\Release\TestProjectWON.dll" adapterTypeName="executor://mstestadapter/v1" className="TestProjectWON.UnitTest1" name="TestMethod93" />
    </UnitTest>
    <UnitTest name="TestMethod193" storage="c:\agent\_work\8\s\testprojectwon\bin\release\testprojectwon.dll" id="77816f4d-afef-156b-4369-3e8ff49547a2">
      <Execution id="2e704172-deea-4389-bf3b-cad399295e41" />
      <TestMethod codeBase="C:\agent\_work\8\s\TestProjectWON\bin\Release\TestProjectWON.dll" adapterTypeName="executor://mstestadapter/v1" className="TestProjectWON.UnitTest1" name="TestMethod193" />
    </UnitTest>
    <UnitTest name="TestMethod810" storage="c:\agent\_work\8\s\testprojectwon\bin\release\testprojectwon.dll" id="18a0ff0a-ac1a-a9d5-81ad-858aef9a2757">
      <Execution id="605018e7-e696-4bcb-bbe7-9cf489d85503" />
      <TestMethod codeBase="C:\agent\_work\8\s\TestProjectWON\bin\Release\TestProjectWON.dll" adapterTypeName="executor://mstestadapter/v1" className="TestProjectWON.UnitTest1" name="TestMethod810" />
    </UnitTest>
    <UnitTest name="TestMethod417" storage="c:\agent\_work\8\s\testprojectwon\bin\release\testprojectwon.dll" id="a8e3a636-620f-1482-f02b-70a802069f1c">
      <Execution id="c8b021ca-602c-4aa4-9f94-63d219e00365" />
      <TestMethod codeBase="C:\agent\_work\8\s\TestProjectWON\bin\Release\TestProjectWON.dll" adapterTypeName="executor://mstestadapter/v1" className="TestProjectWON.UnitTest1" name="TestMethod417" />
    </UnitTest>
    <UnitTest name="TestMethod518" storage="c:\agent\_work\8\s\testprojectwon\bin\release\testprojectwon.dll" id="ddd23482-1d5d-6a64-fe3a-0b7d652ee8c5">
      <Execution id="8503f954-8c6f-41b0-864a-cf8ae2dde334" />
      <TestMethod codeBase="C:\agent\_work\8\s\TestProjectWON\bin\Release\TestProjectWON.dll" adapterTypeName="executor://mstestadapter/v1" className="TestProjectWON.UnitTest1" name="TestMethod518" />
    </UnitTest>
    <UnitTest name="TestMethod682" storage="c:\agent\_work\8\s\testprojectwon\bin\release\testprojectwon.dll" id="6cfa8128-1d3b-8280-30fd-6266744ca8c8">
      <Execution id="ee95d132-b924-45bb-9146-ae98bffd0fd2" />
      <TestMethod codeBase="C:\agent\_work\8\s\TestProjectWON\bin\Release\TestProjectWON.dll" adapterTypeName="executor://mstestadapter/v1" className="TestProjectWON.UnitTest1" name="TestMethod682" />
    </UnitTest>
    <UnitTest name="TestMethod968" storage="c:\agent\_work\8\s\testprojectwon\bin\release\testprojectwon.dll" id="4dd705b4-7906-f919-391b-5a84eba0a39f">
      <Execution id="304c8937-0464-4eaf-a1db-e95b27e5c728" />
      <TestMethod codeBase="C:\agent\_work\8\s\TestProjectWON\bin\Release\TestProjectWON.dll" adapterTypeName="executor://mstestadapter/v1" className="TestProjectWON.UnitTest1" name="TestMethod968" />
    </UnitTest>
    <UnitTest name="TestMethod710" storage="c:\agent\_work\8\s\testprojectwon\bin\release\testprojectwon.dll" id="07b45e08-8c5a-283f-969c-3361e8993ef7">
      <Execution id="6be2a599-a8c4-4458-a4e0-4402765e0f2d" />
      <TestMethod codeBase="C:\agent\_work\8\s\TestProjectWON\bin\Release\TestProjectWON.dll" adapterTypeName="executor://mstestadapter/v1" className="TestProjectWON.UnitTest1" name="TestMethod710" />
    </UnitTest>
    <UnitTest name="TestMethod729" storage="c:\agent\_work\8\s\testprojectwon\bin\release\testprojectwon.dll" id="40596cb0-9252-df2e-a81d-60fc4091b4b9">
      <Execution id="f3d2f54b-583d-4d7d-b49e-d2dbab1069fe" />
      <TestMethod codeBase="C:\agent\_work\8\s\TestProjectWON\bin\Release\TestProjectWON.dll" adapterTypeName="executor://mstestadapter/v1" className="TestProjectWON.UnitTest1" name="TestMethod729" />
    </UnitTest>
    <UnitTest name="TestMethod223" storage="c:\agent\_work\8\s\testprojectwon\bin\release\testprojectwon.dll" id="d2ac934c-06ca-163d-72aa-0d3d38b9ca1c">
      <Execution id="fc452ddb-5d8c-43b5-bd54-4f1ddf278c15" />
      <TestMethod codeBase="C:\agent\_work\8\s\TestProjectWON\bin\Release\TestProjectWON.dll" adapterTypeName="executor://mstestadapter/v1" className="TestProjectWON.UnitTest1" name="TestMethod223" />
    </UnitTest>
    <UnitTest name="TestMethod418" storage="c:\agent\_work\8\s\testprojectwon\bin\release\testprojectwon.dll" id="1942dc15-dfcb-3790-cc24-66292ca89d8d">
      <Execution id="0899d798-9627-4320-bbcd-174337e8b3b4" />
      <TestMethod codeBase="C:\agent\_work\8\s\TestProjectWON\bin\Release\TestProjectWON.dll" adapterTypeName="executor://mstestadapter/v1" className="TestProjectWON.UnitTest1" name="TestMethod418" />
    </UnitTest>
    <UnitTest name="TestMethod306" storage="c:\agent\_work\8\s\testprojectwon\bin\release\testprojectwon.dll" id="090618a1-3f98-cb1b-af84-a23938a39e4b">
      <Execution id="3628d9d7-0f99-4757-9dba-60d29f91f031" />
      <TestMethod codeBase="C:\agent\_work\8\s\TestProjectWON\bin\Release\TestProjectWON.dll" adapterTypeName="executor://mstestadapter/v1" className="TestProjectWON.UnitTest1" name="TestMethod306" />
    </UnitTest>
    <UnitTest name="TestMethod232" storage="c:\agent\_work\8\s\testprojectwon\bin\release\testprojectwon.dll" id="56942e60-3679-73a6-3404-cadf7229f611">
      <Execution id="eebdd483-d830-435f-bb12-f9152647d170" />
      <TestMethod codeBase="C:\agent\_work\8\s\TestProjectWON\bin\Release\TestProjectWON.dll" adapterTypeName="executor://mstestadapter/v1" className="TestProjectWON.UnitTest1" name="TestMethod232" />
    </UnitTest>
    <UnitTest name="TestMethod784" storage="c:\agent\_work\8\s\testprojectwon\bin\release\testprojectwon.dll" id="f5ef0929-25d2-0a65-e818-3b671d60cb6e">
      <Execution id="6142473f-87f0-486c-bb92-163303e02f1a" />
      <TestMethod codeBase="C:\agent\_work\8\s\TestProjectWON\bin\Release\TestProjectWON.dll" adapterTypeName="executor://mstestadapter/v1" className="TestProjectWON.UnitTest1" name="TestMethod784" />
    </UnitTest>
    <UnitTest name="TestMethod666" storage="c:\agent\_work\8\s\testprojectwon\bin\release\testprojectwon.dll" id="e98717dc-db9f-7dce-27fc-a1c52c45cc6b">
      <Execution id="8ce6b92f-ae39-495a-858b-88d189210f9c" />
      <TestMethod codeBase="C:\agent\_work\8\s\TestProjectWON\bin\Release\TestProjectWON.dll" adapterTypeName="executor://mstestadapter/v1" className="TestProjectWON.UnitTest1" name="TestMethod666" />
    </UnitTest>
    <UnitTest name="TestMethod762" storage="c:\agent\_work\8\s\testprojectwon\bin\release\testprojectwon.dll" id="0982bbc2-1c72-d9d0-5afb-0ccc4ad492e3">
      <Execution id="2b1f6756-4f01-4297-8c67-08bcf97cb07b" />
      <TestMethod codeBase="C:\agent\_work\8\s\TestProjectWON\bin\Release\TestProjectWON.dll" adapterTypeName="executor://mstestadapter/v1" className="TestProjectWON.UnitTest1" name="TestMethod762" />
    </UnitTest>
    <UnitTest name="TestMethod965" storage="c:\agent\_work\8\s\testprojectwon\bin\release\testprojectwon.dll" id="b7e3ed28-8792-7bc7-d8bb-08f9024403b9">
      <Execution id="5417ba6f-7dd7-415e-8d0a-fea739af1647" />
      <TestMethod codeBase="C:\agent\_work\8\s\TestProjectWON\bin\Release\TestProjectWON.dll" adapterTypeName="executor://mstestadapter/v1" className="TestProjectWON.UnitTest1" name="TestMethod965" />
    </UnitTest>
    <UnitTest name="TestMethod261" storage="c:\agent\_work\8\s\testprojectwon\bin\release\testprojectwon.dll" id="bb9c2e9b-3b0b-a046-d485-0e15e3c4139e">
      <Execution id="d1b612e1-99e8-4aaa-907e-197b7fa22051" />
      <TestMethod codeBase="C:\agent\_work\8\s\TestProjectWON\bin\Release\TestProjectWON.dll" adapterTypeName="executor://mstestadapter/v1" className="TestProjectWON.UnitTest1" name="TestMethod261" />
    </UnitTest>
    <UnitTest name="TestMethod923" storage="c:\agent\_work\8\s\testprojectwon\bin\release\testprojectwon.dll" id="23389cd4-cd53-51f9-ea03-100b46c66dea">
      <Execution id="f9aaa44c-d8ab-4b39-948c-29661da1ef6d" />
      <TestMethod codeBase="C:\agent\_work\8\s\TestProjectWON\bin\Release\TestProjectWON.dll" adapterTypeName="executor://mstestadapter/v1" className="TestProjectWON.UnitTest1" name="TestMethod923" />
    </UnitTest>
    <UnitTest name="TestMethod886" storage="c:\agent\_work\8\s\testprojectwon\bin\release\testprojectwon.dll" id="04b3c1ab-4a60-2262-771f-1c02badca77a">
      <Execution id="2a3572bb-a8e3-425b-9061-e426e1f68073" />
      <TestMethod codeBase="C:\agent\_work\8\s\TestProjectWON\bin\Release\TestProjectWON.dll" adapterTypeName="executor://mstestadapter/v1" className="TestProjectWON.UnitTest1" name="TestMethod886" />
    </UnitTest>
    <UnitTest name="TestMethod931" storage="c:\agent\_work\8\s\testprojectwon\bin\release\testprojectwon.dll" id="f6b36be6-03b8-eb53-2bd6-1d05045cd042">
      <Execution id="c27a61d1-3ade-4932-9243-a0b065fd7fb7" />
      <TestMethod codeBase="C:\agent\_work\8\s\TestProjectWON\bin\Release\TestProjectWON.dll" adapterTypeName="executor://mstestadapter/v1" className="TestProjectWON.UnitTest1" name="TestMethod931" />
    </UnitTest>
    <UnitTest name="TestMethod216" storage="c:\agent\_work\8\s\testprojectwon\bin\release\testprojectwon.dll" id="57f3d555-cd2f-6706-4d71-3065edac0980">
      <Execution id="efa676c1-4407-40cd-9e4a-c3fd1ecc1afa" />
      <TestMethod codeBase="C:\agent\_work\8\s\TestProjectWON\bin\Release\TestProjectWON.dll" adapterTypeName="executor://mstestadapter/v1" className="TestProjectWON.UnitTest1" name="TestMethod216" />
    </UnitTest>
    <UnitTest name="TestMethod769" storage="c:\agent\_work\8\s\testprojectwon\bin\release\testprojectwon.dll" id="4a481a7b-b096-4b45-fb70-1b89a292bf05">
      <Execution id="36323509-243b-465b-a6f0-a4bd2f3810a3" />
      <TestMethod codeBase="C:\agent\_work\8\s\TestProjectWON\bin\Release\TestProjectWON.dll" adapterTypeName="executor://mstestadapter/v1" className="TestProjectWON.UnitTest1" name="TestMethod769" />
    </UnitTest>
    <UnitTest name="TestMethod120" storage="c:\agent\_work\8\s\testprojectwon\bin\release\testprojectwon.dll" id="56dce2a6-7d7c-543f-167f-fb8c43f5f7f8">
      <Execution id="8647bfb0-61cc-4a8f-8f06-ac662df6bcfc" />
      <TestMethod codeBase="C:\agent\_work\8\s\TestProjectWON\bin\Release\TestProjectWON.dll" adapterTypeName="executor://mstestadapter/v1" className="TestProjectWON.UnitTest1" name="TestMethod120" />
    </UnitTest>
    <UnitTest name="TestMethod909" storage="c:\agent\_work\8\s\testprojectwon\bin\release\testprojectwon.dll" id="bdbabfef-fc71-7a90-c6ce-f231309a0e74">
      <Execution id="b8bf5102-ea3d-4a1e-be39-0fdd2987f2ac" />
      <TestMethod codeBase="C:\agent\_work\8\s\TestProjectWON\bin\Release\TestProjectWON.dll" adapterTypeName="executor://mstestadapter/v1" className="TestProjectWON.UnitTest1" name="TestMethod909" />
    </UnitTest>
    <UnitTest name="TestMethod49" storage="c:\agent\_work\8\s\testprojectwon\bin\release\testprojectwon.dll" id="a33958a2-0607-6a6b-b983-bf2c005e35ff">
      <Execution id="55871919-5847-48f7-b8c1-3ed968f646ab" />
      <TestMethod codeBase="C:\agent\_work\8\s\TestProjectWON\bin\Release\TestProjectWON.dll" adapterTypeName="executor://mstestadapter/v1" className="TestProjectWON.UnitTest1" name="TestMethod49" />
    </UnitTest>
    <UnitTest name="TestMethod97" storage="c:\agent\_work\8\s\testprojectwon\bin\release\testprojectwon.dll" id="3f7d169c-1c92-efb0-f94c-315afeaae0a1">
      <Execution id="8c941c2f-a707-4292-bace-d453adfa8279" />
      <TestMethod codeBase="C:\agent\_work\8\s\TestProjectWON\bin\Release\TestProjectWON.dll" adapterTypeName="executor://mstestadapter/v1" className="TestProjectWON.UnitTest1" name="TestMethod97" />
    </UnitTest>
    <UnitTest name="TestMethod251" storage="c:\agent\_work\8\s\testprojectwon\bin\release\testprojectwon.dll" id="ba53baed-f5ba-708c-6942-501f1bbdacdf">
      <Execution id="2fd57260-c991-4f35-b522-5ad34bf5ed9d" />
      <TestMethod codeBase="C:\agent\_work\8\s\TestProjectWON\bin\Release\TestProjectWON.dll" adapterTypeName="executor://mstestadapter/v1" className="TestProjectWON.UnitTest1" name="TestMethod251" />
    </UnitTest>
    <UnitTest name="TestMethod572" storage="c:\agent\_work\8\s\testprojectwon\bin\release\testprojectwon.dll" id="29bcff61-a43a-2ea4-43f4-7055d5db65f3">
      <Execution id="82f78d72-b1a7-42cb-a7e2-b6c495c103cd" />
      <TestMethod codeBase="C:\agent\_work\8\s\TestProjectWON\bin\Release\TestProjectWON.dll" adapterTypeName="executor://mstestadapter/v1" className="TestProjectWON.UnitTest1" name="TestMethod572" />
    </UnitTest>
    <UnitTest name="TestMethod349" storage="c:\agent\_work\8\s\testprojectwon\bin\release\testprojectwon.dll" id="52f276d9-f753-b409-bc48-bc36d2a455cb">
      <Execution id="42d5b6a3-cea1-4943-9b54-c724d4bd8188" />
      <TestMethod codeBase="C:\agent\_work\8\s\TestProjectWON\bin\Release\TestProjectWON.dll" adapterTypeName="executor://mstestadapter/v1" className="TestProjectWON.UnitTest1" name="TestMethod349" />
    </UnitTest>
    <UnitTest name="TestMethod540" storage="c:\agent\_work\8\s\testprojectwon\bin\release\testprojectwon.dll" id="22a69a6d-9667-50e5-bfaf-3f826e30327e">
      <Execution id="04c92a87-e4fd-40e7-a331-c63764f50c9b" />
      <TestMethod codeBase="C:\agent\_work\8\s\TestProjectWON\bin\Release\TestProjectWON.dll" adapterTypeName="executor://mstestadapter/v1" className="TestProjectWON.UnitTest1" name="TestMethod540" />
    </UnitTest>
    <UnitTest name="TestMethod1" storage="c:\agent\_work\8\s\testprojectwon\bin\release\testprojectwon.dll" id="0f12f85e-9cd9-1df2-e194-7f640d154ed3">
      <Execution id="4853779f-c8f6-4f39-b950-a25233530a2e" />
      <TestMethod codeBase="C:\agent\_work\8\s\TestProjectWON\bin\Release\TestProjectWON.dll" adapterTypeName="executor://mstestadapter/v1" className="TestProjectWON.UnitTest1" name="TestMethod1" />
    </UnitTest>
    <UnitTest name="TestMethod694" storage="c:\agent\_work\8\s\testprojectwon\bin\release\testprojectwon.dll" id="5bfa0415-d410-d5d9-e938-8abefaeaacba">
      <Execution id="7947856a-369f-494b-ab7b-4b78ef34c5b9" />
      <TestMethod codeBase="C:\agent\_work\8\s\TestProjectWON\bin\Release\TestProjectWON.dll" adapterTypeName="executor://mstestadapter/v1" className="TestProjectWON.UnitTest1" name="TestMethod694" />
    </UnitTest>
    <UnitTest name="TestMethod453" storage="c:\agent\_work\8\s\testprojectwon\bin\release\testprojectwon.dll" id="58e324dc-22f5-3a17-cd89-fe29db5bf094">
      <Execution id="91cc9cb6-6148-4b6c-8003-ce11fcf4cd65" />
      <TestMethod codeBase="C:\agent\_work\8\s\TestProjectWON\bin\Release\TestProjectWON.dll" adapterTypeName="executor://mstestadapter/v1" className="TestProjectWON.UnitTest1" name="TestMethod453" />
    </UnitTest>
    <UnitTest name="TestMethod231" storage="c:\agent\_work\8\s\testprojectwon\bin\release\testprojectwon.dll" id="12cada9a-8630-cfe1-1b0a-b85143964cd4">
      <Execution id="8ec0cbc1-6305-4282-8ec3-0305e2e16a87" />
      <TestMethod codeBase="C:\agent\_work\8\s\TestProjectWON\bin\Release\TestProjectWON.dll" adapterTypeName="executor://mstestadapter/v1" className="TestProjectWON.UnitTest1" name="TestMethod231" />
    </UnitTest>
    <UnitTest name="TestMethod945" storage="c:\agent\_work\8\s\testprojectwon\bin\release\testprojectwon.dll" id="3c2a4f16-ae18-3a36-2055-5632e5b769d7">
      <Execution id="698f0095-8e47-443f-9d45-ddbe7901e849" />
      <TestMethod codeBase="C:\agent\_work\8\s\TestProjectWON\bin\Release\TestProjectWON.dll" adapterTypeName="executor://mstestadapter/v1" className="TestProjectWON.UnitTest1" name="TestMethod945" />
    </UnitTest>
    <UnitTest name="TestMethod519" storage="c:\agent\_work\8\s\testprojectwon\bin\release\testprojectwon.dll" id="5ae7d4be-ba8d-cec7-7292-630f0d9fb493">
      <Execution id="f5a14cf7-540f-457d-a3f7-f8caf157ca33" />
      <TestMethod codeBase="C:\agent\_work\8\s\TestProjectWON\bin\Release\TestProjectWON.dll" adapterTypeName="executor://mstestadapter/v1" className="TestProjectWON.UnitTest1" name="TestMethod519" />
    </UnitTest>
    <UnitTest name="TestMethod256" storage="c:\agent\_work\8\s\testprojectwon\bin\release\testprojectwon.dll" id="ce535f01-343a-d676-b641-8fa40671efc4">
      <Execution id="c69ba226-cbb7-48b9-ad4a-5359df017aea" />
      <TestMethod codeBase="C:\agent\_work\8\s\TestProjectWON\bin\Release\TestProjectWON.dll" adapterTypeName="executor://mstestadapter/v1" className="TestProjectWON.UnitTest1" name="TestMethod256" />
    </UnitTest>
    <UnitTest name="TestMethod78" storage="c:\agent\_work\8\s\testprojectwon\bin\release\testprojectwon.dll" id="c620e2d6-530c-58b3-510d-820d526ceb4b">
      <Execution id="8daa1b69-66f6-408e-a45b-c6d7b7046a37" />
      <TestMethod codeBase="C:\agent\_work\8\s\TestProjectWON\bin\Release\TestProjectWON.dll" adapterTypeName="executor://mstestadapter/v1" className="TestProjectWON.UnitTest1" name="TestMethod78" />
    </UnitTest>
    <UnitTest name="TestMethod770" storage="c:\agent\_work\8\s\testprojectwon\bin\release\testprojectwon.dll" id="d5556391-3e14-ea54-edb2-908d5b097d5b">
      <Execution id="ed0b6e31-4cc2-42cd-a73b-52e1e9ddab46" />
      <TestMethod codeBase="C:\agent\_work\8\s\TestProjectWON\bin\Release\TestProjectWON.dll" adapterTypeName="executor://mstestadapter/v1" className="TestProjectWON.UnitTest1" name="TestMethod770" />
    </UnitTest>
    <UnitTest name="TestMethod815" storage="c:\agent\_work\8\s\testprojectwon\bin\release\testprojectwon.dll" id="57617edb-f469-e6ae-a1d6-6ef9c44c5b8e">
      <Execution id="969fb185-4426-45a8-9ff3-a44b772540f0" />
      <TestMethod codeBase="C:\agent\_work\8\s\TestProjectWON\bin\Release\TestProjectWON.dll" adapterTypeName="executor://mstestadapter/v1" className="TestProjectWON.UnitTest1" name="TestMethod815" />
    </UnitTest>
    <UnitTest name="TestMethod502" storage="c:\agent\_work\8\s\testprojectwon\bin\release\testprojectwon.dll" id="8c1e5349-f7f5-d219-bcb3-94d6fb158aa8">
      <Execution id="08c2dd0a-4934-4c0b-8c9c-b533e23be4c3" />
      <TestMethod codeBase="C:\agent\_work\8\s\TestProjectWON\bin\Release\TestProjectWON.dll" adapterTypeName="executor://mstestadapter/v1" className="TestProjectWON.UnitTest1" name="TestMethod502" />
    </UnitTest>
    <UnitTest name="TestMethod846" storage="c:\agent\_work\8\s\testprojectwon\bin\release\testprojectwon.dll" id="50d3bc90-e64c-a7a4-3c89-41f45e1b2071">
      <Execution id="44ddbc8a-aed0-4689-8dbb-77b78fff7063" />
      <TestMethod codeBase="C:\agent\_work\8\s\TestProjectWON\bin\Release\TestProjectWON.dll" adapterTypeName="executor://mstestadapter/v1" className="TestProjectWON.UnitTest1" name="TestMethod846" />
    </UnitTest>
    <UnitTest name="TestMethod776" storage="c:\agent\_work\8\s\testprojectwon\bin\release\testprojectwon.dll" id="557323f1-762d-0e65-0c5b-d25e4cb24afe">
      <Execution id="120b39f6-fe65-4b2d-aa75-cf142069a182" />
      <TestMethod codeBase="C:\agent\_work\8\s\TestProjectWON\bin\Release\TestProjectWON.dll" adapterTypeName="executor://mstestadapter/v1" className="TestProjectWON.UnitTest1" name="TestMethod776" />
    </UnitTest>
    <UnitTest name="TestMethod859" storage="c:\agent\_work\8\s\testprojectwon\bin\release\testprojectwon.dll" id="5011fa05-fc7a-5b36-1a94-4fac9b8df85f">
      <Execution id="463ccb73-be02-401f-8729-aaed772b8065" />
      <TestMethod codeBase="C:\agent\_work\8\s\TestProjectWON\bin\Release\TestProjectWON.dll" adapterTypeName="executor://mstestadapter/v1" className="TestProjectWON.UnitTest1" name="TestMethod859" />
    </UnitTest>
    <UnitTest name="TestMethod517" storage="c:\agent\_work\8\s\testprojectwon\bin\release\testprojectwon.dll" id="fbfb4c6b-296d-71e8-ed22-bf18fd31fa79">
      <Execution id="f574d531-b2f7-4d74-8847-68a4c1663969" />
      <TestMethod codeBase="C:\agent\_work\8\s\TestProjectWON\bin\Release\TestProjectWON.dll" adapterTypeName="executor://mstestadapter/v1" className="TestProjectWON.UnitTest1" name="TestMethod517" />
    </UnitTest>
    <UnitTest name="TestMethod752" storage="c:\agent\_work\8\s\testprojectwon\bin\release\testprojectwon.dll" id="33dbfa51-48d5-b1fc-ce45-3e93c43464c3">
      <Execution id="614abd02-8467-4faf-b5a5-8aaa7ff60935" />
      <TestMethod codeBase="C:\agent\_work\8\s\TestProjectWON\bin\Release\TestProjectWON.dll" adapterTypeName="executor://mstestadapter/v1" className="TestProjectWON.UnitTest1" name="TestMethod752" />
    </UnitTest>
    <UnitTest name="TestMethod818" storage="c:\agent\_work\8\s\testprojectwon\bin\release\testprojectwon.dll" id="534302db-0287-6583-3540-ca5566ff48f9">
      <Execution id="ae079662-f26a-4d16-8a24-afc6f612f9fd" />
      <TestMethod codeBase="C:\agent\_work\8\s\TestProjectWON\bin\Release\TestProjectWON.dll" adapterTypeName="executor://mstestadapter/v1" className="TestProjectWON.UnitTest1" name="TestMethod818" />
    </UnitTest>
    <UnitTest name="TestMethod482" storage="c:\agent\_work\8\s\testprojectwon\bin\release\testprojectwon.dll" id="67c70b3c-98a4-026b-27ef-4740e1d0d49c">
      <Execution id="0504964b-1415-42ad-bd21-42c3cb4e9caa" />
      <TestMethod codeBase="C:\agent\_work\8\s\TestProjectWON\bin\Release\TestProjectWON.dll" adapterTypeName="executor://mstestadapter/v1" className="TestProjectWON.UnitTest1" name="TestMethod482" />
    </UnitTest>
    <UnitTest name="TestMethod384" storage="c:\agent\_work\8\s\testprojectwon\bin\release\testprojectwon.dll" id="4d6d5bbf-2c92-7539-9ffa-55db00723a35">
      <Execution id="d5d4b1c3-2509-4fdd-be24-15ba9c50476c" />
      <TestMethod codeBase="C:\agent\_work\8\s\TestProjectWON\bin\Release\TestProjectWON.dll" adapterTypeName="executor://mstestadapter/v1" className="TestProjectWON.UnitTest1" name="TestMethod384" />
    </UnitTest>
    <UnitTest name="TestMethod704" storage="c:\agent\_work\8\s\testprojectwon\bin\release\testprojectwon.dll" id="e6325c4d-0d1b-48f8-5d01-528c8025c1ef">
      <Execution id="a526f6c9-170c-4299-824e-a910aee5df43" />
      <TestMethod codeBase="C:\agent\_work\8\s\TestProjectWON\bin\Release\TestProjectWON.dll" adapterTypeName="executor://mstestadapter/v1" className="TestProjectWON.UnitTest1" name="TestMethod704" />
    </UnitTest>
    <UnitTest name="TestMethod919" storage="c:\agent\_work\8\s\testprojectwon\bin\release\testprojectwon.dll" id="6bb02424-1709-b077-6723-ac6e88c80cd5">
      <Execution id="d6c42db2-5a24-4389-bb95-b49541a7263d" />
      <TestMethod codeBase="C:\agent\_work\8\s\TestProjectWON\bin\Release\TestProjectWON.dll" adapterTypeName="executor://mstestadapter/v1" className="TestProjectWON.UnitTest1" name="TestMethod919" />
    </UnitTest>
    <UnitTest name="TestMethod768" storage="c:\agent\_work\8\s\testprojectwon\bin\release\testprojectwon.dll" id="2daa125b-cbaf-bd8c-2afa-e5e7a5b0028e">
      <Execution id="292078d4-25a0-4ff8-8cf1-115d937b62e5" />
      <TestMethod codeBase="C:\agent\_work\8\s\TestProjectWON\bin\Release\TestProjectWON.dll" adapterTypeName="executor://mstestadapter/v1" className="TestProjectWON.UnitTest1" name="TestMethod768" />
    </UnitTest>
    <UnitTest name="TestMethod583" storage="c:\agent\_work\8\s\testprojectwon\bin\release\testprojectwon.dll" id="00fd6b05-3592-861b-e359-5a574ee443d0">
      <Execution id="1c9ae0fc-b742-47bf-9ee4-88337bbcb9e4" />
      <TestMethod codeBase="C:\agent\_work\8\s\TestProjectWON\bin\Release\TestProjectWON.dll" adapterTypeName="executor://mstestadapter/v1" className="TestProjectWON.UnitTest1" name="TestMethod583" />
    </UnitTest>
    <UnitTest name="TestMethod208" storage="c:\agent\_work\8\s\testprojectwon\bin\release\testprojectwon.dll" id="65d02e26-f6f3-f5a7-04d0-8af53f7c9611">
      <Execution id="555c5cdd-e322-463f-83d9-732b845a1f38" />
      <TestMethod codeBase="C:\agent\_work\8\s\TestProjectWON\bin\Release\TestProjectWON.dll" adapterTypeName="executor://mstestadapter/v1" className="TestProjectWON.UnitTest1" name="TestMethod208" />
    </UnitTest>
    <UnitTest name="TestMethod16" storage="c:\agent\_work\8\s\testprojectwon\bin\release\testprojectwon.dll" id="e71a91da-b3c4-885a-d728-3ffbbbcbfe98">
      <Execution id="c7336157-6089-4149-9a6d-21811a35ef1e" />
      <TestMethod codeBase="C:\agent\_work\8\s\TestProjectWON\bin\Release\TestProjectWON.dll" adapterTypeName="executor://mstestadapter/v1" className="TestProjectWON.UnitTest1" name="TestMethod16" />
    </UnitTest>
    <UnitTest name="TestMethod110" storage="c:\agent\_work\8\s\testprojectwon\bin\release\testprojectwon.dll" id="a89cf446-c585-fd98-80b0-38f7aa0529d6">
      <Execution id="f3402b7b-1281-4261-ad58-6aab0b40a27a" />
      <TestMethod codeBase="C:\agent\_work\8\s\TestProjectWON\bin\Release\TestProjectWON.dll" adapterTypeName="executor://mstestadapter/v1" className="TestProjectWON.UnitTest1" name="TestMethod110" />
    </UnitTest>
    <UnitTest name="TestMethod872" storage="c:\agent\_work\8\s\testprojectwon\bin\release\testprojectwon.dll" id="88a25c0e-eefa-34c3-e382-69843b35f78f">
      <Execution id="c7cd0b2f-0124-4fa0-883c-a48d2e688b28" />
      <TestMethod codeBase="C:\agent\_work\8\s\TestProjectWON\bin\Release\TestProjectWON.dll" adapterTypeName="executor://mstestadapter/v1" className="TestProjectWON.UnitTest1" name="TestMethod872" />
    </UnitTest>
    <UnitTest name="TestMethod717" storage="c:\agent\_work\8\s\testprojectwon\bin\release\testprojectwon.dll" id="2ecfc8f7-1da9-03cf-aea8-8b08aefcadf3">
      <Execution id="c5d52f00-8fb2-4412-804d-77186e2d50c0" />
      <TestMethod codeBase="C:\agent\_work\8\s\TestProjectWON\bin\Release\TestProjectWON.dll" adapterTypeName="executor://mstestadapter/v1" className="TestProjectWON.UnitTest1" name="TestMethod717" />
    </UnitTest>
    <UnitTest name="TestMethod741" storage="c:\agent\_work\8\s\testprojectwon\bin\release\testprojectwon.dll" id="3ce26c14-dccf-218f-7d07-5063518d55e6">
      <Execution id="2f92233e-9ca3-43d0-9679-5c366c54a4d8" />
      <TestMethod codeBase="C:\agent\_work\8\s\TestProjectWON\bin\Release\TestProjectWON.dll" adapterTypeName="executor://mstestadapter/v1" className="TestProjectWON.UnitTest1" name="TestMethod741" />
    </UnitTest>
    <UnitTest name="TestMethod705" storage="c:\agent\_work\8\s\testprojectwon\bin\release\testprojectwon.dll" id="4bc627cd-508d-6844-b866-7ab76843038f">
      <Execution id="6102d67c-fc8c-4519-ad73-63456c9af748" />
      <TestMethod codeBase="C:\agent\_work\8\s\TestProjectWON\bin\Release\TestProjectWON.dll" adapterTypeName="executor://mstestadapter/v1" className="TestProjectWON.UnitTest1" name="TestMethod705" />
    </UnitTest>
    <UnitTest name="TestMethod610" storage="c:\agent\_work\8\s\testprojectwon\bin\release\testprojectwon.dll" id="bf375141-0c02-f82b-1ecd-b36c1b60e46f">
      <Execution id="aec6b3fe-1e71-4bde-91e3-e147118b6d7c" />
      <TestMethod codeBase="C:\agent\_work\8\s\TestProjectWON\bin\Release\TestProjectWON.dll" adapterTypeName="executor://mstestadapter/v1" className="TestProjectWON.UnitTest1" name="TestMethod610" />
    </UnitTest>
    <UnitTest name="TestMethod200" storage="c:\agent\_work\8\s\testprojectwon\bin\release\testprojectwon.dll" id="5c89a79c-3302-59fb-0a7f-dd6efcecc99f">
      <Execution id="47192a69-470f-4b96-94cc-ed3305766b17" />
      <TestMethod codeBase="C:\agent\_work\8\s\TestProjectWON\bin\Release\TestProjectWON.dll" adapterTypeName="executor://mstestadapter/v1" className="TestProjectWON.UnitTest1" name="TestMethod200" />
    </UnitTest>
    <UnitTest name="TestMethod791" storage="c:\agent\_work\8\s\testprojectwon\bin\release\testprojectwon.dll" id="2f782a60-41d8-3f0c-3c0c-6b08996aadd4">
      <Execution id="ef1157d6-71ba-40b1-a41f-91e9a47a1097" />
      <TestMethod codeBase="C:\agent\_work\8\s\TestProjectWON\bin\Release\TestProjectWON.dll" adapterTypeName="executor://mstestadapter/v1" className="TestProjectWON.UnitTest1" name="TestMethod791" />
    </UnitTest>
    <UnitTest name="TestMethod499" storage="c:\agent\_work\8\s\testprojectwon\bin\release\testprojectwon.dll" id="6c1b5ffd-23a5-ac1a-9ea4-975ad90a2e9d">
      <Execution id="953f9e98-cdd3-44c0-ad13-5fc0400f1014" />
      <TestMethod codeBase="C:\agent\_work\8\s\TestProjectWON\bin\Release\TestProjectWON.dll" adapterTypeName="executor://mstestadapter/v1" className="TestProjectWON.UnitTest1" name="TestMethod499" />
    </UnitTest>
    <UnitTest name="TestMethod700" storage="c:\agent\_work\8\s\testprojectwon\bin\release\testprojectwon.dll" id="66d7339d-8b14-305d-ad84-b3435c7ed48d">
      <Execution id="ecd66f73-bce1-44a7-8433-bfdbb77ab40e" />
      <TestMethod codeBase="C:\agent\_work\8\s\TestProjectWON\bin\Release\TestProjectWON.dll" adapterTypeName="executor://mstestadapter/v1" className="TestProjectWON.UnitTest1" name="TestMethod700" />
    </UnitTest>
    <UnitTest name="TestMethod526" storage="c:\agent\_work\8\s\testprojectwon\bin\release\testprojectwon.dll" id="7ce30dfb-2211-8640-4a16-31e97becf323">
      <Execution id="0db3eb9e-a644-4c28-8d41-17fbdef86fac" />
      <TestMethod codeBase="C:\agent\_work\8\s\TestProjectWON\bin\Release\TestProjectWON.dll" adapterTypeName="executor://mstestadapter/v1" className="TestProjectWON.UnitTest1" name="TestMethod526" />
    </UnitTest>
    <UnitTest name="TestMethod301" storage="c:\agent\_work\8\s\testprojectwon\bin\release\testprojectwon.dll" id="750c3025-3439-f741-9b19-4bfbbd559e8b">
      <Execution id="a0e99ee7-8b04-4302-b4b3-15e134d0440f" />
      <TestMethod codeBase="C:\agent\_work\8\s\TestProjectWON\bin\Release\TestProjectWON.dll" adapterTypeName="executor://mstestadapter/v1" className="TestProjectWON.UnitTest1" name="TestMethod301" />
    </UnitTest>
    <UnitTest name="TestMethod51" storage="c:\agent\_work\8\s\testprojectwon\bin\release\testprojectwon.dll" id="525fbde5-5aa3-0da1-f6c9-ea38b155bd8a">
      <Execution id="f402fb1d-d12a-454e-a584-cdfc0c221b21" />
      <TestMethod codeBase="C:\agent\_work\8\s\TestProjectWON\bin\Release\TestProjectWON.dll" adapterTypeName="executor://mstestadapter/v1" className="TestProjectWON.UnitTest1" name="TestMethod51" />
    </UnitTest>
    <UnitTest name="TestMethod368" storage="c:\agent\_work\8\s\testprojectwon\bin\release\testprojectwon.dll" id="de656884-06bc-c865-1cb8-9caa897a1ba9">
      <Execution id="777e6dfb-0196-4173-b454-7913203e3203" />
      <TestMethod codeBase="C:\agent\_work\8\s\TestProjectWON\bin\Release\TestProjectWON.dll" adapterTypeName="executor://mstestadapter/v1" className="TestProjectWON.UnitTest1" name="TestMethod368" />
    </UnitTest>
    <UnitTest name="TestMethod421" storage="c:\agent\_work\8\s\testprojectwon\bin\release\testprojectwon.dll" id="e85b2f4b-9415-e5ab-d943-269429563998">
      <Execution id="e24f2b9d-14d5-469a-8994-f96c7d18e1c3" />
      <TestMethod codeBase="C:\agent\_work\8\s\TestProjectWON\bin\Release\TestProjectWON.dll" adapterTypeName="executor://mstestadapter/v1" className="TestProjectWON.UnitTest1" name="TestMethod421" />
    </UnitTest>
    <UnitTest name="TestMethod646" storage="c:\agent\_work\8\s\testprojectwon\bin\release\testprojectwon.dll" id="c95e9ddb-a6a6-1d80-1dd1-cce37ce3dde2">
      <Execution id="4073fa72-10e0-4820-a184-c2e39b1e97c1" />
      <TestMethod codeBase="C:\agent\_work\8\s\TestProjectWON\bin\Release\TestProjectWON.dll" adapterTypeName="executor://mstestadapter/v1" className="TestProjectWON.UnitTest1" name="TestMethod646" />
    </UnitTest>
    <UnitTest name="TestMethod157" storage="c:\agent\_work\8\s\testprojectwon\bin\release\testprojectwon.dll" id="8b2f8dee-5111-0e66-4cbd-d2d21db27954">
      <Execution id="fa600612-c1f1-4007-b3fb-83f2932d150d" />
      <TestMethod codeBase="C:\agent\_work\8\s\TestProjectWON\bin\Release\TestProjectWON.dll" adapterTypeName="executor://mstestadapter/v1" className="TestProjectWON.UnitTest1" name="TestMethod157" />
    </UnitTest>
    <UnitTest name="TestMethod392" storage="c:\agent\_work\8\s\testprojectwon\bin\release\testprojectwon.dll" id="808539b7-31ea-bf3a-7c7f-4cbfe8749def">
      <Execution id="1baee974-0ad4-495d-b32e-febc2f0518e9" />
      <TestMethod codeBase="C:\agent\_work\8\s\TestProjectWON\bin\Release\TestProjectWON.dll" adapterTypeName="executor://mstestadapter/v1" className="TestProjectWON.UnitTest1" name="TestMethod392" />
    </UnitTest>
    <UnitTest name="TestMethod924" storage="c:\agent\_work\8\s\testprojectwon\bin\release\testprojectwon.dll" id="1406500a-04ca-57f0-a5cb-8c6eb46c5bb0">
      <Execution id="7ae22837-4655-47ab-9d93-a6707fafeffd" />
      <TestMethod codeBase="C:\agent\_work\8\s\TestProjectWON\bin\Release\TestProjectWON.dll" adapterTypeName="executor://mstestadapter/v1" className="TestProjectWON.UnitTest1" name="TestMethod924" />
    </UnitTest>
    <UnitTest name="TestMethod578" storage="c:\agent\_work\8\s\testprojectwon\bin\release\testprojectwon.dll" id="5bfb389a-4f2c-6e73-6433-c56f5e1e39b5">
      <Execution id="06399861-c807-4deb-b884-3861f4d02dc8" />
      <TestMethod codeBase="C:\agent\_work\8\s\TestProjectWON\bin\Release\TestProjectWON.dll" adapterTypeName="executor://mstestadapter/v1" className="TestProjectWON.UnitTest1" name="TestMethod578" />
    </UnitTest>
    <UnitTest name="TestMethod163" storage="c:\agent\_work\8\s\testprojectwon\bin\release\testprojectwon.dll" id="4310afc1-7beb-dea9-0052-28581d93ccc2">
      <Execution id="ff57eb9a-5ed9-4064-859e-946441ad6d70" />
      <TestMethod codeBase="C:\agent\_work\8\s\TestProjectWON\bin\Release\TestProjectWON.dll" adapterTypeName="executor://mstestadapter/v1" className="TestProjectWON.UnitTest1" name="TestMethod163" />
    </UnitTest>
    <UnitTest name="TestMethod971" storage="c:\agent\_work\8\s\testprojectwon\bin\release\testprojectwon.dll" id="cca9ff46-c03b-4f70-658c-c974de0acf12">
      <Execution id="bbae3ca9-6738-45fd-9773-92388dd1059c" />
      <TestMethod codeBase="C:\agent\_work\8\s\TestProjectWON\bin\Release\TestProjectWON.dll" adapterTypeName="executor://mstestadapter/v1" className="TestProjectWON.UnitTest1" name="TestMethod971" />
    </UnitTest>
    <UnitTest name="TestMethod465" storage="c:\agent\_work\8\s\testprojectwon\bin\release\testprojectwon.dll" id="506498db-f38a-3595-db9e-8fd38f07948e">
      <Execution id="bea03d42-f1c4-4b75-929b-ef1fa185fec3" />
      <TestMethod codeBase="C:\agent\_work\8\s\TestProjectWON\bin\Release\TestProjectWON.dll" adapterTypeName="executor://mstestadapter/v1" className="TestProjectWON.UnitTest1" name="TestMethod465" />
    </UnitTest>
    <UnitTest name="TestMethod288" storage="c:\agent\_work\8\s\testprojectwon\bin\release\testprojectwon.dll" id="871f8fb2-ea4c-5888-ad3a-806fd772a2ef">
      <Execution id="8057f3be-50ab-4533-a380-e72dd75e0c73" />
      <TestMethod codeBase="C:\agent\_work\8\s\TestProjectWON\bin\Release\TestProjectWON.dll" adapterTypeName="executor://mstestadapter/v1" className="TestProjectWON.UnitTest1" name="TestMethod288" />
    </UnitTest>
    <UnitTest name="TestMethod180" storage="c:\agent\_work\8\s\testprojectwon\bin\release\testprojectwon.dll" id="820f3ace-3e93-711d-0339-aea4c38fcae6">
      <Execution id="2c8efae6-cf9c-4783-a16c-7ff0461b1b0a" />
      <TestMethod codeBase="C:\agent\_work\8\s\TestProjectWON\bin\Release\TestProjectWON.dll" adapterTypeName="executor://mstestadapter/v1" className="TestProjectWON.UnitTest1" name="TestMethod180" />
    </UnitTest>
    <UnitTest name="TestMethod781" storage="c:\agent\_work\8\s\testprojectwon\bin\release\testprojectwon.dll" id="94129aad-7407-53c9-598d-956a8c8811cb">
      <Execution id="fe0447ad-3200-4e70-b4ef-8f331c7a9978" />
      <TestMethod codeBase="C:\agent\_work\8\s\TestProjectWON\bin\Release\TestProjectWON.dll" adapterTypeName="executor://mstestadapter/v1" className="TestProjectWON.UnitTest1" name="TestMethod781" />
    </UnitTest>
    <UnitTest name="TestMethod19" storage="c:\agent\_work\8\s\testprojectwon\bin\release\testprojectwon.dll" id="eed6059b-448f-9450-7b36-e01e8b5e1322">
      <Execution id="ca85f629-d3ba-4556-83c9-14026bed890f" />
      <TestMethod codeBase="C:\agent\_work\8\s\TestProjectWON\bin\Release\TestProjectWON.dll" adapterTypeName="executor://mstestadapter/v1" className="TestProjectWON.UnitTest1" name="TestMethod19" />
    </UnitTest>
    <UnitTest name="TestMethod278" storage="c:\agent\_work\8\s\testprojectwon\bin\release\testprojectwon.dll" id="3d23eb83-5147-5672-17a2-324762625540">
      <Execution id="46b7b8b1-5cd3-4024-95c7-97bc27b7eaee" />
      <TestMethod codeBase="C:\agent\_work\8\s\TestProjectWON\bin\Release\TestProjectWON.dll" adapterTypeName="executor://mstestadapter/v1" className="TestProjectWON.UnitTest1" name="TestMethod278" />
    </UnitTest>
    <UnitTest name="TestMethod151" storage="c:\agent\_work\8\s\testprojectwon\bin\release\testprojectwon.dll" id="45e3f4e9-8f3c-fbfa-2a52-4962f794af92">
      <Execution id="6c3f4948-1874-41fe-acc5-9932a87b0d41" />
      <TestMethod codeBase="C:\agent\_work\8\s\TestProjectWON\bin\Release\TestProjectWON.dll" adapterTypeName="executor://mstestadapter/v1" className="TestProjectWON.UnitTest1" name="TestMethod151" />
    </UnitTest>
    <UnitTest name="TestMethod749" storage="c:\agent\_work\8\s\testprojectwon\bin\release\testprojectwon.dll" id="cb06d4f5-7dd8-86f9-8e74-9b3b68994dba">
      <Execution id="6e592ee3-7cd0-47bb-9d75-f7b9a21b6dc0" />
      <TestMethod codeBase="C:\agent\_work\8\s\TestProjectWON\bin\Release\TestProjectWON.dll" adapterTypeName="executor://mstestadapter/v1" className="TestProjectWON.UnitTest1" name="TestMethod749" />
    </UnitTest>
    <UnitTest name="TestMethod884" storage="c:\agent\_work\8\s\testprojectwon\bin\release\testprojectwon.dll" id="64729b3e-9085-5c69-7b5e-5676ffd45abb">
      <Execution id="e8cda0c1-40cc-4f4f-9bda-57607fa417c9" />
      <TestMethod codeBase="C:\agent\_work\8\s\TestProjectWON\bin\Release\TestProjectWON.dll" adapterTypeName="executor://mstestadapter/v1" className="TestProjectWON.UnitTest1" name="TestMethod884" />
    </UnitTest>
    <UnitTest name="TestMethod546" storage="c:\agent\_work\8\s\testprojectwon\bin\release\testprojectwon.dll" id="9dc72d09-419e-01b6-4661-8f4acf74faf2">
      <Execution id="258da054-7b39-4212-a589-7d06a294a13d" />
      <TestMethod codeBase="C:\agent\_work\8\s\TestProjectWON\bin\Release\TestProjectWON.dll" adapterTypeName="executor://mstestadapter/v1" className="TestProjectWON.UnitTest1" name="TestMethod546" />
    </UnitTest>
    <UnitTest name="TestMethod928" storage="c:\agent\_work\8\s\testprojectwon\bin\release\testprojectwon.dll" id="c519c5d5-7816-5e87-801a-d5dda1bda46d">
      <Execution id="0c02ad7b-d2f6-4741-a634-4fd9796691ea" />
      <TestMethod codeBase="C:\agent\_work\8\s\TestProjectWON\bin\Release\TestProjectWON.dll" adapterTypeName="executor://mstestadapter/v1" className="TestProjectWON.UnitTest1" name="TestMethod928" />
    </UnitTest>
    <UnitTest name="TestMethod725" storage="c:\agent\_work\8\s\testprojectwon\bin\release\testprojectwon.dll" id="d9684e0f-2086-d83e-23a3-04b6d52307fb">
      <Execution id="60e8c09b-06cb-432b-944d-d02e6b0ea342" />
      <TestMethod codeBase="C:\agent\_work\8\s\TestProjectWON\bin\Release\TestProjectWON.dll" adapterTypeName="executor://mstestadapter/v1" className="TestProjectWON.UnitTest1" name="TestMethod725" />
    </UnitTest>
    <UnitTest name="TestMethod651" storage="c:\agent\_work\8\s\testprojectwon\bin\release\testprojectwon.dll" id="1fe56e6e-28f0-eae6-cb2c-d586988f6535">
      <Execution id="64e96409-606f-4531-8026-311eeed5f8cb" />
      <TestMethod codeBase="C:\agent\_work\8\s\TestProjectWON\bin\Release\TestProjectWON.dll" adapterTypeName="executor://mstestadapter/v1" className="TestProjectWON.UnitTest1" name="TestMethod651" />
    </UnitTest>
    <UnitTest name="TestMethod817" storage="c:\agent\_work\8\s\testprojectwon\bin\release\testprojectwon.dll" id="a2f92813-cd64-b1c8-73e7-623cfb63d167">
      <Execution id="13c6e4c2-90ce-4522-bced-4ab50493893a" />
      <TestMethod codeBase="C:\agent\_work\8\s\TestProjectWON\bin\Release\TestProjectWON.dll" adapterTypeName="executor://mstestadapter/v1" className="TestProjectWON.UnitTest1" name="TestMethod817" />
    </UnitTest>
    <UnitTest name="TestMethod972" storage="c:\agent\_work\8\s\testprojectwon\bin\release\testprojectwon.dll" id="d8dcf24b-2b20-7279-783d-81a710f1dcbb">
      <Execution id="7266b85e-ae2d-4c15-84af-b101e0eb0076" />
      <TestMethod codeBase="C:\agent\_work\8\s\TestProjectWON\bin\Release\TestProjectWON.dll" adapterTypeName="executor://mstestadapter/v1" className="TestProjectWON.UnitTest1" name="TestMethod972" />
    </UnitTest>
    <UnitTest name="TestMethod932" storage="c:\agent\_work\8\s\testprojectwon\bin\release\testprojectwon.dll" id="a68f0a27-cdc8-1810-ed81-abb6b4dc6add">
      <Execution id="d03a8c4e-8fad-449c-8ade-b629246bf35a" />
      <TestMethod codeBase="C:\agent\_work\8\s\TestProjectWON\bin\Release\TestProjectWON.dll" adapterTypeName="executor://mstestadapter/v1" className="TestProjectWON.UnitTest1" name="TestMethod932" />
    </UnitTest>
    <UnitTest name="TestMethod104" storage="c:\agent\_work\8\s\testprojectwon\bin\release\testprojectwon.dll" id="bb4c3db3-78fd-98b5-aac1-0d6148da10da">
      <Execution id="6c4fb8b7-4b4f-4b16-a179-c755f3680b59" />
      <TestMethod codeBase="C:\agent\_work\8\s\TestProjectWON\bin\Release\TestProjectWON.dll" adapterTypeName="executor://mstestadapter/v1" className="TestProjectWON.UnitTest1" name="TestMethod104" />
    </UnitTest>
    <UnitTest name="TestMethod357" storage="c:\agent\_work\8\s\testprojectwon\bin\release\testprojectwon.dll" id="ccf30ecf-f5ae-1cef-1296-79e6c99f1c0e">
      <Execution id="01b47831-4be1-4d08-95a9-ad1e6d8b9d2b" />
      <TestMethod codeBase="C:\agent\_work\8\s\TestProjectWON\bin\Release\TestProjectWON.dll" adapterTypeName="executor://mstestadapter/v1" className="TestProjectWON.UnitTest1" name="TestMethod357" />
    </UnitTest>
    <UnitTest name="TestMethod425" storage="c:\agent\_work\8\s\testprojectwon\bin\release\testprojectwon.dll" id="64de363d-feac-33fe-a377-a61907fccc1b">
      <Execution id="dc7907c6-bcc0-4f00-a722-f9cb3e8c8106" />
      <TestMethod codeBase="C:\agent\_work\8\s\TestProjectWON\bin\Release\TestProjectWON.dll" adapterTypeName="executor://mstestadapter/v1" className="TestProjectWON.UnitTest1" name="TestMethod425" />
    </UnitTest>
    <UnitTest name="TestMethod207" storage="c:\agent\_work\8\s\testprojectwon\bin\release\testprojectwon.dll" id="9fa47e22-40db-d6aa-08db-2796421ca596">
      <Execution id="704c73cc-f454-4cc6-812f-5b7388fc5d2c" />
      <TestMethod codeBase="C:\agent\_work\8\s\TestProjectWON\bin\Release\TestProjectWON.dll" adapterTypeName="executor://mstestadapter/v1" className="TestProjectWON.UnitTest1" name="TestMethod207" />
    </UnitTest>
    <UnitTest name="TestMethod108" storage="c:\agent\_work\8\s\testprojectwon\bin\release\testprojectwon.dll" id="c0361266-d32e-7204-9438-73d7faeeb8bf">
      <Execution id="f67b87a0-8dd0-4e2d-88e5-6081ed34603a" />
      <TestMethod codeBase="C:\agent\_work\8\s\TestProjectWON\bin\Release\TestProjectWON.dll" adapterTypeName="executor://mstestadapter/v1" className="TestProjectWON.UnitTest1" name="TestMethod108" />
    </UnitTest>
    <UnitTest name="TestMethod838" storage="c:\agent\_work\8\s\testprojectwon\bin\release\testprojectwon.dll" id="3ff2e93f-f004-ea7a-6360-9e7eb2f35e5e">
      <Execution id="d7da19fd-a5e6-4707-acf9-97f6cd6a7436" />
      <TestMethod codeBase="C:\agent\_work\8\s\TestProjectWON\bin\Release\TestProjectWON.dll" adapterTypeName="executor://mstestadapter/v1" className="TestProjectWON.UnitTest1" name="TestMethod838" />
    </UnitTest>
    <UnitTest name="TestMethod571" storage="c:\agent\_work\8\s\testprojectwon\bin\release\testprojectwon.dll" id="f87b10d3-ed81-9fac-667c-024663b5cc14">
      <Execution id="754c213b-e7d3-4089-8d54-6c12054324a0" />
      <TestMethod codeBase="C:\agent\_work\8\s\TestProjectWON\bin\Release\TestProjectWON.dll" adapterTypeName="executor://mstestadapter/v1" className="TestProjectWON.UnitTest1" name="TestMethod571" />
    </UnitTest>
    <UnitTest name="TestMethod993" storage="c:\agent\_work\8\s\testprojectwon\bin\release\testprojectwon.dll" id="e67df717-6113-d2de-c6fc-4b51384258c8">
      <Execution id="f54fcff8-554d-4173-bad8-fe72e08f823e" />
      <TestMethod codeBase="C:\agent\_work\8\s\TestProjectWON\bin\Release\TestProjectWON.dll" adapterTypeName="executor://mstestadapter/v1" className="TestProjectWON.UnitTest1" name="TestMethod993" />
    </UnitTest>
    <UnitTest name="TestMethod206" storage="c:\agent\_work\8\s\testprojectwon\bin\release\testprojectwon.dll" id="0c7b2fd2-8b48-db79-5988-9d72354f73e1">
      <Execution id="617714c4-6821-4719-a917-effcde0c1b6b" />
      <TestMethod codeBase="C:\agent\_work\8\s\TestProjectWON\bin\Release\TestProjectWON.dll" adapterTypeName="executor://mstestadapter/v1" className="TestProjectWON.UnitTest1" name="TestMethod206" />
    </UnitTest>
    <UnitTest name="TestMethod317" storage="c:\agent\_work\8\s\testprojectwon\bin\release\testprojectwon.dll" id="ad02a006-5a0a-4f1e-ce45-4fd9f5d0e3df">
      <Execution id="d18b61fa-e9af-455b-afa4-7b0425f0febd" />
      <TestMethod codeBase="C:\agent\_work\8\s\TestProjectWON\bin\Release\TestProjectWON.dll" adapterTypeName="executor://mstestadapter/v1" className="TestProjectWON.UnitTest1" name="TestMethod317" />
    </UnitTest>
    <UnitTest name="TestMethod987" storage="c:\agent\_work\8\s\testprojectwon\bin\release\testprojectwon.dll" id="e6d12863-d67d-d92b-fed4-d345ae506505">
      <Execution id="dab373dc-58f2-41bd-8502-dba735757900" />
      <TestMethod codeBase="C:\agent\_work\8\s\TestProjectWON\bin\Release\TestProjectWON.dll" adapterTypeName="executor://mstestadapter/v1" className="TestProjectWON.UnitTest1" name="TestMethod987" />
    </UnitTest>
    <UnitTest name="TestMethod803" storage="c:\agent\_work\8\s\testprojectwon\bin\release\testprojectwon.dll" id="fb4fe1f9-4704-e605-7e31-79acd6c27b72">
      <Execution id="855f8741-7809-48e1-b6a7-eba546044469" />
      <TestMethod codeBase="C:\agent\_work\8\s\TestProjectWON\bin\Release\TestProjectWON.dll" adapterTypeName="executor://mstestadapter/v1" className="TestProjectWON.UnitTest1" name="TestMethod803" />
    </UnitTest>
    <UnitTest name="TestMethod188" storage="c:\agent\_work\8\s\testprojectwon\bin\release\testprojectwon.dll" id="212c19b6-0d5b-3f9a-0c11-71268fbceb25">
      <Execution id="9ffc864c-a4b1-4bb1-a033-d560514b052f" />
      <TestMethod codeBase="C:\agent\_work\8\s\TestProjectWON\bin\Release\TestProjectWON.dll" adapterTypeName="executor://mstestadapter/v1" className="TestProjectWON.UnitTest1" name="TestMethod188" />
    </UnitTest>
    <UnitTest name="TestMethod951" storage="c:\agent\_work\8\s\testprojectwon\bin\release\testprojectwon.dll" id="1ae51994-0711-31b1-de1f-5203e8a5234c">
      <Execution id="f7506a2c-7195-4f42-9d67-2809cc1ecfae" />
      <TestMethod codeBase="C:\agent\_work\8\s\TestProjectWON\bin\Release\TestProjectWON.dll" adapterTypeName="executor://mstestadapter/v1" className="TestProjectWON.UnitTest1" name="TestMethod951" />
    </UnitTest>
    <UnitTest name="TestMethod820" storage="c:\agent\_work\8\s\testprojectwon\bin\release\testprojectwon.dll" id="2b37da15-ac11-46e9-aafa-8893f585e1bf">
      <Execution id="4b0ee47a-6865-4e79-89a8-4c63a209c372" />
      <TestMethod codeBase="C:\agent\_work\8\s\TestProjectWON\bin\Release\TestProjectWON.dll" adapterTypeName="executor://mstestadapter/v1" className="TestProjectWON.UnitTest1" name="TestMethod820" />
    </UnitTest>
    <UnitTest name="TestMethod545" storage="c:\agent\_work\8\s\testprojectwon\bin\release\testprojectwon.dll" id="8e3a26c6-55d2-cad9-a396-3137adf626b1">
      <Execution id="1658d11a-6948-4c3c-b3fa-57381c1ed5fe" />
      <TestMethod codeBase="C:\agent\_work\8\s\TestProjectWON\bin\Release\TestProjectWON.dll" adapterTypeName="executor://mstestadapter/v1" className="TestProjectWON.UnitTest1" name="TestMethod545" />
    </UnitTest>
    <UnitTest name="TestMethod71" storage="c:\agent\_work\8\s\testprojectwon\bin\release\testprojectwon.dll" id="c9687247-30d1-280a-87a9-80a36b2d7cef">
      <Execution id="2f421a63-6210-4640-bd11-2bf0e8f8ba6b" />
      <TestMethod codeBase="C:\agent\_work\8\s\TestProjectWON\bin\Release\TestProjectWON.dll" adapterTypeName="executor://mstestadapter/v1" className="TestProjectWON.UnitTest1" name="TestMethod71" />
    </UnitTest>
    <UnitTest name="TestMethod458" storage="c:\agent\_work\8\s\testprojectwon\bin\release\testprojectwon.dll" id="44f4028e-9bd3-386c-2ed9-6f8efdc546e9">
      <Execution id="36447134-53f9-4749-ac47-8467c913e7f9" />
      <TestMethod codeBase="C:\agent\_work\8\s\TestProjectWON\bin\Release\TestProjectWON.dll" adapterTypeName="executor://mstestadapter/v1" className="TestProjectWON.UnitTest1" name="TestMethod458" />
    </UnitTest>
    <UnitTest name="TestMethod565" storage="c:\agent\_work\8\s\testprojectwon\bin\release\testprojectwon.dll" id="8471d281-7987-c3f2-f68c-5a75fbc8613e">
      <Execution id="1bca1507-6371-432c-b5ed-1c5a58ce2463" />
      <TestMethod codeBase="C:\agent\_work\8\s\TestProjectWON\bin\Release\TestProjectWON.dll" adapterTypeName="executor://mstestadapter/v1" className="TestProjectWON.UnitTest1" name="TestMethod565" />
    </UnitTest>
    <UnitTest name="TestMethod250" storage="c:\agent\_work\8\s\testprojectwon\bin\release\testprojectwon.dll" id="c6d14744-5110-ac21-1354-827560bc525b">
      <Execution id="5b75bc05-620a-4b28-9d53-64d044a90403" />
      <TestMethod codeBase="C:\agent\_work\8\s\TestProjectWON\bin\Release\TestProjectWON.dll" adapterTypeName="executor://mstestadapter/v1" className="TestProjectWON.UnitTest1" name="TestMethod250" />
    </UnitTest>
    <UnitTest name="TestMethod293" storage="c:\agent\_work\8\s\testprojectwon\bin\release\testprojectwon.dll" id="e25db0a7-077f-add3-a7d0-917882ca41b5">
      <Execution id="6786f718-b05f-4004-8d6f-ae6571596b74" />
      <TestMethod codeBase="C:\agent\_work\8\s\TestProjectWON\bin\Release\TestProjectWON.dll" adapterTypeName="executor://mstestadapter/v1" className="TestProjectWON.UnitTest1" name="TestMethod293" />
    </UnitTest>
    <UnitTest name="TestMethod966" storage="c:\agent\_work\8\s\testprojectwon\bin\release\testprojectwon.dll" id="fed19f8a-2a36-9304-8863-7d2157bbb52e">
      <Execution id="f60123d9-975b-48c3-aba9-57b52940a663" />
      <TestMethod codeBase="C:\agent\_work\8\s\TestProjectWON\bin\Release\TestProjectWON.dll" adapterTypeName="executor://mstestadapter/v1" className="TestProjectWON.UnitTest1" name="TestMethod966" />
    </UnitTest>
    <UnitTest name="TestMethod176" storage="c:\agent\_work\8\s\testprojectwon\bin\release\testprojectwon.dll" id="27f56197-1615-7d87-8ee0-99378268c250">
      <Execution id="d9ca06e5-19f6-477e-b26a-4f059f85fa44" />
      <TestMethod codeBase="C:\agent\_work\8\s\TestProjectWON\bin\Release\TestProjectWON.dll" adapterTypeName="executor://mstestadapter/v1" className="TestProjectWON.UnitTest1" name="TestMethod176" />
    </UnitTest>
    <UnitTest name="TestMethod786" storage="c:\agent\_work\8\s\testprojectwon\bin\release\testprojectwon.dll" id="6db2f1b4-28a3-6deb-cfbf-a9008e037128">
      <Execution id="141471c7-b958-4eb7-80db-ba862f66afe9" />
      <TestMethod codeBase="C:\agent\_work\8\s\TestProjectWON\bin\Release\TestProjectWON.dll" adapterTypeName="executor://mstestadapter/v1" className="TestProjectWON.UnitTest1" name="TestMethod786" />
    </UnitTest>
    <UnitTest name="TestMethod662" storage="c:\agent\_work\8\s\testprojectwon\bin\release\testprojectwon.dll" id="2fe22068-754c-597f-0833-1bd50a45e77d">
      <Execution id="f958d85c-44c3-442b-bb3e-43f2184379aa" />
      <TestMethod codeBase="C:\agent\_work\8\s\TestProjectWON\bin\Release\TestProjectWON.dll" adapterTypeName="executor://mstestadapter/v1" className="TestProjectWON.UnitTest1" name="TestMethod662" />
    </UnitTest>
    <UnitTest name="TestMethod209" storage="c:\agent\_work\8\s\testprojectwon\bin\release\testprojectwon.dll" id="406e731d-4287-7ae4-e2af-fbbe10d2a15b">
      <Execution id="96704321-f549-458c-b0ec-a91cf1380872" />
      <TestMethod codeBase="C:\agent\_work\8\s\TestProjectWON\bin\Release\TestProjectWON.dll" adapterTypeName="executor://mstestadapter/v1" className="TestProjectWON.UnitTest1" name="TestMethod209" />
    </UnitTest>
    <UnitTest name="TestMethod734" storage="c:\agent\_work\8\s\testprojectwon\bin\release\testprojectwon.dll" id="dde3d3fc-853c-c82d-7a83-36ec6097ab3a">
      <Execution id="7b3cc32b-5269-40ab-b7c7-cc4b87748335" />
      <TestMethod codeBase="C:\agent\_work\8\s\TestProjectWON\bin\Release\TestProjectWON.dll" adapterTypeName="executor://mstestadapter/v1" className="TestProjectWON.UnitTest1" name="TestMethod734" />
    </UnitTest>
    <UnitTest name="TestMethod991" storage="c:\agent\_work\8\s\testprojectwon\bin\release\testprojectwon.dll" id="f9915989-2d3b-ae48-0f3e-fb7284bad1c4">
      <Execution id="deca9b86-a453-4796-bd35-a5704c3af1f5" />
      <TestMethod codeBase="C:\agent\_work\8\s\TestProjectWON\bin\Release\TestProjectWON.dll" adapterTypeName="executor://mstestadapter/v1" className="TestProjectWON.UnitTest1" name="TestMethod991" />
    </UnitTest>
    <UnitTest name="TestMethod356" storage="c:\agent\_work\8\s\testprojectwon\bin\release\testprojectwon.dll" id="8e9d7d99-a5df-a503-d37f-06d7f65402a6">
      <Execution id="5576cdc6-4f5b-40d7-bb34-3eecf83df0a1" />
      <TestMethod codeBase="C:\agent\_work\8\s\TestProjectWON\bin\Release\TestProjectWON.dll" adapterTypeName="executor://mstestadapter/v1" className="TestProjectWON.UnitTest1" name="TestMethod356" />
    </UnitTest>
    <UnitTest name="TestMethod481" storage="c:\agent\_work\8\s\testprojectwon\bin\release\testprojectwon.dll" id="cb0ce914-069a-a2d2-d5db-059b679ed7ff">
      <Execution id="3d4e627c-ebda-4fec-aab0-dc9c0f4fb5a7" />
      <TestMethod codeBase="C:\agent\_work\8\s\TestProjectWON\bin\Release\TestProjectWON.dll" adapterTypeName="executor://mstestadapter/v1" className="TestProjectWON.UnitTest1" name="TestMethod481" />
    </UnitTest>
    <UnitTest name="TestMethod794" storage="c:\agent\_work\8\s\testprojectwon\bin\release\testprojectwon.dll" id="c02f77ba-8027-1ee9-4d13-6255dfee4584">
      <Execution id="0aa5339d-4a3f-4d15-b1cb-79245fb09865" />
      <TestMethod codeBase="C:\agent\_work\8\s\TestProjectWON\bin\Release\TestProjectWON.dll" adapterTypeName="executor://mstestadapter/v1" className="TestProjectWON.UnitTest1" name="TestMethod794" />
    </UnitTest>
    <UnitTest name="TestMethod296" storage="c:\agent\_work\8\s\testprojectwon\bin\release\testprojectwon.dll" id="d9f94ef3-bb07-d44b-bd02-b9d9f8d4104c">
      <Execution id="ec589408-6f2b-4b7d-82cb-02b5378f959d" />
      <TestMethod codeBase="C:\agent\_work\8\s\TestProjectWON\bin\Release\TestProjectWON.dll" adapterTypeName="executor://mstestadapter/v1" className="TestProjectWON.UnitTest1" name="TestMethod296" />
    </UnitTest>
    <UnitTest name="TestMethod508" storage="c:\agent\_work\8\s\testprojectwon\bin\release\testprojectwon.dll" id="991f2985-16ae-d801-ea17-9f16e130eab9">
      <Execution id="8e3dc2ec-dc29-47c3-bc87-5749b8be95ea" />
      <TestMethod codeBase="C:\agent\_work\8\s\TestProjectWON\bin\Release\TestProjectWON.dll" adapterTypeName="executor://mstestadapter/v1" className="TestProjectWON.UnitTest1" name="TestMethod508" />
    </UnitTest>
    <UnitTest name="TestMethod47" storage="c:\agent\_work\8\s\testprojectwon\bin\release\testprojectwon.dll" id="07b49f7d-f75e-c010-85d4-a9e946decda8">
      <Execution id="1aa6f342-e16a-4b38-a57b-b41fed84df2f" />
      <TestMethod codeBase="C:\agent\_work\8\s\TestProjectWON\bin\Release\TestProjectWON.dll" adapterTypeName="executor://mstestadapter/v1" className="TestProjectWON.UnitTest1" name="TestMethod47" />
    </UnitTest>
    <UnitTest name="TestMethod156" storage="c:\agent\_work\8\s\testprojectwon\bin\release\testprojectwon.dll" id="f3679da5-cb69-ddd9-d52e-178c8689e487">
      <Execution id="74415212-7044-425e-bbd9-0a3a6fb7f62e" />
      <TestMethod codeBase="C:\agent\_work\8\s\TestProjectWON\bin\Release\TestProjectWON.dll" adapterTypeName="executor://mstestadapter/v1" className="TestProjectWON.UnitTest1" name="TestMethod156" />
    </UnitTest>
    <UnitTest name="TestMethod324" storage="c:\agent\_work\8\s\testprojectwon\bin\release\testprojectwon.dll" id="5f3be311-9b81-e806-895c-29723d762942">
      <Execution id="d0a9200a-3a1a-4068-a782-efb1c6652059" />
      <TestMethod codeBase="C:\agent\_work\8\s\TestProjectWON\bin\Release\TestProjectWON.dll" adapterTypeName="executor://mstestadapter/v1" className="TestProjectWON.UnitTest1" name="TestMethod324" />
    </UnitTest>
    <UnitTest name="TestMethod160" storage="c:\agent\_work\8\s\testprojectwon\bin\release\testprojectwon.dll" id="0c56622f-0730-7199-ea05-9dbdb954706d">
      <Execution id="2b1f7df9-ff5c-425f-a707-b3c4d7e66ab3" />
      <TestMethod codeBase="C:\agent\_work\8\s\TestProjectWON\bin\Release\TestProjectWON.dll" adapterTypeName="executor://mstestadapter/v1" className="TestProjectWON.UnitTest1" name="TestMethod160" />
    </UnitTest>
    <UnitTest name="TestMethod101" storage="c:\agent\_work\8\s\testprojectwon\bin\release\testprojectwon.dll" id="cac267fe-fbf4-1da3-9fa6-3dc03dc118f3">
      <Execution id="9c65e9af-7f4e-4b56-aac8-730a13783652" />
      <TestMethod codeBase="C:\agent\_work\8\s\TestProjectWON\bin\Release\TestProjectWON.dll" adapterTypeName="executor://mstestadapter/v1" className="TestProjectWON.UnitTest1" name="TestMethod101" />
    </UnitTest>
    <UnitTest name="TestMethod977" storage="c:\agent\_work\8\s\testprojectwon\bin\release\testprojectwon.dll" id="81d85a0a-5c8d-3d71-55aa-39f722463aa3">
      <Execution id="3761c11c-8b44-4d53-bc5c-aa26ac9d2e8e" />
      <TestMethod codeBase="C:\agent\_work\8\s\TestProjectWON\bin\Release\TestProjectWON.dll" adapterTypeName="executor://mstestadapter/v1" className="TestProjectWON.UnitTest1" name="TestMethod977" />
    </UnitTest>
    <UnitTest name="TestMethod949" storage="c:\agent\_work\8\s\testprojectwon\bin\release\testprojectwon.dll" id="37a64d9d-0a25-9518-8a0e-a42d1be2ee81">
      <Execution id="d21c6521-1d3a-46a2-bd9d-e79c5ad15307" />
      <TestMethod codeBase="C:\agent\_work\8\s\TestProjectWON\bin\Release\TestProjectWON.dll" adapterTypeName="executor://mstestadapter/v1" className="TestProjectWON.UnitTest1" name="TestMethod949" />
    </UnitTest>
    <UnitTest name="TestMethod860" storage="c:\agent\_work\8\s\testprojectwon\bin\release\testprojectwon.dll" id="6a2ff379-2bea-b8c6-342c-6f5af067de2b">
      <Execution id="5405281f-b453-447e-9bd6-bd3dfa321cd8" />
      <TestMethod codeBase="C:\agent\_work\8\s\TestProjectWON\bin\Release\TestProjectWON.dll" adapterTypeName="executor://mstestadapter/v1" className="TestProjectWON.UnitTest1" name="TestMethod860" />
    </UnitTest>
    <UnitTest name="TestMethod814" storage="c:\agent\_work\8\s\testprojectwon\bin\release\testprojectwon.dll" id="8fbca525-7327-91f7-9b94-6e321e0776bf">
      <Execution id="650119b3-6890-42c3-9645-650c3074144e" />
      <TestMethod codeBase="C:\agent\_work\8\s\TestProjectWON\bin\Release\TestProjectWON.dll" adapterTypeName="executor://mstestadapter/v1" className="TestProjectWON.UnitTest1" name="TestMethod814" />
    </UnitTest>
    <UnitTest name="TestMethod166" storage="c:\agent\_work\8\s\testprojectwon\bin\release\testprojectwon.dll" id="57086ece-c5ec-0298-49d3-4c7171b38604">
      <Execution id="3dc8eb4e-7089-4886-b203-9b9f014e7871" />
      <TestMethod codeBase="C:\agent\_work\8\s\TestProjectWON\bin\Release\TestProjectWON.dll" adapterTypeName="executor://mstestadapter/v1" className="TestProjectWON.UnitTest1" name="TestMethod166" />
    </UnitTest>
    <UnitTest name="TestMethod483" storage="c:\agent\_work\8\s\testprojectwon\bin\release\testprojectwon.dll" id="699b078f-a222-7787-3662-050d26c63357">
      <Execution id="e39af4f4-5208-46dc-8b8a-10bff819e1b6" />
      <TestMethod codeBase="C:\agent\_work\8\s\TestProjectWON\bin\Release\TestProjectWON.dll" adapterTypeName="executor://mstestadapter/v1" className="TestProjectWON.UnitTest1" name="TestMethod483" />
    </UnitTest>
    <UnitTest name="TestMethod797" storage="c:\agent\_work\8\s\testprojectwon\bin\release\testprojectwon.dll" id="8116679a-1385-7dec-2cfc-de80d4644ebe">
      <Execution id="da90f0fa-7c0e-404f-9db5-c8ea16990e2b" />
      <TestMethod codeBase="C:\agent\_work\8\s\TestProjectWON\bin\Release\TestProjectWON.dll" adapterTypeName="executor://mstestadapter/v1" className="TestProjectWON.UnitTest1" name="TestMethod797" />
    </UnitTest>
    <UnitTest name="TestMethod822" storage="c:\agent\_work\8\s\testprojectwon\bin\release\testprojectwon.dll" id="b76ef51e-8339-e9f8-da0f-bcb30f07d332">
      <Execution id="6f1ecdba-a019-4718-a1b9-aec3c54315af" />
      <TestMethod codeBase="C:\agent\_work\8\s\TestProjectWON\bin\Release\TestProjectWON.dll" adapterTypeName="executor://mstestadapter/v1" className="TestProjectWON.UnitTest1" name="TestMethod822" />
    </UnitTest>
    <UnitTest name="TestMethod228" storage="c:\agent\_work\8\s\testprojectwon\bin\release\testprojectwon.dll" id="33784fe3-713b-7ad4-4cf2-31baa1dca2e1">
      <Execution id="3ea3cfab-c48d-4419-95f4-484f3fc873b0" />
      <TestMethod codeBase="C:\agent\_work\8\s\TestProjectWON\bin\Release\TestProjectWON.dll" adapterTypeName="executor://mstestadapter/v1" className="TestProjectWON.UnitTest1" name="TestMethod228" />
    </UnitTest>
    <UnitTest name="TestMethod515" storage="c:\agent\_work\8\s\testprojectwon\bin\release\testprojectwon.dll" id="93b56f15-d0f9-922b-ebdb-da9b37d35a33">
      <Execution id="e983dc7b-b45d-4a56-9608-d1bff243b572" />
      <TestMethod codeBase="C:\agent\_work\8\s\TestProjectWON\bin\Release\TestProjectWON.dll" adapterTypeName="executor://mstestadapter/v1" className="TestProjectWON.UnitTest1" name="TestMethod515" />
    </UnitTest>
    <UnitTest name="TestMethod906" storage="c:\agent\_work\8\s\testprojectwon\bin\release\testprojectwon.dll" id="fbe6f14a-920d-212b-2c0d-2fe400560540">
      <Execution id="2b4f90f2-6c90-4dac-b949-bfcf5042113d" />
      <TestMethod codeBase="C:\agent\_work\8\s\TestProjectWON\bin\Release\TestProjectWON.dll" adapterTypeName="executor://mstestadapter/v1" className="TestProjectWON.UnitTest1" name="TestMethod906" />
    </UnitTest>
    <UnitTest name="TestMethod111" storage="c:\agent\_work\8\s\testprojectwon\bin\release\testprojectwon.dll" id="1fe58fcd-1a77-1201-4a90-ac09368ea1b1">
      <Execution id="2091c48c-3570-453b-9acd-ad136770ccc7" />
      <TestMethod codeBase="C:\agent\_work\8\s\TestProjectWON\bin\Release\TestProjectWON.dll" adapterTypeName="executor://mstestadapter/v1" className="TestProjectWON.UnitTest1" name="TestMethod111" />
    </UnitTest>
    <UnitTest name="TestMethod126" storage="c:\agent\_work\8\s\testprojectwon\bin\release\testprojectwon.dll" id="7a800d9c-4d81-45c4-0be9-c8a81f675f64">
      <Execution id="7fdf5dac-35f7-467e-995c-30d7d7cce510" />
      <TestMethod codeBase="C:\agent\_work\8\s\TestProjectWON\bin\Release\TestProjectWON.dll" adapterTypeName="executor://mstestadapter/v1" className="TestProjectWON.UnitTest1" name="TestMethod126" />
    </UnitTest>
    <UnitTest name="TestMethod555" storage="c:\agent\_work\8\s\testprojectwon\bin\release\testprojectwon.dll" id="60b8b2f7-31bf-1d0c-54b5-77528bf63eee">
      <Execution id="1c482603-b6e6-4fc1-a7b7-91e05a5f0bce" />
      <TestMethod codeBase="C:\agent\_work\8\s\TestProjectWON\bin\Release\TestProjectWON.dll" adapterTypeName="executor://mstestadapter/v1" className="TestProjectWON.UnitTest1" name="TestMethod555" />
    </UnitTest>
    <UnitTest name="TestMethod214" storage="c:\agent\_work\8\s\testprojectwon\bin\release\testprojectwon.dll" id="67109af0-8fef-f227-7dc4-d5deed9c45c3">
      <Execution id="43864b38-587a-4cf5-acbb-257414a3f0bc" />
      <TestMethod codeBase="C:\agent\_work\8\s\TestProjectWON\bin\Release\TestProjectWON.dll" adapterTypeName="executor://mstestadapter/v1" className="TestProjectWON.UnitTest1" name="TestMethod214" />
    </UnitTest>
    <UnitTest name="TestMethod394" storage="c:\agent\_work\8\s\testprojectwon\bin\release\testprojectwon.dll" id="affd5ea3-914c-9d42-3ab9-63fa69ffb17f">
      <Execution id="8ffda7f5-f48a-4497-8a79-04238e338cd9" />
      <TestMethod codeBase="C:\agent\_work\8\s\TestProjectWON\bin\Release\TestProjectWON.dll" adapterTypeName="executor://mstestadapter/v1" className="TestProjectWON.UnitTest1" name="TestMethod394" />
    </UnitTest>
    <UnitTest name="TestMethod191" storage="c:\agent\_work\8\s\testprojectwon\bin\release\testprojectwon.dll" id="34c16ea6-9bb7-002e-203b-a16772c42316">
      <Execution id="6b371133-ad4b-4905-a1ef-953b755615e7" />
      <TestMethod codeBase="C:\agent\_work\8\s\TestProjectWON\bin\Release\TestProjectWON.dll" adapterTypeName="executor://mstestadapter/v1" className="TestProjectWON.UnitTest1" name="TestMethod191" />
    </UnitTest>
    <UnitTest name="TestMethod514" storage="c:\agent\_work\8\s\testprojectwon\bin\release\testprojectwon.dll" id="3ceef7be-32d5-cf3e-30d3-6e004273e43d">
      <Execution id="6a76bbba-9041-466e-a9b7-519ad3f2f0be" />
      <TestMethod codeBase="C:\agent\_work\8\s\TestProjectWON\bin\Release\TestProjectWON.dll" adapterTypeName="executor://mstestadapter/v1" className="TestProjectWON.UnitTest1" name="TestMethod514" />
    </UnitTest>
    <UnitTest name="TestMethod524" storage="c:\agent\_work\8\s\testprojectwon\bin\release\testprojectwon.dll" id="308ca403-a995-1c08-e22b-951d92c43d55">
      <Execution id="3767d358-da0d-4c81-8ef3-2b6384c0305d" />
      <TestMethod codeBase="C:\agent\_work\8\s\TestProjectWON\bin\Release\TestProjectWON.dll" adapterTypeName="executor://mstestadapter/v1" className="TestProjectWON.UnitTest1" name="TestMethod524" />
    </UnitTest>
    <UnitTest name="TestMethod264" storage="c:\agent\_work\8\s\testprojectwon\bin\release\testprojectwon.dll" id="40f71d13-7766-ebc7-158b-fea9fe29f6ba">
      <Execution id="a1d1698a-9c89-4fef-98ed-f1674d708558" />
      <TestMethod codeBase="C:\agent\_work\8\s\TestProjectWON\bin\Release\TestProjectWON.dll" adapterTypeName="executor://mstestadapter/v1" className="TestProjectWON.UnitTest1" name="TestMethod264" />
    </UnitTest>
    <UnitTest name="TestMethod28" storage="c:\agent\_work\8\s\testprojectwon\bin\release\testprojectwon.dll" id="e83978ed-e54b-923e-a202-4eab87422a17">
      <Execution id="2bbc96f6-1595-436d-b856-c370b842630f" />
      <TestMethod codeBase="C:\agent\_work\8\s\TestProjectWON\bin\Release\TestProjectWON.dll" adapterTypeName="executor://mstestadapter/v1" className="TestProjectWON.UnitTest1" name="TestMethod28" />
    </UnitTest>
    <UnitTest name="TestMethod402" storage="c:\agent\_work\8\s\testprojectwon\bin\release\testprojectwon.dll" id="1d1a394f-5626-77b1-4bb7-0f591f7965c5">
      <Execution id="c1af52c7-0797-47d4-b4b9-f4f42cadab7a" />
      <TestMethod codeBase="C:\agent\_work\8\s\TestProjectWON\bin\Release\TestProjectWON.dll" adapterTypeName="executor://mstestadapter/v1" className="TestProjectWON.UnitTest1" name="TestMethod402" />
    </UnitTest>
    <UnitTest name="TestMethod800" storage="c:\agent\_work\8\s\testprojectwon\bin\release\testprojectwon.dll" id="67d7b143-99f2-5344-a5b1-7efe78f465d7">
      <Execution id="c62c2868-64e3-46ae-9173-195f84689e39" />
      <TestMethod codeBase="C:\agent\_work\8\s\TestProjectWON\bin\Release\TestProjectWON.dll" adapterTypeName="executor://mstestadapter/v1" className="TestProjectWON.UnitTest1" name="TestMethod800" />
    </UnitTest>
    <UnitTest name="TestMethod234" storage="c:\agent\_work\8\s\testprojectwon\bin\release\testprojectwon.dll" id="b0422027-b50a-d3cf-ece8-1b7a11c9f4b5">
      <Execution id="3fe88d69-2ffe-45d0-a1a3-25030263b368" />
      <TestMethod codeBase="C:\agent\_work\8\s\TestProjectWON\bin\Release\TestProjectWON.dll" adapterTypeName="executor://mstestadapter/v1" className="TestProjectWON.UnitTest1" name="TestMethod234" />
    </UnitTest>
    <UnitTest name="TestMethod490" storage="c:\agent\_work\8\s\testprojectwon\bin\release\testprojectwon.dll" id="25e5fbea-a59a-469e-2c57-bf43e692253f">
      <Execution id="6060c17c-1e40-4ba4-9aa2-8c80b5576c65" />
      <TestMethod codeBase="C:\agent\_work\8\s\TestProjectWON\bin\Release\TestProjectWON.dll" adapterTypeName="executor://mstestadapter/v1" className="TestProjectWON.UnitTest1" name="TestMethod490" />
    </UnitTest>
    <UnitTest name="TestMethod995" storage="c:\agent\_work\8\s\testprojectwon\bin\release\testprojectwon.dll" id="ceb169ae-ff5e-3170-d718-f3779c98f5b6">
      <Execution id="df3431ef-cf12-4c3c-a360-f19238b115de" />
      <TestMethod codeBase="C:\agent\_work\8\s\TestProjectWON\bin\Release\TestProjectWON.dll" adapterTypeName="executor://mstestadapter/v1" className="TestProjectWON.UnitTest1" name="TestMethod995" />
    </UnitTest>
    <UnitTest name="TestMethod26" storage="c:\agent\_work\8\s\testprojectwon\bin\release\testprojectwon.dll" id="8d274a7d-750c-a356-9ef2-f115fab35e35">
      <Execution id="9d0bdc4d-67b9-4d26-b169-38bac234e9a0" />
      <TestMethod codeBase="C:\agent\_work\8\s\TestProjectWON\bin\Release\TestProjectWON.dll" adapterTypeName="executor://mstestadapter/v1" className="TestProjectWON.UnitTest1" name="TestMethod26" />
    </UnitTest>
    <UnitTest name="TestMethod757" storage="c:\agent\_work\8\s\testprojectwon\bin\release\testprojectwon.dll" id="8b66b4bc-d29b-efab-55bb-0efde9cba347">
      <Execution id="a9020aaf-4d4a-4882-b634-d1af806e41c3" />
      <TestMethod codeBase="C:\agent\_work\8\s\TestProjectWON\bin\Release\TestProjectWON.dll" adapterTypeName="executor://mstestadapter/v1" className="TestProjectWON.UnitTest1" name="TestMethod757" />
    </UnitTest>
    <UnitTest name="TestMethod926" storage="c:\agent\_work\8\s\testprojectwon\bin\release\testprojectwon.dll" id="a8af649b-dae1-93dd-70d1-60e4281350a7">
      <Execution id="7a005a2e-0416-4dde-9bc8-900b03a9c79a" />
      <TestMethod codeBase="C:\agent\_work\8\s\TestProjectWON\bin\Release\TestProjectWON.dll" adapterTypeName="executor://mstestadapter/v1" className="TestProjectWON.UnitTest1" name="TestMethod926" />
    </UnitTest>
    <UnitTest name="TestMethod15" storage="c:\agent\_work\8\s\testprojectwon\bin\release\testprojectwon.dll" id="1d5b8de3-411a-86e5-9025-60f31bb413de">
      <Execution id="d63add0e-b9e6-4e1e-8918-45facfe618fd" />
      <TestMethod codeBase="C:\agent\_work\8\s\TestProjectWON\bin\Release\TestProjectWON.dll" adapterTypeName="executor://mstestadapter/v1" className="TestProjectWON.UnitTest1" name="TestMethod15" />
    </UnitTest>
    <UnitTest name="TestMethod541" storage="c:\agent\_work\8\s\testprojectwon\bin\release\testprojectwon.dll" id="a5c9b3e0-5a9d-e34f-5e7a-81a74220a989">
      <Execution id="518eca5a-5388-4e93-960f-b7ddec08cdf4" />
      <TestMethod codeBase="C:\agent\_work\8\s\TestProjectWON\bin\Release\TestProjectWON.dll" adapterTypeName="executor://mstestadapter/v1" className="TestProjectWON.UnitTest1" name="TestMethod541" />
    </UnitTest>
    <UnitTest name="TestMethod348" storage="c:\agent\_work\8\s\testprojectwon\bin\release\testprojectwon.dll" id="a843fe63-02fe-2dad-20bd-094bbba2be1b">
      <Execution id="c0902d23-8fd6-41e2-b3af-0a36bc6fe1c3" />
      <TestMethod codeBase="C:\agent\_work\8\s\TestProjectWON\bin\Release\TestProjectWON.dll" adapterTypeName="executor://mstestadapter/v1" className="TestProjectWON.UnitTest1" name="TestMethod348" />
    </UnitTest>
    <UnitTest name="TestMethod727" storage="c:\agent\_work\8\s\testprojectwon\bin\release\testprojectwon.dll" id="1e33afe7-7157-cefe-e152-f77ddf2ddddd">
      <Execution id="afa28e83-7033-4474-ac6d-678365230072" />
      <TestMethod codeBase="C:\agent\_work\8\s\TestProjectWON\bin\Release\TestProjectWON.dll" adapterTypeName="executor://mstestadapter/v1" className="TestProjectWON.UnitTest1" name="TestMethod727" />
    </UnitTest>
    <UnitTest name="TestMethod131" storage="c:\agent\_work\8\s\testprojectwon\bin\release\testprojectwon.dll" id="cc719c64-1f3a-64f4-7280-de735427681a">
      <Execution id="48b563d1-52df-4014-af7b-d6f87ba6fdd1" />
      <TestMethod codeBase="C:\agent\_work\8\s\TestProjectWON\bin\Release\TestProjectWON.dll" adapterTypeName="executor://mstestadapter/v1" className="TestProjectWON.UnitTest1" name="TestMethod131" />
    </UnitTest>
    <UnitTest name="TestMethod558" storage="c:\agent\_work\8\s\testprojectwon\bin\release\testprojectwon.dll" id="1afd8cd3-8486-a867-2533-689fc06decd0">
      <Execution id="0ba473d4-58cc-4c47-b447-e95525bd166b" />
      <TestMethod codeBase="C:\agent\_work\8\s\TestProjectWON\bin\Release\TestProjectWON.dll" adapterTypeName="executor://mstestadapter/v1" className="TestProjectWON.UnitTest1" name="TestMethod558" />
    </UnitTest>
    <UnitTest name="TestMethod462" storage="c:\agent\_work\8\s\testprojectwon\bin\release\testprojectwon.dll" id="e215579e-92e3-70f0-f0ac-82da28595119">
      <Execution id="7321cf54-881c-44d3-a65d-6944db06824d" />
      <TestMethod codeBase="C:\agent\_work\8\s\TestProjectWON\bin\Release\TestProjectWON.dll" adapterTypeName="executor://mstestadapter/v1" className="TestProjectWON.UnitTest1" name="TestMethod462" />
    </UnitTest>
    <UnitTest name="TestMethod329" storage="c:\agent\_work\8\s\testprojectwon\bin\release\testprojectwon.dll" id="c5dfbe23-6cb0-560a-91bf-153d2e7b63c3">
      <Execution id="dd652394-6f0f-452c-94e0-e07e6646d805" />
      <TestMethod codeBase="C:\agent\_work\8\s\TestProjectWON\bin\Release\TestProjectWON.dll" adapterTypeName="executor://mstestadapter/v1" className="TestProjectWON.UnitTest1" name="TestMethod329" />
    </UnitTest>
    <UnitTest name="TestMethod161" storage="c:\agent\_work\8\s\testprojectwon\bin\release\testprojectwon.dll" id="f4b3efa7-e728-9442-c241-478c27e4af9a">
      <Execution id="e09e8e6a-f887-456e-bb25-54a72c912719" />
      <TestMethod codeBase="C:\agent\_work\8\s\TestProjectWON\bin\Release\TestProjectWON.dll" adapterTypeName="executor://mstestadapter/v1" className="TestProjectWON.UnitTest1" name="TestMethod161" />
    </UnitTest>
    <UnitTest name="TestMethod468" storage="c:\agent\_work\8\s\testprojectwon\bin\release\testprojectwon.dll" id="6fb1114d-226c-1499-0f68-8177e03a8f40">
      <Execution id="0e35a4b7-2856-49d8-acda-74d3e2f9c86f" />
      <TestMethod codeBase="C:\agent\_work\8\s\TestProjectWON\bin\Release\TestProjectWON.dll" adapterTypeName="executor://mstestadapter/v1" className="TestProjectWON.UnitTest1" name="TestMethod468" />
    </UnitTest>
    <UnitTest name="TestMethod282" storage="c:\agent\_work\8\s\testprojectwon\bin\release\testprojectwon.dll" id="61d86235-6602-a862-dabb-f652afca4d75">
      <Execution id="604a0157-0ee9-4d4b-a85e-e10686ea6658" />
      <TestMethod codeBase="C:\agent\_work\8\s\TestProjectWON\bin\Release\TestProjectWON.dll" adapterTypeName="executor://mstestadapter/v1" className="TestProjectWON.UnitTest1" name="TestMethod282" />
    </UnitTest>
    <UnitTest name="TestMethod714" storage="c:\agent\_work\8\s\testprojectwon\bin\release\testprojectwon.dll" id="c00013b5-6803-223e-ac7a-b40dac9b20e6">
      <Execution id="51a0e6b2-b51d-4537-ad99-3aac4b687cca" />
      <TestMethod codeBase="C:\agent\_work\8\s\TestProjectWON\bin\Release\TestProjectWON.dll" adapterTypeName="executor://mstestadapter/v1" className="TestProjectWON.UnitTest1" name="TestMethod714" />
    </UnitTest>
    <UnitTest name="TestMethod167" storage="c:\agent\_work\8\s\testprojectwon\bin\release\testprojectwon.dll" id="c2c97375-6246-5409-a138-e7645e42665c">
      <Execution id="b7836f4d-3543-4f23-8ea3-19253fc46371" />
      <TestMethod codeBase="C:\agent\_work\8\s\TestProjectWON\bin\Release\TestProjectWON.dll" adapterTypeName="executor://mstestadapter/v1" className="TestProjectWON.UnitTest1" name="TestMethod167" />
    </UnitTest>
    <UnitTest name="TestMethod466" storage="c:\agent\_work\8\s\testprojectwon\bin\release\testprojectwon.dll" id="2f3c4789-5be0-25b5-eb21-f2a035522061">
      <Execution id="52c684a6-b129-4bca-9102-c8a055b30835" />
      <TestMethod codeBase="C:\agent\_work\8\s\TestProjectWON\bin\Release\TestProjectWON.dll" adapterTypeName="executor://mstestadapter/v1" className="TestProjectWON.UnitTest1" name="TestMethod466" />
    </UnitTest>
    <UnitTest name="TestMethod470" storage="c:\agent\_work\8\s\testprojectwon\bin\release\testprojectwon.dll" id="dcc9a572-4fad-5cea-f758-fa21ff5f3459">
      <Execution id="eb6d142b-6637-409d-a17b-9b8a3e4dd94b" />
      <TestMethod codeBase="C:\agent\_work\8\s\TestProjectWON\bin\Release\TestProjectWON.dll" adapterTypeName="executor://mstestadapter/v1" className="TestProjectWON.UnitTest1" name="TestMethod470" />
    </UnitTest>
    <UnitTest name="TestMethod182" storage="c:\agent\_work\8\s\testprojectwon\bin\release\testprojectwon.dll" id="3327bd38-891d-1d5d-78a0-4d48beed5153">
      <Execution id="7048c359-00bc-4fa7-a9fe-3512c22f3c2b" />
      <TestMethod codeBase="C:\agent\_work\8\s\TestProjectWON\bin\Release\TestProjectWON.dll" adapterTypeName="executor://mstestadapter/v1" className="TestProjectWON.UnitTest1" name="TestMethod182" />
    </UnitTest>
    <UnitTest name="TestMethod576" storage="c:\agent\_work\8\s\testprojectwon\bin\release\testprojectwon.dll" id="77dd79a5-8805-fc9a-0820-172fe76aacdc">
      <Execution id="ac039085-63f6-475a-a976-74a3dce44d63" />
      <TestMethod codeBase="C:\agent\_work\8\s\TestProjectWON\bin\Release\TestProjectWON.dll" adapterTypeName="executor://mstestadapter/v1" className="TestProjectWON.UnitTest1" name="TestMethod576" />
    </UnitTest>
    <UnitTest name="TestMethod944" storage="c:\agent\_work\8\s\testprojectwon\bin\release\testprojectwon.dll" id="33b08216-f963-c705-8503-206a945a16eb">
      <Execution id="62338042-83be-4ac7-b460-aac1baeed75d" />
      <TestMethod codeBase="C:\agent\_work\8\s\TestProjectWON\bin\Release\TestProjectWON.dll" adapterTypeName="executor://mstestadapter/v1" className="TestProjectWON.UnitTest1" name="TestMethod944" />
    </UnitTest>
    <UnitTest name="TestMethod144" storage="c:\agent\_work\8\s\testprojectwon\bin\release\testprojectwon.dll" id="1d23db69-b3ec-105d-6b79-3270287a4327">
      <Execution id="c78e1480-4eff-432c-8669-e37bb249f448" />
      <TestMethod codeBase="C:\agent\_work\8\s\TestProjectWON\bin\Release\TestProjectWON.dll" adapterTypeName="executor://mstestadapter/v1" className="TestProjectWON.UnitTest1" name="TestMethod144" />
    </UnitTest>
    <UnitTest name="TestMethod579" storage="c:\agent\_work\8\s\testprojectwon\bin\release\testprojectwon.dll" id="403197e3-80d5-d38a-7a69-130745b65f52">
      <Execution id="7f4f5ba9-8e0b-4b81-bcd4-1ebbc1b16627" />
      <TestMethod codeBase="C:\agent\_work\8\s\TestProjectWON\bin\Release\TestProjectWON.dll" adapterTypeName="executor://mstestadapter/v1" className="TestProjectWON.UnitTest1" name="TestMethod579" />
    </UnitTest>
    <UnitTest name="TestMethod456" storage="c:\agent\_work\8\s\testprojectwon\bin\release\testprojectwon.dll" id="d3971b88-c95a-ccae-173f-b8a251b6aed4">
      <Execution id="5fa8f711-b3df-4340-9d19-9952411dfac4" />
      <TestMethod codeBase="C:\agent\_work\8\s\TestProjectWON\bin\Release\TestProjectWON.dll" adapterTypeName="executor://mstestadapter/v1" className="TestProjectWON.UnitTest1" name="TestMethod456" />
    </UnitTest>
    <UnitTest name="TestMethod220" storage="c:\agent\_work\8\s\testprojectwon\bin\release\testprojectwon.dll" id="e6472074-b6c9-ae04-e0cd-0e2bb0dbc218">
      <Execution id="0673e114-fb7d-4259-a8ca-71bc9e4bcbcd" />
      <TestMethod codeBase="C:\agent\_work\8\s\TestProjectWON\bin\Release\TestProjectWON.dll" adapterTypeName="executor://mstestadapter/v1" className="TestProjectWON.UnitTest1" name="TestMethod220" />
    </UnitTest>
    <UnitTest name="TestMethod64" storage="c:\agent\_work\8\s\testprojectwon\bin\release\testprojectwon.dll" id="1e972868-705b-a2cf-bcf4-1e98d9f4c876">
      <Execution id="912c1909-bf69-46ac-86e7-0d8dbe0373a8" />
      <TestMethod codeBase="C:\agent\_work\8\s\TestProjectWON\bin\Release\TestProjectWON.dll" adapterTypeName="executor://mstestadapter/v1" className="TestProjectWON.UnitTest1" name="TestMethod64" />
    </UnitTest>
    <UnitTest name="TestMethod501" storage="c:\agent\_work\8\s\testprojectwon\bin\release\testprojectwon.dll" id="c6237c9e-4fed-9131-54bd-29c3415d618e">
      <Execution id="43859bdc-b54c-4c44-b7d4-698d7f03a665" />
      <TestMethod codeBase="C:\agent\_work\8\s\TestProjectWON\bin\Release\TestProjectWON.dll" adapterTypeName="executor://mstestadapter/v1" className="TestProjectWON.UnitTest1" name="TestMethod501" />
    </UnitTest>
    <UnitTest name="TestMethod603" storage="c:\agent\_work\8\s\testprojectwon\bin\release\testprojectwon.dll" id="2368979a-be6d-3089-5339-0188b81a7741">
      <Execution id="8cb81664-1b2e-43db-8c26-529f7f514cfb" />
      <TestMethod codeBase="C:\agent\_work\8\s\TestProjectWON\bin\Release\TestProjectWON.dll" adapterTypeName="executor://mstestadapter/v1" className="TestProjectWON.UnitTest1" name="TestMethod603" />
    </UnitTest>
    <UnitTest name="TestMethod623" storage="c:\agent\_work\8\s\testprojectwon\bin\release\testprojectwon.dll" id="4b690a65-beb8-471a-f8d9-657bd7614320">
      <Execution id="b4bc7944-d940-4813-873b-0d2927aba263" />
      <TestMethod codeBase="C:\agent\_work\8\s\TestProjectWON\bin\Release\TestProjectWON.dll" adapterTypeName="executor://mstestadapter/v1" className="TestProjectWON.UnitTest1" name="TestMethod623" />
    </UnitTest>
    <UnitTest name="TestMethod751" storage="c:\agent\_work\8\s\testprojectwon\bin\release\testprojectwon.dll" id="5faa1bfa-ed88-547a-8a4a-3ace55a6c4b6">
      <Execution id="90f687cb-b6c1-49fb-8dba-157c7e75aa13" />
      <TestMethod codeBase="C:\agent\_work\8\s\TestProjectWON\bin\Release\TestProjectWON.dll" adapterTypeName="executor://mstestadapter/v1" className="TestProjectWON.UnitTest1" name="TestMethod751" />
    </UnitTest>
    <UnitTest name="TestMethod954" storage="c:\agent\_work\8\s\testprojectwon\bin\release\testprojectwon.dll" id="d4c28c10-0cb1-59ea-ca2e-58dae9e42774">
      <Execution id="0f5d7ce1-2b32-4ffe-9b8c-975a0e2cf365" />
      <TestMethod codeBase="C:\agent\_work\8\s\TestProjectWON\bin\Release\TestProjectWON.dll" adapterTypeName="executor://mstestadapter/v1" className="TestProjectWON.UnitTest1" name="TestMethod954" />
    </UnitTest>
    <UnitTest name="TestMethod659" storage="c:\agent\_work\8\s\testprojectwon\bin\release\testprojectwon.dll" id="cacdbc78-b13e-992e-95ba-f4e74853ded7">
      <Execution id="9236c274-24de-40fd-b641-725a8f264e81" />
      <TestMethod codeBase="C:\agent\_work\8\s\TestProjectWON\bin\Release\TestProjectWON.dll" adapterTypeName="executor://mstestadapter/v1" className="TestProjectWON.UnitTest1" name="TestMethod659" />
    </UnitTest>
    <UnitTest name="TestMethod523" storage="c:\agent\_work\8\s\testprojectwon\bin\release\testprojectwon.dll" id="ff1e69eb-085c-6199-f57b-ed916e916920">
      <Execution id="9977ea88-6974-49ec-ade6-a7aa3c2e209d" />
      <TestMethod codeBase="C:\agent\_work\8\s\TestProjectWON\bin\Release\TestProjectWON.dll" adapterTypeName="executor://mstestadapter/v1" className="TestProjectWON.UnitTest1" name="TestMethod523" />
    </UnitTest>
    <UnitTest name="TestMethod63" storage="c:\agent\_work\8\s\testprojectwon\bin\release\testprojectwon.dll" id="1de7457f-b5a2-1f57-0603-f569ba66865a">
      <Execution id="da39f2cc-c58e-460b-a0b4-5fdc099f0de5" />
      <TestMethod codeBase="C:\agent\_work\8\s\TestProjectWON\bin\Release\TestProjectWON.dll" adapterTypeName="executor://mstestadapter/v1" className="TestProjectWON.UnitTest1" name="TestMethod63" />
    </UnitTest>
    <UnitTest name="TestMethod52" storage="c:\agent\_work\8\s\testprojectwon\bin\release\testprojectwon.dll" id="e7f3bc38-2952-992f-f26c-f614b94d4900">
      <Execution id="8ee57485-bdb4-4846-8b0f-fbf428d9e0c6" />
      <TestMethod codeBase="C:\agent\_work\8\s\TestProjectWON\bin\Release\TestProjectWON.dll" adapterTypeName="executor://mstestadapter/v1" className="TestProjectWON.UnitTest1" name="TestMethod52" />
    </UnitTest>
    <UnitTest name="TestMethod935" storage="c:\agent\_work\8\s\testprojectwon\bin\release\testprojectwon.dll" id="87c35dc4-1dec-41d8-5129-a1212e925b71">
      <Execution id="347c670f-00c1-458d-b271-12ad6ae5c50e" />
      <TestMethod codeBase="C:\agent\_work\8\s\TestProjectWON\bin\Release\TestProjectWON.dll" adapterTypeName="executor://mstestadapter/v1" className="TestProjectWON.UnitTest1" name="TestMethod935" />
    </UnitTest>
    <UnitTest name="TestMethod235" storage="c:\agent\_work\8\s\testprojectwon\bin\release\testprojectwon.dll" id="b3a68e6e-d0ea-e834-422f-1a35491f3f76">
      <Execution id="0472ba67-20f8-47ef-a81d-28d29c471cfa" />
      <TestMethod codeBase="C:\agent\_work\8\s\TestProjectWON\bin\Release\TestProjectWON.dll" adapterTypeName="executor://mstestadapter/v1" className="TestProjectWON.UnitTest1" name="TestMethod235" />
    </UnitTest>
    <UnitTest name="TestMethod611" storage="c:\agent\_work\8\s\testprojectwon\bin\release\testprojectwon.dll" id="f18af0cb-5e75-3cdd-8d54-30183467d4d0">
      <Execution id="ae75c983-cb26-4e4f-af6e-8ac38ac3ae7d" />
      <TestMethod codeBase="C:\agent\_work\8\s\TestProjectWON\bin\Release\TestProjectWON.dll" adapterTypeName="executor://mstestadapter/v1" className="TestProjectWON.UnitTest1" name="TestMethod611" />
    </UnitTest>
    <UnitTest name="TestMethod914" storage="c:\agent\_work\8\s\testprojectwon\bin\release\testprojectwon.dll" id="a95724a9-66dc-660f-177c-b4bf1c1070b3">
      <Execution id="099abd57-5d03-4bbc-a33a-d7023a10941a" />
      <TestMethod codeBase="C:\agent\_work\8\s\TestProjectWON\bin\Release\TestProjectWON.dll" adapterTypeName="executor://mstestadapter/v1" className="TestProjectWON.UnitTest1" name="TestMethod914" />
    </UnitTest>
    <UnitTest name="TestMethod844" storage="c:\agent\_work\8\s\testprojectwon\bin\release\testprojectwon.dll" id="4fe504ff-91cc-34c2-971d-55cc5d7f0ccf">
      <Execution id="9ac8b16d-2d01-486d-9106-3432660879c4" />
      <TestMethod codeBase="C:\agent\_work\8\s\TestProjectWON\bin\Release\TestProjectWON.dll" adapterTypeName="executor://mstestadapter/v1" className="TestProjectWON.UnitTest1" name="TestMethod844" />
    </UnitTest>
    <UnitTest name="TestMethod319" storage="c:\agent\_work\8\s\testprojectwon\bin\release\testprojectwon.dll" id="0463d059-eaf9-2dfc-fe1c-96ed54377893">
      <Execution id="cc742bdb-b25c-4b18-8cb2-68c275d01bf6" />
      <TestMethod codeBase="C:\agent\_work\8\s\TestProjectWON\bin\Release\TestProjectWON.dll" adapterTypeName="executor://mstestadapter/v1" className="TestProjectWON.UnitTest1" name="TestMethod319" />
    </UnitTest>
    <UnitTest name="TestMethod839" storage="c:\agent\_work\8\s\testprojectwon\bin\release\testprojectwon.dll" id="971ae207-8efc-da70-993b-4dea6bb35136">
      <Execution id="78ec0e9b-5e08-4c11-9bd3-16e2a557cf81" />
      <TestMethod codeBase="C:\agent\_work\8\s\TestProjectWON\bin\Release\TestProjectWON.dll" adapterTypeName="executor://mstestadapter/v1" className="TestProjectWON.UnitTest1" name="TestMethod839" />
    </UnitTest>
    <UnitTest name="TestMethod811" storage="c:\agent\_work\8\s\testprojectwon\bin\release\testprojectwon.dll" id="cabf9801-b2ac-3639-6e36-041dc40cdf70">
      <Execution id="76bcc151-c157-4f2b-bf65-a23fb504eb99" />
      <TestMethod codeBase="C:\agent\_work\8\s\TestProjectWON\bin\Release\TestProjectWON.dll" adapterTypeName="executor://mstestadapter/v1" className="TestProjectWON.UnitTest1" name="TestMethod811" />
    </UnitTest>
    <UnitTest name="TestMethod8" storage="c:\agent\_work\8\s\testprojectwon\bin\release\testprojectwon.dll" id="bd2143a5-6659-cd71-7e42-8c05bb631335">
      <Execution id="0886e225-7e85-4e3c-b8aa-550a17c9b386" />
      <TestMethod codeBase="C:\agent\_work\8\s\TestProjectWON\bin\Release\TestProjectWON.dll" adapterTypeName="executor://mstestadapter/v1" className="TestProjectWON.UnitTest1" name="TestMethod8" />
    </UnitTest>
    <UnitTest name="TestMethod920" storage="c:\agent\_work\8\s\testprojectwon\bin\release\testprojectwon.dll" id="8550bcbc-6a25-480c-7196-120080b1f325">
      <Execution id="b27d4b41-7b71-4bae-9441-2aa19cbd410c" />
      <TestMethod codeBase="C:\agent\_work\8\s\TestProjectWON\bin\Release\TestProjectWON.dll" adapterTypeName="executor://mstestadapter/v1" className="TestProjectWON.UnitTest1" name="TestMethod920" />
    </UnitTest>
    <UnitTest name="TestMethod143" storage="c:\agent\_work\8\s\testprojectwon\bin\release\testprojectwon.dll" id="074e1679-bb24-6f74-1b0a-7264154e581e">
      <Execution id="0b661b84-8c18-4440-8f1f-b753fbf6f4dc" />
      <TestMethod codeBase="C:\agent\_work\8\s\TestProjectWON\bin\Release\TestProjectWON.dll" adapterTypeName="executor://mstestadapter/v1" className="TestProjectWON.UnitTest1" name="TestMethod143" />
    </UnitTest>
    <UnitTest name="TestMethod674" storage="c:\agent\_work\8\s\testprojectwon\bin\release\testprojectwon.dll" id="499191c7-8e1f-1af0-fa12-47eaec6d64f2">
      <Execution id="c4661de4-5f84-4dc5-910e-a17d2aaeb6d7" />
      <TestMethod codeBase="C:\agent\_work\8\s\TestProjectWON\bin\Release\TestProjectWON.dll" adapterTypeName="executor://mstestadapter/v1" className="TestProjectWON.UnitTest1" name="TestMethod674" />
    </UnitTest>
    <UnitTest name="TestMethod527" storage="c:\agent\_work\8\s\testprojectwon\bin\release\testprojectwon.dll" id="696aaa10-c2e0-d543-ebeb-74cf5d9453d9">
      <Execution id="07a83dff-3b19-4fc7-96c4-6c330871d7fb" />
      <TestMethod codeBase="C:\agent\_work\8\s\TestProjectWON\bin\Release\TestProjectWON.dll" adapterTypeName="executor://mstestadapter/v1" className="TestProjectWON.UnitTest1" name="TestMethod527" />
    </UnitTest>
    <UnitTest name="TestMethod728" storage="c:\agent\_work\8\s\testprojectwon\bin\release\testprojectwon.dll" id="eebb789d-9075-29b8-d21a-6a5989c99eae">
      <Execution id="8b1c4d20-0bda-48d8-807c-256aa19aedab" />
      <TestMethod codeBase="C:\agent\_work\8\s\TestProjectWON\bin\Release\TestProjectWON.dll" adapterTypeName="executor://mstestadapter/v1" className="TestProjectWON.UnitTest1" name="TestMethod728" />
    </UnitTest>
    <UnitTest name="TestMethod364" storage="c:\agent\_work\8\s\testprojectwon\bin\release\testprojectwon.dll" id="f3747f62-14f1-48a5-a7b1-1b9199652429">
      <Execution id="cb021942-6e56-4b55-9ca8-9c2d5d32f31a" />
      <TestMethod codeBase="C:\agent\_work\8\s\TestProjectWON\bin\Release\TestProjectWON.dll" adapterTypeName="executor://mstestadapter/v1" className="TestProjectWON.UnitTest1" name="TestMethod364" />
    </UnitTest>
    <UnitTest name="TestMethod841" storage="c:\agent\_work\8\s\testprojectwon\bin\release\testprojectwon.dll" id="b63fa908-9fe5-d9cf-191a-3a16487ad2b6">
      <Execution id="0f4584bd-2abd-409d-83af-1b9f629f3a2b" />
      <TestMethod codeBase="C:\agent\_work\8\s\TestProjectWON\bin\Release\TestProjectWON.dll" adapterTypeName="executor://mstestadapter/v1" className="TestProjectWON.UnitTest1" name="TestMethod841" />
    </UnitTest>
    <UnitTest name="TestMethod664" storage="c:\agent\_work\8\s\testprojectwon\bin\release\testprojectwon.dll" id="58844bb4-401a-ed44-f97e-47352b0d4158">
      <Execution id="24089f50-31e6-489a-a07a-ab9643891e42" />
      <TestMethod codeBase="C:\agent\_work\8\s\TestProjectWON\bin\Release\TestProjectWON.dll" adapterTypeName="executor://mstestadapter/v1" className="TestProjectWON.UnitTest1" name="TestMethod664" />
    </UnitTest>
    <UnitTest name="TestMethod321" storage="c:\agent\_work\8\s\testprojectwon\bin\release\testprojectwon.dll" id="27d204bb-c3fa-e9d6-7096-866836d539c5">
      <Execution id="005b4cce-0a16-4e16-9409-b6874020ad48" />
      <TestMethod codeBase="C:\agent\_work\8\s\TestProjectWON\bin\Release\TestProjectWON.dll" adapterTypeName="executor://mstestadapter/v1" className="TestProjectWON.UnitTest1" name="TestMethod321" />
    </UnitTest>
    <UnitTest name="TestMethod304" storage="c:\agent\_work\8\s\testprojectwon\bin\release\testprojectwon.dll" id="d7fc06cb-4a54-752b-3aa7-d677630a2735">
      <Execution id="5ef53999-2f86-4d77-b661-14719bc97b95" />
      <TestMethod codeBase="C:\agent\_work\8\s\TestProjectWON\bin\Release\TestProjectWON.dll" adapterTypeName="executor://mstestadapter/v1" className="TestProjectWON.UnitTest1" name="TestMethod304" />
    </UnitTest>
    <UnitTest name="TestMethod566" storage="c:\agent\_work\8\s\testprojectwon\bin\release\testprojectwon.dll" id="608fe1d2-5a1d-7806-dcd6-c00ba3e670c6">
      <Execution id="6d983dee-80f9-4aef-bea1-3b063f767bc2" />
      <TestMethod codeBase="C:\agent\_work\8\s\TestProjectWON\bin\Release\TestProjectWON.dll" adapterTypeName="executor://mstestadapter/v1" className="TestProjectWON.UnitTest1" name="TestMethod566" />
    </UnitTest>
    <UnitTest name="TestMethod342" storage="c:\agent\_work\8\s\testprojectwon\bin\release\testprojectwon.dll" id="6ecd4de5-98bf-2ca7-84f3-ebefb56f34f6">
      <Execution id="67ff1a75-1210-4ae3-bde6-3855b03855bc" />
      <TestMethod codeBase="C:\agent\_work\8\s\TestProjectWON\bin\Release\TestProjectWON.dll" adapterTypeName="executor://mstestadapter/v1" className="TestProjectWON.UnitTest1" name="TestMethod342" />
    </UnitTest>
    <UnitTest name="TestMethod606" storage="c:\agent\_work\8\s\testprojectwon\bin\release\testprojectwon.dll" id="a29875b6-465a-5ba8-9083-a44c6c1d15e3">
      <Execution id="942b70b8-6995-45f1-946e-d432e89c5e6a" />
      <TestMethod codeBase="C:\agent\_work\8\s\TestProjectWON\bin\Release\TestProjectWON.dll" adapterTypeName="executor://mstestadapter/v1" className="TestProjectWON.UnitTest1" name="TestMethod606" />
    </UnitTest>
    <UnitTest name="TestMethod984" storage="c:\agent\_work\8\s\testprojectwon\bin\release\testprojectwon.dll" id="f73cb0ca-dab9-44e0-1abf-071039b3992a">
      <Execution id="5b0eb33a-ef09-4bd5-b1e3-e065e4a0da6e" />
      <TestMethod codeBase="C:\agent\_work\8\s\TestProjectWON\bin\Release\TestProjectWON.dll" adapterTypeName="executor://mstestadapter/v1" className="TestProjectWON.UnitTest1" name="TestMethod984" />
    </UnitTest>
    <UnitTest name="TestMethod168" storage="c:\agent\_work\8\s\testprojectwon\bin\release\testprojectwon.dll" id="482a579e-51e3-2b96-2ccc-7f578ded208b">
      <Execution id="4fa84d10-bd51-4bb2-980e-21f8b0438d4e" />
      <TestMethod codeBase="C:\agent\_work\8\s\TestProjectWON\bin\Release\TestProjectWON.dll" adapterTypeName="executor://mstestadapter/v1" className="TestProjectWON.UnitTest1" name="TestMethod168" />
    </UnitTest>
    <UnitTest name="TestMethod831" storage="c:\agent\_work\8\s\testprojectwon\bin\release\testprojectwon.dll" id="6be9e0f1-8680-6a8c-7f2d-3435bf3bdf1c">
      <Execution id="8059b189-dad3-45a5-9e57-b3b85af8e166" />
      <TestMethod codeBase="C:\agent\_work\8\s\TestProjectWON\bin\Release\TestProjectWON.dll" adapterTypeName="executor://mstestadapter/v1" className="TestProjectWON.UnitTest1" name="TestMethod831" />
    </UnitTest>
    <UnitTest name="TestMethod387" storage="c:\agent\_work\8\s\testprojectwon\bin\release\testprojectwon.dll" id="17b82f64-8697-0f7b-bebf-d53ef4dc533d">
      <Execution id="2abc84d2-2a49-4434-936b-6490b27079ed" />
      <TestMethod codeBase="C:\agent\_work\8\s\TestProjectWON\bin\Release\TestProjectWON.dll" adapterTypeName="executor://mstestadapter/v1" className="TestProjectWON.UnitTest1" name="TestMethod387" />
    </UnitTest>
    <UnitTest name="TestMethod383" storage="c:\agent\_work\8\s\testprojectwon\bin\release\testprojectwon.dll" id="978452c9-daa6-d609-022c-8e5c662c69fd">
      <Execution id="48fbf8c0-ebde-43df-99a2-39bd6157088c" />
      <TestMethod codeBase="C:\agent\_work\8\s\TestProjectWON\bin\Release\TestProjectWON.dll" adapterTypeName="executor://mstestadapter/v1" className="TestProjectWON.UnitTest1" name="TestMethod383" />
    </UnitTest>
    <UnitTest name="TestMethod902" storage="c:\agent\_work\8\s\testprojectwon\bin\release\testprojectwon.dll" id="dbdc2b5e-05d7-55cb-6450-200bed021822">
      <Execution id="c2302581-62be-4830-acaa-e84b15574713" />
      <TestMethod codeBase="C:\agent\_work\8\s\TestProjectWON\bin\Release\TestProjectWON.dll" adapterTypeName="executor://mstestadapter/v1" className="TestProjectWON.UnitTest1" name="TestMethod902" />
    </UnitTest>
    <UnitTest name="TestMethod624" storage="c:\agent\_work\8\s\testprojectwon\bin\release\testprojectwon.dll" id="9214b874-848b-6a6d-b88b-6d0ccc56ee9d">
      <Execution id="623d5c18-faa6-460e-a9a0-80751edc21d1" />
      <TestMethod codeBase="C:\agent\_work\8\s\TestProjectWON\bin\Release\TestProjectWON.dll" adapterTypeName="executor://mstestadapter/v1" className="TestProjectWON.UnitTest1" name="TestMethod624" />
    </UnitTest>
    <UnitTest name="TestMethod943" storage="c:\agent\_work\8\s\testprojectwon\bin\release\testprojectwon.dll" id="9ca81a59-57d6-a24c-44b8-40b1eb7b96a7">
      <Execution id="837282fa-ac26-4344-a399-75294aa538f0" />
      <TestMethod codeBase="C:\agent\_work\8\s\TestProjectWON\bin\Release\TestProjectWON.dll" adapterTypeName="executor://mstestadapter/v1" className="TestProjectWON.UnitTest1" name="TestMethod943" />
    </UnitTest>
    <UnitTest name="TestMethod813" storage="c:\agent\_work\8\s\testprojectwon\bin\release\testprojectwon.dll" id="64c450da-7a60-5814-dbb9-6e570bc6322b">
      <Execution id="35333d73-f669-437a-9de4-64dbc18a75f7" />
      <TestMethod codeBase="C:\agent\_work\8\s\TestProjectWON\bin\Release\TestProjectWON.dll" adapterTypeName="executor://mstestadapter/v1" className="TestProjectWON.UnitTest1" name="TestMethod813" />
    </UnitTest>
    <UnitTest name="TestMethod27" storage="c:\agent\_work\8\s\testprojectwon\bin\release\testprojectwon.dll" id="a42ddc1f-339e-3faa-645e-ca74471949a4">
      <Execution id="52bb4bad-4b51-42d4-a375-0ec9a10d237a" />
      <TestMethod codeBase="C:\agent\_work\8\s\TestProjectWON\bin\Release\TestProjectWON.dll" adapterTypeName="executor://mstestadapter/v1" className="TestProjectWON.UnitTest1" name="TestMethod27" />
    </UnitTest>
    <UnitTest name="TestMethod761" storage="c:\agent\_work\8\s\testprojectwon\bin\release\testprojectwon.dll" id="157915dc-e8c7-3f94-7ada-80898034d54d">
      <Execution id="c16ba43c-5289-4f9d-84d4-9b78bbe51141" />
      <TestMethod codeBase="C:\agent\_work\8\s\TestProjectWON\bin\Release\TestProjectWON.dll" adapterTypeName="executor://mstestadapter/v1" className="TestProjectWON.UnitTest1" name="TestMethod761" />
    </UnitTest>
    <UnitTest name="TestMethod670" storage="c:\agent\_work\8\s\testprojectwon\bin\release\testprojectwon.dll" id="835b45ed-3072-ca89-7fba-8d5843f896c9">
      <Execution id="7367479a-87f1-4e7d-ab4b-25304bd05010" />
      <TestMethod codeBase="C:\agent\_work\8\s\TestProjectWON\bin\Release\TestProjectWON.dll" adapterTypeName="executor://mstestadapter/v1" className="TestProjectWON.UnitTest1" name="TestMethod670" />
    </UnitTest>
    <UnitTest name="TestMethod225" storage="c:\agent\_work\8\s\testprojectwon\bin\release\testprojectwon.dll" id="5a06eda4-599b-e0f3-5795-af2b45f366b7">
      <Execution id="f43ae06c-10d6-41fa-8439-3d4b14473311" />
      <TestMethod codeBase="C:\agent\_work\8\s\TestProjectWON\bin\Release\TestProjectWON.dll" adapterTypeName="executor://mstestadapter/v1" className="TestProjectWON.UnitTest1" name="TestMethod225" />
    </UnitTest>
    <UnitTest name="TestMethod877" storage="c:\agent\_work\8\s\testprojectwon\bin\release\testprojectwon.dll" id="ac3b128e-d3d5-4265-9aef-591cc4d52713">
      <Execution id="2290b146-9fd2-4b07-b1cb-de91865c72e5" />
      <TestMethod codeBase="C:\agent\_work\8\s\TestProjectWON\bin\Release\TestProjectWON.dll" adapterTypeName="executor://mstestadapter/v1" className="TestProjectWON.UnitTest1" name="TestMethod877" />
    </UnitTest>
    <UnitTest name="TestMethod69" storage="c:\agent\_work\8\s\testprojectwon\bin\release\testprojectwon.dll" id="4687fcac-499b-9866-4bc9-bb6b4b792979">
      <Execution id="7a918888-6e64-4f2e-b1c3-bd042dae5583" />
      <TestMethod codeBase="C:\agent\_work\8\s\TestProjectWON\bin\Release\TestProjectWON.dll" adapterTypeName="executor://mstestadapter/v1" className="TestProjectWON.UnitTest1" name="TestMethod69" />
    </UnitTest>
    <UnitTest name="TestMethod124" storage="c:\agent\_work\8\s\testprojectwon\bin\release\testprojectwon.dll" id="36579588-9e16-7162-cec9-c9545c4c4e7c">
      <Execution id="f7e67c8a-0aa3-4e65-bbd8-e92964249ee2" />
      <TestMethod codeBase="C:\agent\_work\8\s\TestProjectWON\bin\Release\TestProjectWON.dll" adapterTypeName="executor://mstestadapter/v1" className="TestProjectWON.UnitTest1" name="TestMethod124" />
    </UnitTest>
    <UnitTest name="TestMethod722" storage="c:\agent\_work\8\s\testprojectwon\bin\release\testprojectwon.dll" id="8376720d-9f57-3b09-e40c-6bb95b30941d">
      <Execution id="6c45ac22-7e69-4739-9e23-5339c902c88a" />
      <TestMethod codeBase="C:\agent\_work\8\s\TestProjectWON\bin\Release\TestProjectWON.dll" adapterTypeName="executor://mstestadapter/v1" className="TestProjectWON.UnitTest1" name="TestMethod722" />
    </UnitTest>
    <UnitTest name="TestMethod472" storage="c:\agent\_work\8\s\testprojectwon\bin\release\testprojectwon.dll" id="94d44992-bbc8-f19c-cdde-5651d713421c">
      <Execution id="78f4baa5-32bf-46c3-9518-d3c764854fe9" />
      <TestMethod codeBase="C:\agent\_work\8\s\TestProjectWON\bin\Release\TestProjectWON.dll" adapterTypeName="executor://mstestadapter/v1" className="TestProjectWON.UnitTest1" name="TestMethod472" />
    </UnitTest>
    <UnitTest name="TestMethod960" storage="c:\agent\_work\8\s\testprojectwon\bin\release\testprojectwon.dll" id="fd656e93-dce1-cd2c-5ac9-6f5c6e218c22">
      <Execution id="8ace9990-3342-46ea-81a6-fff9406d0565" />
      <TestMethod codeBase="C:\agent\_work\8\s\TestProjectWON\bin\Release\TestProjectWON.dll" adapterTypeName="executor://mstestadapter/v1" className="TestProjectWON.UnitTest1" name="TestMethod960" />
    </UnitTest>
    <UnitTest name="TestMethod559" storage="c:\agent\_work\8\s\testprojectwon\bin\release\testprojectwon.dll" id="120c60bc-8d47-ab32-cd20-724d67dc2f8f">
      <Execution id="a049df22-7bd8-40a5-964b-f831ffcfe55d" />
      <TestMethod codeBase="C:\agent\_work\8\s\TestProjectWON\bin\Release\TestProjectWON.dll" adapterTypeName="executor://mstestadapter/v1" className="TestProjectWON.UnitTest1" name="TestMethod559" />
    </UnitTest>
    <UnitTest name="TestMethod542" storage="c:\agent\_work\8\s\testprojectwon\bin\release\testprojectwon.dll" id="b9b754c8-f714-8344-be20-9f6c2138c38b">
      <Execution id="8ce55a58-295f-44b9-80bd-02641d385098" />
      <TestMethod codeBase="C:\agent\_work\8\s\TestProjectWON\bin\Release\TestProjectWON.dll" adapterTypeName="executor://mstestadapter/v1" className="TestProjectWON.UnitTest1" name="TestMethod542" />
    </UnitTest>
    <UnitTest name="TestMethod10" storage="c:\agent\_work\8\s\testprojectwon\bin\release\testprojectwon.dll" id="c8975f4e-d683-dbed-6a60-cf01ca216e3c">
      <Execution id="cbde7e10-4769-43ff-bdee-8601a03ad82a" />
      <TestMethod codeBase="C:\agent\_work\8\s\TestProjectWON\bin\Release\TestProjectWON.dll" adapterTypeName="executor://mstestadapter/v1" className="TestProjectWON.UnitTest1" name="TestMethod10" />
    </UnitTest>
    <UnitTest name="TestMethod561" storage="c:\agent\_work\8\s\testprojectwon\bin\release\testprojectwon.dll" id="e52f6c50-ef58-37b1-b118-1e8da43b269c">
      <Execution id="6008c816-6992-47d4-b937-0bdeed902dc6" />
      <TestMethod codeBase="C:\agent\_work\8\s\TestProjectWON\bin\Release\TestProjectWON.dll" adapterTypeName="executor://mstestadapter/v1" className="TestProjectWON.UnitTest1" name="TestMethod561" />
    </UnitTest>
    <UnitTest name="TestMethod381" storage="c:\agent\_work\8\s\testprojectwon\bin\release\testprojectwon.dll" id="fcc75163-f852-5a64-5ffa-ee97b529c63f">
      <Execution id="ef8f99be-e846-4ae7-95da-109002819cca" />
      <TestMethod codeBase="C:\agent\_work\8\s\TestProjectWON\bin\Release\TestProjectWON.dll" adapterTypeName="executor://mstestadapter/v1" className="TestProjectWON.UnitTest1" name="TestMethod381" />
    </UnitTest>
    <UnitTest name="TestMethod671" storage="c:\agent\_work\8\s\testprojectwon\bin\release\testprojectwon.dll" id="097b32a1-e0b9-ea71-7991-dc8ab999ab8f">
      <Execution id="e2227dae-feb2-4f89-aca3-8c64e1a2cc57" />
      <TestMethod codeBase="C:\agent\_work\8\s\TestProjectWON\bin\Release\TestProjectWON.dll" adapterTypeName="executor://mstestadapter/v1" className="TestProjectWON.UnitTest1" name="TestMethod671" />
    </UnitTest>
    <UnitTest name="TestMethod408" storage="c:\agent\_work\8\s\testprojectwon\bin\release\testprojectwon.dll" id="677f09e1-94cd-513e-6097-74e7f6a74112">
      <Execution id="e4ff1fa9-f69c-474f-a3d9-ac8c1d4ae311" />
      <TestMethod codeBase="C:\agent\_work\8\s\TestProjectWON\bin\Release\TestProjectWON.dll" adapterTypeName="executor://mstestadapter/v1" className="TestProjectWON.UnitTest1" name="TestMethod408" />
    </UnitTest>
    <UnitTest name="TestMethod14" storage="c:\agent\_work\8\s\testprojectwon\bin\release\testprojectwon.dll" id="bdcc04af-bd99-f743-70e8-4fe21f8fa829">
      <Execution id="1d3f3580-16f8-4631-9d99-62eae619458e" />
      <TestMethod codeBase="C:\agent\_work\8\s\TestProjectWON\bin\Release\TestProjectWON.dll" adapterTypeName="executor://mstestadapter/v1" className="TestProjectWON.UnitTest1" name="TestMethod14" />
    </UnitTest>
    <UnitTest name="TestMethod2" storage="c:\agent\_work\8\s\testprojectwon\bin\release\testprojectwon.dll" id="4a5c060d-93b8-1349-a42b-b3059e1a946b">
      <Execution id="91620afb-a201-4dd5-8172-a8bf5c2e9802" />
      <TestMethod codeBase="C:\agent\_work\8\s\TestProjectWON\bin\Release\TestProjectWON.dll" adapterTypeName="executor://mstestadapter/v1" className="TestProjectWON.UnitTest1" name="TestMethod2" />
    </UnitTest>
    <UnitTest name="TestMethod801" storage="c:\agent\_work\8\s\testprojectwon\bin\release\testprojectwon.dll" id="d93eba36-2b78-21a5-e34e-0946c9c2d8a6">
      <Execution id="c9301927-d928-4802-816c-62b12233b3df" />
      <TestMethod codeBase="C:\agent\_work\8\s\TestProjectWON\bin\Release\TestProjectWON.dll" adapterTypeName="executor://mstestadapter/v1" className="TestProjectWON.UnitTest1" name="TestMethod801" />
    </UnitTest>
    <UnitTest name="TestMethod154" storage="c:\agent\_work\8\s\testprojectwon\bin\release\testprojectwon.dll" id="72120e5b-d1bc-e3c6-fa74-d580fd378075">
      <Execution id="a86d357c-af10-4ccf-a43a-75d62a6ee3b1" />
      <TestMethod codeBase="C:\agent\_work\8\s\TestProjectWON\bin\Release\TestProjectWON.dll" adapterTypeName="executor://mstestadapter/v1" className="TestProjectWON.UnitTest1" name="TestMethod154" />
    </UnitTest>
    <UnitTest name="TestMethod500" storage="c:\agent\_work\8\s\testprojectwon\bin\release\testprojectwon.dll" id="7a8a4f9b-bc69-7eee-3a8a-ac87698efa86">
      <Execution id="23bcbf9c-6d0c-40cb-a12b-38bd2bd09ec6" />
      <TestMethod codeBase="C:\agent\_work\8\s\TestProjectWON\bin\Release\TestProjectWON.dll" adapterTypeName="executor://mstestadapter/v1" className="TestProjectWON.UnitTest1" name="TestMethod500" />
    </UnitTest>
    <UnitTest name="TestMethod102" storage="c:\agent\_work\8\s\testprojectwon\bin\release\testprojectwon.dll" id="e2286503-c885-d75f-9066-b03417418d83">
      <Execution id="9f869bf1-7253-4e38-b1c3-1ad94d0aa783" />
      <TestMethod codeBase="C:\agent\_work\8\s\TestProjectWON\bin\Release\TestProjectWON.dll" adapterTypeName="executor://mstestadapter/v1" className="TestProjectWON.UnitTest1" name="TestMethod102" />
    </UnitTest>
    <UnitTest name="TestMethod832" storage="c:\agent\_work\8\s\testprojectwon\bin\release\testprojectwon.dll" id="eec9d880-70b9-21fb-51bc-d7aaa04ec93c">
      <Execution id="18e0fb02-d188-4181-b959-de998d7c5c3f" />
      <TestMethod codeBase="C:\agent\_work\8\s\TestProjectWON\bin\Release\TestProjectWON.dll" adapterTypeName="executor://mstestadapter/v1" className="TestProjectWON.UnitTest1" name="TestMethod832" />
    </UnitTest>
    <UnitTest name="TestMethod479" storage="c:\agent\_work\8\s\testprojectwon\bin\release\testprojectwon.dll" id="338cbb1d-4818-4b9d-5dac-eff2a3aeef9f">
      <Execution id="77d38862-35c2-431c-bbf6-2064db7976d7" />
      <TestMethod codeBase="C:\agent\_work\8\s\TestProjectWON\bin\Release\TestProjectWON.dll" adapterTypeName="executor://mstestadapter/v1" className="TestProjectWON.UnitTest1" name="TestMethod479" />
    </UnitTest>
    <UnitTest name="TestMethod640" storage="c:\agent\_work\8\s\testprojectwon\bin\release\testprojectwon.dll" id="9411755a-ed03-1bd5-6a9e-ae7adc109c39">
      <Execution id="d075bfd3-9bed-4a8d-9b5a-132ffbba49dd" />
      <TestMethod codeBase="C:\agent\_work\8\s\TestProjectWON\bin\Release\TestProjectWON.dll" adapterTypeName="executor://mstestadapter/v1" className="TestProjectWON.UnitTest1" name="TestMethod640" />
    </UnitTest>
    <UnitTest name="TestMethod42" storage="c:\agent\_work\8\s\testprojectwon\bin\release\testprojectwon.dll" id="b740d19d-de25-9a60-2c4d-c6feab38a1e1">
      <Execution id="0935a082-cbd0-4556-b954-3d250a0b8579" />
      <TestMethod codeBase="C:\agent\_work\8\s\TestProjectWON\bin\Release\TestProjectWON.dll" adapterTypeName="executor://mstestadapter/v1" className="TestProjectWON.UnitTest1" name="TestMethod42" />
    </UnitTest>
    <UnitTest name="TestMethod505" storage="c:\agent\_work\8\s\testprojectwon\bin\release\testprojectwon.dll" id="3f116c1c-2f15-b2f9-d71d-e760323e39a9">
      <Execution id="3bb26cb2-d46c-4af9-8cc4-52a30e622e23" />
      <TestMethod codeBase="C:\agent\_work\8\s\TestProjectWON\bin\Release\TestProjectWON.dll" adapterTypeName="executor://mstestadapter/v1" className="TestProjectWON.UnitTest1" name="TestMethod505" />
    </UnitTest>
    <UnitTest name="TestMethod134" storage="c:\agent\_work\8\s\testprojectwon\bin\release\testprojectwon.dll" id="845c1c63-7893-cef3-546d-34d2f8566810">
      <Execution id="3c6e1580-582e-4e08-9aba-5d5e2f8bad16" />
      <TestMethod codeBase="C:\agent\_work\8\s\TestProjectWON\bin\Release\TestProjectWON.dll" adapterTypeName="executor://mstestadapter/v1" className="TestProjectWON.UnitTest1" name="TestMethod134" />
    </UnitTest>
    <UnitTest name="TestMethod382" storage="c:\agent\_work\8\s\testprojectwon\bin\release\testprojectwon.dll" id="6f640814-d3f6-4cca-810d-6757a9bb0070">
      <Execution id="bdf3c819-c457-43df-8559-563bca932793" />
      <TestMethod codeBase="C:\agent\_work\8\s\TestProjectWON\bin\Release\TestProjectWON.dll" adapterTypeName="executor://mstestadapter/v1" className="TestProjectWON.UnitTest1" name="TestMethod382" />
    </UnitTest>
    <UnitTest name="TestMethod449" storage="c:\agent\_work\8\s\testprojectwon\bin\release\testprojectwon.dll" id="595e22e6-6c21-00b7-2932-a72ebc8d9695">
      <Execution id="15848fe0-cb1e-48ca-ac33-634d802c6192" />
      <TestMethod codeBase="C:\agent\_work\8\s\TestProjectWON\bin\Release\TestProjectWON.dll" adapterTypeName="executor://mstestadapter/v1" className="TestProjectWON.UnitTest1" name="TestMethod449" />
    </UnitTest>
    <UnitTest name="TestMethod544" storage="c:\agent\_work\8\s\testprojectwon\bin\release\testprojectwon.dll" id="e2f3d818-d409-16eb-2ee8-b5371bac1d3a">
      <Execution id="d8bf57c5-17cb-4c95-90dd-6116e194feb0" />
      <TestMethod codeBase="C:\agent\_work\8\s\TestProjectWON\bin\Release\TestProjectWON.dll" adapterTypeName="executor://mstestadapter/v1" className="TestProjectWON.UnitTest1" name="TestMethod544" />
    </UnitTest>
    <UnitTest name="TestMethod186" storage="c:\agent\_work\8\s\testprojectwon\bin\release\testprojectwon.dll" id="134ef685-0035-25dc-f71f-0041959162b7">
      <Execution id="cf2a78cd-cc24-404f-be2c-a87777446ee1" />
      <TestMethod codeBase="C:\agent\_work\8\s\TestProjectWON\bin\Release\TestProjectWON.dll" adapterTypeName="executor://mstestadapter/v1" className="TestProjectWON.UnitTest1" name="TestMethod186" />
    </UnitTest>
    <UnitTest name="TestMethod916" storage="c:\agent\_work\8\s\testprojectwon\bin\release\testprojectwon.dll" id="2e62a879-e945-d295-45fa-228a82f129b0">
      <Execution id="0219b062-4dfc-4209-ac47-bed5e8ba7f20" />
      <TestMethod codeBase="C:\agent\_work\8\s\TestProjectWON\bin\Release\TestProjectWON.dll" adapterTypeName="executor://mstestadapter/v1" className="TestProjectWON.UnitTest1" name="TestMethod916" />
    </UnitTest>
    <UnitTest name="TestMethod856" storage="c:\agent\_work\8\s\testprojectwon\bin\release\testprojectwon.dll" id="ca5b5852-539b-3641-1aa3-89a4e580dde3">
      <Execution id="ab9abca1-4717-4673-ae06-5a883409ca54" />
      <TestMethod codeBase="C:\agent\_work\8\s\TestProjectWON\bin\Release\TestProjectWON.dll" adapterTypeName="executor://mstestadapter/v1" className="TestProjectWON.UnitTest1" name="TestMethod856" />
    </UnitTest>
    <UnitTest name="TestMethod127" storage="c:\agent\_work\8\s\testprojectwon\bin\release\testprojectwon.dll" id="c07ed1e6-4ff2-787a-6e41-1d744cc03d1e">
      <Execution id="971b0f74-8fdf-4ef1-88e1-e70b99040838" />
      <TestMethod codeBase="C:\agent\_work\8\s\TestProjectWON\bin\Release\TestProjectWON.dll" adapterTypeName="executor://mstestadapter/v1" className="TestProjectWON.UnitTest1" name="TestMethod127" />
    </UnitTest>
    <UnitTest name="TestMethod940" storage="c:\agent\_work\8\s\testprojectwon\bin\release\testprojectwon.dll" id="448750a7-727a-5951-0133-3dde033397df">
      <Execution id="5c62ea91-5537-41ac-97f9-c661f9a92339" />
      <TestMethod codeBase="C:\agent\_work\8\s\TestProjectWON\bin\Release\TestProjectWON.dll" adapterTypeName="executor://mstestadapter/v1" className="TestProjectWON.UnitTest1" name="TestMethod940" />
    </UnitTest>
    <UnitTest name="TestMethod237" storage="c:\agent\_work\8\s\testprojectwon\bin\release\testprojectwon.dll" id="7057b387-b183-b64b-f7f4-291ce2b154d2">
      <Execution id="0bdee06f-0641-4c73-895e-163de2914469" />
      <TestMethod codeBase="C:\agent\_work\8\s\TestProjectWON\bin\Release\TestProjectWON.dll" adapterTypeName="executor://mstestadapter/v1" className="TestProjectWON.UnitTest1" name="TestMethod237" />
    </UnitTest>
    <UnitTest name="TestMethod247" storage="c:\agent\_work\8\s\testprojectwon\bin\release\testprojectwon.dll" id="a31dfba7-e2eb-92e0-e6d2-edbe78204565">
      <Execution id="4fa92cd4-ab6f-457a-9e11-5770c909c140" />
      <TestMethod codeBase="C:\agent\_work\8\s\TestProjectWON\bin\Release\TestProjectWON.dll" adapterTypeName="executor://mstestadapter/v1" className="TestProjectWON.UnitTest1" name="TestMethod247" />
    </UnitTest>
    <UnitTest name="TestMethod424" storage="c:\agent\_work\8\s\testprojectwon\bin\release\testprojectwon.dll" id="1e27ab10-8e53-64cc-9fa8-800cab83d0a3">
      <Execution id="d6826680-7965-47b6-a8a5-570351fd1f6c" />
      <TestMethod codeBase="C:\agent\_work\8\s\TestProjectWON\bin\Release\TestProjectWON.dll" adapterTypeName="executor://mstestadapter/v1" className="TestProjectWON.UnitTest1" name="TestMethod424" />
    </UnitTest>
    <UnitTest name="TestMethod488" storage="c:\agent\_work\8\s\testprojectwon\bin\release\testprojectwon.dll" id="aabe9f3b-0283-90ce-3fe9-506780195010">
      <Execution id="160e1ab4-5f6c-44c2-9ade-5eed0283aa81" />
      <TestMethod codeBase="C:\agent\_work\8\s\TestProjectWON\bin\Release\TestProjectWON.dll" adapterTypeName="executor://mstestadapter/v1" className="TestProjectWON.UnitTest1" name="TestMethod488" />
    </UnitTest>
    <UnitTest name="TestMethod697" storage="c:\agent\_work\8\s\testprojectwon\bin\release\testprojectwon.dll" id="71b10931-73cb-2cce-6429-44087b3adb4f">
      <Execution id="f791bc24-0a07-45bb-a95a-38b5f61eb5cd" />
      <TestMethod codeBase="C:\agent\_work\8\s\TestProjectWON\bin\Release\TestProjectWON.dll" adapterTypeName="executor://mstestadapter/v1" className="TestProjectWON.UnitTest1" name="TestMethod697" />
    </UnitTest>
    <UnitTest name="TestMethod230" storage="c:\agent\_work\8\s\testprojectwon\bin\release\testprojectwon.dll" id="d26742f9-1dbc-92b8-ff4f-b2cfd1c24adf">
      <Execution id="6357b3b0-05ac-4d5b-8d8d-9081942088a5" />
      <TestMethod codeBase="C:\agent\_work\8\s\TestProjectWON\bin\Release\TestProjectWON.dll" adapterTypeName="executor://mstestadapter/v1" className="TestProjectWON.UnitTest1" name="TestMethod230" />
    </UnitTest>
    <UnitTest name="TestMethod459" storage="c:\agent\_work\8\s\testprojectwon\bin\release\testprojectwon.dll" id="30f7a855-6e4a-423e-6c06-6dbdfcea4095">
      <Execution id="9ebd009a-41d4-4583-a171-97798f4d0b71" />
      <TestMethod codeBase="C:\agent\_work\8\s\TestProjectWON\bin\Release\TestProjectWON.dll" adapterTypeName="executor://mstestadapter/v1" className="TestProjectWON.UnitTest1" name="TestMethod459" />
    </UnitTest>
    <UnitTest name="TestMethod326" storage="c:\agent\_work\8\s\testprojectwon\bin\release\testprojectwon.dll" id="9de81f09-f480-09d3-1cf2-f3677ff4137e">
      <Execution id="ea509764-5478-4674-878c-eb2f136ac0b3" />
      <TestMethod codeBase="C:\agent\_work\8\s\TestProjectWON\bin\Release\TestProjectWON.dll" adapterTypeName="executor://mstestadapter/v1" className="TestProjectWON.UnitTest1" name="TestMethod326" />
    </UnitTest>
    <UnitTest name="TestMethod812" storage="c:\agent\_work\8\s\testprojectwon\bin\release\testprojectwon.dll" id="b6312f8c-1aa0-66d3-548d-221a3e664fce">
      <Execution id="365173b5-798f-41b0-adf5-22ae86ac109a" />
      <TestMethod codeBase="C:\agent\_work\8\s\TestProjectWON\bin\Release\TestProjectWON.dll" adapterTypeName="executor://mstestadapter/v1" className="TestProjectWON.UnitTest1" name="TestMethod812" />
    </UnitTest>
    <UnitTest name="TestMethod658" storage="c:\agent\_work\8\s\testprojectwon\bin\release\testprojectwon.dll" id="073d55e5-1430-716f-ad09-055a9bd845f9">
      <Execution id="6666e4d2-7b1d-4750-be72-97aa06e88598" />
      <TestMethod codeBase="C:\agent\_work\8\s\TestProjectWON\bin\Release\TestProjectWON.dll" adapterTypeName="executor://mstestadapter/v1" className="TestProjectWON.UnitTest1" name="TestMethod658" />
    </UnitTest>
    <UnitTest name="TestMethod957" storage="c:\agent\_work\8\s\testprojectwon\bin\release\testprojectwon.dll" id="d65534dd-086c-c963-96ef-21fceb425911">
      <Execution id="1f7e9e49-f336-48ad-9948-82179c046149" />
      <TestMethod codeBase="C:\agent\_work\8\s\TestProjectWON\bin\Release\TestProjectWON.dll" adapterTypeName="executor://mstestadapter/v1" className="TestProjectWON.UnitTest1" name="TestMethod957" />
    </UnitTest>
    <UnitTest name="TestMethod771" storage="c:\agent\_work\8\s\testprojectwon\bin\release\testprojectwon.dll" id="9990f2b1-d640-1774-5359-5f140f74562a">
      <Execution id="63453bec-112c-43b3-b02b-75ff47b9bfd4" />
      <TestMethod codeBase="C:\agent\_work\8\s\TestProjectWON\bin\Release\TestProjectWON.dll" adapterTypeName="executor://mstestadapter/v1" className="TestProjectWON.UnitTest1" name="TestMethod771" />
    </UnitTest>
    <UnitTest name="TestMethod233" storage="c:\agent\_work\8\s\testprojectwon\bin\release\testprojectwon.dll" id="840dc1d5-7578-107a-64ec-eb6ccac07a43">
      <Execution id="58267566-c7d2-4213-9a18-015078f69050" />
      <TestMethod codeBase="C:\agent\_work\8\s\TestProjectWON\bin\Release\TestProjectWON.dll" adapterTypeName="executor://mstestadapter/v1" className="TestProjectWON.UnitTest1" name="TestMethod233" />
    </UnitTest>
    <UnitTest name="TestMethod511" storage="c:\agent\_work\8\s\testprojectwon\bin\release\testprojectwon.dll" id="dbbdc319-4b2f-659b-f481-4c052ecc7522">
      <Execution id="a1cfb204-b019-4957-adaf-9a67815f6aef" />
      <TestMethod codeBase="C:\agent\_work\8\s\TestProjectWON\bin\Release\TestProjectWON.dll" adapterTypeName="executor://mstestadapter/v1" className="TestProjectWON.UnitTest1" name="TestMethod511" />
    </UnitTest>
    <UnitTest name="TestMethod675" storage="c:\agent\_work\8\s\testprojectwon\bin\release\testprojectwon.dll" id="1ddda90b-8993-1b92-f938-0a5c5768d517">
      <Execution id="1f65ac65-b454-4b7c-90de-1bb602e37bfb" />
      <TestMethod codeBase="C:\agent\_work\8\s\TestProjectWON\bin\Release\TestProjectWON.dll" adapterTypeName="executor://mstestadapter/v1" className="TestProjectWON.UnitTest1" name="TestMethod675" />
    </UnitTest>
    <UnitTest name="TestMethod455" storage="c:\agent\_work\8\s\testprojectwon\bin\release\testprojectwon.dll" id="f35ba837-efe1-7ec1-1386-e691929b7f10">
      <Execution id="2e17e123-71cc-45b2-8073-9b3bc23ae17b" />
      <TestMethod codeBase="C:\agent\_work\8\s\TestProjectWON\bin\Release\TestProjectWON.dll" adapterTypeName="executor://mstestadapter/v1" className="TestProjectWON.UnitTest1" name="TestMethod455" />
    </UnitTest>
    <UnitTest name="TestMethod496" storage="c:\agent\_work\8\s\testprojectwon\bin\release\testprojectwon.dll" id="2633d95f-7136-86b5-7f5b-198e049e0830">
      <Execution id="aa7207f8-43c9-4a14-bf46-8a75dca41bf7" />
      <TestMethod codeBase="C:\agent\_work\8\s\TestProjectWON\bin\Release\TestProjectWON.dll" adapterTypeName="executor://mstestadapter/v1" className="TestProjectWON.UnitTest1" name="TestMethod496" />
    </UnitTest>
    <UnitTest name="TestMethod397" storage="c:\agent\_work\8\s\testprojectwon\bin\release\testprojectwon.dll" id="0fa337ef-9264-9b89-1d15-627beacabec9">
      <Execution id="280da9ac-c10c-4d20-a2e5-40b685269376" />
      <TestMethod codeBase="C:\agent\_work\8\s\TestProjectWON\bin\Release\TestProjectWON.dll" adapterTypeName="executor://mstestadapter/v1" className="TestProjectWON.UnitTest1" name="TestMethod397" />
    </UnitTest>
    <UnitTest name="TestMethod855" storage="c:\agent\_work\8\s\testprojectwon\bin\release\testprojectwon.dll" id="5085cb87-98d0-8a0c-8bf9-91a9ebf3d613">
      <Execution id="b8a5d700-7e9b-41d9-9a23-96d8e0e1c972" />
      <TestMethod codeBase="C:\agent\_work\8\s\TestProjectWON\bin\Release\TestProjectWON.dll" adapterTypeName="executor://mstestadapter/v1" className="TestProjectWON.UnitTest1" name="TestMethod855" />
    </UnitTest>
    <UnitTest name="TestMethod778" storage="c:\agent\_work\8\s\testprojectwon\bin\release\testprojectwon.dll" id="2bd589ab-15b3-09bc-54b2-c7707b663777">
      <Execution id="9675f83c-2e59-42d7-99f9-1367147b6d0b" />
      <TestMethod codeBase="C:\agent\_work\8\s\TestProjectWON\bin\Release\TestProjectWON.dll" adapterTypeName="executor://mstestadapter/v1" className="TestProjectWON.UnitTest1" name="TestMethod778" />
    </UnitTest>
    <UnitTest name="TestMethod338" storage="c:\agent\_work\8\s\testprojectwon\bin\release\testprojectwon.dll" id="e314ca48-ecc2-8358-33ec-5f3221d11fab">
      <Execution id="7a94951c-4820-416e-943d-bf6d85eb043e" />
      <TestMethod codeBase="C:\agent\_work\8\s\TestProjectWON\bin\Release\TestProjectWON.dll" adapterTypeName="executor://mstestadapter/v1" className="TestProjectWON.UnitTest1" name="TestMethod338" />
    </UnitTest>
    <UnitTest name="TestMethod3" storage="c:\agent\_work\8\s\testprojectwon\bin\release\testprojectwon.dll" id="8f15877b-bf4c-ed12-8a91-55c01e0c5191">
      <Execution id="247253e9-5cb3-4c9b-9e25-e6cc369a9dee" />
      <TestMethod codeBase="C:\agent\_work\8\s\TestProjectWON\bin\Release\TestProjectWON.dll" adapterTypeName="executor://mstestadapter/v1" className="TestProjectWON.UnitTest1" name="TestMethod3" />
    </UnitTest>
    <UnitTest name="TestMethod782" storage="c:\agent\_work\8\s\testprojectwon\bin\release\testprojectwon.dll" id="919d167e-0489-49fa-867a-b28fe7b95b8b">
      <Execution id="9634e194-48aa-48fb-af85-2d5fdd3409f3" />
      <TestMethod codeBase="C:\agent\_work\8\s\TestProjectWON\bin\Release\TestProjectWON.dll" adapterTypeName="executor://mstestadapter/v1" className="TestProjectWON.UnitTest1" name="TestMethod782" />
    </UnitTest>
    <UnitTest name="TestMethod587" storage="c:\agent\_work\8\s\testprojectwon\bin\release\testprojectwon.dll" id="84884695-1fda-9516-c265-a5d55e0fd64d">
      <Execution id="ebb4f441-0378-42ff-8ff4-d99a285ee5f3" />
      <TestMethod codeBase="C:\agent\_work\8\s\TestProjectWON\bin\Release\TestProjectWON.dll" adapterTypeName="executor://mstestadapter/v1" className="TestProjectWON.UnitTest1" name="TestMethod587" />
    </UnitTest>
    <UnitTest name="TestMethod636" storage="c:\agent\_work\8\s\testprojectwon\bin\release\testprojectwon.dll" id="8718114d-54cc-0052-31c7-faf10f9650c5">
      <Execution id="e3f073c7-c503-4ef2-b7be-ac6147c17c1f" />
      <TestMethod codeBase="C:\agent\_work\8\s\TestProjectWON\bin\Release\TestProjectWON.dll" adapterTypeName="executor://mstestadapter/v1" className="TestProjectWON.UnitTest1" name="TestMethod636" />
    </UnitTest>
    <UnitTest name="TestMethod552" storage="c:\agent\_work\8\s\testprojectwon\bin\release\testprojectwon.dll" id="649576d9-84f0-7dc5-d235-0e115e5d175e">
      <Execution id="744d7465-1c77-41e1-af00-02c7c0faa9c1" />
      <TestMethod codeBase="C:\agent\_work\8\s\TestProjectWON\bin\Release\TestProjectWON.dll" adapterTypeName="executor://mstestadapter/v1" className="TestProjectWON.UnitTest1" name="TestMethod552" />
    </UnitTest>
    <UnitTest name="TestMethod409" storage="c:\agent\_work\8\s\testprojectwon\bin\release\testprojectwon.dll" id="8e1ee98d-a3a6-3406-d3c4-1e9ccc628eef">
      <Execution id="ffb9e154-3158-419b-a19e-11bcf1f99075" />
      <TestMethod codeBase="C:\agent\_work\8\s\TestProjectWON\bin\Release\TestProjectWON.dll" adapterTypeName="executor://mstestadapter/v1" className="TestProjectWON.UnitTest1" name="TestMethod409" />
    </UnitTest>
    <UnitTest name="TestMethod106" storage="c:\agent\_work\8\s\testprojectwon\bin\release\testprojectwon.dll" id="25f6a734-66c9-8e52-5315-839b41d0d581">
      <Execution id="50ec1362-a52f-451c-a9f6-89be4e338b6c" />
      <TestMethod codeBase="C:\agent\_work\8\s\TestProjectWON\bin\Release\TestProjectWON.dll" adapterTypeName="executor://mstestadapter/v1" className="TestProjectWON.UnitTest1" name="TestMethod106" />
    </UnitTest>
    <UnitTest name="TestMethod550" storage="c:\agent\_work\8\s\testprojectwon\bin\release\testprojectwon.dll" id="5e20c9a6-f828-762f-d3f4-e0a2c22e6536">
      <Execution id="23e8e14f-ee24-4bce-ae85-e1494b3aad94" />
      <TestMethod codeBase="C:\agent\_work\8\s\TestProjectWON\bin\Release\TestProjectWON.dll" adapterTypeName="executor://mstestadapter/v1" className="TestProjectWON.UnitTest1" name="TestMethod550" />
    </UnitTest>
    <UnitTest name="TestMethod400" storage="c:\agent\_work\8\s\testprojectwon\bin\release\testprojectwon.dll" id="c561d776-c3ba-aeae-29c5-7b2bbf91fd1e">
      <Execution id="a9025415-802d-4404-9985-0f118f1e20e9" />
      <TestMethod codeBase="C:\agent\_work\8\s\TestProjectWON\bin\Release\TestProjectWON.dll" adapterTypeName="executor://mstestadapter/v1" className="TestProjectWON.UnitTest1" name="TestMethod400" />
    </UnitTest>
    <UnitTest name="TestMethod312" storage="c:\agent\_work\8\s\testprojectwon\bin\release\testprojectwon.dll" id="a4fa1211-839b-b128-8fa2-bc650f85f4da">
      <Execution id="ec8d2d1a-4a3b-47de-85cc-0e76cc0f3e7d" />
      <TestMethod codeBase="C:\agent\_work\8\s\TestProjectWON\bin\Release\TestProjectWON.dll" adapterTypeName="executor://mstestadapter/v1" className="TestProjectWON.UnitTest1" name="TestMethod312" />
    </UnitTest>
    <UnitTest name="TestMethod140" storage="c:\agent\_work\8\s\testprojectwon\bin\release\testprojectwon.dll" id="4c302f5b-871c-539b-842c-c66a6f64c418">
      <Execution id="f7394a16-db39-44ef-9a33-9ad8d5902d48" />
      <TestMethod codeBase="C:\agent\_work\8\s\TestProjectWON\bin\Release\TestProjectWON.dll" adapterTypeName="executor://mstestadapter/v1" className="TestProjectWON.UnitTest1" name="TestMethod140" />
    </UnitTest>
    <UnitTest name="TestMethod597" storage="c:\agent\_work\8\s\testprojectwon\bin\release\testprojectwon.dll" id="e17cb5d8-84bd-3e2b-32fa-bef201119c95">
      <Execution id="d21e6fd5-ef82-479a-9dc8-50e309a68f29" />
      <TestMethod codeBase="C:\agent\_work\8\s\TestProjectWON\bin\Release\TestProjectWON.dll" adapterTypeName="executor://mstestadapter/v1" className="TestProjectWON.UnitTest1" name="TestMethod597" />
    </UnitTest>
    <UnitTest name="TestMethod130" storage="c:\agent\_work\8\s\testprojectwon\bin\release\testprojectwon.dll" id="153bc2be-7b5a-6d34-1b29-a594ac423af5">
      <Execution id="2ae2c79b-bf6b-4175-a5e4-e690098ede0e" />
      <TestMethod codeBase="C:\agent\_work\8\s\TestProjectWON\bin\Release\TestProjectWON.dll" adapterTypeName="executor://mstestadapter/v1" className="TestProjectWON.UnitTest1" name="TestMethod130" />
    </UnitTest>
    <UnitTest name="TestMethod867" storage="c:\agent\_work\8\s\testprojectwon\bin\release\testprojectwon.dll" id="6da635f8-8416-7b4b-0360-189b8dec9d63">
      <Execution id="ac34ea42-9c15-4e16-b288-4586c986cf7e" />
      <TestMethod codeBase="C:\agent\_work\8\s\TestProjectWON\bin\Release\TestProjectWON.dll" adapterTypeName="executor://mstestadapter/v1" className="TestProjectWON.UnitTest1" name="TestMethod867" />
    </UnitTest>
    <UnitTest name="TestMethod802" storage="c:\agent\_work\8\s\testprojectwon\bin\release\testprojectwon.dll" id="9b757f88-a3c7-150e-d2d4-f6a632127186">
      <Execution id="755dba6f-b95c-415d-9e46-398e3d895f71" />
      <TestMethod codeBase="C:\agent\_work\8\s\TestProjectWON\bin\Release\TestProjectWON.dll" adapterTypeName="executor://mstestadapter/v1" className="TestProjectWON.UnitTest1" name="TestMethod802" />
    </UnitTest>
    <UnitTest name="TestMethod162" storage="c:\agent\_work\8\s\testprojectwon\bin\release\testprojectwon.dll" id="1ddc3191-d796-9ca4-1cdf-911c528d78dc">
      <Execution id="727f0932-7c9b-4b13-af8b-7a01c7294e99" />
      <TestMethod codeBase="C:\agent\_work\8\s\TestProjectWON\bin\Release\TestProjectWON.dll" adapterTypeName="executor://mstestadapter/v1" className="TestProjectWON.UnitTest1" name="TestMethod162" />
    </UnitTest>
    <UnitTest name="TestMethod269" storage="c:\agent\_work\8\s\testprojectwon\bin\release\testprojectwon.dll" id="58465c1a-7b5a-d5fd-e467-184445674f7b">
      <Execution id="0cb116da-523e-4a74-bea1-4d0a29c86b8e" />
      <TestMethod codeBase="C:\agent\_work\8\s\TestProjectWON\bin\Release\TestProjectWON.dll" adapterTypeName="executor://mstestadapter/v1" className="TestProjectWON.UnitTest1" name="TestMethod269" />
    </UnitTest>
    <UnitTest name="TestMethod531" storage="c:\agent\_work\8\s\testprojectwon\bin\release\testprojectwon.dll" id="5a1f778d-9eaf-3b6c-d647-c4ac0ef32928">
      <Execution id="5ec04f35-45c0-4b19-9530-5961bd41dce1" />
      <TestMethod codeBase="C:\agent\_work\8\s\TestProjectWON\bin\Release\TestProjectWON.dll" adapterTypeName="executor://mstestadapter/v1" className="TestProjectWON.UnitTest1" name="TestMethod531" />
    </UnitTest>
    <UnitTest name="TestMethod240" storage="c:\agent\_work\8\s\testprojectwon\bin\release\testprojectwon.dll" id="3b5942d2-e7e2-de60-16f9-c73e5cc4a29a">
      <Execution id="442e66f6-c09b-46a9-aba0-03e6769060ce" />
      <TestMethod codeBase="C:\agent\_work\8\s\TestProjectWON\bin\Release\TestProjectWON.dll" adapterTypeName="executor://mstestadapter/v1" className="TestProjectWON.UnitTest1" name="TestMethod240" />
    </UnitTest>
    <UnitTest name="TestMethod315" storage="c:\agent\_work\8\s\testprojectwon\bin\release\testprojectwon.dll" id="09199f50-edc9-3829-f4fa-397ae8153249">
      <Execution id="2b042c96-7af9-47c9-8f2c-71a2ec78f579" />
      <TestMethod codeBase="C:\agent\_work\8\s\TestProjectWON\bin\Release\TestProjectWON.dll" adapterTypeName="executor://mstestadapter/v1" className="TestProjectWON.UnitTest1" name="TestMethod315" />
    </UnitTest>
    <UnitTest name="TestMethod179" storage="c:\agent\_work\8\s\testprojectwon\bin\release\testprojectwon.dll" id="77a26110-9ad0-fe47-cc4e-5b334878955d">
      <Execution id="2219c95f-0e75-410c-95d9-a7ffc7f86b17" />
      <TestMethod codeBase="C:\agent\_work\8\s\TestProjectWON\bin\Release\TestProjectWON.dll" adapterTypeName="executor://mstestadapter/v1" className="TestProjectWON.UnitTest1" name="TestMethod179" />
    </UnitTest>
    <UnitTest name="TestMethod554" storage="c:\agent\_work\8\s\testprojectwon\bin\release\testprojectwon.dll" id="5b486404-8f00-6564-3c4d-715431cb2988">
      <Execution id="c9f232cd-eab0-4aff-9375-47a211ef7a9f" />
      <TestMethod codeBase="C:\agent\_work\8\s\TestProjectWON\bin\Release\TestProjectWON.dll" adapterTypeName="executor://mstestadapter/v1" className="TestProjectWON.UnitTest1" name="TestMethod554" />
    </UnitTest>
    <UnitTest name="TestMethod332" storage="c:\agent\_work\8\s\testprojectwon\bin\release\testprojectwon.dll" id="f4a374c3-e0ad-712b-b4bf-3aff2797104a">
      <Execution id="8ad00031-3b23-4702-8e81-b18ab0b93b5e" />
      <TestMethod codeBase="C:\agent\_work\8\s\TestProjectWON\bin\Release\TestProjectWON.dll" adapterTypeName="executor://mstestadapter/v1" className="TestProjectWON.UnitTest1" name="TestMethod332" />
    </UnitTest>
    <UnitTest name="TestMethod17" storage="c:\agent\_work\8\s\testprojectwon\bin\release\testprojectwon.dll" id="771fb03e-c480-1ce6-a135-57692892e164">
      <Execution id="8c7d8716-8ac8-46be-8a6b-77f7e86a1051" />
      <TestMethod codeBase="C:\agent\_work\8\s\TestProjectWON\bin\Release\TestProjectWON.dll" adapterTypeName="executor://mstestadapter/v1" className="TestProjectWON.UnitTest1" name="TestMethod17" />
    </UnitTest>
    <UnitTest name="TestMethod548" storage="c:\agent\_work\8\s\testprojectwon\bin\release\testprojectwon.dll" id="f40ea688-42cc-2a10-7097-ce92bfa5b964">
      <Execution id="a7813145-8e28-45ee-928d-0c6a5b2f45d1" />
      <TestMethod codeBase="C:\agent\_work\8\s\TestProjectWON\bin\Release\TestProjectWON.dll" adapterTypeName="executor://mstestadapter/v1" className="TestProjectWON.UnitTest1" name="TestMethod548" />
    </UnitTest>
    <UnitTest name="TestMethod930" storage="c:\agent\_work\8\s\testprojectwon\bin\release\testprojectwon.dll" id="a8c51ba9-0ff1-9c79-d0ec-d8c043c3c3a6">
      <Execution id="d6f8c689-3d24-4899-94bd-6c4614ccca31" />
      <TestMethod codeBase="C:\agent\_work\8\s\TestProjectWON\bin\Release\TestProjectWON.dll" adapterTypeName="executor://mstestadapter/v1" className="TestProjectWON.UnitTest1" name="TestMethod930" />
    </UnitTest>
    <UnitTest name="TestMethod934" storage="c:\agent\_work\8\s\testprojectwon\bin\release\testprojectwon.dll" id="0119a4b7-c187-9828-e5a7-c1167f73bb3d">
      <Execution id="48f49320-6573-4027-b6fb-1a25e443a141" />
      <TestMethod codeBase="C:\agent\_work\8\s\TestProjectWON\bin\Release\TestProjectWON.dll" adapterTypeName="executor://mstestadapter/v1" className="TestProjectWON.UnitTest1" name="TestMethod934" />
    </UnitTest>
    <UnitTest name="TestMethod731" storage="c:\agent\_work\8\s\testprojectwon\bin\release\testprojectwon.dll" id="20ce8064-cee4-c7ed-ed78-b9a86833c4d6">
      <Execution id="8cf765cf-5aec-4b2d-b6b8-9a9c8377128a" />
      <TestMethod codeBase="C:\agent\_work\8\s\TestProjectWON\bin\Release\TestProjectWON.dll" adapterTypeName="executor://mstestadapter/v1" className="TestProjectWON.UnitTest1" name="TestMethod731" />
    </UnitTest>
    <UnitTest name="TestMethod271" storage="c:\agent\_work\8\s\testprojectwon\bin\release\testprojectwon.dll" id="a0a4a26c-e5c7-453e-8749-f5f247d9d460">
      <Execution id="c3f547ba-c7fa-46ad-a877-14ca5fa948e1" />
      <TestMethod codeBase="C:\agent\_work\8\s\TestProjectWON\bin\Release\TestProjectWON.dll" adapterTypeName="executor://mstestadapter/v1" className="TestProjectWON.UnitTest1" name="TestMethod271" />
    </UnitTest>
    <UnitTest name="TestMethod975" storage="c:\agent\_work\8\s\testprojectwon\bin\release\testprojectwon.dll" id="048a7356-951d-0443-ab4d-f351f2bc2b8f">
      <Execution id="cd8a1900-cf9a-469d-a589-30add0d50f80" />
      <TestMethod codeBase="C:\agent\_work\8\s\TestProjectWON\bin\Release\TestProjectWON.dll" adapterTypeName="executor://mstestadapter/v1" className="TestProjectWON.UnitTest1" name="TestMethod975" />
    </UnitTest>
    <UnitTest name="TestMethod792" storage="c:\agent\_work\8\s\testprojectwon\bin\release\testprojectwon.dll" id="10ff86b2-14d9-a1b5-59f4-0ee4f986469f">
      <Execution id="432d9ddf-9b88-41b3-9896-731e4398cb89" />
      <TestMethod codeBase="C:\agent\_work\8\s\TestProjectWON\bin\Release\TestProjectWON.dll" adapterTypeName="executor://mstestadapter/v1" className="TestProjectWON.UnitTest1" name="TestMethod792" />
    </UnitTest>
    <UnitTest name="TestMethod895" storage="c:\agent\_work\8\s\testprojectwon\bin\release\testprojectwon.dll" id="bb62df0a-4b0e-dc38-efff-e29b7ce70478">
      <Execution id="cd25501b-b731-4ef5-be32-56b5efd6f3d3" />
      <TestMethod codeBase="C:\agent\_work\8\s\TestProjectWON\bin\Release\TestProjectWON.dll" adapterTypeName="executor://mstestadapter/v1" className="TestProjectWON.UnitTest1" name="TestMethod895" />
    </UnitTest>
    <UnitTest name="TestMethod660" storage="c:\agent\_work\8\s\testprojectwon\bin\release\testprojectwon.dll" id="d831c378-ca09-e46d-7e6f-c07230cf9cb7">
      <Execution id="4299c7f5-9de3-4d83-88cc-3a8fdc301e52" />
      <TestMethod codeBase="C:\agent\_work\8\s\TestProjectWON\bin\Release\TestProjectWON.dll" adapterTypeName="executor://mstestadapter/v1" className="TestProjectWON.UnitTest1" name="TestMethod660" />
    </UnitTest>
    <UnitTest name="TestMethod835" storage="c:\agent\_work\8\s\testprojectwon\bin\release\testprojectwon.dll" id="16f70a3b-5d0d-c008-e985-9ff47e23535f">
      <Execution id="fb0941f0-c14f-419c-9f37-69030fcc1391" />
      <TestMethod codeBase="C:\agent\_work\8\s\TestProjectWON\bin\Release\TestProjectWON.dll" adapterTypeName="executor://mstestadapter/v1" className="TestProjectWON.UnitTest1" name="TestMethod835" />
    </UnitTest>
    <UnitTest name="TestMethod880" storage="c:\agent\_work\8\s\testprojectwon\bin\release\testprojectwon.dll" id="3f9971cf-342d-bdff-0580-39d519ebcc3c">
      <Execution id="eecb7d27-1aa4-4d12-9098-addd6a84a87c" />
      <TestMethod codeBase="C:\agent\_work\8\s\TestProjectWON\bin\Release\TestProjectWON.dll" adapterTypeName="executor://mstestadapter/v1" className="TestProjectWON.UnitTest1" name="TestMethod880" />
    </UnitTest>
    <UnitTest name="TestMethod661" storage="c:\agent\_work\8\s\testprojectwon\bin\release\testprojectwon.dll" id="3ae6ff48-fce1-a2b9-c0a7-253156076b84">
      <Execution id="a2c58826-429a-4717-aa4a-c6f5889b24a1" />
      <TestMethod codeBase="C:\agent\_work\8\s\TestProjectWON\bin\Release\TestProjectWON.dll" adapterTypeName="executor://mstestadapter/v1" className="TestProjectWON.UnitTest1" name="TestMethod661" />
    </UnitTest>
    <UnitTest name="TestMethod12" storage="c:\agent\_work\8\s\testprojectwon\bin\release\testprojectwon.dll" id="66f88e8d-25f5-45b5-b84b-7eb9f767cf1a">
      <Execution id="bf55a1bc-d1ee-4e48-8285-c032b79fe06e" />
      <TestMethod codeBase="C:\agent\_work\8\s\TestProjectWON\bin\Release\TestProjectWON.dll" adapterTypeName="executor://mstestadapter/v1" className="TestProjectWON.UnitTest1" name="TestMethod12" />
    </UnitTest>
    <UnitTest name="TestMethod743" storage="c:\agent\_work\8\s\testprojectwon\bin\release\testprojectwon.dll" id="86af2605-ad50-3b2e-3ed9-5900a4915214">
      <Execution id="b5b54ad3-7aca-4c92-b579-8e5a17ec104b" />
      <TestMethod codeBase="C:\agent\_work\8\s\TestProjectWON\bin\Release\TestProjectWON.dll" adapterTypeName="executor://mstestadapter/v1" className="TestProjectWON.UnitTest1" name="TestMethod743" />
    </UnitTest>
    <UnitTest name="TestMethod543" storage="c:\agent\_work\8\s\testprojectwon\bin\release\testprojectwon.dll" id="17e6532f-2296-a418-52a2-4e83be3acb5f">
      <Execution id="68a26570-6040-48a7-971f-09976127e5ee" />
      <TestMethod codeBase="C:\agent\_work\8\s\TestProjectWON\bin\Release\TestProjectWON.dll" adapterTypeName="executor://mstestadapter/v1" className="TestProjectWON.UnitTest1" name="TestMethod543" />
    </UnitTest>
    <UnitTest name="TestMethod74" storage="c:\agent\_work\8\s\testprojectwon\bin\release\testprojectwon.dll" id="5bf03c58-6476-4eda-a5b2-9ac79c3fe109">
      <Execution id="9c78088c-deb9-49c5-9767-314d2f9e8e31" />
      <TestMethod codeBase="C:\agent\_work\8\s\TestProjectWON\bin\Release\TestProjectWON.dll" adapterTypeName="executor://mstestadapter/v1" className="TestProjectWON.UnitTest1" name="TestMethod74" />
    </UnitTest>
    <UnitTest name="TestMethod787" storage="c:\agent\_work\8\s\testprojectwon\bin\release\testprojectwon.dll" id="766c5017-8c1b-76f2-b482-c97f8fac42b9">
      <Execution id="b7a0745b-0a89-45e5-bb4e-3d93afb24625" />
      <TestMethod codeBase="C:\agent\_work\8\s\TestProjectWON\bin\Release\TestProjectWON.dll" adapterTypeName="executor://mstestadapter/v1" className="TestProjectWON.UnitTest1" name="TestMethod787" />
    </UnitTest>
    <UnitTest name="TestMethod352" storage="c:\agent\_work\8\s\testprojectwon\bin\release\testprojectwon.dll" id="80842f01-45f2-591b-2b29-03dee54f7182">
      <Execution id="76976548-de40-4f81-a8d3-e4580f2f395f" />
      <TestMethod codeBase="C:\agent\_work\8\s\TestProjectWON\bin\Release\TestProjectWON.dll" adapterTypeName="executor://mstestadapter/v1" className="TestProjectWON.UnitTest1" name="TestMethod352" />
    </UnitTest>
    <UnitTest name="TestMethod680" storage="c:\agent\_work\8\s\testprojectwon\bin\release\testprojectwon.dll" id="438073fc-df09-d208-e6ce-3a85df08aee3">
      <Execution id="6881e168-068c-4643-8e8d-f51a25bd1e2d" />
      <TestMethod codeBase="C:\agent\_work\8\s\TestProjectWON\bin\Release\TestProjectWON.dll" adapterTypeName="executor://mstestadapter/v1" className="TestProjectWON.UnitTest1" name="TestMethod680" />
    </UnitTest>
    <UnitTest name="TestMethod96" storage="c:\agent\_work\8\s\testprojectwon\bin\release\testprojectwon.dll" id="d5f61ed0-6999-349f-54f4-28cd8e1c01d4">
      <Execution id="6c3df31e-e47d-4596-8534-a13d576fa23a" />
      <TestMethod codeBase="C:\agent\_work\8\s\TestProjectWON\bin\Release\TestProjectWON.dll" adapterTypeName="executor://mstestadapter/v1" className="TestProjectWON.UnitTest1" name="TestMethod96" />
    </UnitTest>
    <UnitTest name="TestMethod703" storage="c:\agent\_work\8\s\testprojectwon\bin\release\testprojectwon.dll" id="956ee45b-28c9-92eb-4d28-9f7ad0b0d994">
      <Execution id="950b4b6f-6d35-42a1-9da4-6867714fe2a6" />
      <TestMethod codeBase="C:\agent\_work\8\s\TestProjectWON\bin\Release\TestProjectWON.dll" adapterTypeName="executor://mstestadapter/v1" className="TestProjectWON.UnitTest1" name="TestMethod703" />
    </UnitTest>
    <UnitTest name="TestMethod224" storage="c:\agent\_work\8\s\testprojectwon\bin\release\testprojectwon.dll" id="a2d17b88-2ee0-0628-93a1-91e51b945455">
      <Execution id="96de651b-72e1-4450-a55e-3303fa5593d5" />
      <TestMethod codeBase="C:\agent\_work\8\s\TestProjectWON\bin\Release\TestProjectWON.dll" adapterTypeName="executor://mstestadapter/v1" className="TestProjectWON.UnitTest1" name="TestMethod224" />
    </UnitTest>
    <UnitTest name="TestMethod44" storage="c:\agent\_work\8\s\testprojectwon\bin\release\testprojectwon.dll" id="6e829777-be9c-6654-9151-94a58c43765f">
      <Execution id="f6a74f85-ec57-4d79-8236-5d46d8f25e6f" />
      <TestMethod codeBase="C:\agent\_work\8\s\TestProjectWON\bin\Release\TestProjectWON.dll" adapterTypeName="executor://mstestadapter/v1" className="TestProjectWON.UnitTest1" name="TestMethod44" />
    </UnitTest>
    <UnitTest name="TestMethod212" storage="c:\agent\_work\8\s\testprojectwon\bin\release\testprojectwon.dll" id="0a813c2e-c51e-bd80-94ac-98a95a07ff38">
      <Execution id="834c51c5-7e6d-4038-921b-88e22a12f5b6" />
      <TestMethod codeBase="C:\agent\_work\8\s\TestProjectWON\bin\Release\TestProjectWON.dll" adapterTypeName="executor://mstestadapter/v1" className="TestProjectWON.UnitTest1" name="TestMethod212" />
    </UnitTest>
    <UnitTest name="TestMethod637" storage="c:\agent\_work\8\s\testprojectwon\bin\release\testprojectwon.dll" id="8b9b2119-6a34-92eb-9dd5-7135d26b5a38">
      <Execution id="5a16a9db-e074-44f8-894d-bf568191e183" />
      <TestMethod codeBase="C:\agent\_work\8\s\TestProjectWON\bin\Release\TestProjectWON.dll" adapterTypeName="executor://mstestadapter/v1" className="TestProjectWON.UnitTest1" name="TestMethod637" />
    </UnitTest>
    <UnitTest name="TestMethod173" storage="c:\agent\_work\8\s\testprojectwon\bin\release\testprojectwon.dll" id="8ce8709b-f529-f993-476b-8a16b458982c">
      <Execution id="bf22cec6-f876-4d2b-967a-832e929a6697" />
      <TestMethod codeBase="C:\agent\_work\8\s\TestProjectWON\bin\Release\TestProjectWON.dll" adapterTypeName="executor://mstestadapter/v1" className="TestProjectWON.UnitTest1" name="TestMethod173" />
    </UnitTest>
    <UnitTest name="TestMethod980" storage="c:\agent\_work\8\s\testprojectwon\bin\release\testprojectwon.dll" id="a7515f3f-1a35-4f95-d426-065ba5f9b6df">
      <Execution id="9bd6920c-7222-4214-b18f-3f8f578cbc98" />
      <TestMethod codeBase="C:\agent\_work\8\s\TestProjectWON\bin\Release\TestProjectWON.dll" adapterTypeName="executor://mstestadapter/v1" className="TestProjectWON.UnitTest1" name="TestMethod980" />
    </UnitTest>
    <UnitTest name="TestMethod525" storage="c:\agent\_work\8\s\testprojectwon\bin\release\testprojectwon.dll" id="d4f79742-85f3-99b3-b553-501ccf8d4cf2">
      <Execution id="4f0d55b7-b1b5-42fd-8a1c-c334c2f77c7b" />
      <TestMethod codeBase="C:\agent\_work\8\s\TestProjectWON\bin\Release\TestProjectWON.dll" adapterTypeName="executor://mstestadapter/v1" className="TestProjectWON.UnitTest1" name="TestMethod525" />
    </UnitTest>
    <UnitTest name="TestMethod241" storage="c:\agent\_work\8\s\testprojectwon\bin\release\testprojectwon.dll" id="e420af2e-a5a3-9089-0a8f-66e455f4e5c8">
      <Execution id="93875e21-2b80-4769-b607-d926024ddf47" />
      <TestMethod codeBase="C:\agent\_work\8\s\TestProjectWON\bin\Release\TestProjectWON.dll" adapterTypeName="executor://mstestadapter/v1" className="TestProjectWON.UnitTest1" name="TestMethod241" />
    </UnitTest>
    <UnitTest name="TestMethod361" storage="c:\agent\_work\8\s\testprojectwon\bin\release\testprojectwon.dll" id="6d744b39-535d-b171-cdba-89a61515c153">
      <Execution id="617b645e-9420-4404-8fc9-25e1981672ee" />
      <TestMethod codeBase="C:\agent\_work\8\s\TestProjectWON\bin\Release\TestProjectWON.dll" adapterTypeName="executor://mstestadapter/v1" className="TestProjectWON.UnitTest1" name="TestMethod361" />
    </UnitTest>
    <UnitTest name="TestMethod847" storage="c:\agent\_work\8\s\testprojectwon\bin\release\testprojectwon.dll" id="44559b3b-4bc0-9b19-46d5-68aa01a0837e">
      <Execution id="cbb6a4fd-a6b8-4573-a5ee-d0b16be94b03" />
      <TestMethod codeBase="C:\agent\_work\8\s\TestProjectWON\bin\Release\TestProjectWON.dll" adapterTypeName="executor://mstestadapter/v1" className="TestProjectWON.UnitTest1" name="TestMethod847" />
    </UnitTest>
    <UnitTest name="TestMethod649" storage="c:\agent\_work\8\s\testprojectwon\bin\release\testprojectwon.dll" id="73b680b6-4651-48a5-18e1-a991cb04485e">
      <Execution id="0146ea68-509f-4ba5-8b29-aea633600f74" />
      <TestMethod codeBase="C:\agent\_work\8\s\TestProjectWON\bin\Release\TestProjectWON.dll" adapterTypeName="executor://mstestadapter/v1" className="TestProjectWON.UnitTest1" name="TestMethod649" />
    </UnitTest>
    <UnitTest name="TestMethod996" storage="c:\agent\_work\8\s\testprojectwon\bin\release\testprojectwon.dll" id="335d1f61-b7f0-8369-7438-d9b8103c6046">
      <Execution id="f7f4ee92-1469-48d9-89cd-cd2b6ffe64e5" />
      <TestMethod codeBase="C:\agent\_work\8\s\TestProjectWON\bin\Release\TestProjectWON.dll" adapterTypeName="executor://mstestadapter/v1" className="TestProjectWON.UnitTest1" name="TestMethod996" />
    </UnitTest>
    <UnitTest name="TestMethod72" storage="c:\agent\_work\8\s\testprojectwon\bin\release\testprojectwon.dll" id="79131899-3123-4cc0-aa77-5eb1f6caec1e">
      <Execution id="20dea8e8-d99a-429e-bfef-ba49c0dd9cae" />
      <TestMethod codeBase="C:\agent\_work\8\s\TestProjectWON\bin\Release\TestProjectWON.dll" adapterTypeName="executor://mstestadapter/v1" className="TestProjectWON.UnitTest1" name="TestMethod72" />
    </UnitTest>
    <UnitTest name="TestMethod45" storage="c:\agent\_work\8\s\testprojectwon\bin\release\testprojectwon.dll" id="9524a89d-4de7-f772-178c-7bc487185542">
      <Execution id="abda4ccd-bf13-457a-b26a-3e38fc203cdd" />
      <TestMethod codeBase="C:\agent\_work\8\s\TestProjectWON\bin\Release\TestProjectWON.dll" adapterTypeName="executor://mstestadapter/v1" className="TestProjectWON.UnitTest1" name="TestMethod45" />
    </UnitTest>
    <UnitTest name="TestMethod585" storage="c:\agent\_work\8\s\testprojectwon\bin\release\testprojectwon.dll" id="4007acf6-6807-10a0-d3a3-32c9cbc0fb1b">
      <Execution id="ef58b1ff-6481-473a-a7f3-3f93be89241d" />
      <TestMethod codeBase="C:\agent\_work\8\s\TestProjectWON\bin\Release\TestProjectWON.dll" adapterTypeName="executor://mstestadapter/v1" className="TestProjectWON.UnitTest1" name="TestMethod585" />
    </UnitTest>
    <UnitTest name="TestMethod738" storage="c:\agent\_work\8\s\testprojectwon\bin\release\testprojectwon.dll" id="f5d96dea-c7eb-1a86-7dcb-67ccaa68bfa3">
      <Execution id="8f0f9915-dd04-4e5f-84bb-796c4a158f7c" />
      <TestMethod codeBase="C:\agent\_work\8\s\TestProjectWON\bin\Release\TestProjectWON.dll" adapterTypeName="executor://mstestadapter/v1" className="TestProjectWON.UnitTest1" name="TestMethod738" />
    </UnitTest>
    <UnitTest name="TestMethod793" storage="c:\agent\_work\8\s\testprojectwon\bin\release\testprojectwon.dll" id="ef12d427-79fb-6de9-e6db-c097fb2706b4">
      <Execution id="7ba852f3-b317-4af5-b0cd-d7f2a48f9437" />
      <TestMethod codeBase="C:\agent\_work\8\s\TestProjectWON\bin\Release\TestProjectWON.dll" adapterTypeName="executor://mstestadapter/v1" className="TestProjectWON.UnitTest1" name="TestMethod793" />
    </UnitTest>
    <UnitTest name="TestMethod190" storage="c:\agent\_work\8\s\testprojectwon\bin\release\testprojectwon.dll" id="85103077-a2c9-9fe0-35a6-e2accaefe0dc">
      <Execution id="31f8ff4a-342e-4ed9-be0b-9546da92a54c" />
      <TestMethod codeBase="C:\agent\_work\8\s\TestProjectWON\bin\Release\TestProjectWON.dll" adapterTypeName="executor://mstestadapter/v1" className="TestProjectWON.UnitTest1" name="TestMethod190" />
    </UnitTest>
    <UnitTest name="TestMethod434" storage="c:\agent\_work\8\s\testprojectwon\bin\release\testprojectwon.dll" id="f852f7cb-14d1-d79d-ca12-717fd583929c">
      <Execution id="235da816-9313-4490-9150-a77f54c5af75" />
      <TestMethod codeBase="C:\agent\_work\8\s\TestProjectWON\bin\Release\TestProjectWON.dll" adapterTypeName="executor://mstestadapter/v1" className="TestProjectWON.UnitTest1" name="TestMethod434" />
    </UnitTest>
    <UnitTest name="TestMethod56" storage="c:\agent\_work\8\s\testprojectwon\bin\release\testprojectwon.dll" id="5fbe0d69-d94a-6f4a-ffd3-2faae51408c7">
      <Execution id="e9af19f6-2af1-42cc-a5ad-4998f6e2a6f9" />
      <TestMethod codeBase="C:\agent\_work\8\s\TestProjectWON\bin\Release\TestProjectWON.dll" adapterTypeName="executor://mstestadapter/v1" className="TestProjectWON.UnitTest1" name="TestMethod56" />
    </UnitTest>
    <UnitTest name="TestMethod55" storage="c:\agent\_work\8\s\testprojectwon\bin\release\testprojectwon.dll" id="9409b05b-2514-07c8-2b83-2171d216f20b">
      <Execution id="4d9cc47b-0ca7-475b-8e92-e26e06a273f5" />
      <TestMethod codeBase="C:\agent\_work\8\s\TestProjectWON\bin\Release\TestProjectWON.dll" adapterTypeName="executor://mstestadapter/v1" className="TestProjectWON.UnitTest1" name="TestMethod55" />
    </UnitTest>
    <UnitTest name="TestMethod512" storage="c:\agent\_work\8\s\testprojectwon\bin\release\testprojectwon.dll" id="5ca335a4-1c06-7672-db8c-7ad200989c3c">
      <Execution id="7b395ce6-4544-4674-8f4e-4ff81b8b5bb6" />
      <TestMethod codeBase="C:\agent\_work\8\s\TestProjectWON\bin\Release\TestProjectWON.dll" adapterTypeName="executor://mstestadapter/v1" className="TestProjectWON.UnitTest1" name="TestMethod512" />
    </UnitTest>
    <UnitTest name="TestMethod615" storage="c:\agent\_work\8\s\testprojectwon\bin\release\testprojectwon.dll" id="5ee6d11f-092e-0ef4-fdfd-3cce1d9a2396">
      <Execution id="b48a9653-201e-402f-9778-03a5513e4d92" />
      <TestMethod codeBase="C:\agent\_work\8\s\TestProjectWON\bin\Release\TestProjectWON.dll" adapterTypeName="executor://mstestadapter/v1" className="TestProjectWON.UnitTest1" name="TestMethod615" />
    </UnitTest>
    <UnitTest name="TestMethod297" storage="c:\agent\_work\8\s\testprojectwon\bin\release\testprojectwon.dll" id="65a34207-9861-c25d-baf5-138e5797b103">
      <Execution id="48080218-550b-47b4-9c40-18e3ce3f1a98" />
      <TestMethod codeBase="C:\agent\_work\8\s\TestProjectWON\bin\Release\TestProjectWON.dll" adapterTypeName="executor://mstestadapter/v1" className="TestProjectWON.UnitTest1" name="TestMethod297" />
    </UnitTest>
    <UnitTest name="TestMethod699" storage="c:\agent\_work\8\s\testprojectwon\bin\release\testprojectwon.dll" id="98d02439-5e15-64fc-4bb1-49fcc6e0af98">
      <Execution id="2b54e492-377d-46a9-a18a-c7e65dabd0f5" />
      <TestMethod codeBase="C:\agent\_work\8\s\TestProjectWON\bin\Release\TestProjectWON.dll" adapterTypeName="executor://mstestadapter/v1" className="TestProjectWON.UnitTest1" name="TestMethod699" />
    </UnitTest>
    <UnitTest name="TestMethod882" storage="c:\agent\_work\8\s\testprojectwon\bin\release\testprojectwon.dll" id="a35c942d-6895-a795-6eca-0a93ecbe39ce">
      <Execution id="7541d269-7af5-45e0-bde3-1b0d9fab8442" />
      <TestMethod codeBase="C:\agent\_work\8\s\TestProjectWON\bin\Release\TestProjectWON.dll" adapterTypeName="executor://mstestadapter/v1" className="TestProjectWON.UnitTest1" name="TestMethod882" />
    </UnitTest>
    <UnitTest name="TestMethod183" storage="c:\agent\_work\8\s\testprojectwon\bin\release\testprojectwon.dll" id="fc9af01d-bb69-334d-53e5-8f18885bed01">
      <Execution id="a580b4f0-dbd4-41e9-a0ca-7a9916872d03" />
      <TestMethod codeBase="C:\agent\_work\8\s\TestProjectWON\bin\Release\TestProjectWON.dll" adapterTypeName="executor://mstestadapter/v1" className="TestProjectWON.UnitTest1" name="TestMethod183" />
    </UnitTest>
    <UnitTest name="TestMethod454" storage="c:\agent\_work\8\s\testprojectwon\bin\release\testprojectwon.dll" id="45d5d672-2494-523f-3667-f6a15831b673">
      <Execution id="7488ef2a-12f1-4dee-aef7-45ab2d41ee4b" />
      <TestMethod codeBase="C:\agent\_work\8\s\TestProjectWON\bin\Release\TestProjectWON.dll" adapterTypeName="executor://mstestadapter/v1" className="TestProjectWON.UnitTest1" name="TestMethod454" />
    </UnitTest>
    <UnitTest name="TestMethod354" storage="c:\agent\_work\8\s\testprojectwon\bin\release\testprojectwon.dll" id="e686ecec-df6b-cc83-74a3-95140c17e2f4">
      <Execution id="1e0f4e4c-625a-4227-9133-d332381f6b07" />
      <TestMethod codeBase="C:\agent\_work\8\s\TestProjectWON\bin\Release\TestProjectWON.dll" adapterTypeName="executor://mstestadapter/v1" className="TestProjectWON.UnitTest1" name="TestMethod354" />
    </UnitTest>
    <UnitTest name="TestMethod885" storage="c:\agent\_work\8\s\testprojectwon\bin\release\testprojectwon.dll" id="a6bcb73f-80a6-d871-8660-62ffee7a7f84">
      <Execution id="c810c641-7719-4352-a500-d10c44a9d626" />
      <TestMethod codeBase="C:\agent\_work\8\s\TestProjectWON\bin\Release\TestProjectWON.dll" adapterTypeName="executor://mstestadapter/v1" className="TestProjectWON.UnitTest1" name="TestMethod885" />
    </UnitTest>
    <UnitTest name="TestMethod925" storage="c:\agent\_work\8\s\testprojectwon\bin\release\testprojectwon.dll" id="45d623f8-350a-1c5f-cb90-032738afc629">
      <Execution id="6652bd22-9a21-4424-94e2-88b5d095945e" />
      <TestMethod codeBase="C:\agent\_work\8\s\TestProjectWON\bin\Release\TestProjectWON.dll" adapterTypeName="executor://mstestadapter/v1" className="TestProjectWON.UnitTest1" name="TestMethod925" />
    </UnitTest>
    <UnitTest name="TestMethod625" storage="c:\agent\_work\8\s\testprojectwon\bin\release\testprojectwon.dll" id="8aa507ca-7515-86e1-d354-cbe491f642e8">
      <Execution id="f64e24f8-72f6-4b74-8401-050ea572cfb7" />
      <TestMethod codeBase="C:\agent\_work\8\s\TestProjectWON\bin\Release\TestProjectWON.dll" adapterTypeName="executor://mstestadapter/v1" className="TestProjectWON.UnitTest1" name="TestMethod625" />
    </UnitTest>
    <UnitTest name="TestMethod695" storage="c:\agent\_work\8\s\testprojectwon\bin\release\testprojectwon.dll" id="14f25edb-1659-8f52-8b86-e51e32ee796f">
      <Execution id="cbf334b5-e4da-4ac3-bdfd-265359815c62" />
      <TestMethod codeBase="C:\agent\_work\8\s\TestProjectWON\bin\Release\TestProjectWON.dll" adapterTypeName="executor://mstestadapter/v1" className="TestProjectWON.UnitTest1" name="TestMethod695" />
    </UnitTest>
    <UnitTest name="TestMethod370" storage="c:\agent\_work\8\s\testprojectwon\bin\release\testprojectwon.dll" id="92bfaf0a-71f6-f6dd-44a1-ce078bb2ce09">
      <Execution id="51bac5b5-61e6-4929-ae4c-e955512718ca" />
      <TestMethod codeBase="C:\agent\_work\8\s\TestProjectWON\bin\Release\TestProjectWON.dll" adapterTypeName="executor://mstestadapter/v1" className="TestProjectWON.UnitTest1" name="TestMethod370" />
    </UnitTest>
    <UnitTest name="TestMethod702" storage="c:\agent\_work\8\s\testprojectwon\bin\release\testprojectwon.dll" id="1ec9a971-ccf7-6574-f711-75d27027d1b1">
      <Execution id="e49d1ae2-aa3c-43aa-9d81-3ff9cde2f92d" />
      <TestMethod codeBase="C:\agent\_work\8\s\TestProjectWON\bin\Release\TestProjectWON.dll" adapterTypeName="executor://mstestadapter/v1" className="TestProjectWON.UnitTest1" name="TestMethod702" />
    </UnitTest>
    <UnitTest name="TestMethod723" storage="c:\agent\_work\8\s\testprojectwon\bin\release\testprojectwon.dll" id="3fe93b42-aaf2-57f6-1892-3c4a08441dc1">
      <Execution id="c33296e1-b822-4a33-a182-5448f37e455d" />
      <TestMethod codeBase="C:\agent\_work\8\s\TestProjectWON\bin\Release\TestProjectWON.dll" adapterTypeName="executor://mstestadapter/v1" className="TestProjectWON.UnitTest1" name="TestMethod723" />
    </UnitTest>
    <UnitTest name="TestMethod181" storage="c:\agent\_work\8\s\testprojectwon\bin\release\testprojectwon.dll" id="dbee600a-43b3-1f1d-cc85-07a8ccebdcdf">
      <Execution id="b711b2aa-267c-4626-83a8-6fb89513a169" />
      <TestMethod codeBase="C:\agent\_work\8\s\TestProjectWON\bin\Release\TestProjectWON.dll" adapterTypeName="executor://mstestadapter/v1" className="TestProjectWON.UnitTest1" name="TestMethod181" />
    </UnitTest>
    <UnitTest name="TestMethod403" storage="c:\agent\_work\8\s\testprojectwon\bin\release\testprojectwon.dll" id="a9b63f00-74b0-6165-6ced-062d282317b1">
      <Execution id="27a0daee-a78a-43dc-b7a4-e50085a6bfe6" />
      <TestMethod codeBase="C:\agent\_work\8\s\TestProjectWON\bin\Release\TestProjectWON.dll" adapterTypeName="executor://mstestadapter/v1" className="TestProjectWON.UnitTest1" name="TestMethod403" />
    </UnitTest>
    <UnitTest name="TestMethod574" storage="c:\agent\_work\8\s\testprojectwon\bin\release\testprojectwon.dll" id="0e6cc107-c8fb-79d7-b16b-448e9915d30f">
      <Execution id="ecdcf656-8135-46c2-8fdc-72672b203d4d" />
      <TestMethod codeBase="C:\agent\_work\8\s\TestProjectWON\bin\Release\TestProjectWON.dll" adapterTypeName="executor://mstestadapter/v1" className="TestProjectWON.UnitTest1" name="TestMethod574" />
    </UnitTest>
    <UnitTest name="TestMethod901" storage="c:\agent\_work\8\s\testprojectwon\bin\release\testprojectwon.dll" id="f0940c99-0c6a-0c0e-3491-b1b7a569c823">
      <Execution id="405bd667-9cdd-4c71-9293-fd1ee68a4c0d" />
      <TestMethod codeBase="C:\agent\_work\8\s\TestProjectWON\bin\Release\TestProjectWON.dll" adapterTypeName="executor://mstestadapter/v1" className="TestProjectWON.UnitTest1" name="TestMethod901" />
    </UnitTest>
    <UnitTest name="TestMethod711" storage="c:\agent\_work\8\s\testprojectwon\bin\release\testprojectwon.dll" id="c32958c4-2ff3-227c-18a5-c048e326503b">
      <Execution id="600834f8-5036-404f-9e33-502778b42aca" />
      <TestMethod codeBase="C:\agent\_work\8\s\TestProjectWON\bin\Release\TestProjectWON.dll" adapterTypeName="executor://mstestadapter/v1" className="TestProjectWON.UnitTest1" name="TestMethod711" />
    </UnitTest>
    <UnitTest name="TestMethod754" storage="c:\agent\_work\8\s\testprojectwon\bin\release\testprojectwon.dll" id="e4d83b6e-0f77-db97-f15f-cf453db67653">
      <Execution id="1309b92c-777e-488e-bbd6-93efa1ff60ec" />
      <TestMethod codeBase="C:\agent\_work\8\s\TestProjectWON\bin\Release\TestProjectWON.dll" adapterTypeName="executor://mstestadapter/v1" className="TestProjectWON.UnitTest1" name="TestMethod754" />
    </UnitTest>
    <UnitTest name="TestMethod153" storage="c:\agent\_work\8\s\testprojectwon\bin\release\testprojectwon.dll" id="b45e8f90-18e0-9f3b-9e1e-d9a9792c1737">
      <Execution id="dd305653-b6cc-44a1-ae21-8bc938b30407" />
      <TestMethod codeBase="C:\agent\_work\8\s\TestProjectWON\bin\Release\TestProjectWON.dll" adapterTypeName="executor://mstestadapter/v1" className="TestProjectWON.UnitTest1" name="TestMethod153" />
    </UnitTest>
    <UnitTest name="TestMethod861" storage="c:\agent\_work\8\s\testprojectwon\bin\release\testprojectwon.dll" id="91668cbc-921d-9f80-0050-9289713a8523">
      <Execution id="89632c0f-44e0-45b7-8f11-2f37ccef093d" />
      <TestMethod codeBase="C:\agent\_work\8\s\TestProjectWON\bin\Release\TestProjectWON.dll" adapterTypeName="executor://mstestadapter/v1" className="TestProjectWON.UnitTest1" name="TestMethod861" />
    </UnitTest>
    <UnitTest name="TestMethod963" storage="c:\agent\_work\8\s\testprojectwon\bin\release\testprojectwon.dll" id="55560052-a39a-825d-e9c8-739ebd549aa5">
      <Execution id="2afed1f8-9d5d-47f1-ad5f-700a1c85b13f" />
      <TestMethod codeBase="C:\agent\_work\8\s\TestProjectWON\bin\Release\TestProjectWON.dll" adapterTypeName="executor://mstestadapter/v1" className="TestProjectWON.UnitTest1" name="TestMethod963" />
    </UnitTest>
    <UnitTest name="TestMethod33" storage="c:\agent\_work\8\s\testprojectwon\bin\release\testprojectwon.dll" id="09e76122-7a5e-ee6c-f934-11aea6276013">
      <Execution id="45b6f293-8af0-40e1-8528-9c607a2165cb" />
      <TestMethod codeBase="C:\agent\_work\8\s\TestProjectWON\bin\Release\TestProjectWON.dll" adapterTypeName="executor://mstestadapter/v1" className="TestProjectWON.UnitTest1" name="TestMethod33" />
    </UnitTest>
    <UnitTest name="TestMethod426" storage="c:\agent\_work\8\s\testprojectwon\bin\release\testprojectwon.dll" id="b5651762-2a77-92f1-2245-3acae0a3a044">
      <Execution id="fbcd0a47-079c-4672-8ff7-a1d4c4d0bf99" />
      <TestMethod codeBase="C:\agent\_work\8\s\TestProjectWON\bin\Release\TestProjectWON.dll" adapterTypeName="executor://mstestadapter/v1" className="TestProjectWON.UnitTest1" name="TestMethod426" />
    </UnitTest>
    <UnitTest name="TestMethod602" storage="c:\agent\_work\8\s\testprojectwon\bin\release\testprojectwon.dll" id="c583de72-3f5a-0008-9118-e3b03fd1745a">
      <Execution id="17fed5f5-72a0-44ff-bf02-422ea7cc8d67" />
      <TestMethod codeBase="C:\agent\_work\8\s\TestProjectWON\bin\Release\TestProjectWON.dll" adapterTypeName="executor://mstestadapter/v1" className="TestProjectWON.UnitTest1" name="TestMethod602" />
    </UnitTest>
    <UnitTest name="TestMethod978" storage="c:\agent\_work\8\s\testprojectwon\bin\release\testprojectwon.dll" id="bd2b47ca-d4c4-3db6-d24c-36dc83eb191c">
      <Execution id="cb0978d2-6ea9-4ea0-9f58-79bd5b974d85" />
      <TestMethod codeBase="C:\agent\_work\8\s\TestProjectWON\bin\Release\TestProjectWON.dll" adapterTypeName="executor://mstestadapter/v1" className="TestProjectWON.UnitTest1" name="TestMethod978" />
    </UnitTest>
    <UnitTest name="TestMethod627" storage="c:\agent\_work\8\s\testprojectwon\bin\release\testprojectwon.dll" id="48b9364a-166a-d450-57f5-c643897234ab">
      <Execution id="ccf66519-0cc3-4396-b45d-cb4f424bf6ff" />
      <TestMethod codeBase="C:\agent\_work\8\s\TestProjectWON\bin\Release\TestProjectWON.dll" adapterTypeName="executor://mstestadapter/v1" className="TestProjectWON.UnitTest1" name="TestMethod627" />
    </UnitTest>
    <UnitTest name="TestMethod921" storage="c:\agent\_work\8\s\testprojectwon\bin\release\testprojectwon.dll" id="cdb1b06a-ede8-fa7c-7412-d384b4ec55e0">
      <Execution id="dfad8f33-dd15-4926-a04d-18bb3eb8172c" />
      <TestMethod codeBase="C:\agent\_work\8\s\TestProjectWON\bin\Release\TestProjectWON.dll" adapterTypeName="executor://mstestadapter/v1" className="TestProjectWON.UnitTest1" name="TestMethod921" />
    </UnitTest>
    <UnitTest name="TestMethod219" storage="c:\agent\_work\8\s\testprojectwon\bin\release\testprojectwon.dll" id="0fdf1917-368f-2ffc-0263-de0cffd5016e">
      <Execution id="a21d01f4-43f3-44ec-b1e0-7d4837a7a235" />
      <TestMethod codeBase="C:\agent\_work\8\s\TestProjectWON\bin\Release\TestProjectWON.dll" adapterTypeName="executor://mstestadapter/v1" className="TestProjectWON.UnitTest1" name="TestMethod219" />
    </UnitTest>
    <UnitTest name="TestMethod68" storage="c:\agent\_work\8\s\testprojectwon\bin\release\testprojectwon.dll" id="7fc6826c-87db-5ff0-61d5-9f5afa16c335">
      <Execution id="da05ac7f-e543-4d84-8c1a-bc962d1350f5" />
      <TestMethod codeBase="C:\agent\_work\8\s\TestProjectWON\bin\Release\TestProjectWON.dll" adapterTypeName="executor://mstestadapter/v1" className="TestProjectWON.UnitTest1" name="TestMethod68" />
    </UnitTest>
    <UnitTest name="TestMethod586" storage="c:\agent\_work\8\s\testprojectwon\bin\release\testprojectwon.dll" id="7a85750e-bcda-5c54-4171-18d39889e869">
      <Execution id="80da231b-879c-4a3e-916e-68203c02e660" />
      <TestMethod codeBase="C:\agent\_work\8\s\TestProjectWON\bin\Release\TestProjectWON.dll" adapterTypeName="executor://mstestadapter/v1" className="TestProjectWON.UnitTest1" name="TestMethod586" />
    </UnitTest>
    <UnitTest name="TestMethod824" storage="c:\agent\_work\8\s\testprojectwon\bin\release\testprojectwon.dll" id="b0434887-dfe7-2162-06e6-63d560525e39">
      <Execution id="397fc1d9-516f-415d-a073-78035890d553" />
      <TestMethod codeBase="C:\agent\_work\8\s\TestProjectWON\bin\Release\TestProjectWON.dll" adapterTypeName="executor://mstestadapter/v1" className="TestProjectWON.UnitTest1" name="TestMethod824" />
    </UnitTest>
    <UnitTest name="TestMethod974" storage="c:\agent\_work\8\s\testprojectwon\bin\release\testprojectwon.dll" id="02162ec9-aaa4-c793-b608-760b19affd81">
      <Execution id="ef9d28c4-df4f-4f53-be77-b904fcbb9b81" />
      <TestMethod codeBase="C:\agent\_work\8\s\TestProjectWON\bin\Release\TestProjectWON.dll" adapterTypeName="executor://mstestadapter/v1" className="TestProjectWON.UnitTest1" name="TestMethod974" />
    </UnitTest>
    <UnitTest name="TestMethod90" storage="c:\agent\_work\8\s\testprojectwon\bin\release\testprojectwon.dll" id="cf0a29fe-1cc3-8d11-3f49-4cd9fbcd6ec4">
      <Execution id="dc819ae7-dc20-4a16-9020-9375b2d7d317" />
      <TestMethod codeBase="C:\agent\_work\8\s\TestProjectWON\bin\Release\TestProjectWON.dll" adapterTypeName="executor://mstestadapter/v1" className="TestProjectWON.UnitTest1" name="TestMethod90" />
    </UnitTest>
    <UnitTest name="TestMethod389" storage="c:\agent\_work\8\s\testprojectwon\bin\release\testprojectwon.dll" id="9e5a279b-b204-4074-d4ac-7c9708d47756">
      <Execution id="8aee699d-90a7-4dbc-bfba-ddf7c24d9b2a" />
      <TestMethod codeBase="C:\agent\_work\8\s\TestProjectWON\bin\Release\TestProjectWON.dll" adapterTypeName="executor://mstestadapter/v1" className="TestProjectWON.UnitTest1" name="TestMethod389" />
    </UnitTest>
    <UnitTest name="TestMethod842" storage="c:\agent\_work\8\s\testprojectwon\bin\release\testprojectwon.dll" id="432debbb-7891-744e-6ad0-c88119e78bf9">
      <Execution id="8092a6d9-ea4e-4c86-8d24-0488f9b065d8" />
      <TestMethod codeBase="C:\agent\_work\8\s\TestProjectWON\bin\Release\TestProjectWON.dll" adapterTypeName="executor://mstestadapter/v1" className="TestProjectWON.UnitTest1" name="TestMethod842" />
    </UnitTest>
    <UnitTest name="TestMethod775" storage="c:\agent\_work\8\s\testprojectwon\bin\release\testprojectwon.dll" id="24537c5d-0e18-40d7-eccf-628595fc74d0">
      <Execution id="eded7c10-2627-4dd6-be88-84fd5ebf6a15" />
      <TestMethod codeBase="C:\agent\_work\8\s\TestProjectWON\bin\Release\TestProjectWON.dll" adapterTypeName="executor://mstestadapter/v1" className="TestProjectWON.UnitTest1" name="TestMethod775" />
    </UnitTest>
    <UnitTest name="TestMethod242" storage="c:\agent\_work\8\s\testprojectwon\bin\release\testprojectwon.dll" id="081c4343-a198-b1eb-f580-496229767456">
      <Execution id="8a736c7b-830c-4c96-90b8-865230da2600" />
      <TestMethod codeBase="C:\agent\_work\8\s\TestProjectWON\bin\Release\TestProjectWON.dll" adapterTypeName="executor://mstestadapter/v1" className="TestProjectWON.UnitTest1" name="TestMethod242" />
    </UnitTest>
    <UnitTest name="TestMethod630" storage="c:\agent\_work\8\s\testprojectwon\bin\release\testprojectwon.dll" id="d1521016-7342-eb65-15b1-670778bb0de9">
      <Execution id="1710fa38-2775-4110-887e-6e03ea6a7da0" />
      <TestMethod codeBase="C:\agent\_work\8\s\TestProjectWON\bin\Release\TestProjectWON.dll" adapterTypeName="executor://mstestadapter/v1" className="TestProjectWON.UnitTest1" name="TestMethod630" />
    </UnitTest>
    <UnitTest name="TestMethod806" storage="c:\agent\_work\8\s\testprojectwon\bin\release\testprojectwon.dll" id="9b054699-5ac8-40ba-f6a8-7263e84ce177">
      <Execution id="71cacde5-1ef6-4c11-bd8b-23b201520b25" />
      <TestMethod codeBase="C:\agent\_work\8\s\TestProjectWON\bin\Release\TestProjectWON.dll" adapterTypeName="executor://mstestadapter/v1" className="TestProjectWON.UnitTest1" name="TestMethod806" />
    </UnitTest>
    <UnitTest name="TestMethod605" storage="c:\agent\_work\8\s\testprojectwon\bin\release\testprojectwon.dll" id="e3ba907c-c8d2-c790-74d2-dbc1ec56bea1">
      <Execution id="f9d5a344-7c58-4a39-9b29-ee5cb97a4dc9" />
      <TestMethod codeBase="C:\agent\_work\8\s\TestProjectWON\bin\Release\TestProjectWON.dll" adapterTypeName="executor://mstestadapter/v1" className="TestProjectWON.UnitTest1" name="TestMethod605" />
    </UnitTest>
    <UnitTest name="TestMethod460" storage="c:\agent\_work\8\s\testprojectwon\bin\release\testprojectwon.dll" id="a18b5cb4-9266-5738-f79f-2fb24179d161">
      <Execution id="2fffb4e4-7159-4208-a978-b232ad070692" />
      <TestMethod codeBase="C:\agent\_work\8\s\TestProjectWON\bin\Release\TestProjectWON.dll" adapterTypeName="executor://mstestadapter/v1" className="TestProjectWON.UnitTest1" name="TestMethod460" />
    </UnitTest>
    <UnitTest name="TestMethod420" storage="c:\agent\_work\8\s\testprojectwon\bin\release\testprojectwon.dll" id="0b8253b0-363a-c10e-c92b-cb755c90922b">
      <Execution id="a66420fb-e486-4702-8951-64067c949d11" />
      <TestMethod codeBase="C:\agent\_work\8\s\TestProjectWON\bin\Release\TestProjectWON.dll" adapterTypeName="executor://mstestadapter/v1" className="TestProjectWON.UnitTest1" name="TestMethod420" />
    </UnitTest>
    <UnitTest name="TestMethod868" storage="c:\agent\_work\8\s\testprojectwon\bin\release\testprojectwon.dll" id="971d7e09-432b-d6e7-75f9-b81bbb0116e4">
      <Execution id="61e081e8-e301-4cfc-a4e6-de046353385e" />
      <TestMethod codeBase="C:\agent\_work\8\s\TestProjectWON\bin\Release\TestProjectWON.dll" adapterTypeName="executor://mstestadapter/v1" className="TestProjectWON.UnitTest1" name="TestMethod868" />
    </UnitTest>
    <UnitTest name="TestMethod596" storage="c:\agent\_work\8\s\testprojectwon\bin\release\testprojectwon.dll" id="276bb85b-f75d-0230-e032-68ecfef53348">
      <Execution id="8341053c-0397-4688-9141-eab73c408f45" />
      <TestMethod codeBase="C:\agent\_work\8\s\TestProjectWON\bin\Release\TestProjectWON.dll" adapterTypeName="executor://mstestadapter/v1" className="TestProjectWON.UnitTest1" name="TestMethod596" />
    </UnitTest>
    <UnitTest name="TestMethod647" storage="c:\agent\_work\8\s\testprojectwon\bin\release\testprojectwon.dll" id="5e65393c-9ef4-eb3c-77a0-b94e35a5390b">
      <Execution id="0aae149e-2eae-4ec7-b177-d1bd4f183a8f" />
      <TestMethod codeBase="C:\agent\_work\8\s\TestProjectWON\bin\Release\TestProjectWON.dll" adapterTypeName="executor://mstestadapter/v1" className="TestProjectWON.UnitTest1" name="TestMethod647" />
    </UnitTest>
    <UnitTest name="TestMethod713" storage="c:\agent\_work\8\s\testprojectwon\bin\release\testprojectwon.dll" id="7768534f-3a50-2837-2cf8-d7b19ea18fad">
      <Execution id="f6c6b108-327d-4a83-91e6-af9436b351bf" />
      <TestMethod codeBase="C:\agent\_work\8\s\TestProjectWON\bin\Release\TestProjectWON.dll" adapterTypeName="executor://mstestadapter/v1" className="TestProjectWON.UnitTest1" name="TestMethod713" />
    </UnitTest>
    <UnitTest name="TestMethod747" storage="c:\agent\_work\8\s\testprojectwon\bin\release\testprojectwon.dll" id="0a41b63f-4f9c-855e-d21e-780bec75c16f">
      <Execution id="36723a64-29db-4b8d-8ca9-eb519b9659b7" />
      <TestMethod codeBase="C:\agent\_work\8\s\TestProjectWON\bin\Release\TestProjectWON.dll" adapterTypeName="executor://mstestadapter/v1" className="TestProjectWON.UnitTest1" name="TestMethod747" />
    </UnitTest>
    <UnitTest name="TestMethod857" storage="c:\agent\_work\8\s\testprojectwon\bin\release\testprojectwon.dll" id="4765fad6-3a2e-3331-c764-b27e0bb9a9e9">
      <Execution id="9a4b11a2-2760-4f11-b1d6-eb37be29ba09" />
      <TestMethod codeBase="C:\agent\_work\8\s\TestProjectWON\bin\Release\TestProjectWON.dll" adapterTypeName="executor://mstestadapter/v1" className="TestProjectWON.UnitTest1" name="TestMethod857" />
    </UnitTest>
    <UnitTest name="TestMethod137" storage="c:\agent\_work\8\s\testprojectwon\bin\release\testprojectwon.dll" id="45a163be-f6fb-02de-a2cc-6dec2a644136">
      <Execution id="9c5cc54b-0e4d-4af7-9072-3926291b7f7c" />
      <TestMethod codeBase="C:\agent\_work\8\s\TestProjectWON\bin\Release\TestProjectWON.dll" adapterTypeName="executor://mstestadapter/v1" className="TestProjectWON.UnitTest1" name="TestMethod137" />
    </UnitTest>
    <UnitTest name="TestMethod631" storage="c:\agent\_work\8\s\testprojectwon\bin\release\testprojectwon.dll" id="e9ba6ba3-1864-d31d-1f8b-42363b1799b7">
      <Execution id="c305e276-ced8-4c94-9cc1-73e2e92d5a3f" />
      <TestMethod codeBase="C:\agent\_work\8\s\TestProjectWON\bin\Release\TestProjectWON.dll" adapterTypeName="executor://mstestadapter/v1" className="TestProjectWON.UnitTest1" name="TestMethod631" />
    </UnitTest>
    <UnitTest name="TestMethod196" storage="c:\agent\_work\8\s\testprojectwon\bin\release\testprojectwon.dll" id="0c7ef904-cfe7-9cf8-72d5-ccec5e30c41d">
      <Execution id="24407008-8f90-4edc-a945-9f57664aece4" />
      <TestMethod codeBase="C:\agent\_work\8\s\TestProjectWON\bin\Release\TestProjectWON.dll" adapterTypeName="executor://mstestadapter/v1" className="TestProjectWON.UnitTest1" name="TestMethod196" />
    </UnitTest>
    <UnitTest name="TestMethod132" storage="c:\agent\_work\8\s\testprojectwon\bin\release\testprojectwon.dll" id="7ce80341-55f6-358e-4924-3022b6d4e9af">
      <Execution id="66699a16-0463-4f1a-8587-4050fb3c3339" />
      <TestMethod codeBase="C:\agent\_work\8\s\TestProjectWON\bin\Release\TestProjectWON.dll" adapterTypeName="executor://mstestadapter/v1" className="TestProjectWON.UnitTest1" name="TestMethod132" />
    </UnitTest>
    <UnitTest name="TestMethod92" storage="c:\agent\_work\8\s\testprojectwon\bin\release\testprojectwon.dll" id="12cd2caf-a4f5-514c-d102-b8f1d0673990">
      <Execution id="dfb4cfe1-e1c1-4f39-92b4-66951bcc7284" />
      <TestMethod codeBase="C:\agent\_work\8\s\TestProjectWON\bin\Release\TestProjectWON.dll" adapterTypeName="executor://mstestadapter/v1" className="TestProjectWON.UnitTest1" name="TestMethod92" />
    </UnitTest>
    <UnitTest name="TestMethod604" storage="c:\agent\_work\8\s\testprojectwon\bin\release\testprojectwon.dll" id="225c1221-23ca-3f97-5645-e808e340bd1d">
      <Execution id="d1bf9147-d75a-4cc9-9ad6-83ae6fb93e5f" />
      <TestMethod codeBase="C:\agent\_work\8\s\TestProjectWON\bin\Release\TestProjectWON.dll" adapterTypeName="executor://mstestadapter/v1" className="TestProjectWON.UnitTest1" name="TestMethod604" />
    </UnitTest>
    <UnitTest name="TestMethod504" storage="c:\agent\_work\8\s\testprojectwon\bin\release\testprojectwon.dll" id="8e0d827a-62ed-29f7-f5f7-ff36cac16e16">
      <Execution id="8d275fb7-5900-4a3c-bb85-632a917c1dd3" />
      <TestMethod codeBase="C:\agent\_work\8\s\TestProjectWON\bin\Release\TestProjectWON.dll" adapterTypeName="executor://mstestadapter/v1" className="TestProjectWON.UnitTest1" name="TestMethod504" />
    </UnitTest>
    <UnitTest name="TestMethod298" storage="c:\agent\_work\8\s\testprojectwon\bin\release\testprojectwon.dll" id="95153146-13fc-bc7b-d4b8-86fb2027dcc5">
      <Execution id="adaafe14-aa99-473b-a9b7-cf8a3d058fec" />
      <TestMethod codeBase="C:\agent\_work\8\s\TestProjectWON\bin\Release\TestProjectWON.dll" adapterTypeName="executor://mstestadapter/v1" className="TestProjectWON.UnitTest1" name="TestMethod298" />
    </UnitTest>
    <UnitTest name="TestMethod390" storage="c:\agent\_work\8\s\testprojectwon\bin\release\testprojectwon.dll" id="fe4f30bc-1fdf-6114-5b9c-983da7a4cd3b">
      <Execution id="47e3c8d6-8cfb-4546-bbac-34dec238b1a7" />
      <TestMethod codeBase="C:\agent\_work\8\s\TestProjectWON\bin\Release\TestProjectWON.dll" adapterTypeName="executor://mstestadapter/v1" className="TestProjectWON.UnitTest1" name="TestMethod390" />
    </UnitTest>
    <UnitTest name="TestMethod698" storage="c:\agent\_work\8\s\testprojectwon\bin\release\testprojectwon.dll" id="2a1b2d09-aa49-1747-aa14-324838e92e77">
      <Execution id="679a5857-bd01-4a40-a21a-e0b9f45811aa" />
      <TestMethod codeBase="C:\agent\_work\8\s\TestProjectWON\bin\Release\TestProjectWON.dll" adapterTypeName="executor://mstestadapter/v1" className="TestProjectWON.UnitTest1" name="TestMethod698" />
    </UnitTest>
    <UnitTest name="TestMethod443" storage="c:\agent\_work\8\s\testprojectwon\bin\release\testprojectwon.dll" id="12ee6ab1-47bd-c6cf-ae6d-005d95b3940a">
      <Execution id="9c1d83b0-5e0c-4c20-99a6-b7f2ac81f555" />
      <TestMethod codeBase="C:\agent\_work\8\s\TestProjectWON\bin\Release\TestProjectWON.dll" adapterTypeName="executor://mstestadapter/v1" className="TestProjectWON.UnitTest1" name="TestMethod443" />
    </UnitTest>
    <UnitTest name="TestMethod378" storage="c:\agent\_work\8\s\testprojectwon\bin\release\testprojectwon.dll" id="5903569d-1f5b-764e-2535-cf2f3d080f13">
      <Execution id="57ec22f6-6ccc-4019-bc0c-81762bf3fb51" />
      <TestMethod codeBase="C:\agent\_work\8\s\TestProjectWON\bin\Release\TestProjectWON.dll" adapterTypeName="executor://mstestadapter/v1" className="TestProjectWON.UnitTest1" name="TestMethod378" />
    </UnitTest>
    <UnitTest name="TestMethod732" storage="c:\agent\_work\8\s\testprojectwon\bin\release\testprojectwon.dll" id="b48dddd2-4e1b-3a04-70a3-4c778c56c09b">
      <Execution id="f6b29873-0fce-402a-9ea9-a722c98d00a5" />
      <TestMethod codeBase="C:\agent\_work\8\s\TestProjectWON\bin\Release\TestProjectWON.dll" adapterTypeName="executor://mstestadapter/v1" className="TestProjectWON.UnitTest1" name="TestMethod732" />
    </UnitTest>
    <UnitTest name="TestMethod280" storage="c:\agent\_work\8\s\testprojectwon\bin\release\testprojectwon.dll" id="c143949d-f9d9-b922-e78b-b604ed749662">
      <Execution id="a5756677-461d-4f0a-b537-c15c98b0abc6" />
      <TestMethod codeBase="C:\agent\_work\8\s\TestProjectWON\bin\Release\TestProjectWON.dll" adapterTypeName="executor://mstestadapter/v1" className="TestProjectWON.UnitTest1" name="TestMethod280" />
    </UnitTest>
    <UnitTest name="TestMethod333" storage="c:\agent\_work\8\s\testprojectwon\bin\release\testprojectwon.dll" id="1f1315c1-a6d0-5528-a7a2-bd280e0f1b90">
      <Execution id="1793f8eb-04a7-41e8-b88d-8ab682bab49a" />
      <TestMethod codeBase="C:\agent\_work\8\s\TestProjectWON\bin\Release\TestProjectWON.dll" adapterTypeName="executor://mstestadapter/v1" className="TestProjectWON.UnitTest1" name="TestMethod333" />
    </UnitTest>
    <UnitTest name="TestMethod897" storage="c:\agent\_work\8\s\testprojectwon\bin\release\testprojectwon.dll" id="3d21482f-835c-b4c0-4610-12e0db389ba6">
      <Execution id="73dd3b3c-187e-4d84-960b-601370074e69" />
      <TestMethod codeBase="C:\agent\_work\8\s\TestProjectWON\bin\Release\TestProjectWON.dll" adapterTypeName="executor://mstestadapter/v1" className="TestProjectWON.UnitTest1" name="TestMethod897" />
    </UnitTest>
    <UnitTest name="TestMethod268" storage="c:\agent\_work\8\s\testprojectwon\bin\release\testprojectwon.dll" id="24d246a1-d992-e6f0-a37e-a3955455c9c0">
      <Execution id="f3dc275b-84ef-4c50-b39b-2e3a9cc3f684" />
      <TestMethod codeBase="C:\agent\_work\8\s\TestProjectWON\bin\Release\TestProjectWON.dll" adapterTypeName="executor://mstestadapter/v1" className="TestProjectWON.UnitTest1" name="TestMethod268" />
    </UnitTest>
    <UnitTest name="TestMethod887" storage="c:\agent\_work\8\s\testprojectwon\bin\release\testprojectwon.dll" id="8a11aa34-8d16-44d7-ca72-4c2ea9a83fb4">
      <Execution id="8b2eb7c1-2951-481a-adc4-725f160ad9f3" />
      <TestMethod codeBase="C:\agent\_work\8\s\TestProjectWON\bin\Release\TestProjectWON.dll" adapterTypeName="executor://mstestadapter/v1" className="TestProjectWON.UnitTest1" name="TestMethod887" />
    </UnitTest>
    <UnitTest name="TestMethod593" storage="c:\agent\_work\8\s\testprojectwon\bin\release\testprojectwon.dll" id="e06ffeba-d059-aca0-13bd-f641f573dee2">
      <Execution id="7b207214-540c-4702-8b3c-bba73fede775" />
      <TestMethod codeBase="C:\agent\_work\8\s\TestProjectWON\bin\Release\TestProjectWON.dll" adapterTypeName="executor://mstestadapter/v1" className="TestProjectWON.UnitTest1" name="TestMethod593" />
    </UnitTest>
    <UnitTest name="TestMethod13" storage="c:\agent\_work\8\s\testprojectwon\bin\release\testprojectwon.dll" id="d2bd055b-7295-0586-37a3-7855db628628">
      <Execution id="a1479384-5880-4a47-a033-a16e88b51ea4" />
      <TestMethod codeBase="C:\agent\_work\8\s\TestProjectWON\bin\Release\TestProjectWON.dll" adapterTypeName="executor://mstestadapter/v1" className="TestProjectWON.UnitTest1" name="TestMethod13" />
    </UnitTest>
    <UnitTest name="TestMethod279" storage="c:\agent\_work\8\s\testprojectwon\bin\release\testprojectwon.dll" id="99d16e8a-e6b9-9a08-7ee8-72896d051bf8">
      <Execution id="8e9ee258-9358-4e4f-8698-24872a83667b" />
      <TestMethod codeBase="C:\agent\_work\8\s\TestProjectWON\bin\Release\TestProjectWON.dll" adapterTypeName="executor://mstestadapter/v1" className="TestProjectWON.UnitTest1" name="TestMethod279" />
    </UnitTest>
    <UnitTest name="TestMethod398" storage="c:\agent\_work\8\s\testprojectwon\bin\release\testprojectwon.dll" id="99a2f1a1-2bde-2fc3-5c1c-13072625faa1">
      <Execution id="dd12776b-ebd1-4d21-9722-0ae09b9605c5" />
      <TestMethod codeBase="C:\agent\_work\8\s\TestProjectWON\bin\Release\TestProjectWON.dll" adapterTypeName="executor://mstestadapter/v1" className="TestProjectWON.UnitTest1" name="TestMethod398" />
    </UnitTest>
    <UnitTest name="TestMethod736" storage="c:\agent\_work\8\s\testprojectwon\bin\release\testprojectwon.dll" id="2e1f8d7c-0d69-963e-a895-e1ab673267fe">
      <Execution id="017335da-54d0-462d-9510-4527616b5eea" />
      <TestMethod codeBase="C:\agent\_work\8\s\TestProjectWON\bin\Release\TestProjectWON.dll" adapterTypeName="executor://mstestadapter/v1" className="TestProjectWON.UnitTest1" name="TestMethod736" />
    </UnitTest>
    <UnitTest name="TestMethod294" storage="c:\agent\_work\8\s\testprojectwon\bin\release\testprojectwon.dll" id="04f5279b-6d47-0d29-6d10-8c2864415e5b">
      <Execution id="cc8b667c-ae16-4a59-a491-82232e333c98" />
      <TestMethod codeBase="C:\agent\_work\8\s\TestProjectWON\bin\Release\TestProjectWON.dll" adapterTypeName="executor://mstestadapter/v1" className="TestProjectWON.UnitTest1" name="TestMethod294" />
    </UnitTest>
    <UnitTest name="TestMethod139" storage="c:\agent\_work\8\s\testprojectwon\bin\release\testprojectwon.dll" id="f32dfad8-e70b-e0fc-2c9b-4e0e8b6d2822">
      <Execution id="b5d5f159-4fe5-4cb0-b32c-bf6ad46872fc" />
      <TestMethod codeBase="C:\agent\_work\8\s\TestProjectWON\bin\Release\TestProjectWON.dll" adapterTypeName="executor://mstestadapter/v1" className="TestProjectWON.UnitTest1" name="TestMethod139" />
    </UnitTest>
    <UnitTest name="TestMethod829" storage="c:\agent\_work\8\s\testprojectwon\bin\release\testprojectwon.dll" id="ea2d73f3-a9d0-7384-d8f2-f33a4cf80de9">
      <Execution id="24cceb44-7eba-4a8e-9ef8-3b8129374819" />
      <TestMethod codeBase="C:\agent\_work\8\s\TestProjectWON\bin\Release\TestProjectWON.dll" adapterTypeName="executor://mstestadapter/v1" className="TestProjectWON.UnitTest1" name="TestMethod829" />
    </UnitTest>
    <UnitTest name="TestMethod365" storage="c:\agent\_work\8\s\testprojectwon\bin\release\testprojectwon.dll" id="200f387c-18e6-97b6-ef6c-78806d6bd886">
      <Execution id="591f83b3-c410-4744-8ae6-70a719c80715" />
      <TestMethod codeBase="C:\agent\_work\8\s\TestProjectWON\bin\Release\TestProjectWON.dll" adapterTypeName="executor://mstestadapter/v1" className="TestProjectWON.UnitTest1" name="TestMethod365" />
    </UnitTest>
    <UnitTest name="TestMethod335" storage="c:\agent\_work\8\s\testprojectwon\bin\release\testprojectwon.dll" id="eab71995-96d9-0724-0d50-35ba2c7b42f2">
      <Execution id="5b9a0e90-dff8-4677-b0bd-93d3e8a6052b" />
      <TestMethod codeBase="C:\agent\_work\8\s\TestProjectWON\bin\Release\TestProjectWON.dll" adapterTypeName="executor://mstestadapter/v1" className="TestProjectWON.UnitTest1" name="TestMethod335" />
    </UnitTest>
    <UnitTest name="TestMethod430" storage="c:\agent\_work\8\s\testprojectwon\bin\release\testprojectwon.dll" id="9cd502ee-eed5-ccd6-eb9b-7e9d7d64a050">
      <Execution id="1478a04b-ddd3-451e-8751-035ca1805e5b" />
      <TestMethod codeBase="C:\agent\_work\8\s\TestProjectWON\bin\Release\TestProjectWON.dll" adapterTypeName="executor://mstestadapter/v1" className="TestProjectWON.UnitTest1" name="TestMethod430" />
    </UnitTest>
    <UnitTest name="TestMethod171" storage="c:\agent\_work\8\s\testprojectwon\bin\release\testprojectwon.dll" id="ad7afb8c-d0ed-d077-ecf1-5c314afc821d">
      <Execution id="b6a6c89b-58ce-4994-8abf-8bc27b7c9f0b" />
      <TestMethod codeBase="C:\agent\_work\8\s\TestProjectWON\bin\Release\TestProjectWON.dll" adapterTypeName="executor://mstestadapter/v1" className="TestProjectWON.UnitTest1" name="TestMethod171" />
    </UnitTest>
    <UnitTest name="TestMethod888" storage="c:\agent\_work\8\s\testprojectwon\bin\release\testprojectwon.dll" id="b818cf98-eaf1-d68d-6b43-d90d63abd2ef">
      <Execution id="5a466cc1-f4b5-4313-866e-12c8fcfb919e" />
      <TestMethod codeBase="C:\agent\_work\8\s\TestProjectWON\bin\Release\TestProjectWON.dll" adapterTypeName="executor://mstestadapter/v1" className="TestProjectWON.UnitTest1" name="TestMethod888" />
    </UnitTest>
    <UnitTest name="TestMethod739" storage="c:\agent\_work\8\s\testprojectwon\bin\release\testprojectwon.dll" id="083a62a8-ded7-fdce-514a-e35ef5ee70ad">
      <Execution id="80dab10e-a223-4d77-abe3-cc35cabc19e3" />
      <TestMethod codeBase="C:\agent\_work\8\s\TestProjectWON\bin\Release\TestProjectWON.dll" adapterTypeName="executor://mstestadapter/v1" className="TestProjectWON.UnitTest1" name="TestMethod739" />
    </UnitTest>
    <UnitTest name="TestMethod946" storage="c:\agent\_work\8\s\testprojectwon\bin\release\testprojectwon.dll" id="9d715704-5114-b932-199c-a93e76eef610">
      <Execution id="9c4d9697-9f60-4147-8645-a216716865c7" />
      <TestMethod codeBase="C:\agent\_work\8\s\TestProjectWON\bin\Release\TestProjectWON.dll" adapterTypeName="executor://mstestadapter/v1" className="TestProjectWON.UnitTest1" name="TestMethod946" />
    </UnitTest>
    <UnitTest name="TestMethod404" storage="c:\agent\_work\8\s\testprojectwon\bin\release\testprojectwon.dll" id="436ed558-28a7-09fa-f524-ca2806b39a9f">
      <Execution id="d86d0081-82d8-4a98-8ee4-d9657b0f6a17" />
      <TestMethod codeBase="C:\agent\_work\8\s\TestProjectWON\bin\Release\TestProjectWON.dll" adapterTypeName="executor://mstestadapter/v1" className="TestProjectWON.UnitTest1" name="TestMethod404" />
    </UnitTest>
    <UnitTest name="TestMethod62" storage="c:\agent\_work\8\s\testprojectwon\bin\release\testprojectwon.dll" id="01823501-c211-fcf8-f3bc-3f1317bdb6c6">
      <Execution id="cbe341e7-92aa-466b-82a9-67d1f3c3470d" />
      <TestMethod codeBase="C:\agent\_work\8\s\TestProjectWON\bin\Release\TestProjectWON.dll" adapterTypeName="executor://mstestadapter/v1" className="TestProjectWON.UnitTest1" name="TestMethod62" />
    </UnitTest>
    <UnitTest name="TestMethod927" storage="c:\agent\_work\8\s\testprojectwon\bin\release\testprojectwon.dll" id="8b6a8635-97ab-288f-6872-7cfdd4883d45">
      <Execution id="b8fbfa2c-0788-43cc-815b-9b32ec147483" />
      <TestMethod codeBase="C:\agent\_work\8\s\TestProjectWON\bin\Release\TestProjectWON.dll" adapterTypeName="executor://mstestadapter/v1" className="TestProjectWON.UnitTest1" name="TestMethod927" />
    </UnitTest>
    <UnitTest name="TestMethod355" storage="c:\agent\_work\8\s\testprojectwon\bin\release\testprojectwon.dll" id="f7c00f1c-dce6-4692-1330-b06238af2fde">
      <Execution id="e3dc6303-23ea-4010-a5d1-570ff1ff22b7" />
      <TestMethod codeBase="C:\agent\_work\8\s\TestProjectWON\bin\Release\TestProjectWON.dll" adapterTypeName="executor://mstestadapter/v1" className="TestProjectWON.UnitTest1" name="TestMethod355" />
    </UnitTest>
    <UnitTest name="TestMethod688" storage="c:\agent\_work\8\s\testprojectwon\bin\release\testprojectwon.dll" id="118a898a-2297-4a5a-1659-18f02c717bf6">
      <Execution id="1c685252-040e-44eb-830a-50d95b016eb3" />
      <TestMethod codeBase="C:\agent\_work\8\s\TestProjectWON\bin\Release\TestProjectWON.dll" adapterTypeName="executor://mstestadapter/v1" className="TestProjectWON.UnitTest1" name="TestMethod688" />
    </UnitTest>
    <UnitTest name="TestMethod655" storage="c:\agent\_work\8\s\testprojectwon\bin\release\testprojectwon.dll" id="7be7807c-2f99-b2de-4e29-00a5159a25bb">
      <Execution id="19448b51-18aa-40c5-8b7f-da2336d29f9b" />
      <TestMethod codeBase="C:\agent\_work\8\s\TestProjectWON\bin\Release\TestProjectWON.dll" adapterTypeName="executor://mstestadapter/v1" className="TestProjectWON.UnitTest1" name="TestMethod655" />
    </UnitTest>
    <UnitTest name="TestMethod320" storage="c:\agent\_work\8\s\testprojectwon\bin\release\testprojectwon.dll" id="16461f5b-0e5e-ea5c-2a79-bfbc5a4609a0">
      <Execution id="cf5da9eb-7583-4c0b-819c-8101c8c728e4" />
      <TestMethod codeBase="C:\agent\_work\8\s\TestProjectWON\bin\Release\TestProjectWON.dll" adapterTypeName="executor://mstestadapter/v1" className="TestProjectWON.UnitTest1" name="TestMethod320" />
    </UnitTest>
    <UnitTest name="TestMethod507" storage="c:\agent\_work\8\s\testprojectwon\bin\release\testprojectwon.dll" id="cbf64e51-6576-50d6-4267-120838d86343">
      <Execution id="99997272-6eff-48c1-8c5c-c157c3fbf263" />
      <TestMethod codeBase="C:\agent\_work\8\s\TestProjectWON\bin\Release\TestProjectWON.dll" adapterTypeName="executor://mstestadapter/v1" className="TestProjectWON.UnitTest1" name="TestMethod507" />
    </UnitTest>
    <UnitTest name="TestMethod718" storage="c:\agent\_work\8\s\testprojectwon\bin\release\testprojectwon.dll" id="2de6f66f-9b25-100a-6e65-920119c0297f">
      <Execution id="8a0f300b-7777-4e20-9908-962621157fee" />
      <TestMethod codeBase="C:\agent\_work\8\s\TestProjectWON\bin\Release\TestProjectWON.dll" adapterTypeName="executor://mstestadapter/v1" className="TestProjectWON.UnitTest1" name="TestMethod718" />
    </UnitTest>
    <UnitTest name="TestMethod94" storage="c:\agent\_work\8\s\testprojectwon\bin\release\testprojectwon.dll" id="2a56e323-0d48-7dfa-4535-c7b28c438a56">
      <Execution id="39c5867a-c3df-4f30-9566-ee069f19f4f0" />
      <TestMethod codeBase="C:\agent\_work\8\s\TestProjectWON\bin\Release\TestProjectWON.dll" adapterTypeName="executor://mstestadapter/v1" className="TestProjectWON.UnitTest1" name="TestMethod94" />
    </UnitTest>
    <UnitTest name="TestMethod673" storage="c:\agent\_work\8\s\testprojectwon\bin\release\testprojectwon.dll" id="0b90b587-8a07-a415-5668-c92e433c53cf">
      <Execution id="3de38980-3e41-4c9b-9bf4-92b9f72430f5" />
      <TestMethod codeBase="C:\agent\_work\8\s\TestProjectWON\bin\Release\TestProjectWON.dll" adapterTypeName="executor://mstestadapter/v1" className="TestProjectWON.UnitTest1" name="TestMethod673" />
    </UnitTest>
    <UnitTest name="TestMethod733" storage="c:\agent\_work\8\s\testprojectwon\bin\release\testprojectwon.dll" id="172c2f67-22d9-0b21-9df9-f6d7bf27ac94">
      <Execution id="70f4c95b-f197-436b-be51-6cec62d8a32d" />
      <TestMethod codeBase="C:\agent\_work\8\s\TestProjectWON\bin\Release\TestProjectWON.dll" adapterTypeName="executor://mstestadapter/v1" className="TestProjectWON.UnitTest1" name="TestMethod733" />
    </UnitTest>
    <UnitTest name="TestMethod804" storage="c:\agent\_work\8\s\testprojectwon\bin\release\testprojectwon.dll" id="e306fc38-199a-64dd-ddf7-942344f09ad5">
      <Execution id="4513cc06-784f-4b6b-8304-28e2036d8def" />
      <TestMethod codeBase="C:\agent\_work\8\s\TestProjectWON\bin\Release\TestProjectWON.dll" adapterTypeName="executor://mstestadapter/v1" className="TestProjectWON.UnitTest1" name="TestMethod804" />
    </UnitTest>
    <UnitTest name="TestMethod447" storage="c:\agent\_work\8\s\testprojectwon\bin\release\testprojectwon.dll" id="fb50b0ec-bdc0-6133-0362-9315ff34d9c6">
      <Execution id="cfa5fc30-07c2-4d8a-9fb7-21ccbff304cc" />
      <TestMethod codeBase="C:\agent\_work\8\s\TestProjectWON\bin\Release\TestProjectWON.dll" adapterTypeName="executor://mstestadapter/v1" className="TestProjectWON.UnitTest1" name="TestMethod447" />
    </UnitTest>
    <UnitTest name="TestMethod638" storage="c:\agent\_work\8\s\testprojectwon\bin\release\testprojectwon.dll" id="11bbc7aa-4d0a-2a54-64b8-d3063aafb9fc">
      <Execution id="e98f0cdb-e730-4133-9071-4f5677ecaf5d" />
      <TestMethod codeBase="C:\agent\_work\8\s\TestProjectWON\bin\Release\TestProjectWON.dll" adapterTypeName="executor://mstestadapter/v1" className="TestProjectWON.UnitTest1" name="TestMethod638" />
    </UnitTest>
    <UnitTest name="TestMethod836" storage="c:\agent\_work\8\s\testprojectwon\bin\release\testprojectwon.dll" id="af9cc299-f90c-d739-56f5-672fc39a6f96">
      <Execution id="0d9bbaa7-1e36-419a-85d9-9e93c8a44436" />
      <TestMethod codeBase="C:\agent\_work\8\s\TestProjectWON\bin\Release\TestProjectWON.dll" adapterTypeName="executor://mstestadapter/v1" className="TestProjectWON.UnitTest1" name="TestMethod836" />
    </UnitTest>
    <UnitTest name="TestMethod199" storage="c:\agent\_work\8\s\testprojectwon\bin\release\testprojectwon.dll" id="17b9ab62-6c99-d8aa-87e7-0359b7a7ab2f">
      <Execution id="cab597a5-8c37-410b-97fd-f0408f475334" />
      <TestMethod codeBase="C:\agent\_work\8\s\TestProjectWON\bin\Release\TestProjectWON.dll" adapterTypeName="executor://mstestadapter/v1" className="TestProjectWON.UnitTest1" name="TestMethod199" />
    </UnitTest>
    <UnitTest name="TestMethod556" storage="c:\agent\_work\8\s\testprojectwon\bin\release\testprojectwon.dll" id="aad36528-8d2a-1d3c-586a-4fb6d835d445">
      <Execution id="adafb636-cb17-4259-a58a-95c5dcc8a281" />
      <TestMethod codeBase="C:\agent\_work\8\s\TestProjectWON\bin\Release\TestProjectWON.dll" adapterTypeName="executor://mstestadapter/v1" className="TestProjectWON.UnitTest1" name="TestMethod556" />
    </UnitTest>
    <UnitTest name="TestMethod123" storage="c:\agent\_work\8\s\testprojectwon\bin\release\testprojectwon.dll" id="e3444bb7-a660-f537-cb8c-fe8bebcfd07e">
      <Execution id="6cbb4a2f-6f14-464f-b41a-7f0c04664da6" />
      <TestMethod codeBase="C:\agent\_work\8\s\TestProjectWON\bin\Release\TestProjectWON.dll" adapterTypeName="executor://mstestadapter/v1" className="TestProjectWON.UnitTest1" name="TestMethod123" />
    </UnitTest>
    <UnitTest name="TestMethod506" storage="c:\agent\_work\8\s\testprojectwon\bin\release\testprojectwon.dll" id="6d54fea5-eafd-7e61-b43b-22643abf3798">
      <Execution id="ec8f3b8c-6b4a-4432-bc52-a77abf17712a" />
      <TestMethod codeBase="C:\agent\_work\8\s\TestProjectWON\bin\Release\TestProjectWON.dll" adapterTypeName="executor://mstestadapter/v1" className="TestProjectWON.UnitTest1" name="TestMethod506" />
    </UnitTest>
    <UnitTest name="TestMethod248" storage="c:\agent\_work\8\s\testprojectwon\bin\release\testprojectwon.dll" id="ccea9d13-a40c-5163-21a5-c1d7585383c5">
      <Execution id="a88c13ee-fc4e-430d-b48e-ed4247adc666" />
      <TestMethod codeBase="C:\agent\_work\8\s\TestProjectWON\bin\Release\TestProjectWON.dll" adapterTypeName="executor://mstestadapter/v1" className="TestProjectWON.UnitTest1" name="TestMethod248" />
    </UnitTest>
    <UnitTest name="TestMethod277" storage="c:\agent\_work\8\s\testprojectwon\bin\release\testprojectwon.dll" id="68b79cb8-5143-d0df-fd0c-6bdd07e7bc95">
      <Execution id="992c5927-841f-4519-bcea-202e3f4a4a9a" />
      <TestMethod codeBase="C:\agent\_work\8\s\TestProjectWON\bin\Release\TestProjectWON.dll" adapterTypeName="executor://mstestadapter/v1" className="TestProjectWON.UnitTest1" name="TestMethod277" />
    </UnitTest>
    <UnitTest name="TestMethod764" storage="c:\agent\_work\8\s\testprojectwon\bin\release\testprojectwon.dll" id="ccd8ed81-75a8-3df8-b4c7-975167e12a0b">
      <Execution id="7c72adbb-9e8c-4274-b189-6da892253692" />
      <TestMethod codeBase="C:\agent\_work\8\s\TestProjectWON\bin\Release\TestProjectWON.dll" adapterTypeName="executor://mstestadapter/v1" className="TestProjectWON.UnitTest1" name="TestMethod764" />
    </UnitTest>
    <UnitTest name="TestMethod107" storage="c:\agent\_work\8\s\testprojectwon\bin\release\testprojectwon.dll" id="dea86541-47a1-67e3-9027-ef590430b242">
      <Execution id="902e05e7-8a88-4c7d-ab7a-493c9d0f8be5" />
      <TestMethod codeBase="C:\agent\_work\8\s\TestProjectWON\bin\Release\TestProjectWON.dll" adapterTypeName="executor://mstestadapter/v1" className="TestProjectWON.UnitTest1" name="TestMethod107" />
    </UnitTest>
    <UnitTest name="TestMethod267" storage="c:\agent\_work\8\s\testprojectwon\bin\release\testprojectwon.dll" id="e678ece6-3eae-ab5b-07e0-d2024658a7bd">
      <Execution id="63bce47a-71dc-4e89-8f5c-7297e47e9cb4" />
      <TestMethod codeBase="C:\agent\_work\8\s\TestProjectWON\bin\Release\TestProjectWON.dll" adapterTypeName="executor://mstestadapter/v1" className="TestProjectWON.UnitTest1" name="TestMethod267" />
    </UnitTest>
    <UnitTest name="TestMethod24" storage="c:\agent\_work\8\s\testprojectwon\bin\release\testprojectwon.dll" id="20f99fd0-80df-b89a-accb-7db6e1941309">
      <Execution id="8707dc80-6635-48ef-8637-64d260424c98" />
      <TestMethod codeBase="C:\agent\_work\8\s\TestProjectWON\bin\Release\TestProjectWON.dll" adapterTypeName="executor://mstestadapter/v1" className="TestProjectWON.UnitTest1" name="TestMethod24" />
    </UnitTest>
    <UnitTest name="TestMethod795" storage="c:\agent\_work\8\s\testprojectwon\bin\release\testprojectwon.dll" id="4e7d0eed-3253-3a99-4b23-1e16e64a7cba">
      <Execution id="e0b4255e-6984-4ddc-a8e6-6b10da777712" />
      <TestMethod codeBase="C:\agent\_work\8\s\TestProjectWON\bin\Release\TestProjectWON.dll" adapterTypeName="executor://mstestadapter/v1" className="TestProjectWON.UnitTest1" name="TestMethod795" />
    </UnitTest>
    <UnitTest name="TestMethod435" storage="c:\agent\_work\8\s\testprojectwon\bin\release\testprojectwon.dll" id="f0e89428-5ab8-0c6f-22de-d15fca130bca">
      <Execution id="5a629dac-3c0d-4101-941a-361df8f83b14" />
      <TestMethod codeBase="C:\agent\_work\8\s\TestProjectWON\bin\Release\TestProjectWON.dll" adapterTypeName="executor://mstestadapter/v1" className="TestProjectWON.UnitTest1" name="TestMethod435" />
    </UnitTest>
    <UnitTest name="TestMethod676" storage="c:\agent\_work\8\s\testprojectwon\bin\release\testprojectwon.dll" id="d0d8381f-1212-f655-b7e8-da949ae6037a">
      <Execution id="1f3f490e-c5c8-4048-a4ff-889668221b97" />
      <TestMethod codeBase="C:\agent\_work\8\s\TestProjectWON\bin\Release\TestProjectWON.dll" adapterTypeName="executor://mstestadapter/v1" className="TestProjectWON.UnitTest1" name="TestMethod676" />
    </UnitTest>
    <UnitTest name="TestMethod438" storage="c:\agent\_work\8\s\testprojectwon\bin\release\testprojectwon.dll" id="d887deae-a137-c36d-7b57-81b6e0173829">
      <Execution id="c68e6cd0-2eb1-4c9f-973b-e68c2fe4fc86" />
      <TestMethod codeBase="C:\agent\_work\8\s\TestProjectWON\bin\Release\TestProjectWON.dll" adapterTypeName="executor://mstestadapter/v1" className="TestProjectWON.UnitTest1" name="TestMethod438" />
    </UnitTest>
    <UnitTest name="TestMethod59" storage="c:\agent\_work\8\s\testprojectwon\bin\release\testprojectwon.dll" id="edaf2d5a-d6de-d234-0de7-8249b2681bd2">
      <Execution id="45676d3f-d774-49fb-9fe3-181730196632" />
      <TestMethod codeBase="C:\agent\_work\8\s\TestProjectWON\bin\Release\TestProjectWON.dll" adapterTypeName="executor://mstestadapter/v1" className="TestProjectWON.UnitTest1" name="TestMethod59" />
    </UnitTest>
    <UnitTest name="TestMethod642" storage="c:\agent\_work\8\s\testprojectwon\bin\release\testprojectwon.dll" id="9a8a7db4-bff1-00ce-a26f-afde98c5ed59">
      <Execution id="a5f5cd59-56b2-4b44-bcba-2a321f3b5017" />
      <TestMethod codeBase="C:\agent\_work\8\s\TestProjectWON\bin\Release\TestProjectWON.dll" adapterTypeName="executor://mstestadapter/v1" className="TestProjectWON.UnitTest1" name="TestMethod642" />
    </UnitTest>
    <UnitTest name="TestMethod994" storage="c:\agent\_work\8\s\testprojectwon\bin\release\testprojectwon.dll" id="b0c4ea30-705a-8180-1155-ef335a3c3ef9">
      <Execution id="999d2fe3-4588-42a3-9b9d-16e97c47d1db" />
      <TestMethod codeBase="C:\agent\_work\8\s\TestProjectWON\bin\Release\TestProjectWON.dll" adapterTypeName="executor://mstestadapter/v1" className="TestProjectWON.UnitTest1" name="TestMethod994" />
    </UnitTest>
    <UnitTest name="TestMethod227" storage="c:\agent\_work\8\s\testprojectwon\bin\release\testprojectwon.dll" id="22668868-cc5e-c587-36dd-f0bf4a7c2632">
      <Execution id="257a51cd-a1e8-4c2c-b19f-7ddd44bbd089" />
      <TestMethod codeBase="C:\agent\_work\8\s\TestProjectWON\bin\Release\TestProjectWON.dll" adapterTypeName="executor://mstestadapter/v1" className="TestProjectWON.UnitTest1" name="TestMethod227" />
    </UnitTest>
    <UnitTest name="TestMethod533" storage="c:\agent\_work\8\s\testprojectwon\bin\release\testprojectwon.dll" id="fa8aae63-5ef0-a1a9-a31f-1d8503735aa9">
      <Execution id="1923ca38-ea97-40db-8807-8739e825e310" />
      <TestMethod codeBase="C:\agent\_work\8\s\TestProjectWON\bin\Release\TestProjectWON.dll" adapterTypeName="executor://mstestadapter/v1" className="TestProjectWON.UnitTest1" name="TestMethod533" />
    </UnitTest>
    <UnitTest name="TestMethod467" storage="c:\agent\_work\8\s\testprojectwon\bin\release\testprojectwon.dll" id="8d4113a8-c995-6e6e-f85e-33d277ba5ae2">
      <Execution id="4939b2a9-1d21-4a89-8b37-0e507f54eee7" />
      <TestMethod codeBase="C:\agent\_work\8\s\TestProjectWON\bin\Release\TestProjectWON.dll" adapterTypeName="executor://mstestadapter/v1" className="TestProjectWON.UnitTest1" name="TestMethod467" />
    </UnitTest>
    <UnitTest name="TestMethod959" storage="c:\agent\_work\8\s\testprojectwon\bin\release\testprojectwon.dll" id="f514d079-8d06-ef5a-d94b-1dfe43410a52">
      <Execution id="df2ec8a1-50ae-48f9-aea8-635741e9e8ce" />
      <TestMethod codeBase="C:\agent\_work\8\s\TestProjectWON\bin\Release\TestProjectWON.dll" adapterTypeName="executor://mstestadapter/v1" className="TestProjectWON.UnitTest1" name="TestMethod959" />
    </UnitTest>
    <UnitTest name="TestMethod581" storage="c:\agent\_work\8\s\testprojectwon\bin\release\testprojectwon.dll" id="a0d73a5a-c44d-12f6-bc44-9638d2557ee9">
      <Execution id="83e62317-42bb-4451-bacc-25ab1f2b3757" />
      <TestMethod codeBase="C:\agent\_work\8\s\TestProjectWON\bin\Release\TestProjectWON.dll" adapterTypeName="executor://mstestadapter/v1" className="TestProjectWON.UnitTest1" name="TestMethod581" />
    </UnitTest>
    <UnitTest name="TestMethod276" storage="c:\agent\_work\8\s\testprojectwon\bin\release\testprojectwon.dll" id="eb744067-250a-ee63-6639-e001fa33b4bc">
      <Execution id="e8379875-cd55-4ef2-9b0c-b97290b8facc" />
      <TestMethod codeBase="C:\agent\_work\8\s\TestProjectWON\bin\Release\TestProjectWON.dll" adapterTypeName="executor://mstestadapter/v1" className="TestProjectWON.UnitTest1" name="TestMethod276" />
    </UnitTest>
    <UnitTest name="TestMethod318" storage="c:\agent\_work\8\s\testprojectwon\bin\release\testprojectwon.dll" id="f0b458ee-2b69-2e64-be96-489c1b0a4027">
      <Execution id="a69f88d3-7ce8-41da-a562-f8446b427fd9" />
      <TestMethod codeBase="C:\agent\_work\8\s\TestProjectWON\bin\Release\TestProjectWON.dll" adapterTypeName="executor://mstestadapter/v1" className="TestProjectWON.UnitTest1" name="TestMethod318" />
    </UnitTest>
    <UnitTest name="TestMethod863" storage="c:\agent\_work\8\s\testprojectwon\bin\release\testprojectwon.dll" id="d8957df7-44d0-2bcf-4a49-340744d2af36">
      <Execution id="7c8206e6-c6cd-4b53-bab7-0a6c1245ccb3" />
      <TestMethod codeBase="C:\agent\_work\8\s\TestProjectWON\bin\Release\TestProjectWON.dll" adapterTypeName="executor://mstestadapter/v1" className="TestProjectWON.UnitTest1" name="TestMethod863" />
    </UnitTest>
    <UnitTest name="TestMethod657" storage="c:\agent\_work\8\s\testprojectwon\bin\release\testprojectwon.dll" id="83a80bc6-1e32-c826-00c2-28009b2ec3e2">
      <Execution id="68b7bf30-ccb3-40db-903b-9a72916e9aa6" />
      <TestMethod codeBase="C:\agent\_work\8\s\TestProjectWON\bin\Release\TestProjectWON.dll" adapterTypeName="executor://mstestadapter/v1" className="TestProjectWON.UnitTest1" name="TestMethod657" />
    </UnitTest>
    <UnitTest name="TestMethod480" storage="c:\agent\_work\8\s\testprojectwon\bin\release\testprojectwon.dll" id="cbede509-b876-03b4-7ce0-37197aa8b8a6">
      <Execution id="18e1ce67-8235-48bd-9821-adaa67efd161" />
      <TestMethod codeBase="C:\agent\_work\8\s\TestProjectWON\bin\Release\TestProjectWON.dll" adapterTypeName="executor://mstestadapter/v1" className="TestProjectWON.UnitTest1" name="TestMethod480" />
    </UnitTest>
    <UnitTest name="TestMethod169" storage="c:\agent\_work\8\s\testprojectwon\bin\release\testprojectwon.dll" id="c495359b-e650-62ae-1e2e-10b1193d4237">
      <Execution id="a4bbd225-0273-4b74-a1b7-440c8a098dba" />
      <TestMethod codeBase="C:\agent\_work\8\s\TestProjectWON\bin\Release\TestProjectWON.dll" adapterTypeName="executor://mstestadapter/v1" className="TestProjectWON.UnitTest1" name="TestMethod169" />
    </UnitTest>
    <UnitTest name="TestMethod709" storage="c:\agent\_work\8\s\testprojectwon\bin\release\testprojectwon.dll" id="e2b45cc5-4560-d33c-abf2-641bc0cfad99">
      <Execution id="a275774a-3294-4581-b98d-d7c83d1eb594" />
      <TestMethod codeBase="C:\agent\_work\8\s\TestProjectWON\bin\Release\TestProjectWON.dll" adapterTypeName="executor://mstestadapter/v1" className="TestProjectWON.UnitTest1" name="TestMethod709" />
    </UnitTest>
    <UnitTest name="TestMethod684" storage="c:\agent\_work\8\s\testprojectwon\bin\release\testprojectwon.dll" id="3042884a-806d-fdc5-f46f-21a0099720fb">
      <Execution id="3f7f1c55-4d75-4ccb-a48b-19cb45098014" />
      <TestMethod codeBase="C:\agent\_work\8\s\TestProjectWON\bin\Release\TestProjectWON.dll" adapterTypeName="executor://mstestadapter/v1" className="TestProjectWON.UnitTest1" name="TestMethod684" />
    </UnitTest>
    <UnitTest name="TestMethod41" storage="c:\agent\_work\8\s\testprojectwon\bin\release\testprojectwon.dll" id="af13d36d-397e-6af6-31cb-810c78c373d1">
      <Execution id="2cf98fd7-c1d8-4fe1-93a9-d8594e53237d" />
      <TestMethod codeBase="C:\agent\_work\8\s\TestProjectWON\bin\Release\TestProjectWON.dll" adapterTypeName="executor://mstestadapter/v1" className="TestProjectWON.UnitTest1" name="TestMethod41" />
    </UnitTest>
    <UnitTest name="TestMethod427" storage="c:\agent\_work\8\s\testprojectwon\bin\release\testprojectwon.dll" id="1f698a05-529f-0e53-b376-15637b69868e">
      <Execution id="c6ed924a-343e-48b0-891e-b87d0c224eff" />
      <TestMethod codeBase="C:\agent\_work\8\s\TestProjectWON\bin\Release\TestProjectWON.dll" adapterTypeName="executor://mstestadapter/v1" className="TestProjectWON.UnitTest1" name="TestMethod427" />
    </UnitTest>
    <UnitTest name="TestMethod805" storage="c:\agent\_work\8\s\testprojectwon\bin\release\testprojectwon.dll" id="4e33757a-0531-d590-48ef-bbff20e5f652">
      <Execution id="50958312-4c51-4486-ad94-9940c2240ce9" />
      <TestMethod codeBase="C:\agent\_work\8\s\TestProjectWON\bin\Release\TestProjectWON.dll" adapterTypeName="executor://mstestadapter/v1" className="TestProjectWON.UnitTest1" name="TestMethod805" />
    </UnitTest>
    <UnitTest name="TestMethod308" storage="c:\agent\_work\8\s\testprojectwon\bin\release\testprojectwon.dll" id="8ee528f4-ebe5-6d3f-e1f3-4d2b1e1cde4f">
      <Execution id="cb497af7-5988-4cb9-9d35-bfcce1028611" />
      <TestMethod codeBase="C:\agent\_work\8\s\TestProjectWON\bin\Release\TestProjectWON.dll" adapterTypeName="executor://mstestadapter/v1" className="TestProjectWON.UnitTest1" name="TestMethod308" />
    </UnitTest>
    <UnitTest name="TestMethod998" storage="c:\agent\_work\8\s\testprojectwon\bin\release\testprojectwon.dll" id="3cb191a3-f962-a2ab-322c-f22449c99113">
      <Execution id="11141b03-9196-4652-b8be-4533a7002040" />
      <TestMethod codeBase="C:\agent\_work\8\s\TestProjectWON\bin\Release\TestProjectWON.dll" adapterTypeName="executor://mstestadapter/v1" className="TestProjectWON.UnitTest1" name="TestMethod998" />
    </UnitTest>
    <UnitTest name="TestMethod416" storage="c:\agent\_work\8\s\testprojectwon\bin\release\testprojectwon.dll" id="9a7cd02e-64e0-5f38-0fb0-0a349dd4e338">
      <Execution id="80156aaa-de09-4ca3-93fc-32ead6459a28" />
      <TestMethod codeBase="C:\agent\_work\8\s\TestProjectWON\bin\Release\TestProjectWON.dll" adapterTypeName="executor://mstestadapter/v1" className="TestProjectWON.UnitTest1" name="TestMethod416" />
    </UnitTest>
    <UnitTest name="TestMethod851" storage="c:\agent\_work\8\s\testprojectwon\bin\release\testprojectwon.dll" id="3495fc58-67a7-a6f1-2c99-1760cf90ac7c">
      <Execution id="a3766737-148e-4e0e-952f-742749859a9a" />
      <TestMethod codeBase="C:\agent\_work\8\s\TestProjectWON\bin\Release\TestProjectWON.dll" adapterTypeName="executor://mstestadapter/v1" className="TestProjectWON.UnitTest1" name="TestMethod851" />
    </UnitTest>
    <UnitTest name="TestMethod799" storage="c:\agent\_work\8\s\testprojectwon\bin\release\testprojectwon.dll" id="04f9de18-4686-222a-0170-355135415b69">
      <Execution id="2a9a8978-e0c8-4567-9acf-b30d06f1f85b" />
      <TestMethod codeBase="C:\agent\_work\8\s\TestProjectWON\bin\Release\TestProjectWON.dll" adapterTypeName="executor://mstestadapter/v1" className="TestProjectWON.UnitTest1" name="TestMethod799" />
    </UnitTest>
    <UnitTest name="TestMethod211" storage="c:\agent\_work\8\s\testprojectwon\bin\release\testprojectwon.dll" id="7691f77f-7d23-6d09-6a27-9039befec29a">
      <Execution id="1c7d1d8c-f17f-4ac2-809e-bd9fbd45083c" />
      <TestMethod codeBase="C:\agent\_work\8\s\TestProjectWON\bin\Release\TestProjectWON.dll" adapterTypeName="executor://mstestadapter/v1" className="TestProjectWON.UnitTest1" name="TestMethod211" />
    </UnitTest>
    <UnitTest name="TestMethod31" storage="c:\agent\_work\8\s\testprojectwon\bin\release\testprojectwon.dll" id="b9b5239b-a424-222a-2818-8093138975ee">
      <Execution id="63eeaf8d-218f-4b9d-a4bf-e7d2246dc2e9" />
      <TestMethod codeBase="C:\agent\_work\8\s\TestProjectWON\bin\Release\TestProjectWON.dll" adapterTypeName="executor://mstestadapter/v1" className="TestProjectWON.UnitTest1" name="TestMethod31" />
    </UnitTest>
    <UnitTest name="TestMethod950" storage="c:\agent\_work\8\s\testprojectwon\bin\release\testprojectwon.dll" id="e0f64ae1-ad3b-ab3a-fa7b-d557e5e7ef5e">
      <Execution id="d4efb1eb-4f4d-4aa1-baab-5088c6ae1a03" />
      <TestMethod codeBase="C:\agent\_work\8\s\TestProjectWON\bin\Release\TestProjectWON.dll" adapterTypeName="executor://mstestadapter/v1" className="TestProjectWON.UnitTest1" name="TestMethod950" />
    </UnitTest>
    <UnitTest name="TestMethod864" storage="c:\agent\_work\8\s\testprojectwon\bin\release\testprojectwon.dll" id="20c00590-2c53-2695-c3ac-b8e886cab6fe">
      <Execution id="5b25174f-aca9-4087-afdb-8fd99f7df783" />
      <TestMethod codeBase="C:\agent\_work\8\s\TestProjectWON\bin\Release\TestProjectWON.dll" adapterTypeName="executor://mstestadapter/v1" className="TestProjectWON.UnitTest1" name="TestMethod864" />
    </UnitTest>
    <UnitTest name="TestMethod724" storage="c:\agent\_work\8\s\testprojectwon\bin\release\testprojectwon.dll" id="013564de-304c-9e60-47bd-81f0113a3344">
      <Execution id="79d257f6-de1e-47e8-a3b8-13e5c9ba3c6e" />
      <TestMethod codeBase="C:\agent\_work\8\s\TestProjectWON\bin\Release\TestProjectWON.dll" adapterTypeName="executor://mstestadapter/v1" className="TestProjectWON.UnitTest1" name="TestMethod724" />
    </UnitTest>
    <UnitTest name="TestMethod386" storage="c:\agent\_work\8\s\testprojectwon\bin\release\testprojectwon.dll" id="9ecc4488-c093-5cb0-bb44-c25e1278f8dc">
      <Execution id="7cc27f6a-a814-41f6-911c-698b75e4693b" />
      <TestMethod codeBase="C:\agent\_work\8\s\TestProjectWON\bin\Release\TestProjectWON.dll" adapterTypeName="executor://mstestadapter/v1" className="TestProjectWON.UnitTest1" name="TestMethod386" />
    </UnitTest>
    <UnitTest name="TestMethod941" storage="c:\agent\_work\8\s\testprojectwon\bin\release\testprojectwon.dll" id="40323834-1340-232d-a8df-bda421752c32">
      <Execution id="c86f8e2a-ff0c-48e8-a185-bd44490039e3" />
      <TestMethod codeBase="C:\agent\_work\8\s\TestProjectWON\bin\Release\TestProjectWON.dll" adapterTypeName="executor://mstestadapter/v1" className="TestProjectWON.UnitTest1" name="TestMethod941" />
    </UnitTest>
    <UnitTest name="TestMethod177" storage="c:\agent\_work\8\s\testprojectwon\bin\release\testprojectwon.dll" id="9b2289a2-9143-b5fb-191a-ff4aaa3bc877">
      <Execution id="0faeef79-5512-417a-8120-4822ba0d42b2" />
      <TestMethod codeBase="C:\agent\_work\8\s\TestProjectWON\bin\Release\TestProjectWON.dll" adapterTypeName="executor://mstestadapter/v1" className="TestProjectWON.UnitTest1" name="TestMethod177" />
    </UnitTest>
    <UnitTest name="TestMethod254" storage="c:\agent\_work\8\s\testprojectwon\bin\release\testprojectwon.dll" id="5f7a8e66-9d98-684a-9ca4-8a93732e2d12">
      <Execution id="d87c25fa-7b8e-465b-bdd7-f944a7a50c9c" />
      <TestMethod codeBase="C:\agent\_work\8\s\TestProjectWON\bin\Release\TestProjectWON.dll" adapterTypeName="executor://mstestadapter/v1" className="TestProjectWON.UnitTest1" name="TestMethod254" />
    </UnitTest>
    <UnitTest name="TestMethod58" storage="c:\agent\_work\8\s\testprojectwon\bin\release\testprojectwon.dll" id="b4557069-0778-7bb4-b9b0-46e1aec4f29a">
      <Execution id="60173a11-7f8f-4e49-b02c-cdd66ed2d627" />
      <TestMethod codeBase="C:\agent\_work\8\s\TestProjectWON\bin\Release\TestProjectWON.dll" adapterTypeName="executor://mstestadapter/v1" className="TestProjectWON.UnitTest1" name="TestMethod58" />
    </UnitTest>
    <UnitTest name="TestMethod35" storage="c:\agent\_work\8\s\testprojectwon\bin\release\testprojectwon.dll" id="6d66efff-0b26-7f94-11b1-e4e66ca6e844">
      <Execution id="fe67f719-ff17-4d81-8db8-97da5a58399c" />
      <TestMethod codeBase="C:\agent\_work\8\s\TestProjectWON\bin\Release\TestProjectWON.dll" adapterTypeName="executor://mstestadapter/v1" className="TestProjectWON.UnitTest1" name="TestMethod35" />
    </UnitTest>
    <UnitTest name="TestMethod164" storage="c:\agent\_work\8\s\testprojectwon\bin\release\testprojectwon.dll" id="eab1eb37-593d-4815-e3d4-550d56424bbd">
      <Execution id="7a2ba18f-77ff-42e8-8193-18c172c9bb50" />
      <TestMethod codeBase="C:\agent\_work\8\s\TestProjectWON\bin\Release\TestProjectWON.dll" adapterTypeName="executor://mstestadapter/v1" className="TestProjectWON.UnitTest1" name="TestMethod164" />
    </UnitTest>
    <UnitTest name="TestMethod337" storage="c:\agent\_work\8\s\testprojectwon\bin\release\testprojectwon.dll" id="76181476-f39d-7562-643a-3060e224eda8">
      <Execution id="38a057ea-dea9-4c74-b177-1c8a9ea8ac3d" />
      <TestMethod codeBase="C:\agent\_work\8\s\TestProjectWON\bin\Release\TestProjectWON.dll" adapterTypeName="executor://mstestadapter/v1" className="TestProjectWON.UnitTest1" name="TestMethod337" />
    </UnitTest>
    <UnitTest name="TestMethod953" storage="c:\agent\_work\8\s\testprojectwon\bin\release\testprojectwon.dll" id="f8d78d88-3450-7ecb-6308-4ea2e1f95134">
      <Execution id="f555ed95-89a6-49d6-a356-a39d8f2a3ef7" />
      <TestMethod codeBase="C:\agent\_work\8\s\TestProjectWON\bin\Release\TestProjectWON.dll" adapterTypeName="executor://mstestadapter/v1" className="TestProjectWON.UnitTest1" name="TestMethod953" />
    </UnitTest>
    <UnitTest name="TestMethod992" storage="c:\agent\_work\8\s\testprojectwon\bin\release\testprojectwon.dll" id="bab4333c-e207-8e2f-7baa-448842489a21">
      <Execution id="750b6d8d-d68e-4360-b279-f2cc62fd08a2" />
      <TestMethod codeBase="C:\agent\_work\8\s\TestProjectWON\bin\Release\TestProjectWON.dll" adapterTypeName="executor://mstestadapter/v1" className="TestProjectWON.UnitTest1" name="TestMethod992" />
    </UnitTest>
    <UnitTest name="TestMethod405" storage="c:\agent\_work\8\s\testprojectwon\bin\release\testprojectwon.dll" id="09c11b88-830b-92b1-439a-8f7be73623ef">
      <Execution id="fd97f2f6-8b12-482a-9955-d2f80cc17a46" />
      <TestMethod codeBase="C:\agent\_work\8\s\TestProjectWON\bin\Release\TestProjectWON.dll" adapterTypeName="executor://mstestadapter/v1" className="TestProjectWON.UnitTest1" name="TestMethod405" />
    </UnitTest>
    <UnitTest name="TestMethod522" storage="c:\agent\_work\8\s\testprojectwon\bin\release\testprojectwon.dll" id="774836be-e9e9-fdcc-8cd9-df82b9d2ca1e">
      <Execution id="30270304-2b1b-4006-96ae-f10294c3f735" />
      <TestMethod codeBase="C:\agent\_work\8\s\TestProjectWON\bin\Release\TestProjectWON.dll" adapterTypeName="executor://mstestadapter/v1" className="TestProjectWON.UnitTest1" name="TestMethod522" />
    </UnitTest>
    <UnitTest name="TestMethod205" storage="c:\agent\_work\8\s\testprojectwon\bin\release\testprojectwon.dll" id="6747aa99-e76b-04cc-159a-1c7e34e38eb1">
      <Execution id="03f6ae50-4e14-4251-95ce-6b91369c2e1d" />
      <TestMethod codeBase="C:\agent\_work\8\s\TestProjectWON\bin\Release\TestProjectWON.dll" adapterTypeName="executor://mstestadapter/v1" className="TestProjectWON.UnitTest1" name="TestMethod205" />
    </UnitTest>
    <UnitTest name="TestMethod618" storage="c:\agent\_work\8\s\testprojectwon\bin\release\testprojectwon.dll" id="c8b43403-4085-23a3-9a97-87b17dc187b1">
      <Execution id="60810c93-59c6-4978-8a65-b034280c65d0" />
      <TestMethod codeBase="C:\agent\_work\8\s\TestProjectWON\bin\Release\TestProjectWON.dll" adapterTypeName="executor://mstestadapter/v1" className="TestProjectWON.UnitTest1" name="TestMethod618" />
    </UnitTest>
    <UnitTest name="TestMethod222" storage="c:\agent\_work\8\s\testprojectwon\bin\release\testprojectwon.dll" id="2d1d5e6f-4d6f-c4a7-2a87-2a5c678ea792">
      <Execution id="69faa394-d1ed-4859-9eee-ea1672cd1200" />
      <TestMethod codeBase="C:\agent\_work\8\s\TestProjectWON\bin\Release\TestProjectWON.dll" adapterTypeName="executor://mstestadapter/v1" className="TestProjectWON.UnitTest1" name="TestMethod222" />
    </UnitTest>
    <UnitTest name="TestMethod648" storage="c:\agent\_work\8\s\testprojectwon\bin\release\testprojectwon.dll" id="dac9cf96-2207-6437-725b-7305466a449b">
      <Execution id="667f9a1f-754d-4230-95f8-189e17602f14" />
      <TestMethod codeBase="C:\agent\_work\8\s\TestProjectWON\bin\Release\TestProjectWON.dll" adapterTypeName="executor://mstestadapter/v1" className="TestProjectWON.UnitTest1" name="TestMethod648" />
    </UnitTest>
    <UnitTest name="TestMethod345" storage="c:\agent\_work\8\s\testprojectwon\bin\release\testprojectwon.dll" id="c71759fc-e4e5-d7b5-0b8a-14b59e843b99">
      <Execution id="9646399f-fde4-4259-b595-5af8f000c38a" />
      <TestMethod codeBase="C:\agent\_work\8\s\TestProjectWON\bin\Release\TestProjectWON.dll" adapterTypeName="executor://mstestadapter/v1" className="TestProjectWON.UnitTest1" name="TestMethod345" />
    </UnitTest>
    <UnitTest name="TestMethod98" storage="c:\agent\_work\8\s\testprojectwon\bin\release\testprojectwon.dll" id="de60a753-470d-c825-ac66-453d4a99daa5">
      <Execution id="c74c182d-d255-49ef-b1e4-12fe59238c2f" />
      <TestMethod codeBase="C:\agent\_work\8\s\TestProjectWON\bin\Release\TestProjectWON.dll" adapterTypeName="executor://mstestadapter/v1" className="TestProjectWON.UnitTest1" name="TestMethod98" />
    </UnitTest>
    <UnitTest name="TestMethod656" storage="c:\agent\_work\8\s\testprojectwon\bin\release\testprojectwon.dll" id="5c460a5a-0268-626b-700d-ed4cae528a9e">
      <Execution id="3d051882-0833-46ea-a517-4c327b4b3a9e" />
      <TestMethod codeBase="C:\agent\_work\8\s\TestProjectWON\bin\Release\TestProjectWON.dll" adapterTypeName="executor://mstestadapter/v1" className="TestProjectWON.UnitTest1" name="TestMethod656" />
    </UnitTest>
    <UnitTest name="TestMethod983" storage="c:\agent\_work\8\s\testprojectwon\bin\release\testprojectwon.dll" id="a6d9dfc6-6817-dcd7-6452-44e3098e1ac7">
      <Execution id="b76df5d0-5f07-43f6-a5ad-d4b19d78d558" />
      <TestMethod codeBase="C:\agent\_work\8\s\TestProjectWON\bin\Release\TestProjectWON.dll" adapterTypeName="executor://mstestadapter/v1" className="TestProjectWON.UnitTest1" name="TestMethod983" />
    </UnitTest>
    <UnitTest name="TestMethod520" storage="c:\agent\_work\8\s\testprojectwon\bin\release\testprojectwon.dll" id="2f4e268f-1d7b-cb93-a667-6924f4c56a4a">
      <Execution id="72fb597a-8f93-4301-afed-25b05e2bb303" />
      <TestMethod codeBase="C:\agent\_work\8\s\TestProjectWON\bin\Release\TestProjectWON.dll" adapterTypeName="executor://mstestadapter/v1" className="TestProjectWON.UnitTest1" name="TestMethod520" />
    </UnitTest>
    <UnitTest name="TestMethod379" storage="c:\agent\_work\8\s\testprojectwon\bin\release\testprojectwon.dll" id="7911c7be-cac8-9e71-b1dc-c18364dc6806">
      <Execution id="a448ca7c-20c8-46d5-8e7e-8a2ff44d6e1b" />
      <TestMethod codeBase="C:\agent\_work\8\s\TestProjectWON\bin\Release\TestProjectWON.dll" adapterTypeName="executor://mstestadapter/v1" className="TestProjectWON.UnitTest1" name="TestMethod379" />
    </UnitTest>
    <UnitTest name="TestMethod478" storage="c:\agent\_work\8\s\testprojectwon\bin\release\testprojectwon.dll" id="a0145b80-6789-862a-415b-6104d0c075a0">
      <Execution id="731b533e-8fcc-498b-a345-3f4c5245dabd" />
      <TestMethod codeBase="C:\agent\_work\8\s\TestProjectWON\bin\Release\TestProjectWON.dll" adapterTypeName="executor://mstestadapter/v1" className="TestProjectWON.UnitTest1" name="TestMethod478" />
    </UnitTest>
    <UnitTest name="TestMethod850" storage="c:\agent\_work\8\s\testprojectwon\bin\release\testprojectwon.dll" id="c4d15c34-e3ca-7ce4-539b-70fa98691175">
      <Execution id="e9e6f7a9-42c1-4ff0-a748-c26087fbd596" />
      <TestMethod codeBase="C:\agent\_work\8\s\TestProjectWON\bin\Release\TestProjectWON.dll" adapterTypeName="executor://mstestadapter/v1" className="TestProjectWON.UnitTest1" name="TestMethod850" />
    </UnitTest>
    <UnitTest name="TestMethod262" storage="c:\agent\_work\8\s\testprojectwon\bin\release\testprojectwon.dll" id="e84f7890-4a74-4696-218c-b5a9ae941044">
      <Execution id="0f431269-f631-4749-913f-6c6404ed2fbd" />
      <TestMethod codeBase="C:\agent\_work\8\s\TestProjectWON\bin\Release\TestProjectWON.dll" adapterTypeName="executor://mstestadapter/v1" className="TestProjectWON.UnitTest1" name="TestMethod262" />
    </UnitTest>
    <UnitTest name="TestMethod204" storage="c:\agent\_work\8\s\testprojectwon\bin\release\testprojectwon.dll" id="bdf17b58-3f87-9a50-3592-334d75c27535">
      <Execution id="86e2bc72-3d33-497b-b110-dd857239d603" />
      <TestMethod codeBase="C:\agent\_work\8\s\TestProjectWON\bin\Release\TestProjectWON.dll" adapterTypeName="executor://mstestadapter/v1" className="TestProjectWON.UnitTest1" name="TestMethod204" />
    </UnitTest>
    <UnitTest name="TestMethod904" storage="c:\agent\_work\8\s\testprojectwon\bin\release\testprojectwon.dll" id="c6ae7993-fc24-7155-0286-1345ac914309">
      <Execution id="0c63fcbe-39ba-4560-8758-6432dac92a2c" />
      <TestMethod codeBase="C:\agent\_work\8\s\TestProjectWON\bin\Release\TestProjectWON.dll" adapterTypeName="executor://mstestadapter/v1" className="TestProjectWON.UnitTest1" name="TestMethod904" />
    </UnitTest>
    <UnitTest name="TestMethod32" storage="c:\agent\_work\8\s\testprojectwon\bin\release\testprojectwon.dll" id="0af15279-8524-5c45-60fc-fbd5462c6ee3">
      <Execution id="52f3b777-8e6d-4551-8b2d-f335df204b88" />
      <TestMethod codeBase="C:\agent\_work\8\s\TestProjectWON\bin\Release\TestProjectWON.dll" adapterTypeName="executor://mstestadapter/v1" className="TestProjectWON.UnitTest1" name="TestMethod32" />
    </UnitTest>
    <UnitTest name="TestMethod37" storage="c:\agent\_work\8\s\testprojectwon\bin\release\testprojectwon.dll" id="2670f73b-2dda-084b-dcd1-89aea42bbe01">
      <Execution id="0575c4c7-434d-4c99-bb28-a18abd8afc3d" />
      <TestMethod codeBase="C:\agent\_work\8\s\TestProjectWON\bin\Release\TestProjectWON.dll" adapterTypeName="executor://mstestadapter/v1" className="TestProjectWON.UnitTest1" name="TestMethod37" />
    </UnitTest>
    <UnitTest name="TestMethod894" storage="c:\agent\_work\8\s\testprojectwon\bin\release\testprojectwon.dll" id="33acf123-59fe-0dab-7f15-41863e67a38d">
      <Execution id="baba4159-b4ef-44bc-a2eb-f4bbfc862e1c" />
      <TestMethod codeBase="C:\agent\_work\8\s\TestProjectWON\bin\Release\TestProjectWON.dll" adapterTypeName="executor://mstestadapter/v1" className="TestProjectWON.UnitTest1" name="TestMethod894" />
    </UnitTest>
    <UnitTest name="TestMethod590" storage="c:\agent\_work\8\s\testprojectwon\bin\release\testprojectwon.dll" id="17c78595-48aa-bed2-a9b1-5f1f2a0ee126">
      <Execution id="eab83361-48a7-4b05-abdf-3870edcac50f" />
      <TestMethod codeBase="C:\agent\_work\8\s\TestProjectWON\bin\Release\TestProjectWON.dll" adapterTypeName="executor://mstestadapter/v1" className="TestProjectWON.UnitTest1" name="TestMethod590" />
    </UnitTest>
    <UnitTest name="TestMethod947" storage="c:\agent\_work\8\s\testprojectwon\bin\release\testprojectwon.dll" id="9b31f701-8322-5e52-2f1d-873773ad71b1">
      <Execution id="627c41fc-3b2a-43b4-affa-9615fa23eb53" />
      <TestMethod codeBase="C:\agent\_work\8\s\TestProjectWON\bin\Release\TestProjectWON.dll" adapterTypeName="executor://mstestadapter/v1" className="TestProjectWON.UnitTest1" name="TestMethod947" />
    </UnitTest>
    <UnitTest name="TestMethod619" storage="c:\agent\_work\8\s\testprojectwon\bin\release\testprojectwon.dll" id="733bba28-25fb-6fce-b007-e45f68595c31">
      <Execution id="7dce1e92-d976-477f-a336-10450d204c51" />
      <TestMethod codeBase="C:\agent\_work\8\s\TestProjectWON\bin\Release\TestProjectWON.dll" adapterTypeName="executor://mstestadapter/v1" className="TestProjectWON.UnitTest1" name="TestMethod619" />
    </UnitTest>
    <UnitTest name="TestMethod213" storage="c:\agent\_work\8\s\testprojectwon\bin\release\testprojectwon.dll" id="c645270a-0325-f6e0-9b6a-41655fc7fd00">
      <Execution id="9a336677-871e-4433-858d-59ad2e3e01a9" />
      <TestMethod codeBase="C:\agent\_work\8\s\TestProjectWON\bin\Release\TestProjectWON.dll" adapterTypeName="executor://mstestadapter/v1" className="TestProjectWON.UnitTest1" name="TestMethod213" />
    </UnitTest>
    <UnitTest name="TestMethod263" storage="c:\agent\_work\8\s\testprojectwon\bin\release\testprojectwon.dll" id="255f854d-5b78-3942-dbc3-8c841af0d680">
      <Execution id="dd8ac8a8-b927-45d6-b63d-b10d8f8bc48b" />
      <TestMethod codeBase="C:\agent\_work\8\s\TestProjectWON\bin\Release\TestProjectWON.dll" adapterTypeName="executor://mstestadapter/v1" className="TestProjectWON.UnitTest1" name="TestMethod263" />
    </UnitTest>
    <UnitTest name="TestMethod150" storage="c:\agent\_work\8\s\testprojectwon\bin\release\testprojectwon.dll" id="eab68e72-788f-cfb8-63fb-af574cc69c45">
      <Execution id="ea666be9-1cdb-4b05-94b0-8e1ae4414ca9" />
      <TestMethod codeBase="C:\agent\_work\8\s\TestProjectWON\bin\Release\TestProjectWON.dll" adapterTypeName="executor://mstestadapter/v1" className="TestProjectWON.UnitTest1" name="TestMethod150" />
    </UnitTest>
    <UnitTest name="TestMethod4" storage="c:\agent\_work\8\s\testprojectwon\bin\release\testprojectwon.dll" id="879645bc-7ba2-6487-189b-4a1984172c5b">
      <Execution id="c94e3952-131c-402e-9145-e27dfde7fc8a" />
      <TestMethod codeBase="C:\agent\_work\8\s\TestProjectWON\bin\Release\TestProjectWON.dll" adapterTypeName="executor://mstestadapter/v1" className="TestProjectWON.UnitTest1" name="TestMethod4" />
    </UnitTest>
    <UnitTest name="TestMethod91" storage="c:\agent\_work\8\s\testprojectwon\bin\release\testprojectwon.dll" id="2734d560-bca6-3dc0-5647-169dfc4e3985">
      <Execution id="f2278d87-6c2c-4450-a48d-257a12b9e295" />
      <TestMethod codeBase="C:\agent\_work\8\s\TestProjectWON\bin\Release\TestProjectWON.dll" adapterTypeName="executor://mstestadapter/v1" className="TestProjectWON.UnitTest1" name="TestMethod91" />
    </UnitTest>
    <UnitTest name="TestMethod395" storage="c:\agent\_work\8\s\testprojectwon\bin\release\testprojectwon.dll" id="8ac496c0-1787-2604-5912-8244d1c73781">
      <Execution id="b57603fe-736e-4f66-8555-334ca21c994e" />
      <TestMethod codeBase="C:\agent\_work\8\s\TestProjectWON\bin\Release\TestProjectWON.dll" adapterTypeName="executor://mstestadapter/v1" className="TestProjectWON.UnitTest1" name="TestMethod395" />
    </UnitTest>
    <UnitTest name="TestMethod341" storage="c:\agent\_work\8\s\testprojectwon\bin\release\testprojectwon.dll" id="04af4879-8136-d94d-91b1-9fc2cfe50f12">
      <Execution id="5d60cc8e-7c1c-4674-aeb1-7a9d8c9dcde1" />
      <TestMethod codeBase="C:\agent\_work\8\s\TestProjectWON\bin\Release\TestProjectWON.dll" adapterTypeName="executor://mstestadapter/v1" className="TestProjectWON.UnitTest1" name="TestMethod341" />
    </UnitTest>
    <UnitTest name="TestMethod865" storage="c:\agent\_work\8\s\testprojectwon\bin\release\testprojectwon.dll" id="cbdef425-9358-5d90-4cf6-343384677bd3">
      <Execution id="0c90d0b6-ba7a-402f-9945-417fc6df5197" />
      <TestMethod codeBase="C:\agent\_work\8\s\TestProjectWON\bin\Release\TestProjectWON.dll" adapterTypeName="executor://mstestadapter/v1" className="TestProjectWON.UnitTest1" name="TestMethod865" />
    </UnitTest>
    <UnitTest name="TestMethod753" storage="c:\agent\_work\8\s\testprojectwon\bin\release\testprojectwon.dll" id="6f292e4b-66f5-a778-fa6e-8262c0e8abca">
      <Execution id="4f00f760-9c71-4884-ab12-bdf6705d062e" />
      <TestMethod codeBase="C:\agent\_work\8\s\TestProjectWON\bin\Release\TestProjectWON.dll" adapterTypeName="executor://mstestadapter/v1" className="TestProjectWON.UnitTest1" name="TestMethod753" />
    </UnitTest>
    <UnitTest name="TestMethod360" storage="c:\agent\_work\8\s\testprojectwon\bin\release\testprojectwon.dll" id="26524496-f7b2-b063-a4ad-84ece5cb6f77">
      <Execution id="0a0e0713-9669-4350-8564-024f07e00200" />
      <TestMethod codeBase="C:\agent\_work\8\s\TestProjectWON\bin\Release\TestProjectWON.dll" adapterTypeName="executor://mstestadapter/v1" className="TestProjectWON.UnitTest1" name="TestMethod360" />
    </UnitTest>
    <UnitTest name="TestMethod311" storage="c:\agent\_work\8\s\testprojectwon\bin\release\testprojectwon.dll" id="d43860aa-ed76-26d9-9003-007bacdfc0a0">
      <Execution id="a4e21704-34f0-44af-ac48-432eedf5b863" />
      <TestMethod codeBase="C:\agent\_work\8\s\TestProjectWON\bin\Release\TestProjectWON.dll" adapterTypeName="executor://mstestadapter/v1" className="TestProjectWON.UnitTest1" name="TestMethod311" />
    </UnitTest>
    <UnitTest name="TestMethod937" storage="c:\agent\_work\8\s\testprojectwon\bin\release\testprojectwon.dll" id="ba7abc82-755e-df5e-a8e3-3dfd591bc900">
      <Execution id="e374d636-718c-45ef-aaea-0c70dbaf07d5" />
      <TestMethod codeBase="C:\agent\_work\8\s\TestProjectWON\bin\Release\TestProjectWON.dll" adapterTypeName="executor://mstestadapter/v1" className="TestProjectWON.UnitTest1" name="TestMethod937" />
    </UnitTest>
    <UnitTest name="TestMethod461" storage="c:\agent\_work\8\s\testprojectwon\bin\release\testprojectwon.dll" id="aa8c4660-7a95-c90f-20d5-28080ebf8228">
      <Execution id="a36de6f7-a30e-4a89-85e4-304db2314cb4" />
      <TestMethod codeBase="C:\agent\_work\8\s\TestProjectWON\bin\Release\TestProjectWON.dll" adapterTypeName="executor://mstestadapter/v1" className="TestProjectWON.UnitTest1" name="TestMethod461" />
    </UnitTest>
    <UnitTest name="TestMethod22" storage="c:\agent\_work\8\s\testprojectwon\bin\release\testprojectwon.dll" id="50648593-5c3d-50ee-5e8d-50b8b362b51e">
      <Execution id="1fe29f27-2b20-486f-bfba-e92ff1cf0e05" />
      <TestMethod codeBase="C:\agent\_work\8\s\TestProjectWON\bin\Release\TestProjectWON.dll" adapterTypeName="executor://mstestadapter/v1" className="TestProjectWON.UnitTest1" name="TestMethod22" />
    </UnitTest>
    <UnitTest name="TestMethod406" storage="c:\agent\_work\8\s\testprojectwon\bin\release\testprojectwon.dll" id="646c80d4-1e6f-e318-95ec-045cb0052e57">
      <Execution id="2d0038fe-e3d9-436a-b61b-32706a9807db" />
      <TestMethod codeBase="C:\agent\_work\8\s\TestProjectWON\bin\Release\TestProjectWON.dll" adapterTypeName="executor://mstestadapter/v1" className="TestProjectWON.UnitTest1" name="TestMethod406" />
    </UnitTest>
    <UnitTest name="TestMethod50" storage="c:\agent\_work\8\s\testprojectwon\bin\release\testprojectwon.dll" id="cfda71d5-31f9-4e94-efd6-edb3e08b2951">
      <Execution id="77b24b7e-52ff-44c5-92ed-68c06d7c11a5" />
      <TestMethod codeBase="C:\agent\_work\8\s\TestProjectWON\bin\Release\TestProjectWON.dll" adapterTypeName="executor://mstestadapter/v1" className="TestProjectWON.UnitTest1" name="TestMethod50" />
    </UnitTest>
  </TestDefinitions>
  <TestEntries>
    <TestEntry testId="0c56622f-0730-7199-ea05-9dbdb954706d" executionId="2b1f7df9-ff5c-425f-a707-b3c4d7e66ab3" testListId="8c84fa94-04c1-424b-9868-57a2d4851a1d" />
    <TestEntry testId="acab3fdb-e5a1-aabf-b107-48cabfd23740" executionId="d7035745-8ac3-4b09-9fe4-fca06cc565f9" testListId="8c84fa94-04c1-424b-9868-57a2d4851a1d" />
    <TestEntry testId="afd010af-4865-ccd0-1c97-5c05039cb3df" executionId="898d9810-144c-4745-b79a-9b4965100709" testListId="8c84fa94-04c1-424b-9868-57a2d4851a1d" />
    <TestEntry testId="f0e89428-5ab8-0c6f-22de-d15fca130bca" executionId="5a629dac-3c0d-4101-941a-361df8f83b14" testListId="8c84fa94-04c1-424b-9868-57a2d4851a1d" />
    <TestEntry testId="66f88e8d-25f5-45b5-b84b-7eb9f767cf1a" executionId="bf55a1bc-d1ee-4e48-8285-c032b79fe06e" testListId="8c84fa94-04c1-424b-9868-57a2d4851a1d" />
    <TestEntry testId="f61eb171-50da-2a2b-ca13-d4ed9077274d" executionId="f0a56e5d-4714-49ba-b0e6-28bffad74ec3" testListId="8c84fa94-04c1-424b-9868-57a2d4851a1d" />
    <TestEntry testId="04af4879-8136-d94d-91b1-9fc2cfe50f12" executionId="5d60cc8e-7c1c-4674-aeb1-7a9d8c9dcde1" testListId="8c84fa94-04c1-424b-9868-57a2d4851a1d" />
    <TestEntry testId="f4b3efa7-e728-9442-c241-478c27e4af9a" executionId="e09e8e6a-f887-456e-bb25-54a72c912719" testListId="8c84fa94-04c1-424b-9868-57a2d4851a1d" />
    <TestEntry testId="33dbfa51-48d5-b1fc-ce45-3e93c43464c3" executionId="614abd02-8467-4faf-b5a5-8aaa7ff60935" testListId="8c84fa94-04c1-424b-9868-57a2d4851a1d" />
    <TestEntry testId="cacdbc78-b13e-992e-95ba-f4e74853ded7" executionId="9236c274-24de-40fd-b641-725a8f264e81" testListId="8c84fa94-04c1-424b-9868-57a2d4851a1d" />
    <TestEntry testId="9769dd8b-4049-758a-3947-cd0f87143707" executionId="a5c5a920-9e95-4277-9fa4-483c57e2fc5c" testListId="8c84fa94-04c1-424b-9868-57a2d4851a1d" />
    <TestEntry testId="8f15877b-bf4c-ed12-8a91-55c01e0c5191" executionId="247253e9-5cb3-4c9b-9e25-e6cc369a9dee" testListId="8c84fa94-04c1-424b-9868-57a2d4851a1d" />
    <TestEntry testId="56e0b8cb-edaa-ac2f-856d-8624111180dc" executionId="687a2f47-4f8e-4469-8651-1b6541ded6bd" testListId="8c84fa94-04c1-424b-9868-57a2d4851a1d" />
    <TestEntry testId="6c7fb57d-0d93-6a47-e5f7-c23a31c3815e" executionId="59d7b7b1-893c-4940-b865-a4a4aaa818c0" testListId="8c84fa94-04c1-424b-9868-57a2d4851a1d" />
    <TestEntry testId="eb744067-250a-ee63-6639-e001fa33b4bc" executionId="e8379875-cd55-4ef2-9b0c-b97290b8facc" testListId="8c84fa94-04c1-424b-9868-57a2d4851a1d" />
    <TestEntry testId="3fe93b42-aaf2-57f6-1892-3c4a08441dc1" executionId="c33296e1-b822-4a33-a182-5448f37e455d" testListId="8c84fa94-04c1-424b-9868-57a2d4851a1d" />
    <TestEntry testId="0b6e2ee6-2114-984f-bada-a3b5ed5e083c" executionId="6affcbbf-5b1f-4c67-8b5b-ffef249fe56f" testListId="8c84fa94-04c1-424b-9868-57a2d4851a1d" />
    <TestEntry testId="774836be-e9e9-fdcc-8cd9-df82b9d2ca1e" executionId="30270304-2b1b-4006-96ae-f10294c3f735" testListId="8c84fa94-04c1-424b-9868-57a2d4851a1d" />
    <TestEntry testId="8e1ee98d-a3a6-3406-d3c4-1e9ccc628eef" executionId="ffb9e154-3158-419b-a19e-11bcf1f99075" testListId="8c84fa94-04c1-424b-9868-57a2d4851a1d" />
    <TestEntry testId="0b66a0b7-68be-2605-3b2a-71bb2f365ca4" executionId="3a1676fd-ee1f-4b2f-81f8-80e3adefd19c" testListId="8c84fa94-04c1-424b-9868-57a2d4851a1d" />
    <TestEntry testId="8e0d827a-62ed-29f7-f5f7-ff36cac16e16" executionId="8d275fb7-5900-4a3c-bb85-632a917c1dd3" testListId="8c84fa94-04c1-424b-9868-57a2d4851a1d" />
    <TestEntry testId="83f9169e-fa79-6fbf-fd57-ff77655ec499" executionId="8ff42195-0f49-413f-a566-5fa4f840b004" testListId="8c84fa94-04c1-424b-9868-57a2d4851a1d" />
    <TestEntry testId="e17cb5d8-84bd-3e2b-32fa-bef201119c95" executionId="d21e6fd5-ef82-479a-9dc8-50e309a68f29" testListId="8c84fa94-04c1-424b-9868-57a2d4851a1d" />
    <TestEntry testId="adb9a7e1-50d7-ee31-9947-792b6887d4a5" executionId="2e3f4e8a-9f18-456b-b02e-4c607515a245" testListId="8c84fa94-04c1-424b-9868-57a2d4851a1d" />
    <TestEntry testId="aa8c4660-7a95-c90f-20d5-28080ebf8228" executionId="a36de6f7-a30e-4a89-85e4-304db2314cb4" testListId="8c84fa94-04c1-424b-9868-57a2d4851a1d" />
    <TestEntry testId="45d5d672-2494-523f-3667-f6a15831b673" executionId="7488ef2a-12f1-4dee-aef7-45ab2d41ee4b" testListId="8c84fa94-04c1-424b-9868-57a2d4851a1d" />
    <TestEntry testId="d93eba36-2b78-21a5-e34e-0946c9c2d8a6" executionId="c9301927-d928-4802-816c-62b12233b3df" testListId="8c84fa94-04c1-424b-9868-57a2d4851a1d" />
    <TestEntry testId="36cdeb24-1c40-6d0a-e9f9-e07afe360faf" executionId="5687b900-2197-43b4-a773-7c90604d6121" testListId="8c84fa94-04c1-424b-9868-57a2d4851a1d" />
    <TestEntry testId="e1f9df93-c8a9-64ad-9681-95501fc25408" executionId="faea7542-4218-4745-80c6-c25dd53de095" testListId="8c84fa94-04c1-424b-9868-57a2d4851a1d" />
    <TestEntry testId="5c86b07c-5c69-f3c3-d37f-1e9264d351c0" executionId="7a0121bd-1b4e-4a8e-8b7d-548621e68dfc" testListId="8c84fa94-04c1-424b-9868-57a2d4851a1d" />
    <TestEntry testId="9990f2b1-d640-1774-5359-5f140f74562a" executionId="63453bec-112c-43b3-b02b-75ff47b9bfd4" testListId="8c84fa94-04c1-424b-9868-57a2d4851a1d" />
    <TestEntry testId="5889924f-7147-0f02-b07a-bceda849fdad" executionId="1dd4c93e-840e-4a95-ae5e-9c4bcc18812f" testListId="8c84fa94-04c1-424b-9868-57a2d4851a1d" />
    <TestEntry testId="1631a3c2-40e2-d466-5e63-8dbcbdbde77a" executionId="1757e421-67e2-48ab-b8c7-4ae2dae07400" testListId="8c84fa94-04c1-424b-9868-57a2d4851a1d" />
    <TestEntry testId="e71a91da-b3c4-885a-d728-3ffbbbcbfe98" executionId="c7336157-6089-4149-9a6d-21811a35ef1e" testListId="8c84fa94-04c1-424b-9868-57a2d4851a1d" />
    <TestEntry testId="92bfaf0a-71f6-f6dd-44a1-ce078bb2ce09" executionId="51bac5b5-61e6-4929-ae4c-e955512718ca" testListId="8c84fa94-04c1-424b-9868-57a2d4851a1d" />
    <TestEntry testId="80748db1-67e4-d6d3-e73e-a765c8e724ef" executionId="6877d615-2889-4e87-910d-65fbe54729e0" testListId="8c84fa94-04c1-424b-9868-57a2d4851a1d" />
    <TestEntry testId="2fa780f0-1e7b-0df5-cb57-096559fff81f" executionId="7d850dcb-d665-4646-931e-abff3cde940d" testListId="8c84fa94-04c1-424b-9868-57a2d4851a1d" />
    <TestEntry testId="45a163be-f6fb-02de-a2cc-6dec2a644136" executionId="9c5cc54b-0e4d-4af7-9072-3926291b7f7c" testListId="8c84fa94-04c1-424b-9868-57a2d4851a1d" />
    <TestEntry testId="17e6532f-2296-a418-52a2-4e83be3acb5f" executionId="68a26570-6040-48a7-971f-09976127e5ee" testListId="8c84fa94-04c1-424b-9868-57a2d4851a1d" />
    <TestEntry testId="c519c5d5-7816-5e87-801a-d5dda1bda46d" executionId="0c02ad7b-d2f6-4741-a634-4fd9796691ea" testListId="8c84fa94-04c1-424b-9868-57a2d4851a1d" />
    <TestEntry testId="bd2b47ca-d4c4-3db6-d24c-36dc83eb191c" executionId="cb0978d2-6ea9-4ea0-9f58-79bd5b974d85" testListId="8c84fa94-04c1-424b-9868-57a2d4851a1d" />
    <TestEntry testId="b740d19d-de25-9a60-2c4d-c6feab38a1e1" executionId="0935a082-cbd0-4556-b954-3d250a0b8579" testListId="8c84fa94-04c1-424b-9868-57a2d4851a1d" />
    <TestEntry testId="6fde9ee1-0c74-9cf2-8748-447ab622b77f" executionId="5084fb0c-601f-46b2-b3d5-9c5be573f0cf" testListId="8c84fa94-04c1-424b-9868-57a2d4851a1d" />
    <TestEntry testId="c8673406-6d74-30ae-d207-5d9fe26f6a18" executionId="195f45f7-b54b-4ac6-bd5c-57b8a6631338" testListId="8c84fa94-04c1-424b-9868-57a2d4851a1d" />
    <TestEntry testId="04b3c1ab-4a60-2262-771f-1c02badca77a" executionId="2a3572bb-a8e3-425b-9061-e426e1f68073" testListId="8c84fa94-04c1-424b-9868-57a2d4851a1d" />
    <TestEntry testId="bdf17b58-3f87-9a50-3592-334d75c27535" executionId="86e2bc72-3d33-497b-b110-dd857239d603" testListId="8c84fa94-04c1-424b-9868-57a2d4851a1d" />
    <TestEntry testId="f18af0cb-5e75-3cdd-8d54-30183467d4d0" executionId="ae75c983-cb26-4e4f-af6e-8ac38ac3ae7d" testListId="8c84fa94-04c1-424b-9868-57a2d4851a1d" />
    <TestEntry testId="c8975f4e-d683-dbed-6a60-cf01ca216e3c" executionId="cbde7e10-4769-43ff-bdee-8601a03ad82a" testListId="8c84fa94-04c1-424b-9868-57a2d4851a1d" />
    <TestEntry testId="6c1b5ffd-23a5-ac1a-9ea4-975ad90a2e9d" executionId="953f9e98-cdd3-44c0-ad13-5fc0400f1014" testListId="8c84fa94-04c1-424b-9868-57a2d4851a1d" />
    <TestEntry testId="971ae207-8efc-da70-993b-4dea6bb35136" executionId="78ec0e9b-5e08-4c11-9bd3-16e2a557cf81" testListId="8c84fa94-04c1-424b-9868-57a2d4851a1d" />
    <TestEntry testId="e60b2040-6cec-12c4-4608-32c88d59f85d" executionId="118fd7c5-8183-4bea-8b6d-a347718435df" testListId="8c84fa94-04c1-424b-9868-57a2d4851a1d" />
    <TestEntry testId="1e33afe7-7157-cefe-e152-f77ddf2ddddd" executionId="afa28e83-7033-4474-ac6d-678365230072" testListId="8c84fa94-04c1-424b-9868-57a2d4851a1d" />
    <TestEntry testId="4571e354-ad20-aed6-72db-5f08020ef89b" executionId="f0935c74-a81f-4d25-b530-7b8c2590523b" testListId="8c84fa94-04c1-424b-9868-57a2d4851a1d" />
    <TestEntry testId="bf7ccbbe-f328-31cd-c844-be9122247b91" executionId="82d5b326-7538-4eae-82ce-46d2b62c3a11" testListId="8c84fa94-04c1-424b-9868-57a2d4851a1d" />
    <TestEntry testId="1e27ab10-8e53-64cc-9fa8-800cab83d0a3" executionId="d6826680-7965-47b6-a8a5-570351fd1f6c" testListId="8c84fa94-04c1-424b-9868-57a2d4851a1d" />
    <TestEntry testId="450cd0b8-107a-db85-2288-0818f2fa4ea2" executionId="f94b523d-65c1-48eb-bff7-5ac8cab01856" testListId="8c84fa94-04c1-424b-9868-57a2d4851a1d" />
    <TestEntry testId="7ce80341-55f6-358e-4924-3022b6d4e9af" executionId="66699a16-0463-4f1a-8587-4050fb3c3339" testListId="8c84fa94-04c1-424b-9868-57a2d4851a1d" />
    <TestEntry testId="c561d776-c3ba-aeae-29c5-7b2bbf91fd1e" executionId="a9025415-802d-4404-9985-0f118f1e20e9" testListId="8c84fa94-04c1-424b-9868-57a2d4851a1d" />
    <TestEntry testId="192507d1-36fc-2d25-dfc9-20d90b86b959" executionId="35de4404-b08c-4e5c-b51b-6f96e8a939d8" testListId="8c84fa94-04c1-424b-9868-57a2d4851a1d" />
    <TestEntry testId="f0b458ee-2b69-2e64-be96-489c1b0a4027" executionId="a69f88d3-7ce8-41da-a562-f8446b427fd9" testListId="8c84fa94-04c1-424b-9868-57a2d4851a1d" />
    <TestEntry testId="0b8253b0-363a-c10e-c92b-cb755c90922b" executionId="a66420fb-e486-4702-8951-64067c949d11" testListId="8c84fa94-04c1-424b-9868-57a2d4851a1d" />
    <TestEntry testId="f3747f62-14f1-48a5-a7b1-1b9199652429" executionId="cb021942-6e56-4b55-9ca8-9c2d5d32f31a" testListId="8c84fa94-04c1-424b-9868-57a2d4851a1d" />
    <TestEntry testId="f6b36be6-03b8-eb53-2bd6-1d05045cd042" executionId="c27a61d1-3ade-4932-9243-a0b065fd7fb7" testListId="8c84fa94-04c1-424b-9868-57a2d4851a1d" />
    <TestEntry testId="c8745a69-fd21-081b-4b7f-986392e3125e" executionId="7a627115-6e08-413f-a189-bb8f4fbf8dda" testListId="8c84fa94-04c1-424b-9868-57a2d4851a1d" />
    <TestEntry testId="8ac496c0-1787-2604-5912-8244d1c73781" executionId="b57603fe-736e-4f66-8555-334ca21c994e" testListId="8c84fa94-04c1-424b-9868-57a2d4851a1d" />
    <TestEntry testId="482a579e-51e3-2b96-2ccc-7f578ded208b" executionId="4fa84d10-bd51-4bb2-980e-21f8b0438d4e" testListId="8c84fa94-04c1-424b-9868-57a2d4851a1d" />
    <TestEntry testId="6fb1114d-226c-1499-0f68-8177e03a8f40" executionId="0e35a4b7-2856-49d8-acda-74d3e2f9c86f" testListId="8c84fa94-04c1-424b-9868-57a2d4851a1d" />
    <TestEntry testId="9de81f09-f480-09d3-1cf2-f3677ff4137e" executionId="ea509764-5478-4674-878c-eb2f136ac0b3" testListId="8c84fa94-04c1-424b-9868-57a2d4851a1d" />
    <TestEntry testId="0f12f85e-9cd9-1df2-e194-7f640d154ed3" executionId="4853779f-c8f6-4f39-b950-a25233530a2e" testListId="8c84fa94-04c1-424b-9868-57a2d4851a1d" />
    <TestEntry testId="af13d36d-397e-6af6-31cb-810c78c373d1" executionId="2cf98fd7-c1d8-4fe1-93a9-d8594e53237d" testListId="8c84fa94-04c1-424b-9868-57a2d4851a1d" />
    <TestEntry testId="10e1bc78-0868-7148-438c-65de1acdb194" executionId="df8649eb-0920-42c5-b651-8c8c81ab9214" testListId="8c84fa94-04c1-424b-9868-57a2d4851a1d" />
    <TestEntry testId="4a5c060d-93b8-1349-a42b-b3059e1a946b" executionId="91620afb-a201-4dd5-8172-a8bf5c2e9802" testListId="8c84fa94-04c1-424b-9868-57a2d4851a1d" />
    <TestEntry testId="c620e2d6-530c-58b3-510d-820d526ceb4b" executionId="8daa1b69-66f6-408e-a45b-c6d7b7046a37" testListId="8c84fa94-04c1-424b-9868-57a2d4851a1d" />
    <TestEntry testId="8d274a7d-750c-a356-9ef2-f115fab35e35" executionId="9d0bdc4d-67b9-4d26-b169-38bac234e9a0" testListId="8c84fa94-04c1-424b-9868-57a2d4851a1d" />
    <TestEntry testId="d891963e-75e4-bfbd-1af1-6f2f40b7b8fb" executionId="c6c44174-c9d2-4a0d-80e0-0145c3400afe" testListId="8c84fa94-04c1-424b-9868-57a2d4851a1d" />
    <TestEntry testId="b63fa908-9fe5-d9cf-191a-3a16487ad2b6" executionId="0f4584bd-2abd-409d-83af-1b9f629f3a2b" testListId="8c84fa94-04c1-424b-9868-57a2d4851a1d" />
    <TestEntry testId="95a1d4ed-5bdf-ecc4-9f0a-fdcf99c3c410" executionId="13fd3c9a-4e35-44bb-b28c-7a0619177436" testListId="8c84fa94-04c1-424b-9868-57a2d4851a1d" />
    <TestEntry testId="9a1708ae-f837-8f90-d32c-c602c615231d" executionId="0c0bc52b-6e81-4c46-a4a6-d6c93aa86aa6" testListId="8c84fa94-04c1-424b-9868-57a2d4851a1d" />
    <TestEntry testId="b4493abc-9402-6102-76d4-b6421abdf11f" executionId="2d570028-5121-49fb-9269-7658c8efd2cd" testListId="8c84fa94-04c1-424b-9868-57a2d4851a1d" />
    <TestEntry testId="0463d059-eaf9-2dfc-fe1c-96ed54377893" executionId="cc742bdb-b25c-4b18-8cb2-68c275d01bf6" testListId="8c84fa94-04c1-424b-9868-57a2d4851a1d" />
    <TestEntry testId="dea86541-47a1-67e3-9027-ef590430b242" executionId="902e05e7-8a88-4c7d-ab7a-493c9d0f8be5" testListId="8c84fa94-04c1-424b-9868-57a2d4851a1d" />
    <TestEntry testId="8116679a-1385-7dec-2cfc-de80d4644ebe" executionId="da90f0fa-7c0e-404f-9db5-c8ea16990e2b" testListId="8c84fa94-04c1-424b-9868-57a2d4851a1d" />
    <TestEntry testId="6cfa8128-1d3b-8280-30fd-6266744ca8c8" executionId="ee95d132-b924-45bb-9146-ae98bffd0fd2" testListId="8c84fa94-04c1-424b-9868-57a2d4851a1d" />
    <TestEntry testId="a4fa1211-839b-b128-8fa2-bc650f85f4da" executionId="ec8d2d1a-4a3b-47de-85cc-0e76cc0f3e7d" testListId="8c84fa94-04c1-424b-9868-57a2d4851a1d" />
    <TestEntry testId="4e1c4b3d-f4c1-c866-51e9-b239d1531aaf" executionId="58d6c50a-fec0-4a2f-8382-b18192da82dc" testListId="8c84fa94-04c1-424b-9868-57a2d4851a1d" />
    <TestEntry testId="ccfdd793-a236-3676-375a-399f81aea11b" executionId="67108dae-356e-456f-9fe3-aa749ace3572" testListId="8c84fa94-04c1-424b-9868-57a2d4851a1d" />
    <TestEntry testId="432debbb-7891-744e-6ad0-c88119e78bf9" executionId="8092a6d9-ea4e-4c86-8d24-0488f9b065d8" testListId="8c84fa94-04c1-424b-9868-57a2d4851a1d" />
    <TestEntry testId="51ce151e-545b-8bc3-34a9-cb76b0999ab6" executionId="b2b6c924-9250-4b92-b12e-6fb51697223b" testListId="8c84fa94-04c1-424b-9868-57a2d4851a1d" />
    <TestEntry testId="86af2605-ad50-3b2e-3ed9-5900a4915214" executionId="b5b54ad3-7aca-4c92-b579-8e5a17ec104b" testListId="8c84fa94-04c1-424b-9868-57a2d4851a1d" />
    <TestEntry testId="4a481a7b-b096-4b45-fb70-1b89a292bf05" executionId="36323509-243b-465b-a6f0-a4bd2f3810a3" testListId="8c84fa94-04c1-424b-9868-57a2d4851a1d" />
    <TestEntry testId="7cba5e7d-77d4-9489-5959-bb5f1dfd111c" executionId="5542e146-4072-4e3f-959d-9fba297c14a0" testListId="8c84fa94-04c1-424b-9868-57a2d4851a1d" />
    <TestEntry testId="d3971b88-c95a-ccae-173f-b8a251b6aed4" executionId="5fa8f711-b3df-4340-9d19-9952411dfac4" testListId="8c84fa94-04c1-424b-9868-57a2d4851a1d" />
    <TestEntry testId="d811f50d-5448-dded-0d43-133fd196268a" executionId="31dc67b4-5e46-4785-94b2-9772b9b0392d" testListId="8c84fa94-04c1-424b-9868-57a2d4851a1d" />
    <TestEntry testId="57086ece-c5ec-0298-49d3-4c7171b38604" executionId="3dc8eb4e-7089-4886-b203-9b9f014e7871" testListId="8c84fa94-04c1-424b-9868-57a2d4851a1d" />
    <TestEntry testId="9a8a7db4-bff1-00ce-a26f-afde98c5ed59" executionId="a5f5cd59-56b2-4b44-bcba-2a321f3b5017" testListId="8c84fa94-04c1-424b-9868-57a2d4851a1d" />
    <TestEntry testId="b3aa94bd-058f-dcc3-e555-98a769463262" executionId="b46bb6f5-4814-4df2-9501-5696106cf173" testListId="8c84fa94-04c1-424b-9868-57a2d4851a1d" />
    <TestEntry testId="3ae6ff48-fce1-a2b9-c0a7-253156076b84" executionId="a2c58826-429a-4717-aa4a-c6f5889b24a1" testListId="8c84fa94-04c1-424b-9868-57a2d4851a1d" />
    <TestEntry testId="52f276d9-f753-b409-bc48-bc36d2a455cb" executionId="42d5b6a3-cea1-4943-9b54-c724d4bd8188" testListId="8c84fa94-04c1-424b-9868-57a2d4851a1d" />
    <TestEntry testId="8550bcbc-6a25-480c-7196-120080b1f325" executionId="b27d4b41-7b71-4bae-9441-2aa19cbd410c" testListId="8c84fa94-04c1-424b-9868-57a2d4851a1d" />
    <TestEntry testId="ada0d990-bf19-2979-ac19-f69288f0b373" executionId="c7a2fb7f-460e-4d35-a1f7-1f49114bcc9b" testListId="8c84fa94-04c1-424b-9868-57a2d4851a1d" />
    <TestEntry testId="d5556391-3e14-ea54-edb2-908d5b097d5b" executionId="ed0b6e31-4cc2-42cd-a73b-52e1e9ddab46" testListId="8c84fa94-04c1-424b-9868-57a2d4851a1d" />
    <TestEntry testId="5fbe0d69-d94a-6f4a-ffd3-2faae51408c7" executionId="e9af19f6-2af1-42cc-a5ad-4998f6e2a6f9" testListId="8c84fa94-04c1-424b-9868-57a2d4851a1d" />
    <TestEntry testId="1f698a05-529f-0e53-b376-15637b69868e" executionId="c6ed924a-343e-48b0-891e-b87d0c224eff" testListId="8c84fa94-04c1-424b-9868-57a2d4851a1d" />
    <TestEntry testId="660e17c7-b163-10b3-51cd-c804422c0956" executionId="e3eb6e4c-8db4-4f82-a5e0-38e1e4b18962" testListId="8c84fa94-04c1-424b-9868-57a2d4851a1d" />
    <TestEntry testId="1d23db69-b3ec-105d-6b79-3270287a4327" executionId="c78e1480-4eff-432c-8669-e37bb249f448" testListId="8c84fa94-04c1-424b-9868-57a2d4851a1d" />
    <TestEntry testId="5bf03c58-6476-4eda-a5b2-9ac79c3fe109" executionId="9c78088c-deb9-49c5-9767-314d2f9e8e31" testListId="8c84fa94-04c1-424b-9868-57a2d4851a1d" />
    <TestEntry testId="ed1bf934-546a-affe-da50-91add822706b" executionId="dbd78415-c20c-4dae-9c93-affdb1d9b8de" testListId="8c84fa94-04c1-424b-9868-57a2d4851a1d" />
    <TestEntry testId="55e58468-57c4-ea54-a951-098fc793ee39" executionId="bdc60d5a-1f04-4510-b19f-9f2a0a1938a5" testListId="8c84fa94-04c1-424b-9868-57a2d4851a1d" />
    <TestEntry testId="60b8b2f7-31bf-1d0c-54b5-77528bf63eee" executionId="1c482603-b6e6-4fc1-a7b7-91e05a5f0bce" testListId="8c84fa94-04c1-424b-9868-57a2d4851a1d" />
    <TestEntry testId="c84eee12-0040-fb25-9265-b00e53c594e5" executionId="07cd171a-d6ff-4eb8-abaa-d9aaaa38fa5f" testListId="8c84fa94-04c1-424b-9868-57a2d4851a1d" />
    <TestEntry testId="784e77c8-c91c-30bc-80fe-7549998f79cc" executionId="5d4a97b7-9eb4-411e-bdd1-66a39b208beb" testListId="8c84fa94-04c1-424b-9868-57a2d4851a1d" />
    <TestEntry testId="84884695-1fda-9516-c265-a5d55e0fd64d" executionId="ebb4f441-0378-42ff-8ff4-d99a285ee5f3" testListId="8c84fa94-04c1-424b-9868-57a2d4851a1d" />
    <TestEntry testId="2f3c4789-5be0-25b5-eb21-f2a035522061" executionId="52c684a6-b129-4bca-9102-c8a055b30835" testListId="8c84fa94-04c1-424b-9868-57a2d4851a1d" />
    <TestEntry testId="f32dfad8-e70b-e0fc-2c9b-4e0e8b6d2822" executionId="b5d5f159-4fe5-4cb0-b32c-bf6ad46872fc" testListId="8c84fa94-04c1-424b-9868-57a2d4851a1d" />
    <TestEntry testId="cbf64e51-6576-50d6-4267-120838d86343" executionId="99997272-6eff-48c1-8c5c-c157c3fbf263" testListId="8c84fa94-04c1-424b-9868-57a2d4851a1d" />
    <TestEntry testId="e306fc38-199a-64dd-ddf7-942344f09ad5" executionId="4513cc06-784f-4b6b-8304-28e2036d8def" testListId="8c84fa94-04c1-424b-9868-57a2d4851a1d" />
    <TestEntry testId="19fe08c4-53a8-9940-cee7-991e098fe559" executionId="566130df-0558-4a89-b6da-e518cbea1ea1" testListId="8c84fa94-04c1-424b-9868-57a2d4851a1d" />
    <TestEntry testId="f75cfd19-d979-aaa4-6587-b071f5eb5243" executionId="694c2a38-65f7-4e7f-8fab-d95900b79b17" testListId="8c84fa94-04c1-424b-9868-57a2d4851a1d" />
    <TestEntry testId="1942dc15-dfcb-3790-cc24-66292ca89d8d" executionId="0899d798-9627-4320-bbcd-174337e8b3b4" testListId="8c84fa94-04c1-424b-9868-57a2d4851a1d" />
    <TestEntry testId="58b88055-de12-a0ba-7add-061dbee24322" executionId="630af070-5b4b-48df-a5fb-aa360da1a704" testListId="8c84fa94-04c1-424b-9868-57a2d4851a1d" />
    <TestEntry testId="989f4d67-5e7e-cf6e-2fd7-32062a16db75" executionId="d3a5c335-4c4e-463c-a6f3-01a3e8768670" testListId="8c84fa94-04c1-424b-9868-57a2d4851a1d" />
    <TestEntry testId="43a17133-2c7e-a5bd-f0f8-3641075006da" executionId="ec9b7e91-41d8-4b23-93d9-581fa55ed0da" testListId="8c84fa94-04c1-424b-9868-57a2d4851a1d" />
    <TestEntry testId="56942e60-3679-73a6-3404-cadf7229f611" executionId="eebdd483-d830-435f-bb12-f9152647d170" testListId="8c84fa94-04c1-424b-9868-57a2d4851a1d" />
    <TestEntry testId="2cec005b-fc62-abf6-3471-a3cafbdddd52" executionId="929c4b7a-b828-45f5-9f39-572e8e7d45dd" testListId="8c84fa94-04c1-424b-9868-57a2d4851a1d" />
    <TestEntry testId="fed19f8a-2a36-9304-8863-7d2157bbb52e" executionId="f60123d9-975b-48c3-aba9-57b52940a663" testListId="8c84fa94-04c1-424b-9868-57a2d4851a1d" />
    <TestEntry testId="0c7b2fd2-8b48-db79-5988-9d72354f73e1" executionId="617714c4-6821-4719-a917-effcde0c1b6b" testListId="8c84fa94-04c1-424b-9868-57a2d4851a1d" />
    <TestEntry testId="8a6ac2f4-81d7-a198-4ede-8286f3c1c548" executionId="c8bb4792-92f3-452e-b387-f199ff5370a4" testListId="8c84fa94-04c1-424b-9868-57a2d4851a1d" />
    <TestEntry testId="0df0539f-4daf-4901-0eea-892979bbc6ad" executionId="01ec2355-f379-4500-98a2-b7e705007f3d" testListId="8c84fa94-04c1-424b-9868-57a2d4851a1d" />
    <TestEntry testId="c6d14744-5110-ac21-1354-827560bc525b" executionId="5b75bc05-620a-4b28-9d53-64d044a90403" testListId="8c84fa94-04c1-424b-9868-57a2d4851a1d" />
    <TestEntry testId="25c0e1fc-0db6-ebd6-12dd-86c4d4d446ed" executionId="e40b1608-45b2-4e36-9228-87dc7ef25e5c" testListId="8c84fa94-04c1-424b-9868-57a2d4851a1d" />
    <TestEntry testId="7fc6826c-87db-5ff0-61d5-9f5afa16c335" executionId="da05ac7f-e543-4d84-8c1a-bc962d1350f5" testListId="8c84fa94-04c1-424b-9868-57a2d4851a1d" />
    <TestEntry testId="2dff8873-00f4-28a3-c516-856502cf3b22" executionId="4d2c96f1-705e-4d87-ab51-f8f7dfc82e31" testListId="8c84fa94-04c1-424b-9868-57a2d4851a1d" />
    <TestEntry testId="2ecfc8f7-1da9-03cf-aea8-8b08aefcadf3" executionId="c5d52f00-8fb2-4412-804d-77186e2d50c0" testListId="8c84fa94-04c1-424b-9868-57a2d4851a1d" />
    <TestEntry testId="b657245b-394b-0aab-a286-40822ee34434" executionId="7975d40e-e13f-4dbc-8d6c-9b15f423733c" testListId="8c84fa94-04c1-424b-9868-57a2d4851a1d" />
    <TestEntry testId="3f7d39dd-f323-74fc-8179-db3ff005b6ec" executionId="08957887-ea9e-401b-aee5-dea60105df3e" testListId="8c84fa94-04c1-424b-9868-57a2d4851a1d" />
    <TestEntry testId="6a2ff379-2bea-b8c6-342c-6f5af067de2b" executionId="5405281f-b453-447e-9bd6-bd3dfa321cd8" testListId="8c84fa94-04c1-424b-9868-57a2d4851a1d" />
    <TestEntry testId="3f9971cf-342d-bdff-0580-39d519ebcc3c" executionId="eecb7d27-1aa4-4d12-9098-addd6a84a87c" testListId="8c84fa94-04c1-424b-9868-57a2d4851a1d" />
    <TestEntry testId="24d246a1-d992-e6f0-a37e-a3955455c9c0" executionId="f3dc275b-84ef-4c50-b39b-2e3a9cc3f684" testListId="8c84fa94-04c1-424b-9868-57a2d4851a1d" />
    <TestEntry testId="2b37da15-ac11-46e9-aafa-8893f585e1bf" executionId="4b0ee47a-6865-4e79-89a8-4c63a209c372" testListId="8c84fa94-04c1-424b-9868-57a2d4851a1d" />
    <TestEntry testId="15e47ca3-a331-c582-4361-ca5f4ecb461d" executionId="0677c762-8dd0-4cec-8d1b-31105dedbc4b" testListId="8c84fa94-04c1-424b-9868-57a2d4851a1d" />
    <TestEntry testId="2670f73b-2dda-084b-dcd1-89aea42bbe01" executionId="0575c4c7-434d-4c99-bb28-a18abd8afc3d" testListId="8c84fa94-04c1-424b-9868-57a2d4851a1d" />
    <TestEntry testId="9409b05b-2514-07c8-2b83-2171d216f20b" executionId="4d9cc47b-0ca7-475b-8e92-e26e06a273f5" testListId="8c84fa94-04c1-424b-9868-57a2d4851a1d" />
    <TestEntry testId="4b690a65-beb8-471a-f8d9-657bd7614320" executionId="b4bc7944-d940-4813-873b-0d2927aba263" testListId="8c84fa94-04c1-424b-9868-57a2d4851a1d" />
    <TestEntry testId="978452c9-daa6-d609-022c-8e5c662c69fd" executionId="48fbf8c0-ebde-43df-99a2-39bd6157088c" testListId="8c84fa94-04c1-424b-9868-57a2d4851a1d" />
    <TestEntry testId="5a06eda4-599b-e0f3-5795-af2b45f366b7" executionId="f43ae06c-10d6-41fa-8439-3d4b14473311" testListId="8c84fa94-04c1-424b-9868-57a2d4851a1d" />
    <TestEntry testId="074e1679-bb24-6f74-1b0a-7264154e581e" executionId="0b661b84-8c18-4440-8f1f-b753fbf6f4dc" testListId="8c84fa94-04c1-424b-9868-57a2d4851a1d" />
    <TestEntry testId="43c92586-8281-f999-8a95-9ce6e6eceff3" executionId="d56d0f83-7a3f-4c78-a5e9-913820ce53b0" testListId="8c84fa94-04c1-424b-9868-57a2d4851a1d" />
    <TestEntry testId="61d86235-6602-a862-dabb-f652afca4d75" executionId="604a0157-0ee9-4d4b-a85e-e10686ea6658" testListId="8c84fa94-04c1-424b-9868-57a2d4851a1d" />
    <TestEntry testId="d8957df7-44d0-2bcf-4a49-340744d2af36" executionId="7c8206e6-c6cd-4b53-bab7-0a6c1245ccb3" testListId="8c84fa94-04c1-424b-9868-57a2d4851a1d" />
    <TestEntry testId="8aa507ca-7515-86e1-d354-cbe491f642e8" executionId="f64e24f8-72f6-4b74-8401-050ea572cfb7" testListId="8c84fa94-04c1-424b-9868-57a2d4851a1d" />
    <TestEntry testId="750786cc-a398-416c-cb6b-2f5b0523943d" executionId="28c609da-2680-46b2-8ce2-3380291c50bb" testListId="8c84fa94-04c1-424b-9868-57a2d4851a1d" />
    <TestEntry testId="200f387c-18e6-97b6-ef6c-78806d6bd886" executionId="591f83b3-c410-4744-8ae6-70a719c80715" testListId="8c84fa94-04c1-424b-9868-57a2d4851a1d" />
    <TestEntry testId="c527a895-c38a-06f4-d0f7-7740f1d38d2f" executionId="fb9bf741-efc5-4218-b369-902d7b1a23fe" testListId="8c84fa94-04c1-424b-9868-57a2d4851a1d" />
    <TestEntry testId="fd656e93-dce1-cd2c-5ac9-6f5c6e218c22" executionId="8ace9990-3342-46ea-81a6-fff9406d0565" testListId="8c84fa94-04c1-424b-9868-57a2d4851a1d" />
    <TestEntry testId="134ef685-0035-25dc-f71f-0041959162b7" executionId="cf2a78cd-cc24-404f-be2c-a87777446ee1" testListId="8c84fa94-04c1-424b-9868-57a2d4851a1d" />
    <TestEntry testId="e10183cc-2360-6fff-8812-a8606b8b9a94" executionId="0465cd9a-6937-419b-a87e-3cde95b3aae7" testListId="8c84fa94-04c1-424b-9868-57a2d4851a1d" />
    <TestEntry testId="d831c378-ca09-e46d-7e6f-c07230cf9cb7" executionId="4299c7f5-9de3-4d83-88cc-3a8fdc301e52" testListId="8c84fa94-04c1-424b-9868-57a2d4851a1d" />
    <TestEntry testId="87c35dc4-1dec-41d8-5129-a1212e925b71" executionId="347c670f-00c1-458d-b271-12ad6ae5c50e" testListId="8c84fa94-04c1-424b-9868-57a2d4851a1d" />
    <TestEntry testId="f35ba837-efe1-7ec1-1386-e691929b7f10" executionId="2e17e123-71cc-45b2-8073-9b3bc23ae17b" testListId="8c84fa94-04c1-424b-9868-57a2d4851a1d" />
    <TestEntry testId="4449e191-70b4-e000-84a6-94e96fdd564e" executionId="f6416830-2ebd-4f33-a13c-0ff2a2bcb663" testListId="8c84fa94-04c1-424b-9868-57a2d4851a1d" />
    <TestEntry testId="95f37e0d-4421-eb92-84f4-747fa8803b39" executionId="6e9c03a3-7022-4ee0-991b-d11f1a358a39" testListId="8c84fa94-04c1-424b-9868-57a2d4851a1d" />
    <TestEntry testId="7e4b0130-3a47-bdd6-28f2-3c764416fcdd" executionId="3240e620-b25b-4373-8071-e54a5cd39c97" testListId="8c84fa94-04c1-424b-9868-57a2d4851a1d" />
    <TestEntry testId="fe4f30bc-1fdf-6114-5b9c-983da7a4cd3b" executionId="47e3c8d6-8cfb-4546-bbac-34dec238b1a7" testListId="8c84fa94-04c1-424b-9868-57a2d4851a1d" />
    <TestEntry testId="879645bc-7ba2-6487-189b-4a1984172c5b" executionId="c94e3952-131c-402e-9145-e27dfde7fc8a" testListId="8c84fa94-04c1-424b-9868-57a2d4851a1d" />
    <TestEntry testId="c2c97375-6246-5409-a138-e7645e42665c" executionId="b7836f4d-3543-4f23-8ea3-19253fc46371" testListId="8c84fa94-04c1-424b-9868-57a2d4851a1d" />
    <TestEntry testId="bfd7deee-8d8a-49cb-439a-536734f1e2b2" executionId="8313c1c6-a5b3-4dde-a6bc-1c0a8797e0b0" testListId="8c84fa94-04c1-424b-9868-57a2d4851a1d" />
    <TestEntry testId="ba4e580a-84f0-9053-49d9-1cd64ca7177c" executionId="4d820f93-6eb5-4e44-a0d3-aeffad623d41" testListId="8c84fa94-04c1-424b-9868-57a2d4851a1d" />
    <TestEntry testId="6d6df8c4-026d-d6b4-a18d-53a88f110858" executionId="805b2375-977d-4d39-b790-f38a3b29774f" testListId="8c84fa94-04c1-424b-9868-57a2d4851a1d" />
    <TestEntry testId="8d4113a8-c995-6e6e-f85e-33d277ba5ae2" executionId="4939b2a9-1d21-4a89-8b37-0e507f54eee7" testListId="8c84fa94-04c1-424b-9868-57a2d4851a1d" />
    <TestEntry testId="b394acf1-eba7-4720-facf-d76aee72517f" executionId="2932cc65-27c5-4f40-ae02-e149c563bc50" testListId="8c84fa94-04c1-424b-9868-57a2d4851a1d" />
    <TestEntry testId="f0940c99-0c6a-0c0e-3491-b1b7a569c823" executionId="405bd667-9cdd-4c71-9293-fd1ee68a4c0d" testListId="8c84fa94-04c1-424b-9868-57a2d4851a1d" />
    <TestEntry testId="7654d653-b2e8-2a33-6fe0-b9e2fb1fee0e" executionId="42dde540-e533-4155-af58-a5ef782388e6" testListId="8c84fa94-04c1-424b-9868-57a2d4851a1d" />
    <TestEntry testId="0c7ef904-cfe7-9cf8-72d5-ccec5e30c41d" executionId="24407008-8f90-4edc-a945-9f57664aece4" testListId="8c84fa94-04c1-424b-9868-57a2d4851a1d" />
    <TestEntry testId="f7c00f1c-dce6-4692-1330-b06238af2fde" executionId="e3dc6303-23ea-4010-a5d1-570ff1ff22b7" testListId="8c84fa94-04c1-424b-9868-57a2d4851a1d" />
    <TestEntry testId="68ef7666-6082-b0c0-c4a5-34ac3dd8a4bf" executionId="62394d2f-c1bd-4751-ab50-fb724b5f85e2" testListId="8c84fa94-04c1-424b-9868-57a2d4851a1d" />
    <TestEntry testId="dac9cf96-2207-6437-725b-7305466a449b" executionId="667f9a1f-754d-4230-95f8-189e17602f14" testListId="8c84fa94-04c1-424b-9868-57a2d4851a1d" />
    <TestEntry testId="eab1eb37-593d-4815-e3d4-550d56424bbd" executionId="7a2ba18f-77ff-42e8-8193-18c172c9bb50" testListId="8c84fa94-04c1-424b-9868-57a2d4851a1d" />
    <TestEntry testId="fce2a897-5391-c680-2ec1-eccdd47b8b22" executionId="1e8ccb58-8869-4b8f-bf52-44452efa065e" testListId="8c84fa94-04c1-424b-9868-57a2d4851a1d" />
    <TestEntry testId="2144b94f-1882-297c-7cb6-058dca001fe7" executionId="7f9865a2-d880-4a45-8f28-957b94fb40dd" testListId="8c84fa94-04c1-424b-9868-57a2d4851a1d" />
    <TestEntry testId="5a1f778d-9eaf-3b6c-d647-c4ac0ef32928" executionId="5ec04f35-45c0-4b19-9530-5961bd41dce1" testListId="8c84fa94-04c1-424b-9868-57a2d4851a1d" />
    <TestEntry testId="65a34207-9861-c25d-baf5-138e5797b103" executionId="48080218-550b-47b4-9c40-18e3ce3f1a98" testListId="8c84fa94-04c1-424b-9868-57a2d4851a1d" />
    <TestEntry testId="7a596ad5-bb27-16dd-af50-897d939e5f05" executionId="ff896209-90e8-4559-95f5-8073d4267c2a" testListId="8c84fa94-04c1-424b-9868-57a2d4851a1d" />
    <TestEntry testId="ea2d73f3-a9d0-7384-d8f2-f33a4cf80de9" executionId="24cceb44-7eba-4a8e-9ef8-3b8129374819" testListId="8c84fa94-04c1-424b-9868-57a2d4851a1d" />
    <TestEntry testId="6747aa99-e76b-04cc-159a-1c7e34e38eb1" executionId="03f6ae50-4e14-4251-95ce-6b91369c2e1d" testListId="8c84fa94-04c1-424b-9868-57a2d4851a1d" />
    <TestEntry testId="99d16e8a-e6b9-9a08-7ee8-72896d051bf8" executionId="8e9ee258-9358-4e4f-8698-24872a83667b" testListId="8c84fa94-04c1-424b-9868-57a2d4851a1d" />
    <TestEntry testId="a35c942d-6895-a795-6eca-0a93ecbe39ce" executionId="7541d269-7af5-45e0-bde3-1b0d9fab8442" testListId="8c84fa94-04c1-424b-9868-57a2d4851a1d" />
    <TestEntry testId="a5c9b3e0-5a9d-e34f-5e7a-81a74220a989" executionId="518eca5a-5388-4e93-960f-b7ddec08cdf4" testListId="8c84fa94-04c1-424b-9868-57a2d4851a1d" />
    <TestEntry testId="09199f50-edc9-3829-f4fa-397ae8153249" executionId="2b042c96-7af9-47c9-8f2c-71a2ec78f579" testListId="8c84fa94-04c1-424b-9868-57a2d4851a1d" />
    <TestEntry testId="dc3a70da-f04f-7f1e-e69e-616f266eb569" executionId="20454114-bfb9-4a00-bfc7-b946f0c49999" testListId="8c84fa94-04c1-424b-9868-57a2d4851a1d" />
    <TestEntry testId="12cada9a-8630-cfe1-1b0a-b85143964cd4" executionId="8ec0cbc1-6305-4282-8ec3-0305e2e16a87" testListId="8c84fa94-04c1-424b-9868-57a2d4851a1d" />
    <TestEntry testId="a29875b6-465a-5ba8-9083-a44c6c1d15e3" executionId="942b70b8-6995-45f1-946e-d432e89c5e6a" testListId="8c84fa94-04c1-424b-9868-57a2d4851a1d" />
    <TestEntry testId="506498db-f38a-3595-db9e-8fd38f07948e" executionId="bea03d42-f1c4-4b75-929b-ef1fa185fec3" testListId="8c84fa94-04c1-424b-9868-57a2d4851a1d" />
    <TestEntry testId="ccf30ecf-f5ae-1cef-1296-79e6c99f1c0e" executionId="01b47831-4be1-4d08-95a9-ad1e6d8b9d2b" testListId="8c84fa94-04c1-424b-9868-57a2d4851a1d" />
    <TestEntry testId="a281c1cf-4cbd-83fd-4875-29e6304184ce" executionId="a5986a3a-5ede-443e-be8b-9ea1a5b64907" testListId="8c84fa94-04c1-424b-9868-57a2d4851a1d" />
    <TestEntry testId="3b4cf534-b501-3aeb-a08b-237bd2afc4a1" executionId="4e4a708b-628b-4683-9975-7d213df6f4dd" testListId="8c84fa94-04c1-424b-9868-57a2d4851a1d" />
    <TestEntry testId="fbe6f14a-920d-212b-2c0d-2fe400560540" executionId="2b4f90f2-6c90-4dac-b949-bfcf5042113d" testListId="8c84fa94-04c1-424b-9868-57a2d4851a1d" />
    <TestEntry testId="12cd2caf-a4f5-514c-d102-b8f1d0673990" executionId="dfb4cfe1-e1c1-4f39-92b4-66951bcc7284" testListId="8c84fa94-04c1-424b-9868-57a2d4851a1d" />
    <TestEntry testId="33784fe3-713b-7ad4-4cf2-31baa1dca2e1" executionId="3ea3cfab-c48d-4419-95f4-484f3fc873b0" testListId="8c84fa94-04c1-424b-9868-57a2d4851a1d" />
    <TestEntry testId="f4a374c3-e0ad-712b-b4bf-3aff2797104a" executionId="8ad00031-3b23-4702-8e81-b18ab0b93b5e" testListId="8c84fa94-04c1-424b-9868-57a2d4851a1d" />
    <TestEntry testId="a0145b80-6789-862a-415b-6104d0c075a0" executionId="731b533e-8fcc-498b-a345-3f4c5245dabd" testListId="8c84fa94-04c1-424b-9868-57a2d4851a1d" />
    <TestEntry testId="9b757f88-a3c7-150e-d2d4-f6a632127186" executionId="755dba6f-b95c-415d-9e46-398e3d895f71" testListId="8c84fa94-04c1-424b-9868-57a2d4851a1d" />
    <TestEntry testId="4687fcac-499b-9866-4bc9-bb6b4b792979" executionId="7a918888-6e64-4f2e-b1c3-bd042dae5583" testListId="8c84fa94-04c1-424b-9868-57a2d4851a1d" />
    <TestEntry testId="f027542b-7237-5cf5-165d-6233bb3872c5" executionId="bcad3065-bc62-4c73-98f1-c258ceb36542" testListId="8c84fa94-04c1-424b-9868-57a2d4851a1d" />
    <TestEntry testId="e6196d6f-df08-6059-bad4-cec736d80078" executionId="146b8260-9f62-4796-a856-1b8036f450dc" testListId="8c84fa94-04c1-424b-9868-57a2d4851a1d" />
    <TestEntry testId="bd2143a5-6659-cd71-7e42-8c05bb631335" executionId="0886e225-7e85-4e3c-b8aa-550a17c9b386" testListId="8c84fa94-04c1-424b-9868-57a2d4851a1d" />
    <TestEntry testId="76b0051c-d669-07e5-e3f7-8259ed5aba13" executionId="ad60f2a8-4549-4c1f-aab6-6e813b171121" testListId="8c84fa94-04c1-424b-9868-57a2d4851a1d" />
    <TestEntry testId="733bba28-25fb-6fce-b007-e45f68595c31" executionId="7dce1e92-d976-477f-a336-10450d204c51" testListId="8c84fa94-04c1-424b-9868-57a2d4851a1d" />
    <TestEntry testId="09c11b88-830b-92b1-439a-8f7be73623ef" executionId="fd97f2f6-8b12-482a-9955-d2f80cc17a46" testListId="8c84fa94-04c1-424b-9868-57a2d4851a1d" />
    <TestEntry testId="d2ea0520-f253-3dec-c890-60a5f8aea28d" executionId="d2b05fbf-fcf0-4b99-9434-c191cd239270" testListId="8c84fa94-04c1-424b-9868-57a2d4851a1d" />
    <TestEntry testId="70353261-d671-838d-c783-4f34d69baa4b" executionId="4fcde4da-e555-4202-b35c-b55ec057600b" testListId="8c84fa94-04c1-424b-9868-57a2d4851a1d" />
    <TestEntry testId="77a26110-9ad0-fe47-cc4e-5b334878955d" executionId="2219c95f-0e75-410c-95d9-a7ffc7f86b17" testListId="8c84fa94-04c1-424b-9868-57a2d4851a1d" />
    <TestEntry testId="0119a4b7-c187-9828-e5a7-c1167f73bb3d" executionId="48f49320-6573-4027-b6fb-1a25e443a141" testListId="8c84fa94-04c1-424b-9868-57a2d4851a1d" />
    <TestEntry testId="affd5ea3-914c-9d42-3ab9-63fa69ffb17f" executionId="8ffda7f5-f48a-4497-8a79-04238e338cd9" testListId="8c84fa94-04c1-424b-9868-57a2d4851a1d" />
    <TestEntry testId="99810a87-796c-4865-d728-3fe7ca04a062" executionId="81b43531-4873-4ef1-b498-0f4ae1bfe198" testListId="8c84fa94-04c1-424b-9868-57a2d4851a1d" />
    <TestEntry testId="402aee7d-0b84-e21f-0c90-838bca626563" executionId="fb926204-858d-45fe-b1ec-fae217e2f76f" testListId="8c84fa94-04c1-424b-9868-57a2d4851a1d" />
    <TestEntry testId="cf0a29fe-1cc3-8d11-3f49-4cd9fbcd6ec4" executionId="dc819ae7-dc20-4a16-9020-9375b2d7d317" testListId="8c84fa94-04c1-424b-9868-57a2d4851a1d" />
    <TestEntry testId="68809a73-9e02-b8d1-f87e-3e077b1cf1ba" executionId="204a0bde-4e34-4567-a4b6-de8a29634be9" testListId="8c84fa94-04c1-424b-9868-57a2d4851a1d" />
    <TestEntry testId="8fbca525-7327-91f7-9b94-6e321e0776bf" executionId="650119b3-6890-42c3-9645-650c3074144e" testListId="8c84fa94-04c1-424b-9868-57a2d4851a1d" />
    <TestEntry testId="8b0d2482-3a7f-1fdf-a586-a0235ce9594d" executionId="0ff207ee-0341-47ee-86db-7c9fb6722080" testListId="8c84fa94-04c1-424b-9868-57a2d4851a1d" />
    <TestEntry testId="845c1c63-7893-cef3-546d-34d2f8566810" executionId="3c6e1580-582e-4e08-9aba-5d5e2f8bad16" testListId="8c84fa94-04c1-424b-9868-57a2d4851a1d" />
    <TestEntry testId="44559b3b-4bc0-9b19-46d5-68aa01a0837e" executionId="cbb6a4fd-a6b8-4573-a5ee-d0b16be94b03" testListId="8c84fa94-04c1-424b-9868-57a2d4851a1d" />
    <TestEntry testId="26390b3c-43c2-37b6-9c12-64b96cae7b7f" executionId="13374000-fcfa-42d9-ab8c-329d013a8383" testListId="8c84fa94-04c1-424b-9868-57a2d4851a1d" />
    <TestEntry testId="c5649bfd-fc53-3ed1-3b23-78de6ed87ccd" executionId="a66838d5-ffa0-4f65-92c9-df31f23db377" testListId="8c84fa94-04c1-424b-9868-57a2d4851a1d" />
    <TestEntry testId="7f2360c8-7445-efe2-6251-3fd1831acb36" executionId="bc7da22d-5b2b-4cf5-9ae3-dbab1263b827" testListId="8c84fa94-04c1-424b-9868-57a2d4851a1d" />
    <TestEntry testId="7be7807c-2f99-b2de-4e29-00a5159a25bb" executionId="19448b51-18aa-40c5-8b7f-da2336d29f9b" testListId="8c84fa94-04c1-424b-9868-57a2d4851a1d" />
    <TestEntry testId="8f1def5e-a4a4-e376-87a5-e4d5d786fa42" executionId="b1463762-d46e-473f-a1cc-5ea3118a3d00" testListId="8c84fa94-04c1-424b-9868-57a2d4851a1d" />
    <TestEntry testId="a95724a9-66dc-660f-177c-b4bf1c1070b3" executionId="099abd57-5d03-4bbc-a33a-d7023a10941a" testListId="8c84fa94-04c1-424b-9868-57a2d4851a1d" />
    <TestEntry testId="f9522e77-b6e5-3bb0-d676-365ce0f42f8d" executionId="ef260b9f-4098-4826-a56d-21a20c02098c" testListId="8c84fa94-04c1-424b-9868-57a2d4851a1d" />
    <TestEntry testId="2d5ec2c3-5499-68a2-548e-21a937a4df8e" executionId="bc6b5caa-fd1c-46f5-af4c-513965cc3141" testListId="8c84fa94-04c1-424b-9868-57a2d4851a1d" />
    <TestEntry testId="a013e890-d611-1854-7b6c-ec3e16af280d" executionId="338c2b55-db0b-4572-bb15-2a13fa393329" testListId="8c84fa94-04c1-424b-9868-57a2d4851a1d" />
    <TestEntry testId="66d7339d-8b14-305d-ad84-b3435c7ed48d" executionId="ecd66f73-bce1-44a7-8433-bfdbb77ab40e" testListId="8c84fa94-04c1-424b-9868-57a2d4851a1d" />
    <TestEntry testId="07b45e08-8c5a-283f-969c-3361e8993ef7" executionId="6be2a599-a8c4-4458-a4e0-4402765e0f2d" testListId="8c84fa94-04c1-424b-9868-57a2d4851a1d" />
    <TestEntry testId="71b10931-73cb-2cce-6429-44087b3adb4f" executionId="f791bc24-0a07-45bb-a95a-38b5f61eb5cd" testListId="8c84fa94-04c1-424b-9868-57a2d4851a1d" />
    <TestEntry testId="a9b63f00-74b0-6165-6ced-062d282317b1" executionId="27a0daee-a78a-43dc-b7a4-e50085a6bfe6" testListId="8c84fa94-04c1-424b-9868-57a2d4851a1d" />
    <TestEntry testId="98d02439-5e15-64fc-4bb1-49fcc6e0af98" executionId="2b54e492-377d-46a9-a18a-c7e65dabd0f5" testListId="8c84fa94-04c1-424b-9868-57a2d4851a1d" />
    <TestEntry testId="20f99fd0-80df-b89a-accb-7db6e1941309" executionId="8707dc80-6635-48ef-8637-64d260424c98" testListId="8c84fa94-04c1-424b-9868-57a2d4851a1d" />
    <TestEntry testId="17b9ab62-6c99-d8aa-87e7-0359b7a7ab2f" executionId="cab597a5-8c37-410b-97fd-f0408f475334" testListId="8c84fa94-04c1-424b-9868-57a2d4851a1d" />
    <TestEntry testId="95153146-13fc-bc7b-d4b8-86fb2027dcc5" executionId="adaafe14-aa99-473b-a9b7-cf8a3d058fec" testListId="8c84fa94-04c1-424b-9868-57a2d4851a1d" />
    <TestEntry testId="6ecd4de5-98bf-2ca7-84f3-ebefb56f34f6" executionId="67ff1a75-1210-4ae3-bde6-3855b03855bc" testListId="8c84fa94-04c1-424b-9868-57a2d4851a1d" />
    <TestEntry testId="e56bb4a4-9587-cb5a-f7c4-a670d502fb30" executionId="6c2f55bd-09b0-4a6a-8a3f-070335d923df" testListId="8c84fa94-04c1-424b-9868-57a2d4851a1d" />
    <TestEntry testId="a8af649b-dae1-93dd-70d1-60e4281350a7" executionId="7a005a2e-0416-4dde-9bc8-900b03a9c79a" testListId="8c84fa94-04c1-424b-9868-57a2d4851a1d" />
    <TestEntry testId="013a628f-7e21-59fd-c66b-009020f9ad7b" executionId="fa538ea2-dafd-41f8-8922-b09d8612974a" testListId="8c84fa94-04c1-424b-9868-57a2d4851a1d" />
    <TestEntry testId="5a90f0f2-c399-875e-ca3c-232b187e6a5e" executionId="1b048016-93ce-4636-8911-c2b2b5ed80c5" testListId="8c84fa94-04c1-424b-9868-57a2d4851a1d" />
    <TestEntry testId="b6bb762a-9e5c-d2b4-5406-c312443d0acf" executionId="098d8566-c464-47d9-bddd-756cbf20bd7b" testListId="8c84fa94-04c1-424b-9868-57a2d4851a1d" />
    <TestEntry testId="f87b10d3-ed81-9fac-667c-024663b5cc14" executionId="754c213b-e7d3-4089-8d54-6c12054324a0" testListId="8c84fa94-04c1-424b-9868-57a2d4851a1d" />
    <TestEntry testId="dd567046-f7ca-abce-7baa-87b24b3619d3" executionId="da74d847-6a6f-41df-8d29-69c1d00c2caf" testListId="8c84fa94-04c1-424b-9868-57a2d4851a1d" />
    <TestEntry testId="32d8d35d-18bd-1759-e4a1-a2f559756a8e" executionId="523385ec-b164-4949-9b58-dc4da3c41e55" testListId="8c84fa94-04c1-424b-9868-57a2d4851a1d" />
    <TestEntry testId="b977fc41-b4ac-565d-05eb-df8931454140" executionId="c4f8f7af-d7e7-4a0b-b299-1e4433e89c0c" testListId="8c84fa94-04c1-424b-9868-57a2d4851a1d" />
    <TestEntry testId="ffeeef0e-b0a6-42bd-7a58-730f2d9a6641" executionId="d9110e1e-4a30-4ecf-86b8-bc81b23aa53f" testListId="8c84fa94-04c1-424b-9868-57a2d4851a1d" />
    <TestEntry testId="557323f1-762d-0e65-0c5b-d25e4cb24afe" executionId="120b39f6-fe65-4b2d-aa75-cf142069a182" testListId="8c84fa94-04c1-424b-9868-57a2d4851a1d" />
    <TestEntry testId="7dd4e8cf-0a76-6298-5dcf-6dc6b430bae5" executionId="3659b113-99a3-4f17-bda7-80ef97fcb972" testListId="8c84fa94-04c1-424b-9868-57a2d4851a1d" />
    <TestEntry testId="20c00590-2c53-2695-c3ac-b8e886cab6fe" executionId="5b25174f-aca9-4087-afdb-8fd99f7df783" testListId="8c84fa94-04c1-424b-9868-57a2d4851a1d" />
    <TestEntry testId="37a64d9d-0a25-9518-8a0e-a42d1be2ee81" executionId="d21c6521-1d3a-46a2-bd9d-e79c5ad15307" testListId="8c84fa94-04c1-424b-9868-57a2d4851a1d" />
    <TestEntry testId="e0f64ae1-ad3b-ab3a-fa7b-d557e5e7ef5e" executionId="d4efb1eb-4f4d-4aa1-baab-5088c6ae1a03" testListId="8c84fa94-04c1-424b-9868-57a2d4851a1d" />
    <TestEntry testId="d120661f-8632-a32a-1ff6-69f4690aaab5" executionId="ff34de9f-701f-459f-988b-8d43b75ca02e" testListId="8c84fa94-04c1-424b-9868-57a2d4851a1d" />
    <TestEntry testId="88493128-5ef8-cf85-9a6c-011ea0ea7c0c" executionId="04791fe8-dfb4-433d-8ae8-84515b2b71e0" testListId="8c84fa94-04c1-424b-9868-57a2d4851a1d" />
    <TestEntry testId="11bbc7aa-4d0a-2a54-64b8-d3063aafb9fc" executionId="e98f0cdb-e730-4133-9071-4f5677ecaf5d" testListId="8c84fa94-04c1-424b-9868-57a2d4851a1d" />
    <TestEntry testId="771eb33e-93e6-e91b-ad0b-f89d4502a877" executionId="930c72cb-42aa-46c3-b379-468d30451725" testListId="8c84fa94-04c1-424b-9868-57a2d4851a1d" />
    <TestEntry testId="d2ac934c-06ca-163d-72aa-0d3d38b9ca1c" executionId="fc452ddb-5d8c-43b5-bd54-4f1ddf278c15" testListId="8c84fa94-04c1-424b-9868-57a2d4851a1d" />
    <TestEntry testId="c9f26089-c5aa-618d-de33-937b4286e297" executionId="ef1db70a-bf37-40f3-86c5-e3df99dca9e1" testListId="8c84fa94-04c1-424b-9868-57a2d4851a1d" />
    <TestEntry testId="2a56e323-0d48-7dfa-4535-c7b28c438a56" executionId="39c5867a-c3df-4f30-9566-ee069f19f4f0" testListId="8c84fa94-04c1-424b-9868-57a2d4851a1d" />
    <TestEntry testId="2e62a879-e945-d295-45fa-228a82f129b0" executionId="0219b062-4dfc-4209-ac47-bed5e8ba7f20" testListId="8c84fa94-04c1-424b-9868-57a2d4851a1d" />
    <TestEntry testId="2cd9f07f-f4db-3ea8-64da-80736ac176c2" executionId="ded2b792-af4c-4c49-80bb-b3d8da6cf46f" testListId="8c84fa94-04c1-424b-9868-57a2d4851a1d" />
    <TestEntry testId="b9b5239b-a424-222a-2818-8093138975ee" executionId="63eeaf8d-218f-4b9d-a4bf-e7d2246dc2e9" testListId="8c84fa94-04c1-424b-9868-57a2d4851a1d" />
    <TestEntry testId="64c450da-7a60-5814-dbb9-6e570bc6322b" executionId="35333d73-f669-437a-9de4-64dbc18a75f7" testListId="8c84fa94-04c1-424b-9868-57a2d4851a1d" />
    <TestEntry testId="bd8000e8-4bb7-b34f-3322-24db8b37164f" executionId="5b2bdda7-f143-4b2d-bd70-efc698e57cb7" testListId="8c84fa94-04c1-424b-9868-57a2d4851a1d" />
    <TestEntry testId="2dc06b81-e052-35de-7b78-2a9d11dfefbb" executionId="fcbbbfa6-a969-4fa5-9463-2fc5608d095f" testListId="8c84fa94-04c1-424b-9868-57a2d4851a1d" />
    <TestEntry testId="ceb169ae-ff5e-3170-d718-f3779c98f5b6" executionId="df3431ef-cf12-4c3c-a360-f19238b115de" testListId="8c84fa94-04c1-424b-9868-57a2d4851a1d" />
    <TestEntry testId="a7515f3f-1a35-4f95-d426-065ba5f9b6df" executionId="9bd6920c-7222-4214-b18f-3f8f578cbc98" testListId="8c84fa94-04c1-424b-9868-57a2d4851a1d" />
    <TestEntry testId="6ff453f5-1223-2d25-c8b6-4211230bf1c6" executionId="af3aa90f-df45-471f-86d6-4c6aa15a7d12" testListId="8c84fa94-04c1-424b-9868-57a2d4851a1d" />
    <TestEntry testId="7911c7be-cac8-9e71-b1dc-c18364dc6806" executionId="a448ca7c-20c8-46d5-8e7e-8a2ff44d6e1b" testListId="8c84fa94-04c1-424b-9868-57a2d4851a1d" />
    <TestEntry testId="bd8b30b1-af16-1667-db26-45b27d69c724" executionId="e2923ea5-9117-4721-954c-14c2d2236e25" testListId="8c84fa94-04c1-424b-9868-57a2d4851a1d" />
    <TestEntry testId="93a4a2bf-3314-dade-c7e2-a2485760c42e" executionId="d9284fb8-8c66-4b0e-b339-77274cd582bc" testListId="8c84fa94-04c1-424b-9868-57a2d4851a1d" />
    <TestEntry testId="4ba3ab96-e51c-cd90-a8c2-02068c2cfb09" executionId="c14a2a0c-0c59-41c4-ad61-218536abed17" testListId="8c84fa94-04c1-424b-9868-57a2d4851a1d" />
    <TestEntry testId="cbede509-b876-03b4-7ce0-37197aa8b8a6" executionId="18e1ce67-8235-48bd-9821-adaa67efd161" testListId="8c84fa94-04c1-424b-9868-57a2d4851a1d" />
    <TestEntry testId="74aa3629-e93c-366a-f4e2-ed6f6a0ac263" executionId="00f2669c-272d-42d3-97c0-70f04e15e2ad" testListId="8c84fa94-04c1-424b-9868-57a2d4851a1d" />
    <TestEntry testId="cdb4cd80-1a91-4813-980e-a6df9d6b35ec" executionId="9c341367-6283-44c1-962a-b1e32c5abf4a" testListId="8c84fa94-04c1-424b-9868-57a2d4851a1d" />
    <TestEntry testId="8b66b4bc-d29b-efab-55bb-0efde9cba347" executionId="a9020aaf-4d4a-4882-b634-d1af806e41c3" testListId="8c84fa94-04c1-424b-9868-57a2d4851a1d" />
    <TestEntry testId="0063f140-7fc6-5989-a3c8-6453b7cc00a2" executionId="6f4785e6-36ac-4817-8d3f-173ee95d617e" testListId="8c84fa94-04c1-424b-9868-57a2d4851a1d" />
    <TestEntry testId="f485866e-6a88-dc9e-621c-61b0d8655cb6" executionId="24da4d75-6078-4a85-9470-490fae4df800" testListId="8c84fa94-04c1-424b-9868-57a2d4851a1d" />
    <TestEntry testId="ddd23482-1d5d-6a64-fe3a-0b7d652ee8c5" executionId="8503f954-8c6f-41b0-864a-cf8ae2dde334" testListId="8c84fa94-04c1-424b-9868-57a2d4851a1d" />
    <TestEntry testId="fbfb4c6b-296d-71e8-ed22-bf18fd31fa79" executionId="f574d531-b2f7-4d74-8847-68a4c1663969" testListId="8c84fa94-04c1-424b-9868-57a2d4851a1d" />
    <TestEntry testId="eec9d880-70b9-21fb-51bc-d7aaa04ec93c" executionId="18e0fb02-d188-4181-b959-de998d7c5c3f" testListId="8c84fa94-04c1-424b-9868-57a2d4851a1d" />
    <TestEntry testId="22668868-cc5e-c587-36dd-f0bf4a7c2632" executionId="257a51cd-a1e8-4c2c-b19f-7ddd44bbd089" testListId="8c84fa94-04c1-424b-9868-57a2d4851a1d" />
    <TestEntry testId="5c4b9025-70ac-dd5f-337c-a3936f51c0c9" executionId="0f2aa520-8937-438a-96db-7a85500dfe43" testListId="8c84fa94-04c1-424b-9868-57a2d4851a1d" />
    <TestEntry testId="9fa47e22-40db-d6aa-08db-2796421ca596" executionId="704c73cc-f454-4cc6-812f-5b7388fc5d2c" testListId="8c84fa94-04c1-424b-9868-57a2d4851a1d" />
    <TestEntry testId="048a7356-951d-0443-ab4d-f351f2bc2b8f" executionId="cd8a1900-cf9a-469d-a589-30add0d50f80" testListId="8c84fa94-04c1-424b-9868-57a2d4851a1d" />
    <TestEntry testId="7d45ab22-8f9a-9fe2-5c1c-75f823bb7a99" executionId="937f0736-bd76-4455-9339-1eb46bf2163b" testListId="8c84fa94-04c1-424b-9868-57a2d4851a1d" />
    <TestEntry testId="81d85a0a-5c8d-3d71-55aa-39f722463aa3" executionId="3761c11c-8b44-4d53-bc5c-aa26ac9d2e8e" testListId="8c84fa94-04c1-424b-9868-57a2d4851a1d" />
    <TestEntry testId="67c4334d-6d77-45b4-e2c4-3e9702879cf1" executionId="6c02d142-0d81-4fe7-b8ec-05c489a9a439" testListId="8c84fa94-04c1-424b-9868-57a2d4851a1d" />
    <TestEntry testId="c143949d-f9d9-b922-e78b-b604ed749662" executionId="a5756677-461d-4f0a-b537-c15c98b0abc6" testListId="8c84fa94-04c1-424b-9868-57a2d4851a1d" />
    <TestEntry testId="135d54bf-1baa-b7f2-2783-b0ad48c3fed9" executionId="ed91bf88-4636-43d4-89a6-aa95e0849bf0" testListId="8c84fa94-04c1-424b-9868-57a2d4851a1d" />
    <TestEntry testId="4e33757a-0531-d590-48ef-bbff20e5f652" executionId="50958312-4c51-4486-ad94-9940c2240ce9" testListId="8c84fa94-04c1-424b-9868-57a2d4851a1d" />
    <TestEntry testId="406e731d-4287-7ae4-e2af-fbbe10d2a15b" executionId="96704321-f549-458c-b0ec-a91cf1380872" testListId="8c84fa94-04c1-424b-9868-57a2d4851a1d" />
    <TestEntry testId="c93bd454-d74b-02ca-ae31-df229661a403" executionId="432878df-6ddc-4219-95d2-93fd9efe326f" testListId="8c84fa94-04c1-424b-9868-57a2d4851a1d" />
    <TestEntry testId="a53676c2-6a25-994e-56e2-64a4053f1dbf" executionId="63b4f733-470b-4da7-b026-319a1ee32715" testListId="8c84fa94-04c1-424b-9868-57a2d4851a1d" />
    <TestEntry testId="f5ef0929-25d2-0a65-e818-3b671d60cb6e" executionId="6142473f-87f0-486c-bb92-163303e02f1a" testListId="8c84fa94-04c1-424b-9868-57a2d4851a1d" />
    <TestEntry testId="3f7d169c-1c92-efb0-f94c-315afeaae0a1" executionId="8c941c2f-a707-4292-bace-d453adfa8279" testListId="8c84fa94-04c1-424b-9868-57a2d4851a1d" />
    <TestEntry testId="5e9bf8f9-fe4f-01f0-584d-773babb30215" executionId="4cac3dd0-c033-4ed8-b2fb-439106e33c47" testListId="8c84fa94-04c1-424b-9868-57a2d4851a1d" />
    <TestEntry testId="23edba5e-075d-714e-fbe4-42cb97997bd1" executionId="9a1d986f-1667-47c1-b151-27cc776e4304" testListId="8c84fa94-04c1-424b-9868-57a2d4851a1d" />
    <TestEntry testId="0fa337ef-9264-9b89-1d15-627beacabec9" executionId="280da9ac-c10c-4d20-a2e5-40b685269376" testListId="8c84fa94-04c1-424b-9868-57a2d4851a1d" />
    <TestEntry testId="ad02a006-5a0a-4f1e-ce45-4fd9f5d0e3df" executionId="d18b61fa-e9af-455b-afa4-7b0425f0febd" testListId="8c84fa94-04c1-424b-9868-57a2d4851a1d" />
    <TestEntry testId="d0207416-d0fd-afba-7c63-08d2c2921599" executionId="d9b0d496-7533-4fc0-bf2b-2fd5c1ec50ab" testListId="8c84fa94-04c1-424b-9868-57a2d4851a1d" />
    <TestEntry testId="6bbc80a2-1796-4399-6504-9745b3748d34" executionId="7c470e05-0516-4b09-ba3c-ad4aa45e458e" testListId="8c84fa94-04c1-424b-9868-57a2d4851a1d" />
    <TestEntry testId="01e4aeae-5168-c485-be5d-213c14f12253" executionId="e74fe196-eca2-4def-813e-ae067f2da2e2" testListId="8c84fa94-04c1-424b-9868-57a2d4851a1d" />
    <TestEntry testId="17602286-7586-5631-70a5-321de694d027" executionId="76cc309b-dea8-4bf6-846c-ca71d94ba455" testListId="8c84fa94-04c1-424b-9868-57a2d4851a1d" />
    <TestEntry testId="1e91379e-a612-ecda-00ad-3a929d9956cc" executionId="ff8e5189-35c8-4db1-b81d-ff3ae4f66594" testListId="8c84fa94-04c1-424b-9868-57a2d4851a1d" />
    <TestEntry testId="e85b2f4b-9415-e5ab-d943-269429563998" executionId="e24f2b9d-14d5-469a-8994-f96c7d18e1c3" testListId="8c84fa94-04c1-424b-9868-57a2d4851a1d" />
    <TestEntry testId="12b17b7e-341f-b93e-6db1-d2ed9a5134c7" executionId="2299552c-4027-4c60-a926-45c380bf70e3" testListId="8c84fa94-04c1-424b-9868-57a2d4851a1d" />
    <TestEntry testId="54eafe78-aa08-3f7e-0ca4-8f6aeecd338c" executionId="792b1ebd-cb99-489b-be5c-6b3f49778b2b" testListId="8c84fa94-04c1-424b-9868-57a2d4851a1d" />
    <TestEntry testId="0a3f2dd3-89cb-afb7-3962-50a1679b3ba3" executionId="53cdde40-3951-4832-a88e-32f9506bbfdb" testListId="8c84fa94-04c1-424b-9868-57a2d4851a1d" />
    <TestEntry testId="ff01f86a-f0b3-fd8e-4441-388dd11f94ca" executionId="83659e98-a009-419c-81d9-ea408f24246c" testListId="8c84fa94-04c1-424b-9868-57a2d4851a1d" />
    <TestEntry testId="6c89b528-ea7c-eb48-edc6-b48c23b28dc9" executionId="f6233a3a-b6ab-424b-9296-1d0efe37b3d8" testListId="8c84fa94-04c1-424b-9868-57a2d4851a1d" />
    <TestEntry testId="8ce8709b-f529-f993-476b-8a16b458982c" executionId="bf22cec6-f876-4d2b-967a-832e929a6697" testListId="8c84fa94-04c1-424b-9868-57a2d4851a1d" />
    <TestEntry testId="172c2f67-22d9-0b21-9df9-f6d7bf27ac94" executionId="70f4c95b-f197-436b-be51-6cec62d8a32d" testListId="8c84fa94-04c1-424b-9868-57a2d4851a1d" />
    <TestEntry testId="c6ae7993-fc24-7155-0286-1345ac914309" executionId="0c63fcbe-39ba-4560-8758-6432dac92a2c" testListId="8c84fa94-04c1-424b-9868-57a2d4851a1d" />
    <TestEntry testId="f852f7cb-14d1-d79d-ca12-717fd583929c" executionId="235da816-9313-4490-9150-a77f54c5af75" testListId="8c84fa94-04c1-424b-9868-57a2d4851a1d" />
    <TestEntry testId="835b45ed-3072-ca89-7fba-8d5843f896c9" executionId="7367479a-87f1-4e7d-ab4b-25304bd05010" testListId="8c84fa94-04c1-424b-9868-57a2d4851a1d" />
    <TestEntry testId="d4c28c10-0cb1-59ea-ca2e-58dae9e42774" executionId="0f5d7ce1-2b32-4ffe-9b8c-975a0e2cf365" testListId="8c84fa94-04c1-424b-9868-57a2d4851a1d" />
    <TestEntry testId="710e3724-6595-fb9a-403c-6e60afa68e47" executionId="28917b33-e389-4496-8589-fb004158511a" testListId="8c84fa94-04c1-424b-9868-57a2d4851a1d" />
    <TestEntry testId="5e6f7ffb-bfeb-e6b6-109d-621339e7fecc" executionId="c097a7ca-e092-448e-bb0c-617769e79aab" testListId="8c84fa94-04c1-424b-9868-57a2d4851a1d" />
    <TestEntry testId="9524a89d-4de7-f772-178c-7bc487185542" executionId="abda4ccd-bf13-457a-b26a-3e38fc203cdd" testListId="8c84fa94-04c1-424b-9868-57a2d4851a1d" />
    <TestEntry testId="1b38b5e4-4fe8-049e-0c45-204c19fce78a" executionId="dd88b790-1275-4fc5-a7b6-0f00f77919fb" testListId="8c84fa94-04c1-424b-9868-57a2d4851a1d" />
    <TestEntry testId="2b61d3f8-d8ea-6d9c-6e2f-000e0f355baa" executionId="46531853-bdd6-4f07-85cd-a46902af955c" testListId="8c84fa94-04c1-424b-9868-57a2d4851a1d" />
    <TestEntry testId="04f9de18-4686-222a-0170-355135415b69" executionId="2a9a8978-e0c8-4567-9acf-b30d06f1f85b" testListId="8c84fa94-04c1-424b-9868-57a2d4851a1d" />
    <TestEntry testId="c2bee61d-b377-0307-6ae6-213cbe906e4c" executionId="8b04852e-3811-475c-9761-2a3302ad31e7" testListId="8c84fa94-04c1-424b-9868-57a2d4851a1d" />
    <TestEntry testId="a5dc8def-6e1e-975a-0bfc-856e597d0053" executionId="cfdde774-82a6-4bb7-bd7b-8366748f1479" testListId="8c84fa94-04c1-424b-9868-57a2d4851a1d" />
    <TestEntry testId="090618a1-3f98-cb1b-af84-a23938a39e4b" executionId="3628d9d7-0f99-4757-9dba-60d29f91f031" testListId="8c84fa94-04c1-424b-9868-57a2d4851a1d" />
    <TestEntry testId="16f70a3b-5d0d-c008-e985-9ff47e23535f" executionId="fb0941f0-c14f-419c-9f37-69030fcc1391" testListId="8c84fa94-04c1-424b-9868-57a2d4851a1d" />
    <TestEntry testId="787490a8-43a1-74c1-a4fa-c920eefad8af" executionId="59180bc7-b80c-4a75-aa4c-86b5cf2a1cfd" testListId="8c84fa94-04c1-424b-9868-57a2d4851a1d" />
    <TestEntry testId="5eb94d51-5c62-aaf6-cb61-c1c5957e95cc" executionId="bf117f12-635c-4157-b0f3-00baf8cfc58d" testListId="8c84fa94-04c1-424b-9868-57a2d4851a1d" />
    <TestEntry testId="1ab15874-8cee-3a39-5577-f36cafb14094" executionId="15cf2a2a-1812-4318-85c8-ac06f3b49c36" testListId="8c84fa94-04c1-424b-9868-57a2d4851a1d" />
    <TestEntry testId="cac267fe-fbf4-1da3-9fa6-3dc03dc118f3" executionId="9c65e9af-7f4e-4b56-aac8-730a13783652" testListId="8c84fa94-04c1-424b-9868-57a2d4851a1d" />
    <TestEntry testId="50648593-5c3d-50ee-5e8d-50b8b362b51e" executionId="1fe29f27-2b20-486f-bfba-e92ff1cf0e05" testListId="8c84fa94-04c1-424b-9868-57a2d4851a1d" />
    <TestEntry testId="558bbf3e-ad01-237f-31a6-a482e4972696" executionId="44fb9b70-b389-40c6-b13a-dbd3a1208c23" testListId="8c84fa94-04c1-424b-9868-57a2d4851a1d" />
    <TestEntry testId="e98717dc-db9f-7dce-27fc-a1c52c45cc6b" executionId="8ce6b92f-ae39-495a-858b-88d189210f9c" testListId="8c84fa94-04c1-424b-9868-57a2d4851a1d" />
    <TestEntry testId="a31dfba7-e2eb-92e0-e6d2-edbe78204565" executionId="4fa92cd4-ab6f-457a-9e11-5770c909c140" testListId="8c84fa94-04c1-424b-9868-57a2d4851a1d" />
    <TestEntry testId="58844bb4-401a-ed44-f97e-47352b0d4158" executionId="24089f50-31e6-489a-a07a-ab9643891e42" testListId="8c84fa94-04c1-424b-9868-57a2d4851a1d" />
    <TestEntry testId="95536bc7-94ce-e4e8-dd9b-0f6a2fb3a99f" executionId="ceb56a35-f38c-4a94-b000-fcc3919dafe0" testListId="8c84fa94-04c1-424b-9868-57a2d4851a1d" />
    <TestEntry testId="9cc5e92b-93df-26cc-9767-7c7734ecec97" executionId="a7994b30-9815-4568-ad02-11d8137b29f6" testListId="8c84fa94-04c1-424b-9868-57a2d4851a1d" />
    <TestEntry testId="30de3392-1a40-1ab9-cb8c-49220a829094" executionId="1899b95b-6fdd-4ffa-8cdd-df6c1ee9be4f" testListId="8c84fa94-04c1-424b-9868-57a2d4851a1d" />
    <TestEntry testId="d4c908cd-0efa-969d-cc6b-17454c825a33" executionId="0bdf1404-e824-4fdb-9e9d-30f38648804b" testListId="8c84fa94-04c1-424b-9868-57a2d4851a1d" />
    <TestEntry testId="dbee600a-43b3-1f1d-cc85-07a8ccebdcdf" executionId="b711b2aa-267c-4626-83a8-6fb89513a169" testListId="8c84fa94-04c1-424b-9868-57a2d4851a1d" />
    <TestEntry testId="0a41b63f-4f9c-855e-d21e-780bec75c16f" executionId="36723a64-29db-4b8d-8ca9-eb519b9659b7" testListId="8c84fa94-04c1-424b-9868-57a2d4851a1d" />
    <TestEntry testId="cabf9801-b2ac-3639-6e36-041dc40cdf70" executionId="76bcc151-c157-4f2b-bf65-a23fb504eb99" testListId="8c84fa94-04c1-424b-9868-57a2d4851a1d" />
    <TestEntry testId="29ec040f-0154-d300-a13d-e565707c8d31" executionId="7158bd7a-bb30-40a4-b47d-11b1d40a4022" testListId="8c84fa94-04c1-424b-9868-57a2d4851a1d" />
    <TestEntry testId="e6472074-b6c9-ae04-e0cd-0e2bb0dbc218" executionId="0673e114-fb7d-4259-a8ca-71bc9e4bcbcd" testListId="8c84fa94-04c1-424b-9868-57a2d4851a1d" />
    <TestEntry testId="c0361266-d32e-7204-9438-73d7faeeb8bf" executionId="f67b87a0-8dd0-4e2d-88e5-6081ed34603a" testListId="8c84fa94-04c1-424b-9868-57a2d4851a1d" />
    <TestEntry testId="5e20c9a6-f828-762f-d3f4-e0a2c22e6536" executionId="23e8e14f-ee24-4bce-ae85-e1494b3aad94" testListId="8c84fa94-04c1-424b-9868-57a2d4851a1d" />
    <TestEntry testId="ecc438ed-cacc-283d-981c-7cb474e7f8e3" executionId="9466c910-908f-445c-bde7-da65be17b8fa" testListId="8c84fa94-04c1-424b-9868-57a2d4851a1d" />
    <TestEntry testId="d8dcf24b-2b20-7279-783d-81a710f1dcbb" executionId="7266b85e-ae2d-4c15-84af-b101e0eb0076" testListId="8c84fa94-04c1-424b-9868-57a2d4851a1d" />
    <TestEntry testId="76181476-f39d-7562-643a-3060e224eda8" executionId="38a057ea-dea9-4c74-b177-1c8a9ea8ac3d" testListId="8c84fa94-04c1-424b-9868-57a2d4851a1d" />
    <TestEntry testId="222cdf2b-16af-8c5e-c16d-532bea36228f" executionId="e207467c-0e7f-4f37-9229-ce264af0fcdb" testListId="8c84fa94-04c1-424b-9868-57a2d4851a1d" />
    <TestEntry testId="a843fe63-02fe-2dad-20bd-094bbba2be1b" executionId="c0902d23-8fd6-41e2-b3af-0a36bc6fe1c3" testListId="8c84fa94-04c1-424b-9868-57a2d4851a1d" />
    <TestEntry testId="241b7ae4-4756-4891-464a-7c487953a831" executionId="754cfddf-1a98-4b6a-b9aa-5db9085203e1" testListId="8c84fa94-04c1-424b-9868-57a2d4851a1d" />
    <TestEntry testId="5bd851b4-6d07-0258-4c1a-0f4c474f96d4" executionId="0e335f94-759e-4daa-8e99-1c704bbed6ed" testListId="8c84fa94-04c1-424b-9868-57a2d4851a1d" />
    <TestEntry testId="af9cc299-f90c-d739-56f5-672fc39a6f96" executionId="0d9bbaa7-1e36-419a-85d9-9e93c8a44436" testListId="8c84fa94-04c1-424b-9868-57a2d4851a1d" />
    <TestEntry testId="4ebd587b-6f47-7643-6f95-0ba5dfee9340" executionId="250abd5b-c5d9-4ef9-9101-d0e3e7fbe446" testListId="8c84fa94-04c1-424b-9868-57a2d4851a1d" />
    <TestEntry testId="5ac84828-9966-8e1a-08c9-8ed72c4cde49" executionId="f1053860-3df2-4fd6-be98-075218f316c4" testListId="8c84fa94-04c1-424b-9868-57a2d4851a1d" />
    <TestEntry testId="c6237c9e-4fed-9131-54bd-29c3415d618e" executionId="43859bdc-b54c-4c44-b7d4-698d7f03a665" testListId="8c84fa94-04c1-424b-9868-57a2d4851a1d" />
    <TestEntry testId="e905d40f-be95-1827-65a5-1cde8fbf0055" executionId="f7d13167-d050-4321-ac63-e0363316ee8e" testListId="8c84fa94-04c1-424b-9868-57a2d4851a1d" />
    <TestEntry testId="4f37197c-c656-2d24-76e4-0caf6e7a2cfa" executionId="cfc34475-1883-424e-92ff-059b0e29cbc0" testListId="8c84fa94-04c1-424b-9868-57a2d4851a1d" />
    <TestEntry testId="0e6cc107-c8fb-79d7-b16b-448e9915d30f" executionId="ecdcf656-8135-46c2-8fdc-72672b203d4d" testListId="8c84fa94-04c1-424b-9868-57a2d4851a1d" />
    <TestEntry testId="5b7e467a-91c7-78ab-3512-45042ebd5bae" executionId="c5839b8b-8139-4ae0-ba08-4ad4bacae2b8" testListId="8c84fa94-04c1-424b-9868-57a2d4851a1d" />
    <TestEntry testId="b12b36db-b715-1ac4-2405-36b1f5db9819" executionId="803e2117-9206-4db1-b206-d6923e6790c7" testListId="8c84fa94-04c1-424b-9868-57a2d4851a1d" />
    <TestEntry testId="a470c127-09ad-2eb4-0dc1-9e1111ccf290" executionId="80aa4c7f-81f7-476c-a227-2af1faf7431e" testListId="8c84fa94-04c1-424b-9868-57a2d4851a1d" />
    <TestEntry testId="a68f0a27-cdc8-1810-ed81-abb6b4dc6add" executionId="d03a8c4e-8fad-449c-8ade-b629246bf35a" testListId="8c84fa94-04c1-424b-9868-57a2d4851a1d" />
    <TestEntry testId="0d431403-595c-9779-f98c-ab1f510f90ca" executionId="3c399cb1-5975-42a8-ae05-8e0fb99a9223" testListId="8c84fa94-04c1-424b-9868-57a2d4851a1d" />
    <TestEntry testId="a79a68ab-af27-1920-e9d4-dd74146d4c1b" executionId="220ddec9-1b13-4cff-b4a2-e0e636d91696" testListId="8c84fa94-04c1-424b-9868-57a2d4851a1d" />
    <TestEntry testId="d9b69963-27d8-e3e9-4282-0a7426b80ca8" executionId="0e27becc-e24e-45ed-b366-689058e0ed71" testListId="8c84fa94-04c1-424b-9868-57a2d4851a1d" />
    <TestEntry testId="f1344d55-8d55-9720-b306-0a8c856b81cb" executionId="2a91e7d6-0584-4c94-b351-845a61d52314" testListId="8c84fa94-04c1-424b-9868-57a2d4851a1d" />
    <TestEntry testId="b0c4ea30-705a-8180-1155-ef335a3c3ef9" executionId="999d2fe3-4588-42a3-9b9d-16e97c47d1db" testListId="8c84fa94-04c1-424b-9868-57a2d4851a1d" />
    <TestEntry testId="920a4805-aaea-bdb5-e41c-a524ec5a5f7d" executionId="9f763ba4-307d-4196-9942-e92ecd8dac6a" testListId="8c84fa94-04c1-424b-9868-57a2d4851a1d" />
    <TestEntry testId="bf375141-0c02-f82b-1ecd-b36c1b60e46f" executionId="aec6b3fe-1e71-4bde-91e3-e147118b6d7c" testListId="8c84fa94-04c1-424b-9868-57a2d4851a1d" />
    <TestEntry testId="34c16ea6-9bb7-002e-203b-a16772c42316" executionId="6b371133-ad4b-4905-a1ef-953b755615e7" testListId="8c84fa94-04c1-424b-9868-57a2d4851a1d" />
    <TestEntry testId="c4d15c34-e3ca-7ce4-539b-70fa98691175" executionId="e9e6f7a9-42c1-4ff0-a748-c26087fbd596" testListId="8c84fa94-04c1-424b-9868-57a2d4851a1d" />
    <TestEntry testId="ea947337-3d83-b2e8-7f31-72fa3745dd0a" executionId="5c809435-9712-4269-9e79-40b7a624c242" testListId="8c84fa94-04c1-424b-9868-57a2d4851a1d" />
    <TestEntry testId="a76ae674-56b4-d457-d0b5-04f908ea39dd" executionId="ab90f7b5-8985-4a2d-8bc2-4111a8b5b04b" testListId="8c84fa94-04c1-424b-9868-57a2d4851a1d" />
    <TestEntry testId="b3a68e6e-d0ea-e834-422f-1a35491f3f76" executionId="0472ba67-20f8-47ef-a81d-28d29c471cfa" testListId="8c84fa94-04c1-424b-9868-57a2d4851a1d" />
    <TestEntry testId="c60b5b1a-855f-ddf2-2fce-a2dda2f564ce" executionId="5d313db1-cf1a-4d46-999a-3b55e00700cf" testListId="8c84fa94-04c1-424b-9868-57a2d4851a1d" />
    <TestEntry testId="4e4ae70f-af86-f953-53f0-073733b509e7" executionId="378a1c8a-bdcb-4246-9c26-af88e8f5314f" testListId="8c84fa94-04c1-424b-9868-57a2d4851a1d" />
    <TestEntry testId="5ae7d4be-ba8d-cec7-7292-630f0d9fb493" executionId="f5a14cf7-540f-457d-a3f7-f8caf157ca33" testListId="8c84fa94-04c1-424b-9868-57a2d4851a1d" />
    <TestEntry testId="d43860aa-ed76-26d9-9003-007bacdfc0a0" executionId="a4e21704-34f0-44af-ac48-432eedf5b863" testListId="8c84fa94-04c1-424b-9868-57a2d4851a1d" />
    <TestEntry testId="33acf123-59fe-0dab-7f15-41863e67a38d" executionId="baba4159-b4ef-44bc-a2eb-f4bbfc862e1c" testListId="8c84fa94-04c1-424b-9868-57a2d4851a1d" />
    <TestEntry testId="9a928c9f-84d9-e485-f74c-43effafbbb8a" executionId="f1c7b465-df44-4d16-84bb-70c97175aa72" testListId="8c84fa94-04c1-424b-9868-57a2d4851a1d" />
    <TestEntry testId="1fe58fcd-1a77-1201-4a90-ac09368ea1b1" executionId="2091c48c-3570-453b-9acd-ad136770ccc7" testListId="8c84fa94-04c1-424b-9868-57a2d4851a1d" />
    <TestEntry testId="2d1d5e6f-4d6f-c4a7-2a87-2a5c678ea792" executionId="69faa394-d1ed-4859-9eee-ea1672cd1200" testListId="8c84fa94-04c1-424b-9868-57a2d4851a1d" />
    <TestEntry testId="074028dc-5db7-55dc-d654-01f0003b41b0" executionId="c90fdef8-ed49-4edd-aa5f-d93af375d374" testListId="8c84fa94-04c1-424b-9868-57a2d4851a1d" />
    <TestEntry testId="7273a8f8-ae7d-f089-f04f-8d5bffcd4468" executionId="860f8978-2dcd-42a2-8278-da44e203d8c3" testListId="8c84fa94-04c1-424b-9868-57a2d4851a1d" />
    <TestEntry testId="d65ff6f7-fa60-61e8-5eaa-ed297c05c0cf" executionId="cb7d247f-8f7c-4671-9d12-344b0d10c3e6" testListId="8c84fa94-04c1-424b-9868-57a2d4851a1d" />
    <TestEntry testId="64599802-c291-61b6-4000-9ad4853a272e" executionId="2217bc2c-41fe-4a8f-8bc8-4dc5e383929d" testListId="8c84fa94-04c1-424b-9868-57a2d4851a1d" />
    <TestEntry testId="62a3c894-4075-1cb4-f5dc-7ab6cb40b117" executionId="e7be294f-d20f-4104-84a1-151d425b0cba" testListId="8c84fa94-04c1-424b-9868-57a2d4851a1d" />
    <TestEntry testId="ad39e5c6-b75b-964c-f725-2860bbded73a" executionId="105b49a9-95d0-4ed8-ba5d-e13062471f9a" testListId="8c84fa94-04c1-424b-9868-57a2d4851a1d" />
    <TestEntry testId="1a78a23a-08c2-bb6e-8ffb-6ac2f44d4918" executionId="a643d05e-aeb2-4b92-bf25-be2371450213" testListId="8c84fa94-04c1-424b-9868-57a2d4851a1d" />
    <TestEntry testId="212c19b6-0d5b-3f9a-0c11-71268fbceb25" executionId="9ffc864c-a4b1-4bb1-a033-d560514b052f" testListId="8c84fa94-04c1-424b-9868-57a2d4851a1d" />
    <TestEntry testId="6e829777-be9c-6654-9151-94a58c43765f" executionId="f6a74f85-ec57-4d79-8236-5d46d8f25e6f" testListId="8c84fa94-04c1-424b-9868-57a2d4851a1d" />
    <TestEntry testId="69aeffc7-cd92-ac72-76d9-3bdc200b9566" executionId="508388ae-08b9-4250-b24e-ffc6cc87fc7c" testListId="8c84fa94-04c1-424b-9868-57a2d4851a1d" />
    <TestEntry testId="502d6bb0-f3a3-d62b-40ad-ad6c5c993e33" executionId="7a0d8f5d-9648-41bc-8b15-e92224bfc4d9" testListId="8c84fa94-04c1-424b-9868-57a2d4851a1d" />
    <TestEntry testId="45e3f4e9-8f3c-fbfa-2a52-4962f794af92" executionId="6c3f4948-1874-41fe-acc5-9932a87b0d41" testListId="8c84fa94-04c1-424b-9868-57a2d4851a1d" />
    <TestEntry testId="5faa1bfa-ed88-547a-8a4a-3ace55a6c4b6" executionId="90f687cb-b6c1-49fb-8dba-157c7e75aa13" testListId="8c84fa94-04c1-424b-9868-57a2d4851a1d" />
    <TestEntry testId="27f56197-1615-7d87-8ee0-99378268c250" executionId="d9ca06e5-19f6-477e-b26a-4f059f85fa44" testListId="8c84fa94-04c1-424b-9868-57a2d4851a1d" />
    <TestEntry testId="e97704e8-316b-dc32-95b9-968584ac4f6d" executionId="0774429d-a561-45c8-9916-fe7cd58bbff0" testListId="8c84fa94-04c1-424b-9868-57a2d4851a1d" />
    <TestEntry testId="2dee95e4-fb7b-7b96-b8f1-0255a3e3ab1d" executionId="3ca152aa-9ad3-4932-a4f6-6dea7e581a16" testListId="8c84fa94-04c1-424b-9868-57a2d4851a1d" />
    <TestEntry testId="097b32a1-e0b9-ea71-7991-dc8ab999ab8f" executionId="e2227dae-feb2-4f89-aca3-8c64e1a2cc57" testListId="8c84fa94-04c1-424b-9868-57a2d4851a1d" />
    <TestEntry testId="3cb191a3-f962-a2ab-322c-f22449c99113" executionId="11141b03-9196-4652-b8be-4533a7002040" testListId="8c84fa94-04c1-424b-9868-57a2d4851a1d" />
    <TestEntry testId="abe63dc7-436c-029a-68b2-5d706af9e293" executionId="c66b6c50-5370-404b-88ed-3055c4585fa9" testListId="8c84fa94-04c1-424b-9868-57a2d4851a1d" />
    <TestEntry testId="5903569d-1f5b-764e-2535-cf2f3d080f13" executionId="57ec22f6-6ccc-4019-bc0c-81762bf3fb51" testListId="8c84fa94-04c1-424b-9868-57a2d4851a1d" />
    <TestEntry testId="956ee45b-28c9-92eb-4d28-9f7ad0b0d994" executionId="950b4b6f-6d35-42a1-9da4-6867714fe2a6" testListId="8c84fa94-04c1-424b-9868-57a2d4851a1d" />
    <TestEntry testId="72120e5b-d1bc-e3c6-fa74-d580fd378075" executionId="a86d357c-af10-4ccf-a43a-75d62a6ee3b1" testListId="8c84fa94-04c1-424b-9868-57a2d4851a1d" />
    <TestEntry testId="3d23eb83-5147-5672-17a2-324762625540" executionId="46b7b8b1-5cd3-4024-95c7-97bc27b7eaee" testListId="8c84fa94-04c1-424b-9868-57a2d4851a1d" />
    <TestEntry testId="9b2289a2-9143-b5fb-191a-ff4aaa3bc877" executionId="0faeef79-5512-417a-8120-4822ba0d42b2" testListId="8c84fa94-04c1-424b-9868-57a2d4851a1d" />
    <TestEntry testId="659a9ec2-9923-b1fc-65d4-820accfaf013" executionId="45636db2-44c3-41a0-8be2-a969422ff363" testListId="8c84fa94-04c1-424b-9868-57a2d4851a1d" />
    <TestEntry testId="7a8a4f9b-bc69-7eee-3a8a-ac87698efa86" executionId="23bcbf9c-6d0c-40cb-a12b-38bd2bd09ec6" testListId="8c84fa94-04c1-424b-9868-57a2d4851a1d" />
    <TestEntry testId="087993fb-45de-0919-f375-0ffb241240c0" executionId="3d5e419f-8aff-45a6-bd7c-a152a4b60a50" testListId="8c84fa94-04c1-424b-9868-57a2d4851a1d" />
    <TestEntry testId="e2286503-c885-d75f-9066-b03417418d83" executionId="9f869bf1-7253-4e38-b1c3-1ad94d0aa783" testListId="8c84fa94-04c1-424b-9868-57a2d4851a1d" />
    <TestEntry testId="5f3be311-9b81-e806-895c-29723d762942" executionId="d0a9200a-3a1a-4068-a782-efb1c6652059" testListId="8c84fa94-04c1-424b-9868-57a2d4851a1d" />
    <TestEntry testId="f5d96dea-c7eb-1a86-7dcb-67ccaa68bfa3" executionId="8f0f9915-dd04-4e5f-84bb-796c4a158f7c" testListId="8c84fa94-04c1-424b-9868-57a2d4851a1d" />
    <TestEntry testId="7057b387-b183-b64b-f7f4-291ce2b154d2" executionId="0bdee06f-0641-4c73-895e-163de2914469" testListId="8c84fa94-04c1-424b-9868-57a2d4851a1d" />
    <TestEntry testId="de7e5580-3bcf-d7fc-1403-c097971fccaa" executionId="c25eb47e-93c4-4247-8a38-8b84018d68a9" testListId="8c84fa94-04c1-424b-9868-57a2d4851a1d" />
    <TestEntry testId="f3d51917-28d8-1b5d-1bf7-f46cd9790b61" executionId="39ae1cb9-76df-4f53-be36-24e9fc5bd3ab" testListId="8c84fa94-04c1-424b-9868-57a2d4851a1d" />
    <TestEntry testId="bab4333c-e207-8e2f-7baa-448842489a21" executionId="750b6d8d-d68e-4360-b279-f2cc62fd08a2" testListId="8c84fa94-04c1-424b-9868-57a2d4851a1d" />
    <TestEntry testId="b2cdc516-3860-d6a6-6f07-5e5ee5b2b5e2" executionId="c867df86-75f8-4df9-901c-5753e11caff9" testListId="8c84fa94-04c1-424b-9868-57a2d4851a1d" />
    <TestEntry testId="e4d44f1a-9653-1759-87fb-0fb0c4e43be2" executionId="589a1288-a619-44ae-82ef-9f560dd64c9f" testListId="8c84fa94-04c1-424b-9868-57a2d4851a1d" />
    <TestEntry testId="e2b45cc5-4560-d33c-abf2-641bc0cfad99" executionId="a275774a-3294-4581-b98d-d7c83d1eb594" testListId="8c84fa94-04c1-424b-9868-57a2d4851a1d" />
    <TestEntry testId="696aaa10-c2e0-d543-ebeb-74cf5d9453d9" executionId="07a83dff-3b19-4fc7-96c4-6c330871d7fb" testListId="8c84fa94-04c1-424b-9868-57a2d4851a1d" />
    <TestEntry testId="fc9af01d-bb69-334d-53e5-8f18885bed01" executionId="a580b4f0-dbd4-41e9-a0ca-7a9916872d03" testListId="8c84fa94-04c1-424b-9868-57a2d4851a1d" />
    <TestEntry testId="14f25edb-1659-8f52-8b86-e51e32ee796f" executionId="cbf334b5-e4da-4ac3-bdfd-265359815c62" testListId="8c84fa94-04c1-424b-9868-57a2d4851a1d" />
    <TestEntry testId="153bc2be-7b5a-6d34-1b29-a594ac423af5" executionId="2ae2c79b-bf6b-4175-a5e4-e690098ede0e" testListId="8c84fa94-04c1-424b-9868-57a2d4851a1d" />
    <TestEntry testId="9a2dc206-4145-6590-165d-041e2f16bacd" executionId="c5d1c41d-502c-43fb-84d2-72f749e7615f" testListId="8c84fa94-04c1-424b-9868-57a2d4851a1d" />
    <TestEntry testId="3ce26c14-dccf-218f-7d07-5063518d55e6" executionId="2f92233e-9ca3-43d0-9679-5c366c54a4d8" testListId="8c84fa94-04c1-424b-9868-57a2d4851a1d" />
    <TestEntry testId="ef12d427-79fb-6de9-e6db-c097fb2706b4" executionId="7ba852f3-b317-4af5-b0cd-d7f2a48f9437" testListId="8c84fa94-04c1-424b-9868-57a2d4851a1d" />
    <TestEntry testId="df77e8c2-e55d-7314-33ae-050e038d9d57" executionId="bf1490f9-c48c-4be1-984c-871559a4f0bb" testListId="8c84fa94-04c1-424b-9868-57a2d4851a1d" />
    <TestEntry testId="dde3d3fc-853c-c82d-7a83-36ec6097ab3a" executionId="7b3cc32b-5269-40ab-b7c7-cc4b87748335" testListId="8c84fa94-04c1-424b-9868-57a2d4851a1d" />
    <TestEntry testId="7691f77f-7d23-6d09-6a27-9039befec29a" executionId="1c7d1d8c-f17f-4ac2-809e-bd9fbd45083c" testListId="8c84fa94-04c1-424b-9868-57a2d4851a1d" />
    <TestEntry testId="d4f79742-85f3-99b3-b553-501ccf8d4cf2" executionId="4f0d55b7-b1b5-42fd-8a1c-c334c2f77c7b" testListId="8c84fa94-04c1-424b-9868-57a2d4851a1d" />
    <TestEntry testId="f4709249-5c3f-3714-9fdf-f708c1244282" executionId="6272d6a7-d237-4d8f-ab2e-552c519d4298" testListId="8c84fa94-04c1-424b-9868-57a2d4851a1d" />
    <TestEntry testId="5a12a09e-ae50-9833-9313-11d595f36492" executionId="1d0ab6ad-8c9b-4e8d-98bb-e7ae757e93bd" testListId="8c84fa94-04c1-424b-9868-57a2d4851a1d" />
    <TestEntry testId="525fbde5-5aa3-0da1-f6c9-ea38b155bd8a" executionId="f402fb1d-d12a-454e-a584-cdfc0c221b21" testListId="8c84fa94-04c1-424b-9868-57a2d4851a1d" />
    <TestEntry testId="f978e587-6fdb-73f8-9866-42c923e61ecf" executionId="623cc8aa-9a71-4f59-a9de-b66a43ea9f5c" testListId="8c84fa94-04c1-424b-9868-57a2d4851a1d" />
    <TestEntry testId="3f116c1c-2f15-b2f9-d71d-e760323e39a9" executionId="3bb26cb2-d46c-4af9-8cc4-52a30e622e23" testListId="8c84fa94-04c1-424b-9868-57a2d4851a1d" />
    <TestEntry testId="c495359b-e650-62ae-1e2e-10b1193d4237" executionId="a4bbd225-0273-4b74-a1b7-440c8a098dba" testListId="8c84fa94-04c1-424b-9868-57a2d4851a1d" />
    <TestEntry testId="3870fe70-e481-71d1-9c6b-e2b124a39ef8" executionId="cea98f6b-4ef4-4c06-9afa-d39a64adee9f" testListId="8c84fa94-04c1-424b-9868-57a2d4851a1d" />
    <TestEntry testId="ab35b515-6b4f-5986-3be5-526af9e301a2" executionId="350f7a9d-4086-44f4-bdab-473282ca25b7" testListId="8c84fa94-04c1-424b-9868-57a2d4851a1d" />
    <TestEntry testId="98270f61-87ef-465b-a400-bbad02cf781c" executionId="1e6ca551-b4e7-4bf8-b921-8a94042a4b1c" testListId="8c84fa94-04c1-424b-9868-57a2d4851a1d" />
    <TestEntry testId="2e1f8d7c-0d69-963e-a895-e1ab673267fe" executionId="017335da-54d0-462d-9510-4527616b5eea" testListId="8c84fa94-04c1-424b-9868-57a2d4851a1d" />
    <TestEntry testId="baa2be22-6e02-8004-6919-7aeac43318b6" executionId="84bddc04-5b0f-4de8-9304-68d4b1caa929" testListId="8c84fa94-04c1-424b-9868-57a2d4851a1d" />
    <TestEntry testId="2368979a-be6d-3089-5339-0188b81a7741" executionId="8cb81664-1b2e-43db-8c26-529f7f514cfb" testListId="8c84fa94-04c1-424b-9868-57a2d4851a1d" />
    <TestEntry testId="b0434887-dfe7-2162-06e6-63d560525e39" executionId="397fc1d9-516f-415d-a073-78035890d553" testListId="8c84fa94-04c1-424b-9868-57a2d4851a1d" />
    <TestEntry testId="6b26a01d-1ae2-edb9-bf50-a5ad76486487" executionId="57119c33-1bf4-4b42-a452-4dbaa8f3e281" testListId="8c84fa94-04c1-424b-9868-57a2d4851a1d" />
    <TestEntry testId="eab71995-96d9-0724-0d50-35ba2c7b42f2" executionId="5b9a0e90-dff8-4677-b0bd-93d3e8a6052b" testListId="8c84fa94-04c1-424b-9868-57a2d4851a1d" />
    <TestEntry testId="965a298f-d562-f5e7-ee05-1de2f47536a6" executionId="0be2e8d5-1cef-4e5b-97b5-a41b7204d537" testListId="8c84fa94-04c1-424b-9868-57a2d4851a1d" />
    <TestEntry testId="820f3ace-3e93-711d-0339-aea4c38fcae6" executionId="2c8efae6-cf9c-4783-a16c-7ff0461b1b0a" testListId="8c84fa94-04c1-424b-9868-57a2d4851a1d" />
    <TestEntry testId="3ca63579-0414-d233-80c1-d10a429ffe4f" executionId="3de8981d-dc20-4ef6-900a-62106a53f44c" testListId="8c84fa94-04c1-424b-9868-57a2d4851a1d" />
    <TestEntry testId="4768d4a2-adad-2313-82a7-b2c73e3733cb" executionId="793af2e4-d88d-4e14-bd7d-aab950a02a19" testListId="8c84fa94-04c1-424b-9868-57a2d4851a1d" />
    <TestEntry testId="91668cbc-921d-9f80-0050-9289713a8523" executionId="89632c0f-44e0-45b7-8f11-2f37ccef093d" testListId="8c84fa94-04c1-424b-9868-57a2d4851a1d" />
    <TestEntry testId="d1521016-7342-eb65-15b1-670778bb0de9" executionId="1710fa38-2775-4110-887e-6e03ea6a7da0" testListId="8c84fa94-04c1-424b-9868-57a2d4851a1d" />
    <TestEntry testId="5085cb87-98d0-8a0c-8bf9-91a9ebf3d613" executionId="b8a5d700-7e9b-41d9-9a23-96d8e0e1c972" testListId="8c84fa94-04c1-424b-9868-57a2d4851a1d" />
    <TestEntry testId="808539b7-31ea-bf3a-7c7f-4cbfe8749def" executionId="1baee974-0ad4-495d-b32e-febc2f0518e9" testListId="8c84fa94-04c1-424b-9868-57a2d4851a1d" />
    <TestEntry testId="c8ad081e-6f99-2cf6-df04-fd222c5d7700" executionId="cdf370cd-c5ef-4792-bfd7-a1b7ef76fbf6" testListId="8c84fa94-04c1-424b-9868-57a2d4851a1d" />
    <TestEntry testId="04f5279b-6d47-0d29-6d10-8c2864415e5b" executionId="cc8b667c-ae16-4a59-a491-82232e333c98" testListId="8c84fa94-04c1-424b-9868-57a2d4851a1d" />
    <TestEntry testId="6e59a956-84d3-e083-020a-c9519be250f8" executionId="4f4a1fb1-dcac-4c90-9c7f-ca89de7378f8" testListId="8c84fa94-04c1-424b-9868-57a2d4851a1d" />
    <TestEntry testId="a42ddc1f-339e-3faa-645e-ca74471949a4" executionId="52bb4bad-4b51-42d4-a375-0ec9a10d237a" testListId="8c84fa94-04c1-424b-9868-57a2d4851a1d" />
    <TestEntry testId="53741d93-4183-126c-5794-6e3b44f8a90a" executionId="ac127eae-4131-47e9-835e-5648efe872c4" testListId="8c84fa94-04c1-424b-9868-57a2d4851a1d" />
    <TestEntry testId="ddf3cec7-6c50-31cb-4993-6cc82e46dbea" executionId="a55a1f7c-fcd9-428c-883a-711702898657" testListId="8c84fa94-04c1-424b-9868-57a2d4851a1d" />
    <TestEntry testId="ed868fa2-b7e1-bbcc-8f11-693fbdfad7f8" executionId="db5edfd7-0602-44b7-80c3-3e9997ab6721" testListId="8c84fa94-04c1-424b-9868-57a2d4851a1d" />
    <TestEntry testId="bb1fddd9-0fa5-0bf4-de64-dbafc0d2b900" executionId="456627a5-e59d-46b4-8dea-909fb5d9778a" testListId="8c84fa94-04c1-424b-9868-57a2d4851a1d" />
    <TestEntry testId="2538b09c-5993-b407-46cc-cd0c5e035afe" executionId="740bb3ee-eb19-4c8a-93ca-af829ce39503" testListId="8c84fa94-04c1-424b-9868-57a2d4851a1d" />
    <TestEntry testId="88a25c0e-eefa-34c3-e382-69843b35f78f" executionId="c7cd0b2f-0124-4fa0-883c-a48d2e688b28" testListId="8c84fa94-04c1-424b-9868-57a2d4851a1d" />
    <TestEntry testId="eab68e72-788f-cfb8-63fb-af574cc69c45" executionId="ea666be9-1cdb-4b05-94b0-8e1ae4414ca9" testListId="8c84fa94-04c1-424b-9868-57a2d4851a1d" />
    <TestEntry testId="a2d17b88-2ee0-0628-93a1-91e51b945455" executionId="96de651b-72e1-4450-a55e-3303fa5593d5" testListId="8c84fa94-04c1-424b-9868-57a2d4851a1d" />
    <TestEntry testId="6f292e4b-66f5-a778-fa6e-8262c0e8abca" executionId="4f00f760-9c71-4884-ab12-bdf6705d062e" testListId="8c84fa94-04c1-424b-9868-57a2d4851a1d" />
    <TestEntry testId="fb4fe1f9-4704-e605-7e31-79acd6c27b72" executionId="855f8741-7809-48e1-b6a7-eba546044469" testListId="8c84fa94-04c1-424b-9868-57a2d4851a1d" />
    <TestEntry testId="161d7a92-ebf4-7cb4-f15d-4393a3b5ae64" executionId="2946954c-6e14-450f-9a8e-0b24da324864" testListId="8c84fa94-04c1-424b-9868-57a2d4851a1d" />
    <TestEntry testId="ccea9d13-a40c-5163-21a5-c1d7585383c5" executionId="a88c13ee-fc4e-430d-b48e-ed4247adc666" testListId="8c84fa94-04c1-424b-9868-57a2d4851a1d" />
    <TestEntry testId="de8529e0-a6e6-31e9-fb3e-547193ba9a75" executionId="ce8b5396-4085-4bdd-b489-4d2027a80b89" testListId="8c84fa94-04c1-424b-9868-57a2d4851a1d" />
    <TestEntry testId="1f1315c1-a6d0-5528-a7a2-bd280e0f1b90" executionId="1793f8eb-04a7-41e8-b88d-8ab682bab49a" testListId="8c84fa94-04c1-424b-9868-57a2d4851a1d" />
    <TestEntry testId="87f53ee5-bdbf-d777-f2bd-8587b117a696" executionId="753b600f-2845-4c55-a2c3-336c11074dcc" testListId="8c84fa94-04c1-424b-9868-57a2d4851a1d" />
    <TestEntry testId="33b08216-f963-c705-8503-206a945a16eb" executionId="62338042-83be-4ac7-b460-aac1baeed75d" testListId="8c84fa94-04c1-424b-9868-57a2d4851a1d" />
    <TestEntry testId="93b56f15-d0f9-922b-ebdb-da9b37d35a33" executionId="e983dc7b-b45d-4a56-9608-d1bff243b572" testListId="8c84fa94-04c1-424b-9868-57a2d4851a1d" />
    <TestEntry testId="6089860e-74fe-1064-91b5-288184b89da4" executionId="7642bc65-e37d-49bb-9c78-d4b0be720ce6" testListId="8c84fa94-04c1-424b-9868-57a2d4851a1d" />
    <TestEntry testId="9b09cd4c-cc43-15b2-2268-7045eb5e46a7" executionId="1b61d69c-d3e4-4cc0-8de2-042fbda8e19b" testListId="8c84fa94-04c1-424b-9868-57a2d4851a1d" />
    <TestEntry testId="1ddc3191-d796-9ca4-1cdf-911c528d78dc" executionId="727f0932-7c9b-4b13-af8b-7a01c7294e99" testListId="8c84fa94-04c1-424b-9868-57a2d4851a1d" />
    <TestEntry testId="3b5942d2-e7e2-de60-16f9-c73e5cc4a29a" executionId="442e66f6-c09b-46a9-aba0-03e6769060ce" testListId="8c84fa94-04c1-424b-9868-57a2d4851a1d" />
    <TestEntry testId="655b1882-490e-072b-68df-241927b235f6" executionId="b1967878-3461-4935-9e05-df8966db4495" testListId="8c84fa94-04c1-424b-9868-57a2d4851a1d" />
    <TestEntry testId="ad096218-c19b-f9d4-418a-22eb5410c3ad" executionId="8934eb18-7764-4312-8fe8-4d2c6a2fb139" testListId="8c84fa94-04c1-424b-9868-57a2d4851a1d" />
    <TestEntry testId="27dc6f8c-4da0-f151-b126-de4458b3e832" executionId="a9732f23-3d2c-4696-b23a-319df9359ead" testListId="8c84fa94-04c1-424b-9868-57a2d4851a1d" />
    <TestEntry testId="55560052-a39a-825d-e9c8-739ebd549aa5" executionId="2afed1f8-9d5d-47f1-ad5f-700a1c85b13f" testListId="8c84fa94-04c1-424b-9868-57a2d4851a1d" />
    <TestEntry testId="d2f7dd5a-270a-7323-131a-88c5f3382836" executionId="d7fddf8e-ee91-4b18-8ad5-9d64df3bbc6e" testListId="8c84fa94-04c1-424b-9868-57a2d4851a1d" />
    <TestEntry testId="2de6f66f-9b25-100a-6e65-920119c0297f" executionId="8a0f300b-7777-4e20-9908-962621157fee" testListId="8c84fa94-04c1-424b-9868-57a2d4851a1d" />
    <TestEntry testId="f5749084-ca45-11f0-7dbf-28c0be376a6b" executionId="9c6d3fd1-407f-4a5b-a51e-7e495ea56c3f" testListId="8c84fa94-04c1-424b-9868-57a2d4851a1d" />
    <TestEntry testId="fa6e016c-cf40-5d29-14b8-73af84d227df" executionId="941ae3f0-dcc6-4063-ab1a-6bd9942d913a" testListId="8c84fa94-04c1-424b-9868-57a2d4851a1d" />
    <TestEntry testId="c07ed1e6-4ff2-787a-6e41-1d744cc03d1e" executionId="971b0f74-8fdf-4ef1-88e1-e70b99040838" testListId="8c84fa94-04c1-424b-9868-57a2d4851a1d" />
    <TestEntry testId="9b8de71b-7848-1c62-28ae-159671066bbc" executionId="625b6d30-2190-40a7-bfdc-ae9a831926b7" testListId="8c84fa94-04c1-424b-9868-57a2d4851a1d" />
    <TestEntry testId="cca9ff46-c03b-4f70-658c-c974de0acf12" executionId="bbae3ca9-6738-45fd-9773-92388dd1059c" testListId="8c84fa94-04c1-424b-9868-57a2d4851a1d" />
    <TestEntry testId="53fee51d-4781-0684-0a02-aa461058c8b7" executionId="5e53bf63-c4dd-4b50-9e9e-c964682cfc1f" testListId="8c84fa94-04c1-424b-9868-57a2d4851a1d" />
    <TestEntry testId="dbdc2b5e-05d7-55cb-6450-200bed021822" executionId="c2302581-62be-4830-acaa-e84b15574713" testListId="8c84fa94-04c1-424b-9868-57a2d4851a1d" />
    <TestEntry testId="bd5d3463-bfe8-f361-dfab-4ebb65035ec9" executionId="d118a546-39f5-45e2-818a-db4fe3f7b26b" testListId="8c84fa94-04c1-424b-9868-57a2d4851a1d" />
    <TestEntry testId="b9609315-e50a-b6bd-1d55-29ba9e7e6c5d" executionId="cc6b4590-9b00-4042-a542-0275ffadedd1" testListId="8c84fa94-04c1-424b-9868-57a2d4851a1d" />
    <TestEntry testId="771fb03e-c480-1ce6-a135-57692892e164" executionId="8c7d8716-8ac8-46be-8a6b-77f7e86a1051" testListId="8c84fa94-04c1-424b-9868-57a2d4851a1d" />
    <TestEntry testId="ee35ed0f-0707-c177-e433-7bad4e0be667" executionId="ce874984-a5c4-461d-8478-7afa07d5b02f" testListId="8c84fa94-04c1-424b-9868-57a2d4851a1d" />
    <TestEntry testId="27d204bb-c3fa-e9d6-7096-866836d539c5" executionId="005b4cce-0a16-4e16-9409-b6874020ad48" testListId="8c84fa94-04c1-424b-9868-57a2d4851a1d" />
    <TestEntry testId="0982bbc2-1c72-d9d0-5afb-0ccc4ad492e3" executionId="2b1f6756-4f01-4297-8c67-08bcf97cb07b" testListId="8c84fa94-04c1-424b-9868-57a2d4851a1d" />
    <TestEntry testId="971d7e09-432b-d6e7-75f9-b81bbb0116e4" executionId="61e081e8-e301-4cfc-a4e6-de046353385e" testListId="8c84fa94-04c1-424b-9868-57a2d4851a1d" />
    <TestEntry testId="9cd502ee-eed5-ccd6-eb9b-7e9d7d64a050" executionId="1478a04b-ddd3-451e-8751-035ca1805e5b" testListId="8c84fa94-04c1-424b-9868-57a2d4851a1d" />
    <TestEntry testId="6efe8c94-aeca-9a30-5500-ec59c816f237" executionId="c3c6220c-93fc-4258-8906-e585c4c6a322" testListId="8c84fa94-04c1-424b-9868-57a2d4851a1d" />
    <TestEntry testId="eb1b84dc-d7db-f2a7-decc-0d6c0eb864dd" executionId="eb3fc29a-19b7-4522-8f66-e8c41f6aacdd" testListId="8c84fa94-04c1-424b-9868-57a2d4851a1d" />
    <TestEntry testId="c4ad9168-0942-2fe7-58ae-fb96cd8c24e3" executionId="f3e43c20-56a4-40f1-b53e-a37c0187923b" testListId="8c84fa94-04c1-424b-9868-57a2d4851a1d" />
    <TestEntry testId="fe0075bd-0bd2-048b-470a-7c6feb3f4475" executionId="e117b5db-9c1e-4f51-9823-5b1c579acbe4" testListId="8c84fa94-04c1-424b-9868-57a2d4851a1d" />
    <TestEntry testId="1f6cec36-baad-2e1c-06fd-f55735ceffa5" executionId="6de836df-de85-4461-98f6-c6b2671f85b3" testListId="8c84fa94-04c1-424b-9868-57a2d4851a1d" />
    <TestEntry testId="081c4343-a198-b1eb-f580-496229767456" executionId="8a736c7b-830c-4c96-90b8-865230da2600" testListId="8c84fa94-04c1-424b-9868-57a2d4851a1d" />
    <TestEntry testId="fb50b0ec-bdc0-6133-0362-9315ff34d9c6" executionId="cfa5fc30-07c2-4d8a-9fb7-21ccbff304cc" testListId="8c84fa94-04c1-424b-9868-57a2d4851a1d" />
    <TestEntry testId="0b90b587-8a07-a415-5668-c92e433c53cf" executionId="3de38980-3e41-4c9b-9bf4-92b9f72430f5" testListId="8c84fa94-04c1-424b-9868-57a2d4851a1d" />
    <TestEntry testId="dde0bf41-16b3-f578-8d34-e6dc09cb1db1" executionId="1f5f7778-8ff7-4877-8611-24c365da1af9" testListId="8c84fa94-04c1-424b-9868-57a2d4851a1d" />
    <TestEntry testId="5c460a5a-0268-626b-700d-ed4cae528a9e" executionId="3d051882-0833-46ea-a517-4c327b4b3a9e" testListId="8c84fa94-04c1-424b-9868-57a2d4851a1d" />
    <TestEntry testId="3d21482f-835c-b4c0-4610-12e0db389ba6" executionId="73dd3b3c-187e-4d84-960b-601370074e69" testListId="8c84fa94-04c1-424b-9868-57a2d4851a1d" />
    <TestEntry testId="d26742f9-1dbc-92b8-ff4f-b2cfd1c24adf" executionId="6357b3b0-05ac-4d5b-8d8d-9081942088a5" testListId="8c84fa94-04c1-424b-9868-57a2d4851a1d" />
    <TestEntry testId="58465c1a-7b5a-d5fd-e467-184445674f7b" executionId="0cb116da-523e-4a74-bea1-4d0a29c86b8e" testListId="8c84fa94-04c1-424b-9868-57a2d4851a1d" />
    <TestEntry testId="5d9d8819-6aeb-7979-eb4e-aba3a07e8e98" executionId="c7f630df-d6b9-4574-b5af-b3eb7207d490" testListId="8c84fa94-04c1-424b-9868-57a2d4851a1d" />
    <TestEntry testId="16461f5b-0e5e-ea5c-2a79-bfbc5a4609a0" executionId="cf5da9eb-7583-4c0b-819c-8101c8c728e4" testListId="8c84fa94-04c1-424b-9868-57a2d4851a1d" />
    <TestEntry testId="e9ba6ba3-1864-d31d-1f8b-42363b1799b7" executionId="c305e276-ced8-4c94-9cc1-73e2e92d5a3f" testListId="8c84fa94-04c1-424b-9868-57a2d4851a1d" />
    <TestEntry testId="2f782a60-41d8-3f0c-3c0c-6b08996aadd4" executionId="ef1157d6-71ba-40b1-a41f-91e9a47a1097" testListId="8c84fa94-04c1-424b-9868-57a2d4851a1d" />
    <TestEntry testId="16ef2190-1f73-491e-22c1-38b1f96709f9" executionId="cac19e4f-3455-4126-9b2b-186a40c17edf" testListId="8c84fa94-04c1-424b-9868-57a2d4851a1d" />
    <TestEntry testId="19204f89-2f3e-d8c5-8a90-013beaa72f75" executionId="0ba6c127-5638-438d-bf6d-5f2a19168639" testListId="8c84fa94-04c1-424b-9868-57a2d4851a1d" />
    <TestEntry testId="c32958c4-2ff3-227c-18a5-c048e326503b" executionId="600834f8-5036-404f-9e33-502778b42aca" testListId="8c84fa94-04c1-424b-9868-57a2d4851a1d" />
    <TestEntry testId="df2d8e43-53ad-a069-83f3-f6ce5b005341" executionId="04520a42-18b7-4631-82e8-8d5804176587" testListId="8c84fa94-04c1-424b-9868-57a2d4851a1d" />
    <TestEntry testId="bc65e94b-7077-ded6-39f5-e5d52741d172" executionId="e25a1dd0-cb80-42f1-927a-4726faa63427" testListId="8c84fa94-04c1-424b-9868-57a2d4851a1d" />
    <TestEntry testId="ba7abc82-755e-df5e-a8e3-3dfd591bc900" executionId="e374d636-718c-45ef-aaea-0c70dbaf07d5" testListId="8c84fa94-04c1-424b-9868-57a2d4851a1d" />
    <TestEntry testId="1b2e8616-7f51-c63e-cff4-936a22dfdc28" executionId="957e583e-2b2b-4fc3-a113-3517eb8c362c" testListId="8c84fa94-04c1-424b-9868-57a2d4851a1d" />
    <TestEntry testId="699b078f-a222-7787-3662-050d26c63357" executionId="e39af4f4-5208-46dc-8b8a-10bff819e1b6" testListId="8c84fa94-04c1-424b-9868-57a2d4851a1d" />
    <TestEntry testId="fa8aae63-5ef0-a1a9-a31f-1d8503735aa9" executionId="1923ca38-ea97-40db-8807-8739e825e310" testListId="8c84fa94-04c1-424b-9868-57a2d4851a1d" />
    <TestEntry testId="d0c3469c-3e89-21a1-aed7-39e7e37890ac" executionId="e3843db5-678f-401d-b082-d3be810c01ae" testListId="8c84fa94-04c1-424b-9868-57a2d4851a1d" />
    <TestEntry testId="79131899-3123-4cc0-aa77-5eb1f6caec1e" executionId="20dea8e8-d99a-429e-bfef-ba49c0dd9cae" testListId="8c84fa94-04c1-424b-9868-57a2d4851a1d" />
    <TestEntry testId="dce8c19a-cd95-9820-a312-000e0497d5ed" executionId="09132351-0cb7-4686-a761-c9ce6b784bc7" testListId="8c84fa94-04c1-424b-9868-57a2d4851a1d" />
    <TestEntry testId="74215b49-55a4-8e1f-445d-b91dc36d327d" executionId="768c1bef-8347-45c8-a170-9f3e9bc42aa1" testListId="8c84fa94-04c1-424b-9868-57a2d4851a1d" />
    <TestEntry testId="8c74cf7e-2896-1468-27c7-3536171927b5" executionId="9010ff3f-a2d8-4fb4-96f2-95fce610d60d" testListId="8c84fa94-04c1-424b-9868-57a2d4851a1d" />
    <TestEntry testId="6be9e0f1-8680-6a8c-7f2d-3435bf3bdf1c" executionId="8059b189-dad3-45a5-9e57-b3b85af8e166" testListId="8c84fa94-04c1-424b-9868-57a2d4851a1d" />
    <TestEntry testId="07b49f7d-f75e-c010-85d4-a9e946decda8" executionId="1aa6f342-e16a-4b38-a57b-b41fed84df2f" testListId="8c84fa94-04c1-424b-9868-57a2d4851a1d" />
    <TestEntry testId="0c505b8c-5006-fc8b-5c09-18eca5f0d402" executionId="0c5baf63-392c-40cc-82f1-4a275c1bf4e7" testListId="8c84fa94-04c1-424b-9868-57a2d4851a1d" />
    <TestEntry testId="c1a40631-a0eb-3aff-c610-85c020b0e5ed" executionId="753868ab-b4d9-44d6-8192-b1762a5f4240" testListId="8c84fa94-04c1-424b-9868-57a2d4851a1d" />
    <TestEntry testId="c4a3af1c-22eb-ea6c-f993-4245be4aca99" executionId="13afcfb1-283f-406f-98dc-e8bb220e2eeb" testListId="8c84fa94-04c1-424b-9868-57a2d4851a1d" />
    <TestEntry testId="26481e20-cc11-a039-86e0-29ab721f71e4" executionId="38113fa6-3d00-47c5-aa04-97e68a8d2c00" testListId="8c84fa94-04c1-424b-9868-57a2d4851a1d" />
    <TestEntry testId="26524496-f7b2-b063-a4ad-84ece5cb6f77" executionId="0a0e0713-9669-4350-8564-024f07e00200" testListId="8c84fa94-04c1-424b-9868-57a2d4851a1d" />
    <TestEntry testId="83a80bc6-1e32-c826-00c2-28009b2ec3e2" executionId="68b7bf30-ccb3-40db-903b-9a72916e9aa6" testListId="8c84fa94-04c1-424b-9868-57a2d4851a1d" />
    <TestEntry testId="106d71a3-1d5f-9fbe-e2ab-cbe7ca159548" executionId="e20ee7a6-04d5-484b-b21a-8ca930c7bb97" testListId="8c84fa94-04c1-424b-9868-57a2d4851a1d" />
    <TestEntry testId="00ab9da5-4266-4353-9960-1936225879d1" executionId="8962447f-e654-46b8-9d7e-523f04999aa0" testListId="8c84fa94-04c1-424b-9868-57a2d4851a1d" />
    <TestEntry testId="b752c3a3-34d2-a6ba-c754-ff6ae312f261" executionId="e8ecac7d-d690-4a4c-a812-22ab8c119718" testListId="8c84fa94-04c1-424b-9868-57a2d4851a1d" />
    <TestEntry testId="608fe1d2-5a1d-7806-dcd6-c00ba3e670c6" executionId="6d983dee-80f9-4aef-bea1-3b063f767bc2" testListId="8c84fa94-04c1-424b-9868-57a2d4851a1d" />
    <TestEntry testId="f301a23f-015a-f0ec-b26c-2f88b9fde999" executionId="9cda9511-e110-481a-8ef9-e081cd57628d" testListId="8c84fa94-04c1-424b-9868-57a2d4851a1d" />
    <TestEntry testId="56492bfc-e924-0da8-97a1-130598b24e73" executionId="ce1225a8-dc6d-4427-b486-a312902659a4" testListId="8c84fa94-04c1-424b-9868-57a2d4851a1d" />
    <TestEntry testId="438073fc-df09-d208-e6ce-3a85df08aee3" executionId="6881e168-068c-4643-8e8d-f51a25bd1e2d" testListId="8c84fa94-04c1-424b-9868-57a2d4851a1d" />
    <TestEntry testId="da0c0bf8-239a-7aba-56e6-296b433406d6" executionId="9ee6ee91-aa5f-4d18-8ccf-245d792cb24a" testListId="8c84fa94-04c1-424b-9868-57a2d4851a1d" />
    <TestEntry testId="d56a5580-e7b0-5ea5-e686-7d25ff67bf27" executionId="70c46b02-d22c-4a9e-a375-e51e4d3f2bb4" testListId="8c84fa94-04c1-424b-9868-57a2d4851a1d" />
    <TestEntry testId="5ee6d11f-092e-0ef4-fdfd-3cce1d9a2396" executionId="b48a9653-201e-402f-9778-03a5513e4d92" testListId="8c84fa94-04c1-424b-9868-57a2d4851a1d" />
    <TestEntry testId="24537c5d-0e18-40d7-eccf-628595fc74d0" executionId="eded7c10-2627-4dd6-be88-84fd5ebf6a15" testListId="8c84fa94-04c1-424b-9868-57a2d4851a1d" />
    <TestEntry testId="5e65393c-9ef4-eb3c-77a0-b94e35a5390b" executionId="0aae149e-2eae-4ec7-b177-d1bd4f183a8f" testListId="8c84fa94-04c1-424b-9868-57a2d4851a1d" />
    <TestEntry testId="a8be2e44-1e18-5f0a-228d-6feb6223854f" executionId="f7599263-0b04-4e16-a7b1-66232610e192" testListId="8c84fa94-04c1-424b-9868-57a2d4851a1d" />
    <TestEntry testId="e87f4494-6da9-6a97-2951-902f343e49f5" executionId="bbf51ff7-ceee-4664-a6b2-39bdfa0db99b" testListId="8c84fa94-04c1-424b-9868-57a2d4851a1d" />
    <TestEntry testId="7a800d9c-4d81-45c4-0be9-c8a81f675f64" executionId="7fdf5dac-35f7-467e-995c-30d7d7cce510" testListId="8c84fa94-04c1-424b-9868-57a2d4851a1d" />
    <TestEntry testId="0a1a861b-78e7-d25e-7a3d-2530f3c7ef9c" executionId="075a4635-2c76-46b5-bda1-0f4d4f549c27" testListId="8c84fa94-04c1-424b-9868-57a2d4851a1d" />
    <TestEntry testId="add72046-ccff-bd30-3e2d-67324405212d" executionId="76b73836-ea4c-4041-b955-89503dd34cb2" testListId="8c84fa94-04c1-424b-9868-57a2d4851a1d" />
    <TestEntry testId="6c2931ba-0104-f8f3-2bd2-0063815f613e" executionId="d9eeab1b-8e24-4c94-a611-22d53ae20559" testListId="8c84fa94-04c1-424b-9868-57a2d4851a1d" />
    <TestEntry testId="ad6256fd-49a6-5d29-9f2f-3c372f001088" executionId="0bc22698-abb3-4f9f-b2de-a86a178dd77c" testListId="8c84fa94-04c1-424b-9868-57a2d4851a1d" />
    <TestEntry testId="3631f1f6-6900-dfb5-ee94-5ceee6bb0502" executionId="a9d6aec3-6f9c-4a19-aff1-cafa1bc3aebd" testListId="8c84fa94-04c1-424b-9868-57a2d4851a1d" />
    <TestEntry testId="316277fd-539f-25c2-f623-4a6c706cc2e7" executionId="458475b6-ba84-4c66-8f61-6f3bb7d13bac" testListId="8c84fa94-04c1-424b-9868-57a2d4851a1d" />
    <TestEntry testId="7fd6ee50-38fb-1f6d-2981-36624ef9879d" executionId="5d8d2e6d-5472-4101-ae18-d40eaa862dc6" testListId="8c84fa94-04c1-424b-9868-57a2d4851a1d" />
    <TestEntry testId="57c932be-d3b9-44d8-d536-6e31ea38d779" executionId="a689e1fc-f2c9-4ce4-8929-e5a35d902313" testListId="8c84fa94-04c1-424b-9868-57a2d4851a1d" />
    <TestEntry testId="c583de72-3f5a-0008-9118-e3b03fd1745a" executionId="17fed5f5-72a0-44ff-bf02-422ea7cc8d67" testListId="8c84fa94-04c1-424b-9868-57a2d4851a1d" />
    <TestEntry testId="d9016ccb-6373-93ce-9f29-6dd7720f2ced" executionId="b8e0738b-0c44-4a6f-aa17-31b39ee8789b" testListId="8c84fa94-04c1-424b-9868-57a2d4851a1d" />
    <TestEntry testId="a611c0f1-bfc5-9afd-c5d5-7057807e80b7" executionId="409eb586-2ca8-4d4d-a033-9914fb9caffb" testListId="8c84fa94-04c1-424b-9868-57a2d4851a1d" />
    <TestEntry testId="fd3a67c1-20b0-7edb-67ac-0abacf5758e9" executionId="6e39cd93-561b-485d-9057-cdb8225b2f38" testListId="8c84fa94-04c1-424b-9868-57a2d4851a1d" />
    <TestEntry testId="ed23cd15-75c6-7b75-8f32-f4009f4dc94d" executionId="0b89498f-e423-4ccc-a747-95a7b95dfd83" testListId="8c84fa94-04c1-424b-9868-57a2d4851a1d" />
    <TestEntry testId="6d09ffad-009b-7d2f-ac9e-73450c5425cf" executionId="19aa8efd-256b-42f4-b0eb-b49429e0833d" testListId="8c84fa94-04c1-424b-9868-57a2d4851a1d" />
    <TestEntry testId="64729b3e-9085-5c69-7b5e-5676ffd45abb" executionId="e8cda0c1-40cc-4f4f-9bda-57607fa417c9" testListId="8c84fa94-04c1-424b-9868-57a2d4851a1d" />
    <TestEntry testId="eed6059b-448f-9450-7b36-e01e8b5e1322" executionId="ca85f629-d3ba-4556-83c9-14026bed890f" testListId="8c84fa94-04c1-424b-9868-57a2d4851a1d" />
    <TestEntry testId="b6826cf0-8226-8aee-6843-71579432701f" executionId="cb880f64-0d78-4f91-a503-4650ca36ad16" testListId="8c84fa94-04c1-424b-9868-57a2d4851a1d" />
    <TestEntry testId="6d744b39-535d-b171-cdba-89a61515c153" executionId="617b645e-9420-4404-8fc9-25e1981672ee" testListId="8c84fa94-04c1-424b-9868-57a2d4851a1d" />
    <TestEntry testId="b76ef51e-8339-e9f8-da0f-bcb30f07d332" executionId="6f1ecdba-a019-4718-a1b9-aec3c54315af" testListId="8c84fa94-04c1-424b-9868-57a2d4851a1d" />
    <TestEntry testId="b6e3dd57-8de7-8937-780f-03582637681d" executionId="0fe329e2-852b-4b70-99eb-1541437fff9b" testListId="8c84fa94-04c1-424b-9868-57a2d4851a1d" />
    <TestEntry testId="0df604f8-9784-e4da-498a-84a4eb47996a" executionId="0cbd1999-0346-4f8b-b8f3-a224cf0b5649" testListId="8c84fa94-04c1-424b-9868-57a2d4851a1d" />
    <TestEntry testId="d406bc19-75a3-3b49-87d9-9611bef3a149" executionId="3f21e4c8-fca4-4dd1-be6f-b3faa0c67f29" testListId="8c84fa94-04c1-424b-9868-57a2d4851a1d" />
    <TestEntry testId="67d7b143-99f2-5344-a5b1-7efe78f465d7" executionId="c62c2868-64e3-46ae-9173-195f84689e39" testListId="8c84fa94-04c1-424b-9868-57a2d4851a1d" />
    <TestEntry testId="6041e855-6e16-fdd0-edb8-bddfeadf60e9" executionId="5302368e-1231-494e-8cf1-21927c373526" testListId="8c84fa94-04c1-424b-9868-57a2d4851a1d" />
    <TestEntry testId="f9915989-2d3b-ae48-0f3e-fb7284bad1c4" executionId="deca9b86-a453-4796-bd35-a5704c3af1f5" testListId="8c84fa94-04c1-424b-9868-57a2d4851a1d" />
    <TestEntry testId="4dcdae58-fdaf-cc1d-331a-86b37afe9b16" executionId="baa23209-8fd7-4b42-ace9-bdc7367ff7c8" testListId="8c84fa94-04c1-424b-9868-57a2d4851a1d" />
    <TestEntry testId="82766488-ceed-2ffd-be5d-61b1a33ab411" executionId="ad9dd8b4-a6d4-45e7-98c5-e408908f57db" testListId="8c84fa94-04c1-424b-9868-57a2d4851a1d" />
    <TestEntry testId="6ec108b0-9a8f-beb1-0bb5-ae3aab850ce1" executionId="ae566f29-2497-48b6-a604-6a9fffa2ff4b" testListId="8c84fa94-04c1-424b-9868-57a2d4851a1d" />
    <TestEntry testId="674e72c2-4855-03f8-b89d-08191aa4f180" executionId="f0bd2a77-64ca-44b5-bf75-a6f02b638a4c" testListId="8c84fa94-04c1-424b-9868-57a2d4851a1d" />
    <TestEntry testId="a822e5f0-a48f-29ac-c584-16d46763d6a6" executionId="58929535-cfe5-4efc-bf74-c2342d7bb085" testListId="8c84fa94-04c1-424b-9868-57a2d4851a1d" />
    <TestEntry testId="239e426c-c635-a194-ac22-57376b0f78c1" executionId="692384fc-0190-4a80-b872-0f35b7a6b446" testListId="8c84fa94-04c1-424b-9868-57a2d4851a1d" />
    <TestEntry testId="c8e3cfe0-2528-345a-19f4-9ae3b6922439" executionId="f1205344-b46b-4187-8d59-530b642eed74" testListId="8c84fa94-04c1-424b-9868-57a2d4851a1d" />
    <TestEntry testId="de7b907d-6191-4d8c-973b-2cc373c72fb7" executionId="edba867b-fa88-419e-8fa8-575d02025d12" testListId="8c84fa94-04c1-424b-9868-57a2d4851a1d" />
    <TestEntry testId="a471cbe6-ddac-d857-6850-01d41582ed50" executionId="95ee69af-510b-44b2-b725-36980e050e59" testListId="8c84fa94-04c1-424b-9868-57a2d4851a1d" />
    <TestEntry testId="f3679da5-cb69-ddd9-d52e-178c8689e487" executionId="74415212-7044-425e-bbd9-0a3a6fb7f62e" testListId="8c84fa94-04c1-424b-9868-57a2d4851a1d" />
    <TestEntry testId="a8c51ba9-0ff1-9c79-d0ec-d8c043c3c3a6" executionId="d6f8c689-3d24-4899-94bd-6c4614ccca31" testListId="8c84fa94-04c1-424b-9868-57a2d4851a1d" />
    <TestEntry testId="d9f94ef3-bb07-d44b-bd02-b9d9f8d4104c" executionId="ec589408-6f2b-4b7d-82cb-02b5378f959d" testListId="8c84fa94-04c1-424b-9868-57a2d4851a1d" />
    <TestEntry testId="6f640814-d3f6-4cca-810d-6757a9bb0070" executionId="bdf3c819-c457-43df-8559-563bca932793" testListId="8c84fa94-04c1-424b-9868-57a2d4851a1d" />
    <TestEntry testId="e3444bb7-a660-f537-cb8c-fe8bebcfd07e" executionId="6cbb4a2f-6f14-464f-b41a-7f0c04664da6" testListId="8c84fa94-04c1-424b-9868-57a2d4851a1d" />
    <TestEntry testId="7768534f-3a50-2837-2cf8-d7b19ea18fad" executionId="f6c6b108-327d-4a83-91e6-af9436b351bf" testListId="8c84fa94-04c1-424b-9868-57a2d4851a1d" />
    <TestEntry testId="32737ccc-f4e4-41f8-f0ad-055b27a15738" executionId="a61650dc-588d-4f58-8a27-59a020f7f9f3" testListId="8c84fa94-04c1-424b-9868-57a2d4851a1d" />
    <TestEntry testId="c68f1a33-bf3d-7b4f-1f09-0687ed5a3cd4" executionId="6d1edea8-ccea-4272-a49d-d2ba19aec8f5" testListId="8c84fa94-04c1-424b-9868-57a2d4851a1d" />
    <TestEntry testId="77816f4d-afef-156b-4369-3e8ff49547a2" executionId="2e704172-deea-4389-bf3b-cad399295e41" testListId="8c84fa94-04c1-424b-9868-57a2d4851a1d" />
    <TestEntry testId="d7fc06cb-4a54-752b-3aa7-d677630a2735" executionId="5ef53999-2f86-4d77-b661-14719bc97b95" testListId="8c84fa94-04c1-424b-9868-57a2d4851a1d" />
    <TestEntry testId="edaf2d5a-d6de-d234-0de7-8249b2681bd2" executionId="45676d3f-d774-49fb-9fe3-181730196632" testListId="8c84fa94-04c1-424b-9868-57a2d4851a1d" />
    <TestEntry testId="9ca81a59-57d6-a24c-44b8-40b1eb7b96a7" executionId="837282fa-ac26-4344-a399-75294aa538f0" testListId="8c84fa94-04c1-424b-9868-57a2d4851a1d" />
    <TestEntry testId="128ee75a-3510-32e9-4dad-17481f92d39b" executionId="6533661b-6c15-490d-b081-49ffc02b7eb8" testListId="8c84fa94-04c1-424b-9868-57a2d4851a1d" />
    <TestEntry testId="acc5ed19-756d-b7df-a160-4ba93c70e6ba" executionId="15da7868-4671-4a43-aba9-f5a497ae010f" testListId="8c84fa94-04c1-424b-9868-57a2d4851a1d" />
    <TestEntry testId="eebb789d-9075-29b8-d21a-6a5989c99eae" executionId="8b1c4d20-0bda-48d8-807c-256aa19aedab" testListId="8c84fa94-04c1-424b-9868-57a2d4851a1d" />
    <TestEntry testId="3042884a-806d-fdc5-f46f-21a0099720fb" executionId="3f7f1c55-4d75-4ccb-a48b-19cb45098014" testListId="8c84fa94-04c1-424b-9868-57a2d4851a1d" />
    <TestEntry testId="04af69a6-c87c-9eab-a9d2-e2c9f7840271" executionId="81e8cb79-2dcc-47ad-bb64-4478980f762c" testListId="8c84fa94-04c1-424b-9868-57a2d4851a1d" />
    <TestEntry testId="4af2b2ec-6d57-1ccb-ef9c-1fde4b10ea3a" executionId="7e2a70eb-0854-48b2-b2f9-37acecafca87" testListId="8c84fa94-04c1-424b-9868-57a2d4851a1d" />
    <TestEntry testId="991f2985-16ae-d801-ea17-9f16e130eab9" executionId="8e3dc2ec-dc29-47c3-bc87-5749b8be95ea" testListId="8c84fa94-04c1-424b-9868-57a2d4851a1d" />
    <TestEntry testId="8471d281-7987-c3f2-f68c-5a75fbc8613e" executionId="1bca1507-6371-432c-b5ed-1c5a58ce2463" testListId="8c84fa94-04c1-424b-9868-57a2d4851a1d" />
    <TestEntry testId="1ec9a971-ccf7-6574-f711-75d27027d1b1" executionId="e49d1ae2-aa3c-43aa-9d81-3ff9cde2f92d" testListId="8c84fa94-04c1-424b-9868-57a2d4851a1d" />
    <TestEntry testId="d07997d8-3ad9-b5cb-508e-dc6b69f27ae6" executionId="70072e3d-7830-43a3-83ef-91d05eda419a" testListId="8c84fa94-04c1-424b-9868-57a2d4851a1d" />
    <TestEntry testId="ca5b5852-539b-3641-1aa3-89a4e580dde3" executionId="ab9abca1-4717-4673-ae06-5a883409ca54" testListId="8c84fa94-04c1-424b-9868-57a2d4851a1d" />
    <TestEntry testId="8b9b2119-6a34-92eb-9dd5-7135d26b5a38" executionId="5a16a9db-e074-44f8-894d-bf568191e183" testListId="8c84fa94-04c1-424b-9868-57a2d4851a1d" />
    <TestEntry testId="42dce079-c8cf-62fa-c9ff-9e14c4f58eaa" executionId="faaa7265-93c9-42e4-91b9-43781eb8d866" testListId="8c84fa94-04c1-424b-9868-57a2d4851a1d" />
    <TestEntry testId="ba53baed-f5ba-708c-6942-501f1bbdacdf" executionId="2fd57260-c991-4f35-b522-5ad34bf5ed9d" testListId="8c84fa94-04c1-424b-9868-57a2d4851a1d" />
    <TestEntry testId="dcc9a572-4fad-5cea-f758-fa21ff5f3459" executionId="eb6d142b-6637-409d-a17b-9b8a3e4dd94b" testListId="8c84fa94-04c1-424b-9868-57a2d4851a1d" />
    <TestEntry testId="ff1e69eb-085c-6199-f57b-ed916e916920" executionId="9977ea88-6974-49ec-ade6-a7aa3c2e209d" testListId="8c84fa94-04c1-424b-9868-57a2d4851a1d" />
    <TestEntry testId="3766b0af-d418-58ea-edb7-c36f6905467d" executionId="830aa70a-fb81-4941-aa28-9550dff89e6b" testListId="8c84fa94-04c1-424b-9868-57a2d4851a1d" />
    <TestEntry testId="e06ffeba-d059-aca0-13bd-f641f573dee2" executionId="7b207214-540c-4702-8b3c-bba73fede775" testListId="8c84fa94-04c1-424b-9868-57a2d4851a1d" />
    <TestEntry testId="118a898a-2297-4a5a-1659-18f02c717bf6" executionId="1c685252-040e-44eb-830a-50d95b016eb3" testListId="8c84fa94-04c1-424b-9868-57a2d4851a1d" />
    <TestEntry testId="a6d21258-1914-9652-ed82-cf56c366db43" executionId="beae6d8f-1453-43f4-8a13-4e2f162d91fc" testListId="8c84fa94-04c1-424b-9868-57a2d4851a1d" />
    <TestEntry testId="18f6f241-7657-bccd-6e57-dada82478948" executionId="e86ab5ca-4083-4fc5-a938-39700b94abe0" testListId="8c84fa94-04c1-424b-9868-57a2d4851a1d" />
    <TestEntry testId="d9684e0f-2086-d83e-23a3-04b6d52307fb" executionId="60e8c09b-06cb-432b-944d-d02e6b0ea342" testListId="8c84fa94-04c1-424b-9868-57a2d4851a1d" />
    <TestEntry testId="40596cb0-9252-df2e-a81d-60fc4091b4b9" executionId="f3d2f54b-583d-4d7d-b49e-d2dbab1069fe" testListId="8c84fa94-04c1-424b-9868-57a2d4851a1d" />
    <TestEntry testId="41ecebc9-74af-42bd-181b-155796a14796" executionId="5c77c1c6-bfce-4fb5-a0e1-47d9bf04ad86" testListId="8c84fa94-04c1-424b-9868-57a2d4851a1d" />
    <TestEntry testId="225c1221-23ca-3f97-5645-e808e340bd1d" executionId="d1bf9147-d75a-4cc9-9ad6-83ae6fb93e5f" testListId="8c84fa94-04c1-424b-9868-57a2d4851a1d" />
    <TestEntry testId="89d94204-6859-08fd-f562-7b24bf2cea08" executionId="679a64e3-5293-43e7-931c-56eb8fa8a383" testListId="8c84fa94-04c1-424b-9868-57a2d4851a1d" />
    <TestEntry testId="01823501-c211-fcf8-f3bc-3f1317bdb6c6" executionId="cbe341e7-92aa-466b-82a9-67d1f3c3470d" testListId="8c84fa94-04c1-424b-9868-57a2d4851a1d" />
    <TestEntry testId="a2f92813-cd64-b1c8-73e7-623cfb63d167" executionId="13c6e4c2-90ce-4522-bced-4ab50493893a" testListId="8c84fa94-04c1-424b-9868-57a2d4851a1d" />
    <TestEntry testId="b455aebb-373b-8895-d2db-ca3faffe0264" executionId="e187d984-6962-4303-aecf-b61433439e80" testListId="8c84fa94-04c1-424b-9868-57a2d4851a1d" />
    <TestEntry testId="c5fbc3fb-b202-c792-eb13-27240e349d77" executionId="8ba3498e-1d03-48bb-8277-b1d27bfdc457" testListId="8c84fa94-04c1-424b-9868-57a2d4851a1d" />
    <TestEntry testId="e420af2e-a5a3-9089-0a8f-66e455f4e5c8" executionId="93875e21-2b80-4769-b607-d926024ddf47" testListId="8c84fa94-04c1-424b-9868-57a2d4851a1d" />
    <TestEntry testId="e6325c4d-0d1b-48f8-5d01-528c8025c1ef" executionId="a526f6c9-170c-4299-824e-a910aee5df43" testListId="8c84fa94-04c1-424b-9868-57a2d4851a1d" />
    <TestEntry testId="0082ec55-23a0-7970-6e7e-7fe788b9f353" executionId="fd689b6d-934b-4538-a5f1-96ffb025a794" testListId="8c84fa94-04c1-424b-9868-57a2d4851a1d" />
    <TestEntry testId="0af15279-8524-5c45-60fc-fbd5462c6ee3" executionId="52f3b777-8e6d-4551-8b2d-f335df204b88" testListId="8c84fa94-04c1-424b-9868-57a2d4851a1d" />
    <TestEntry testId="02ce5419-6f83-a028-3fcf-e162973483ee" executionId="662d4d13-880a-4cbd-a9b8-81b0107bacda" testListId="8c84fa94-04c1-424b-9868-57a2d4851a1d" />
    <TestEntry testId="b7e3ed28-8792-7bc7-d8bb-08f9024403b9" executionId="5417ba6f-7dd7-415e-8d0a-fea739af1647" testListId="8c84fa94-04c1-424b-9868-57a2d4851a1d" />
    <TestEntry testId="919d167e-0489-49fa-867a-b28fe7b95b8b" executionId="9634e194-48aa-48fb-af85-2d5fdd3409f3" testListId="8c84fa94-04c1-424b-9868-57a2d4851a1d" />
    <TestEntry testId="54f7231c-4046-ddec-efc0-d026fa970b98" executionId="0bacf1c4-083e-4b00-8f00-5db02bcbe4e7" testListId="8c84fa94-04c1-424b-9868-57a2d4851a1d" />
    <TestEntry testId="36579588-9e16-7162-cec9-c9545c4c4e7c" executionId="f7e67c8a-0aa3-4e65-bbd8-e92964249ee2" testListId="8c84fa94-04c1-424b-9868-57a2d4851a1d" />
    <TestEntry testId="a0a4a26c-e5c7-453e-8749-f5f247d9d460" executionId="c3f547ba-c7fa-46ad-a877-14ca5fa948e1" testListId="8c84fa94-04c1-424b-9868-57a2d4851a1d" />
    <TestEntry testId="2daa125b-cbaf-bd8c-2afa-e5e7a5b0028e" executionId="292078d4-25a0-4ff8-8cf1-115d937b62e5" testListId="8c84fa94-04c1-424b-9868-57a2d4851a1d" />
    <TestEntry testId="6c1de0b2-9f2c-f96f-0337-758f086b8199" executionId="e5cd69da-1ee0-4cbb-89dd-d44234a8aa31" testListId="8c84fa94-04c1-424b-9868-57a2d4851a1d" />
    <TestEntry testId="23389cd4-cd53-51f9-ea03-100b46c66dea" executionId="f9aaa44c-d8ab-4b39-948c-29661da1ef6d" testListId="8c84fa94-04c1-424b-9868-57a2d4851a1d" />
    <TestEntry testId="7d16c53f-5b8c-20c1-78c0-f6a7c53570e6" executionId="fea7872f-88d1-4582-a88c-42904a61d830" testListId="8c84fa94-04c1-424b-9868-57a2d4851a1d" />
    <TestEntry testId="e1f831ed-918d-20f9-012c-486e00c41ebe" executionId="ffad8583-212a-465f-9d3f-9bc42cfbf771" testListId="8c84fa94-04c1-424b-9868-57a2d4851a1d" />
    <TestEntry testId="f97c6d21-26d6-01c9-c3af-ff29d0c83a7c" executionId="01d41402-429f-4602-9ba7-f49e549da120" testListId="8c84fa94-04c1-424b-9868-57a2d4851a1d" />
    <TestEntry testId="ae718779-653e-6c75-7dc0-1104d37b58a2" executionId="a771e354-e048-46b5-b3de-765554dc6f29" testListId="8c84fa94-04c1-424b-9868-57a2d4851a1d" />
    <TestEntry testId="871f8fb2-ea4c-5888-ad3a-806fd772a2ef" executionId="8057f3be-50ab-4533-a380-e72dd75e0c73" testListId="8c84fa94-04c1-424b-9868-57a2d4851a1d" />
    <TestEntry testId="d887deae-a137-c36d-7b57-81b6e0173829" executionId="c68e6cd0-2eb1-4c9f-973b-e68c2fe4fc86" testListId="8c84fa94-04c1-424b-9868-57a2d4851a1d" />
    <TestEntry testId="e401551b-645d-a000-6212-1dcbb32da72a" executionId="f039527f-15b1-4203-b347-698a546a363a" testListId="8c84fa94-04c1-424b-9868-57a2d4851a1d" />
    <TestEntry testId="e686ecec-df6b-cc83-74a3-95140c17e2f4" executionId="1e0f4e4c-625a-4227-9133-d332381f6b07" testListId="8c84fa94-04c1-424b-9868-57a2d4851a1d" />
    <TestEntry testId="a6e4ad87-2576-c8ef-87da-6cb2f57795fd" executionId="850e6e92-ebdd-46ee-9a02-b592e293e5bd" testListId="8c84fa94-04c1-424b-9868-57a2d4851a1d" />
    <TestEntry testId="68b79cb8-5143-d0df-fd0c-6bdd07e7bc95" executionId="992c5927-841f-4519-bcea-202e3f4a4a9a" testListId="8c84fa94-04c1-424b-9868-57a2d4851a1d" />
    <TestEntry testId="b48dddd2-4e1b-3a04-70a3-4c778c56c09b" executionId="f6b29873-0fce-402a-9ea9-a722c98d00a5" testListId="8c84fa94-04c1-424b-9868-57a2d4851a1d" />
    <TestEntry testId="da7a0998-e8c8-4a1d-4761-b03db06ddcc1" executionId="6789d499-d490-49cc-938a-2d02dc5419e3" testListId="8c84fa94-04c1-424b-9868-57a2d4851a1d" />
    <TestEntry testId="677f09e1-94cd-513e-6097-74e7f6a74112" executionId="e4ff1fa9-f69c-474f-a3d9-ac8c1d4ae311" testListId="8c84fa94-04c1-424b-9868-57a2d4851a1d" />
    <TestEntry testId="8107ae31-02e6-b704-c1a1-a5b4ffbd05bb" executionId="abebb2d3-8460-425b-a3a2-6062536681a7" testListId="8c84fa94-04c1-424b-9868-57a2d4851a1d" />
    <TestEntry testId="5f7a8e66-9d98-684a-9ca4-8a93732e2d12" executionId="d87c25fa-7b8e-465b-bdd7-f944a7a50c9c" testListId="8c84fa94-04c1-424b-9868-57a2d4851a1d" />
    <TestEntry testId="65d02e26-f6f3-f5a7-04d0-8af53f7c9611" executionId="555c5cdd-e322-463f-83d9-732b845a1f38" testListId="8c84fa94-04c1-424b-9868-57a2d4851a1d" />
    <TestEntry testId="fc461f5d-56c6-d714-054f-9ed9be7f9933" executionId="a5e14239-a598-4b3a-a929-829b6448412e" testListId="8c84fa94-04c1-424b-9868-57a2d4851a1d" />
    <TestEntry testId="bb9c2e9b-3b0b-a046-d485-0e15e3c4139e" executionId="d1b612e1-99e8-4aaa-907e-197b7fa22051" testListId="8c84fa94-04c1-424b-9868-57a2d4851a1d" />
    <TestEntry testId="68377dec-78a1-9e58-48ed-4d7646bf5d48" executionId="84144358-6a0d-4bd2-9f2f-0ad6813176c8" testListId="8c84fa94-04c1-424b-9868-57a2d4851a1d" />
    <TestEntry testId="09e76122-7a5e-ee6c-f934-11aea6276013" executionId="45b6f293-8af0-40e1-8528-9c607a2165cb" testListId="8c84fa94-04c1-424b-9868-57a2d4851a1d" />
    <TestEntry testId="a0d73a5a-c44d-12f6-bc44-9638d2557ee9" executionId="83e62317-42bb-4451-bacc-25ab1f2b3757" testListId="8c84fa94-04c1-424b-9868-57a2d4851a1d" />
    <TestEntry testId="b9b754c8-f714-8344-be20-9f6c2138c38b" executionId="8ce55a58-295f-44b9-80bd-02641d385098" testListId="8c84fa94-04c1-424b-9868-57a2d4851a1d" />
    <TestEntry testId="6bae33fa-e48a-771f-68c8-433a455bd508" executionId="1ddb3626-a3ed-42e9-ba06-f23dcd7cee86" testListId="8c84fa94-04c1-424b-9868-57a2d4851a1d" />
    <TestEntry testId="20ce8064-cee4-c7ed-ed78-b9a86833c4d6" executionId="8cf765cf-5aec-4b2d-b6b8-9a9c8377128a" testListId="8c84fa94-04c1-424b-9868-57a2d4851a1d" />
    <TestEntry testId="7a2f02f2-38dc-f21f-ced5-a6bb14b1d39f" executionId="680bb96c-7fb8-4302-a634-c083ca665f02" testListId="8c84fa94-04c1-424b-9868-57a2d4851a1d" />
    <TestEntry testId="155552b9-5772-8b68-2831-a815d3b75c3a" executionId="a3d48dc5-f335-47e1-9c0c-6954c7d7b0c6" testListId="8c84fa94-04c1-424b-9868-57a2d4851a1d" />
    <TestEntry testId="a1c7d30f-45fb-a8e2-c715-87d5532a8b7a" executionId="28457f9a-bc3c-443e-8112-62ae1da926ef" testListId="8c84fa94-04c1-424b-9868-57a2d4851a1d" />
    <TestEntry testId="4765fad6-3a2e-3331-c764-b27e0bb9a9e9" executionId="9a4b11a2-2760-4f11-b1d6-eb37be29ba09" testListId="8c84fa94-04c1-424b-9868-57a2d4851a1d" />
    <TestEntry testId="17c78595-48aa-bed2-a9b1-5f1f2a0ee126" executionId="eab83361-48a7-4b05-abdf-3870edcac50f" testListId="8c84fa94-04c1-424b-9868-57a2d4851a1d" />
    <TestEntry testId="67109af0-8fef-f227-7dc4-d5deed9c45c3" executionId="43864b38-587a-4cf5-acbb-257414a3f0bc" testListId="8c84fa94-04c1-424b-9868-57a2d4851a1d" />
    <TestEntry testId="ae554e2f-9239-c2e4-e83d-b0868067315c" executionId="f91c73e7-757a-42da-a1a3-add3f1706f11" testListId="8c84fa94-04c1-424b-9868-57a2d4851a1d" />
    <TestEntry testId="b45e8f90-18e0-9f3b-9e1e-d9a9792c1737" executionId="dd305653-b6cc-44a1-ae21-8bc938b30407" testListId="8c84fa94-04c1-424b-9868-57a2d4851a1d" />
    <TestEntry testId="d5f61ed0-6999-349f-54f4-28cd8e1c01d4" executionId="6c3df31e-e47d-4596-8534-a13d576fa23a" testListId="8c84fa94-04c1-424b-9868-57a2d4851a1d" />
    <TestEntry testId="a419c818-7a3d-445b-18e2-f3e57d583b25" executionId="abc3c63f-e099-4405-a9ea-3d4a1130ccde" testListId="8c84fa94-04c1-424b-9868-57a2d4851a1d" />
    <TestEntry testId="3327bd38-891d-1d5d-78a0-4d48beed5153" executionId="7048c359-00bc-4fa7-a9fe-3512c22f3c2b" testListId="8c84fa94-04c1-424b-9868-57a2d4851a1d" />
    <TestEntry testId="5b486404-8f00-6564-3c4d-715431cb2988" executionId="c9f232cd-eab0-4aff-9375-47a211ef7a9f" testListId="8c84fa94-04c1-424b-9868-57a2d4851a1d" />
    <TestEntry testId="ac3b128e-d3d5-4265-9aef-591cc4d52713" executionId="2290b146-9fd2-4b07-b1cb-de91865c72e5" testListId="8c84fa94-04c1-424b-9868-57a2d4851a1d" />
    <TestEntry testId="260524ed-9ccb-fcbe-2b3e-e18ae630c651" executionId="9dbde271-3d18-4b97-a9c5-53f991cffaac" testListId="8c84fa94-04c1-424b-9868-57a2d4851a1d" />
    <TestEntry testId="a716168d-d91b-5f0c-aea6-10dcb52933ff" executionId="8a39c646-9aac-41ec-9e70-0898d0f33554" testListId="8c84fa94-04c1-424b-9868-57a2d4851a1d" />
    <TestEntry testId="e204b994-8542-723e-2ecb-f4a2635131f6" executionId="0e578636-c01f-45f8-a246-11c59c106075" testListId="8c84fa94-04c1-424b-9868-57a2d4851a1d" />
    <TestEntry testId="2633d95f-7136-86b5-7f5b-198e049e0830" executionId="aa7207f8-43c9-4a14-bf46-8a75dca41bf7" testListId="8c84fa94-04c1-424b-9868-57a2d4851a1d" />
    <TestEntry testId="71e43180-9fc8-09e3-4a30-1f1c3dd44699" executionId="9e425898-a41c-4e5d-8dd3-6f27ee392317" testListId="8c84fa94-04c1-424b-9868-57a2d4851a1d" />
    <TestEntry testId="2f4e268f-1d7b-cb93-a667-6924f4c56a4a" executionId="72fb597a-8f93-4301-afed-25b05e2bb303" testListId="8c84fa94-04c1-424b-9868-57a2d4851a1d" />
    <TestEntry testId="38b9ac66-3a52-c107-e4a8-1e404bb2068f" executionId="51807d4d-0915-4745-b663-0098189be276" testListId="8c84fa94-04c1-424b-9868-57a2d4851a1d" />
    <TestEntry testId="1406500a-04ca-57f0-a5cb-8c6eb46c5bb0" executionId="7ae22837-4655-47ab-9d93-a6707fafeffd" testListId="8c84fa94-04c1-424b-9868-57a2d4851a1d" />
    <TestEntry testId="646c80d4-1e6f-e318-95ec-045cb0052e57" executionId="2d0038fe-e3d9-436a-b61b-32706a9807db" testListId="8c84fa94-04c1-424b-9868-57a2d4851a1d" />
    <TestEntry testId="a6d9dfc6-6817-dcd7-6452-44e3098e1ac7" executionId="b76df5d0-5f07-43f6-a5ad-d4b19d78d558" testListId="8c84fa94-04c1-424b-9868-57a2d4851a1d" />
    <TestEntry testId="47861679-f894-bec9-8662-e7d728bdbcad" executionId="4301b12d-e418-49ee-b544-e7f9423a2fea" testListId="8c84fa94-04c1-424b-9868-57a2d4851a1d" />
    <TestEntry testId="8a11aa34-8d16-44d7-ca72-4c2ea9a83fb4" executionId="8b2eb7c1-2951-481a-adc4-725f160ad9f3" testListId="8c84fa94-04c1-424b-9868-57a2d4851a1d" />
    <TestEntry testId="75672b29-c2e6-e6b5-2b1f-3093819db5a8" executionId="0e0957a8-f456-4159-8415-7a4f9cef46ed" testListId="8c84fa94-04c1-424b-9868-57a2d4851a1d" />
    <TestEntry testId="d2bd055b-7295-0586-37a3-7855db628628" executionId="a1479384-5880-4a47-a033-a16e88b51ea4" testListId="8c84fa94-04c1-424b-9868-57a2d4851a1d" />
    <TestEntry testId="6d66efff-0b26-7f94-11b1-e4e66ca6e844" executionId="fe67f719-ff17-4d81-8db8-97da5a58399c" testListId="8c84fa94-04c1-424b-9868-57a2d4851a1d" />
    <TestEntry testId="6e6dbd3c-3d0c-906f-3c70-2056f7a67b63" executionId="668927a9-1cae-42f4-9e9a-00cd0d69eccd" testListId="8c84fa94-04c1-424b-9868-57a2d4851a1d" />
    <TestEntry testId="5ca335a4-1c06-7672-db8c-7ad200989c3c" executionId="7b395ce6-4544-4674-8f4e-4ff81b8b5bb6" testListId="8c84fa94-04c1-424b-9868-57a2d4851a1d" />
    <TestEntry testId="a18b5cb4-9266-5738-f79f-2fb24179d161" executionId="2fffb4e4-7159-4208-a978-b232ad070692" testListId="8c84fa94-04c1-424b-9868-57a2d4851a1d" />
    <TestEntry testId="73b680b6-4651-48a5-18e1-a991cb04485e" executionId="0146ea68-509f-4ba5-8b29-aea633600f74" testListId="8c84fa94-04c1-424b-9868-57a2d4851a1d" />
    <TestEntry testId="1d1a394f-5626-77b1-4bb7-0f591f7965c5" executionId="c1af52c7-0797-47d4-b4b9-f4f42cadab7a" testListId="8c84fa94-04c1-424b-9868-57a2d4851a1d" />
    <TestEntry testId="1b9405bc-4741-b9e0-7588-fbe107617d09" executionId="62bbeecd-d98e-49b0-af6e-44bd4bf36e75" testListId="8c84fa94-04c1-424b-9868-57a2d4851a1d" />
    <TestEntry testId="9b31f701-8322-5e52-2f1d-873773ad71b1" executionId="627c41fc-3b2a-43b4-affa-9615fa23eb53" testListId="8c84fa94-04c1-424b-9868-57a2d4851a1d" />
    <TestEntry testId="972b6902-070e-93e6-0c8a-7631c394a35a" executionId="cb21b694-2bf4-40ef-a079-4c045f7bd576" testListId="8c84fa94-04c1-424b-9868-57a2d4851a1d" />
    <TestEntry testId="c645270a-0325-f6e0-9b6a-41655fc7fd00" executionId="9a336677-871e-4433-858d-59ad2e3e01a9" testListId="8c84fa94-04c1-424b-9868-57a2d4851a1d" />
    <TestEntry testId="7a85750e-bcda-5c54-4171-18d39889e869" executionId="80da231b-879c-4a3e-916e-68203c02e660" testListId="8c84fa94-04c1-424b-9868-57a2d4851a1d" />
    <TestEntry testId="65a41a0b-ed85-5d43-490f-576e9bbdf250" executionId="02181445-21dd-42e7-91b3-9f0d58581e6d" testListId="8c84fa94-04c1-424b-9868-57a2d4851a1d" />
    <TestEntry testId="dc0da883-7e82-e161-d8b6-abe7e6a478d5" executionId="373e2c87-4f9c-48e2-887b-7efee4694a7d" testListId="8c84fa94-04c1-424b-9868-57a2d4851a1d" />
    <TestEntry testId="d89c6599-3f07-b118-70b6-c1489cc0b9c3" executionId="a90a467e-ef99-47e7-b796-81fe826adcc2" testListId="8c84fa94-04c1-424b-9868-57a2d4851a1d" />
    <TestEntry testId="8ee528f4-ebe5-6d3f-e1f3-4d2b1e1cde4f" executionId="cb497af7-5988-4cb9-9d35-bfcce1028611" testListId="8c84fa94-04c1-424b-9868-57a2d4851a1d" />
    <TestEntry testId="48b9364a-166a-d450-57f5-c643897234ab" executionId="ccf66519-0cc3-4396-b45d-cb4f424bf6ff" testListId="8c84fa94-04c1-424b-9868-57a2d4851a1d" />
    <TestEntry testId="7ce30dfb-2211-8640-4a16-31e97becf323" executionId="0db3eb9e-a644-4c28-8d41-17fbdef86fac" testListId="8c84fa94-04c1-424b-9868-57a2d4851a1d" />
    <TestEntry testId="4f1f47b0-26b2-1979-634e-f8f9191ffc10" executionId="842911bc-cf9d-4652-a0e4-0f6809ff34b5" testListId="8c84fa94-04c1-424b-9868-57a2d4851a1d" />
    <TestEntry testId="20dbd912-096c-3aa3-617e-1c1d4a8a8c21" executionId="5f621cc1-c0b7-4139-93b8-1627ad051d44" testListId="8c84fa94-04c1-424b-9868-57a2d4851a1d" />
    <TestEntry testId="6da635f8-8416-7b4b-0360-189b8dec9d63" executionId="ac34ea42-9c15-4e16-b288-4586c986cf7e" testListId="8c84fa94-04c1-424b-9868-57a2d4851a1d" />
    <TestEntry testId="34eac8a9-eb9f-899c-54cc-01d053a5025d" executionId="3745c310-9f91-4672-bb18-3b08b894efc7" testListId="8c84fa94-04c1-424b-9868-57a2d4851a1d" />
    <TestEntry testId="0669e006-fd4c-cdc1-0dc3-ab7b15b82e40" executionId="5c4ccad9-3a0d-4cd3-973d-79b60b95e17c" testListId="8c84fa94-04c1-424b-9868-57a2d4851a1d" />
    <TestEntry testId="b9f1949e-6005-8b38-5aad-734ff60f7a1c" executionId="62171790-be48-4375-939e-cd486534cb0a" testListId="8c84fa94-04c1-424b-9868-57a2d4851a1d" />
    <TestEntry testId="31e79aa8-bd1c-29aa-7f6a-8ecee2b21c3f" executionId="243da6d3-e994-4c8f-a8c3-ecf704139607" testListId="8c84fa94-04c1-424b-9868-57a2d4851a1d" />
    <TestEntry testId="c95e9ddb-a6a6-1d80-1dd1-cce37ce3dde2" executionId="4073fa72-10e0-4820-a184-c2e39b1e97c1" testListId="8c84fa94-04c1-424b-9868-57a2d4851a1d" />
    <TestEntry testId="164f4c8e-81cc-4a2e-4c6f-0c91ccec14ab" executionId="a29b4c11-9619-4899-a66c-be6e08b7878c" testListId="8c84fa94-04c1-424b-9868-57a2d4851a1d" />
    <TestEntry testId="2a1b2d09-aa49-1747-aa14-324838e92e77" executionId="679a5857-bd01-4a40-a21a-e0b9f45811aa" testListId="8c84fa94-04c1-424b-9868-57a2d4851a1d" />
    <TestEntry testId="f40ea688-42cc-2a10-7097-ce92bfa5b964" executionId="a7813145-8e28-45ee-928d-0c6a5b2f45d1" testListId="8c84fa94-04c1-424b-9868-57a2d4851a1d" />
    <TestEntry testId="af8395b7-893f-6530-0c75-18ea7b0cb16b" executionId="a42be58e-d892-412d-b379-7babbdedbdba" testListId="8c84fa94-04c1-424b-9868-57a2d4851a1d" />
    <TestEntry testId="10ff86b2-14d9-a1b5-59f4-0ee4f986469f" executionId="432d9ddf-9b88-41b3-9896-731e4398cb89" testListId="8c84fa94-04c1-424b-9868-57a2d4851a1d" />
    <TestEntry testId="e83978ed-e54b-923e-a202-4eab87422a17" executionId="2bbc96f6-1595-436d-b856-c370b842630f" testListId="8c84fa94-04c1-424b-9868-57a2d4851a1d" />
    <TestEntry testId="1de7457f-b5a2-1f57-0603-f569ba66865a" executionId="da39f2cc-c58e-460b-a0b4-5fdc099f0de5" testListId="8c84fa94-04c1-424b-9868-57a2d4851a1d" />
    <TestEntry testId="03237757-b415-0fd0-975e-8617562fdc38" executionId="b5104406-7b3a-4c2a-a056-8201d83ebc36" testListId="8c84fa94-04c1-424b-9868-57a2d4851a1d" />
    <TestEntry testId="8e3a26c6-55d2-cad9-a396-3137adf626b1" executionId="1658d11a-6948-4c3c-b3fa-57381c1ed5fe" testListId="8c84fa94-04c1-424b-9868-57a2d4851a1d" />
    <TestEntry testId="67beb0a5-9a00-f41f-5cc7-9b2212ae231b" executionId="16f63fec-4f1b-4847-8c84-40f5e7e466f6" testListId="8c84fa94-04c1-424b-9868-57a2d4851a1d" />
    <TestEntry testId="255f854d-5b78-3942-dbc3-8c841af0d680" executionId="dd8ac8a8-b927-45d6-b63d-b10d8f8bc48b" testListId="8c84fa94-04c1-424b-9868-57a2d4851a1d" />
    <TestEntry testId="edfa3e65-6a70-231c-e123-01e80ac96733" executionId="fb2b26b6-60ef-4aff-bf8b-0d8e1794f1e8" testListId="8c84fa94-04c1-424b-9868-57a2d4851a1d" />
    <TestEntry testId="bb86d2cd-8588-bac1-51d5-80fcce3fb41a" executionId="697a68f3-1538-48b2-8ffd-50e399976a8c" testListId="8c84fa94-04c1-424b-9868-57a2d4851a1d" />
    <TestEntry testId="8b6a8635-97ab-288f-6872-7cfdd4883d45" executionId="b8fbfa2c-0788-43cc-815b-9b32ec147483" testListId="8c84fa94-04c1-424b-9868-57a2d4851a1d" />
    <TestEntry testId="e2f3d818-d409-16eb-2ee8-b5371bac1d3a" executionId="d8bf57c5-17cb-4c95-90dd-6116e194feb0" testListId="8c84fa94-04c1-424b-9868-57a2d4851a1d" />
    <TestEntry testId="a33958a2-0607-6a6b-b983-bf2c005e35ff" executionId="55871919-5847-48f7-b8c1-3ed968f646ab" testListId="8c84fa94-04c1-424b-9868-57a2d4851a1d" />
    <TestEntry testId="cbdef425-9358-5d90-4cf6-343384677bd3" executionId="0c90d0b6-ba7a-402f-9945-417fc6df5197" testListId="8c84fa94-04c1-424b-9868-57a2d4851a1d" />
    <TestEntry testId="e6d12863-d67d-d92b-fed4-d345ae506505" executionId="dab373dc-58f2-41bd-8502-dba735757900" testListId="8c84fa94-04c1-424b-9868-57a2d4851a1d" />
    <TestEntry testId="bb4c3db3-78fd-98b5-aac1-0d6148da10da" executionId="6c4fb8b7-4b4f-4b16-a179-c755f3680b59" testListId="8c84fa94-04c1-424b-9868-57a2d4851a1d" />
    <TestEntry testId="448750a7-727a-5951-0133-3dde033397df" executionId="5c62ea91-5537-41ac-97f9-c661f9a92339" testListId="8c84fa94-04c1-424b-9868-57a2d4851a1d" />
    <TestEntry testId="e7f3bc38-2952-992f-f26c-f614b94d4900" executionId="8ee57485-bdb4-4846-8b0f-fbf428d9e0c6" testListId="8c84fa94-04c1-424b-9868-57a2d4851a1d" />
    <TestEntry testId="ccdbf728-3666-1369-5630-cac7c9ba6732" executionId="02d6c819-e38b-4366-a6e9-1da5e12bbd70" testListId="8c84fa94-04c1-424b-9868-57a2d4851a1d" />
    <TestEntry testId="be6cfbcd-fd17-0ef0-41e0-69cc79bb01b4" executionId="634844df-5187-438f-b1ea-c04129f4fed1" testListId="8c84fa94-04c1-424b-9868-57a2d4851a1d" />
    <TestEntry testId="436ed558-28a7-09fa-f524-ca2806b39a9f" executionId="d86d0081-82d8-4a98-8ee4-d9657b0f6a17" testListId="8c84fa94-04c1-424b-9868-57a2d4851a1d" />
    <TestEntry testId="013564de-304c-9e60-47bd-81f0113a3344" executionId="79d257f6-de1e-47e8-a3b8-13e5c9ba3c6e" testListId="8c84fa94-04c1-424b-9868-57a2d4851a1d" />
    <TestEntry testId="083a62a8-ded7-fdce-514a-e35ef5ee70ad" executionId="80dab10e-a223-4d77-abe3-cc35cabc19e3" testListId="8c84fa94-04c1-424b-9868-57a2d4851a1d" />
    <TestEntry testId="276bb85b-f75d-0230-e032-68ecfef53348" executionId="8341053c-0397-4688-9141-eab73c408f45" testListId="8c84fa94-04c1-424b-9868-57a2d4851a1d" />
    <TestEntry testId="2759ae23-e9e8-858b-c5ed-2e9bbdc77c87" executionId="2d55ff8d-4b8e-4286-b88a-e1cc06ea29d3" testListId="8c84fa94-04c1-424b-9868-57a2d4851a1d" />
    <TestEntry testId="9e64b04f-cef8-a6a4-2a7a-4f3ba5bacb2c" executionId="2c2d1e9b-6de6-4cee-92c6-bcaee9cdbbe5" testListId="8c84fa94-04c1-424b-9868-57a2d4851a1d" />
    <TestEntry testId="d7e2debf-e9dd-4241-4ce7-bdb6d6274785" executionId="1a4fab73-60c7-4709-b9a9-7f405d666fea" testListId="8c84fa94-04c1-424b-9868-57a2d4851a1d" />
    <TestEntry testId="40323834-1340-232d-a8df-bda421752c32" executionId="c86f8e2a-ff0c-48e8-a185-bd44490039e3" testListId="8c84fa94-04c1-424b-9868-57a2d4851a1d" />
    <TestEntry testId="9e5a279b-b204-4074-d4ac-7c9708d47756" executionId="8aee699d-90a7-4dbc-bfba-ddf7c24d9b2a" testListId="8c84fa94-04c1-424b-9868-57a2d4851a1d" />
    <TestEntry testId="83479372-ac22-3102-64a3-5de7bde0b436" executionId="2d976e3f-74af-400d-8115-d8af9730f629" testListId="8c84fa94-04c1-424b-9868-57a2d4851a1d" />
    <TestEntry testId="8376720d-9f57-3b09-e40c-6bb95b30941d" executionId="6c45ac22-7e69-4739-9e23-5339c902c88a" testListId="8c84fa94-04c1-424b-9868-57a2d4851a1d" />
    <TestEntry testId="85103077-a2c9-9fe0-35a6-e2accaefe0dc" executionId="31f8ff4a-342e-4ed9-be0b-9546da92a54c" testListId="8c84fa94-04c1-424b-9868-57a2d4851a1d" />
    <TestEntry testId="a259927e-dc45-deab-9897-7bed773cf3df" executionId="da77c3cc-ee8a-454f-9422-cfa5997d7be4" testListId="8c84fa94-04c1-424b-9868-57a2d4851a1d" />
    <TestEntry testId="8718114d-54cc-0052-31c7-faf10f9650c5" executionId="e3f073c7-c503-4ef2-b7be-ac6147c17c1f" testListId="8c84fa94-04c1-424b-9868-57a2d4851a1d" />
    <TestEntry testId="ecc5ab88-aabd-5a27-aa7c-5aba009bc1c4" executionId="9d6c6170-5f0a-4995-bfaf-cb07945a205b" testListId="8c84fa94-04c1-424b-9868-57a2d4851a1d" />
    <TestEntry testId="4e7d0eed-3253-3a99-4b23-1e16e64a7cba" executionId="e0b4255e-6984-4ddc-a8e6-6b10da777712" testListId="8c84fa94-04c1-424b-9868-57a2d4851a1d" />
    <TestEntry testId="e678ece6-3eae-ab5b-07e0-d2024658a7bd" executionId="63bce47a-71dc-4e89-8f5c-7297e47e9cb4" testListId="8c84fa94-04c1-424b-9868-57a2d4851a1d" />
    <TestEntry testId="b6312f8c-1aa0-66d3-548d-221a3e664fce" executionId="365173b5-798f-41b0-adf5-22ae86ac109a" testListId="8c84fa94-04c1-424b-9868-57a2d4851a1d" />
    <TestEntry testId="eda66d95-ea35-0c5d-4812-89fb9f2ff5c3" executionId="834bc681-668e-40be-9ddb-edbf81cd4d59" testListId="8c84fa94-04c1-424b-9868-57a2d4851a1d" />
    <TestEntry testId="846ac6c3-55bc-e84d-26d2-2575dc0cb8d4" executionId="aadc65ea-0cf4-4e82-8af6-d9aa04cb51b6" testListId="8c84fa94-04c1-424b-9868-57a2d4851a1d" />
    <TestEntry testId="595e22e6-6c21-00b7-2932-a72ebc8d9695" executionId="15848fe0-cb1e-48ca-ac33-634d802c6192" testListId="8c84fa94-04c1-424b-9868-57a2d4851a1d" />
    <TestEntry testId="7de72423-66c4-6beb-01d4-46651e05c4a8" executionId="986b4f28-e2e6-4eac-a742-3babc1ff7463" testListId="8c84fa94-04c1-424b-9868-57a2d4851a1d" />
    <TestEntry testId="e52f6c50-ef58-37b1-b118-1e8da43b269c" executionId="6008c816-6992-47d4-b937-0bdeed902dc6" testListId="8c84fa94-04c1-424b-9868-57a2d4851a1d" />
    <TestEntry testId="c9fcc35c-7f7a-1ab8-ede2-ac762b40e339" executionId="56794349-c23a-4f78-af61-5f3af80ed256" testListId="8c84fa94-04c1-424b-9868-57a2d4851a1d" />
    <TestEntry testId="cb461d3e-eca8-bb20-712e-29e229304470" executionId="1cedf210-e28d-4d08-92ad-a5a742e48b1c" testListId="8c84fa94-04c1-424b-9868-57a2d4851a1d" />
    <TestEntry testId="f6b51f6d-a181-38fe-040a-05ccd3c3beae" executionId="0a7ecb23-dfba-49f7-a8ac-2d4eea25c4ef" testListId="8c84fa94-04c1-424b-9868-57a2d4851a1d" />
    <TestEntry testId="00fd6b05-3592-861b-e359-5a574ee443d0" executionId="1c9ae0fc-b742-47bf-9ee4-88337bbcb9e4" testListId="8c84fa94-04c1-424b-9868-57a2d4851a1d" />
    <TestEntry testId="053706e5-17bb-f317-368b-a97e9ad239f2" executionId="2b46eb39-2e10-4770-8b3f-3ee83163fff8" testListId="8c84fa94-04c1-424b-9868-57a2d4851a1d" />
    <TestEntry testId="3495fc58-67a7-a6f1-2c99-1760cf90ac7c" executionId="a3766737-148e-4e0e-952f-742749859a9a" testListId="8c84fa94-04c1-424b-9868-57a2d4851a1d" />
    <TestEntry testId="9d715704-5114-b932-199c-a93e76eef610" executionId="9c4d9697-9f60-4147-8645-a216716865c7" testListId="8c84fa94-04c1-424b-9868-57a2d4851a1d" />
    <TestEntry testId="c5dfbe23-6cb0-560a-91bf-153d2e7b63c3" executionId="dd652394-6f0f-452c-94e0-e07e6646d805" testListId="8c84fa94-04c1-424b-9868-57a2d4851a1d" />
    <TestEntry testId="ad7afb8c-d0ed-d077-ecf1-5c314afc821d" executionId="b6a6c89b-58ce-4994-8abf-8bc27b7c9f0b" testListId="8c84fa94-04c1-424b-9868-57a2d4851a1d" />
    <TestEntry testId="750c3025-3439-f741-9b19-4bfbbd559e8b" executionId="a0e99ee7-8b04-4302-b4b3-15e134d0440f" testListId="8c84fa94-04c1-424b-9868-57a2d4851a1d" />
    <TestEntry testId="8961879c-3773-fbef-5843-9b173bd8467b" executionId="0f313df5-2320-4c2a-9080-4d7a22563a27" testListId="8c84fa94-04c1-424b-9868-57a2d4851a1d" />
    <TestEntry testId="335d1f61-b7f0-8369-7438-d9b8103c6046" executionId="f7f4ee92-1469-48d9-89cd-cd2b6ffe64e5" testListId="8c84fa94-04c1-424b-9868-57a2d4851a1d" />
    <TestEntry testId="3501dd5e-3136-d1c4-6098-365f9bf98c33" executionId="7dab7383-78af-4f11-9a04-0e9b391bbb6e" testListId="8c84fa94-04c1-424b-9868-57a2d4851a1d" />
    <TestEntry testId="ccd8ed81-75a8-3df8-b4c7-975167e12a0b" executionId="7c72adbb-9e8c-4274-b189-6da892253692" testListId="8c84fa94-04c1-424b-9868-57a2d4851a1d" />
    <TestEntry testId="cb0ce914-069a-a2d2-d5db-059b679ed7ff" executionId="3d4e627c-ebda-4fec-aab0-dc9c0f4fb5a7" testListId="8c84fa94-04c1-424b-9868-57a2d4851a1d" />
    <TestEntry testId="b9ae03dd-3909-01eb-23e0-8bf21ee3d6ea" executionId="586eb83e-a790-424c-b459-eea8d8ae6525" testListId="8c84fa94-04c1-424b-9868-57a2d4851a1d" />
    <TestEntry testId="c00013b5-6803-223e-ac7a-b40dac9b20e6" executionId="51a0e6b2-b51d-4537-ad99-3aac4b687cca" testListId="8c84fa94-04c1-424b-9868-57a2d4851a1d" />
    <TestEntry testId="c3739f62-c7a3-e688-300b-d9d5a91a27a4" executionId="1c6d372f-3417-4fae-8f14-c8ccdf67731b" testListId="8c84fa94-04c1-424b-9868-57a2d4851a1d" />
    <TestEntry testId="b0422027-b50a-d3cf-ece8-1b7a11c9f4b5" executionId="3fe88d69-2ffe-45d0-a1a3-25030263b368" testListId="8c84fa94-04c1-424b-9868-57a2d4851a1d" />
    <TestEntry testId="f99fdd13-2f14-bc0a-6de7-6269e5662a8b" executionId="06ca44e3-a0fe-4160-a797-84cca660a06c" testListId="8c84fa94-04c1-424b-9868-57a2d4851a1d" />
    <TestEntry testId="4fe504ff-91cc-34c2-971d-55cc5d7f0ccf" executionId="9ac8b16d-2d01-486d-9106-3432660879c4" testListId="8c84fa94-04c1-424b-9868-57a2d4851a1d" />
    <TestEntry testId="cfda71d5-31f9-4e94-efd6-edb3e08b2951" executionId="77b24b7e-52ff-44c5-92ed-68c06d7c11a5" testListId="8c84fa94-04c1-424b-9868-57a2d4851a1d" />
    <TestEntry testId="e4d83b6e-0f77-db97-f15f-cf453db67653" executionId="1309b92c-777e-488e-bbd6-93efa1ff60ec" testListId="8c84fa94-04c1-424b-9868-57a2d4851a1d" />
    <TestEntry testId="419a3afa-c8e1-8187-edb6-40c935808019" executionId="6bacb85f-4a3c-433a-bc56-147e3f220c8f" testListId="8c84fa94-04c1-424b-9868-57a2d4851a1d" />
    <TestEntry testId="6f432268-4ae0-5904-6da5-9b61e1dd225a" executionId="5b460bbe-5891-4005-bffe-2fae23ab7533" testListId="8c84fa94-04c1-424b-9868-57a2d4851a1d" />
    <TestEntry testId="6459f488-7884-0802-1177-6dd19cd0b523" executionId="1fd55e90-8176-468b-8797-e7e8188486a5" testListId="8c84fa94-04c1-424b-9868-57a2d4851a1d" />
    <TestEntry testId="1afd8cd3-8486-a867-2533-689fc06decd0" executionId="0ba473d4-58cc-4c47-b447-e95525bd166b" testListId="8c84fa94-04c1-424b-9868-57a2d4851a1d" />
    <TestEntry testId="21213293-f488-0812-4381-80dee5bd998a" executionId="fea9ecb9-fc28-4ebb-88ca-02cab40b1a16" testListId="8c84fa94-04c1-424b-9868-57a2d4851a1d" />
    <TestEntry testId="294ba9fd-ebf0-e07f-0c4f-ec64d3d76a08" executionId="6abcae76-a68c-48de-bbec-424d256db3b2" testListId="8c84fa94-04c1-424b-9868-57a2d4851a1d" />
    <TestEntry testId="cc719c64-1f3a-64f4-7280-de735427681a" executionId="48b563d1-52df-4014-af7b-d6f87ba6fdd1" testListId="8c84fa94-04c1-424b-9868-57a2d4851a1d" />
    <TestEntry testId="94129aad-7407-53c9-598d-956a8c8811cb" executionId="fe0447ad-3200-4e70-b4ef-8f331c7a9978" testListId="8c84fa94-04c1-424b-9868-57a2d4851a1d" />
    <TestEntry testId="78a8cc29-26f6-c993-28b7-e5903c768ba1" executionId="4661b344-648c-4065-a000-6083e70692da" testListId="8c84fa94-04c1-424b-9868-57a2d4851a1d" />
    <TestEntry testId="308ca403-a995-1c08-e22b-951d92c43d55" executionId="3767d358-da0d-4c81-8ef3-2b6384c0305d" testListId="8c84fa94-04c1-424b-9868-57a2d4851a1d" />
    <TestEntry testId="db77af82-b3b6-8406-262b-e90d81f20ca7" executionId="e062b4a9-6713-4cd2-b9e5-e7ad2f2b4f99" testListId="8c84fa94-04c1-424b-9868-57a2d4851a1d" />
    <TestEntry testId="7be92319-315d-4f7c-0121-eeb432108bce" executionId="fa6904a4-422f-4727-8c9a-54fd5d2a3f43" testListId="8c84fa94-04c1-424b-9868-57a2d4851a1d" />
    <TestEntry testId="11810c10-a617-734a-a236-450ae05ae36b" executionId="8c7612a9-fcf5-4fd9-b685-8c40df21e6fe" testListId="8c84fa94-04c1-424b-9868-57a2d4851a1d" />
    <TestEntry testId="e215579e-92e3-70f0-f0ac-82da28595119" executionId="7321cf54-881c-44d3-a65d-6944db06824d" testListId="8c84fa94-04c1-424b-9868-57a2d4851a1d" />
    <TestEntry testId="1e1332f6-ef00-e1a7-2adf-8cae506162f1" executionId="47b1df57-1c1c-4ad8-bbca-1fc4eafe286b" testListId="8c84fa94-04c1-424b-9868-57a2d4851a1d" />
    <TestEntry testId="4d6d5bbf-2c92-7539-9ffa-55db00723a35" executionId="d5d4b1c3-2509-4fdd-be24-15ba9c50476c" testListId="8c84fa94-04c1-424b-9868-57a2d4851a1d" />
    <TestEntry testId="3c2a4f16-ae18-3a36-2055-5632e5b769d7" executionId="698f0095-8e47-443f-9d45-ddbe7901e849" testListId="8c84fa94-04c1-424b-9868-57a2d4851a1d" />
    <TestEntry testId="67c70b3c-98a4-026b-27ef-4740e1d0d49c" executionId="0504964b-1415-42ad-bd21-42c3cb4e9caa" testListId="8c84fa94-04c1-424b-9868-57a2d4851a1d" />
    <TestEntry testId="12b9f234-a2ef-04c5-b6f4-6a34855ffbd4" executionId="a2697a4d-af95-45bb-a013-a4e79d1ab118" testListId="8c84fa94-04c1-424b-9868-57a2d4851a1d" />
    <TestEntry testId="1d5b8de3-411a-86e5-9025-60f31bb413de" executionId="d63add0e-b9e6-4e1e-8918-45facfe618fd" testListId="8c84fa94-04c1-424b-9868-57a2d4851a1d" />
    <TestEntry testId="56dce2a6-7d7c-543f-167f-fb8c43f5f7f8" executionId="8647bfb0-61cc-4a8f-8f06-ac662df6bcfc" testListId="8c84fa94-04c1-424b-9868-57a2d4851a1d" />
    <TestEntry testId="5bfb389a-4f2c-6e73-6433-c56f5e1e39b5" executionId="06399861-c807-4deb-b884-3861f4d02dc8" testListId="8c84fa94-04c1-424b-9868-57a2d4851a1d" />
    <TestEntry testId="582126e6-7637-1686-e421-26fc8b2a44be" executionId="0d635d1b-9e1a-493d-a0c2-d1bc5b122666" testListId="8c84fa94-04c1-424b-9868-57a2d4851a1d" />
    <TestEntry testId="370f35f5-bfe9-745c-58b6-400f0927afca" executionId="f66dfade-da7e-416c-9a68-ae709f5c3187" testListId="8c84fa94-04c1-424b-9868-57a2d4851a1d" />
    <TestEntry testId="2734d560-bca6-3dc0-5647-169dfc4e3985" executionId="f2278d87-6c2c-4450-a48d-257a12b9e295" testListId="8c84fa94-04c1-424b-9868-57a2d4851a1d" />
    <TestEntry testId="bb62df0a-4b0e-dc38-efff-e29b7ce70478" executionId="cd25501b-b731-4ef5-be32-56b5efd6f3d3" testListId="8c84fa94-04c1-424b-9868-57a2d4851a1d" />
    <TestEntry testId="818b93cc-57c9-8a60-8c61-aaa8a7853397" executionId="c0046c26-517d-4d29-947c-6cbc63db4242" testListId="8c84fa94-04c1-424b-9868-57a2d4851a1d" />
    <TestEntry testId="57f3d555-cd2f-6706-4d71-3065edac0980" executionId="efa676c1-4407-40cd-9e4a-c3fd1ecc1afa" testListId="8c84fa94-04c1-424b-9868-57a2d4851a1d" />
    <TestEntry testId="f8d78d88-3450-7ecb-6308-4ea2e1f95134" executionId="f555ed95-89a6-49d6-a356-a39d8f2a3ef7" testListId="8c84fa94-04c1-424b-9868-57a2d4851a1d" />
    <TestEntry testId="40f71d13-7766-ebc7-158b-fea9fe29f6ba" executionId="a1d1698a-9c89-4fef-98ed-f1674d708558" testListId="8c84fa94-04c1-424b-9868-57a2d4851a1d" />
    <TestEntry testId="3ff2e93f-f004-ea7a-6360-9e7eb2f35e5e" executionId="d7da19fd-a5e6-4707-acf9-97f6cd6a7436" testListId="8c84fa94-04c1-424b-9868-57a2d4851a1d" />
    <TestEntry testId="a4d85907-9466-2a97-9fe1-902dee5034c9" executionId="40cc8a84-f2d8-4e73-aa4b-9e6e9e1751a1" testListId="8c84fa94-04c1-424b-9868-57a2d4851a1d" />
    <TestEntry testId="77dd79a5-8805-fc9a-0820-172fe76aacdc" executionId="ac039085-63f6-475a-a976-74a3dce44d63" testListId="8c84fa94-04c1-424b-9868-57a2d4851a1d" />
    <TestEntry testId="446bca83-49f8-6535-b852-d0ba19d36891" executionId="9a356ab2-17bc-4eb6-9774-12dcf2e14037" testListId="8c84fa94-04c1-424b-9868-57a2d4851a1d" />
    <TestEntry testId="701effda-ecaa-0161-2522-7f0e19a89600" executionId="b05241d7-ac52-4e16-87a2-dbc2a6647233" testListId="8c84fa94-04c1-424b-9868-57a2d4851a1d" />
    <TestEntry testId="d68764a6-aede-08ed-cb16-1c089d245555" executionId="f3705bc7-5eaf-4689-9236-089ecb1e18ad" testListId="8c84fa94-04c1-424b-9868-57a2d4851a1d" />
    <TestEntry testId="b818cf98-eaf1-d68d-6b43-d90d63abd2ef" executionId="5a466cc1-f4b5-4313-866e-12c8fcfb919e" testListId="8c84fa94-04c1-424b-9868-57a2d4851a1d" />
    <TestEntry testId="29bcff61-a43a-2ea4-43f4-7055d5db65f3" executionId="82f78d72-b1a7-42cb-a7e2-b6c495c103cd" testListId="8c84fa94-04c1-424b-9868-57a2d4851a1d" />
    <TestEntry testId="b1a133e2-bb63-127f-db68-ba6dab916cde" executionId="b8f531e2-11c4-4421-80b6-49a728c0550d" testListId="8c84fa94-04c1-424b-9868-57a2d4851a1d" />
    <TestEntry testId="e8cf5d70-9946-820d-ca3b-f86aabe77007" executionId="3becbcfb-f5e7-4e08-b2a0-2e7a974ba080" testListId="8c84fa94-04c1-424b-9868-57a2d4851a1d" />
    <TestEntry testId="840dc1d5-7578-107a-64ec-eb6ccac07a43" executionId="58267566-c7d2-4213-9a18-015078f69050" testListId="8c84fa94-04c1-424b-9868-57a2d4851a1d" />
    <TestEntry testId="ae40cd8d-fb37-c670-47a2-bc9cdefaaa15" executionId="9002e6db-9505-4da1-92e2-0ac63264e8c2" testListId="8c84fa94-04c1-424b-9868-57a2d4851a1d" />
    <TestEntry testId="fa94c605-7efa-54ce-b849-37cdbf4948d5" executionId="7bab5b6d-f7f6-481c-a4b0-d275e18f8658" testListId="8c84fa94-04c1-424b-9868-57a2d4851a1d" />
    <TestEntry testId="9dc72d09-419e-01b6-4661-8f4acf74faf2" executionId="258da054-7b39-4212-a589-7d06a294a13d" testListId="8c84fa94-04c1-424b-9868-57a2d4851a1d" />
    <TestEntry testId="c8b43403-4085-23a3-9a97-87b17dc187b1" executionId="60810c93-59c6-4978-8a65-b034280c65d0" testListId="8c84fa94-04c1-424b-9868-57a2d4851a1d" />
    <TestEntry testId="8b53428c-a713-6b36-2567-9117ab16c585" executionId="a591bde1-d25c-4d03-912a-859795542841" testListId="8c84fa94-04c1-424b-9868-57a2d4851a1d" />
    <TestEntry testId="50d3bc90-e64c-a7a4-3c89-41f45e1b2071" executionId="44ddbc8a-aed0-4689-8dbb-77b78fff7063" testListId="8c84fa94-04c1-424b-9868-57a2d4851a1d" />
    <TestEntry testId="120c60bc-8d47-ab32-cd20-724d67dc2f8f" executionId="a049df22-7bd8-40a5-964b-f831ffcfe55d" testListId="8c84fa94-04c1-424b-9868-57a2d4851a1d" />
    <TestEntry testId="19e78dcf-3489-c6d6-31d1-cf857baee8be" executionId="84f2783f-bef3-4034-b3bd-159869446cc9" testListId="8c84fa94-04c1-424b-9868-57a2d4851a1d" />
    <TestEntry testId="4c302f5b-871c-539b-842c-c66a6f64c418" executionId="f7394a16-db39-44ef-9a33-9ad8d5902d48" testListId="8c84fa94-04c1-424b-9868-57a2d4851a1d" />
    <TestEntry testId="766c5017-8c1b-76f2-b482-c97f8fac42b9" executionId="b7a0745b-0a89-45e5-bb4e-3d93afb24625" testListId="8c84fa94-04c1-424b-9868-57a2d4851a1d" />
    <TestEntry testId="649576d9-84f0-7dc5-d235-0e115e5d175e" executionId="744d7465-1c77-41e1-af00-02c7c0faa9c1" testListId="8c84fa94-04c1-424b-9868-57a2d4851a1d" />
    <TestEntry testId="534302db-0287-6583-3540-ca5566ff48f9" executionId="ae079662-f26a-4d16-8a24-afc6f612f9fd" testListId="8c84fa94-04c1-424b-9868-57a2d4851a1d" />
    <TestEntry testId="72423354-0b9d-0d26-a60b-7603415e70ad" executionId="35ed9f78-5124-4c3c-be56-5b7e429f60b0" testListId="8c84fa94-04c1-424b-9868-57a2d4851a1d" />
    <TestEntry testId="22a69a6d-9667-50e5-bfaf-3f826e30327e" executionId="04c92a87-e4fd-40e7-a331-c63764f50c9b" testListId="8c84fa94-04c1-424b-9868-57a2d4851a1d" />
    <TestEntry testId="3c13ee82-e608-9899-ac6f-555a0ec9a575" executionId="a98e9a94-a302-4e50-9428-25a5023396a5" testListId="8c84fa94-04c1-424b-9868-57a2d4851a1d" />
    <TestEntry testId="acaf8f11-c094-5279-81da-147803acc234" executionId="f11df770-e1d6-4e3b-ae86-731bc94135c5" testListId="8c84fa94-04c1-424b-9868-57a2d4851a1d" />
    <TestEntry testId="fb7a0209-f0c4-b769-e081-77e80f22692c" executionId="ddba643e-caa4-40a6-91dd-a6960f5dc8c3" testListId="8c84fa94-04c1-424b-9868-57a2d4851a1d" />
    <TestEntry testId="5214e039-aa1f-da9c-191c-0e382c774369" executionId="65560fe8-9c30-4a57-9602-fa4d51d6c976" testListId="8c84fa94-04c1-424b-9868-57a2d4851a1d" />
    <TestEntry testId="2ddc613f-8f4d-2a7d-21f8-6782a493c660" executionId="a5b72670-dda8-4a6a-90eb-fe5998947c68" testListId="8c84fa94-04c1-424b-9868-57a2d4851a1d" />
    <TestEntry testId="dbbdc319-4b2f-659b-f481-4c052ecc7522" executionId="a1cfb204-b019-4957-adaf-9a67815f6aef" testListId="8c84fa94-04c1-424b-9868-57a2d4851a1d" />
    <TestEntry testId="bdcc04af-bd99-f743-70e8-4fe21f8fa829" executionId="1d3f3580-16f8-4631-9d99-62eae619458e" testListId="8c84fa94-04c1-424b-9868-57a2d4851a1d" />
    <TestEntry testId="fb017625-fbee-c628-023c-a26622cccf10" executionId="cbb577b0-6aca-4d00-a823-35993a23fd6e" testListId="8c84fa94-04c1-424b-9868-57a2d4851a1d" />
    <TestEntry testId="87064307-995c-89a5-3cb8-a77a86aa3a46" executionId="3d73989a-43a9-4888-85da-738082db94b8" testListId="8c84fa94-04c1-424b-9868-57a2d4851a1d" />
    <TestEntry testId="c162230b-7740-f5ae-8a70-82a055c18768" executionId="cb7b906b-b8fe-40b9-970e-8158ebb08302" testListId="8c84fa94-04c1-424b-9868-57a2d4851a1d" />
    <TestEntry testId="e1592505-173a-ef4b-1184-51d39636ab38" executionId="54aa8d78-5e97-49c6-878b-56926a84c4a2" testListId="8c84fa94-04c1-424b-9868-57a2d4851a1d" />
    <TestEntry testId="3ceef7be-32d5-cf3e-30d3-6e004273e43d" executionId="6a76bbba-9041-466e-a9b7-519ad3f2f0be" testListId="8c84fa94-04c1-424b-9868-57a2d4851a1d" />
    <TestEntry testId="2e0816b3-3437-425e-6271-4231472fe7bb" executionId="5a11ec04-521e-4303-a097-1db547587f5a" testListId="8c84fa94-04c1-424b-9868-57a2d4851a1d" />
    <TestEntry testId="82473ccf-f02c-00f7-3d86-6688287d140a" executionId="0569dc3f-71ed-4f5c-b7bb-9c3217c90f92" testListId="8c84fa94-04c1-424b-9868-57a2d4851a1d" />
    <TestEntry testId="f73cb0ca-dab9-44e0-1abf-071039b3992a" executionId="5b0eb33a-ef09-4bd5-b1e3-e065e4a0da6e" testListId="8c84fa94-04c1-424b-9868-57a2d4851a1d" />
    <TestEntry testId="3b8e6c08-50b1-29ab-a284-f4c5f19ab0fe" executionId="9e4dc96d-f513-4dd6-b585-42220215cd73" testListId="8c84fa94-04c1-424b-9868-57a2d4851a1d" />
    <TestEntry testId="073d55e5-1430-716f-ad09-055a9bd845f9" executionId="6666e4d2-7b1d-4750-be72-97aa06e88598" testListId="8c84fa94-04c1-424b-9868-57a2d4851a1d" />
    <TestEntry testId="9ecc4488-c093-5cb0-bb44-c25e1278f8dc" executionId="7cc27f6a-a814-41f6-911c-698b75e4693b" testListId="8c84fa94-04c1-424b-9868-57a2d4851a1d" />
    <TestEntry testId="2b6f2ebc-a57d-6c17-6e3f-0e6f6548ac39" executionId="0d786a5c-31c1-41c9-98ff-4ae1a0f41350" testListId="8c84fa94-04c1-424b-9868-57a2d4851a1d" />
    <TestEntry testId="dbfbcf3b-2808-833a-24fe-090f20cf9144" executionId="da49b5a9-bb8c-4606-931a-eac8be881a2a" testListId="8c84fa94-04c1-424b-9868-57a2d4851a1d" />
    <TestEntry testId="911e1691-73da-b130-4b2a-ef8da1c07754" executionId="d1fb7548-095a-40a0-85b3-ef36f0b7b06d" testListId="8c84fa94-04c1-424b-9868-57a2d4851a1d" />
    <TestEntry testId="ee549e95-dfe3-9d51-dc58-2eef43cc8f1e" executionId="43424b13-4468-4ed0-896e-6f75ef23dca1" testListId="8c84fa94-04c1-424b-9868-57a2d4851a1d" />
    <TestEntry testId="53f00e7e-5daf-0ecf-1e6d-c37e1f06c8d1" executionId="20454ca1-73e3-4615-bb50-e8b1d652e5a6" testListId="8c84fa94-04c1-424b-9868-57a2d4851a1d" />
    <TestEntry testId="779fb846-f62f-b29d-4159-92284b7f2f4a" executionId="551c4752-28c0-49f0-9fa1-6da12f0a1a61" testListId="8c84fa94-04c1-424b-9868-57a2d4851a1d" />
    <TestEntry testId="8c1e5349-f7f5-d219-bcb3-94d6fb158aa8" executionId="08c2dd0a-4934-4c0b-8c9c-b533e23be4c3" testListId="8c84fa94-04c1-424b-9868-57a2d4851a1d" />
    <TestEntry testId="e82bbb02-4440-ce0a-eabb-e0d82db20996" executionId="d859384e-e171-43fb-863a-3890cdb30a31" testListId="8c84fa94-04c1-424b-9868-57a2d4851a1d" />
    <TestEntry testId="a89cf446-c585-fd98-80b0-38f7aa0529d6" executionId="f3402b7b-1281-4261-ad58-6aab0b40a27a" testListId="8c84fa94-04c1-424b-9868-57a2d4851a1d" />
    <TestEntry testId="fcc75163-f852-5a64-5ffa-ee97b529c63f" executionId="ef8f99be-e846-4ae7-95da-109002819cca" testListId="8c84fa94-04c1-424b-9868-57a2d4851a1d" />
    <TestEntry testId="37792299-3dd4-df61-3bcb-467028fc8533" executionId="ef93734c-2709-487c-81be-5c0e98114e27" testListId="8c84fa94-04c1-424b-9868-57a2d4851a1d" />
    <TestEntry testId="cb06d4f5-7dd8-86f9-8e74-9b3b68994dba" executionId="6e592ee3-7cd0-47bb-9d75-f7b9a21b6dc0" testListId="8c84fa94-04c1-424b-9868-57a2d4851a1d" />
    <TestEntry testId="f4c2441e-2a8e-327e-131d-c21c411869d0" executionId="4293d116-06a1-4389-b17d-42c1caa4357e" testListId="8c84fa94-04c1-424b-9868-57a2d4851a1d" />
    <TestEntry testId="1ae51994-0711-31b1-de1f-5203e8a5234c" executionId="f7506a2c-7195-4f42-9d67-2809cc1ecfae" testListId="8c84fa94-04c1-424b-9868-57a2d4851a1d" />
    <TestEntry testId="4438e3ce-2809-702e-3732-90329641fb1d" executionId="6151d3ce-dfe5-41fb-b9b8-877ab82bad5c" testListId="8c84fa94-04c1-424b-9868-57a2d4851a1d" />
    <TestEntry testId="6bb02424-1709-b077-6723-ac6e88c80cd5" executionId="d6c42db2-5a24-4389-bb95-b49541a7263d" testListId="8c84fa94-04c1-424b-9868-57a2d4851a1d" />
    <TestEntry testId="d86fc41b-b759-c6af-e706-53b3776f4824" executionId="985c0e3c-9415-4832-8b30-e17f12d93f82" testListId="8c84fa94-04c1-424b-9868-57a2d4851a1d" />
    <TestEntry testId="5e96792b-e316-edd5-78c3-2dcaa7810f05" executionId="cbef0294-9b4a-45db-9214-004df61cea4f" testListId="8c84fa94-04c1-424b-9868-57a2d4851a1d" />
    <TestEntry testId="1fe56e6e-28f0-eae6-cb2c-d586988f6535" executionId="64e96409-606f-4531-8026-311eeed5f8cb" testListId="8c84fa94-04c1-424b-9868-57a2d4851a1d" />
    <TestEntry testId="57617edb-f469-e6ae-a1d6-6ef9c44c5b8e" executionId="969fb185-4426-45a8-9ff3-a44b772540f0" testListId="8c84fa94-04c1-424b-9868-57a2d4851a1d" />
    <TestEntry testId="9690d7c7-ef93-a224-41e2-b62a3eea7ce8" executionId="9dc8f05c-f488-4e20-a053-27e078aea9f3" testListId="8c84fa94-04c1-424b-9868-57a2d4851a1d" />
    <TestEntry testId="d0b1f7dc-31d1-6275-6eac-8c5e9f628719" executionId="2155186f-092d-402f-a7f8-3ecc440d3005" testListId="8c84fa94-04c1-424b-9868-57a2d4851a1d" />
    <TestEntry testId="5011fa05-fc7a-5b36-1a94-4fac9b8df85f" executionId="463ccb73-be02-401f-8729-aaed772b8065" testListId="8c84fa94-04c1-424b-9868-57a2d4851a1d" />
    <TestEntry testId="99a2f1a1-2bde-2fc3-5c1c-13072625faa1" executionId="dd12776b-ebd1-4d21-9722-0ae09b9605c5" testListId="8c84fa94-04c1-424b-9868-57a2d4851a1d" />
    <TestEntry testId="e58a0942-0a45-f68c-4939-9698b6e41f36" executionId="bb438432-cadb-44b1-9132-d0c0be9420eb" testListId="8c84fa94-04c1-424b-9868-57a2d4851a1d" />
    <TestEntry testId="315e9158-8e73-0db5-6e9f-934f52aa4308" executionId="1f4b9b2b-d79a-454c-ac68-1b7ac2adb5fb" testListId="8c84fa94-04c1-424b-9868-57a2d4851a1d" />
    <TestEntry testId="6db2f1b4-28a3-6deb-cfbf-a9008e037128" executionId="141471c7-b958-4eb7-80db-ba862f66afe9" testListId="8c84fa94-04c1-424b-9868-57a2d4851a1d" />
    <TestEntry testId="499191c7-8e1f-1af0-fa12-47eaec6d64f2" executionId="c4661de4-5f84-4dc5-910e-a17d2aaeb6d7" testListId="8c84fa94-04c1-424b-9868-57a2d4851a1d" />
    <TestEntry testId="668d0b8e-9860-f146-142e-006ec1261508" executionId="914ed43d-a6dd-436e-a8ab-f00ddff0113d" testListId="8c84fa94-04c1-424b-9868-57a2d4851a1d" />
    <TestEntry testId="1e972868-705b-a2cf-bcf4-1e98d9f4c876" executionId="912c1909-bf69-46ac-86e7-0d8dbe0373a8" testListId="8c84fa94-04c1-424b-9868-57a2d4851a1d" />
    <TestEntry testId="5c89a79c-3302-59fb-0a7f-dd6efcecc99f" executionId="47192a69-470f-4b96-94cc-ed3305766b17" testListId="8c84fa94-04c1-424b-9868-57a2d4851a1d" />
    <TestEntry testId="8b2f8dee-5111-0e66-4cbd-d2d21db27954" executionId="fa600612-c1f1-4007-b3fb-83f2932d150d" testListId="8c84fa94-04c1-424b-9868-57a2d4851a1d" />
    <TestEntry testId="25e5fbea-a59a-469e-2c57-bf43e692253f" executionId="6060c17c-1e40-4ba4-9aa2-8c80b5576c65" testListId="8c84fa94-04c1-424b-9868-57a2d4851a1d" />
    <TestEntry testId="bdbabfef-fc71-7a90-c6ce-f231309a0e74" executionId="b8bf5102-ea3d-4a1e-be39-0fdd2987f2ac" testListId="8c84fa94-04c1-424b-9868-57a2d4851a1d" />
    <TestEntry testId="45d623f8-350a-1c5f-cb90-032738afc629" executionId="6652bd22-9a21-4424-94e2-88b5d095945e" testListId="8c84fa94-04c1-424b-9868-57a2d4851a1d" />
    <TestEntry testId="7ed00c63-b206-d22d-b036-c81acaffec65" executionId="540ebdae-99a5-4eb7-8e86-e8810d68dcc6" testListId="8c84fa94-04c1-424b-9868-57a2d4851a1d" />
    <TestEntry testId="2fe22068-754c-597f-0833-1bd50a45e77d" executionId="f958d85c-44c3-442b-bb3e-43f2184379aa" testListId="8c84fa94-04c1-424b-9868-57a2d4851a1d" />
    <TestEntry testId="02162ec9-aaa4-c793-b608-760b19affd81" executionId="ef9d28c4-df4f-4f53-be77-b904fcbb9b81" testListId="8c84fa94-04c1-424b-9868-57a2d4851a1d" />
    <TestEntry testId="17b82f64-8697-0f7b-bebf-d53ef4dc533d" executionId="2abc84d2-2a49-4434-936b-6490b27079ed" testListId="8c84fa94-04c1-424b-9868-57a2d4851a1d" />
    <TestEntry testId="eef1d5fa-f70e-9435-6c4f-65fc77d3b605" executionId="bb2eccc9-cf15-4c6c-9e7b-b5f3cb23f1b9" testListId="8c84fa94-04c1-424b-9868-57a2d4851a1d" />
    <TestEntry testId="de60a753-470d-c825-ac66-453d4a99daa5" executionId="c74c182d-d255-49ef-b1e4-12fe59238c2f" testListId="8c84fa94-04c1-424b-9868-57a2d4851a1d" />
    <TestEntry testId="644cd37f-c859-5403-ac27-b0c77ac8d299" executionId="e7ead1c0-1d0f-44e8-96c8-0d4d4fdfd091" testListId="8c84fa94-04c1-424b-9868-57a2d4851a1d" />
    <TestEntry testId="daad17bb-4bfd-057d-d1e1-35e885fba814" executionId="06abb794-e005-4332-bc08-1db12a75e88a" testListId="8c84fa94-04c1-424b-9868-57a2d4851a1d" />
    <TestEntry testId="9919baa0-2e36-3362-614a-8da80a13a4ab" executionId="980b5ae6-7446-44be-a69b-4ff033c7e49a" testListId="8c84fa94-04c1-424b-9868-57a2d4851a1d" />
    <TestEntry testId="41ba25c7-0eaa-9cd8-3146-7df414caa490" executionId="db227fc9-8e49-4417-afee-d08b31a86646" testListId="8c84fa94-04c1-424b-9868-57a2d4851a1d" />
    <TestEntry testId="403197e3-80d5-d38a-7a69-130745b65f52" executionId="7f4f5ba9-8e0b-4b81-bcd4-1ebbc1b16627" testListId="8c84fa94-04c1-424b-9868-57a2d4851a1d" />
    <TestEntry testId="cd875926-d1f9-6873-7028-cf4c8ecd0257" executionId="1ffe1e78-23ce-4019-9e12-a5e74c461fa8" testListId="8c84fa94-04c1-424b-9868-57a2d4851a1d" />
    <TestEntry testId="0fdf1917-368f-2ffc-0263-de0cffd5016e" executionId="a21d01f4-43f3-44ec-b1e0-7d4837a7a235" testListId="8c84fa94-04c1-424b-9868-57a2d4851a1d" />
    <TestEntry testId="01edfe3a-b99c-0e95-d27d-a91e1755f99c" executionId="d8814e12-0566-47fa-86a1-78e9c8ef2201" testListId="8c84fa94-04c1-424b-9868-57a2d4851a1d" />
    <TestEntry testId="4dd705b4-7906-f919-391b-5a84eba0a39f" executionId="304c8937-0464-4eaf-a1db-e95b27e5c728" testListId="8c84fa94-04c1-424b-9868-57a2d4851a1d" />
    <TestEntry testId="25f6a734-66c9-8e52-5315-839b41d0d581" executionId="50ec1362-a52f-451c-a9f6-89be4e338b6c" testListId="8c84fa94-04c1-424b-9868-57a2d4851a1d" />
    <TestEntry testId="18a0ff0a-ac1a-a9d5-81ad-858aef9a2757" executionId="605018e7-e696-4bcb-bbe7-9cf489d85503" testListId="8c84fa94-04c1-424b-9868-57a2d4851a1d" />
    <TestEntry testId="c71759fc-e4e5-d7b5-0b8a-14b59e843b99" executionId="9646399f-fde4-4259-b595-5af8f000c38a" testListId="8c84fa94-04c1-424b-9868-57a2d4851a1d" />
    <TestEntry testId="d0835474-54a2-68b1-7f10-3e1e88991a85" executionId="bb8a79f2-a709-4ed8-a662-550f17ca065b" testListId="8c84fa94-04c1-424b-9868-57a2d4851a1d" />
    <TestEntry testId="4a234cdc-1e2b-9b77-4204-04cd8ac76447" executionId="17750615-f601-4c4f-aecd-1ff08e644428" testListId="8c84fa94-04c1-424b-9868-57a2d4851a1d" />
    <TestEntry testId="3c6bc004-d150-e549-23d9-d7b29cfb4820" executionId="4874f459-7b20-44c3-9861-9ac7951d6e05" testListId="8c84fa94-04c1-424b-9868-57a2d4851a1d" />
    <TestEntry testId="338cbb1d-4818-4b9d-5dac-eff2a3aeef9f" executionId="77d38862-35c2-431c-bbf6-2064db7976d7" testListId="8c84fa94-04c1-424b-9868-57a2d4851a1d" />
    <TestEntry testId="0a813c2e-c51e-bd80-94ac-98a95a07ff38" executionId="834c51c5-7e6d-4038-921b-88e22a12f5b6" testListId="8c84fa94-04c1-424b-9868-57a2d4851a1d" />
    <TestEntry testId="2c2a79ca-ceae-8884-25a5-a7c107220ca4" executionId="0d1aa49b-cf07-465d-af52-dee8e45f8ec0" testListId="8c84fa94-04c1-424b-9868-57a2d4851a1d" />
    <TestEntry testId="49e2a578-06b2-ded3-6f98-62bfba3a3398" executionId="4684668b-be68-4b4a-a228-e242ed4dfd3f" testListId="8c84fa94-04c1-424b-9868-57a2d4851a1d" />
    <TestEntry testId="bb06bf78-ab21-b368-e7ef-1d7c921a2efd" executionId="92032d1b-88da-4295-ad37-f2290b41fe58" testListId="8c84fa94-04c1-424b-9868-57a2d4851a1d" />
    <TestEntry testId="f82332ef-7e4a-1896-d313-946a251f4768" executionId="dcd6f0e6-2f1a-4555-9774-41a44f53450b" testListId="8c84fa94-04c1-424b-9868-57a2d4851a1d" />
    <TestEntry testId="c9687247-30d1-280a-87a9-80a36b2d7cef" executionId="2f421a63-6210-4640-bd11-2bf0e8f8ba6b" testListId="8c84fa94-04c1-424b-9868-57a2d4851a1d" />
    <TestEntry testId="f6e97cfb-e78c-702e-7716-a8cb30f049ad" executionId="d3e31a11-1716-44b7-960d-ef71ec2db3ac" testListId="8c84fa94-04c1-424b-9868-57a2d4851a1d" />
    <TestEntry testId="2d37474b-3bff-518c-3eb2-7e61c99f0232" executionId="831c5f84-710c-4b58-9d83-a2aa95e06081" testListId="8c84fa94-04c1-424b-9868-57a2d4851a1d" />
    <TestEntry testId="cdb1b06a-ede8-fa7c-7412-d384b4ec55e0" executionId="dfad8f33-dd15-4926-a04d-18bb3eb8172c" testListId="8c84fa94-04c1-424b-9868-57a2d4851a1d" />
    <TestEntry testId="dacf622c-f26a-8ea3-92b3-0fbbc926ff80" executionId="18513952-760c-48e4-b349-5a96aa9f268e" testListId="8c84fa94-04c1-424b-9868-57a2d4851a1d" />
    <TestEntry testId="e84f7890-4a74-4696-218c-b5a9ae941044" executionId="0f431269-f631-4749-913f-6c6404ed2fbd" testListId="8c84fa94-04c1-424b-9868-57a2d4851a1d" />
    <TestEntry testId="d0d8381f-1212-f655-b7e8-da949ae6037a" executionId="1f3f490e-c5c8-4048-a4ff-889668221b97" testListId="8c84fa94-04c1-424b-9868-57a2d4851a1d" />
    <TestEntry testId="a84efa56-6bf6-839a-c755-cd7db0018314" executionId="6b43b074-f649-4ba2-9b20-c80a800d86e4" testListId="8c84fa94-04c1-424b-9868-57a2d4851a1d" />
    <TestEntry testId="176670fb-1d4e-426f-b470-5d27087647a7" executionId="14f6f7f1-1f88-4877-8614-a952a71a1cc8" testListId="8c84fa94-04c1-424b-9868-57a2d4851a1d" />
    <TestEntry testId="30f7a855-6e4a-423e-6c06-6dbdfcea4095" executionId="9ebd009a-41d4-4583-a171-97798f4d0b71" testListId="8c84fa94-04c1-424b-9868-57a2d4851a1d" />
    <TestEntry testId="1f8138dd-bc1e-a02c-372f-244c53efa65e" executionId="4a9bfda1-eae3-4709-a5e5-87e2b8ecd19d" testListId="8c84fa94-04c1-424b-9868-57a2d4851a1d" />
    <TestEntry testId="5bfa0415-d410-d5d9-e938-8abefaeaacba" executionId="7947856a-369f-494b-ab7b-4b78ef34c5b9" testListId="8c84fa94-04c1-424b-9868-57a2d4851a1d" />
    <TestEntry testId="6d54fea5-eafd-7e61-b43b-22643abf3798" executionId="ec8f3b8c-6b4a-4432-bc52-a77abf17712a" testListId="8c84fa94-04c1-424b-9868-57a2d4851a1d" />
    <TestEntry testId="e249913d-47c2-be7e-2b14-2792dd63a664" executionId="1b34c6ad-4037-412e-8429-e07412d3b42f" testListId="8c84fa94-04c1-424b-9868-57a2d4851a1d" />
    <TestEntry testId="dacd22a8-8c1a-33ba-6487-d19a60b1c898" executionId="f8272962-7ada-42ce-a57a-d0786f9ae658" testListId="8c84fa94-04c1-424b-9868-57a2d4851a1d" />
    <TestEntry testId="4a7d6a30-5fd0-7ff9-a349-5e34b8f37db1" executionId="4227b343-b061-46b7-a8aa-cc00ba4625d7" testListId="8c84fa94-04c1-424b-9868-57a2d4851a1d" />
    <TestEntry testId="c02f77ba-8027-1ee9-4d13-6255dfee4584" executionId="0aa5339d-4a3f-4d15-b1cb-79245fb09865" testListId="8c84fa94-04c1-424b-9868-57a2d4851a1d" />
    <TestEntry testId="4bc627cd-508d-6844-b866-7ab76843038f" executionId="6102d67c-fc8c-4519-ad73-63456c9af748" testListId="8c84fa94-04c1-424b-9868-57a2d4851a1d" />
    <TestEntry testId="fa5c1275-6796-4dcb-9f88-84aab4336a1f" executionId="3118736b-11e8-415c-867b-c6fecf14667c" testListId="8c84fa94-04c1-424b-9868-57a2d4851a1d" />
    <TestEntry testId="ce535f01-343a-d676-b641-8fa40671efc4" executionId="c69ba226-cbb7-48b9-ad4a-5359df017aea" testListId="8c84fa94-04c1-424b-9868-57a2d4851a1d" />
    <TestEntry testId="4fd6add9-2e9f-40f6-b61b-636feaf88629" executionId="e47cac37-ef0e-4834-80b4-dc7b668c23eb" testListId="8c84fa94-04c1-424b-9868-57a2d4851a1d" />
    <TestEntry testId="637db4e2-e241-6d89-dd53-261e830e69bf" executionId="5846bf8f-36e5-4c7c-91f6-cf717167eae6" testListId="8c84fa94-04c1-424b-9868-57a2d4851a1d" />
    <TestEntry testId="600517d1-a9dd-2a42-f0af-661cba3da3ca" executionId="730e581f-a1d3-4eb4-9ed5-e2c3a4a4518a" testListId="8c84fa94-04c1-424b-9868-57a2d4851a1d" />
    <TestEntry testId="44f4028e-9bd3-386c-2ed9-6f8efdc546e9" executionId="36447134-53f9-4749-ac47-8467c913e7f9" testListId="8c84fa94-04c1-424b-9868-57a2d4851a1d" />
    <TestEntry testId="58e324dc-22f5-3a17-cd89-fe29db5bf094" executionId="91cc9cb6-6148-4b6c-8003-ce11fcf4cd65" testListId="8c84fa94-04c1-424b-9868-57a2d4851a1d" />
    <TestEntry testId="f514d079-8d06-ef5a-d94b-1dfe43410a52" executionId="df2ec8a1-50ae-48f9-aea8-635741e9e8ce" testListId="8c84fa94-04c1-424b-9868-57a2d4851a1d" />
    <TestEntry testId="e25db0a7-077f-add3-a7d0-917882ca41b5" executionId="6786f718-b05f-4004-8d6f-ae6571596b74" testListId="8c84fa94-04c1-424b-9868-57a2d4851a1d" />
    <TestEntry testId="d65534dd-086c-c963-96ef-21fceb425911" executionId="1f7e9e49-f336-48ad-9948-82179c046149" testListId="8c84fa94-04c1-424b-9868-57a2d4851a1d" />
    <TestEntry testId="b371c621-a08b-1ffa-904c-27ea074f2ce7" executionId="074b0d4d-c2fe-494b-bccc-2eecab46bdd9" testListId="8c84fa94-04c1-424b-9868-57a2d4851a1d" />
    <TestEntry testId="0a018b47-0f0a-86a3-e28b-fbc01e58c2dd" executionId="1bc6927f-3a73-4ee8-aa8e-16eb76b28e7e" testListId="8c84fa94-04c1-424b-9868-57a2d4851a1d" />
    <TestEntry testId="80842f01-45f2-591b-2b29-03dee54f7182" executionId="76976548-de40-4f81-a8d3-e4580f2f395f" testListId="8c84fa94-04c1-424b-9868-57a2d4851a1d" />
    <TestEntry testId="a6bcb73f-80a6-d871-8660-62ffee7a7f84" executionId="c810c641-7719-4352-a500-d10c44a9d626" testListId="8c84fa94-04c1-424b-9868-57a2d4851a1d" />
    <TestEntry testId="213bb916-ceed-426e-96b4-3a3ab34937e0" executionId="9f723111-9b42-4c91-a745-999c4c318d5f" testListId="8c84fa94-04c1-424b-9868-57a2d4851a1d" />
    <TestEntry testId="e3ba907c-c8d2-c790-74d2-dbc1ec56bea1" executionId="f9d5a344-7c58-4a39-9b29-ee5cb97a4dc9" testListId="8c84fa94-04c1-424b-9868-57a2d4851a1d" />
    <TestEntry testId="9a7cd02e-64e0-5f38-0fb0-0a349dd4e338" executionId="80156aaa-de09-4ca3-93fc-32ead6459a28" testListId="8c84fa94-04c1-424b-9868-57a2d4851a1d" />
    <TestEntry testId="de656884-06bc-c865-1cb8-9caa897a1ba9" executionId="777e6dfb-0196-4173-b454-7913203e3203" testListId="8c84fa94-04c1-424b-9868-57a2d4851a1d" />
    <TestEntry testId="dfc76857-5068-fa73-5484-889d9772bdb5" executionId="5da78102-17fa-4e1a-8598-b3c988cd3088" testListId="8c84fa94-04c1-424b-9868-57a2d4851a1d" />
    <TestEntry testId="9214b874-848b-6a6d-b88b-6d0ccc56ee9d" executionId="623d5c18-faa6-460e-a9a0-80751edc21d1" testListId="8c84fa94-04c1-424b-9868-57a2d4851a1d" />
    <TestEntry testId="94d44992-bbc8-f19c-cdde-5651d713421c" executionId="78f4baa5-32bf-46c3-9518-d3c764854fe9" testListId="8c84fa94-04c1-424b-9868-57a2d4851a1d" />
    <TestEntry testId="157915dc-e8c7-3f94-7ada-80898034d54d" executionId="c16ba43c-5289-4f9d-84d4-9b78bbe51141" testListId="8c84fa94-04c1-424b-9868-57a2d4851a1d" />
    <TestEntry testId="15b43855-4998-8825-5820-80ecb0ae847d" executionId="baa9f89e-4809-4468-8208-2de288e10c48" testListId="8c84fa94-04c1-424b-9868-57a2d4851a1d" />
    <TestEntry testId="c57b5ac3-e5ee-5197-1193-cb70696436ab" executionId="858f1d14-0c75-43f8-914d-1efa32791fd3" testListId="8c84fa94-04c1-424b-9868-57a2d4851a1d" />
    <TestEntry testId="4007acf6-6807-10a0-d3a3-32c9cbc0fb1b" executionId="ef58b1ff-6481-473a-a7f3-3f93be89241d" testListId="8c84fa94-04c1-424b-9868-57a2d4851a1d" />
    <TestEntry testId="12ee6ab1-47bd-c6cf-ae6d-005d95b3940a" executionId="9c1d83b0-5e0c-4c20-99a6-b7f2ac81f555" testListId="8c84fa94-04c1-424b-9868-57a2d4851a1d" />
    <TestEntry testId="a8e3a636-620f-1482-f02b-70a802069f1c" executionId="c8b021ca-602c-4aa4-9f94-63d219e00365" testListId="8c84fa94-04c1-424b-9868-57a2d4851a1d" />
    <TestEntry testId="aad36528-8d2a-1d3c-586a-4fb6d835d445" executionId="adafb636-cb17-4259-a58a-95c5dcc8a281" testListId="8c84fa94-04c1-424b-9868-57a2d4851a1d" />
    <TestEntry testId="1ddda90b-8993-1b92-f938-0a5c5768d517" executionId="1f65ac65-b454-4b7c-90de-1bb602e37bfb" testListId="8c84fa94-04c1-424b-9868-57a2d4851a1d" />
    <TestEntry testId="a1642685-eac0-7b53-ddc9-66f11b3b5cdc" executionId="aea80154-fccb-42f3-a48f-a5e32a5ad236" testListId="8c84fa94-04c1-424b-9868-57a2d4851a1d" />
    <TestEntry testId="2bd589ab-15b3-09bc-54b2-c7707b663777" executionId="9675f83c-2e59-42d7-99f9-1367147b6d0b" testListId="8c84fa94-04c1-424b-9868-57a2d4851a1d" />
    <TestEntry testId="d7af2342-4b30-0768-069a-66984597e905" executionId="63ce42de-9978-44ee-aa3f-3ffc888c2fd4" testListId="8c84fa94-04c1-424b-9868-57a2d4851a1d" />
    <TestEntry testId="b4557069-0778-7bb4-b9b0-46e1aec4f29a" executionId="60173a11-7f8f-4e49-b02c-cdd66ed2d627" testListId="8c84fa94-04c1-424b-9868-57a2d4851a1d" />
    <TestEntry testId="b2c27937-4729-a707-5356-576017253ccd" executionId="437a74f7-40c1-4c59-a423-1c9a1bc4fc02" testListId="8c84fa94-04c1-424b-9868-57a2d4851a1d" />
    <TestEntry testId="9411755a-ed03-1bd5-6a9e-ae7adc109c39" executionId="d075bfd3-9bed-4a8d-9b5a-132ffbba49dd" testListId="8c84fa94-04c1-424b-9868-57a2d4851a1d" />
    <TestEntry testId="b5651762-2a77-92f1-2245-3acae0a3a044" executionId="fbcd0a47-079c-4672-8ff7-a1d4c4d0bf99" testListId="8c84fa94-04c1-424b-9868-57a2d4851a1d" />
    <TestEntry testId="58252538-aa9d-495e-5cd5-b82da0ddf325" executionId="b70983be-25c0-4e94-9ea8-75e6bed6bb07" testListId="8c84fa94-04c1-424b-9868-57a2d4851a1d" />
    <TestEntry testId="c1f97e1b-9097-ee45-a128-9c8ad72fdcca" executionId="dacf392a-f979-4927-a257-950a8bdfcea9" testListId="8c84fa94-04c1-424b-9868-57a2d4851a1d" />
    <TestEntry testId="c837a97a-e51e-8bec-3d9c-2a1bd95a354a" executionId="7468d232-57a0-467e-a47c-1a743c3ac649" testListId="8c84fa94-04c1-424b-9868-57a2d4851a1d" />
    <TestEntry testId="8b838374-f113-7a45-90b6-7acf919c7f9d" executionId="110c552d-5538-46b4-a483-80298a3369a0" testListId="8c84fa94-04c1-424b-9868-57a2d4851a1d" />
    <TestEntry testId="b31e2842-7ff6-9c4d-5a6d-12cd5934217d" executionId="86195159-bb99-49f7-b2f2-bbe7075b8a2d" testListId="8c84fa94-04c1-424b-9868-57a2d4851a1d" />
    <TestEntry testId="8e9d7d99-a5df-a503-d37f-06d7f65402a6" executionId="5576cdc6-4f5b-40d7-bb34-3eecf83df0a1" testListId="8c84fa94-04c1-424b-9868-57a2d4851a1d" />
    <TestEntry testId="64de363d-feac-33fe-a377-a61907fccc1b" executionId="dc7907c6-bcc0-4f00-a722-f9cb3e8c8106" testListId="8c84fa94-04c1-424b-9868-57a2d4851a1d" />
    <TestEntry testId="e8e42826-2f99-5e69-1f94-95f6d6d1ba75" executionId="804608b4-16e7-4ce7-a0ec-fdfa674352c8" testListId="8c84fa94-04c1-424b-9868-57a2d4851a1d" />
    <TestEntry testId="e4f6934a-616c-8376-308f-cb98c04d2173" executionId="aedfcc5b-7a59-47d7-9df9-b85a621e503c" testListId="8c84fa94-04c1-424b-9868-57a2d4851a1d" />
    <TestEntry testId="4310afc1-7beb-dea9-0052-28581d93ccc2" executionId="ff57eb9a-5ed9-4064-859e-946441ad6d70" testListId="8c84fa94-04c1-424b-9868-57a2d4851a1d" />
    <TestEntry testId="418091f0-1fbe-6361-7c77-f603ddbd0c42" executionId="10a1152e-e8ef-40e4-8f20-46bb13698fef" testListId="8c84fa94-04c1-424b-9868-57a2d4851a1d" />
    <TestEntry testId="e67df717-6113-d2de-c6fc-4b51384258c8" executionId="f54fcff8-554d-4173-bad8-fe72e08f823e" testListId="8c84fa94-04c1-424b-9868-57a2d4851a1d" />
    <TestEntry testId="9b054699-5ac8-40ba-f6a8-7263e84ce177" executionId="71cacde5-1ef6-4c11-bd8b-23b201520b25" testListId="8c84fa94-04c1-424b-9868-57a2d4851a1d" />
    <TestEntry testId="b5a9a3d5-d167-45c8-8a44-b9a8abfe972c" executionId="0ac872f5-d59e-4df1-be7b-1a91b6617871" testListId="8c84fa94-04c1-424b-9868-57a2d4851a1d" />
    <TestEntry testId="772eca89-e36b-2caf-3a61-430b15d26025" executionId="8c6cfaea-cdec-43d2-9bfc-19569596e044" testListId="8c84fa94-04c1-424b-9868-57a2d4851a1d" />
    <TestEntry testId="aa3e2e38-c3b0-99ea-8d54-db64851f9e11" executionId="0e4a38e8-2a08-400a-897f-8e30552b31a0" testListId="8c84fa94-04c1-424b-9868-57a2d4851a1d" />
    <TestEntry testId="e314ca48-ecc2-8358-33ec-5f3221d11fab" executionId="7a94951c-4820-416e-943d-bf6d85eb043e" testListId="8c84fa94-04c1-424b-9868-57a2d4851a1d" />
    <TestEntry testId="aabe9f3b-0283-90ce-3fe9-506780195010" executionId="160e1ab4-5f6c-44c2-9ade-5eed0283aa81" testListId="8c84fa94-04c1-424b-9868-57a2d4851a1d" />
    <TestEntry testId="231e6c40-d8a6-0032-8786-9574d90f41c4" executionId="c7913cec-c2ac-49f1-97a2-117092a29d8b" testListId="8c84fa94-04c1-424b-9868-57a2d4851a1d" />
  </TestEntries>
  <TestLists>
    <TestList name="Results Not in a List" id="8c84fa94-04c1-424b-9868-57a2d4851a1d" />
    <TestList name="All Loaded Results" id="19431567-8539-422a-85d7-44ee4e166bda" />
  </TestLists>
  <ResultSummary outcome="Failed">
    <Counters total="1000" executed="1000" passed="950" failed="50" error="0" timeout="0" aborted="0" inconclusive="0" passedButRunAborted="0" notRunnable="0" notExecuted="0" disconnected="0" warning="0" completed="0" inProgress="0" pending="0" />
  </ResultSummary>
</TestRun>