<?xml version="1.0" encoding="utf-8"?>
<TestRun id="90db556a-efac-4070-93f7-9a76be69331f" name="susaluj@SUSALUJ 2019-07-19 16:06:37" runUser="FAREAST\susaluj" xmlns="http://microsoft.com/schemas/VisualStudio/TeamTest/2010">
  <Times creation="2019-07-19T16:06:37.6467661+05:30" queuing="2019-07-19T16:06:37.6467661+05:30" start="2019-07-19T16:06:36.8597954+05:30" finish="2019-07-19T16:06:38.0387647+05:30" />
  <TestSettings name="default" id="b9721220-5148-4030-a1c6-e55225866426">
    <Deployment runDeploymentRoot="susaluj_SUSALUJ_2019-07-19_16_06_37" />
  </TestSettings>
  <Results>
    <UnitTestResult executionId="a5bf655d-5864-4f77-a998-50622344932a" testId="0d431403-595c-9779-f98c-ab1f510f90ca" testName="TestMethod273" computerName="SUSALUJ" duration="00:00:00.0000525" startTime="2019-07-19T16:06:37.8567660+05:30" endTime="2019-07-19T16:06:37.8577670+05:30" testType="13cdc9d9-ddb5-4fa4-a97d-d965ccfc6d4b" outcome="Passed" testListId="8c84fa94-04c1-424b-9868-57a2d4851a1d" relativeResultsDirectory="a5bf655d-5864-4f77-a998-50622344932a" />
    <UnitTestResult executionId="2c665b4a-faab-4787-a646-ce957944220d" testId="d0d8381f-1212-f655-b7e8-da949ae6037a" testName="TestMethod676" computerName="SUSALUJ" duration="00:00:00.0000370" startTime="2019-07-19T16:06:37.7287650+05:30" endTime="2019-07-19T16:06:37.7297671+05:30" testType="13cdc9d9-ddb5-4fa4-a97d-d965ccfc6d4b" outcome="Passed" testListId="8c84fa94-04c1-424b-9868-57a2d4851a1d" relativeResultsDirectory="2c665b4a-faab-4787-a646-ce957944220d" />
    <UnitTestResult executionId="af125306-0e0c-4cc9-98d7-ea803f4cff72" testId="3b4cf534-b501-3aeb-a08b-237bd2afc4a1" testName="TestMethod330" computerName="SUSALUJ" duration="00:00:00.0000389" startTime="2019-07-19T16:06:37.8297718+05:30" endTime="2019-07-19T16:06:37.8297718+05:30" testType="13cdc9d9-ddb5-4fa4-a97d-d965ccfc6d4b" outcome="Passed" testListId="8c84fa94-04c1-424b-9868-57a2d4851a1d" relativeResultsDirectory="af125306-0e0c-4cc9-98d7-ea803f4cff72" />
    <UnitTestResult executionId="49a535c8-0de6-42d7-a580-40f84b564d53" testId="fb4fe1f9-4704-e605-7e31-79acd6c27b72" testName="TestMethod803" computerName="SUSALUJ" duration="00:00:00.0000297" startTime="2019-07-19T16:06:37.6677667+05:30" endTime="2019-07-19T16:06:37.6677667+05:30" testType="13cdc9d9-ddb5-4fa4-a97d-d965ccfc6d4b" outcome="Passed" testListId="8c84fa94-04c1-424b-9868-57a2d4851a1d" relativeResultsDirectory="49a535c8-0de6-42d7-a580-40f84b564d53" />
    <UnitTestResult executionId="2aa3bfe3-e0b3-4d90-8282-81efa909eeb6" testId="eb744067-250a-ee63-6639-e001fa33b4bc" testName="TestMethod276" computerName="SUSALUJ" duration="00:00:00.0000347" startTime="2019-07-19T16:06:37.8587686+05:30" endTime="2019-07-19T16:06:37.8587686+05:30" testType="13cdc9d9-ddb5-4fa4-a97d-d965ccfc6d4b" outcome="Passed" testListId="8c84fa94-04c1-424b-9868-57a2d4851a1d" relativeResultsDirectory="2aa3bfe3-e0b3-4d90-8282-81efa909eeb6" />
    <UnitTestResult executionId="1ba582e0-a489-45fa-8e52-19254c092007" testId="2bd589ab-15b3-09bc-54b2-c7707b663777" testName="TestMethod778" computerName="SUSALUJ" duration="00:00:00.0000219" startTime="2019-07-19T16:06:37.7117728+05:30" endTime="2019-07-19T16:06:37.7127657+05:30" testType="13cdc9d9-ddb5-4fa4-a97d-d965ccfc6d4b" outcome="Passed" testListId="8c84fa94-04c1-424b-9868-57a2d4851a1d" relativeResultsDirectory="1ba582e0-a489-45fa-8e52-19254c092007" />
    <UnitTestResult executionId="183c6ffa-370c-4bdc-b669-de0b0eed7c2f" testId="153bc2be-7b5a-6d34-1b29-a594ac423af5" testName="TestMethod130" computerName="SUSALUJ" duration="00:00:00.0000200" startTime="2019-07-19T16:06:37.8637664+05:30" endTime="2019-07-19T16:06:37.8637664+05:30" testType="13cdc9d9-ddb5-4fa4-a97d-d965ccfc6d4b" outcome="Passed" testListId="8c84fa94-04c1-424b-9868-57a2d4851a1d" relativeResultsDirectory="183c6ffa-370c-4bdc-b669-de0b0eed7c2f" />
    <UnitTestResult executionId="9602221e-67aa-42f9-956f-84a6e48a5b50" testId="f9915989-2d3b-ae48-0f3e-fb7284bad1c4" testName="TestMethod991" computerName="SUSALUJ" duration="00:00:00.0000264" startTime="2019-07-19T16:06:37.6447665+05:30" endTime="2019-07-19T16:06:37.6457674+05:30" testType="13cdc9d9-ddb5-4fa4-a97d-d965ccfc6d4b" outcome="Passed" testListId="8c84fa94-04c1-424b-9868-57a2d4851a1d" relativeResultsDirectory="9602221e-67aa-42f9-956f-84a6e48a5b50" />
    <UnitTestResult executionId="34e86079-7459-43d3-bea9-8335d88836c0" testId="8376720d-9f57-3b09-e40c-6bb95b30941d" testName="TestMethod722" computerName="SUSALUJ" duration="00:00:00.0000351" startTime="2019-07-19T16:06:37.6987669+05:30" endTime="2019-07-19T16:06:37.6997667+05:30" testType="13cdc9d9-ddb5-4fa4-a97d-d965ccfc6d4b" outcome="Passed" testListId="8c84fa94-04c1-424b-9868-57a2d4851a1d" relativeResultsDirectory="34e86079-7459-43d3-bea9-8335d88836c0" />
    <UnitTestResult executionId="aa94a81c-6cc6-4d08-b060-7206e49418c8" testId="0a018b47-0f0a-86a3-e28b-fbc01e58c2dd" testName="TestMethod862" computerName="SUSALUJ" duration="00:00:00.0000273" startTime="2019-07-19T16:06:37.6897656+05:30" endTime="2019-07-19T16:06:37.6897656+05:30" testType="13cdc9d9-ddb5-4fa4-a97d-d965ccfc6d4b" outcome="Passed" testListId="8c84fa94-04c1-424b-9868-57a2d4851a1d" relativeResultsDirectory="aa94a81c-6cc6-4d08-b060-7206e49418c8" />
    <UnitTestResult executionId="efb1aa11-1667-41b4-a43a-338120ef0c1f" testId="a2f92813-cd64-b1c8-73e7-623cfb63d167" testName="TestMethod817" computerName="SUSALUJ" duration="00:00:00.0000308" startTime="2019-07-19T16:06:37.6707665+05:30" endTime="2019-07-19T16:06:37.6707665+05:30" testType="13cdc9d9-ddb5-4fa4-a97d-d965ccfc6d4b" outcome="Passed" testListId="8c84fa94-04c1-424b-9868-57a2d4851a1d" relativeResultsDirectory="efb1aa11-1667-41b4-a43a-338120ef0c1f" />
    <UnitTestResult executionId="c60c93e3-b07f-457b-9cbe-da54f2327ba8" testId="94d44992-bbc8-f19c-cdde-5651d713421c" testName="TestMethod472" computerName="SUSALUJ" duration="00:00:00.0000467" startTime="2019-07-19T16:06:37.7707690+05:30" endTime="2019-07-19T16:06:37.7707690+05:30" testType="13cdc9d9-ddb5-4fa4-a97d-d965ccfc6d4b" outcome="Passed" testListId="8c84fa94-04c1-424b-9868-57a2d4851a1d" relativeResultsDirectory="c60c93e3-b07f-457b-9cbe-da54f2327ba8" />
    <UnitTestResult executionId="1fb6fffd-e963-495d-a1e4-b144a5f36137" testId="27d204bb-c3fa-e9d6-7096-866836d539c5" testName="TestMethod321" computerName="SUSALUJ" duration="00:00:00.0000420" startTime="2019-07-19T16:06:37.8247675+05:30" endTime="2019-07-19T16:06:37.8247675+05:30" testType="13cdc9d9-ddb5-4fa4-a97d-d965ccfc6d4b" outcome="Passed" testListId="8c84fa94-04c1-424b-9868-57a2d4851a1d" relativeResultsDirectory="1fb6fffd-e963-495d-a1e4-b144a5f36137" />
    <UnitTestResult executionId="f8f04e01-a7d4-4045-8abe-befddf37213c" testId="7f2360c8-7445-efe2-6251-3fd1831acb36" testName="TestMethod608" computerName="SUSALUJ" duration="00:00:00.0000358" startTime="2019-07-19T16:06:37.7617653+05:30" endTime="2019-07-19T16:06:37.7627664+05:30" testType="13cdc9d9-ddb5-4fa4-a97d-d965ccfc6d4b" outcome="Passed" testListId="8c84fa94-04c1-424b-9868-57a2d4851a1d" relativeResultsDirectory="f8f04e01-a7d4-4045-8abe-befddf37213c" />
    <UnitTestResult executionId="ddfa1e43-2db0-4e1c-9d8e-0f30ba792836" testId="dacf622c-f26a-8ea3-92b3-0fbbc926ff80" testName="TestMethod740" computerName="SUSALUJ" duration="00:00:00.0000306" startTime="2019-07-19T16:06:37.7037646+05:30" endTime="2019-07-19T16:06:37.7037646+05:30" testType="13cdc9d9-ddb5-4fa4-a97d-d965ccfc6d4b" outcome="Passed" testListId="8c84fa94-04c1-424b-9868-57a2d4851a1d" relativeResultsDirectory="ddfa1e43-2db0-4e1c-9d8e-0f30ba792836" />
    <UnitTestResult executionId="bff0fbc8-4702-4010-a051-10c876e10e14" testId="d4f79742-85f3-99b3-b553-501ccf8d4cf2" testName="TestMethod525" computerName="SUSALUJ" duration="00:00:00.0000234" startTime="2019-07-19T16:06:37.7857670+05:30" endTime="2019-07-19T16:06:37.7867668+05:30" testType="13cdc9d9-ddb5-4fa4-a97d-d965ccfc6d4b" outcome="Passed" testListId="8c84fa94-04c1-424b-9868-57a2d4851a1d" relativeResultsDirectory="bff0fbc8-4702-4010-a051-10c876e10e14" />
    <UnitTestResult executionId="b471ef53-ac84-4fd1-8304-466a122959b4" testId="0082ec55-23a0-7970-6e7e-7fe788b9f353" testName="TestMethod726" computerName="SUSALUJ" duration="00:00:00.0000415" startTime="2019-07-19T16:06:37.6997667+05:30" endTime="2019-07-19T16:06:37.7007671+05:30" testType="13cdc9d9-ddb5-4fa4-a97d-d965ccfc6d4b" outcome="Passed" testListId="8c84fa94-04c1-424b-9868-57a2d4851a1d" relativeResultsDirectory="b471ef53-ac84-4fd1-8304-466a122959b4" />
    <UnitTestResult executionId="313a7068-87dd-4ff6-98dd-e2f35f55c495" testId="fd656e93-dce1-cd2c-5ac9-6f5c6e218c22" testName="TestMethod960" computerName="SUSALUJ" duration="00:00:00.0000607" startTime="2019-07-19T16:06:37.6327649+05:30" endTime="2019-07-19T16:06:37.6337650+05:30" testType="13cdc9d9-ddb5-4fa4-a97d-d965ccfc6d4b" outcome="Passed" testListId="8c84fa94-04c1-424b-9868-57a2d4851a1d" relativeResultsDirectory="313a7068-87dd-4ff6-98dd-e2f35f55c495" />
    <UnitTestResult executionId="ede30122-b44a-4dd3-a1b0-b4d32241b567" testId="1e27ab10-8e53-64cc-9fa8-800cab83d0a3" testName="TestMethod424" computerName="SUSALUJ" duration="00:00:00.0000303" startTime="2019-07-19T16:06:37.8037660+05:30" endTime="2019-07-19T16:06:37.8037660+05:30" testType="13cdc9d9-ddb5-4fa4-a97d-d965ccfc6d4b" outcome="Passed" testListId="8c84fa94-04c1-424b-9868-57a2d4851a1d" relativeResultsDirectory="ede30122-b44a-4dd3-a1b0-b4d32241b567" />
    <UnitTestResult executionId="a8a07099-aff9-4bee-a1eb-d7bb9d3c212b" testId="710e3724-6595-fb9a-403c-6e60afa68e47" testName="TestMethod599" computerName="SUSALUJ" duration="00:00:00.0000325" startTime="2019-07-19T16:06:37.7597687+05:30" endTime="2019-07-19T16:06:37.7597687+05:30" testType="13cdc9d9-ddb5-4fa4-a97d-d965ccfc6d4b" outcome="Passed" testListId="8c84fa94-04c1-424b-9868-57a2d4851a1d" relativeResultsDirectory="a8a07099-aff9-4bee-a1eb-d7bb9d3c212b" />
    <UnitTestResult executionId="cd77639b-0260-41bd-98b6-828d512a689c" testId="e6325c4d-0d1b-48f8-5d01-528c8025c1ef" testName="TestMethod704" computerName="SUSALUJ" duration="00:00:00.0000410" startTime="2019-07-19T16:06:37.6947644+05:30" endTime="2019-07-19T16:06:37.6947644+05:30" testType="13cdc9d9-ddb5-4fa4-a97d-d965ccfc6d4b" outcome="Passed" testListId="8c84fa94-04c1-424b-9868-57a2d4851a1d" relativeResultsDirectory="cd77639b-0260-41bd-98b6-828d512a689c" />
    <UnitTestResult executionId="e7951811-2d1d-4b26-8dea-6c747bf84f7a" testId="73b680b6-4651-48a5-18e1-a991cb04485e" testName="TestMethod649" computerName="SUSALUJ" duration="00:00:00.0000255" startTime="2019-07-19T16:06:37.7237686+05:30" endTime="2019-07-19T16:06:37.7237686+05:30" testType="13cdc9d9-ddb5-4fa4-a97d-d965ccfc6d4b" outcome="Passed" testListId="8c84fa94-04c1-424b-9868-57a2d4851a1d" relativeResultsDirectory="e7951811-2d1d-4b26-8dea-6c747bf84f7a" />
    <UnitTestResult executionId="05eaf64a-5819-41d4-85ee-1a608adf1c09" testId="2e62a879-e945-d295-45fa-228a82f129b0" testName="TestMethod916" computerName="SUSALUJ" duration="00:00:00.0000373" startTime="2019-07-19T16:06:37.6557644+05:30" endTime="2019-07-19T16:06:37.6557644+05:30" testType="13cdc9d9-ddb5-4fa4-a97d-d965ccfc6d4b" outcome="Passed" testListId="8c84fa94-04c1-424b-9868-57a2d4851a1d" relativeResultsDirectory="05eaf64a-5819-41d4-85ee-1a608adf1c09" />
    <UnitTestResult executionId="9590029b-b2d3-4a0d-a1d0-4775dc50f763" testId="f6b36be6-03b8-eb53-2bd6-1d05045cd042" testName="TestMethod931" computerName="SUSALUJ" duration="00:00:00.0001014" startTime="2019-07-19T16:06:37.6587717+05:30" endTime="2019-07-19T16:06:37.6587717+05:30" testType="13cdc9d9-ddb5-4fa4-a97d-d965ccfc6d4b" outcome="Passed" testListId="8c84fa94-04c1-424b-9868-57a2d4851a1d" relativeResultsDirectory="9590029b-b2d3-4a0d-a1d0-4775dc50f763" />
    <UnitTestResult executionId="722f4fc9-c042-4701-8790-fb01fe89235c" testId="3327bd38-891d-1d5d-78a0-4d48beed5153" testName="TestMethod182" computerName="SUSALUJ" duration="00:00:00.0000530" startTime="2019-07-19T16:06:37.8797665+05:30" endTime="2019-07-19T16:06:37.8807677+05:30" testType="13cdc9d9-ddb5-4fa4-a97d-d965ccfc6d4b" outcome="Passed" testListId="8c84fa94-04c1-424b-9868-57a2d4851a1d" relativeResultsDirectory="722f4fc9-c042-4701-8790-fb01fe89235c" />
    <UnitTestResult executionId="a9286b66-9313-4e06-99d2-efd673ee52a9" testId="808539b7-31ea-bf3a-7c7f-4cbfe8749def" testName="TestMethod392" computerName="SUSALUJ" duration="00:00:00.0000466" startTime="2019-07-19T16:06:37.7947670+05:30" endTime="2019-07-19T16:06:37.7957675+05:30" testType="13cdc9d9-ddb5-4fa4-a97d-d965ccfc6d4b" outcome="Passed" testListId="8c84fa94-04c1-424b-9868-57a2d4851a1d" relativeResultsDirectory="a9286b66-9313-4e06-99d2-efd673ee52a9" />
    <UnitTestResult executionId="09031796-c6d5-406a-9c22-95c90e24a76e" testId="03237757-b415-0fd0-975e-8617562fdc38" testName="TestMethod528" computerName="SUSALUJ" duration="00:00:00.0000210" startTime="2019-07-19T16:06:37.7867668+05:30" endTime="2019-07-19T16:06:37.7867668+05:30" testType="13cdc9d9-ddb5-4fa4-a97d-d965ccfc6d4b" outcome="Passed" testListId="8c84fa94-04c1-424b-9868-57a2d4851a1d" relativeResultsDirectory="09031796-c6d5-406a-9c22-95c90e24a76e" />
    <UnitTestResult executionId="86b4ca88-54fa-4aa1-b0fa-f4ac86ec599f" testId="85103077-a2c9-9fe0-35a6-e2accaefe0dc" testName="TestMethod190" computerName="SUSALUJ" duration="00:00:00.0000412" startTime="2019-07-19T16:06:37.8837692+05:30" endTime="2019-07-19T16:06:37.8837692+05:30" testType="13cdc9d9-ddb5-4fa4-a97d-d965ccfc6d4b" outcome="Passed" testListId="8c84fa94-04c1-424b-9868-57a2d4851a1d" relativeResultsDirectory="86b4ca88-54fa-4aa1-b0fa-f4ac86ec599f" />
    <UnitTestResult executionId="dcfbbe10-63b2-49a9-8dc5-907eab41a67c" testId="0a3f2dd3-89cb-afb7-3962-50a1679b3ba3" testName="TestMethod564" computerName="SUSALUJ" duration="00:00:00.0000586" startTime="2019-07-19T16:06:37.7507654+05:30" endTime="2019-07-19T16:06:37.7517652+05:30" testType="13cdc9d9-ddb5-4fa4-a97d-d965ccfc6d4b" outcome="Passed" testListId="8c84fa94-04c1-424b-9868-57a2d4851a1d" relativeResultsDirectory="dcfbbe10-63b2-49a9-8dc5-907eab41a67c" />
    <UnitTestResult executionId="537f342e-ca72-4273-968e-1a2715247931" testId="bf7ccbbe-f328-31cd-c844-be9122247b91" testName="TestMethod763" computerName="SUSALUJ" duration="00:00:00.0000199" startTime="2019-07-19T16:06:37.7087655+05:30" endTime="2019-07-19T16:06:37.7087655+05:30" testType="13cdc9d9-ddb5-4fa4-a97d-d965ccfc6d4b" outcome="Passed" testListId="8c84fa94-04c1-424b-9868-57a2d4851a1d" relativeResultsDirectory="537f342e-ca72-4273-968e-1a2715247931" />
    <UnitTestResult executionId="e1124101-7901-4523-9b16-efa46fd70241" testId="e6d12863-d67d-d92b-fed4-d345ae506505" testName="TestMethod987" computerName="SUSALUJ" duration="00:00:00.0000256" startTime="2019-07-19T16:06:37.6437663+05:30" endTime="2019-07-19T16:06:37.6447665+05:30" testType="13cdc9d9-ddb5-4fa4-a97d-d965ccfc6d4b" outcome="Passed" testListId="8c84fa94-04c1-424b-9868-57a2d4851a1d" relativeResultsDirectory="e1124101-7901-4523-9b16-efa46fd70241" />
    <UnitTestResult executionId="027ef2d4-5119-4359-9e9b-be37963a673b" testId="d68764a6-aede-08ed-cb16-1c089d245555" testName="TestMethod77" computerName="SUSALUJ" duration="00:00:00.0000386" startTime="2019-07-19T16:06:38.0057659+05:30" endTime="2019-07-19T16:06:38.0067645+05:30" testType="13cdc9d9-ddb5-4fa4-a97d-d965ccfc6d4b" outcome="Passed" testListId="8c84fa94-04c1-424b-9868-57a2d4851a1d" relativeResultsDirectory="027ef2d4-5119-4359-9e9b-be37963a673b" />
    <UnitTestResult executionId="5a9f96e1-9e16-418e-8952-247d655fb560" testId="b2cdc516-3860-d6a6-6f07-5e5ee5b2b5e2" testName="TestMethod969" computerName="SUSALUJ" duration="00:00:00.0000570" startTime="2019-07-19T16:06:37.6397670+05:30" endTime="2019-07-19T16:06:37.6407685+05:30" testType="13cdc9d9-ddb5-4fa4-a97d-d965ccfc6d4b" outcome="Passed" testListId="8c84fa94-04c1-424b-9868-57a2d4851a1d" relativeResultsDirectory="5a9f96e1-9e16-418e-8952-247d655fb560" />
    <UnitTestResult executionId="9ba7194e-fc62-4e78-bb4c-6c0da220d98e" testId="1f6cec36-baad-2e1c-06fd-f55735ceffa5" testName="TestMethod594" computerName="SUSALUJ" duration="00:00:00.0000267" startTime="2019-07-19T16:06:37.7577661+05:30" endTime="2019-07-19T16:06:37.7587651+05:30" testType="13cdc9d9-ddb5-4fa4-a97d-d965ccfc6d4b" outcome="Passed" testListId="8c84fa94-04c1-424b-9868-57a2d4851a1d" relativeResultsDirectory="9ba7194e-fc62-4e78-bb4c-6c0da220d98e" />
    <UnitTestResult executionId="a5e34d7c-1e8a-4720-8231-8930b3d6dda3" testId="9dc72d09-419e-01b6-4661-8f4acf74faf2" testName="TestMethod546" computerName="SUSALUJ" duration="00:00:00.0000192" startTime="2019-07-19T16:06:37.7397664+05:30" endTime="2019-07-19T16:06:37.7397664+05:30" testType="13cdc9d9-ddb5-4fa4-a97d-d965ccfc6d4b" outcome="Passed" testListId="8c84fa94-04c1-424b-9868-57a2d4851a1d" relativeResultsDirectory="a5e34d7c-1e8a-4720-8231-8930b3d6dda3" />
    <UnitTestResult executionId="869b712c-09dd-4e2a-b71d-90e404338e1c" testId="bb9c2e9b-3b0b-a046-d485-0e15e3c4139e" testName="TestMethod261" computerName="SUSALUJ" duration="00:00:00.0000207" startTime="2019-07-19T16:06:37.8537658+05:30" endTime="2019-07-19T16:06:37.8537658+05:30" testType="13cdc9d9-ddb5-4fa4-a97d-d965ccfc6d4b" outcome="Passed" testListId="8c84fa94-04c1-424b-9868-57a2d4851a1d" relativeResultsDirectory="869b712c-09dd-4e2a-b71d-90e404338e1c" />
    <UnitTestResult executionId="6d22227c-8349-481a-8385-9ba050a0c207" testId="f3679da5-cb69-ddd9-d52e-178c8689e487" testName="TestMethod156" computerName="SUSALUJ" duration="00:00:00.0000288" startTime="2019-07-19T16:06:37.8727656+05:30" endTime="2019-07-19T16:06:37.8727656+05:30" testType="13cdc9d9-ddb5-4fa4-a97d-d965ccfc6d4b" outcome="Passed" testListId="8c84fa94-04c1-424b-9868-57a2d4851a1d" relativeResultsDirectory="6d22227c-8349-481a-8385-9ba050a0c207" />
    <UnitTestResult executionId="70bc48b3-8f9f-47fd-a68c-b7fb8f0dc4f5" testId="fed19f8a-2a36-9304-8863-7d2157bbb52e" testName="TestMethod966" computerName="SUSALUJ" duration="00:00:00.0000208" startTime="2019-07-19T16:06:37.6347651+05:30" endTime="2019-07-19T16:06:37.6347651+05:30" testType="13cdc9d9-ddb5-4fa4-a97d-d965ccfc6d4b" outcome="Passed" testListId="8c84fa94-04c1-424b-9868-57a2d4851a1d" relativeResultsDirectory="70bc48b3-8f9f-47fd-a68c-b7fb8f0dc4f5" />
    <UnitTestResult executionId="e93500da-af8b-4f4c-be9d-64711bf44094" testId="ca5b5852-539b-3641-1aa3-89a4e580dde3" testName="TestMethod856" computerName="SUSALUJ" duration="00:00:00.0000323" startTime="2019-07-19T16:06:37.6887678+05:30" endTime="2019-07-19T16:06:37.6887678+05:30" testType="13cdc9d9-ddb5-4fa4-a97d-d965ccfc6d4b" outcome="Passed" testListId="8c84fa94-04c1-424b-9868-57a2d4851a1d" relativeResultsDirectory="e93500da-af8b-4f4c-be9d-64711bf44094" />
    <UnitTestResult executionId="a85c4618-b0c7-4d42-9262-9a4d107d7889" testId="f1344d55-8d55-9720-b306-0a8c856b81cb" testName="TestMethod486" computerName="SUSALUJ" duration="00:00:00.0000327" startTime="2019-07-19T16:06:37.7747674+05:30" endTime="2019-07-19T16:06:37.7747674+05:30" testType="13cdc9d9-ddb5-4fa4-a97d-d965ccfc6d4b" outcome="Passed" testListId="8c84fa94-04c1-424b-9868-57a2d4851a1d" relativeResultsDirectory="a85c4618-b0c7-4d42-9262-9a4d107d7889" />
    <UnitTestResult executionId="749c7661-03ae-4f06-b254-5d5106e81122" testId="09c11b88-830b-92b1-439a-8f7be73623ef" testName="TestMethod405" computerName="SUSALUJ" duration="00:00:00.0000360" startTime="2019-07-19T16:06:37.7987705+05:30" endTime="2019-07-19T16:06:37.7987705+05:30" testType="13cdc9d9-ddb5-4fa4-a97d-d965ccfc6d4b" outcome="Passed" testListId="8c84fa94-04c1-424b-9868-57a2d4851a1d" relativeResultsDirectory="749c7661-03ae-4f06-b254-5d5106e81122" />
    <UnitTestResult executionId="f716f750-1395-408d-bf23-7261f5550e4e" testId="225c1221-23ca-3f97-5645-e808e340bd1d" testName="TestMethod604" computerName="SUSALUJ" duration="00:00:00.0000320" startTime="2019-07-19T16:06:37.7617653+05:30" endTime="2019-07-19T16:06:37.7617653+05:30" testType="13cdc9d9-ddb5-4fa4-a97d-d965ccfc6d4b" outcome="Passed" testListId="8c84fa94-04c1-424b-9868-57a2d4851a1d" relativeResultsDirectory="f716f750-1395-408d-bf23-7261f5550e4e" />
    <UnitTestResult executionId="7a152878-1c7d-46f9-a221-55e884313868" testId="6d6df8c4-026d-d6b4-a18d-53a88f110858" testName="TestMethod557" computerName="SUSALUJ" duration="00:00:00.0000323" startTime="2019-07-19T16:06:37.7427677+05:30" endTime="2019-07-19T16:06:37.7427677+05:30" testType="13cdc9d9-ddb5-4fa4-a97d-d965ccfc6d4b" outcome="Passed" testListId="8c84fa94-04c1-424b-9868-57a2d4851a1d" relativeResultsDirectory="7a152878-1c7d-46f9-a221-55e884313868" />
    <UnitTestResult executionId="4e93e4c1-902e-4bf2-a42f-ee48bbc091e2" testId="43a17133-2c7e-a5bd-f0f8-3641075006da" testName="TestMethod339" computerName="SUSALUJ" duration="00:00:00.0000401" startTime="2019-07-19T16:06:37.8327670+05:30" endTime="2019-07-19T16:06:37.8327670+05:30" testType="13cdc9d9-ddb5-4fa4-a97d-d965ccfc6d4b" outcome="Passed" testListId="8c84fa94-04c1-424b-9868-57a2d4851a1d" relativeResultsDirectory="4e93e4c1-902e-4bf2-a42f-ee48bbc091e2" />
    <UnitTestResult executionId="a0f884b2-dc96-4e19-af0e-20484acda4a2" testId="77dd79a5-8805-fc9a-0820-172fe76aacdc" testName="TestMethod576" computerName="SUSALUJ" duration="00:00:00.0000308" startTime="2019-07-19T16:06:37.7557674+05:30" endTime="2019-07-19T16:06:37.7557674+05:30" testType="13cdc9d9-ddb5-4fa4-a97d-d965ccfc6d4b" outcome="Passed" testListId="8c84fa94-04c1-424b-9868-57a2d4851a1d" relativeResultsDirectory="a0f884b2-dc96-4e19-af0e-20484acda4a2" />
    <UnitTestResult executionId="31a93e44-3aaa-4e1b-bc37-2ea4d09e1414" testId="438073fc-df09-d208-e6ce-3a85df08aee3" testName="TestMethod680" computerName="SUSALUJ" duration="00:00:00.0000326" startTime="2019-07-19T16:06:37.7307663+05:30" endTime="2019-07-19T16:06:37.7307663+05:30" testType="13cdc9d9-ddb5-4fa4-a97d-d965ccfc6d4b" outcome="Passed" testListId="8c84fa94-04c1-424b-9868-57a2d4851a1d" relativeResultsDirectory="31a93e44-3aaa-4e1b-bc37-2ea4d09e1414" />
    <UnitTestResult executionId="38fb788c-ebf0-4b6a-ace8-da6a58435d20" testId="668d0b8e-9860-f146-142e-006ec1261508" testName="TestMethod881" computerName="SUSALUJ" duration="00:00:00.0000402" startTime="2019-07-19T16:06:37.6487663+05:30" endTime="2019-07-19T16:06:37.6487663+05:30" testType="13cdc9d9-ddb5-4fa4-a97d-d965ccfc6d4b" outcome="Passed" testListId="8c84fa94-04c1-424b-9868-57a2d4851a1d" relativeResultsDirectory="38fb788c-ebf0-4b6a-ace8-da6a58435d20" />
    <UnitTestResult executionId="9df4c5a2-1be0-4db1-ad9c-dd0b24b788ff" testId="15e47ca3-a331-c582-4361-ca5f4ecb461d" testName="TestMethod244" computerName="SUSALUJ" duration="00:00:00.0000201" startTime="2019-07-19T16:06:37.8497672+05:30" endTime="2019-07-19T16:06:37.8497672+05:30" testType="13cdc9d9-ddb5-4fa4-a97d-d965ccfc6d4b" outcome="Passed" testListId="8c84fa94-04c1-424b-9868-57a2d4851a1d" relativeResultsDirectory="9df4c5a2-1be0-4db1-ad9c-dd0b24b788ff" />
    <UnitTestResult executionId="b491a920-0079-49a1-89fc-6e26c9e26a28" testId="7911c7be-cac8-9e71-b1dc-c18364dc6806" testName="TestMethod379" computerName="SUSALUJ" duration="00:00:00.0000257" startTime="2019-07-19T16:06:37.7927671+05:30" endTime="2019-07-19T16:06:37.7927671+05:30" testType="13cdc9d9-ddb5-4fa4-a97d-d965ccfc6d4b" outcome="Passed" testListId="8c84fa94-04c1-424b-9868-57a2d4851a1d" relativeResultsDirectory="b491a920-0079-49a1-89fc-6e26c9e26a28" />
    <UnitTestResult executionId="45eaafd7-53ce-4962-974a-688986ca5ac5" testId="6d54fea5-eafd-7e61-b43b-22643abf3798" testName="TestMethod506" computerName="SUSALUJ" duration="00:00:00.0000427" startTime="2019-07-19T16:06:37.7807681+05:30" endTime="2019-07-19T16:06:37.7807681+05:30" testType="13cdc9d9-ddb5-4fa4-a97d-d965ccfc6d4b" outcome="Passed" testListId="8c84fa94-04c1-424b-9868-57a2d4851a1d" relativeResultsDirectory="45eaafd7-53ce-4962-974a-688986ca5ac5" />
    <UnitTestResult executionId="2e50c5e8-c8eb-4d99-b13e-b15967b5fd9b" testId="53f00e7e-5daf-0ecf-1e6d-c37e1f06c8d1" testName="TestMethod302" computerName="SUSALUJ" duration="00:00:00.0000296" startTime="2019-07-19T16:06:37.8137658+05:30" endTime="2019-07-19T16:06:37.8137658+05:30" testType="13cdc9d9-ddb5-4fa4-a97d-d965ccfc6d4b" outcome="Passed" testListId="8c84fa94-04c1-424b-9868-57a2d4851a1d" relativeResultsDirectory="2e50c5e8-c8eb-4d99-b13e-b15967b5fd9b" />
    <UnitTestResult executionId="5aacbd67-8661-47d4-83e6-968175f3a417" testId="2633d95f-7136-86b5-7f5b-198e049e0830" testName="TestMethod496" computerName="SUSALUJ" duration="00:00:00.0000429" startTime="2019-07-19T16:06:37.7777677+05:30" endTime="2019-07-19T16:06:37.7787670+05:30" testType="13cdc9d9-ddb5-4fa4-a97d-d965ccfc6d4b" outcome="Passed" testListId="8c84fa94-04c1-424b-9868-57a2d4851a1d" relativeResultsDirectory="5aacbd67-8661-47d4-83e6-968175f3a417" />
    <UnitTestResult executionId="3cecd687-d3ba-49fb-aa28-8bd5f4a45cfd" testId="f99fdd13-2f14-bc0a-6de7-6269e5662a8b" testName="TestMethod178" computerName="SUSALUJ" duration="00:00:00.0000384" startTime="2019-07-19T16:06:37.8787656+05:30" endTime="2019-07-19T16:06:37.8787656+05:30" testType="13cdc9d9-ddb5-4fa4-a97d-d965ccfc6d4b" outcome="Passed" testListId="8c84fa94-04c1-424b-9868-57a2d4851a1d" relativeResultsDirectory="3cecd687-d3ba-49fb-aa28-8bd5f4a45cfd" />
    <UnitTestResult executionId="5e30c3ea-c1c8-4e9b-95c3-3aca32607a9e" testId="4a481a7b-b096-4b45-fb70-1b89a292bf05" testName="TestMethod769" computerName="SUSALUJ" duration="00:00:00.0000242" startTime="2019-07-19T16:06:37.7097653+05:30" endTime="2019-07-19T16:06:37.7097653+05:30" testType="13cdc9d9-ddb5-4fa4-a97d-d965ccfc6d4b" outcome="Passed" testListId="8c84fa94-04c1-424b-9868-57a2d4851a1d" relativeResultsDirectory="5e30c3ea-c1c8-4e9b-95c3-3aca32607a9e" />
    <UnitTestResult executionId="1e815871-afe0-4855-92c1-627b7fc0352a" testId="51ce151e-545b-8bc3-34a9-cb76b0999ab6" testName="TestMethod767" computerName="SUSALUJ" duration="00:00:00.0000199" startTime="2019-07-19T16:06:37.7087655+05:30" endTime="2019-07-19T16:06:37.7087655+05:30" testType="13cdc9d9-ddb5-4fa4-a97d-d965ccfc6d4b" outcome="Passed" testListId="8c84fa94-04c1-424b-9868-57a2d4851a1d" relativeResultsDirectory="1e815871-afe0-4855-92c1-627b7fc0352a" />
    <UnitTestResult executionId="b4697aaf-94d2-4b86-8584-108eb16a13d4" testId="56dce2a6-7d7c-543f-167f-fb8c43f5f7f8" testName="TestMethod120" computerName="SUSALUJ" duration="00:00:00.0000321" startTime="2019-07-19T16:06:37.8617659+05:30" endTime="2019-07-19T16:06:37.8617659+05:30" testType="13cdc9d9-ddb5-4fa4-a97d-d965ccfc6d4b" outcome="Passed" testListId="8c84fa94-04c1-424b-9868-57a2d4851a1d" relativeResultsDirectory="b4697aaf-94d2-4b86-8584-108eb16a13d4" />
    <UnitTestResult executionId="2bdff454-83c8-4953-955a-1b1ab771e0b5" testId="f32dfad8-e70b-e0fc-2c9b-4e0e8b6d2822" testName="TestMethod139" computerName="SUSALUJ" duration="00:00:00.0000308" startTime="2019-07-19T16:06:37.8667671+05:30" endTime="2019-07-19T16:06:37.8667671+05:30" testType="13cdc9d9-ddb5-4fa4-a97d-d965ccfc6d4b" outcome="Passed" testListId="8c84fa94-04c1-424b-9868-57a2d4851a1d" relativeResultsDirectory="2bdff454-83c8-4953-955a-1b1ab771e0b5" />
    <UnitTestResult executionId="6e9ee927-ca11-44c9-ab28-3dadd562828d" testId="3c2a4f16-ae18-3a36-2055-5632e5b769d7" testName="TestMethod945" computerName="SUSALUJ" duration="00:00:00.0000351" startTime="2019-07-19T16:06:37.6617655+05:30" endTime="2019-07-19T16:06:37.6617655+05:30" testType="13cdc9d9-ddb5-4fa4-a97d-d965ccfc6d4b" outcome="Passed" testListId="8c84fa94-04c1-424b-9868-57a2d4851a1d" relativeResultsDirectory="6e9ee927-ca11-44c9-ab28-3dadd562828d" />
    <UnitTestResult executionId="b137fbc5-35d3-41d3-a76a-8307be37dfa2" testId="f4c2441e-2a8e-327e-131d-c21c411869d0" testName="TestMethod401" computerName="SUSALUJ" duration="00:00:00.0000268" startTime="2019-07-19T16:06:37.7967650+05:30" endTime="2019-07-19T16:06:37.7977655+05:30" testType="13cdc9d9-ddb5-4fa4-a97d-d965ccfc6d4b" outcome="Passed" testListId="8c84fa94-04c1-424b-9868-57a2d4851a1d" relativeResultsDirectory="b137fbc5-35d3-41d3-a76a-8307be37dfa2" />
    <UnitTestResult executionId="36a6ab79-2a44-41b7-a672-c91825ee7e72" testId="1fe58fcd-1a77-1201-4a90-ac09368ea1b1" testName="TestMethod111" computerName="SUSALUJ" duration="00:00:00.0000199" startTime="2019-07-19T16:06:37.8597666+05:30" endTime="2019-07-19T16:06:37.8597666+05:30" testType="13cdc9d9-ddb5-4fa4-a97d-d965ccfc6d4b" outcome="Passed" testListId="8c84fa94-04c1-424b-9868-57a2d4851a1d" relativeResultsDirectory="36a6ab79-2a44-41b7-a672-c91825ee7e72" />
    <UnitTestResult executionId="756a3551-147f-4034-b701-35bc9c7e1c8f" testId="6c1de0b2-9f2c-f96f-0337-758f086b8199" testName="TestMethod986" computerName="SUSALUJ" duration="00:00:00.0000299" startTime="2019-07-19T16:06:37.6437663+05:30" endTime="2019-07-19T16:06:37.6437663+05:30" testType="13cdc9d9-ddb5-4fa4-a97d-d965ccfc6d4b" outcome="Passed" testListId="8c84fa94-04c1-424b-9868-57a2d4851a1d" relativeResultsDirectory="756a3551-147f-4034-b701-35bc9c7e1c8f" />
    <UnitTestResult executionId="79a9a8ed-4873-40c5-9439-89c0b15cb82f" testId="595e22e6-6c21-00b7-2932-a72ebc8d9695" testName="TestMethod449" computerName="SUSALUJ" duration="00:00:00.0000399" startTime="2019-07-19T16:06:37.7647668+05:30" endTime="2019-07-19T16:06:37.7657655+05:30" testType="13cdc9d9-ddb5-4fa4-a97d-d965ccfc6d4b" outcome="Passed" testListId="8c84fa94-04c1-424b-9868-57a2d4851a1d" relativeResultsDirectory="79a9a8ed-4873-40c5-9439-89c0b15cb82f" />
    <UnitTestResult executionId="45d64e73-70ac-4533-af14-ccce83d8ff41" testId="c5649bfd-fc53-3ed1-3b23-78de6ed87ccd" testName="TestMethod88" computerName="SUSALUJ" duration="00:00:00.0000435" startTime="2019-07-19T16:06:38.0087660+05:30" endTime="2019-07-19T16:06:38.0097654+05:30" testType="13cdc9d9-ddb5-4fa4-a97d-d965ccfc6d4b" outcome="Passed" testListId="8c84fa94-04c1-424b-9868-57a2d4851a1d" relativeResultsDirectory="45d64e73-70ac-4533-af14-ccce83d8ff41" />
    <UnitTestResult executionId="3118b8ec-9942-4df7-bcc6-74f33baf862c" testId="f852f7cb-14d1-d79d-ca12-717fd583929c" testName="TestMethod434" computerName="SUSALUJ" duration="00:00:00.0000200" startTime="2019-07-19T16:06:37.8057667+05:30" endTime="2019-07-19T16:06:37.8057667+05:30" testType="13cdc9d9-ddb5-4fa4-a97d-d965ccfc6d4b" outcome="Passed" testListId="8c84fa94-04c1-424b-9868-57a2d4851a1d" relativeResultsDirectory="3118b8ec-9942-4df7-bcc6-74f33baf862c" />
    <UnitTestResult executionId="fe6a1055-b601-48fe-b522-f50256d0f883" testId="6be9e0f1-8680-6a8c-7f2d-3435bf3bdf1c" testName="TestMethod831" computerName="SUSALUJ" duration="00:00:00.0000402" startTime="2019-07-19T16:06:37.6767672+05:30" endTime="2019-07-19T16:06:37.6767672+05:30" testType="13cdc9d9-ddb5-4fa4-a97d-d965ccfc6d4b" outcome="Passed" testListId="8c84fa94-04c1-424b-9868-57a2d4851a1d" relativeResultsDirectory="fe6a1055-b601-48fe-b522-f50256d0f883" />
    <UnitTestResult executionId="c8e1bbad-b71a-4f96-87c0-1e6da81015ba" testId="4f37197c-c656-2d24-76e4-0caf6e7a2cfa" testName="TestMethod80" computerName="SUSALUJ" duration="00:00:00.0000441" startTime="2019-07-19T16:06:38.0077689+05:30" endTime="2019-07-19T16:06:38.0077689+05:30" testType="13cdc9d9-ddb5-4fa4-a97d-d965ccfc6d4b" outcome="Passed" testListId="8c84fa94-04c1-424b-9868-57a2d4851a1d" relativeResultsDirectory="c8e1bbad-b71a-4f96-87c0-1e6da81015ba" />
    <UnitTestResult executionId="0c637774-5445-46ae-9d6b-96abe8a6db16" testId="911e1691-73da-b130-4b2a-ef8da1c07754" testName="TestMethod100" computerName="SUSALUJ" duration="00:00:00.0000401" startTime="2019-07-19T16:06:38.0127653+05:30" endTime="2019-07-19T16:06:38.0127653+05:30" testType="13cdc9d9-ddb5-4fa4-a97d-d965ccfc6d4b" outcome="Passed" testListId="8c84fa94-04c1-424b-9868-57a2d4851a1d" relativeResultsDirectory="0c637774-5445-46ae-9d6b-96abe8a6db16" />
    <UnitTestResult executionId="71986efb-8330-460c-bd57-5815d11f90c4" testId="acab3fdb-e5a1-aabf-b107-48cabfd23740" testName="TestMethod221" computerName="SUSALUJ" duration="00:00:00.0000249" startTime="2019-07-19T16:06:37.8447660+05:30" endTime="2019-07-19T16:06:37.8447660+05:30" testType="13cdc9d9-ddb5-4fa4-a97d-d965ccfc6d4b" outcome="Passed" testListId="8c84fa94-04c1-424b-9868-57a2d4851a1d" relativeResultsDirectory="71986efb-8330-460c-bd57-5815d11f90c4" />
    <UnitTestResult executionId="9c14b974-9a21-4245-9dff-b5d1f52e33d4" testId="a7515f3f-1a35-4f95-d426-065ba5f9b6df" testName="TestMethod980" computerName="SUSALUJ" duration="00:00:00.0000291" startTime="2019-07-19T16:06:37.6427659+05:30" endTime="2019-07-19T16:06:37.6427659+05:30" testType="13cdc9d9-ddb5-4fa4-a97d-d965ccfc6d4b" outcome="Passed" testListId="8c84fa94-04c1-424b-9868-57a2d4851a1d" relativeResultsDirectory="9c14b974-9a21-4245-9dff-b5d1f52e33d4" />
    <UnitTestResult executionId="28fa3c4a-9028-4652-8afa-40d23785eccb" testId="e82bbb02-4440-ce0a-eabb-e0d82db20996" testName="TestMethod116" computerName="SUSALUJ" duration="00:00:00.0000256" startTime="2019-07-19T16:06:37.8607653+05:30" endTime="2019-07-19T16:06:37.8607653+05:30" testType="13cdc9d9-ddb5-4fa4-a97d-d965ccfc6d4b" outcome="Passed" testListId="8c84fa94-04c1-424b-9868-57a2d4851a1d" relativeResultsDirectory="28fa3c4a-9028-4652-8afa-40d23785eccb" />
    <UnitTestResult executionId="e155c6fa-6ca8-4bb9-ab53-b5d1d3ebfd32" testId="e6472074-b6c9-ae04-e0cd-0e2bb0dbc218" testName="TestMethod220" computerName="SUSALUJ" duration="00:00:00.0000299" startTime="2019-07-19T16:06:37.8437660+05:30" endTime="2019-07-19T16:06:37.8447660+05:30" testType="13cdc9d9-ddb5-4fa4-a97d-d965ccfc6d4b" outcome="Passed" testListId="8c84fa94-04c1-424b-9868-57a2d4851a1d" relativeResultsDirectory="e155c6fa-6ca8-4bb9-ab53-b5d1d3ebfd32" />
    <UnitTestResult executionId="ca4373f2-569e-4ebb-b49f-a777d2054bd7" testId="fb50b0ec-bdc0-6133-0362-9315ff34d9c6" testName="TestMethod447" computerName="SUSALUJ" duration="00:00:00.0000355" startTime="2019-07-19T16:06:37.8087658+05:30" endTime="2019-07-19T16:06:37.8087658+05:30" testType="13cdc9d9-ddb5-4fa4-a97d-d965ccfc6d4b" outcome="Passed" testListId="8c84fa94-04c1-424b-9868-57a2d4851a1d" relativeResultsDirectory="ca4373f2-569e-4ebb-b49f-a777d2054bd7" />
    <UnitTestResult executionId="e410ad11-53a2-4385-a57e-f05a2cd74028" testId="ce535f01-343a-d676-b641-8fa40671efc4" testName="TestMethod256" computerName="SUSALUJ" duration="00:00:00.0000339" startTime="2019-07-19T16:06:37.8527649+05:30" endTime="2019-07-19T16:06:37.8527649+05:30" testType="13cdc9d9-ddb5-4fa4-a97d-d965ccfc6d4b" outcome="Passed" testListId="8c84fa94-04c1-424b-9868-57a2d4851a1d" relativeResultsDirectory="e410ad11-53a2-4385-a57e-f05a2cd74028" />
    <UnitTestResult executionId="c4540b3a-af5d-47f0-a138-92ca8165cb4f" testId="087993fb-45de-0919-f375-0ffb241240c0" testName="TestMethod756" computerName="SUSALUJ" duration="00:00:00.0000280" startTime="2019-07-19T16:06:37.7067647+05:30" endTime="2019-07-19T16:06:37.7067647+05:30" testType="13cdc9d9-ddb5-4fa4-a97d-d965ccfc6d4b" outcome="Passed" testListId="8c84fa94-04c1-424b-9868-57a2d4851a1d" relativeResultsDirectory="c4540b3a-af5d-47f0-a138-92ca8165cb4f" />
    <UnitTestResult executionId="ce68babb-6ae2-48ef-ae41-b87ad6f4b96c" testId="19204f89-2f3e-d8c5-8a90-013beaa72f75" testName="TestMethod569" computerName="SUSALUJ" duration="00:00:00.0000396" startTime="2019-07-19T16:06:37.7537653+05:30" endTime="2019-07-19T16:06:37.7537653+05:30" testType="13cdc9d9-ddb5-4fa4-a97d-d965ccfc6d4b" outcome="Passed" testListId="8c84fa94-04c1-424b-9868-57a2d4851a1d" relativeResultsDirectory="ce68babb-6ae2-48ef-ae41-b87ad6f4b96c" />
    <UnitTestResult executionId="5ea158b5-e66f-4ca7-be70-512432389669" testId="644cd37f-c859-5403-ac27-b0c77ac8d299" testName="TestMethod677" computerName="SUSALUJ" duration="00:00:00.0000319" startTime="2019-07-19T16:06:37.7297671+05:30" endTime="2019-07-19T16:06:37.7297671+05:30" testType="13cdc9d9-ddb5-4fa4-a97d-d965ccfc6d4b" outcome="Passed" testListId="8c84fa94-04c1-424b-9868-57a2d4851a1d" relativeResultsDirectory="5ea158b5-e66f-4ca7-be70-512432389669" />
    <UnitTestResult executionId="78cbb6d4-c041-4100-ad85-d82e3db94713" testId="120c60bc-8d47-ab32-cd20-724d67dc2f8f" testName="TestMethod559" computerName="SUSALUJ" duration="00:00:00.0000240" startTime="2019-07-19T16:06:37.7437678+05:30" endTime="2019-07-19T16:06:37.7437678+05:30" testType="13cdc9d9-ddb5-4fa4-a97d-d965ccfc6d4b" outcome="Passed" testListId="8c84fa94-04c1-424b-9868-57a2d4851a1d" relativeResultsDirectory="78cbb6d4-c041-4100-ad85-d82e3db94713" />
    <UnitTestResult executionId="a7f54507-11e0-4a7d-80fb-701b8d8e425e" testId="4fe504ff-91cc-34c2-971d-55cc5d7f0ccf" testName="TestMethod844" computerName="SUSALUJ" duration="00:00:00.0000209" startTime="2019-07-19T16:06:37.6857641+05:30" endTime="2019-07-19T16:06:37.6857641+05:30" testType="13cdc9d9-ddb5-4fa4-a97d-d965ccfc6d4b" outcome="Passed" testListId="8c84fa94-04c1-424b-9868-57a2d4851a1d" relativeResultsDirectory="a7f54507-11e0-4a7d-80fb-701b8d8e425e" />
    <UnitTestResult executionId="c57005d5-4e90-4e60-a557-657ab1fe4038" testId="69aeffc7-cd92-ac72-76d9-3bdc200b9566" testName="TestMethod890" computerName="SUSALUJ" duration="00:00:00.0000455" startTime="2019-07-19T16:06:37.6507645+05:30" endTime="2019-07-19T16:06:37.6507645+05:30" testType="13cdc9d9-ddb5-4fa4-a97d-d965ccfc6d4b" outcome="Passed" testListId="8c84fa94-04c1-424b-9868-57a2d4851a1d" relativeResultsDirectory="c57005d5-4e90-4e60-a557-657ab1fe4038" />
    <UnitTestResult executionId="367e8b83-a63f-4208-8df6-e895d00db8d1" testId="053706e5-17bb-f317-368b-a97e9ad239f2" testName="TestMethod57" computerName="SUSALUJ" duration="00:00:00.0000260" startTime="2019-07-19T16:06:38.0017652+05:30" endTime="2019-07-19T16:06:38.0017652+05:30" testType="13cdc9d9-ddb5-4fa4-a97d-d965ccfc6d4b" outcome="Passed" testListId="8c84fa94-04c1-424b-9868-57a2d4851a1d" relativeResultsDirectory="367e8b83-a63f-4208-8df6-e895d00db8d1" />
    <UnitTestResult executionId="5e9fc75c-a9ef-4a2d-8b60-453cbca048b8" testId="c84eee12-0040-fb25-9265-b00e53c594e5" testName="TestMethod429" computerName="SUSALUJ" duration="00:00:00.0000386" startTime="2019-07-19T16:06:37.8047702+05:30" endTime="2019-07-19T16:06:37.8057667+05:30" testType="13cdc9d9-ddb5-4fa4-a97d-d965ccfc6d4b" outcome="Passed" testListId="8c84fa94-04c1-424b-9868-57a2d4851a1d" relativeResultsDirectory="5e9fc75c-a9ef-4a2d-8b60-453cbca048b8" />
    <UnitTestResult executionId="264b4f55-eb72-4c8e-b0ef-cf5e1ec41513" testId="a419c818-7a3d-445b-18e2-f3e57d583b25" testName="TestMethod854" computerName="SUSALUJ" duration="00:00:00.0000308" startTime="2019-07-19T16:06:37.6877663+05:30" endTime="2019-07-19T16:06:37.6877663+05:30" testType="13cdc9d9-ddb5-4fa4-a97d-d965ccfc6d4b" outcome="Passed" testListId="8c84fa94-04c1-424b-9868-57a2d4851a1d" relativeResultsDirectory="264b4f55-eb72-4c8e-b0ef-cf5e1ec41513" />
    <UnitTestResult executionId="9fec932d-d148-447d-8aa5-26e24c3f0ec3" testId="5085cb87-98d0-8a0c-8bf9-91a9ebf3d613" testName="TestMethod855" computerName="SUSALUJ" duration="00:00:00.0000416" startTime="2019-07-19T16:06:37.6877663+05:30" endTime="2019-07-19T16:06:37.6887678+05:30" testType="13cdc9d9-ddb5-4fa4-a97d-d965ccfc6d4b" outcome="Passed" testListId="8c84fa94-04c1-424b-9868-57a2d4851a1d" relativeResultsDirectory="9fec932d-d148-447d-8aa5-26e24c3f0ec3" />
    <UnitTestResult executionId="d3ccaddc-e663-4542-928b-16d071ee9b7f" testId="eec9d880-70b9-21fb-51bc-d7aaa04ec93c" testName="TestMethod832" computerName="SUSALUJ" duration="00:00:00.0000264" startTime="2019-07-19T16:06:37.6767672+05:30" endTime="2019-07-19T16:06:37.6767672+05:30" testType="13cdc9d9-ddb5-4fa4-a97d-d965ccfc6d4b" outcome="Passed" testListId="8c84fa94-04c1-424b-9868-57a2d4851a1d" relativeResultsDirectory="d3ccaddc-e663-4542-928b-16d071ee9b7f" />
    <UnitTestResult executionId="c34b5de1-25f7-4cea-b9a3-3241dec0dda8" testId="18f6f241-7657-bccd-6e57-dada82478948" testName="TestMethod873" computerName="SUSALUJ" duration="00:00:00.0000425" startTime="2019-07-19T16:06:37.6937656+05:30" endTime="2019-07-19T16:06:37.6947644+05:30" testType="13cdc9d9-ddb5-4fa4-a97d-d965ccfc6d4b" outcome="Passed" testListId="8c84fa94-04c1-424b-9868-57a2d4851a1d" relativeResultsDirectory="c34b5de1-25f7-4cea-b9a3-3241dec0dda8" />
    <UnitTestResult executionId="6f9152a3-8f11-4b87-b512-6ee0be84f65d" testId="ed868fa2-b7e1-bbcc-8f11-693fbdfad7f8" testName="TestMethod6" computerName="SUSALUJ" duration="00:00:00.0005131" startTime="2019-07-19T16:06:37.9797678+05:30" endTime="2019-07-19T16:06:37.9807674+05:30" testType="13cdc9d9-ddb5-4fa4-a97d-d965ccfc6d4b" outcome="Failed" testListId="8c84fa94-04c1-424b-9868-57a2d4851a1d" relativeResultsDirectory="6f9152a3-8f11-4b87-b512-6ee0be84f65d">
      <Output>
        <ErrorInfo>
          <Message>Assert.AreEqual failed. Expected:&lt;2&gt;. Actual:&lt;4&gt;. </Message>
          <StackTrace>   at TestProjectWON.UnitTest1.TestMethod6() in C:\agent\_work\8\s\TestProjectWON\UnitTest1.cs:line 43&#xD;
</StackTrace>
        </ErrorInfo>
      </Output>
    </UnitTestResult>
    <UnitTestResult executionId="dd7c1808-7772-4a58-add3-695b771e2c3a" testId="c6d14744-5110-ac21-1354-827560bc525b" testName="TestMethod250" computerName="SUSALUJ" duration="00:00:00.0000257" startTime="2019-07-19T16:06:37.8507693+05:30" endTime="2019-07-19T16:06:37.8517655+05:30" testType="13cdc9d9-ddb5-4fa4-a97d-d965ccfc6d4b" outcome="Passed" testListId="8c84fa94-04c1-424b-9868-57a2d4851a1d" relativeResultsDirectory="dd7c1808-7772-4a58-add3-695b771e2c3a" />
    <UnitTestResult executionId="08400468-88d4-4a4b-ab4a-f441c465133a" testId="8ac496c0-1787-2604-5912-8244d1c73781" testName="TestMethod395" computerName="SUSALUJ" duration="00:00:00.0000213" startTime="2019-07-19T16:06:37.7967650+05:30" endTime="2019-07-19T16:06:37.7967650+05:30" testType="13cdc9d9-ddb5-4fa4-a97d-d965ccfc6d4b" outcome="Passed" testListId="8c84fa94-04c1-424b-9868-57a2d4851a1d" relativeResultsDirectory="08400468-88d4-4a4b-ab4a-f441c465133a" />
    <UnitTestResult executionId="59b73041-f10d-4628-abca-0ca0efee7c4d" testId="6e59a956-84d3-e083-020a-c9519be250f8" testName="TestMethod701" computerName="SUSALUJ" duration="00:00:00.0000232" startTime="2019-07-19T16:06:37.7367682+05:30" endTime="2019-07-19T16:06:37.7367682+05:30" testType="13cdc9d9-ddb5-4fa4-a97d-d965ccfc6d4b" outcome="Passed" testListId="8c84fa94-04c1-424b-9868-57a2d4851a1d" relativeResultsDirectory="59b73041-f10d-4628-abca-0ca0efee7c4d" />
    <UnitTestResult executionId="3158cb74-db3a-44bb-be48-71840d216f1b" testId="45d623f8-350a-1c5f-cb90-032738afc629" testName="TestMethod925" computerName="SUSALUJ" duration="00:00:00.0000551" startTime="2019-07-19T16:06:37.6567635+05:30" endTime="2019-07-19T16:06:37.6577652+05:30" testType="13cdc9d9-ddb5-4fa4-a97d-d965ccfc6d4b" outcome="Passed" testListId="8c84fa94-04c1-424b-9868-57a2d4851a1d" relativeResultsDirectory="3158cb74-db3a-44bb-be48-71840d216f1b" />
    <UnitTestResult executionId="da055a6b-3e6b-4d4e-8c88-dd8fb57a7996" testId="ae554e2f-9239-c2e4-e83d-b0868067315c" testName="TestMethod374" computerName="SUSALUJ" duration="00:00:00.0000315" startTime="2019-07-19T16:06:37.7907679+05:30" endTime="2019-07-19T16:06:37.7907679+05:30" testType="13cdc9d9-ddb5-4fa4-a97d-d965ccfc6d4b" outcome="Passed" testListId="8c84fa94-04c1-424b-9868-57a2d4851a1d" relativeResultsDirectory="da055a6b-3e6b-4d4e-8c88-dd8fb57a7996" />
    <UnitTestResult executionId="db16814a-9fe1-4c2b-b699-889dca8e43ed" testId="e686ecec-df6b-cc83-74a3-95140c17e2f4" testName="TestMethod354" computerName="SUSALUJ" duration="00:00:00.0000311" startTime="2019-07-19T16:06:37.8357673+05:30" endTime="2019-07-19T16:06:37.8357673+05:30" testType="13cdc9d9-ddb5-4fa4-a97d-d965ccfc6d4b" outcome="Passed" testListId="8c84fa94-04c1-424b-9868-57a2d4851a1d" relativeResultsDirectory="db16814a-9fe1-4c2b-b699-889dca8e43ed" />
    <UnitTestResult executionId="a44f48ac-dafe-42cd-bd9c-4aa94b4cd1d3" testId="d9016ccb-6373-93ce-9f29-6dd7720f2ced" testName="TestMethod833" computerName="SUSALUJ" duration="00:00:00.0000313" startTime="2019-07-19T16:06:37.6777652+05:30" endTime="2019-07-19T16:06:37.6777652+05:30" testType="13cdc9d9-ddb5-4fa4-a97d-d965ccfc6d4b" outcome="Passed" testListId="8c84fa94-04c1-424b-9868-57a2d4851a1d" relativeResultsDirectory="a44f48ac-dafe-42cd-bd9c-4aa94b4cd1d3" />
    <UnitTestResult executionId="a89f0cf5-6340-4adc-b29d-9c8e1907ae1f" testId="65a41a0b-ed85-5d43-490f-576e9bbdf250" testName="TestMethod86" computerName="SUSALUJ" duration="00:00:00.0000207" startTime="2019-07-19T16:06:38.0087660+05:30" endTime="2019-07-19T16:06:38.0087660+05:30" testType="13cdc9d9-ddb5-4fa4-a97d-d965ccfc6d4b" outcome="Passed" testListId="8c84fa94-04c1-424b-9868-57a2d4851a1d" relativeResultsDirectory="a89f0cf5-6340-4adc-b29d-9c8e1907ae1f" />
    <UnitTestResult executionId="91fa0445-0aca-4ce5-a005-b0812e131d0a" testId="c8745a69-fd21-081b-4b7f-986392e3125e" testName="TestMethod840" computerName="SUSALUJ" duration="00:00:00.0000332" startTime="2019-07-19T16:06:37.6847657+05:30" endTime="2019-07-19T16:06:37.6847657+05:30" testType="13cdc9d9-ddb5-4fa4-a97d-d965ccfc6d4b" outcome="Passed" testListId="8c84fa94-04c1-424b-9868-57a2d4851a1d" relativeResultsDirectory="91fa0445-0aca-4ce5-a005-b0812e131d0a" />
    <UnitTestResult executionId="04bba977-6bdc-4198-b969-207d217365bf" testId="42dce079-c8cf-62fa-c9ff-9e14c4f58eaa" testName="TestMethod328" computerName="SUSALUJ" duration="00:00:00.0000339" startTime="2019-07-19T16:06:37.8287683+05:30" endTime="2019-07-19T16:06:37.8287683+05:30" testType="13cdc9d9-ddb5-4fa4-a97d-d965ccfc6d4b" outcome="Passed" testListId="8c84fa94-04c1-424b-9868-57a2d4851a1d" relativeResultsDirectory="04bba977-6bdc-4198-b969-207d217365bf" />
    <UnitTestResult executionId="1dbe809a-41aa-4ba3-aad3-7483b715753e" testId="99d16e8a-e6b9-9a08-7ee8-72896d051bf8" testName="TestMethod279" computerName="SUSALUJ" duration="00:00:00.0000292" startTime="2019-07-19T16:06:37.8097683+05:30" endTime="2019-07-19T16:06:37.8097683+05:30" testType="13cdc9d9-ddb5-4fa4-a97d-d965ccfc6d4b" outcome="Passed" testListId="8c84fa94-04c1-424b-9868-57a2d4851a1d" relativeResultsDirectory="1dbe809a-41aa-4ba3-aad3-7483b715753e" />
    <UnitTestResult executionId="90a24f41-3b0f-43d2-8c70-0f912cc21b8b" testId="696aaa10-c2e0-d543-ebeb-74cf5d9453d9" testName="TestMethod527" computerName="SUSALUJ" duration="00:00:00.0000302" startTime="2019-07-19T16:06:37.7867668+05:30" endTime="2019-07-19T16:06:37.7867668+05:30" testType="13cdc9d9-ddb5-4fa4-a97d-d965ccfc6d4b" outcome="Passed" testListId="8c84fa94-04c1-424b-9868-57a2d4851a1d" relativeResultsDirectory="90a24f41-3b0f-43d2-8c70-0f912cc21b8b" />
    <UnitTestResult executionId="2ccdbdd4-8f59-46ea-8616-c8b1d0acca85" testId="c00013b5-6803-223e-ac7a-b40dac9b20e6" testName="TestMethod714" computerName="SUSALUJ" duration="00:00:00.0000316" startTime="2019-07-19T16:06:37.6967662+05:30" endTime="2019-07-19T16:06:37.6977660+05:30" testType="13cdc9d9-ddb5-4fa4-a97d-d965ccfc6d4b" outcome="Passed" testListId="8c84fa94-04c1-424b-9868-57a2d4851a1d" relativeResultsDirectory="2ccdbdd4-8f59-46ea-8616-c8b1d0acca85" />
    <UnitTestResult executionId="68bd42da-2d3a-4fc0-91e6-9f961ce4753d" testId="04af4879-8136-d94d-91b1-9fc2cfe50f12" testName="TestMethod341" computerName="SUSALUJ" duration="00:00:00.0000219" startTime="2019-07-19T16:06:37.8327670+05:30" endTime="2019-07-19T16:06:37.8327670+05:30" testType="13cdc9d9-ddb5-4fa4-a97d-d965ccfc6d4b" outcome="Passed" testListId="8c84fa94-04c1-424b-9868-57a2d4851a1d" relativeResultsDirectory="68bd42da-2d3a-4fc0-91e6-9f961ce4753d" />
    <UnitTestResult executionId="3f7fa482-362d-40ee-9e52-cb4026d922c4" testId="8f15877b-bf4c-ed12-8a91-55c01e0c5191" testName="TestMethod3" computerName="SUSALUJ" duration="00:00:00.0009490" startTime="2019-07-19T16:06:37.9767658+05:30" endTime="2019-07-19T16:06:37.9777648+05:30" testType="13cdc9d9-ddb5-4fa4-a97d-d965ccfc6d4b" outcome="Failed" testListId="8c84fa94-04c1-424b-9868-57a2d4851a1d" relativeResultsDirectory="3f7fa482-362d-40ee-9e52-cb4026d922c4">
      <Output>
        <ErrorInfo>
          <Message>Assert.AreEqual failed. Expected:&lt;2&gt;. Actual:&lt;4&gt;. </Message>
          <StackTrace>   at TestProjectWON.UnitTest1.TestMethod3() in C:\agent\_work\8\s\TestProjectWON\UnitTest1.cs:line 28&#xD;
</StackTrace>
        </ErrorInfo>
      </Output>
    </UnitTestResult>
    <UnitTestResult executionId="976176a4-7a27-4e3e-a748-2530f34d0737" testId="8b6a8635-97ab-288f-6872-7cfdd4883d45" testName="TestMethod927" computerName="SUSALUJ" duration="00:00:00.0000634" startTime="2019-07-19T16:06:37.6577652+05:30" endTime="2019-07-19T16:06:37.6577652+05:30" testType="13cdc9d9-ddb5-4fa4-a97d-d965ccfc6d4b" outcome="Passed" testListId="8c84fa94-04c1-424b-9868-57a2d4851a1d" relativeResultsDirectory="976176a4-7a27-4e3e-a748-2530f34d0737" />
    <UnitTestResult executionId="b87c5a84-cc6a-442d-b1f8-3a4734c259f4" testId="c5dfbe23-6cb0-560a-91bf-153d2e7b63c3" testName="TestMethod329" computerName="SUSALUJ" duration="00:00:00.0000459" startTime="2019-07-19T16:06:37.8287683+05:30" endTime="2019-07-19T16:06:37.8297718+05:30" testType="13cdc9d9-ddb5-4fa4-a97d-d965ccfc6d4b" outcome="Passed" testListId="8c84fa94-04c1-424b-9868-57a2d4851a1d" relativeResultsDirectory="b87c5a84-cc6a-442d-b1f8-3a4734c259f4" />
    <UnitTestResult executionId="7b87ed1a-407f-433f-91f7-385e687940a0" testId="8b9b2119-6a34-92eb-9dd5-7135d26b5a38" testName="TestMethod637" computerName="SUSALUJ" duration="00:00:00.0000365" startTime="2019-07-19T16:06:37.7197658+05:30" endTime="2019-07-19T16:06:37.7197658+05:30" testType="13cdc9d9-ddb5-4fa4-a97d-d965ccfc6d4b" outcome="Passed" testListId="8c84fa94-04c1-424b-9868-57a2d4851a1d" relativeResultsDirectory="7b87ed1a-407f-433f-91f7-385e687940a0" />
    <UnitTestResult executionId="ec0c9e63-6e4f-41e4-aeda-404014f98b53" testId="2daa125b-cbaf-bd8c-2afa-e5e7a5b0028e" testName="TestMethod768" computerName="SUSALUJ" duration="00:00:00.0000471" startTime="2019-07-19T16:06:37.7087655+05:30" endTime="2019-07-19T16:06:37.7097653+05:30" testType="13cdc9d9-ddb5-4fa4-a97d-d965ccfc6d4b" outcome="Passed" testListId="8c84fa94-04c1-424b-9868-57a2d4851a1d" relativeResultsDirectory="ec0c9e63-6e4f-41e4-aeda-404014f98b53" />
    <UnitTestResult executionId="fe67e484-d8b1-4217-a638-f442cf64b129" testId="2b6f2ebc-a57d-6c17-6e3f-0e6f6548ac39" testName="TestMethod257" computerName="SUSALUJ" duration="00:00:00.0000318" startTime="2019-07-19T16:06:37.8527649+05:30" endTime="2019-07-19T16:06:37.8527649+05:30" testType="13cdc9d9-ddb5-4fa4-a97d-d965ccfc6d4b" outcome="Passed" testListId="8c84fa94-04c1-424b-9868-57a2d4851a1d" relativeResultsDirectory="fe67e484-d8b1-4217-a638-f442cf64b129" />
    <UnitTestResult executionId="78ff6fc7-5c01-4586-b45e-6b6b49070414" testId="36579588-9e16-7162-cec9-c9545c4c4e7c" testName="TestMethod124" computerName="SUSALUJ" duration="00:00:00.0000277" startTime="2019-07-19T16:06:37.8627650+05:30" endTime="2019-07-19T16:06:37.8627650+05:30" testType="13cdc9d9-ddb5-4fa4-a97d-d965ccfc6d4b" outcome="Passed" testListId="8c84fa94-04c1-424b-9868-57a2d4851a1d" relativeResultsDirectory="78ff6fc7-5c01-4586-b45e-6b6b49070414" />
    <UnitTestResult executionId="7fc6704b-8678-4c5a-828e-a9aed688f8b5" testId="5903569d-1f5b-764e-2535-cf2f3d080f13" testName="TestMethod378" computerName="SUSALUJ" duration="00:00:00.0000283" startTime="2019-07-19T16:06:37.7917674+05:30" endTime="2019-07-19T16:06:37.7927671+05:30" testType="13cdc9d9-ddb5-4fa4-a97d-d965ccfc6d4b" outcome="Passed" testListId="8c84fa94-04c1-424b-9868-57a2d4851a1d" relativeResultsDirectory="7fc6704b-8678-4c5a-828e-a9aed688f8b5" />
    <UnitTestResult executionId="688bed8c-530b-4985-b628-075403a4631a" testId="f4709249-5c3f-3714-9fdf-f708c1244282" testName="TestMethod672" computerName="SUSALUJ" duration="00:00:00.0000206" startTime="2019-07-19T16:06:37.7287650+05:30" endTime="2019-07-19T16:06:37.7287650+05:30" testType="13cdc9d9-ddb5-4fa4-a97d-d965ccfc6d4b" outcome="Passed" testListId="8c84fa94-04c1-424b-9868-57a2d4851a1d" relativeResultsDirectory="688bed8c-530b-4985-b628-075403a4631a" />
    <UnitTestResult executionId="4ec29dfd-cd2b-4608-b574-33aa3573526a" testId="a35c942d-6895-a795-6eca-0a93ecbe39ce" testName="TestMethod882" computerName="SUSALUJ" duration="00:00:00.0000445" startTime="2019-07-19T16:06:37.6487663+05:30" endTime="2019-07-19T16:06:37.6487663+05:30" testType="13cdc9d9-ddb5-4fa4-a97d-d965ccfc6d4b" outcome="Passed" testListId="8c84fa94-04c1-424b-9868-57a2d4851a1d" relativeResultsDirectory="4ec29dfd-cd2b-4608-b574-33aa3573526a" />
    <UnitTestResult executionId="f72c6134-35af-4f67-bf8e-ca9b51b7fa64" testId="80842f01-45f2-591b-2b29-03dee54f7182" testName="TestMethod352" computerName="SUSALUJ" duration="00:00:00.0000337" startTime="2019-07-19T16:06:37.8347655+05:30" endTime="2019-07-19T16:06:37.8357673+05:30" testType="13cdc9d9-ddb5-4fa4-a97d-d965ccfc6d4b" outcome="Passed" testListId="8c84fa94-04c1-424b-9868-57a2d4851a1d" relativeResultsDirectory="f72c6134-35af-4f67-bf8e-ca9b51b7fa64" />
    <UnitTestResult executionId="b5abdbd6-f9dd-4b91-811d-35de2814ec54" testId="5e20c9a6-f828-762f-d3f4-e0a2c22e6536" testName="TestMethod550" computerName="SUSALUJ" duration="00:00:00.0000356" startTime="2019-07-19T16:06:37.7397664+05:30" endTime="2019-07-19T16:06:37.7407652+05:30" testType="13cdc9d9-ddb5-4fa4-a97d-d965ccfc6d4b" outcome="Passed" testListId="8c84fa94-04c1-424b-9868-57a2d4851a1d" relativeResultsDirectory="b5abdbd6-f9dd-4b91-811d-35de2814ec54" />
    <UnitTestResult executionId="c78e667c-ad4c-42e2-899c-01e128c77508" testId="674e72c2-4855-03f8-b89d-08191aa4f180" testName="TestMethod539" computerName="SUSALUJ" duration="00:00:00.0000221" startTime="2019-07-19T16:06:37.7377654+05:30" endTime="2019-07-19T16:06:37.7377654+05:30" testType="13cdc9d9-ddb5-4fa4-a97d-d965ccfc6d4b" outcome="Passed" testListId="8c84fa94-04c1-424b-9868-57a2d4851a1d" relativeResultsDirectory="c78e667c-ad4c-42e2-899c-01e128c77508" />
    <UnitTestResult executionId="8fd6463d-2d43-4fed-a3b3-42f83d6d2231" testId="d26742f9-1dbc-92b8-ff4f-b2cfd1c24adf" testName="TestMethod230" computerName="SUSALUJ" duration="00:00:00.0000235" startTime="2019-07-19T16:06:37.8457651+05:30" endTime="2019-07-19T16:06:37.8457651+05:30" testType="13cdc9d9-ddb5-4fa4-a97d-d965ccfc6d4b" outcome="Passed" testListId="8c84fa94-04c1-424b-9868-57a2d4851a1d" relativeResultsDirectory="8fd6463d-2d43-4fed-a3b3-42f83d6d2231" />
    <UnitTestResult executionId="4620a0df-9fd5-4b52-b07d-bb0ee34a31d6" testId="b48dddd2-4e1b-3a04-70a3-4c778c56c09b" testName="TestMethod732" computerName="SUSALUJ" duration="00:00:00.0000371" startTime="2019-07-19T16:06:37.7017649+05:30" endTime="2019-07-19T16:06:37.7017649+05:30" testType="13cdc9d9-ddb5-4fa4-a97d-d965ccfc6d4b" outcome="Passed" testListId="8c84fa94-04c1-424b-9868-57a2d4851a1d" relativeResultsDirectory="4620a0df-9fd5-4b52-b07d-bb0ee34a31d6" />
    <UnitTestResult executionId="24460028-58ad-4806-a473-4acd59095f87" testId="58e324dc-22f5-3a17-cd89-fe29db5bf094" testName="TestMethod453" computerName="SUSALUJ" duration="00:00:00.0000347" startTime="2019-07-19T16:06:37.7667689+05:30" endTime="2019-07-19T16:06:37.7667689+05:30" testType="13cdc9d9-ddb5-4fa4-a97d-d965ccfc6d4b" outcome="Passed" testListId="8c84fa94-04c1-424b-9868-57a2d4851a1d" relativeResultsDirectory="24460028-58ad-4806-a473-4acd59095f87" />
    <UnitTestResult executionId="f6cb32a2-aa69-4df6-afa5-1788db7e31e8" testId="dbfbcf3b-2808-833a-24fe-090f20cf9144" testName="TestMethod913" computerName="SUSALUJ" duration="00:00:00.0000201" startTime="2019-07-19T16:06:37.6547647+05:30" endTime="2019-07-19T16:06:37.6547647+05:30" testType="13cdc9d9-ddb5-4fa4-a97d-d965ccfc6d4b" outcome="Passed" testListId="8c84fa94-04c1-424b-9868-57a2d4851a1d" relativeResultsDirectory="f6cb32a2-aa69-4df6-afa5-1788db7e31e8" />
    <UnitTestResult executionId="b3130621-bfec-4f89-a23c-c2d1ddb1c210" testId="1ddda90b-8993-1b92-f938-0a5c5768d517" testName="TestMethod675" computerName="SUSALUJ" duration="00:00:00.0000283" startTime="2019-07-19T16:06:37.7287650+05:30" endTime="2019-07-19T16:06:37.7287650+05:30" testType="13cdc9d9-ddb5-4fa4-a97d-d965ccfc6d4b" outcome="Passed" testListId="8c84fa94-04c1-424b-9868-57a2d4851a1d" relativeResultsDirectory="b3130621-bfec-4f89-a23c-c2d1ddb1c210" />
    <UnitTestResult executionId="c72d1898-e5ce-4f54-bd4b-33c7e2b45481" testId="30de3392-1a40-1ab9-cb8c-49220a829094" testName="TestMethod830" computerName="SUSALUJ" duration="00:00:00.0000396" startTime="2019-07-19T16:06:37.6767672+05:30" endTime="2019-07-19T16:06:37.6767672+05:30" testType="13cdc9d9-ddb5-4fa4-a97d-d965ccfc6d4b" outcome="Passed" testListId="8c84fa94-04c1-424b-9868-57a2d4851a1d" relativeResultsDirectory="c72d1898-e5ce-4f54-bd4b-33c7e2b45481" />
    <UnitTestResult executionId="cc94b601-b4e2-42a3-b4e9-ee51044724b6" testId="aa3e2e38-c3b0-99ea-8d54-db64851f9e11" testName="TestMethod258" computerName="SUSALUJ" duration="00:00:00.0000413" startTime="2019-07-19T16:06:37.8527649+05:30" endTime="2019-07-19T16:06:37.8537658+05:30" testType="13cdc9d9-ddb5-4fa4-a97d-d965ccfc6d4b" outcome="Passed" testListId="8c84fa94-04c1-424b-9868-57a2d4851a1d" relativeResultsDirectory="cc94b601-b4e2-42a3-b4e9-ee51044724b6" />
    <UnitTestResult executionId="a46c0236-4b3a-4fdf-8f0a-f5332d999b14" testId="502d6bb0-f3a3-d62b-40ad-ad6c5c993e33" testName="TestMethod109" computerName="SUSALUJ" duration="00:00:00.0000211" startTime="2019-07-19T16:06:37.8597666+05:30" endTime="2019-07-19T16:06:37.8597666+05:30" testType="13cdc9d9-ddb5-4fa4-a97d-d965ccfc6d4b" outcome="Passed" testListId="8c84fa94-04c1-424b-9868-57a2d4851a1d" relativeResultsDirectory="a46c0236-4b3a-4fdf-8f0a-f5332d999b14" />
    <UnitTestResult executionId="aa76e2c2-39c8-4e06-bb26-e588f18c941f" testId="64de363d-feac-33fe-a377-a61907fccc1b" testName="TestMethod425" computerName="SUSALUJ" duration="00:00:00.0000442" startTime="2019-07-19T16:06:37.8037660+05:30" endTime="2019-07-19T16:06:37.8037660+05:30" testType="13cdc9d9-ddb5-4fa4-a97d-d965ccfc6d4b" outcome="Passed" testListId="8c84fa94-04c1-424b-9868-57a2d4851a1d" relativeResultsDirectory="aa76e2c2-39c8-4e06-bb26-e588f18c941f" />
    <UnitTestResult executionId="f91f9f1e-c9f1-4fdf-b90e-d9b168fd8a24" testId="a18b5cb4-9266-5738-f79f-2fb24179d161" testName="TestMethod460" computerName="SUSALUJ" duration="00:00:00.0000203" startTime="2019-07-19T16:06:37.7677667+05:30" endTime="2019-07-19T16:06:37.7677667+05:30" testType="13cdc9d9-ddb5-4fa4-a97d-d965ccfc6d4b" outcome="Passed" testListId="8c84fa94-04c1-424b-9868-57a2d4851a1d" relativeResultsDirectory="f91f9f1e-c9f1-4fdf-b90e-d9b168fd8a24" />
    <UnitTestResult executionId="e781088f-99c7-4659-95ad-158810d23cef" testId="17e6532f-2296-a418-52a2-4e83be3acb5f" testName="TestMethod543" computerName="SUSALUJ" duration="00:00:00.0000282" startTime="2019-07-19T16:06:37.7387668+05:30" endTime="2019-07-19T16:06:37.7397664+05:30" testType="13cdc9d9-ddb5-4fa4-a97d-d965ccfc6d4b" outcome="Passed" testListId="8c84fa94-04c1-424b-9868-57a2d4851a1d" relativeResultsDirectory="e781088f-99c7-4659-95ad-158810d23cef" />
    <UnitTestResult executionId="082208aa-928a-4a3a-b339-7b9b0b58df2c" testId="5889924f-7147-0f02-b07a-bceda849fdad" testName="TestMethod910" computerName="SUSALUJ" duration="00:00:00.0000641" startTime="2019-07-19T16:06:37.6537640+05:30" endTime="2019-07-19T16:06:37.6547647+05:30" testType="13cdc9d9-ddb5-4fa4-a97d-d965ccfc6d4b" outcome="Passed" testListId="8c84fa94-04c1-424b-9868-57a2d4851a1d" relativeResultsDirectory="082208aa-928a-4a3a-b339-7b9b0b58df2c" />
    <UnitTestResult executionId="ccbac772-6709-4ed9-a792-df15c5ec0855" testId="66d7339d-8b14-305d-ad84-b3435c7ed48d" testName="TestMethod700" computerName="SUSALUJ" duration="00:00:00.0000197" startTime="2019-07-19T16:06:37.7367682+05:30" endTime="2019-07-19T16:06:37.7367682+05:30" testType="13cdc9d9-ddb5-4fa4-a97d-d965ccfc6d4b" outcome="Passed" testListId="8c84fa94-04c1-424b-9868-57a2d4851a1d" relativeResultsDirectory="ccbac772-6709-4ed9-a792-df15c5ec0855" />
    <UnitTestResult executionId="15abd12f-6bf3-44ca-8bc2-ce6448a6db4a" testId="27f56197-1615-7d87-8ee0-99378268c250" testName="TestMethod176" computerName="SUSALUJ" duration="00:00:00.0000320" startTime="2019-07-19T16:06:37.8777649+05:30" endTime="2019-07-19T16:06:37.8777649+05:30" testType="13cdc9d9-ddb5-4fa4-a97d-d965ccfc6d4b" outcome="Passed" testListId="8c84fa94-04c1-424b-9868-57a2d4851a1d" relativeResultsDirectory="15abd12f-6bf3-44ca-8bc2-ce6448a6db4a" />
    <UnitTestResult executionId="72f3e0ef-ee7f-4dd8-8bfe-9e74f44ea581" testId="6c7fb57d-0d93-6a47-e5f7-c23a31c3815e" testName="TestMethod883" computerName="SUSALUJ" duration="00:00:00.0000637" startTime="2019-07-19T16:06:37.6487663+05:30" endTime="2019-07-19T16:06:37.6497652+05:30" testType="13cdc9d9-ddb5-4fa4-a97d-d965ccfc6d4b" outcome="Passed" testListId="8c84fa94-04c1-424b-9868-57a2d4851a1d" relativeResultsDirectory="72f3e0ef-ee7f-4dd8-8bfe-9e74f44ea581" />
    <UnitTestResult executionId="5021b271-a524-4d6a-a427-69624b19ed0c" testId="134ef685-0035-25dc-f71f-0041959162b7" testName="TestMethod186" computerName="SUSALUJ" duration="00:00:00.0000333" startTime="2019-07-19T16:06:37.8817686+05:30" endTime="2019-07-19T16:06:37.8817686+05:30" testType="13cdc9d9-ddb5-4fa4-a97d-d965ccfc6d4b" outcome="Passed" testListId="8c84fa94-04c1-424b-9868-57a2d4851a1d" relativeResultsDirectory="5021b271-a524-4d6a-a427-69624b19ed0c" />
    <UnitTestResult executionId="6b8ebc40-b424-4643-b244-0900f385b361" testId="c8b43403-4085-23a3-9a97-87b17dc187b1" testName="TestMethod618" computerName="SUSALUJ" duration="00:00:00.0000364" startTime="2019-07-19T16:06:37.7647668+05:30" endTime="2019-07-19T16:06:37.7647668+05:30" testType="13cdc9d9-ddb5-4fa4-a97d-d965ccfc6d4b" outcome="Passed" testListId="8c84fa94-04c1-424b-9868-57a2d4851a1d" relativeResultsDirectory="6b8ebc40-b424-4643-b244-0900f385b361" />
    <UnitTestResult executionId="5c7312cd-060c-4363-ad3c-4c85e44a6aa6" testId="582126e6-7637-1686-e421-26fc8b2a44be" testName="TestMethod340" computerName="SUSALUJ" duration="00:00:00.0000286" startTime="2019-07-19T16:06:37.8327670+05:30" endTime="2019-07-19T16:06:37.8327670+05:30" testType="13cdc9d9-ddb5-4fa4-a97d-d965ccfc6d4b" outcome="Passed" testListId="8c84fa94-04c1-424b-9868-57a2d4851a1d" relativeResultsDirectory="5c7312cd-060c-4363-ad3c-4c85e44a6aa6" />
    <UnitTestResult executionId="1cdb4d23-099d-4503-80c3-59f68d2ecfd0" testId="128ee75a-3510-32e9-4dad-17481f92d39b" testName="TestMethod464" computerName="SUSALUJ" duration="00:00:00.0000289" startTime="2019-07-19T16:06:37.7687664+05:30" endTime="2019-07-19T16:06:37.7687664+05:30" testType="13cdc9d9-ddb5-4fa4-a97d-d965ccfc6d4b" outcome="Passed" testListId="8c84fa94-04c1-424b-9868-57a2d4851a1d" relativeResultsDirectory="1cdb4d23-099d-4503-80c3-59f68d2ecfd0" />
    <UnitTestResult executionId="9011a072-989d-44c5-9c73-332699930789" testId="71b10931-73cb-2cce-6429-44087b3adb4f" testName="TestMethod697" computerName="SUSALUJ" duration="00:00:00.0000225" startTime="2019-07-19T16:06:37.7357795+05:30" endTime="2019-07-19T16:06:37.7357795+05:30" testType="13cdc9d9-ddb5-4fa4-a97d-d965ccfc6d4b" outcome="Passed" testListId="8c84fa94-04c1-424b-9868-57a2d4851a1d" relativeResultsDirectory="9011a072-989d-44c5-9c73-332699930789" />
    <UnitTestResult executionId="391ca2b0-a4c0-4a7f-bbc3-61555e388034" testId="608fe1d2-5a1d-7806-dcd6-c00ba3e670c6" testName="TestMethod566" computerName="SUSALUJ" duration="00:00:00.0000460" startTime="2019-07-19T16:06:37.7517652+05:30" endTime="2019-07-19T16:06:37.7527656+05:30" testType="13cdc9d9-ddb5-4fa4-a97d-d965ccfc6d4b" outcome="Passed" testListId="8c84fa94-04c1-424b-9868-57a2d4851a1d" relativeResultsDirectory="391ca2b0-a4c0-4a7f-bbc3-61555e388034" />
    <UnitTestResult executionId="03cdfbfa-2a11-4f10-9b38-af449b722353" testId="d2f7dd5a-270a-7323-131a-88c5f3382836" testName="TestMethod645" computerName="SUSALUJ" duration="00:00:00.0000232" startTime="2019-07-19T16:06:37.7227701+05:30" endTime="2019-07-19T16:06:37.7227701+05:30" testType="13cdc9d9-ddb5-4fa4-a97d-d965ccfc6d4b" outcome="Passed" testListId="8c84fa94-04c1-424b-9868-57a2d4851a1d" relativeResultsDirectory="03cdfbfa-2a11-4f10-9b38-af449b722353" />
    <UnitTestResult executionId="98f3f2cb-7fb7-45ac-a458-20d55b933338" testId="2a1b2d09-aa49-1747-aa14-324838e92e77" testName="TestMethod698" computerName="SUSALUJ" duration="00:00:00.0000211" startTime="2019-07-19T16:06:37.7357795+05:30" endTime="2019-07-19T16:06:37.7357795+05:30" testType="13cdc9d9-ddb5-4fa4-a97d-d965ccfc6d4b" outcome="Passed" testListId="8c84fa94-04c1-424b-9868-57a2d4851a1d" relativeResultsDirectory="98f3f2cb-7fb7-45ac-a458-20d55b933338" />
    <UnitTestResult executionId="9c232bee-4c5e-45d9-a79f-238cf24b20ff" testId="2f3c4789-5be0-25b5-eb21-f2a035522061" testName="TestMethod466" computerName="SUSALUJ" duration="00:00:00.0000222" startTime="2019-07-19T16:06:37.7697660+05:30" endTime="2019-07-19T16:06:37.7697660+05:30" testType="13cdc9d9-ddb5-4fa4-a97d-d965ccfc6d4b" outcome="Passed" testListId="8c84fa94-04c1-424b-9868-57a2d4851a1d" relativeResultsDirectory="9c232bee-4c5e-45d9-a79f-238cf24b20ff" />
    <UnitTestResult executionId="a84c5cbd-9633-49dc-a1ab-791c1a2480ba" testId="da7a0998-e8c8-4a1d-4761-b03db06ddcc1" testName="TestMethod391" computerName="SUSALUJ" duration="00:00:00.0000365" startTime="2019-07-19T16:06:37.7947670+05:30" endTime="2019-07-19T16:06:37.7947670+05:30" testType="13cdc9d9-ddb5-4fa4-a97d-d965ccfc6d4b" outcome="Passed" testListId="8c84fa94-04c1-424b-9868-57a2d4851a1d" relativeResultsDirectory="a84c5cbd-9633-49dc-a1ab-791c1a2480ba" />
    <UnitTestResult executionId="a25d037c-1acd-4fea-bf28-596de4a91803" testId="baa2be22-6e02-8004-6919-7aeac43318b6" testName="TestMethod331" computerName="SUSALUJ" duration="00:00:00.0000394" startTime="2019-07-19T16:06:37.8297718+05:30" endTime="2019-07-19T16:06:37.8307675+05:30" testType="13cdc9d9-ddb5-4fa4-a97d-d965ccfc6d4b" outcome="Passed" testListId="8c84fa94-04c1-424b-9868-57a2d4851a1d" relativeResultsDirectory="a25d037c-1acd-4fea-bf28-596de4a91803" />
    <UnitTestResult executionId="67bb3ca1-50ea-41c9-9e09-359bf420c0f5" testId="cabf9801-b2ac-3639-6e36-041dc40cdf70" testName="TestMethod811" computerName="SUSALUJ" duration="00:00:00.0000239" startTime="2019-07-19T16:06:37.6697666+05:30" endTime="2019-07-19T16:06:37.6697666+05:30" testType="13cdc9d9-ddb5-4fa4-a97d-d965ccfc6d4b" outcome="Passed" testListId="8c84fa94-04c1-424b-9868-57a2d4851a1d" relativeResultsDirectory="67bb3ca1-50ea-41c9-9e09-359bf420c0f5" />
    <UnitTestResult executionId="e5d57280-1fd2-40c9-b338-961c0728b628" testId="40f71d13-7766-ebc7-158b-fea9fe29f6ba" testName="TestMethod264" computerName="SUSALUJ" duration="00:00:00.0000310" startTime="2019-07-19T16:06:37.8547660+05:30" endTime="2019-07-19T16:06:37.8547660+05:30" testType="13cdc9d9-ddb5-4fa4-a97d-d965ccfc6d4b" outcome="Passed" testListId="8c84fa94-04c1-424b-9868-57a2d4851a1d" relativeResultsDirectory="e5d57280-1fd2-40c9-b338-961c0728b628" />
    <UnitTestResult executionId="39ea1a69-581f-4da0-8009-6d81545b0076" testId="d2bd055b-7295-0586-37a3-7855db628628" testName="TestMethod13" computerName="SUSALUJ" duration="00:00:00.0011315" startTime="2019-07-19T16:06:37.9867675+05:30" endTime="2019-07-19T16:06:37.9887661+05:30" testType="13cdc9d9-ddb5-4fa4-a97d-d965ccfc6d4b" outcome="Failed" testListId="8c84fa94-04c1-424b-9868-57a2d4851a1d" relativeResultsDirectory="39ea1a69-581f-4da0-8009-6d81545b0076">
      <Output>
        <ErrorInfo>
          <Message>Assert.AreEqual failed. Expected:&lt;2&gt;. Actual:&lt;4&gt;. </Message>
          <StackTrace>   at TestProjectWON.UnitTest1.TestMethod13() in C:\agent\_work\8\s\TestProjectWON\UnitTest1.cs:line 78&#xD;
</StackTrace>
        </ErrorInfo>
      </Output>
    </UnitTestResult>
    <UnitTestResult executionId="fff7beb5-6fbd-4429-8507-b3ce63c8c5d5" testId="b0422027-b50a-d3cf-ece8-1b7a11c9f4b5" testName="TestMethod234" computerName="SUSALUJ" duration="00:00:00.0000227" startTime="2019-07-19T16:06:37.8467650+05:30" endTime="2019-07-19T16:06:37.8467650+05:30" testType="13cdc9d9-ddb5-4fa4-a97d-d965ccfc6d4b" outcome="Passed" testListId="8c84fa94-04c1-424b-9868-57a2d4851a1d" relativeResultsDirectory="fff7beb5-6fbd-4429-8507-b3ce63c8c5d5" />
    <UnitTestResult executionId="88b51aec-f9b0-4248-8762-3a5b1c1b1e44" testId="5ac84828-9966-8e1a-08c9-8ed72c4cde49" testName="TestMethod821" computerName="SUSALUJ" duration="00:00:00.0000402" startTime="2019-07-19T16:06:37.6727737+05:30" endTime="2019-07-19T16:06:37.6727737+05:30" testType="13cdc9d9-ddb5-4fa4-a97d-d965ccfc6d4b" outcome="Passed" testListId="8c84fa94-04c1-424b-9868-57a2d4851a1d" relativeResultsDirectory="88b51aec-f9b0-4248-8762-3a5b1c1b1e44" />
    <UnitTestResult executionId="271d48dd-1ac2-4a52-9ce0-37ddf35a313d" testId="99a2f1a1-2bde-2fc3-5c1c-13072625faa1" testName="TestMethod398" computerName="SUSALUJ" duration="00:00:00.0000207" startTime="2019-07-19T16:06:37.7967650+05:30" endTime="2019-07-19T16:06:37.7967650+05:30" testType="13cdc9d9-ddb5-4fa4-a97d-d965ccfc6d4b" outcome="Passed" testListId="8c84fa94-04c1-424b-9868-57a2d4851a1d" relativeResultsDirectory="271d48dd-1ac2-4a52-9ce0-37ddf35a313d" />
    <UnitTestResult executionId="2bf8bbd9-a4fd-4239-912a-28808210570e" testId="95153146-13fc-bc7b-d4b8-86fb2027dcc5" testName="TestMethod298" computerName="SUSALUJ" duration="00:00:00.0000202" startTime="2019-07-19T16:06:37.8137658+05:30" endTime="2019-07-19T16:06:37.8137658+05:30" testType="13cdc9d9-ddb5-4fa4-a97d-d965ccfc6d4b" outcome="Passed" testListId="8c84fa94-04c1-424b-9868-57a2d4851a1d" relativeResultsDirectory="2bf8bbd9-a4fd-4239-912a-28808210570e" />
    <UnitTestResult executionId="37bb3e29-13cb-45c9-96cc-05fa20b3e293" testId="d3971b88-c95a-ccae-173f-b8a251b6aed4" testName="TestMethod456" computerName="SUSALUJ" duration="00:00:00.0000223" startTime="2019-07-19T16:06:37.7677667+05:30" endTime="2019-07-19T16:06:37.7677667+05:30" testType="13cdc9d9-ddb5-4fa4-a97d-d965ccfc6d4b" outcome="Passed" testListId="8c84fa94-04c1-424b-9868-57a2d4851a1d" relativeResultsDirectory="37bb3e29-13cb-45c9-96cc-05fa20b3e293" />
    <UnitTestResult executionId="787eeea3-d642-4709-8f54-119c55326bbc" testId="7e4b0130-3a47-bdd6-28f2-3c764416fcdd" testName="TestMethod474" computerName="SUSALUJ" duration="00:00:00.0000217" startTime="2019-07-19T16:06:37.7707690+05:30" endTime="2019-07-19T16:06:37.7707690+05:30" testType="13cdc9d9-ddb5-4fa4-a97d-d965ccfc6d4b" outcome="Passed" testListId="8c84fa94-04c1-424b-9868-57a2d4851a1d" relativeResultsDirectory="787eeea3-d642-4709-8f54-119c55326bbc" />
    <UnitTestResult executionId="bbba262f-c767-4d9b-acc8-a87c8d665dcb" testId="5d9d8819-6aeb-7979-eb4e-aba3a07e8e98" testName="TestMethod589" computerName="SUSALUJ" duration="00:00:00.0000255" startTime="2019-07-19T16:06:37.7577661+05:30" endTime="2019-07-19T16:06:37.7577661+05:30" testType="13cdc9d9-ddb5-4fa4-a97d-d965ccfc6d4b" outcome="Passed" testListId="8c84fa94-04c1-424b-9868-57a2d4851a1d" relativeResultsDirectory="bbba262f-c767-4d9b-acc8-a87c8d665dcb" />
    <UnitTestResult executionId="fc8bcd60-5b58-459e-ae10-e849e9fd0a69" testId="d0b1f7dc-31d1-6275-6eac-8c5e9f628719" testName="TestMethod439" computerName="SUSALUJ" duration="00:00:00.0000229" startTime="2019-07-19T16:06:37.8077669+05:30" endTime="2019-07-19T16:06:37.8077669+05:30" testType="13cdc9d9-ddb5-4fa4-a97d-d965ccfc6d4b" outcome="Passed" testListId="8c84fa94-04c1-424b-9868-57a2d4851a1d" relativeResultsDirectory="fc8bcd60-5b58-459e-ae10-e849e9fd0a69" />
    <UnitTestResult executionId="25d65121-972e-4569-b9cd-d6a071d80f28" testId="a4d85907-9466-2a97-9fe1-902dee5034c9" testName="TestMethod827" computerName="SUSALUJ" duration="00:00:00.0004578" startTime="2019-07-19T16:06:37.6747678+05:30" endTime="2019-07-19T16:06:37.6757697+05:30" testType="13cdc9d9-ddb5-4fa4-a97d-d965ccfc6d4b" outcome="Passed" testListId="8c84fa94-04c1-424b-9868-57a2d4851a1d" relativeResultsDirectory="25d65121-972e-4569-b9cd-d6a071d80f28" />
    <UnitTestResult executionId="7655e849-bf73-43ca-b7fc-c77be7c8543e" testId="abe63dc7-436c-029a-68b2-5d706af9e293" testName="TestMethod692" computerName="SUSALUJ" duration="00:00:00.0000246" startTime="2019-07-19T16:06:37.7337660+05:30" endTime="2019-07-19T16:06:37.7337660+05:30" testType="13cdc9d9-ddb5-4fa4-a97d-d965ccfc6d4b" outcome="Passed" testListId="8c84fa94-04c1-424b-9868-57a2d4851a1d" relativeResultsDirectory="7655e849-bf73-43ca-b7fc-c77be7c8543e" />
    <UnitTestResult executionId="bd0a1c31-e886-4442-91c3-0f6212226470" testId="25c0e1fc-0db6-ebd6-12dd-86c4d4d446ed" testName="TestMethod823" computerName="SUSALUJ" duration="00:00:00.0000376" startTime="2019-07-19T16:06:37.6737681+05:30" endTime="2019-07-19T16:06:37.6737681+05:30" testType="13cdc9d9-ddb5-4fa4-a97d-d965ccfc6d4b" outcome="Passed" testListId="8c84fa94-04c1-424b-9868-57a2d4851a1d" relativeResultsDirectory="bd0a1c31-e886-4442-91c3-0f6212226470" />
    <UnitTestResult executionId="fd50fe16-4069-44af-817c-344e81ce8452" testId="b5a9a3d5-d167-45c8-8a44-b9a8abfe972c" testName="TestMethod325" computerName="SUSALUJ" duration="00:00:00.0000504" startTime="2019-07-19T16:06:37.8267684+05:30" endTime="2019-07-19T16:06:37.8277680+05:30" testType="13cdc9d9-ddb5-4fa4-a97d-d965ccfc6d4b" outcome="Passed" testListId="8c84fa94-04c1-424b-9868-57a2d4851a1d" relativeResultsDirectory="fd50fe16-4069-44af-817c-344e81ce8452" />
    <UnitTestResult executionId="2cb9d226-3d11-4981-a693-fbe72c743c3b" testId="370f35f5-bfe9-745c-58b6-400f0927afca" testName="TestMethod719" computerName="SUSALUJ" duration="00:00:00.0000342" startTime="2019-07-19T16:06:37.6977660+05:30" endTime="2019-07-19T16:06:37.6987669+05:30" testType="13cdc9d9-ddb5-4fa4-a97d-d965ccfc6d4b" outcome="Passed" testListId="8c84fa94-04c1-424b-9868-57a2d4851a1d" relativeResultsDirectory="2cb9d226-3d11-4981-a693-fbe72c743c3b" />
    <UnitTestResult executionId="d5ac04cd-17cc-4704-800b-15202ff02950" testId="a843fe63-02fe-2dad-20bd-094bbba2be1b" testName="TestMethod348" computerName="SUSALUJ" duration="00:00:00.0000236" startTime="2019-07-19T16:06:37.8337666+05:30" endTime="2019-07-19T16:06:37.8337666+05:30" testType="13cdc9d9-ddb5-4fa4-a97d-d965ccfc6d4b" outcome="Passed" testListId="8c84fa94-04c1-424b-9868-57a2d4851a1d" relativeResultsDirectory="d5ac04cd-17cc-4704-800b-15202ff02950" />
    <UnitTestResult executionId="817c4a3a-0bbe-403c-b897-5145296f977a" testId="d5556391-3e14-ea54-edb2-908d5b097d5b" testName="TestMethod770" computerName="SUSALUJ" duration="00:00:00.0000203" startTime="2019-07-19T16:06:37.7097653+05:30" endTime="2019-07-19T16:06:37.7097653+05:30" testType="13cdc9d9-ddb5-4fa4-a97d-d965ccfc6d4b" outcome="Passed" testListId="8c84fa94-04c1-424b-9868-57a2d4851a1d" relativeResultsDirectory="817c4a3a-0bbe-403c-b897-5145296f977a" />
    <UnitTestResult executionId="805395c4-666e-4be1-aa34-97f72407e12b" testId="a8af649b-dae1-93dd-70d1-60e4281350a7" testName="TestMethod926" computerName="SUSALUJ" duration="00:00:00.0000448" startTime="2019-07-19T16:06:37.6577652+05:30" endTime="2019-07-19T16:06:37.6577652+05:30" testType="13cdc9d9-ddb5-4fa4-a97d-d965ccfc6d4b" outcome="Passed" testListId="8c84fa94-04c1-424b-9868-57a2d4851a1d" relativeResultsDirectory="805395c4-666e-4be1-aa34-97f72407e12b" />
    <UnitTestResult executionId="5e078837-602f-4aa6-84bf-36664e1ef07f" testId="c5fbc3fb-b202-c792-eb13-27240e349d77" testName="TestMethod11" computerName="SUSALUJ" duration="00:00:00.0011094" startTime="2019-07-19T16:06:37.9847665+05:30" endTime="2019-07-19T16:06:37.9857679+05:30" testType="13cdc9d9-ddb5-4fa4-a97d-d965ccfc6d4b" outcome="Failed" testListId="8c84fa94-04c1-424b-9868-57a2d4851a1d" relativeResultsDirectory="5e078837-602f-4aa6-84bf-36664e1ef07f">
      <Output>
        <ErrorInfo>
          <Message>Assert.AreEqual failed. Expected:&lt;2&gt;. Actual:&lt;4&gt;. </Message>
          <StackTrace>   at TestProjectWON.UnitTest1.TestMethod11() in C:\agent\_work\8\s\TestProjectWON\UnitTest1.cs:line 68&#xD;
</StackTrace>
        </ErrorInfo>
      </Output>
    </UnitTestResult>
    <UnitTestResult executionId="b3304bd9-37e7-43ca-befc-28e5265e23c4" testId="dc3a70da-f04f-7f1e-e69e-616f266eb569" testName="TestMethod410" computerName="SUSALUJ" duration="00:00:00.0000307" startTime="2019-07-19T16:06:37.7997673+05:30" endTime="2019-07-19T16:06:37.7997673+05:30" testType="13cdc9d9-ddb5-4fa4-a97d-d965ccfc6d4b" outcome="Passed" testListId="8c84fa94-04c1-424b-9868-57a2d4851a1d" relativeResultsDirectory="b3304bd9-37e7-43ca-befc-28e5265e23c4" />
    <UnitTestResult executionId="acb07c15-f8af-4a97-b312-edb3829988a5" testId="dea86541-47a1-67e3-9027-ef590430b242" testName="TestMethod107" computerName="SUSALUJ" duration="00:00:00.0000358" startTime="2019-07-19T16:06:38.0147654+05:30" endTime="2019-07-19T16:06:38.0147654+05:30" testType="13cdc9d9-ddb5-4fa4-a97d-d965ccfc6d4b" outcome="Passed" testListId="8c84fa94-04c1-424b-9868-57a2d4851a1d" relativeResultsDirectory="acb07c15-f8af-4a97-b312-edb3829988a5" />
    <UnitTestResult executionId="0554fb56-e706-486e-a5c1-c784bacd2ebb" testId="ff01f86a-f0b3-fd8e-4441-388dd11f94ca" testName="TestMethod562" computerName="SUSALUJ" duration="00:00:00.0000206" startTime="2019-07-19T16:06:37.7437678+05:30" endTime="2019-07-19T16:06:37.7447677+05:30" testType="13cdc9d9-ddb5-4fa4-a97d-d965ccfc6d4b" outcome="Passed" testListId="8c84fa94-04c1-424b-9868-57a2d4851a1d" relativeResultsDirectory="0554fb56-e706-486e-a5c1-c784bacd2ebb" />
    <UnitTestResult executionId="44837f9d-e558-4bc1-9343-ec58201faeca" testId="f18af0cb-5e75-3cdd-8d54-30183467d4d0" testName="TestMethod611" computerName="SUSALUJ" duration="00:00:00.0000338" startTime="2019-07-19T16:06:37.7627664+05:30" endTime="2019-07-19T16:06:37.7637683+05:30" testType="13cdc9d9-ddb5-4fa4-a97d-d965ccfc6d4b" outcome="Passed" testListId="8c84fa94-04c1-424b-9868-57a2d4851a1d" relativeResultsDirectory="44837f9d-e558-4bc1-9343-ec58201faeca" />
    <UnitTestResult executionId="80eed83a-809d-4d13-8a2f-ef0af70f45d8" testId="0b90b587-8a07-a415-5668-c92e433c53cf" testName="TestMethod673" computerName="SUSALUJ" duration="00:00:00.0000203" startTime="2019-07-19T16:06:37.7287650+05:30" endTime="2019-07-19T16:06:37.7287650+05:30" testType="13cdc9d9-ddb5-4fa4-a97d-d965ccfc6d4b" outcome="Passed" testListId="8c84fa94-04c1-424b-9868-57a2d4851a1d" relativeResultsDirectory="80eed83a-809d-4d13-8a2f-ef0af70f45d8" />
    <UnitTestResult executionId="9e958379-3f1b-4e20-8aa8-aa9e1986335d" testId="9990f2b1-d640-1774-5359-5f140f74562a" testName="TestMethod771" computerName="SUSALUJ" duration="00:00:00.0000222" startTime="2019-07-19T16:06:37.7097653+05:30" endTime="2019-07-19T16:06:37.7107676+05:30" testType="13cdc9d9-ddb5-4fa4-a97d-d965ccfc6d4b" outcome="Passed" testListId="8c84fa94-04c1-424b-9868-57a2d4851a1d" relativeResultsDirectory="9e958379-3f1b-4e20-8aa8-aa9e1986335d" />
    <UnitTestResult executionId="a4a295ed-cb3f-4ffa-ad22-25f16fba528b" testId="29bcff61-a43a-2ea4-43f4-7055d5db65f3" testName="TestMethod572" computerName="SUSALUJ" duration="00:00:00.0000451" startTime="2019-07-19T16:06:37.7537653+05:30" endTime="2019-07-19T16:06:37.7547678+05:30" testType="13cdc9d9-ddb5-4fa4-a97d-d965ccfc6d4b" outcome="Passed" testListId="8c84fa94-04c1-424b-9868-57a2d4851a1d" relativeResultsDirectory="a4a295ed-cb3f-4ffa-ad22-25f16fba528b" />
    <UnitTestResult executionId="01019e69-3e0c-4cb9-ac0b-6a253c97e55b" testId="a716168d-d91b-5f0c-aea6-10dcb52933ff" testName="TestMethod708" computerName="SUSALUJ" duration="00:00:00.0000494" startTime="2019-07-19T16:06:37.6947644+05:30" endTime="2019-07-19T16:06:37.6957640+05:30" testType="13cdc9d9-ddb5-4fa4-a97d-d965ccfc6d4b" outcome="Passed" testListId="8c84fa94-04c1-424b-9868-57a2d4851a1d" relativeResultsDirectory="01019e69-3e0c-4cb9-ac0b-6a253c97e55b" />
    <UnitTestResult executionId="34a627ed-4edc-4bd1-a5ff-c0e2295ab134" testId="090618a1-3f98-cb1b-af84-a23938a39e4b" testName="TestMethod306" computerName="SUSALUJ" duration="00:00:00.0000473" startTime="2019-07-19T16:06:37.8157674+05:30" endTime="2019-07-19T16:06:37.8167683+05:30" testType="13cdc9d9-ddb5-4fa4-a97d-d965ccfc6d4b" outcome="Passed" testListId="8c84fa94-04c1-424b-9868-57a2d4851a1d" relativeResultsDirectory="34a627ed-4edc-4bd1-a5ff-c0e2295ab134" />
    <UnitTestResult executionId="214f5dfa-e568-4648-8fa2-e81f0e097c67" testId="1ec9a971-ccf7-6574-f711-75d27027d1b1" testName="TestMethod702" computerName="SUSALUJ" duration="00:00:00.0000318" startTime="2019-07-19T16:06:37.7367682+05:30" endTime="2019-07-19T16:06:37.7367682+05:30" testType="13cdc9d9-ddb5-4fa4-a97d-d965ccfc6d4b" outcome="Passed" testListId="8c84fa94-04c1-424b-9868-57a2d4851a1d" relativeResultsDirectory="214f5dfa-e568-4648-8fa2-e81f0e097c67" />
    <UnitTestResult executionId="d74d1f69-a234-405e-84b3-297bf441bddc" testId="36cdeb24-1c40-6d0a-e9f9-e07afe360faf" testName="TestMethod118" computerName="SUSALUJ" duration="00:00:00.0000225" startTime="2019-07-19T16:06:37.8617659+05:30" endTime="2019-07-19T16:06:37.8617659+05:30" testType="13cdc9d9-ddb5-4fa4-a97d-d965ccfc6d4b" outcome="Passed" testListId="8c84fa94-04c1-424b-9868-57a2d4851a1d" relativeResultsDirectory="d74d1f69-a234-405e-84b3-297bf441bddc" />
    <UnitTestResult executionId="c9928617-7050-4afd-ac82-afa6f9223f1e" testId="6a2ff379-2bea-b8c6-342c-6f5af067de2b" testName="TestMethod860" computerName="SUSALUJ" duration="00:00:00.0000330" startTime="2019-07-19T16:06:37.6897656+05:30" endTime="2019-07-19T16:06:37.6897656+05:30" testType="13cdc9d9-ddb5-4fa4-a97d-d965ccfc6d4b" outcome="Passed" testListId="8c84fa94-04c1-424b-9868-57a2d4851a1d" relativeResultsDirectory="c9928617-7050-4afd-ac82-afa6f9223f1e" />
    <UnitTestResult executionId="3f302726-4b48-4c9d-859a-e9cc81ca5bfd" testId="e7f3bc38-2952-992f-f26c-f614b94d4900" testName="TestMethod52" computerName="SUSALUJ" duration="00:00:00.0000276" startTime="2019-07-19T16:06:38.0017652+05:30" endTime="2019-07-19T16:06:38.0017652+05:30" testType="13cdc9d9-ddb5-4fa4-a97d-d965ccfc6d4b" outcome="Passed" testListId="8c84fa94-04c1-424b-9868-57a2d4851a1d" relativeResultsDirectory="3f302726-4b48-4c9d-859a-e9cc81ca5bfd" />
    <UnitTestResult executionId="b5df104f-a46b-4350-803f-6d896afd4f61" testId="aa8c4660-7a95-c90f-20d5-28080ebf8228" testName="TestMethod461" computerName="SUSALUJ" duration="00:00:00.0000222" startTime="2019-07-19T16:06:37.7677667+05:30" endTime="2019-07-19T16:06:37.7677667+05:30" testType="13cdc9d9-ddb5-4fa4-a97d-d965ccfc6d4b" outcome="Passed" testListId="8c84fa94-04c1-424b-9868-57a2d4851a1d" relativeResultsDirectory="b5df104f-a46b-4350-803f-6d896afd4f61" />
    <UnitTestResult executionId="66e95e14-fa12-4caf-a188-56bb8e974c51" testId="4007acf6-6807-10a0-d3a3-32c9cbc0fb1b" testName="TestMethod585" computerName="SUSALUJ" duration="00:00:00.0000210" startTime="2019-07-19T16:06:37.7567678+05:30" endTime="2019-07-19T16:06:37.7567678+05:30" testType="13cdc9d9-ddb5-4fa4-a97d-d965ccfc6d4b" outcome="Passed" testListId="8c84fa94-04c1-424b-9868-57a2d4851a1d" relativeResultsDirectory="66e95e14-fa12-4caf-a188-56bb8e974c51" />
    <UnitTestResult executionId="4d005ddb-7488-4e99-9c36-c08dc2e2c119" testId="bd2b47ca-d4c4-3db6-d24c-36dc83eb191c" testName="TestMethod978" computerName="SUSALUJ" duration="00:00:00.0000199" startTime="2019-07-19T16:06:37.6417651+05:30" endTime="2019-07-19T16:06:37.6417651+05:30" testType="13cdc9d9-ddb5-4fa4-a97d-d965ccfc6d4b" outcome="Passed" testListId="8c84fa94-04c1-424b-9868-57a2d4851a1d" relativeResultsDirectory="4d005ddb-7488-4e99-9c36-c08dc2e2c119" />
    <UnitTestResult executionId="0a46d733-da28-493c-a226-8337599bcc2c" testId="2dee95e4-fb7b-7b96-b8f1-0255a3e3ab1d" testName="TestMethod650" computerName="SUSALUJ" duration="00:00:00.0000201" startTime="2019-07-19T16:06:37.7237686+05:30" endTime="2019-07-19T16:06:37.7237686+05:30" testType="13cdc9d9-ddb5-4fa4-a97d-d965ccfc6d4b" outcome="Passed" testListId="8c84fa94-04c1-424b-9868-57a2d4851a1d" relativeResultsDirectory="0a46d733-da28-493c-a226-8337599bcc2c" />
    <UnitTestResult executionId="0210ca9f-00fd-4257-b9d8-9783844599f9" testId="5b7e467a-91c7-78ab-3512-45042ebd5bae" testName="TestMethod849" computerName="SUSALUJ" duration="00:00:00.0000239" startTime="2019-07-19T16:06:37.6867657+05:30" endTime="2019-07-19T16:06:37.6867657+05:30" testType="13cdc9d9-ddb5-4fa4-a97d-d965ccfc6d4b" outcome="Passed" testListId="8c84fa94-04c1-424b-9868-57a2d4851a1d" relativeResultsDirectory="0210ca9f-00fd-4257-b9d8-9783844599f9" />
    <UnitTestResult executionId="92adb0fd-f2f9-4dc3-b740-2560c8e9ba94" testId="afd010af-4865-ccd0-1c97-5c05039cb3df" testName="TestMethod201" computerName="SUSALUJ" duration="00:00:00.0000211" startTime="2019-07-19T16:06:37.8397672+05:30" endTime="2019-07-19T16:06:37.8397672+05:30" testType="13cdc9d9-ddb5-4fa4-a97d-d965ccfc6d4b" outcome="Passed" testListId="8c84fa94-04c1-424b-9868-57a2d4851a1d" relativeResultsDirectory="92adb0fd-f2f9-4dc3-b740-2560c8e9ba94" />
    <UnitTestResult executionId="ed3674fe-ea65-4535-baea-3706a9a3fdbf" testId="aabe9f3b-0283-90ce-3fe9-506780195010" testName="TestMethod488" computerName="SUSALUJ" duration="00:00:00.0000446" startTime="2019-07-19T16:06:37.7767691+05:30" endTime="2019-07-19T16:06:37.7767691+05:30" testType="13cdc9d9-ddb5-4fa4-a97d-d965ccfc6d4b" outcome="Passed" testListId="8c84fa94-04c1-424b-9868-57a2d4851a1d" relativeResultsDirectory="ed3674fe-ea65-4535-baea-3706a9a3fdbf" />
    <UnitTestResult executionId="9fc5581d-5a7c-4a19-a915-53b0bd01319e" testId="8e1ee98d-a3a6-3406-d3c4-1e9ccc628eef" testName="TestMethod409" computerName="SUSALUJ" duration="00:00:00.0000369" startTime="2019-07-19T16:06:37.7997673+05:30" endTime="2019-07-19T16:06:37.7997673+05:30" testType="13cdc9d9-ddb5-4fa4-a97d-d965ccfc6d4b" outcome="Passed" testListId="8c84fa94-04c1-424b-9868-57a2d4851a1d" relativeResultsDirectory="9fc5581d-5a7c-4a19-a915-53b0bd01319e" />
    <UnitTestResult executionId="ad661582-1609-4e71-8cf0-1a8b8a0e5b95" testId="01823501-c211-fcf8-f3bc-3f1317bdb6c6" testName="TestMethod62" computerName="SUSALUJ" duration="00:00:00.0000391" startTime="2019-07-19T16:06:38.0037666+05:30" endTime="2019-07-19T16:06:38.0037666+05:30" testType="13cdc9d9-ddb5-4fa4-a97d-d965ccfc6d4b" outcome="Passed" testListId="8c84fa94-04c1-424b-9868-57a2d4851a1d" relativeResultsDirectory="ad661582-1609-4e71-8cf0-1a8b8a0e5b95" />
    <UnitTestResult executionId="5a1b682d-012f-451a-8294-c0bc7d721979" testId="83a80bc6-1e32-c826-00c2-28009b2ec3e2" testName="TestMethod657" computerName="SUSALUJ" duration="00:00:00.0000327" startTime="2019-07-19T16:06:37.7247649+05:30" endTime="2019-07-19T16:06:37.7247649+05:30" testType="13cdc9d9-ddb5-4fa4-a97d-d965ccfc6d4b" outcome="Passed" testListId="8c84fa94-04c1-424b-9868-57a2d4851a1d" relativeResultsDirectory="5a1b682d-012f-451a-8294-c0bc7d721979" />
    <UnitTestResult executionId="6e925b11-a443-4f27-9219-8aa2d050bebd" testId="e401551b-645d-a000-6212-1dcbb32da72a" testName="TestMethod908" computerName="SUSALUJ" duration="00:00:00.0000294" startTime="2019-07-19T16:06:37.6537640+05:30" endTime="2019-07-19T16:06:37.6537640+05:30" testType="13cdc9d9-ddb5-4fa4-a97d-d965ccfc6d4b" outcome="Passed" testListId="8c84fa94-04c1-424b-9868-57a2d4851a1d" relativeResultsDirectory="6e925b11-a443-4f27-9219-8aa2d050bebd" />
    <UnitTestResult executionId="95d18132-6aef-45f1-9b80-5a9dda465d49" testId="e4d83b6e-0f77-db97-f15f-cf453db67653" testName="TestMethod754" computerName="SUSALUJ" duration="00:00:00.0000193" startTime="2019-07-19T16:06:37.7067647+05:30" endTime="2019-07-19T16:06:37.7067647+05:30" testType="13cdc9d9-ddb5-4fa4-a97d-d965ccfc6d4b" outcome="Passed" testListId="8c84fa94-04c1-424b-9868-57a2d4851a1d" relativeResultsDirectory="95d18132-6aef-45f1-9b80-5a9dda465d49" />
    <UnitTestResult executionId="928511ff-8dba-45b1-9226-0e8a22780a2a" testId="16f70a3b-5d0d-c008-e985-9ff47e23535f" testName="TestMethod835" computerName="SUSALUJ" duration="00:00:00.0000276" startTime="2019-07-19T16:06:37.6777652+05:30" endTime="2019-07-19T16:06:37.6777652+05:30" testType="13cdc9d9-ddb5-4fa4-a97d-d965ccfc6d4b" outcome="Passed" testListId="8c84fa94-04c1-424b-9868-57a2d4851a1d" relativeResultsDirectory="928511ff-8dba-45b1-9226-0e8a22780a2a" />
    <UnitTestResult executionId="74e45548-edf4-44c7-93f4-ca085a9364ba" testId="83479372-ac22-3102-64a3-5de7bde0b436" testName="TestMethod432" computerName="SUSALUJ" duration="00:00:00.0000211" startTime="2019-07-19T16:06:37.8057667+05:30" endTime="2019-07-19T16:06:37.8057667+05:30" testType="13cdc9d9-ddb5-4fa4-a97d-d965ccfc6d4b" outcome="Passed" testListId="8c84fa94-04c1-424b-9868-57a2d4851a1d" relativeResultsDirectory="74e45548-edf4-44c7-93f4-ca085a9364ba" />
    <UnitTestResult executionId="738c3bb9-cd14-43e7-94d8-1b92dd04c499" testId="c02f77ba-8027-1ee9-4d13-6255dfee4584" testName="TestMethod794" computerName="SUSALUJ" duration="00:00:00.0000386" startTime="2019-07-19T16:06:37.6657670+05:30" endTime="2019-07-19T16:06:37.6657670+05:30" testType="13cdc9d9-ddb5-4fa4-a97d-d965ccfc6d4b" outcome="Passed" testListId="8c84fa94-04c1-424b-9868-57a2d4851a1d" relativeResultsDirectory="738c3bb9-cd14-43e7-94d8-1b92dd04c499" />
    <UnitTestResult executionId="3abba89d-6f9c-4103-b9c1-b24eff53b3de" testId="5c89a79c-3302-59fb-0a7f-dd6efcecc99f" testName="TestMethod200" computerName="SUSALUJ" duration="00:00:00.0000234" startTime="2019-07-19T16:06:37.8397672+05:30" endTime="2019-07-19T16:06:37.8397672+05:30" testType="13cdc9d9-ddb5-4fa4-a97d-d965ccfc6d4b" outcome="Passed" testListId="8c84fa94-04c1-424b-9868-57a2d4851a1d" relativeResultsDirectory="3abba89d-6f9c-4103-b9c1-b24eff53b3de" />
    <UnitTestResult executionId="233db7a2-1ca8-4a96-a9ea-103506c0b475" testId="7a2f02f2-38dc-f21f-ced5-a6bb14b1d39f" testName="TestMethod970" computerName="SUSALUJ" duration="00:00:00.0000477" startTime="2019-07-19T16:06:37.6407685+05:30" endTime="2019-07-19T16:06:37.6407685+05:30" testType="13cdc9d9-ddb5-4fa4-a97d-d965ccfc6d4b" outcome="Passed" testListId="8c84fa94-04c1-424b-9868-57a2d4851a1d" relativeResultsDirectory="233db7a2-1ca8-4a96-a9ea-103506c0b475" />
    <UnitTestResult executionId="32a84e6e-213d-44d9-9c27-f36683c66730" testId="58252538-aa9d-495e-5cd5-b82da0ddf325" testName="TestMethod448" computerName="SUSALUJ" duration="00:00:00.0000379" startTime="2019-07-19T16:06:37.8087658+05:30" endTime="2019-07-19T16:06:37.8097683+05:30" testType="13cdc9d9-ddb5-4fa4-a97d-d965ccfc6d4b" outcome="Passed" testListId="8c84fa94-04c1-424b-9868-57a2d4851a1d" relativeResultsDirectory="32a84e6e-213d-44d9-9c27-f36683c66730" />
    <UnitTestResult executionId="16ed679e-95c9-4bce-80a1-e0707b5b7d0d" testId="a281c1cf-4cbd-83fd-4875-29e6304184ce" testName="TestMethod422" computerName="SUSALUJ" duration="00:00:00.0000324" startTime="2019-07-19T16:06:37.8037660+05:30" endTime="2019-07-19T16:06:37.8037660+05:30" testType="13cdc9d9-ddb5-4fa4-a97d-d965ccfc6d4b" outcome="Passed" testListId="8c84fa94-04c1-424b-9868-57a2d4851a1d" relativeResultsDirectory="16ed679e-95c9-4bce-80a1-e0707b5b7d0d" />
    <UnitTestResult executionId="551895f8-0dff-4093-8a2a-6d71102949f3" testId="d406bc19-75a3-3b49-87d9-9611bef3a149" testName="TestMethod372" computerName="SUSALUJ" duration="00:00:00.0000360" startTime="2019-07-19T16:06:37.7907679+05:30" endTime="2019-07-19T16:06:37.7907679+05:30" testType="13cdc9d9-ddb5-4fa4-a97d-d965ccfc6d4b" outcome="Passed" testListId="8c84fa94-04c1-424b-9868-57a2d4851a1d" relativeResultsDirectory="551895f8-0dff-4093-8a2a-6d71102949f3" />
    <UnitTestResult executionId="71891d24-511f-4152-9a19-3ebf48189072" testId="eef1d5fa-f70e-9435-6c4f-65fc77d3b605" testName="TestMethod981" computerName="SUSALUJ" duration="00:00:00.0000233" startTime="2019-07-19T16:06:37.6427659+05:30" endTime="2019-07-19T16:06:37.6427659+05:30" testType="13cdc9d9-ddb5-4fa4-a97d-d965ccfc6d4b" outcome="Passed" testListId="8c84fa94-04c1-424b-9868-57a2d4851a1d" relativeResultsDirectory="71891d24-511f-4152-9a19-3ebf48189072" />
    <UnitTestResult executionId="a9b6078f-251b-4bf0-8276-e94570841d3b" testId="9a1708ae-f837-8f90-d32c-c602c615231d" testName="TestMethod476" computerName="SUSALUJ" duration="00:00:00.0000394" startTime="2019-07-19T16:06:37.7707690+05:30" endTime="2019-07-19T16:06:37.7717697+05:30" testType="13cdc9d9-ddb5-4fa4-a97d-d965ccfc6d4b" outcome="Passed" testListId="8c84fa94-04c1-424b-9868-57a2d4851a1d" relativeResultsDirectory="a9b6078f-251b-4bf0-8276-e94570841d3b" />
    <UnitTestResult executionId="e5655da8-1de3-4586-b2bf-5a818e93117f" testId="ad6256fd-49a6-5d29-9f2f-3c372f001088" testName="TestMethod243" computerName="SUSALUJ" duration="00:00:00.0000230" startTime="2019-07-19T16:06:37.8497672+05:30" endTime="2019-07-19T16:06:37.8497672+05:30" testType="13cdc9d9-ddb5-4fa4-a97d-d965ccfc6d4b" outcome="Passed" testListId="8c84fa94-04c1-424b-9868-57a2d4851a1d" relativeResultsDirectory="e5655da8-1de3-4586-b2bf-5a818e93117f" />
    <UnitTestResult executionId="f3a8073e-d4d7-41c0-8b8f-ecc44397078b" testId="dac9cf96-2207-6437-725b-7305466a449b" testName="TestMethod648" computerName="SUSALUJ" duration="00:00:00.0000291" startTime="2019-07-19T16:06:37.7237686+05:30" endTime="2019-07-19T16:06:37.7237686+05:30" testType="13cdc9d9-ddb5-4fa4-a97d-d965ccfc6d4b" outcome="Passed" testListId="8c84fa94-04c1-424b-9868-57a2d4851a1d" relativeResultsDirectory="f3a8073e-d4d7-41c0-8b8f-ecc44397078b" />
    <UnitTestResult executionId="81872d8b-31d0-41d9-b446-8f7133c97103" testId="dce8c19a-cd95-9820-a312-000e0497d5ed" testName="TestMethod103" computerName="SUSALUJ" duration="00:00:00.0000211" startTime="2019-07-19T16:06:38.0137656+05:30" endTime="2019-07-19T16:06:38.0137656+05:30" testType="13cdc9d9-ddb5-4fa4-a97d-d965ccfc6d4b" outcome="Passed" testListId="8c84fa94-04c1-424b-9868-57a2d4851a1d" relativeResultsDirectory="81872d8b-31d0-41d9-b446-8f7133c97103" />
    <UnitTestResult executionId="fbb2e3cc-2d7f-49a6-838d-5fcb4707cf94" testId="ad02a006-5a0a-4f1e-ce45-4fd9f5d0e3df" testName="TestMethod317" computerName="SUSALUJ" duration="00:00:00.0000535" startTime="2019-07-19T16:06:37.8227678+05:30" endTime="2019-07-19T16:06:37.8237681+05:30" testType="13cdc9d9-ddb5-4fa4-a97d-d965ccfc6d4b" outcome="Passed" testListId="8c84fa94-04c1-424b-9868-57a2d4851a1d" relativeResultsDirectory="fbb2e3cc-2d7f-49a6-838d-5fcb4707cf94" />
    <UnitTestResult executionId="e7d7fbc7-7ce1-47b7-9fbf-212d375ca54f" testId="e06ffeba-d059-aca0-13bd-f641f573dee2" testName="TestMethod593" computerName="SUSALUJ" duration="00:00:00.0000194" startTime="2019-07-19T16:06:37.7577661+05:30" endTime="2019-07-19T16:06:37.7577661+05:30" testType="13cdc9d9-ddb5-4fa4-a97d-d965ccfc6d4b" outcome="Passed" testListId="8c84fa94-04c1-424b-9868-57a2d4851a1d" relativeResultsDirectory="e7d7fbc7-7ce1-47b7-9fbf-212d375ca54f" />
    <UnitTestResult executionId="153db2a3-9918-463e-9ea2-1a8517a0ff59" testId="bd8000e8-4bb7-b34f-3322-24db8b37164f" testName="TestMethod898" computerName="SUSALUJ" duration="00:00:00.0000357" startTime="2019-07-19T16:06:37.6517641+05:30" endTime="2019-07-19T16:06:37.6517641+05:30" testType="13cdc9d9-ddb5-4fa4-a97d-d965ccfc6d4b" outcome="Passed" testListId="8c84fa94-04c1-424b-9868-57a2d4851a1d" relativeResultsDirectory="153db2a3-9918-463e-9ea2-1a8517a0ff59" />
    <UnitTestResult executionId="02ac9467-a708-41c6-82e0-03816f447a9c" testId="9b31f701-8322-5e52-2f1d-873773ad71b1" testName="TestMethod947" computerName="SUSALUJ" duration="00:00:00.0000396" startTime="2019-07-19T16:06:37.6617655+05:30" endTime="2019-07-19T16:06:37.6627643+05:30" testType="13cdc9d9-ddb5-4fa4-a97d-d965ccfc6d4b" outcome="Passed" testListId="8c84fa94-04c1-424b-9868-57a2d4851a1d" relativeResultsDirectory="02ac9467-a708-41c6-82e0-03816f447a9c" />
    <UnitTestResult executionId="c5ff08d6-4144-44b6-88f1-234d67b52244" testId="4dcdae58-fdaf-cc1d-331a-86b37afe9b16" testName="TestMethod343" computerName="SUSALUJ" duration="00:00:00.0000205" startTime="2019-07-19T16:06:37.8337666+05:30" endTime="2019-07-19T16:06:37.8337666+05:30" testType="13cdc9d9-ddb5-4fa4-a97d-d965ccfc6d4b" outcome="Passed" testListId="8c84fa94-04c1-424b-9868-57a2d4851a1d" relativeResultsDirectory="c5ff08d6-4144-44b6-88f1-234d67b52244" />
    <UnitTestResult executionId="6bafe1c6-3c4a-4db0-93a5-dcebfbc4d848" testId="2759ae23-e9e8-858b-c5ed-2e9bbdc77c87" testName="TestMethod371" computerName="SUSALUJ" duration="00:00:00.0000325" startTime="2019-07-19T16:06:37.7907679+05:30" endTime="2019-07-19T16:06:37.7907679+05:30" testType="13cdc9d9-ddb5-4fa4-a97d-d965ccfc6d4b" outcome="Passed" testListId="8c84fa94-04c1-424b-9868-57a2d4851a1d" relativeResultsDirectory="6bafe1c6-3c4a-4db0-93a5-dcebfbc4d848" />
    <UnitTestResult executionId="bd848f4c-7363-4960-8b3e-b0e85049d4a9" testId="d65534dd-086c-c963-96ef-21fceb425911" testName="TestMethod957" computerName="SUSALUJ" duration="00:00:00.0000345" startTime="2019-07-19T16:06:37.6637641+05:30" endTime="2019-07-19T16:06:37.6637641+05:30" testType="13cdc9d9-ddb5-4fa4-a97d-d965ccfc6d4b" outcome="Passed" testListId="8c84fa94-04c1-424b-9868-57a2d4851a1d" relativeResultsDirectory="bd848f4c-7363-4960-8b3e-b0e85049d4a9" />
    <UnitTestResult executionId="198f38c6-ede0-446e-a581-43664b82e410" testId="f61eb171-50da-2a2b-ca13-d4ed9077274d" testName="TestMethod287" computerName="SUSALUJ" duration="00:00:00.0000314" startTime="2019-07-19T16:06:37.8117663+05:30" endTime="2019-07-19T16:06:37.8117663+05:30" testType="13cdc9d9-ddb5-4fa4-a97d-d965ccfc6d4b" outcome="Passed" testListId="8c84fa94-04c1-424b-9868-57a2d4851a1d" relativeResultsDirectory="198f38c6-ede0-446e-a581-43664b82e410" />
    <UnitTestResult executionId="ff772e23-3e2f-4cd9-82e5-c0eac4e30bd0" testId="87c35dc4-1dec-41d8-5129-a1212e925b71" testName="TestMethod935" computerName="SUSALUJ" duration="00:00:00.0000389" startTime="2019-07-19T16:06:37.6597655+05:30" endTime="2019-07-19T16:06:37.6597655+05:30" testType="13cdc9d9-ddb5-4fa4-a97d-d965ccfc6d4b" outcome="Passed" testListId="8c84fa94-04c1-424b-9868-57a2d4851a1d" relativeResultsDirectory="ff772e23-3e2f-4cd9-82e5-c0eac4e30bd0" />
    <UnitTestResult executionId="fda8bce0-9fbf-4d9d-aab8-2b4c105a5cf5" testId="83f9169e-fa79-6fbf-fd57-ff77655ec499" testName="TestMethod549" computerName="SUSALUJ" duration="00:00:00.0000346" startTime="2019-07-19T16:06:37.7397664+05:30" endTime="2019-07-19T16:06:37.7397664+05:30" testType="13cdc9d9-ddb5-4fa4-a97d-d965ccfc6d4b" outcome="Passed" testListId="8c84fa94-04c1-424b-9868-57a2d4851a1d" relativeResultsDirectory="fda8bce0-9fbf-4d9d-aab8-2b4c105a5cf5" />
    <UnitTestResult executionId="3b6e42c6-8306-4876-b312-268b79c8f1f6" testId="cac267fe-fbf4-1da3-9fa6-3dc03dc118f3" testName="TestMethod101" computerName="SUSALUJ" duration="00:00:00.0000349" startTime="2019-07-19T16:06:38.0127653+05:30" endTime="2019-07-19T16:06:38.0127653+05:30" testType="13cdc9d9-ddb5-4fa4-a97d-d965ccfc6d4b" outcome="Passed" testListId="8c84fa94-04c1-424b-9868-57a2d4851a1d" relativeResultsDirectory="3b6e42c6-8306-4876-b312-268b79c8f1f6" />
    <UnitTestResult executionId="c815a96c-40e8-4fee-ab02-489d7a075b9a" testId="c95e9ddb-a6a6-1d80-1dd1-cce37ce3dde2" testName="TestMethod646" computerName="SUSALUJ" duration="00:00:00.0000210" startTime="2019-07-19T16:06:37.7227701+05:30" endTime="2019-07-19T16:06:37.7227701+05:30" testType="13cdc9d9-ddb5-4fa4-a97d-d965ccfc6d4b" outcome="Passed" testListId="8c84fa94-04c1-424b-9868-57a2d4851a1d" relativeResultsDirectory="c815a96c-40e8-4fee-ab02-489d7a075b9a" />
    <UnitTestResult executionId="3867a237-5452-47b4-ac90-5176608f98ac" testId="c60b5b1a-855f-ddf2-2fce-a2dda2f564ce" testName="TestMethod870" computerName="SUSALUJ" duration="00:00:00.0000313" startTime="2019-07-19T16:06:37.6927654+05:30" endTime="2019-07-19T16:06:37.6927654+05:30" testType="13cdc9d9-ddb5-4fa4-a97d-d965ccfc6d4b" outcome="Passed" testListId="8c84fa94-04c1-424b-9868-57a2d4851a1d" relativeResultsDirectory="3867a237-5452-47b4-ac90-5176608f98ac" />
    <UnitTestResult executionId="d1b9cb7f-830f-4bdd-a736-80291e6d02bc" testId="2e0816b3-3437-425e-6271-4231472fe7bb" testName="TestMethod283" computerName="SUSALUJ" duration="00:00:00.0000414" startTime="2019-07-19T16:06:37.8097683+05:30" endTime="2019-07-19T16:06:37.8107691+05:30" testType="13cdc9d9-ddb5-4fa4-a97d-d965ccfc6d4b" outcome="Passed" testListId="8c84fa94-04c1-424b-9868-57a2d4851a1d" relativeResultsDirectory="d1b9cb7f-830f-4bdd-a736-80291e6d02bc" />
    <UnitTestResult executionId="3b60f207-6a48-46d7-8744-43c9b0ffc4e8" testId="fe4f30bc-1fdf-6114-5b9c-983da7a4cd3b" testName="TestMethod390" computerName="SUSALUJ" duration="00:00:00.0000888" startTime="2019-07-19T16:06:37.7947670+05:30" endTime="2019-07-19T16:06:37.7947670+05:30" testType="13cdc9d9-ddb5-4fa4-a97d-d965ccfc6d4b" outcome="Passed" testListId="8c84fa94-04c1-424b-9868-57a2d4851a1d" relativeResultsDirectory="3b60f207-6a48-46d7-8744-43c9b0ffc4e8" />
    <UnitTestResult executionId="8d146c30-d70d-400a-a910-50bdb24a4b11" testId="de656884-06bc-c865-1cb8-9caa897a1ba9" testName="TestMethod368" computerName="SUSALUJ" duration="00:00:00.0000418" startTime="2019-07-19T16:06:37.7887660+05:30" endTime="2019-07-19T16:06:37.7897680+05:30" testType="13cdc9d9-ddb5-4fa4-a97d-d965ccfc6d4b" outcome="Passed" testListId="8c84fa94-04c1-424b-9868-57a2d4851a1d" relativeResultsDirectory="8d146c30-d70d-400a-a910-50bdb24a4b11" />
    <UnitTestResult executionId="ed656183-927e-4475-aebf-90454d71c385" testId="7a85750e-bcda-5c54-4171-18d39889e869" testName="TestMethod586" computerName="SUSALUJ" duration="00:00:00.0000200" startTime="2019-07-19T16:06:37.7567678+05:30" endTime="2019-07-19T16:06:37.7567678+05:30" testType="13cdc9d9-ddb5-4fa4-a97d-d965ccfc6d4b" outcome="Passed" testListId="8c84fa94-04c1-424b-9868-57a2d4851a1d" relativeResultsDirectory="ed656183-927e-4475-aebf-90454d71c385" />
    <UnitTestResult executionId="a114ffc3-233d-4434-98b9-407c7e7106ce" testId="6ff453f5-1223-2d25-c8b6-4211230bf1c6" testName="TestMethod286" computerName="SUSALUJ" duration="00:00:00.0000313" startTime="2019-07-19T16:06:37.8107691+05:30" endTime="2019-07-19T16:06:37.8117663+05:30" testType="13cdc9d9-ddb5-4fa4-a97d-d965ccfc6d4b" outcome="Passed" testListId="8c84fa94-04c1-424b-9868-57a2d4851a1d" relativeResultsDirectory="a114ffc3-233d-4434-98b9-407c7e7106ce" />
    <UnitTestResult executionId="6020b69d-d30c-4d7f-93f5-c0b59fe7c3a8" testId="b2c27937-4729-a707-5356-576017253ccd" testName="TestMethod742" computerName="SUSALUJ" duration="00:00:00.0000230" startTime="2019-07-19T16:06:37.7047657+05:30" endTime="2019-07-19T16:06:37.7047657+05:30" testType="13cdc9d9-ddb5-4fa4-a97d-d965ccfc6d4b" outcome="Passed" testListId="8c84fa94-04c1-424b-9868-57a2d4851a1d" relativeResultsDirectory="6020b69d-d30c-4d7f-93f5-c0b59fe7c3a8" />
    <UnitTestResult executionId="d8b45726-4031-4818-9d49-aed6573dacf6" testId="7691f77f-7d23-6d09-6a27-9039befec29a" testName="TestMethod211" computerName="SUSALUJ" duration="00:00:00.0000309" startTime="2019-07-19T16:06:37.8417663+05:30" endTime="2019-07-19T16:06:37.8417663+05:30" testType="13cdc9d9-ddb5-4fa4-a97d-d965ccfc6d4b" outcome="Passed" testListId="8c84fa94-04c1-424b-9868-57a2d4851a1d" relativeResultsDirectory="d8b45726-4031-4818-9d49-aed6573dacf6" />
    <UnitTestResult executionId="9bd88bb3-f06b-4379-8cb2-3630b0c8aa53" testId="b1a133e2-bb63-127f-db68-ba6dab916cde" testName="TestMethod956" computerName="SUSALUJ" duration="00:00:00.0000374" startTime="2019-07-19T16:06:37.6637641+05:30" endTime="2019-07-19T16:06:37.6637641+05:30" testType="13cdc9d9-ddb5-4fa4-a97d-d965ccfc6d4b" outcome="Passed" testListId="8c84fa94-04c1-424b-9868-57a2d4851a1d" relativeResultsDirectory="9bd88bb3-f06b-4379-8cb2-3630b0c8aa53" />
    <UnitTestResult executionId="f118639b-a374-4c5d-b2d5-b233ef2ac6c5" testId="a6d9dfc6-6817-dcd7-6452-44e3098e1ac7" testName="TestMethod983" computerName="SUSALUJ" duration="00:00:00.0003322" startTime="2019-07-19T16:06:37.6427659+05:30" endTime="2019-07-19T16:06:37.6437663+05:30" testType="13cdc9d9-ddb5-4fa4-a97d-d965ccfc6d4b" outcome="Passed" testListId="8c84fa94-04c1-424b-9868-57a2d4851a1d" relativeResultsDirectory="f118639b-a374-4c5d-b2d5-b233ef2ac6c5" />
    <UnitTestResult executionId="fce76fd7-899d-4140-adca-ff91a2185af8" testId="bb06bf78-ab21-b368-e7ef-1d7c921a2efd" testName="TestMethod982" computerName="SUSALUJ" duration="00:00:00.0000212" startTime="2019-07-19T16:06:37.6427659+05:30" endTime="2019-07-19T16:06:37.6427659+05:30" testType="13cdc9d9-ddb5-4fa4-a97d-d965ccfc6d4b" outcome="Passed" testListId="8c84fa94-04c1-424b-9868-57a2d4851a1d" relativeResultsDirectory="fce76fd7-899d-4140-adca-ff91a2185af8" />
    <UnitTestResult executionId="6691686a-ed98-4548-a161-8e813bc34b13" testId="67109af0-8fef-f227-7dc4-d5deed9c45c3" testName="TestMethod214" computerName="SUSALUJ" duration="00:00:00.0000286" startTime="2019-07-19T16:06:37.8427656+05:30" endTime="2019-07-19T16:06:37.8427656+05:30" testType="13cdc9d9-ddb5-4fa4-a97d-d965ccfc6d4b" outcome="Passed" testListId="8c84fa94-04c1-424b-9868-57a2d4851a1d" relativeResultsDirectory="6691686a-ed98-4548-a161-8e813bc34b13" />
    <UnitTestResult executionId="10a3863f-ed65-4695-a1b1-ce5afedea79c" testId="eed6059b-448f-9450-7b36-e01e8b5e1322" testName="TestMethod19" computerName="SUSALUJ" duration="00:00:00.0007813" startTime="2019-07-19T16:06:37.9937660+05:30" endTime="2019-07-19T16:06:37.9947655+05:30" testType="13cdc9d9-ddb5-4fa4-a97d-d965ccfc6d4b" outcome="Failed" testListId="8c84fa94-04c1-424b-9868-57a2d4851a1d" relativeResultsDirectory="10a3863f-ed65-4695-a1b1-ce5afedea79c">
      <Output>
        <ErrorInfo>
          <Message>Assert.AreEqual failed. Expected:&lt;2&gt;. Actual:&lt;4&gt;. </Message>
          <StackTrace>   at TestProjectWON.UnitTest1.TestMethod19() in C:\agent\_work\8\s\TestProjectWON\UnitTest1.cs:line 108&#xD;
</StackTrace>
        </ErrorInfo>
      </Output>
    </UnitTestResult>
    <UnitTestResult executionId="6f109542-c37b-43ae-a50b-34b6c2755e82" testId="7ce30dfb-2211-8640-4a16-31e97becf323" testName="TestMethod526" computerName="SUSALUJ" duration="00:00:00.0000340" startTime="2019-07-19T16:06:37.7867668+05:30" endTime="2019-07-19T16:06:37.7867668+05:30" testType="13cdc9d9-ddb5-4fa4-a97d-d965ccfc6d4b" outcome="Passed" testListId="8c84fa94-04c1-424b-9868-57a2d4851a1d" relativeResultsDirectory="6f109542-c37b-43ae-a50b-34b6c2755e82" />
    <UnitTestResult executionId="6897761e-937b-4334-bd73-860cd5686fa4" testId="30f7a855-6e4a-423e-6c06-6dbdfcea4095" testName="TestMethod459" computerName="SUSALUJ" duration="00:00:00.0000194" startTime="2019-07-19T16:06:37.7677667+05:30" endTime="2019-07-19T16:06:37.7677667+05:30" testType="13cdc9d9-ddb5-4fa4-a97d-d965ccfc6d4b" outcome="Passed" testListId="8c84fa94-04c1-424b-9868-57a2d4851a1d" relativeResultsDirectory="6897761e-937b-4334-bd73-860cd5686fa4" />
    <UnitTestResult executionId="39a4b136-a8ae-4e47-b093-aee3544577f3" testId="6459f488-7884-0802-1177-6dd19cd0b523" testName="TestMethod60" computerName="SUSALUJ" duration="00:00:00.0000299" startTime="2019-07-19T16:06:38.0027648+05:30" endTime="2019-07-19T16:06:38.0027648+05:30" testType="13cdc9d9-ddb5-4fa4-a97d-d965ccfc6d4b" outcome="Passed" testListId="8c84fa94-04c1-424b-9868-57a2d4851a1d" relativeResultsDirectory="39a4b136-a8ae-4e47-b093-aee3544577f3" />
    <UnitTestResult executionId="1388c469-bd25-4d41-83a8-a06caacd9b6f" testId="1a78a23a-08c2-bb6e-8ffb-6ac2f44d4918" testName="TestMethod911" computerName="SUSALUJ" duration="00:00:00.0000398" startTime="2019-07-19T16:06:37.6547647+05:30" endTime="2019-07-19T16:06:37.6547647+05:30" testType="13cdc9d9-ddb5-4fa4-a97d-d965ccfc6d4b" outcome="Passed" testListId="8c84fa94-04c1-424b-9868-57a2d4851a1d" relativeResultsDirectory="1388c469-bd25-4d41-83a8-a06caacd9b6f" />
    <UnitTestResult executionId="0c474536-b719-4a07-86a6-b067be6abf0f" testId="d86fc41b-b759-c6af-e706-53b3776f4824" testName="TestMethod737" computerName="SUSALUJ" duration="00:00:00.0000328" startTime="2019-07-19T16:06:37.7037646+05:30" endTime="2019-07-19T16:06:37.7037646+05:30" testType="13cdc9d9-ddb5-4fa4-a97d-d965ccfc6d4b" outcome="Passed" testListId="8c84fa94-04c1-424b-9868-57a2d4851a1d" relativeResultsDirectory="0c474536-b719-4a07-86a6-b067be6abf0f" />
    <UnitTestResult executionId="5a50522b-5e0e-4928-a044-aa3ff3c417e3" testId="82473ccf-f02c-00f7-3d86-6688287d140a" testName="TestMethod492" computerName="SUSALUJ" duration="00:00:00.0000304" startTime="2019-07-19T16:06:37.7777677+05:30" endTime="2019-07-19T16:06:37.7777677+05:30" testType="13cdc9d9-ddb5-4fa4-a97d-d965ccfc6d4b" outcome="Passed" testListId="8c84fa94-04c1-424b-9868-57a2d4851a1d" relativeResultsDirectory="5a50522b-5e0e-4928-a044-aa3ff3c417e3" />
    <UnitTestResult executionId="b833c196-8bc7-433a-a33b-7cf366530fc7" testId="cf0a29fe-1cc3-8d11-3f49-4cd9fbcd6ec4" testName="TestMethod90" computerName="SUSALUJ" duration="00:00:00.0000338" startTime="2019-07-19T16:06:38.0097654+05:30" endTime="2019-07-19T16:06:38.0097654+05:30" testType="13cdc9d9-ddb5-4fa4-a97d-d965ccfc6d4b" outcome="Passed" testListId="8c84fa94-04c1-424b-9868-57a2d4851a1d" relativeResultsDirectory="b833c196-8bc7-433a-a33b-7cf366530fc7" />
    <UnitTestResult executionId="8356460b-2ff4-41cd-bd91-9875df33c8c6" testId="df2d8e43-53ad-a069-83f3-f6ce5b005341" testName="TestMethod750" computerName="SUSALUJ" duration="00:00:00.0000211" startTime="2019-07-19T16:06:37.7067647+05:30" endTime="2019-07-19T16:06:37.7067647+05:30" testType="13cdc9d9-ddb5-4fa4-a97d-d965ccfc6d4b" outcome="Passed" testListId="8c84fa94-04c1-424b-9868-57a2d4851a1d" relativeResultsDirectory="8356460b-2ff4-41cd-bd91-9875df33c8c6" />
    <UnitTestResult executionId="e6ce2761-952f-4b4c-b175-c597d0b8be17" testId="2d1d5e6f-4d6f-c4a7-2a87-2a5c678ea792" testName="TestMethod222" computerName="SUSALUJ" duration="00:00:00.0000321" startTime="2019-07-19T16:06:37.8447660+05:30" endTime="2019-07-19T16:06:37.8447660+05:30" testType="13cdc9d9-ddb5-4fa4-a97d-d965ccfc6d4b" outcome="Passed" testListId="8c84fa94-04c1-424b-9868-57a2d4851a1d" relativeResultsDirectory="e6ce2761-952f-4b4c-b175-c597d0b8be17" />
    <UnitTestResult executionId="1512d9d9-f6ed-475b-aa73-77862c9e715b" testId="8550bcbc-6a25-480c-7196-120080b1f325" testName="TestMethod920" computerName="SUSALUJ" duration="00:00:00.0000367" startTime="2019-07-19T16:06:37.6557644+05:30" endTime="2019-07-19T16:06:37.6557644+05:30" testType="13cdc9d9-ddb5-4fa4-a97d-d965ccfc6d4b" outcome="Passed" testListId="8c84fa94-04c1-424b-9868-57a2d4851a1d" relativeResultsDirectory="1512d9d9-f6ed-475b-aa73-77862c9e715b" />
    <UnitTestResult executionId="06a97192-d43e-4bb7-98d7-8325bc671dd1" testId="c1f97e1b-9097-ee45-a128-9c8ad72fdcca" testName="TestMethod720" computerName="SUSALUJ" duration="00:00:00.0000309" startTime="2019-07-19T16:06:37.6987669+05:30" endTime="2019-07-19T16:06:37.6987669+05:30" testType="13cdc9d9-ddb5-4fa4-a97d-d965ccfc6d4b" outcome="Passed" testListId="8c84fa94-04c1-424b-9868-57a2d4851a1d" relativeResultsDirectory="06a97192-d43e-4bb7-98d7-8325bc671dd1" />
    <UnitTestResult executionId="e58c09d4-099b-4cdd-b0ff-3764e94b5a89" testId="c8975f4e-d683-dbed-6a60-cf01ca216e3c" testName="TestMethod10" computerName="SUSALUJ" duration="00:00:00.0011306" startTime="2019-07-19T16:06:37.9827653+05:30" endTime="2019-07-19T16:06:37.9847665+05:30" testType="13cdc9d9-ddb5-4fa4-a97d-d965ccfc6d4b" outcome="Failed" testListId="8c84fa94-04c1-424b-9868-57a2d4851a1d" relativeResultsDirectory="e58c09d4-099b-4cdd-b0ff-3764e94b5a89">
      <Output>
        <ErrorInfo>
          <Message>Assert.AreEqual failed. Expected:&lt;2&gt;. Actual:&lt;4&gt;. </Message>
          <StackTrace>   at TestProjectWON.UnitTest1.TestMethod10() in C:\agent\_work\8\s\TestProjectWON\UnitTest1.cs:line 63&#xD;
</StackTrace>
        </ErrorInfo>
      </Output>
    </UnitTestResult>
    <UnitTestResult executionId="c1c6e6b6-17dc-4192-bd1c-5bf4e3763b51" testId="6f432268-4ae0-5904-6da5-9b61e1dd225a" testName="TestMethod274" computerName="SUSALUJ" duration="00:00:00.0000364" startTime="2019-07-19T16:06:37.8577670+05:30" endTime="2019-07-19T16:06:37.8577670+05:30" testType="13cdc9d9-ddb5-4fa4-a97d-d965ccfc6d4b" outcome="Passed" testListId="8c84fa94-04c1-424b-9868-57a2d4851a1d" relativeResultsDirectory="c1c6e6b6-17dc-4192-bd1c-5bf4e3763b51" />
    <UnitTestResult executionId="c61edb68-2918-4775-8731-63d792326ce7" testId="8c74cf7e-2896-1468-27c7-3536171927b5" testName="TestMethod942" computerName="SUSALUJ" duration="00:00:00.0000413" startTime="2019-07-19T16:06:37.6617655+05:30" endTime="2019-07-19T16:06:37.6617655+05:30" testType="13cdc9d9-ddb5-4fa4-a97d-d965ccfc6d4b" outcome="Passed" testListId="8c84fa94-04c1-424b-9868-57a2d4851a1d" relativeResultsDirectory="c61edb68-2918-4775-8731-63d792326ce7" />
    <UnitTestResult executionId="3cd3331d-4e21-491a-960c-f69aa7ade467" testId="01edfe3a-b99c-0e95-d27d-a91e1755f99c" testName="TestMethod469" computerName="SUSALUJ" duration="00:00:00.0000300" startTime="2019-07-19T16:06:37.7697660+05:30" endTime="2019-07-19T16:06:37.7697660+05:30" testType="13cdc9d9-ddb5-4fa4-a97d-d965ccfc6d4b" outcome="Passed" testListId="8c84fa94-04c1-424b-9868-57a2d4851a1d" relativeResultsDirectory="3cd3331d-4e21-491a-960c-f69aa7ade467" />
    <UnitTestResult executionId="4e1b27c2-0ef8-4199-ac38-7dfc5208ca44" testId="b31e2842-7ff6-9c4d-5a6d-12cd5934217d" testName="TestMethod644" computerName="SUSALUJ" duration="00:00:00.0000326" startTime="2019-07-19T16:06:37.7227701+05:30" endTime="2019-07-19T16:06:37.7227701+05:30" testType="13cdc9d9-ddb5-4fa4-a97d-d965ccfc6d4b" outcome="Passed" testListId="8c84fa94-04c1-424b-9868-57a2d4851a1d" relativeResultsDirectory="4e1b27c2-0ef8-4199-ac38-7dfc5208ca44" />
    <UnitTestResult executionId="cdfafa8f-beb6-46f7-8d16-166b0833c671" testId="013564de-304c-9e60-47bd-81f0113a3344" testName="TestMethod724" computerName="SUSALUJ" duration="00:00:00.0000332" startTime="2019-07-19T16:06:37.6997667+05:30" endTime="2019-07-19T16:06:37.6997667+05:30" testType="13cdc9d9-ddb5-4fa4-a97d-d965ccfc6d4b" outcome="Passed" testListId="8c84fa94-04c1-424b-9868-57a2d4851a1d" relativeResultsDirectory="cdfafa8f-beb6-46f7-8d16-166b0833c671" />
    <UnitTestResult executionId="a737cee0-5c0c-4e97-b355-dca81440c122" testId="20f99fd0-80df-b89a-accb-7db6e1941309" testName="TestMethod24" computerName="SUSALUJ" duration="00:00:00.0008915" startTime="2019-07-19T16:06:37.9987638+05:30" endTime="2019-07-19T16:06:37.9997647+05:30" testType="13cdc9d9-ddb5-4fa4-a97d-d965ccfc6d4b" outcome="Failed" testListId="8c84fa94-04c1-424b-9868-57a2d4851a1d" relativeResultsDirectory="a737cee0-5c0c-4e97-b355-dca81440c122">
      <Output>
        <ErrorInfo>
          <Message>Assert.AreEqual failed. Expected:&lt;2&gt;. Actual:&lt;4&gt;. </Message>
          <StackTrace>   at TestProjectWON.UnitTest1.TestMethod24() in C:\agent\_work\8\s\TestProjectWON\UnitTest1.cs:line 133&#xD;
</StackTrace>
        </ErrorInfo>
      </Output>
    </UnitTestResult>
    <UnitTestResult executionId="0a56d773-737e-4785-a2ba-e07bb3bbbc7e" testId="5e96792b-e316-edd5-78c3-2dcaa7810f05" testName="TestMethod407" computerName="SUSALUJ" duration="00:00:00.0000358" startTime="2019-07-19T16:06:37.7997673+05:30" endTime="2019-07-19T16:06:37.7997673+05:30" testType="13cdc9d9-ddb5-4fa4-a97d-d965ccfc6d4b" outcome="Passed" testListId="8c84fa94-04c1-424b-9868-57a2d4851a1d" relativeResultsDirectory="0a56d773-737e-4785-a2ba-e07bb3bbbc7e" />
    <UnitTestResult executionId="367dfcf3-12c7-4358-b9c2-0a63f20ecd04" testId="7fc6826c-87db-5ff0-61d5-9f5afa16c335" testName="TestMethod68" computerName="SUSALUJ" duration="00:00:00.0000205" startTime="2019-07-19T16:06:38.0047671+05:30" endTime="2019-07-19T16:06:38.0047671+05:30" testType="13cdc9d9-ddb5-4fa4-a97d-d965ccfc6d4b" outcome="Passed" testListId="8c84fa94-04c1-424b-9868-57a2d4851a1d" relativeResultsDirectory="367dfcf3-12c7-4358-b9c2-0a63f20ecd04" />
    <UnitTestResult executionId="bb15f71e-690d-41a5-a35e-c42371e28a12" testId="58b88055-de12-a0ba-7add-061dbee24322" testName="TestMethod635" computerName="SUSALUJ" duration="00:00:00.0000314" startTime="2019-07-19T16:06:37.7187656+05:30" endTime="2019-07-19T16:06:37.7187656+05:30" testType="13cdc9d9-ddb5-4fa4-a97d-d965ccfc6d4b" outcome="Passed" testListId="8c84fa94-04c1-424b-9868-57a2d4851a1d" relativeResultsDirectory="bb15f71e-690d-41a5-a35e-c42371e28a12" />
    <UnitTestResult executionId="2f454eb5-2eea-4ee6-9531-144fe2570264" testId="1406500a-04ca-57f0-a5cb-8c6eb46c5bb0" testName="TestMethod924" computerName="SUSALUJ" duration="00:00:00.0000297" startTime="2019-07-19T16:06:37.6567635+05:30" endTime="2019-07-19T16:06:37.6567635+05:30" testType="13cdc9d9-ddb5-4fa4-a97d-d965ccfc6d4b" outcome="Passed" testListId="8c84fa94-04c1-424b-9868-57a2d4851a1d" relativeResultsDirectory="2f454eb5-2eea-4ee6-9531-144fe2570264" />
    <UnitTestResult executionId="7154f208-3e80-4b44-97be-6959d19e5a24" testId="23389cd4-cd53-51f9-ea03-100b46c66dea" testName="TestMethod923" computerName="SUSALUJ" duration="00:00:00.0000545" startTime="2019-07-19T16:06:37.6567635+05:30" endTime="2019-07-19T16:06:37.6567635+05:30" testType="13cdc9d9-ddb5-4fa4-a97d-d965ccfc6d4b" outcome="Passed" testListId="8c84fa94-04c1-424b-9868-57a2d4851a1d" relativeResultsDirectory="7154f208-3e80-4b44-97be-6959d19e5a24" />
    <UnitTestResult executionId="c0f9f2cf-e769-4556-b579-b40bb8f9e1b1" testId="57086ece-c5ec-0298-49d3-4c7171b38604" testName="TestMethod166" computerName="SUSALUJ" duration="00:00:00.0000194" startTime="2019-07-19T16:06:37.8747667+05:30" endTime="2019-07-19T16:06:37.8747667+05:30" testType="13cdc9d9-ddb5-4fa4-a97d-d965ccfc6d4b" outcome="Passed" testListId="8c84fa94-04c1-424b-9868-57a2d4851a1d" relativeResultsDirectory="c0f9f2cf-e769-4556-b579-b40bb8f9e1b1" />
    <UnitTestResult executionId="da4788a3-ad58-462c-b1d5-729da7c7906e" testId="10e1bc78-0868-7148-438c-65de1acdb194" testName="TestMethod620" computerName="SUSALUJ" duration="00:00:00.0000201" startTime="2019-07-19T16:06:37.7147647+05:30" endTime="2019-07-19T16:06:37.7147647+05:30" testType="13cdc9d9-ddb5-4fa4-a97d-d965ccfc6d4b" outcome="Passed" testListId="8c84fa94-04c1-424b-9868-57a2d4851a1d" relativeResultsDirectory="da4788a3-ad58-462c-b1d5-729da7c7906e" />
    <UnitTestResult executionId="0baa58be-887d-4016-b9f5-31d4efca0e59" testId="4765fad6-3a2e-3331-c764-b27e0bb9a9e9" testName="TestMethod857" computerName="SUSALUJ" duration="00:00:00.0000322" startTime="2019-07-19T16:06:37.6887678+05:30" endTime="2019-07-19T16:06:37.6887678+05:30" testType="13cdc9d9-ddb5-4fa4-a97d-d965ccfc6d4b" outcome="Passed" testListId="8c84fa94-04c1-424b-9868-57a2d4851a1d" relativeResultsDirectory="0baa58be-887d-4016-b9f5-31d4efca0e59" />
    <UnitTestResult executionId="a8d0aff5-94ee-4617-a964-121aacd7d7a7" testId="fa94c605-7efa-54ce-b849-37cdbf4948d5" testName="TestMethod475" computerName="SUSALUJ" duration="00:00:00.0000198" startTime="2019-07-19T16:06:37.7707690+05:30" endTime="2019-07-19T16:06:37.7707690+05:30" testType="13cdc9d9-ddb5-4fa4-a97d-d965ccfc6d4b" outcome="Passed" testListId="8c84fa94-04c1-424b-9868-57a2d4851a1d" relativeResultsDirectory="a8d0aff5-94ee-4617-a964-121aacd7d7a7" />
    <UnitTestResult executionId="e55b6bcf-495d-4f64-8243-40a5ccfe7cce" testId="a76ae674-56b4-d457-d0b5-04f908ea39dd" testName="TestMethod238" computerName="SUSALUJ" duration="00:00:00.0000333" startTime="2019-07-19T16:06:37.8477651+05:30" endTime="2019-07-19T16:06:37.8477651+05:30" testType="13cdc9d9-ddb5-4fa4-a97d-d965ccfc6d4b" outcome="Passed" testListId="8c84fa94-04c1-424b-9868-57a2d4851a1d" relativeResultsDirectory="e55b6bcf-495d-4f64-8243-40a5ccfe7cce" />
    <UnitTestResult executionId="867ab0c7-4ed3-487b-866d-39d53f203d48" testId="be6cfbcd-fd17-0ef0-41e0-69cc79bb01b4" testName="TestMethod310" computerName="SUSALUJ" duration="00:00:00.0001631" startTime="2019-07-19T16:06:37.8177685+05:30" endTime="2019-07-19T16:06:37.8187665+05:30" testType="13cdc9d9-ddb5-4fa4-a97d-d965ccfc6d4b" outcome="Passed" testListId="8c84fa94-04c1-424b-9868-57a2d4851a1d" relativeResultsDirectory="867ab0c7-4ed3-487b-866d-39d53f203d48" />
    <UnitTestResult executionId="bb054648-3ace-4557-aa47-d0a18389610f" testId="9411755a-ed03-1bd5-6a9e-ae7adc109c39" testName="TestMethod640" computerName="SUSALUJ" duration="00:00:00.0000473" startTime="2019-07-19T16:06:37.7207659+05:30" endTime="2019-07-19T16:06:37.7207659+05:30" testType="13cdc9d9-ddb5-4fa4-a97d-d965ccfc6d4b" outcome="Passed" testListId="8c84fa94-04c1-424b-9868-57a2d4851a1d" relativeResultsDirectory="bb054648-3ace-4557-aa47-d0a18389610f" />
    <UnitTestResult executionId="c528a475-94a3-4112-8d6a-a17f4197660b" testId="ccea9d13-a40c-5163-21a5-c1d7585383c5" testName="TestMethod248" computerName="SUSALUJ" duration="00:00:00.0000257" startTime="2019-07-19T16:06:37.8507693+05:30" endTime="2019-07-19T16:06:37.8507693+05:30" testType="13cdc9d9-ddb5-4fa4-a97d-d965ccfc6d4b" outcome="Passed" testListId="8c84fa94-04c1-424b-9868-57a2d4851a1d" relativeResultsDirectory="c528a475-94a3-4112-8d6a-a17f4197660b" />
    <UnitTestResult executionId="2b30689b-1da0-4466-8ba9-fdec465423a7" testId="7fd6ee50-38fb-1f6d-2981-36624ef9879d" testName="TestMethod415" computerName="SUSALUJ" duration="00:00:00.0000252" startTime="2019-07-19T16:06:37.8017682+05:30" endTime="2019-07-19T16:06:37.8017682+05:30" testType="13cdc9d9-ddb5-4fa4-a97d-d965ccfc6d4b" outcome="Passed" testListId="8c84fa94-04c1-424b-9868-57a2d4851a1d" relativeResultsDirectory="2b30689b-1da0-4466-8ba9-fdec465423a7" />
    <UnitTestResult executionId="60d78c4d-2f07-4894-a6d7-32501b3007e0" testId="660e17c7-b163-10b3-51cd-c804422c0956" testName="TestMethod538" computerName="SUSALUJ" duration="00:00:00.0000206" startTime="2019-07-19T16:06:37.7377654+05:30" endTime="2019-07-19T16:06:37.7377654+05:30" testType="13cdc9d9-ddb5-4fa4-a97d-d965ccfc6d4b" outcome="Passed" testListId="8c84fa94-04c1-424b-9868-57a2d4851a1d" relativeResultsDirectory="60d78c4d-2f07-4894-a6d7-32501b3007e0" />
    <UnitTestResult executionId="9343d36a-4777-4d37-9c87-2dc6d149f5b8" testId="308ca403-a995-1c08-e22b-951d92c43d55" testName="TestMethod524" computerName="SUSALUJ" duration="00:00:00.0000290" startTime="2019-07-19T16:06:37.7857670+05:30" endTime="2019-07-19T16:06:37.7857670+05:30" testType="13cdc9d9-ddb5-4fa4-a97d-d965ccfc6d4b" outcome="Passed" testListId="8c84fa94-04c1-424b-9868-57a2d4851a1d" relativeResultsDirectory="9343d36a-4777-4d37-9c87-2dc6d149f5b8" />
    <UnitTestResult executionId="1d55a069-b012-46a9-a074-147a11c3202e" testId="b0434887-dfe7-2162-06e6-63d560525e39" testName="TestMethod824" computerName="SUSALUJ" duration="00:00:00.0000340" startTime="2019-07-19T16:06:37.6737681+05:30" endTime="2019-07-19T16:06:37.6737681+05:30" testType="13cdc9d9-ddb5-4fa4-a97d-d965ccfc6d4b" outcome="Passed" testListId="8c84fa94-04c1-424b-9868-57a2d4851a1d" relativeResultsDirectory="1d55a069-b012-46a9-a074-147a11c3202e" />
    <UnitTestResult executionId="a3965a71-daa9-4375-b187-18de5d99dc22" testId="871f8fb2-ea4c-5888-ad3a-806fd772a2ef" testName="TestMethod288" computerName="SUSALUJ" duration="00:00:00.0000311" startTime="2019-07-19T16:06:37.8117663+05:30" endTime="2019-07-19T16:06:37.8117663+05:30" testType="13cdc9d9-ddb5-4fa4-a97d-d965ccfc6d4b" outcome="Passed" testListId="8c84fa94-04c1-424b-9868-57a2d4851a1d" relativeResultsDirectory="a3965a71-daa9-4375-b187-18de5d99dc22" />
    <UnitTestResult executionId="1361ea34-397c-4c1e-9225-684f5dcc8719" testId="67beb0a5-9a00-f41f-5cc7-9b2212ae231b" testName="TestMethod327" computerName="SUSALUJ" duration="00:00:00.0000496" startTime="2019-07-19T16:06:37.8277680+05:30" endTime="2019-07-19T16:06:37.8287683+05:30" testType="13cdc9d9-ddb5-4fa4-a97d-d965ccfc6d4b" outcome="Passed" testListId="8c84fa94-04c1-424b-9868-57a2d4851a1d" relativeResultsDirectory="1361ea34-397c-4c1e-9225-684f5dcc8719" />
    <UnitTestResult executionId="af9e6cb6-a4d4-4100-aa25-6df70fbeff5c" testId="acaf8f11-c094-5279-81da-147803acc234" testName="TestMethod70" computerName="SUSALUJ" duration="00:00:00.0000271" startTime="2019-07-19T16:06:38.0057659+05:30" endTime="2019-07-19T16:06:38.0057659+05:30" testType="13cdc9d9-ddb5-4fa4-a97d-d965ccfc6d4b" outcome="Passed" testListId="8c84fa94-04c1-424b-9868-57a2d4851a1d" relativeResultsDirectory="af9e6cb6-a4d4-4100-aa25-6df70fbeff5c" />
    <UnitTestResult executionId="0adce80b-316c-4aec-a621-88f0f33ab2f1" testId="eab68e72-788f-cfb8-63fb-af574cc69c45" testName="TestMethod150" computerName="SUSALUJ" duration="00:00:00.0000370" startTime="2019-07-19T16:06:37.8707678+05:30" endTime="2019-07-19T16:06:37.8717655+05:30" testType="13cdc9d9-ddb5-4fa4-a97d-d965ccfc6d4b" outcome="Passed" testListId="8c84fa94-04c1-424b-9868-57a2d4851a1d" relativeResultsDirectory="0adce80b-316c-4aec-a621-88f0f33ab2f1" />
    <UnitTestResult executionId="47f52308-41f3-4cee-8394-34d5c4b3df0f" testId="733bba28-25fb-6fce-b007-e45f68595c31" testName="TestMethod619" computerName="SUSALUJ" duration="00:00:00.0000207" startTime="2019-07-19T16:06:37.7147647+05:30" endTime="2019-07-19T16:06:37.7147647+05:30" testType="13cdc9d9-ddb5-4fa4-a97d-d965ccfc6d4b" outcome="Passed" testListId="8c84fa94-04c1-424b-9868-57a2d4851a1d" relativeResultsDirectory="47f52308-41f3-4cee-8394-34d5c4b3df0f" />
    <UnitTestResult executionId="d9b06ead-29f8-4fce-a909-ae158592901e" testId="22668868-cc5e-c587-36dd-f0bf4a7c2632" testName="TestMethod227" computerName="SUSALUJ" duration="00:00:00.0000195" startTime="2019-07-19T16:06:37.8457651+05:30" endTime="2019-07-19T16:06:37.8457651+05:30" testType="13cdc9d9-ddb5-4fa4-a97d-d965ccfc6d4b" outcome="Passed" testListId="8c84fa94-04c1-424b-9868-57a2d4851a1d" relativeResultsDirectory="d9b06ead-29f8-4fce-a909-ae158592901e" />
    <UnitTestResult executionId="29e83f77-8fc6-4503-9c6c-748a6b56a703" testId="aad36528-8d2a-1d3c-586a-4fb6d835d445" testName="TestMethod556" computerName="SUSALUJ" duration="00:00:00.0000414" startTime="2019-07-19T16:06:37.7427677+05:30" endTime="2019-07-19T16:06:37.7427677+05:30" testType="13cdc9d9-ddb5-4fa4-a97d-d965ccfc6d4b" outcome="Passed" testListId="8c84fa94-04c1-424b-9868-57a2d4851a1d" relativeResultsDirectory="29e83f77-8fc6-4503-9c6c-748a6b56a703" />
    <UnitTestResult executionId="7927c671-99c0-459c-8608-6a7564021b98" testId="7768534f-3a50-2837-2cf8-d7b19ea18fad" testName="TestMethod713" computerName="SUSALUJ" duration="00:00:00.0000304" startTime="2019-07-19T16:06:37.6967662+05:30" endTime="2019-07-19T16:06:37.6967662+05:30" testType="13cdc9d9-ddb5-4fa4-a97d-d965ccfc6d4b" outcome="Passed" testListId="8c84fa94-04c1-424b-9868-57a2d4851a1d" relativeResultsDirectory="7927c671-99c0-459c-8608-6a7564021b98" />
    <UnitTestResult executionId="490ef476-2136-4ffa-a3c3-7602ba2403fe" testId="3d23eb83-5147-5672-17a2-324762625540" testName="TestMethod278" computerName="SUSALUJ" duration="00:00:00.0000225" startTime="2019-07-19T16:06:37.8597666+05:30" endTime="2019-07-19T16:06:37.8597666+05:30" testType="13cdc9d9-ddb5-4fa4-a97d-d965ccfc6d4b" outcome="Passed" testListId="8c84fa94-04c1-424b-9868-57a2d4851a1d" relativeResultsDirectory="490ef476-2136-4ffa-a3c3-7602ba2403fe" />
    <UnitTestResult executionId="56ea3e2e-723a-4135-ba1d-1bdb6a83379a" testId="2e1f8d7c-0d69-963e-a895-e1ab673267fe" testName="TestMethod736" computerName="SUSALUJ" duration="00:00:00.0000331" startTime="2019-07-19T16:06:37.7027652+05:30" endTime="2019-07-19T16:06:37.7037646+05:30" testType="13cdc9d9-ddb5-4fa4-a97d-d965ccfc6d4b" outcome="Passed" testListId="8c84fa94-04c1-424b-9868-57a2d4851a1d" relativeResultsDirectory="56ea3e2e-723a-4135-ba1d-1bdb6a83379a" />
    <UnitTestResult executionId="bf1e7304-1711-4a3d-ac90-9db8d53afc3a" testId="649576d9-84f0-7dc5-d235-0e115e5d175e" testName="TestMethod552" computerName="SUSALUJ" duration="00:00:00.0000234" startTime="2019-07-19T16:06:37.7407652+05:30" endTime="2019-07-19T16:06:37.7407652+05:30" testType="13cdc9d9-ddb5-4fa4-a97d-d965ccfc6d4b" outcome="Passed" testListId="8c84fa94-04c1-424b-9868-57a2d4851a1d" relativeResultsDirectory="bf1e7304-1711-4a3d-ac90-9db8d53afc3a" />
    <UnitTestResult executionId="2164dfed-48cb-47b8-b7cb-71f62b86846b" testId="255f854d-5b78-3942-dbc3-8c841af0d680" testName="TestMethod263" computerName="SUSALUJ" duration="00:00:00.0000310" startTime="2019-07-19T16:06:37.8547660+05:30" endTime="2019-07-19T16:06:37.8547660+05:30" testType="13cdc9d9-ddb5-4fa4-a97d-d965ccfc6d4b" outcome="Passed" testListId="8c84fa94-04c1-424b-9868-57a2d4851a1d" relativeResultsDirectory="2164dfed-48cb-47b8-b7cb-71f62b86846b" />
    <UnitTestResult executionId="73901a28-0490-40fa-a08f-087d8f4fe747" testId="8b0d2482-3a7f-1fdf-a586-a0235ce9594d" testName="TestMethod344" computerName="SUSALUJ" duration="00:00:00.0000200" startTime="2019-07-19T16:06:37.8337666+05:30" endTime="2019-07-19T16:06:37.8337666+05:30" testType="13cdc9d9-ddb5-4fa4-a97d-d965ccfc6d4b" outcome="Passed" testListId="8c84fa94-04c1-424b-9868-57a2d4851a1d" relativeResultsDirectory="73901a28-0490-40fa-a08f-087d8f4fe747" />
    <UnitTestResult executionId="d6a9b7e1-0068-4f88-982a-841f37e341f6" testId="7cba5e7d-77d4-9489-5959-bb5f1dfd111c" testName="TestMethod535" computerName="SUSALUJ" duration="00:00:00.0004377" startTime="2019-07-19T16:06:37.7367682+05:30" endTime="2019-07-19T16:06:37.7377654+05:30" testType="13cdc9d9-ddb5-4fa4-a97d-d965ccfc6d4b" outcome="Passed" testListId="8c84fa94-04c1-424b-9868-57a2d4851a1d" relativeResultsDirectory="d6a9b7e1-0068-4f88-982a-841f37e341f6" />
    <UnitTestResult executionId="a0bd7b65-ef19-49e4-9c39-b8b66807cbb5" testId="34c16ea6-9bb7-002e-203b-a16772c42316" testName="TestMethod191" computerName="SUSALUJ" duration="00:00:00.0000542" startTime="2019-07-19T16:06:37.8837692+05:30" endTime="2019-07-19T16:06:37.8847703+05:30" testType="13cdc9d9-ddb5-4fa4-a97d-d965ccfc6d4b" outcome="Passed" testListId="8c84fa94-04c1-424b-9868-57a2d4851a1d" relativeResultsDirectory="a0bd7b65-ef19-49e4-9c39-b8b66807cbb5" />
    <UnitTestResult executionId="887ffa4a-28cc-4dd3-938a-06978200da3c" testId="d0835474-54a2-68b1-7f10-3e1e88991a85" testName="TestMethod922" computerName="SUSALUJ" duration="00:00:00.0003600" startTime="2019-07-19T16:06:37.6557644+05:30" endTime="2019-07-19T16:06:37.6567635+05:30" testType="13cdc9d9-ddb5-4fa4-a97d-d965ccfc6d4b" outcome="Passed" testListId="8c84fa94-04c1-424b-9868-57a2d4851a1d" relativeResultsDirectory="887ffa4a-28cc-4dd3-938a-06978200da3c" />
    <UnitTestResult executionId="dfa1d32b-9b7e-4a54-9603-478ead778b4b" testId="9b757f88-a3c7-150e-d2d4-f6a632127186" testName="TestMethod802" computerName="SUSALUJ" duration="00:00:00.0000299" startTime="2019-07-19T16:06:37.6677667+05:30" endTime="2019-07-19T16:06:37.6677667+05:30" testType="13cdc9d9-ddb5-4fa4-a97d-d965ccfc6d4b" outcome="Passed" testListId="8c84fa94-04c1-424b-9868-57a2d4851a1d" relativeResultsDirectory="dfa1d32b-9b7e-4a54-9603-478ead778b4b" />
    <UnitTestResult executionId="de59260c-4b68-4647-a770-e4e5949979fc" testId="e85b2f4b-9415-e5ab-d943-269429563998" testName="TestMethod421" computerName="SUSALUJ" duration="00:00:00.0000323" startTime="2019-07-19T16:06:37.8027667+05:30" endTime="2019-07-19T16:06:37.8037660+05:30" testType="13cdc9d9-ddb5-4fa4-a97d-d965ccfc6d4b" outcome="Passed" testListId="8c84fa94-04c1-424b-9868-57a2d4851a1d" relativeResultsDirectory="de59260c-4b68-4647-a770-e4e5949979fc" />
    <UnitTestResult executionId="02682a33-c28e-40c2-bac8-274359be97cb" testId="89d94204-6859-08fd-f562-7b24bf2cea08" testName="TestMethod628" computerName="SUSALUJ" duration="00:00:00.0000290" startTime="2019-07-19T16:06:37.7167655+05:30" endTime="2019-07-19T16:06:37.7167655+05:30" testType="13cdc9d9-ddb5-4fa4-a97d-d965ccfc6d4b" outcome="Passed" testListId="8c84fa94-04c1-424b-9868-57a2d4851a1d" relativeResultsDirectory="02682a33-c28e-40c2-bac8-274359be97cb" />
    <UnitTestResult executionId="ac160f0d-1ae1-45d5-9738-75559a6fb369" testId="6ec108b0-9a8f-beb1-0bb5-ae3aab850ce1" testName="TestMethod758" computerName="SUSALUJ" duration="00:00:00.0000227" startTime="2019-07-19T16:06:37.7077661+05:30" endTime="2019-07-19T16:06:37.7077661+05:30" testType="13cdc9d9-ddb5-4fa4-a97d-d965ccfc6d4b" outcome="Passed" testListId="8c84fa94-04c1-424b-9868-57a2d4851a1d" relativeResultsDirectory="ac160f0d-1ae1-45d5-9738-75559a6fb369" />
    <UnitTestResult executionId="f716df68-0208-46b8-8984-ad8555472afb" testId="44559b3b-4bc0-9b19-46d5-68aa01a0837e" testName="TestMethod847" computerName="SUSALUJ" duration="00:00:00.0000264" startTime="2019-07-19T16:06:37.6857641+05:30" endTime="2019-07-19T16:06:37.6857641+05:30" testType="13cdc9d9-ddb5-4fa4-a97d-d965ccfc6d4b" outcome="Passed" testListId="8c84fa94-04c1-424b-9868-57a2d4851a1d" relativeResultsDirectory="f716df68-0208-46b8-8984-ad8555472afb" />
    <UnitTestResult executionId="fea26f0c-deb9-4a32-af36-e73e5a3bc802" testId="7d16c53f-5b8c-20c1-78c0-f6a7c53570e6" testName="TestMethod715" computerName="SUSALUJ" duration="00:00:00.0000292" startTime="2019-07-19T16:06:37.6977660+05:30" endTime="2019-07-19T16:06:37.6977660+05:30" testType="13cdc9d9-ddb5-4fa4-a97d-d965ccfc6d4b" outcome="Passed" testListId="8c84fa94-04c1-424b-9868-57a2d4851a1d" relativeResultsDirectory="fea26f0c-deb9-4a32-af36-e73e5a3bc802" />
    <UnitTestResult executionId="7e59df4d-2b62-4081-a84b-6e6165eb434a" testId="daad17bb-4bfd-057d-d1e1-35e885fba814" testName="TestMethod789" computerName="SUSALUJ" duration="00:00:00.0000511" startTime="2019-07-19T16:06:37.6637641+05:30" endTime="2019-07-19T16:06:37.6647633+05:30" testType="13cdc9d9-ddb5-4fa4-a97d-d965ccfc6d4b" outcome="Passed" testListId="8c84fa94-04c1-424b-9868-57a2d4851a1d" relativeResultsDirectory="7e59df4d-2b62-4081-a84b-6e6165eb434a" />
    <UnitTestResult executionId="de57e8b4-f600-4a74-857b-f02089499a21" testId="2dff8873-00f4-28a3-c516-856502cf3b22" testName="TestMethod497" computerName="SUSALUJ" duration="00:00:00.0000351" startTime="2019-07-19T16:06:37.7787670+05:30" endTime="2019-07-19T16:06:37.7787670+05:30" testType="13cdc9d9-ddb5-4fa4-a97d-d965ccfc6d4b" outcome="Passed" testListId="8c84fa94-04c1-424b-9868-57a2d4851a1d" relativeResultsDirectory="de57e8b4-f600-4a74-857b-f02089499a21" />
    <UnitTestResult executionId="0c1be7f0-0339-4040-af74-6994dba30694" testId="e1f831ed-918d-20f9-012c-486e00c41ebe" testName="TestMethod652" computerName="SUSALUJ" duration="00:00:00.0000195" startTime="2019-07-19T16:06:37.7237686+05:30" endTime="2019-07-19T16:06:37.7237686+05:30" testType="13cdc9d9-ddb5-4fa4-a97d-d965ccfc6d4b" outcome="Passed" testListId="8c84fa94-04c1-424b-9868-57a2d4851a1d" relativeResultsDirectory="0c1be7f0-0339-4040-af74-6994dba30694" />
    <UnitTestResult executionId="95432054-e7b5-40e3-8d31-cf0a0e6e8c5d" testId="3c13ee82-e608-9899-ac6f-555a0ec9a575" testName="TestMethod721" computerName="SUSALUJ" duration="00:00:00.0000241" startTime="2019-07-19T16:06:37.6987669+05:30" endTime="2019-07-19T16:06:37.6987669+05:30" testType="13cdc9d9-ddb5-4fa4-a97d-d965ccfc6d4b" outcome="Passed" testListId="8c84fa94-04c1-424b-9868-57a2d4851a1d" relativeResultsDirectory="95432054-e7b5-40e3-8d31-cf0a0e6e8c5d" />
    <UnitTestResult executionId="b87c048d-fc5b-448c-8def-208c03257b9b" testId="2b61d3f8-d8ea-6d9c-6e2f-000e0f355baa" testName="TestMethod396" computerName="SUSALUJ" duration="00:00:00.0000255" startTime="2019-07-19T16:06:37.7967650+05:30" endTime="2019-07-19T16:06:37.7967650+05:30" testType="13cdc9d9-ddb5-4fa4-a97d-d965ccfc6d4b" outcome="Passed" testListId="8c84fa94-04c1-424b-9868-57a2d4851a1d" relativeResultsDirectory="b87c048d-fc5b-448c-8def-208c03257b9b" />
    <UnitTestResult executionId="4bc989cf-95d5-46af-8942-48d0853060eb" testId="25f6a734-66c9-8e52-5315-839b41d0d581" testName="TestMethod106" computerName="SUSALUJ" duration="00:00:00.0000403" startTime="2019-07-19T16:06:38.0137656+05:30" endTime="2019-07-19T16:06:38.0147654+05:30" testType="13cdc9d9-ddb5-4fa4-a97d-d965ccfc6d4b" outcome="Passed" testListId="8c84fa94-04c1-424b-9868-57a2d4851a1d" relativeResultsDirectory="4bc989cf-95d5-46af-8942-48d0853060eb" />
    <UnitTestResult executionId="732ceb4f-83f2-40a2-a075-c1e5d3ee8610" testId="176670fb-1d4e-426f-b470-5d27087647a7" testName="TestMethod428" computerName="SUSALUJ" duration="00:00:00.0000247" startTime="2019-07-19T16:06:37.8047702+05:30" endTime="2019-07-19T16:06:37.8047702+05:30" testType="13cdc9d9-ddb5-4fa4-a97d-d965ccfc6d4b" outcome="Passed" testListId="8c84fa94-04c1-424b-9868-57a2d4851a1d" relativeResultsDirectory="732ceb4f-83f2-40a2-a075-c1e5d3ee8610" />
    <UnitTestResult executionId="267d375d-8095-40db-a1cc-4ebc69e2e73a" testId="3f116c1c-2f15-b2f9-d71d-e760323e39a9" testName="TestMethod505" computerName="SUSALUJ" duration="00:00:00.0000388" startTime="2019-07-19T16:06:37.7797659+05:30" endTime="2019-07-19T16:06:37.7807681+05:30" testType="13cdc9d9-ddb5-4fa4-a97d-d965ccfc6d4b" outcome="Passed" testListId="8c84fa94-04c1-424b-9868-57a2d4851a1d" relativeResultsDirectory="267d375d-8095-40db-a1cc-4ebc69e2e73a" />
    <UnitTestResult executionId="e73cb5c7-e7e8-4a42-8867-65105e7cb51c" testId="72120e5b-d1bc-e3c6-fa74-d580fd378075" testName="TestMethod154" computerName="SUSALUJ" duration="00:00:00.0000342" startTime="2019-07-19T16:06:37.8727656+05:30" endTime="2019-07-19T16:06:37.8727656+05:30" testType="13cdc9d9-ddb5-4fa4-a97d-d965ccfc6d4b" outcome="Passed" testListId="8c84fa94-04c1-424b-9868-57a2d4851a1d" relativeResultsDirectory="e73cb5c7-e7e8-4a42-8867-65105e7cb51c" />
    <UnitTestResult executionId="478977cb-5166-49ca-90a2-0bdcfc0ae81a" testId="2f4e268f-1d7b-cb93-a667-6924f4c56a4a" testName="TestMethod520" computerName="SUSALUJ" duration="00:00:00.0000327" startTime="2019-07-19T16:06:37.7847659+05:30" endTime="2019-07-19T16:06:37.7847659+05:30" testType="13cdc9d9-ddb5-4fa4-a97d-d965ccfc6d4b" outcome="Passed" testListId="8c84fa94-04c1-424b-9868-57a2d4851a1d" relativeResultsDirectory="478977cb-5166-49ca-90a2-0bdcfc0ae81a" />
    <UnitTestResult executionId="67d328e2-501d-4134-88a6-e182f39e2d24" testId="37a64d9d-0a25-9518-8a0e-a42d1be2ee81" testName="TestMethod949" computerName="SUSALUJ" duration="00:00:00.0000403" startTime="2019-07-19T16:06:37.6627643+05:30" endTime="2019-07-19T16:06:37.6627643+05:30" testType="13cdc9d9-ddb5-4fa4-a97d-d965ccfc6d4b" outcome="Passed" testListId="8c84fa94-04c1-424b-9868-57a2d4851a1d" relativeResultsDirectory="67d328e2-501d-4134-88a6-e182f39e2d24" />
    <UnitTestResult executionId="7b0d699d-89d7-42f0-bc52-1b65c418bcea" testId="de7e5580-3bcf-d7fc-1403-c097971fccaa" testName="TestMethod871" computerName="SUSALUJ" duration="00:00:00.0000555" startTime="2019-07-19T16:06:37.6927654+05:30" endTime="2019-07-19T16:06:37.6937656+05:30" testType="13cdc9d9-ddb5-4fa4-a97d-d965ccfc6d4b" outcome="Passed" testListId="8c84fa94-04c1-424b-9868-57a2d4851a1d" relativeResultsDirectory="7b0d699d-89d7-42f0-bc52-1b65c418bcea" />
    <UnitTestResult executionId="f79e1eff-8d7f-4ea9-be75-01244f787402" testId="5f3be311-9b81-e806-895c-29723d762942" testName="TestMethod324" computerName="SUSALUJ" duration="00:00:00.0000578" startTime="2019-07-19T16:06:37.8267684+05:30" endTime="2019-07-19T16:06:37.8267684+05:30" testType="13cdc9d9-ddb5-4fa4-a97d-d965ccfc6d4b" outcome="Passed" testListId="8c84fa94-04c1-424b-9868-57a2d4851a1d" relativeResultsDirectory="f79e1eff-8d7f-4ea9-be75-01244f787402" />
    <UnitTestResult executionId="0ec45089-cb34-4102-99ac-93c526794261" testId="5214e039-aa1f-da9c-191c-0e382c774369" testName="TestMethod735" computerName="SUSALUJ" duration="00:00:00.0000317" startTime="2019-07-19T16:06:37.7027652+05:30" endTime="2019-07-19T16:06:37.7027652+05:30" testType="13cdc9d9-ddb5-4fa4-a97d-d965ccfc6d4b" outcome="Passed" testListId="8c84fa94-04c1-424b-9868-57a2d4851a1d" relativeResultsDirectory="0ec45089-cb34-4102-99ac-93c526794261" />
    <UnitTestResult executionId="f647e473-d686-486b-a351-3daaec53c691" testId="e3444bb7-a660-f537-cb8c-fe8bebcfd07e" testName="TestMethod123" computerName="SUSALUJ" duration="00:00:00.0000258" startTime="2019-07-19T16:06:37.8627650+05:30" endTime="2019-07-19T16:06:37.8627650+05:30" testType="13cdc9d9-ddb5-4fa4-a97d-d965ccfc6d4b" outcome="Passed" testListId="8c84fa94-04c1-424b-9868-57a2d4851a1d" relativeResultsDirectory="f647e473-d686-486b-a351-3daaec53c691" />
    <UnitTestResult executionId="033d9271-4401-464d-bdc5-d10a1e8c561c" testId="213bb916-ceed-426e-96b4-3a3ab34937e0" testName="TestMethod441" computerName="SUSALUJ" duration="00:00:00.0000193" startTime="2019-07-19T16:06:37.8077669+05:30" endTime="2019-07-19T16:06:37.8077669+05:30" testType="13cdc9d9-ddb5-4fa4-a97d-d965ccfc6d4b" outcome="Passed" testListId="8c84fa94-04c1-424b-9868-57a2d4851a1d" relativeResultsDirectory="033d9271-4401-464d-bdc5-d10a1e8c561c" />
    <UnitTestResult executionId="48c86ea0-004a-4f32-a4c3-b738c7d51351" testId="dfc76857-5068-fa73-5484-889d9772bdb5" testName="TestMethod411" computerName="SUSALUJ" duration="00:00:00.0000446" startTime="2019-07-19T16:06:37.8007703+05:30" endTime="2019-07-19T16:06:37.8007703+05:30" testType="13cdc9d9-ddb5-4fa4-a97d-d965ccfc6d4b" outcome="Passed" testListId="8c84fa94-04c1-424b-9868-57a2d4851a1d" relativeResultsDirectory="48c86ea0-004a-4f32-a4c3-b738c7d51351" />
    <UnitTestResult executionId="1200583d-4102-475e-83e1-445156acfc0c" testId="f75cfd19-d979-aaa4-6587-b071f5eb5243" testName="TestMethod431" computerName="SUSALUJ" duration="00:00:00.0000244" startTime="2019-07-19T16:06:37.8057667+05:30" endTime="2019-07-19T16:06:37.8057667+05:30" testType="13cdc9d9-ddb5-4fa4-a97d-d965ccfc6d4b" outcome="Passed" testListId="8c84fa94-04c1-424b-9868-57a2d4851a1d" relativeResultsDirectory="1200583d-4102-475e-83e1-445156acfc0c" />
    <UnitTestResult executionId="650993d3-4c66-487f-933b-ece8abfba432" testId="f4a374c3-e0ad-712b-b4bf-3aff2797104a" testName="TestMethod332" computerName="SUSALUJ" duration="00:00:00.0000314" startTime="2019-07-19T16:06:37.8307675+05:30" endTime="2019-07-19T16:06:37.8307675+05:30" testType="13cdc9d9-ddb5-4fa4-a97d-d965ccfc6d4b" outcome="Passed" testListId="8c84fa94-04c1-424b-9868-57a2d4851a1d" relativeResultsDirectory="650993d3-4c66-487f-933b-ece8abfba432" />
    <UnitTestResult executionId="1de90e68-2beb-42f2-abda-9e1717cdbc1f" testId="4438e3ce-2809-702e-3732-90329641fb1d" testName="TestMethod779" computerName="SUSALUJ" duration="00:00:00.0000207" startTime="2019-07-19T16:06:37.7127657+05:30" endTime="2019-07-19T16:06:37.7127657+05:30" testType="13cdc9d9-ddb5-4fa4-a97d-d965ccfc6d4b" outcome="Passed" testListId="8c84fa94-04c1-424b-9868-57a2d4851a1d" relativeResultsDirectory="1de90e68-2beb-42f2-abda-9e1717cdbc1f" />
    <UnitTestResult executionId="8e3d7765-906c-437d-9276-a315a03ae29c" testId="9ecc4488-c093-5cb0-bb44-c25e1278f8dc" testName="TestMethod386" computerName="SUSALUJ" duration="00:00:00.0000203" startTime="2019-07-19T16:06:37.7937690+05:30" endTime="2019-07-19T16:06:37.7937690+05:30" testType="13cdc9d9-ddb5-4fa4-a97d-d965ccfc6d4b" outcome="Passed" testListId="8c84fa94-04c1-424b-9868-57a2d4851a1d" relativeResultsDirectory="8e3d7765-906c-437d-9276-a315a03ae29c" />
    <UnitTestResult executionId="17fd993b-8124-4672-95cd-4271b93363af" testId="f5749084-ca45-11f0-7dbf-28c0be376a6b" testName="TestMethod691" computerName="SUSALUJ" duration="00:00:00.0000324" startTime="2019-07-19T16:06:37.7337660+05:30" endTime="2019-07-19T16:06:37.7337660+05:30" testType="13cdc9d9-ddb5-4fa4-a97d-d965ccfc6d4b" outcome="Passed" testListId="8c84fa94-04c1-424b-9868-57a2d4851a1d" relativeResultsDirectory="17fd993b-8124-4672-95cd-4271b93363af" />
    <UnitTestResult executionId="37be96d5-df9e-4580-85f4-e3a18130ed03" testId="3ff2e93f-f004-ea7a-6360-9e7eb2f35e5e" testName="TestMethod838" computerName="SUSALUJ" duration="00:00:00.0004428" startTime="2019-07-19T16:06:37.6837657+05:30" endTime="2019-07-19T16:06:37.6847657+05:30" testType="13cdc9d9-ddb5-4fa4-a97d-d965ccfc6d4b" outcome="Passed" testListId="8c84fa94-04c1-424b-9868-57a2d4851a1d" relativeResultsDirectory="37be96d5-df9e-4580-85f4-e3a18130ed03" />
    <UnitTestResult executionId="ebcec6e4-080c-4743-ba9c-4b0f12b2ab68" testId="c9f26089-c5aa-618d-de33-937b4286e297" testName="TestMethod907" computerName="SUSALUJ" duration="00:00:00.0000287" startTime="2019-07-19T16:06:37.6537640+05:30" endTime="2019-07-19T16:06:37.6537640+05:30" testType="13cdc9d9-ddb5-4fa4-a97d-d965ccfc6d4b" outcome="Passed" testListId="8c84fa94-04c1-424b-9868-57a2d4851a1d" relativeResultsDirectory="ebcec6e4-080c-4743-ba9c-4b0f12b2ab68" />
    <UnitTestResult executionId="6c54dc87-aefa-4675-b7ce-756efb785d7c" testId="81d85a0a-5c8d-3d71-55aa-39f722463aa3" testName="TestMethod977" computerName="SUSALUJ" duration="00:00:00.0000206" startTime="2019-07-19T16:06:37.6417651+05:30" endTime="2019-07-19T16:06:37.6417651+05:30" testType="13cdc9d9-ddb5-4fa4-a97d-d965ccfc6d4b" outcome="Passed" testListId="8c84fa94-04c1-424b-9868-57a2d4851a1d" relativeResultsDirectory="6c54dc87-aefa-4675-b7ce-756efb785d7c" />
    <UnitTestResult executionId="38c2cc90-7e06-4826-8265-30f2bf4e5830" testId="5011fa05-fc7a-5b36-1a94-4fac9b8df85f" testName="TestMethod859" computerName="SUSALUJ" duration="00:00:00.0000311" startTime="2019-07-19T16:06:37.6897656+05:30" endTime="2019-07-19T16:06:37.6897656+05:30" testType="13cdc9d9-ddb5-4fa4-a97d-d965ccfc6d4b" outcome="Passed" testListId="8c84fa94-04c1-424b-9868-57a2d4851a1d" relativeResultsDirectory="38c2cc90-7e06-4826-8265-30f2bf4e5830" />
    <UnitTestResult executionId="768800d1-6ce3-43dc-acb6-bbbf72e5b3cd" testId="2ddc613f-8f4d-2a7d-21f8-6782a493c660" testName="TestMethod351" computerName="SUSALUJ" duration="00:00:00.0000282" startTime="2019-07-19T16:06:37.8347655+05:30" endTime="2019-07-19T16:06:37.8347655+05:30" testType="13cdc9d9-ddb5-4fa4-a97d-d965ccfc6d4b" outcome="Passed" testListId="8c84fa94-04c1-424b-9868-57a2d4851a1d" relativeResultsDirectory="768800d1-6ce3-43dc-acb6-bbbf72e5b3cd" />
    <UnitTestResult executionId="583aa2aa-919a-4a5b-809f-ec532ed198fb" testId="c6237c9e-4fed-9131-54bd-29c3415d618e" testName="TestMethod501" computerName="SUSALUJ" duration="00:00:00.0000274" startTime="2019-07-19T16:06:37.7797659+05:30" endTime="2019-07-19T16:06:37.7797659+05:30" testType="13cdc9d9-ddb5-4fa4-a97d-d965ccfc6d4b" outcome="Passed" testListId="8c84fa94-04c1-424b-9868-57a2d4851a1d" relativeResultsDirectory="583aa2aa-919a-4a5b-809f-ec532ed198fb" />
    <UnitTestResult executionId="b600769c-4d82-402e-8a4e-50eafc90af8c" testId="ada0d990-bf19-2979-ac19-f69288f0b373" testName="TestMethod783" computerName="SUSALUJ" duration="00:00:00.0000293" startTime="2019-07-19T16:06:37.7127657+05:30" endTime="2019-07-19T16:06:37.7127657+05:30" testType="13cdc9d9-ddb5-4fa4-a97d-d965ccfc6d4b" outcome="Passed" testListId="8c84fa94-04c1-424b-9868-57a2d4851a1d" relativeResultsDirectory="b600769c-4d82-402e-8a4e-50eafc90af8c" />
    <UnitTestResult executionId="5d8f097f-374e-4ad9-9a51-991a950ee4b3" testId="24d246a1-d992-e6f0-a37e-a3955455c9c0" testName="TestMethod268" computerName="SUSALUJ" duration="00:00:00.0000317" startTime="2019-07-19T16:06:37.8557676+05:30" endTime="2019-07-19T16:06:37.8567660+05:30" testType="13cdc9d9-ddb5-4fa4-a97d-d965ccfc6d4b" outcome="Passed" testListId="8c84fa94-04c1-424b-9868-57a2d4851a1d" relativeResultsDirectory="5d8f097f-374e-4ad9-9a51-991a950ee4b3" />
    <UnitTestResult executionId="42b19956-9ffb-4d3a-82b1-e2833db511d6" testId="5eb94d51-5c62-aaf6-cb61-c1c5957e95cc" testName="TestMethod217" computerName="SUSALUJ" duration="00:00:00.0000561" startTime="2019-07-19T16:06:37.8427656+05:30" endTime="2019-07-19T16:06:37.8437660+05:30" testType="13cdc9d9-ddb5-4fa4-a97d-d965ccfc6d4b" outcome="Passed" testListId="8c84fa94-04c1-424b-9868-57a2d4851a1d" relativeResultsDirectory="42b19956-9ffb-4d3a-82b1-e2833db511d6" />
    <UnitTestResult executionId="d6ed1465-4a73-4b8d-9820-90192481a70e" testId="9e5a279b-b204-4074-d4ac-7c9708d47756" testName="TestMethod389" computerName="SUSALUJ" duration="00:00:00.0000294" startTime="2019-07-19T16:06:37.7947670+05:30" endTime="2019-07-19T16:06:37.7947670+05:30" testType="13cdc9d9-ddb5-4fa4-a97d-d965ccfc6d4b" outcome="Passed" testListId="8c84fa94-04c1-424b-9868-57a2d4851a1d" relativeResultsDirectory="d6ed1465-4a73-4b8d-9820-90192481a70e" />
    <UnitTestResult executionId="10c079b7-9e0a-4e26-aec9-9115127777e7" testId="4dd705b4-7906-f919-391b-5a84eba0a39f" testName="TestMethod968" computerName="SUSALUJ" duration="00:00:00.0000936" startTime="2019-07-19T16:06:37.6397670+05:30" endTime="2019-07-19T16:06:37.6397670+05:30" testType="13cdc9d9-ddb5-4fa4-a97d-d965ccfc6d4b" outcome="Passed" testListId="8c84fa94-04c1-424b-9868-57a2d4851a1d" relativeResultsDirectory="10c079b7-9e0a-4e26-aec9-9115127777e7" />
    <UnitTestResult executionId="20a84e69-4761-490d-9b35-8706c1b43cb0" testId="bab4333c-e207-8e2f-7baa-448842489a21" testName="TestMethod992" computerName="SUSALUJ" duration="00:00:00.0000404" startTime="2019-07-19T16:06:37.6457674+05:30" endTime="2019-07-19T16:06:37.6457674+05:30" testType="13cdc9d9-ddb5-4fa4-a97d-d965ccfc6d4b" outcome="Passed" testListId="8c84fa94-04c1-424b-9868-57a2d4851a1d" relativeResultsDirectory="20a84e69-4761-490d-9b35-8706c1b43cb0" />
    <UnitTestResult executionId="0280228c-f5dc-4d7b-9619-836ad3721ca1" testId="779fb846-f62f-b29d-4159-92284b7f2f4a" testName="TestMethod760" computerName="SUSALUJ" duration="00:00:00.0000207" startTime="2019-07-19T16:06:37.7077661+05:30" endTime="2019-07-19T16:06:37.7087655+05:30" testType="13cdc9d9-ddb5-4fa4-a97d-d965ccfc6d4b" outcome="Passed" testListId="8c84fa94-04c1-424b-9868-57a2d4851a1d" relativeResultsDirectory="0280228c-f5dc-4d7b-9619-836ad3721ca1" />
    <UnitTestResult executionId="7dc070ef-2584-4b0e-ba71-4d4995b1d2bf" testId="b12b36db-b715-1ac4-2405-36b1f5db9819" testName="TestMethod84" computerName="SUSALUJ" duration="00:00:00.0000229" startTime="2019-07-19T16:06:38.0087660+05:30" endTime="2019-07-19T16:06:38.0087660+05:30" testType="13cdc9d9-ddb5-4fa4-a97d-d965ccfc6d4b" outcome="Passed" testListId="8c84fa94-04c1-424b-9868-57a2d4851a1d" relativeResultsDirectory="7dc070ef-2584-4b0e-ba71-4d4995b1d2bf" />
    <UnitTestResult executionId="50b53c0c-fc62-42b2-9e12-726875bbc515" testId="b9b754c8-f714-8344-be20-9f6c2138c38b" testName="TestMethod542" computerName="SUSALUJ" duration="00:00:00.0000301" startTime="2019-07-19T16:06:37.7387668+05:30" endTime="2019-07-19T16:06:37.7387668+05:30" testType="13cdc9d9-ddb5-4fa4-a97d-d965ccfc6d4b" outcome="Passed" testListId="8c84fa94-04c1-424b-9868-57a2d4851a1d" relativeResultsDirectory="50b53c0c-fc62-42b2-9e12-726875bbc515" />
    <UnitTestResult executionId="f81baea0-920c-4210-bd3b-def6c364b139" testId="12b17b7e-341f-b93e-6db1-d2ed9a5134c7" testName="TestMethod641" computerName="SUSALUJ" duration="00:00:00.0000515" startTime="2019-07-19T16:06:37.7207659+05:30" endTime="2019-07-19T16:06:37.7217673+05:30" testType="13cdc9d9-ddb5-4fa4-a97d-d965ccfc6d4b" outcome="Passed" testListId="8c84fa94-04c1-424b-9868-57a2d4851a1d" relativeResultsDirectory="f81baea0-920c-4210-bd3b-def6c364b139" />
    <UnitTestResult executionId="a7fde043-a092-49d9-94d1-8f7e3fcc0410" testId="0b6e2ee6-2114-984f-bada-a3b5ed5e083c" testName="TestMethod155" computerName="SUSALUJ" duration="00:00:00.0000327" startTime="2019-07-19T16:06:37.8727656+05:30" endTime="2019-07-19T16:06:37.8727656+05:30" testType="13cdc9d9-ddb5-4fa4-a97d-d965ccfc6d4b" outcome="Passed" testListId="8c84fa94-04c1-424b-9868-57a2d4851a1d" relativeResultsDirectory="a7fde043-a092-49d9-94d1-8f7e3fcc0410" />
    <UnitTestResult executionId="cb9c9820-d2b3-4fa6-9830-681c26cc855f" testId="ecc5ab88-aabd-5a27-aa7c-5aba009bc1c4" testName="TestMethod958" computerName="SUSALUJ" duration="00:00:00.0000373" startTime="2019-07-19T16:06:37.6637641+05:30" endTime="2019-07-19T16:06:37.6637641+05:30" testType="13cdc9d9-ddb5-4fa4-a97d-d965ccfc6d4b" outcome="Passed" testListId="8c84fa94-04c1-424b-9868-57a2d4851a1d" relativeResultsDirectory="cb9c9820-d2b3-4fa6-9830-681c26cc855f" />
    <UnitTestResult executionId="25c25171-9dce-4c68-a6cf-74eea212709c" testId="e2286503-c885-d75f-9066-b03417418d83" testName="TestMethod102" computerName="SUSALUJ" duration="00:00:00.0000267" startTime="2019-07-19T16:06:38.0127653+05:30" endTime="2019-07-19T16:06:38.0137656+05:30" testType="13cdc9d9-ddb5-4fa4-a97d-d965ccfc6d4b" outcome="Passed" testListId="8c84fa94-04c1-424b-9868-57a2d4851a1d" relativeResultsDirectory="25c25171-9dce-4c68-a6cf-74eea212709c" />
    <UnitTestResult executionId="800e547a-ecb9-4479-80c3-19fe43f818a2" testId="5ca335a4-1c06-7672-db8c-7ad200989c3c" testName="TestMethod512" computerName="SUSALUJ" duration="00:00:00.0000211" startTime="2019-07-19T16:06:37.7817667+05:30" endTime="2019-07-19T16:06:37.7817667+05:30" testType="13cdc9d9-ddb5-4fa4-a97d-d965ccfc6d4b" outcome="Passed" testListId="8c84fa94-04c1-424b-9868-57a2d4851a1d" relativeResultsDirectory="800e547a-ecb9-4479-80c3-19fe43f818a2" />
    <UnitTestResult executionId="4b87f2c2-e108-4d27-a180-b2d979f07934" testId="c8ad081e-6f99-2cf6-df04-fd222c5d7700" testName="TestMethod690" computerName="SUSALUJ" duration="00:00:00.0004555" startTime="2019-07-19T16:06:37.7327662+05:30" endTime="2019-07-19T16:06:37.7337660+05:30" testType="13cdc9d9-ddb5-4fa4-a97d-d965ccfc6d4b" outcome="Passed" testListId="8c84fa94-04c1-424b-9868-57a2d4851a1d" relativeResultsDirectory="4b87f2c2-e108-4d27-a180-b2d979f07934" />
    <UnitTestResult executionId="01b13dfc-2d72-44cb-b91b-4ef8f28cb6f4" testId="164f4c8e-81cc-4a2e-4c6f-0c91ccec14ab" testName="TestMethod748" computerName="SUSALUJ" duration="00:00:00.0000480" startTime="2019-07-19T16:06:37.7057690+05:30" endTime="2019-07-19T16:06:37.7057690+05:30" testType="13cdc9d9-ddb5-4fa4-a97d-d965ccfc6d4b" outcome="Passed" testListId="8c84fa94-04c1-424b-9868-57a2d4851a1d" relativeResultsDirectory="01b13dfc-2d72-44cb-b91b-4ef8f28cb6f4" />
    <UnitTestResult executionId="92824316-53fe-4aec-9531-925ba7ff7f9a" testId="86af2605-ad50-3b2e-3ed9-5900a4915214" testName="TestMethod743" computerName="SUSALUJ" duration="00:00:00.0000211" startTime="2019-07-19T16:06:37.7047657+05:30" endTime="2019-07-19T16:06:37.7047657+05:30" testType="13cdc9d9-ddb5-4fa4-a97d-d965ccfc6d4b" outcome="Passed" testListId="8c84fa94-04c1-424b-9868-57a2d4851a1d" relativeResultsDirectory="92824316-53fe-4aec-9531-925ba7ff7f9a" />
    <UnitTestResult executionId="2664f5b7-9a60-4f6f-8e56-dc5960fc50d5" testId="840dc1d5-7578-107a-64ec-eb6ccac07a43" testName="TestMethod233" computerName="SUSALUJ" duration="00:00:00.0000321" startTime="2019-07-19T16:06:37.8467650+05:30" endTime="2019-07-19T16:06:37.8467650+05:30" testType="13cdc9d9-ddb5-4fa4-a97d-d965ccfc6d4b" outcome="Passed" testListId="8c84fa94-04c1-424b-9868-57a2d4851a1d" relativeResultsDirectory="2664f5b7-9a60-4f6f-8e56-dc5960fc50d5" />
    <UnitTestResult executionId="31d89eae-8c71-432b-ab2b-b460d91ed1f3" testId="adb9a7e1-50d7-ee31-9947-792b6887d4a5" testName="TestMethod489" computerName="SUSALUJ" duration="00:00:00.0000365" startTime="2019-07-19T16:06:37.7767691+05:30" endTime="2019-07-19T16:06:37.7767691+05:30" testType="13cdc9d9-ddb5-4fa4-a97d-d965ccfc6d4b" outcome="Passed" testListId="8c84fa94-04c1-424b-9868-57a2d4851a1d" relativeResultsDirectory="31d89eae-8c71-432b-ab2b-b460d91ed1f3" />
    <UnitTestResult executionId="ebc564e0-4f35-4e49-a85a-b12287394b81" testId="18a0ff0a-ac1a-a9d5-81ad-858aef9a2757" testName="TestMethod810" computerName="SUSALUJ" duration="00:00:00.0000461" startTime="2019-07-19T16:06:37.6687665+05:30" endTime="2019-07-19T16:06:37.6697666+05:30" testType="13cdc9d9-ddb5-4fa4-a97d-d965ccfc6d4b" outcome="Passed" testListId="8c84fa94-04c1-424b-9868-57a2d4851a1d" relativeResultsDirectory="ebc564e0-4f35-4e49-a85a-b12287394b81" />
    <UnitTestResult executionId="4e51f31e-61bc-4355-8a8c-f728a04721fa" testId="3f7d169c-1c92-efb0-f94c-315afeaae0a1" testName="TestMethod97" computerName="SUSALUJ" duration="00:00:00.0000266" startTime="2019-07-19T16:06:38.0117641+05:30" endTime="2019-07-19T16:06:38.0117641+05:30" testType="13cdc9d9-ddb5-4fa4-a97d-d965ccfc6d4b" outcome="Passed" testListId="8c84fa94-04c1-424b-9868-57a2d4851a1d" relativeResultsDirectory="4e51f31e-61bc-4355-8a8c-f728a04721fa" />
    <UnitTestResult executionId="2028e46e-93a9-4ba6-b579-45fbf3e6d0d3" testId="e25db0a7-077f-add3-a7d0-917882ca41b5" testName="TestMethod293" computerName="SUSALUJ" duration="00:00:00.0000222" startTime="2019-07-19T16:06:37.8127688+05:30" endTime="2019-07-19T16:06:37.8127688+05:30" testType="13cdc9d9-ddb5-4fa4-a97d-d965ccfc6d4b" outcome="Passed" testListId="8c84fa94-04c1-424b-9868-57a2d4851a1d" relativeResultsDirectory="2028e46e-93a9-4ba6-b579-45fbf3e6d0d3" />
    <UnitTestResult executionId="38616805-a87d-40bc-96c1-54e23aa65cd5" testId="64c450da-7a60-5814-dbb9-6e570bc6322b" testName="TestMethod813" computerName="SUSALUJ" duration="00:00:00.0000356" startTime="2019-07-19T16:06:37.6697666+05:30" endTime="2019-07-19T16:06:37.6707665+05:30" testType="13cdc9d9-ddb5-4fa4-a97d-d965ccfc6d4b" outcome="Passed" testListId="8c84fa94-04c1-424b-9868-57a2d4851a1d" relativeResultsDirectory="38616805-a87d-40bc-96c1-54e23aa65cd5" />
    <UnitTestResult executionId="1c04dace-b1f1-4dd2-a323-49a29b2e1cc5" testId="edaf2d5a-d6de-d234-0de7-8249b2681bd2" testName="TestMethod59" computerName="SUSALUJ" duration="00:00:00.0000279" startTime="2019-07-19T16:06:38.0027648+05:30" endTime="2019-07-19T16:06:38.0027648+05:30" testType="13cdc9d9-ddb5-4fa4-a97d-d965ccfc6d4b" outcome="Passed" testListId="8c84fa94-04c1-424b-9868-57a2d4851a1d" relativeResultsDirectory="1c04dace-b1f1-4dd2-a323-49a29b2e1cc5" />
    <UnitTestResult executionId="310bd43a-1027-4840-a9bb-9da1f0549857" testId="1de7457f-b5a2-1f57-0603-f569ba66865a" testName="TestMethod63" computerName="SUSALUJ" duration="00:00:00.0000342" startTime="2019-07-19T16:06:38.0037666+05:30" endTime="2019-07-19T16:06:38.0037666+05:30" testType="13cdc9d9-ddb5-4fa4-a97d-d965ccfc6d4b" outcome="Passed" testListId="8c84fa94-04c1-424b-9868-57a2d4851a1d" relativeResultsDirectory="310bd43a-1027-4840-a9bb-9da1f0549857" />
    <UnitTestResult executionId="75eb76b6-250e-42da-8b29-c4517e645773" testId="3b8e6c08-50b1-29ab-a284-f4c5f19ab0fe" testName="TestMethod350" computerName="SUSALUJ" duration="00:00:00.0000305" startTime="2019-07-19T16:06:37.8347655+05:30" endTime="2019-07-19T16:06:37.8347655+05:30" testType="13cdc9d9-ddb5-4fa4-a97d-d965ccfc6d4b" outcome="Passed" testListId="8c84fa94-04c1-424b-9868-57a2d4851a1d" relativeResultsDirectory="75eb76b6-250e-42da-8b29-c4517e645773" />
    <UnitTestResult executionId="2a84fb6f-6875-4585-a8a0-552bc7ab6d83" testId="5c4b9025-70ac-dd5f-337c-a3936f51c0c9" testName="TestMethod128" computerName="SUSALUJ" duration="00:00:00.0000226" startTime="2019-07-19T16:06:37.8637664+05:30" endTime="2019-07-19T16:06:37.8637664+05:30" testType="13cdc9d9-ddb5-4fa4-a97d-d965ccfc6d4b" outcome="Passed" testListId="8c84fa94-04c1-424b-9868-57a2d4851a1d" relativeResultsDirectory="2a84fb6f-6875-4585-a8a0-552bc7ab6d83" />
    <UnitTestResult executionId="1083679b-6fdf-497b-9edb-b624a7389eb2" testId="7ed00c63-b206-d22d-b036-c81acaffec65" testName="TestMethod591" computerName="SUSALUJ" duration="00:00:00.0000215" startTime="2019-07-19T16:06:37.7577661+05:30" endTime="2019-07-19T16:06:37.7577661+05:30" testType="13cdc9d9-ddb5-4fa4-a97d-d965ccfc6d4b" outcome="Passed" testListId="8c84fa94-04c1-424b-9868-57a2d4851a1d" relativeResultsDirectory="1083679b-6fdf-497b-9edb-b624a7389eb2" />
    <UnitTestResult executionId="0aab990a-6bab-4f0b-9a13-8161ec45b400" testId="cacdbc78-b13e-992e-95ba-f4e74853ded7" testName="TestMethod659" computerName="SUSALUJ" duration="00:00:00.0000333" startTime="2019-07-19T16:06:37.7257687+05:30" endTime="2019-07-19T16:06:37.7257687+05:30" testType="13cdc9d9-ddb5-4fa4-a97d-d965ccfc6d4b" outcome="Passed" testListId="8c84fa94-04c1-424b-9868-57a2d4851a1d" relativeResultsDirectory="0aab990a-6bab-4f0b-9a13-8161ec45b400" />
    <UnitTestResult executionId="ee662171-fe18-4e6b-9826-be65c83c6ccd" testId="0982bbc2-1c72-d9d0-5afb-0ccc4ad492e3" testName="TestMethod762" computerName="SUSALUJ" duration="00:00:00.0000197" startTime="2019-07-19T16:06:37.7087655+05:30" endTime="2019-07-19T16:06:37.7087655+05:30" testType="13cdc9d9-ddb5-4fa4-a97d-d965ccfc6d4b" outcome="Passed" testListId="8c84fa94-04c1-424b-9868-57a2d4851a1d" relativeResultsDirectory="ee662171-fe18-4e6b-9826-be65c83c6ccd" />
    <UnitTestResult executionId="569dc375-1e3e-4bd3-b08a-b36d5b38c4cf" testId="d93eba36-2b78-21a5-e34e-0946c9c2d8a6" testName="TestMethod801" computerName="SUSALUJ" duration="00:00:00.0000450" startTime="2019-07-19T16:06:37.6667668+05:30" endTime="2019-07-19T16:06:37.6677667+05:30" testType="13cdc9d9-ddb5-4fa4-a97d-d965ccfc6d4b" outcome="Passed" testListId="8c84fa94-04c1-424b-9868-57a2d4851a1d" relativeResultsDirectory="569dc375-1e3e-4bd3-b08a-b36d5b38c4cf" />
    <UnitTestResult executionId="3f37685b-db6e-4587-af58-05d39297610c" testId="50648593-5c3d-50ee-5e8d-50b8b362b51e" testName="TestMethod22" computerName="SUSALUJ" duration="00:00:00.0006714" startTime="2019-07-19T16:06:37.9967663+05:30" endTime="2019-07-19T16:06:37.9977657+05:30" testType="13cdc9d9-ddb5-4fa4-a97d-d965ccfc6d4b" outcome="Failed" testListId="8c84fa94-04c1-424b-9868-57a2d4851a1d" relativeResultsDirectory="3f37685b-db6e-4587-af58-05d39297610c">
      <Output>
        <ErrorInfo>
          <Message>Assert.AreEqual failed. Expected:&lt;2&gt;. Actual:&lt;4&gt;. </Message>
          <StackTrace>   at TestProjectWON.UnitTest1.TestMethod22() in C:\agent\_work\8\s\TestProjectWON\UnitTest1.cs:line 123&#xD;
</StackTrace>
        </ErrorInfo>
      </Output>
    </UnitTestResult>
    <UnitTestResult executionId="c0f73814-2cfd-405a-bafd-770134b31911" testId="c620e2d6-530c-58b3-510d-820d526ceb4b" testName="TestMethod78" computerName="SUSALUJ" duration="00:00:00.0000315" startTime="2019-07-19T16:06:38.0067645+05:30" endTime="2019-07-19T16:06:38.0067645+05:30" testType="13cdc9d9-ddb5-4fa4-a97d-d965ccfc6d4b" outcome="Passed" testListId="8c84fa94-04c1-424b-9868-57a2d4851a1d" relativeResultsDirectory="c0f73814-2cfd-405a-bafd-770134b31911" />
    <UnitTestResult executionId="5bc5c83a-cd56-4176-a7e8-315b8afbda67" testId="5ae7d4be-ba8d-cec7-7292-630f0d9fb493" testName="TestMethod519" computerName="SUSALUJ" duration="00:00:00.0000468" startTime="2019-07-19T16:06:37.7837671+05:30" endTime="2019-07-19T16:06:37.7847659+05:30" testType="13cdc9d9-ddb5-4fa4-a97d-d965ccfc6d4b" outcome="Passed" testListId="8c84fa94-04c1-424b-9868-57a2d4851a1d" relativeResultsDirectory="5bc5c83a-cd56-4176-a7e8-315b8afbda67" />
    <UnitTestResult executionId="df4ebefe-7888-45e5-8e46-47678e01fccf" testId="5bfa0415-d410-d5d9-e938-8abefaeaacba" testName="TestMethod694" computerName="SUSALUJ" duration="00:00:00.0000540" startTime="2019-07-19T16:06:37.7347667+05:30" endTime="2019-07-19T16:06:37.7347667+05:30" testType="13cdc9d9-ddb5-4fa4-a97d-d965ccfc6d4b" outcome="Passed" testListId="8c84fa94-04c1-424b-9868-57a2d4851a1d" relativeResultsDirectory="df4ebefe-7888-45e5-8e46-47678e01fccf" />
    <UnitTestResult executionId="1bd16e8c-d92c-48a6-b1d7-a54c173207a9" testId="33acf123-59fe-0dab-7f15-41863e67a38d" testName="TestMethod894" computerName="SUSALUJ" duration="00:00:00.0000365" startTime="2019-07-19T16:06:37.6507645+05:30" endTime="2019-07-19T16:06:37.6517641+05:30" testType="13cdc9d9-ddb5-4fa4-a97d-d965ccfc6d4b" outcome="Passed" testListId="8c84fa94-04c1-424b-9868-57a2d4851a1d" relativeResultsDirectory="1bd16e8c-d92c-48a6-b1d7-a54c173207a9" />
    <UnitTestResult executionId="49e231ba-dc85-492d-8843-85ee3d721650" testId="0c7b2fd2-8b48-db79-5988-9d72354f73e1" testName="TestMethod206" computerName="SUSALUJ" duration="00:00:00.0000220" startTime="2019-07-19T16:06:37.8407656+05:30" endTime="2019-07-19T16:06:37.8407656+05:30" testType="13cdc9d9-ddb5-4fa4-a97d-d965ccfc6d4b" outcome="Passed" testListId="8c84fa94-04c1-424b-9868-57a2d4851a1d" relativeResultsDirectory="49e231ba-dc85-492d-8843-85ee3d721650" />
    <UnitTestResult executionId="75589669-afb8-419f-933f-9750c6bf1229" testId="3870fe70-e481-71d1-9c6b-e2b124a39ef8" testName="TestMethod305" computerName="SUSALUJ" duration="00:00:00.0000367" startTime="2019-07-19T16:06:37.8157674+05:30" endTime="2019-07-19T16:06:37.8157674+05:30" testType="13cdc9d9-ddb5-4fa4-a97d-d965ccfc6d4b" outcome="Passed" testListId="8c84fa94-04c1-424b-9868-57a2d4851a1d" relativeResultsDirectory="75589669-afb8-419f-933f-9750c6bf1229" />
    <UnitTestResult executionId="19f0391e-ce80-4983-87a3-23b4ceb6b6d7" testId="d07997d8-3ad9-b5cb-508e-dc6b69f27ae6" testName="TestMethod985" computerName="SUSALUJ" duration="00:00:00.0000288" startTime="2019-07-19T16:06:37.6437663+05:30" endTime="2019-07-19T16:06:37.6437663+05:30" testType="13cdc9d9-ddb5-4fa4-a97d-d965ccfc6d4b" outcome="Passed" testListId="8c84fa94-04c1-424b-9868-57a2d4851a1d" relativeResultsDirectory="19f0391e-ce80-4983-87a3-23b4ceb6b6d7" />
    <UnitTestResult executionId="c856ae96-57a7-41f4-915d-1369cf4daded" testId="17b82f64-8697-0f7b-bebf-d53ef4dc533d" testName="TestMethod387" computerName="SUSALUJ" duration="00:00:00.0000261" startTime="2019-07-19T16:06:37.7937690+05:30" endTime="2019-07-19T16:06:37.7947670+05:30" testType="13cdc9d9-ddb5-4fa4-a97d-d965ccfc6d4b" outcome="Passed" testListId="8c84fa94-04c1-424b-9868-57a2d4851a1d" relativeResultsDirectory="c856ae96-57a7-41f4-915d-1369cf4daded" />
    <UnitTestResult executionId="9ff254c0-80a2-420d-8188-79b0185b8397" testId="b818cf98-eaf1-d68d-6b43-d90d63abd2ef" testName="TestMethod888" computerName="SUSALUJ" duration="00:00:00.0000391" startTime="2019-07-19T16:06:37.6497652+05:30" endTime="2019-07-19T16:06:37.6497652+05:30" testType="13cdc9d9-ddb5-4fa4-a97d-d965ccfc6d4b" outcome="Passed" testListId="8c84fa94-04c1-424b-9868-57a2d4851a1d" relativeResultsDirectory="9ff254c0-80a2-420d-8188-79b0185b8397" />
    <UnitTestResult executionId="b2a697b7-b5d7-4e19-9cc2-1f46fb7b4ff0" testId="7057b387-b183-b64b-f7f4-291ce2b154d2" testName="TestMethod237" computerName="SUSALUJ" duration="00:00:00.0000297" startTime="2019-07-19T16:06:37.8477651+05:30" endTime="2019-07-19T16:06:37.8477651+05:30" testType="13cdc9d9-ddb5-4fa4-a97d-d965ccfc6d4b" outcome="Passed" testListId="8c84fa94-04c1-424b-9868-57a2d4851a1d" relativeResultsDirectory="b2a697b7-b5d7-4e19-9cc2-1f46fb7b4ff0" />
    <UnitTestResult executionId="00c9e385-f52c-4a62-9571-d2f1d0bdd96d" testId="fc461f5d-56c6-d714-054f-9ed9be7f9933" testName="TestMethod484" computerName="SUSALUJ" duration="00:00:00.0000368" startTime="2019-07-19T16:06:37.7747674+05:30" endTime="2019-07-19T16:06:37.7747674+05:30" testType="13cdc9d9-ddb5-4fa4-a97d-d965ccfc6d4b" outcome="Passed" testListId="8c84fa94-04c1-424b-9868-57a2d4851a1d" relativeResultsDirectory="00c9e385-f52c-4a62-9571-d2f1d0bdd96d" />
    <UnitTestResult executionId="c94e0ede-b893-4c33-ac34-0d0209e206f7" testId="106d71a3-1d5f-9fbe-e2ab-cbe7ca159548" testName="TestMethod493" computerName="SUSALUJ" duration="00:00:00.0000310" startTime="2019-07-19T16:06:37.7777677+05:30" endTime="2019-07-19T16:06:37.7777677+05:30" testType="13cdc9d9-ddb5-4fa4-a97d-d965ccfc6d4b" outcome="Passed" testListId="8c84fa94-04c1-424b-9868-57a2d4851a1d" relativeResultsDirectory="c94e0ede-b893-4c33-ac34-0d0209e206f7" />
    <UnitTestResult executionId="b057ec22-c15c-46a7-9492-52450f1462f7" testId="e84f7890-4a74-4696-218c-b5a9ae941044" testName="TestMethod262" computerName="SUSALUJ" duration="00:00:00.0000353" startTime="2019-07-19T16:06:37.8537658+05:30" endTime="2019-07-19T16:06:37.8547660+05:30" testType="13cdc9d9-ddb5-4fa4-a97d-d965ccfc6d4b" outcome="Passed" testListId="8c84fa94-04c1-424b-9868-57a2d4851a1d" relativeResultsDirectory="b057ec22-c15c-46a7-9492-52450f1462f7" />
    <UnitTestResult executionId="61cc35a7-8d1d-4d57-ab58-0e4037ae713a" testId="1d1a394f-5626-77b1-4bb7-0f591f7965c5" testName="TestMethod402" computerName="SUSALUJ" duration="00:00:00.0000486" startTime="2019-07-19T16:06:37.7977655+05:30" endTime="2019-07-19T16:06:37.7977655+05:30" testType="13cdc9d9-ddb5-4fa4-a97d-d965ccfc6d4b" outcome="Passed" testListId="8c84fa94-04c1-424b-9868-57a2d4851a1d" relativeResultsDirectory="61cc35a7-8d1d-4d57-ab58-0e4037ae713a" />
    <UnitTestResult executionId="4c597d38-28f7-4e0a-86dd-75642890859e" testId="0df604f8-9784-e4da-498a-84a4eb47996a" testName="TestMethod152" computerName="SUSALUJ" duration="00:00:00.0000243" startTime="2019-07-19T16:06:37.8717655+05:30" endTime="2019-07-19T16:06:37.8717655+05:30" testType="13cdc9d9-ddb5-4fa4-a97d-d965ccfc6d4b" outcome="Passed" testListId="8c84fa94-04c1-424b-9868-57a2d4851a1d" relativeResultsDirectory="4c597d38-28f7-4e0a-86dd-75642890859e" />
    <UnitTestResult executionId="ad60c13d-0097-4dfe-ba6b-73a9c9d0318a" testId="e204b994-8542-723e-2ecb-f4a2635131f6" testName="TestMethod115" computerName="SUSALUJ" duration="00:00:00.0000255" startTime="2019-07-19T16:06:37.8607653+05:30" endTime="2019-07-19T16:06:37.8607653+05:30" testType="13cdc9d9-ddb5-4fa4-a97d-d965ccfc6d4b" outcome="Passed" testListId="8c84fa94-04c1-424b-9868-57a2d4851a1d" relativeResultsDirectory="ad60c13d-0097-4dfe-ba6b-73a9c9d0318a" />
    <UnitTestResult executionId="3607fd4d-d564-4506-8919-ea456a6946d4" testId="eda66d95-ea35-0c5d-4812-89fb9f2ff5c3" testName="TestMethod617" computerName="SUSALUJ" duration="00:00:00.0000361" startTime="2019-07-19T16:06:37.7647668+05:30" endTime="2019-07-19T16:06:37.7647668+05:30" testType="13cdc9d9-ddb5-4fa4-a97d-d965ccfc6d4b" outcome="Passed" testListId="8c84fa94-04c1-424b-9868-57a2d4851a1d" relativeResultsDirectory="3607fd4d-d564-4506-8919-ea456a6946d4" />
    <UnitTestResult executionId="24900849-6729-4163-80dc-c44452f80563" testId="e4d44f1a-9653-1759-87fb-0fb0c4e43be2" testName="TestMethod119" computerName="SUSALUJ" duration="00:00:00.0000215" startTime="2019-07-19T16:06:37.8617659+05:30" endTime="2019-07-19T16:06:37.8617659+05:30" testType="13cdc9d9-ddb5-4fa4-a97d-d965ccfc6d4b" outcome="Passed" testListId="8c84fa94-04c1-424b-9868-57a2d4851a1d" relativeResultsDirectory="24900849-6729-4163-80dc-c44452f80563" />
    <UnitTestResult executionId="79eee0c9-0550-432d-8e88-41eefb212b0b" testId="241b7ae4-4756-4891-464a-7c487953a831" testName="TestMethod903" computerName="SUSALUJ" duration="00:00:00.0000212" startTime="2019-07-19T16:06:37.6527634+05:30" endTime="2019-07-19T16:06:37.6527634+05:30" testType="13cdc9d9-ddb5-4fa4-a97d-d965ccfc6d4b" outcome="Passed" testListId="8c84fa94-04c1-424b-9868-57a2d4851a1d" relativeResultsDirectory="79eee0c9-0550-432d-8e88-41eefb212b0b" />
    <UnitTestResult executionId="11dcc888-419c-40a4-b649-b88b7c27a52c" testId="074e1679-bb24-6f74-1b0a-7264154e581e" testName="TestMethod143" computerName="SUSALUJ" duration="00:00:00.0000499" startTime="2019-07-19T16:06:37.8697679+05:30" endTime="2019-07-19T16:06:37.8697679+05:30" testType="13cdc9d9-ddb5-4fa4-a97d-d965ccfc6d4b" outcome="Passed" testListId="8c84fa94-04c1-424b-9868-57a2d4851a1d" relativeResultsDirectory="11dcc888-419c-40a4-b649-b88b7c27a52c" />
    <UnitTestResult executionId="eba7e4ca-3562-4007-9142-88c8bf3e7103" testId="e52f6c50-ef58-37b1-b118-1e8da43b269c" testName="TestMethod561" computerName="SUSALUJ" duration="00:00:00.0000229" startTime="2019-07-19T16:06:37.7437678+05:30" endTime="2019-07-19T16:06:37.7437678+05:30" testType="13cdc9d9-ddb5-4fa4-a97d-d965ccfc6d4b" outcome="Passed" testListId="8c84fa94-04c1-424b-9868-57a2d4851a1d" relativeResultsDirectory="eba7e4ca-3562-4007-9142-88c8bf3e7103" />
    <UnitTestResult executionId="1ea9c312-d25d-4c83-8f72-c7aa2183fdf4" testId="d43860aa-ed76-26d9-9003-007bacdfc0a0" testName="TestMethod311" computerName="SUSALUJ" duration="00:00:00.0000597" startTime="2019-07-19T16:06:37.8187665+05:30" endTime="2019-07-19T16:06:37.8187665+05:30" testType="13cdc9d9-ddb5-4fa4-a97d-d965ccfc6d4b" outcome="Passed" testListId="8c84fa94-04c1-424b-9868-57a2d4851a1d" relativeResultsDirectory="1ea9c312-d25d-4c83-8f72-c7aa2183fdf4" />
    <UnitTestResult executionId="9e9057b2-4f87-4495-83e3-ecacea7859e7" testId="8718114d-54cc-0052-31c7-faf10f9650c5" testName="TestMethod636" computerName="SUSALUJ" duration="00:00:00.0000314" startTime="2019-07-19T16:06:37.7187656+05:30" endTime="2019-07-19T16:06:37.7187656+05:30" testType="13cdc9d9-ddb5-4fa4-a97d-d965ccfc6d4b" outcome="Passed" testListId="8c84fa94-04c1-424b-9868-57a2d4851a1d" relativeResultsDirectory="9e9057b2-4f87-4495-83e3-ecacea7859e7" />
    <UnitTestResult executionId="e976f685-0b2d-49e6-92ec-fecf5a1f3fe6" testId="8ee528f4-ebe5-6d3f-e1f3-4d2b1e1cde4f" testName="TestMethod308" computerName="SUSALUJ" duration="00:00:00.0000215" startTime="2019-07-19T16:06:37.8167683+05:30" endTime="2019-07-19T16:06:37.8167683+05:30" testType="13cdc9d9-ddb5-4fa4-a97d-d965ccfc6d4b" outcome="Passed" testListId="8c84fa94-04c1-424b-9868-57a2d4851a1d" relativeResultsDirectory="e976f685-0b2d-49e6-92ec-fecf5a1f3fe6" />
    <UnitTestResult executionId="16875e88-23fc-4a1d-88ad-ef0c59e8cab0" testId="677f09e1-94cd-513e-6097-74e7f6a74112" testName="TestMethod408" computerName="SUSALUJ" duration="00:00:00.0000341" startTime="2019-07-19T16:06:37.7997673+05:30" endTime="2019-07-19T16:06:37.7997673+05:30" testType="13cdc9d9-ddb5-4fa4-a97d-d965ccfc6d4b" outcome="Passed" testListId="8c84fa94-04c1-424b-9868-57a2d4851a1d" relativeResultsDirectory="16875e88-23fc-4a1d-88ad-ef0c59e8cab0" />
    <UnitTestResult executionId="f764d5d1-8673-4d74-a6e4-3f4dde3ffd9d" testId="19e78dcf-3489-c6d6-31d1-cf857baee8be" testName="TestMethod964" computerName="SUSALUJ" duration="00:00:00.0000447" startTime="2019-07-19T16:06:37.6337650+05:30" endTime="2019-07-19T16:06:37.6347651+05:30" testType="13cdc9d9-ddb5-4fa4-a97d-d965ccfc6d4b" outcome="Passed" testListId="8c84fa94-04c1-424b-9868-57a2d4851a1d" relativeResultsDirectory="f764d5d1-8673-4d74-a6e4-3f4dde3ffd9d" />
    <UnitTestResult executionId="bfe65013-65c2-4d04-92ff-f7d56d788993" testId="f6e97cfb-e78c-702e-7716-a8cb30f049ad" testName="TestMethod450" computerName="SUSALUJ" duration="00:00:00.0000328" startTime="2019-07-19T16:06:37.7657655+05:30" endTime="2019-07-19T16:06:37.7657655+05:30" testType="13cdc9d9-ddb5-4fa4-a97d-d965ccfc6d4b" outcome="Passed" testListId="8c84fa94-04c1-424b-9868-57a2d4851a1d" relativeResultsDirectory="bfe65013-65c2-4d04-92ff-f7d56d788993" />
    <UnitTestResult executionId="bccd41fd-19c3-4a66-98a4-bcfe7e9a6779" testId="e1592505-173a-ef4b-1184-51d39636ab38" testName="TestMethod626" computerName="SUSALUJ" duration="00:00:00.0000385" startTime="2019-07-19T16:06:37.7157651+05:30" endTime="2019-07-19T16:06:37.7167655+05:30" testType="13cdc9d9-ddb5-4fa4-a97d-d965ccfc6d4b" outcome="Passed" testListId="8c84fa94-04c1-424b-9868-57a2d4851a1d" relativeResultsDirectory="bccd41fd-19c3-4a66-98a4-bcfe7e9a6779" />
    <UnitTestResult executionId="0c35a1f2-10a6-4256-ab4b-16a78df93729" testId="ef12d427-79fb-6de9-e6db-c097fb2706b4" testName="TestMethod793" computerName="SUSALUJ" duration="00:00:00.0000594" startTime="2019-07-19T16:06:37.6647633+05:30" endTime="2019-07-19T16:06:37.6657670+05:30" testType="13cdc9d9-ddb5-4fa4-a97d-d965ccfc6d4b" outcome="Passed" testListId="8c84fa94-04c1-424b-9868-57a2d4851a1d" relativeResultsDirectory="0c35a1f2-10a6-4256-ab4b-16a78df93729" />
    <UnitTestResult executionId="71cd4b99-5081-4981-a7d4-eaaa559a2ded" testId="0f12f85e-9cd9-1df2-e194-7f640d154ed3" testName="TestMethod1" computerName="SUSALUJ" duration="00:00:00.0018522" startTime="2019-07-19T16:06:37.9737645+05:30" endTime="2019-07-19T16:06:37.9757661+05:30" testType="13cdc9d9-ddb5-4fa4-a97d-d965ccfc6d4b" outcome="Failed" testListId="8c84fa94-04c1-424b-9868-57a2d4851a1d" relativeResultsDirectory="71cd4b99-5081-4981-a7d4-eaaa559a2ded">
      <Output>
        <ErrorInfo>
          <Message>Assert.AreEqual failed. Expected:&lt;2&gt;. Actual:&lt;4&gt;. </Message>
          <StackTrace>   at TestProjectWON.UnitTest1.TestMethod1() in C:\agent\_work\8\s\TestProjectWON\UnitTest1.cs:line 18&#xD;
</StackTrace>
        </ErrorInfo>
      </Output>
    </UnitTestResult>
    <UnitTestResult executionId="ffe559b2-4970-4d92-91d5-370cbb9d1b0b" testId="88a25c0e-eefa-34c3-e382-69843b35f78f" testName="TestMethod872" computerName="SUSALUJ" duration="00:00:00.0000526" startTime="2019-07-19T16:06:37.6937656+05:30" endTime="2019-07-19T16:06:37.6937656+05:30" testType="13cdc9d9-ddb5-4fa4-a97d-d965ccfc6d4b" outcome="Passed" testListId="8c84fa94-04c1-424b-9868-57a2d4851a1d" relativeResultsDirectory="ffe559b2-4970-4d92-91d5-370cbb9d1b0b" />
    <UnitTestResult executionId="6a18c85c-efea-4c13-b0d9-4eaae4396102" testId="7ce80341-55f6-358e-4924-3022b6d4e9af" testName="TestMethod132" computerName="SUSALUJ" duration="00:00:00.0000340" startTime="2019-07-19T16:06:37.8647674+05:30" endTime="2019-07-19T16:06:37.8647674+05:30" testType="13cdc9d9-ddb5-4fa4-a97d-d965ccfc6d4b" outcome="Passed" testListId="8c84fa94-04c1-424b-9868-57a2d4851a1d" relativeResultsDirectory="6a18c85c-efea-4c13-b0d9-4eaae4396102" />
    <UnitTestResult executionId="6dfac07b-b457-4f5b-84db-9bb752f8c19b" testId="118a898a-2297-4a5a-1659-18f02c717bf6" testName="TestMethod688" computerName="SUSALUJ" duration="00:00:00.0000364" startTime="2019-07-19T16:06:37.7327662+05:30" endTime="2019-07-19T16:06:37.7327662+05:30" testType="13cdc9d9-ddb5-4fa4-a97d-d965ccfc6d4b" outcome="Passed" testListId="8c84fa94-04c1-424b-9868-57a2d4851a1d" relativeResultsDirectory="6dfac07b-b457-4f5b-84db-9bb752f8c19b" />
    <UnitTestResult executionId="92b67c62-7371-464c-8d8f-1061783dbe8a" testId="5bfb389a-4f2c-6e73-6433-c56f5e1e39b5" testName="TestMethod578" computerName="SUSALUJ" duration="00:00:00.0000216" startTime="2019-07-19T16:06:37.7557674+05:30" endTime="2019-07-19T16:06:37.7557674+05:30" testType="13cdc9d9-ddb5-4fa4-a97d-d965ccfc6d4b" outcome="Passed" testListId="8c84fa94-04c1-424b-9868-57a2d4851a1d" relativeResultsDirectory="92b67c62-7371-464c-8d8f-1061783dbe8a" />
    <UnitTestResult executionId="85016881-9cf8-46fe-b1ec-4ccbbfc8e4da" testId="55e58468-57c4-ea54-a951-098fc793ee39" testName="TestMethod136" computerName="SUSALUJ" duration="00:00:00.0000334" startTime="2019-07-19T16:06:37.8657677+05:30" endTime="2019-07-19T16:06:37.8657677+05:30" testType="13cdc9d9-ddb5-4fa4-a97d-d965ccfc6d4b" outcome="Passed" testListId="8c84fa94-04c1-424b-9868-57a2d4851a1d" relativeResultsDirectory="85016881-9cf8-46fe-b1ec-4ccbbfc8e4da" />
    <UnitTestResult executionId="cff96e05-ea94-44ad-8ad3-2b5b358de3b4" testId="4a234cdc-1e2b-9b77-4204-04cd8ac76447" testName="TestMethod172" computerName="SUSALUJ" duration="00:00:00.0000292" startTime="2019-07-19T16:06:37.8767676+05:30" endTime="2019-07-19T16:06:37.8777649+05:30" testType="13cdc9d9-ddb5-4fa4-a97d-d965ccfc6d4b" outcome="Passed" testListId="8c84fa94-04c1-424b-9868-57a2d4851a1d" relativeResultsDirectory="cff96e05-ea94-44ad-8ad3-2b5b358de3b4" />
    <UnitTestResult executionId="7b2953e5-7a28-4d49-8b13-3a753874135d" testId="54eafe78-aa08-3f7e-0ca4-8f6aeecd338c" testName="TestMethod145" computerName="SUSALUJ" duration="00:00:00.0000322" startTime="2019-07-19T16:06:37.8697679+05:30" endTime="2019-07-19T16:06:37.8707678+05:30" testType="13cdc9d9-ddb5-4fa4-a97d-d965ccfc6d4b" outcome="Passed" testListId="8c84fa94-04c1-424b-9868-57a2d4851a1d" relativeResultsDirectory="7b2953e5-7a28-4d49-8b13-3a753874135d" />
    <UnitTestResult executionId="980a5459-a4d6-4f76-ba67-73ade8cb1295" testId="00ab9da5-4266-4353-9960-1936225879d1" testName="TestMethod570" computerName="SUSALUJ" duration="00:00:00.0000359" startTime="2019-07-19T16:06:37.7537653+05:30" endTime="2019-07-19T16:06:37.7537653+05:30" testType="13cdc9d9-ddb5-4fa4-a97d-d965ccfc6d4b" outcome="Passed" testListId="8c84fa94-04c1-424b-9868-57a2d4851a1d" relativeResultsDirectory="980a5459-a4d6-4f76-ba67-73ade8cb1295" />
    <UnitTestResult executionId="57a88d22-7fe1-4c1a-91d9-fa048017bb76" testId="33b08216-f963-c705-8503-206a945a16eb" testName="TestMethod944" computerName="SUSALUJ" duration="00:00:00.0000365" startTime="2019-07-19T16:06:37.6617655+05:30" endTime="2019-07-19T16:06:37.6617655+05:30" testType="13cdc9d9-ddb5-4fa4-a97d-d965ccfc6d4b" outcome="Passed" testListId="8c84fa94-04c1-424b-9868-57a2d4851a1d" relativeResultsDirectory="57a88d22-7fe1-4c1a-91d9-fa048017bb76" />
    <UnitTestResult executionId="8f7bb510-75d6-4b9d-9332-b5f7698bb5de" testId="cca9ff46-c03b-4f70-658c-c974de0acf12" testName="TestMethod971" computerName="SUSALUJ" duration="00:00:00.0000402" startTime="2019-07-19T16:06:37.6407685+05:30" endTime="2019-07-19T16:06:37.6407685+05:30" testType="13cdc9d9-ddb5-4fa4-a97d-d965ccfc6d4b" outcome="Passed" testListId="8c84fa94-04c1-424b-9868-57a2d4851a1d" relativeResultsDirectory="8f7bb510-75d6-4b9d-9332-b5f7698bb5de" />
    <UnitTestResult executionId="c1f7a880-baea-4253-a08c-9c78268d0fab" testId="506498db-f38a-3595-db9e-8fd38f07948e" testName="TestMethod465" computerName="SUSALUJ" duration="00:00:00.0000330" startTime="2019-07-19T16:06:37.7687664+05:30" endTime="2019-07-19T16:06:37.7697660+05:30" testType="13cdc9d9-ddb5-4fa4-a97d-d965ccfc6d4b" outcome="Passed" testListId="8c84fa94-04c1-424b-9868-57a2d4851a1d" relativeResultsDirectory="c1f7a880-baea-4253-a08c-9c78268d0fab" />
    <UnitTestResult executionId="a4b61bf7-5871-453f-9bc3-6fbdd97799f5" testId="9cd502ee-eed5-ccd6-eb9b-7e9d7d64a050" testName="TestMethod430" computerName="SUSALUJ" duration="00:00:00.0000215" startTime="2019-07-19T16:06:37.8057667+05:30" endTime="2019-07-19T16:06:37.8057667+05:30" testType="13cdc9d9-ddb5-4fa4-a97d-d965ccfc6d4b" outcome="Passed" testListId="8c84fa94-04c1-424b-9868-57a2d4851a1d" relativeResultsDirectory="a4b61bf7-5871-453f-9bc3-6fbdd97799f5" />
    <UnitTestResult executionId="1f581887-9b5e-42e8-84f4-b1c9ed6e4868" testId="c1a40631-a0eb-3aff-c610-85c020b0e5ed" testName="TestMethod765" computerName="SUSALUJ" duration="00:00:00.0000226" startTime="2019-07-19T16:06:37.7087655+05:30" endTime="2019-07-19T16:06:37.7087655+05:30" testType="13cdc9d9-ddb5-4fa4-a97d-d965ccfc6d4b" outcome="Passed" testListId="8c84fa94-04c1-424b-9868-57a2d4851a1d" relativeResultsDirectory="1f581887-9b5e-42e8-84f4-b1c9ed6e4868" />
    <UnitTestResult executionId="83162802-c79f-4f36-b20b-23e71bdaf662" testId="971d7e09-432b-d6e7-75f9-b81bbb0116e4" testName="TestMethod868" computerName="SUSALUJ" duration="00:00:00.0000431" startTime="2019-07-19T16:06:37.6917665+05:30" endTime="2019-07-19T16:06:37.6927654+05:30" testType="13cdc9d9-ddb5-4fa4-a97d-d965ccfc6d4b" outcome="Passed" testListId="8c84fa94-04c1-424b-9868-57a2d4851a1d" relativeResultsDirectory="83162802-c79f-4f36-b20b-23e71bdaf662" />
    <UnitTestResult executionId="79f0b608-4e84-4d76-81f0-d256f4819ed7" testId="0669e006-fd4c-cdc1-0dc3-ab7b15b82e40" testName="TestMethod667" computerName="SUSALUJ" duration="00:00:00.0000356" startTime="2019-07-19T16:06:37.7277655+05:30" endTime="2019-07-19T16:06:37.7277655+05:30" testType="13cdc9d9-ddb5-4fa4-a97d-d965ccfc6d4b" outcome="Passed" testListId="8c84fa94-04c1-424b-9868-57a2d4851a1d" relativeResultsDirectory="79f0b608-4e84-4d76-81f0-d256f4819ed7" />
    <UnitTestResult executionId="7c475adb-8a7d-48d3-995c-b8327507e41e" testId="c68f1a33-bf3d-7b4f-1f09-0687ed5a3cd4" testName="TestMethod973" computerName="SUSALUJ" duration="00:00:00.0000375" startTime="2019-07-19T16:06:37.6417651+05:30" endTime="2019-07-19T16:06:37.6417651+05:30" testType="13cdc9d9-ddb5-4fa4-a97d-d965ccfc6d4b" outcome="Passed" testListId="8c84fa94-04c1-424b-9868-57a2d4851a1d" relativeResultsDirectory="7c475adb-8a7d-48d3-995c-b8327507e41e" />
    <UnitTestResult executionId="af1b301d-c2d6-4bb2-a5bf-06023756e55a" testId="8107ae31-02e6-b704-c1a1-a5b4ffbd05bb" testName="TestMethod706" computerName="SUSALUJ" duration="00:00:00.0000293" startTime="2019-07-19T16:06:37.6947644+05:30" endTime="2019-07-19T16:06:37.6947644+05:30" testType="13cdc9d9-ddb5-4fa4-a97d-d965ccfc6d4b" outcome="Passed" testListId="8c84fa94-04c1-424b-9868-57a2d4851a1d" relativeResultsDirectory="af1b301d-c2d6-4bb2-a5bf-06023756e55a" />
    <UnitTestResult executionId="538c8c8f-4fe9-4aa9-8bed-3e4cb90f989f" testId="2d37474b-3bff-518c-3eb2-7e61c99f0232" testName="TestMethod790" computerName="SUSALUJ" duration="00:00:00.0000517" startTime="2019-07-19T16:06:37.6647633+05:30" endTime="2019-07-19T16:06:37.6647633+05:30" testType="13cdc9d9-ddb5-4fa4-a97d-d965ccfc6d4b" outcome="Passed" testListId="8c84fa94-04c1-424b-9868-57a2d4851a1d" relativeResultsDirectory="538c8c8f-4fe9-4aa9-8bed-3e4cb90f989f" />
    <UnitTestResult executionId="1ea1bea4-1255-4e99-83e8-2feb7d9fa00f" testId="4c302f5b-871c-539b-842c-c66a6f64c418" testName="TestMethod140" computerName="SUSALUJ" duration="00:00:00.0000319" startTime="2019-07-19T16:06:37.8667671+05:30" endTime="2019-07-19T16:06:37.8667671+05:30" testType="13cdc9d9-ddb5-4fa4-a97d-d965ccfc6d4b" outcome="Passed" testListId="8c84fa94-04c1-424b-9868-57a2d4851a1d" relativeResultsDirectory="1ea1bea4-1255-4e99-83e8-2feb7d9fa00f" />
    <UnitTestResult executionId="0f2889d4-e636-4b0f-a574-ef26fe7a0d9e" testId="77816f4d-afef-156b-4369-3e8ff49547a2" testName="TestMethod193" computerName="SUSALUJ" duration="00:00:00.0000331" startTime="2019-07-19T16:06:37.8847703+05:30" endTime="2019-07-19T16:06:37.8847703+05:30" testType="13cdc9d9-ddb5-4fa4-a97d-d965ccfc6d4b" outcome="Passed" testListId="8c84fa94-04c1-424b-9868-57a2d4851a1d" relativeResultsDirectory="0f2889d4-e636-4b0f-a574-ef26fe7a0d9e" />
    <UnitTestResult executionId="59e25ffc-8628-4348-ba63-3323f7ee24b5" testId="20dbd912-096c-3aa3-617e-1c1d4a8a8c21" testName="TestMethod521" computerName="SUSALUJ" duration="00:00:00.0000276" startTime="2019-07-19T16:06:37.7847659+05:30" endTime="2019-07-19T16:06:37.7847659+05:30" testType="13cdc9d9-ddb5-4fa4-a97d-d965ccfc6d4b" outcome="Passed" testListId="8c84fa94-04c1-424b-9868-57a2d4851a1d" relativeResultsDirectory="59e25ffc-8628-4348-ba63-3323f7ee24b5" />
    <UnitTestResult executionId="f96aec72-5af8-4ea9-a16e-51765ccdd7e4" testId="f0940c99-0c6a-0c0e-3491-b1b7a569c823" testName="TestMethod901" computerName="SUSALUJ" duration="00:00:00.0003404" startTime="2019-07-19T16:06:37.6517641+05:30" endTime="2019-07-19T16:06:37.6527634+05:30" testType="13cdc9d9-ddb5-4fa4-a97d-d965ccfc6d4b" outcome="Passed" testListId="8c84fa94-04c1-424b-9868-57a2d4851a1d" relativeResultsDirectory="f96aec72-5af8-4ea9-a16e-51765ccdd7e4" />
    <UnitTestResult executionId="1f15de65-681d-4e94-b990-4c83b41323e0" testId="eb1b84dc-d7db-f2a7-decc-0d6c0eb864dd" testName="TestMethod592" computerName="SUSALUJ" duration="00:00:00.0000198" startTime="2019-07-19T16:06:37.7577661+05:30" endTime="2019-07-19T16:06:37.7577661+05:30" testType="13cdc9d9-ddb5-4fa4-a97d-d965ccfc6d4b" outcome="Passed" testListId="8c84fa94-04c1-424b-9868-57a2d4851a1d" relativeResultsDirectory="1f15de65-681d-4e94-b990-4c83b41323e0" />
    <UnitTestResult executionId="dd5b0e11-af12-440f-926f-4fd23fb25e0a" testId="d0207416-d0fd-afba-7c63-08d2c2921599" testName="TestMethod353" computerName="SUSALUJ" duration="00:00:00.0000239" startTime="2019-07-19T16:06:37.8357673+05:30" endTime="2019-07-19T16:06:37.8357673+05:30" testType="13cdc9d9-ddb5-4fa4-a97d-d965ccfc6d4b" outcome="Passed" testListId="8c84fa94-04c1-424b-9868-57a2d4851a1d" relativeResultsDirectory="dd5b0e11-af12-440f-926f-4fd23fb25e0a" />
    <UnitTestResult executionId="fcf7fdc9-987c-4292-b747-d1b2328b783b" testId="9e64b04f-cef8-a6a4-2a7a-4f3ba5bacb2c" testName="TestMethod609" computerName="SUSALUJ" duration="00:00:00.0000294" startTime="2019-07-19T16:06:37.7627664+05:30" endTime="2019-07-19T16:06:37.7627664+05:30" testType="13cdc9d9-ddb5-4fa4-a97d-d965ccfc6d4b" outcome="Passed" testListId="8c84fa94-04c1-424b-9868-57a2d4851a1d" relativeResultsDirectory="fcf7fdc9-987c-4292-b747-d1b2328b783b" />
    <UnitTestResult executionId="8cb65b9b-7201-42ea-9a49-e05eec9c73c3" testId="ccdbf728-3666-1369-5630-cac7c9ba6732" testName="TestMethod498" computerName="SUSALUJ" duration="00:00:00.0000315" startTime="2019-07-19T16:06:37.7787670+05:30" endTime="2019-07-19T16:06:37.7787670+05:30" testType="13cdc9d9-ddb5-4fa4-a97d-d965ccfc6d4b" outcome="Passed" testListId="8c84fa94-04c1-424b-9868-57a2d4851a1d" relativeResultsDirectory="8cb65b9b-7201-42ea-9a49-e05eec9c73c3" />
    <UnitTestResult executionId="8bda3566-ea12-4fd0-85a0-eec310ae23e4" testId="771fb03e-c480-1ce6-a135-57692892e164" testName="TestMethod17" computerName="SUSALUJ" duration="00:00:00.0005375" startTime="2019-07-19T16:06:37.9917692+05:30" endTime="2019-07-19T16:06:37.9927669+05:30" testType="13cdc9d9-ddb5-4fa4-a97d-d965ccfc6d4b" outcome="Failed" testListId="8c84fa94-04c1-424b-9868-57a2d4851a1d" relativeResultsDirectory="8bda3566-ea12-4fd0-85a0-eec310ae23e4">
      <Output>
        <ErrorInfo>
          <Message>Assert.AreEqual failed. Expected:&lt;2&gt;. Actual:&lt;4&gt;. </Message>
          <StackTrace>   at TestProjectWON.UnitTest1.TestMethod17() in C:\agent\_work\8\s\TestProjectWON\UnitTest1.cs:line 98&#xD;
</StackTrace>
        </ErrorInfo>
      </Output>
    </UnitTestResult>
    <UnitTestResult executionId="5ae02d8a-633e-4914-8577-2eb530f715f1" testId="d1521016-7342-eb65-15b1-670778bb0de9" testName="TestMethod630" computerName="SUSALUJ" duration="00:00:00.0000290" startTime="2019-07-19T16:06:37.7177651+05:30" endTime="2019-07-19T16:06:37.7177651+05:30" testType="13cdc9d9-ddb5-4fa4-a97d-d965ccfc6d4b" outcome="Passed" testListId="8c84fa94-04c1-424b-9868-57a2d4851a1d" relativeResultsDirectory="5ae02d8a-633e-4914-8577-2eb530f715f1" />
    <UnitTestResult executionId="2dc10468-b4b0-4931-a9d6-676092e09ad6" testId="6bbc80a2-1796-4399-6504-9745b3748d34" testName="TestMethod133" computerName="SUSALUJ" duration="00:00:00.0000335" startTime="2019-07-19T16:06:37.8647674+05:30" endTime="2019-07-19T16:06:37.8647674+05:30" testType="13cdc9d9-ddb5-4fa4-a97d-d965ccfc6d4b" outcome="Passed" testListId="8c84fa94-04c1-424b-9868-57a2d4851a1d" relativeResultsDirectory="2dc10468-b4b0-4931-a9d6-676092e09ad6" />
    <UnitTestResult executionId="89d8a8e0-d93d-4510-b1fe-7d2090552f3e" testId="5a12a09e-ae50-9833-9313-11d595f36492" testName="TestMethod436" computerName="SUSALUJ" duration="00:00:00.0005226" startTime="2019-07-19T16:06:37.8057667+05:30" endTime="2019-07-19T16:06:37.8067688+05:30" testType="13cdc9d9-ddb5-4fa4-a97d-d965ccfc6d4b" outcome="Passed" testListId="8c84fa94-04c1-424b-9868-57a2d4851a1d" relativeResultsDirectory="89d8a8e0-d93d-4510-b1fe-7d2090552f3e" />
    <UnitTestResult executionId="00ab95e5-5695-4c66-96c8-988ec0cb1220" testId="9b09cd4c-cc43-15b2-2268-7045eb5e46a7" testName="TestMethod184" computerName="SUSALUJ" duration="00:00:00.0004529" startTime="2019-07-19T16:06:37.8807677+05:30" endTime="2019-07-19T16:06:37.8817686+05:30" testType="13cdc9d9-ddb5-4fa4-a97d-d965ccfc6d4b" outcome="Passed" testListId="8c84fa94-04c1-424b-9868-57a2d4851a1d" relativeResultsDirectory="00ab95e5-5695-4c66-96c8-988ec0cb1220" />
    <UnitTestResult executionId="26fde0dc-95c2-4bf7-99a3-0d4529b6963e" testId="d811f50d-5448-dded-0d43-133fd196268a" testName="TestMethod373" computerName="SUSALUJ" duration="00:00:00.0000349" startTime="2019-07-19T16:06:37.7907679+05:30" endTime="2019-07-19T16:06:37.7907679+05:30" testType="13cdc9d9-ddb5-4fa4-a97d-d965ccfc6d4b" outcome="Passed" testListId="8c84fa94-04c1-424b-9868-57a2d4851a1d" relativeResultsDirectory="26fde0dc-95c2-4bf7-99a3-0d4529b6963e" />
    <UnitTestResult executionId="372ba6ab-1c0b-48d4-b898-dad951540f74" testId="1b9405bc-4741-b9e0-7588-fbe107617d09" testName="TestMethod689" computerName="SUSALUJ" duration="00:00:00.0000354" startTime="2019-07-19T16:06:37.7327662+05:30" endTime="2019-07-19T16:06:37.7327662+05:30" testType="13cdc9d9-ddb5-4fa4-a97d-d965ccfc6d4b" outcome="Passed" testListId="8c84fa94-04c1-424b-9868-57a2d4851a1d" relativeResultsDirectory="372ba6ab-1c0b-48d4-b898-dad951540f74" />
    <UnitTestResult executionId="ec389d5b-9cf0-4975-83af-39eface80ad4" testId="b3aa94bd-058f-dcc3-e555-98a769463262" testName="TestMethod414" computerName="SUSALUJ" duration="00:00:00.0000353" startTime="2019-07-19T16:06:37.8017682+05:30" endTime="2019-07-19T16:06:37.8017682+05:30" testType="13cdc9d9-ddb5-4fa4-a97d-d965ccfc6d4b" outcome="Passed" testListId="8c84fa94-04c1-424b-9868-57a2d4851a1d" relativeResultsDirectory="ec389d5b-9cf0-4975-83af-39eface80ad4" />
    <UnitTestResult executionId="e633de4c-7592-4670-b0f9-ded7959e775a" testId="5c460a5a-0268-626b-700d-ed4cae528a9e" testName="TestMethod656" computerName="SUSALUJ" duration="00:00:00.0000475" startTime="2019-07-19T16:06:37.7247649+05:30" endTime="2019-07-19T16:06:37.7247649+05:30" testType="13cdc9d9-ddb5-4fa4-a97d-d965ccfc6d4b" outcome="Passed" testListId="8c84fa94-04c1-424b-9868-57a2d4851a1d" relativeResultsDirectory="e633de4c-7592-4670-b0f9-ded7959e775a" />
    <UnitTestResult executionId="9d4999a1-f03a-45c4-83aa-7a76808bab3a" testId="8e0d827a-62ed-29f7-f5f7-ff36cac16e16" testName="TestMethod504" computerName="SUSALUJ" duration="00:00:00.0000260" startTime="2019-07-19T16:06:37.7797659+05:30" endTime="2019-07-19T16:06:37.7797659+05:30" testType="13cdc9d9-ddb5-4fa4-a97d-d965ccfc6d4b" outcome="Passed" testListId="8c84fa94-04c1-424b-9868-57a2d4851a1d" relativeResultsDirectory="9d4999a1-f03a-45c4-83aa-7a76808bab3a" />
    <UnitTestResult executionId="2d776bf6-eafe-4251-a49d-4fdfad445a42" testId="af9cc299-f90c-d739-56f5-672fc39a6f96" testName="TestMethod836" computerName="SUSALUJ" duration="00:00:00.0000302" startTime="2019-07-19T16:06:37.6777652+05:30" endTime="2019-07-19T16:06:37.6787651+05:30" testType="13cdc9d9-ddb5-4fa4-a97d-d965ccfc6d4b" outcome="Passed" testListId="8c84fa94-04c1-424b-9868-57a2d4851a1d" relativeResultsDirectory="2d776bf6-eafe-4251-a49d-4fdfad445a42" />
    <UnitTestResult executionId="ec21a0b2-0488-40bf-84cd-190cbfca881d" testId="a9b63f00-74b0-6165-6ced-062d282317b1" testName="TestMethod403" computerName="SUSALUJ" duration="00:00:00.0000357" startTime="2019-07-19T16:06:37.7977655+05:30" endTime="2019-07-19T16:06:37.7977655+05:30" testType="13cdc9d9-ddb5-4fa4-a97d-d965ccfc6d4b" outcome="Passed" testListId="8c84fa94-04c1-424b-9868-57a2d4851a1d" relativeResultsDirectory="ec21a0b2-0488-40bf-84cd-190cbfca881d" />
    <UnitTestResult executionId="a08efc49-fd9e-4ed9-be22-38664e06d643" testId="c583de72-3f5a-0008-9118-e3b03fd1745a" testName="TestMethod602" computerName="SUSALUJ" duration="00:00:00.0000312" startTime="2019-07-19T16:06:37.7607705+05:30" endTime="2019-07-19T16:06:37.7607705+05:30" testType="13cdc9d9-ddb5-4fa4-a97d-d965ccfc6d4b" outcome="Passed" testListId="8c84fa94-04c1-424b-9868-57a2d4851a1d" relativeResultsDirectory="a08efc49-fd9e-4ed9-be22-38664e06d643" />
    <UnitTestResult executionId="0f12cdb8-0bb0-4989-af29-49dfea42606c" testId="ddd23482-1d5d-6a64-fe3a-0b7d652ee8c5" testName="TestMethod518" computerName="SUSALUJ" duration="00:00:00.0000348" startTime="2019-07-19T16:06:37.7837671+05:30" endTime="2019-07-19T16:06:37.7837671+05:30" testType="13cdc9d9-ddb5-4fa4-a97d-d965ccfc6d4b" outcome="Passed" testListId="8c84fa94-04c1-424b-9868-57a2d4851a1d" relativeResultsDirectory="0f12cdb8-0bb0-4989-af29-49dfea42606c" />
    <UnitTestResult executionId="c3b67144-0836-4637-832e-367f02270e4a" testId="4a5c060d-93b8-1349-a42b-b3059e1a946b" testName="TestMethod2" computerName="SUSALUJ" duration="00:00:00.0005476" startTime="2019-07-19T16:06:37.9757661+05:30" endTime="2019-07-19T16:06:37.9767658+05:30" testType="13cdc9d9-ddb5-4fa4-a97d-d965ccfc6d4b" outcome="Failed" testListId="8c84fa94-04c1-424b-9868-57a2d4851a1d" relativeResultsDirectory="c3b67144-0836-4637-832e-367f02270e4a">
      <Output>
        <ErrorInfo>
          <Message>Assert.AreEqual failed. Expected:&lt;2&gt;. Actual:&lt;4&gt;. </Message>
          <StackTrace>   at TestProjectWON.UnitTest1.TestMethod2() in C:\agent\_work\8\s\TestProjectWON\UnitTest1.cs:line 23&#xD;
</StackTrace>
        </ErrorInfo>
      </Output>
    </UnitTestResult>
    <UnitTestResult executionId="cbfb03bc-ea28-4956-8254-ed8a446406a0" testId="8ce8709b-f529-f993-476b-8a16b458982c" testName="TestMethod173" computerName="SUSALUJ" duration="00:00:00.0000290" startTime="2019-07-19T16:06:37.8777649+05:30" endTime="2019-07-19T16:06:37.8777649+05:30" testType="13cdc9d9-ddb5-4fa4-a97d-d965ccfc6d4b" outcome="Passed" testListId="8c84fa94-04c1-424b-9868-57a2d4851a1d" relativeResultsDirectory="cbfb03bc-ea28-4956-8254-ed8a446406a0" />
    <UnitTestResult executionId="99bd9800-bf2a-42ac-a0df-ec69184b6615" testId="fbe6f14a-920d-212b-2c0d-2fe400560540" testName="TestMethod906" computerName="SUSALUJ" duration="00:00:00.0003340" startTime="2019-07-19T16:06:37.6527634+05:30" endTime="2019-07-19T16:06:37.6537640+05:30" testType="13cdc9d9-ddb5-4fa4-a97d-d965ccfc6d4b" outcome="Passed" testListId="8c84fa94-04c1-424b-9868-57a2d4851a1d" relativeResultsDirectory="99bd9800-bf2a-42ac-a0df-ec69184b6615" />
    <UnitTestResult executionId="76ce908c-de63-43ea-ba21-d72175e6f5b6" testId="dde3d3fc-853c-c82d-7a83-36ec6097ab3a" testName="TestMethod734" computerName="SUSALUJ" duration="00:00:00.0000370" startTime="2019-07-19T16:06:37.7027652+05:30" endTime="2019-07-19T16:06:37.7027652+05:30" testType="13cdc9d9-ddb5-4fa4-a97d-d965ccfc6d4b" outcome="Passed" testListId="8c84fa94-04c1-424b-9868-57a2d4851a1d" relativeResultsDirectory="76ce908c-de63-43ea-ba21-d72175e6f5b6" />
    <UnitTestResult executionId="97b3e94f-55aa-4a85-8a8a-7fdcd60eb755" testId="a8be2e44-1e18-5f0a-228d-6feb6223854f" testName="TestMethod796" computerName="SUSALUJ" duration="00:00:00.0000371" startTime="2019-07-19T16:06:37.6657670+05:30" endTime="2019-07-19T16:06:37.6657670+05:30" testType="13cdc9d9-ddb5-4fa4-a97d-d965ccfc6d4b" outcome="Passed" testListId="8c84fa94-04c1-424b-9868-57a2d4851a1d" relativeResultsDirectory="97b3e94f-55aa-4a85-8a8a-7fdcd60eb755" />
    <UnitTestResult executionId="0ecd8fe9-a326-4c36-8dcc-b0f6a783ca2c" testId="f3d51917-28d8-1b5d-1bf7-f46cd9790b61" testName="TestMethod788" computerName="SUSALUJ" duration="00:00:00.0000364" startTime="2019-07-19T16:06:37.7147647+05:30" endTime="2019-07-19T16:06:37.7147647+05:30" testType="13cdc9d9-ddb5-4fa4-a97d-d965ccfc6d4b" outcome="Passed" testListId="8c84fa94-04c1-424b-9868-57a2d4851a1d" relativeResultsDirectory="0ecd8fe9-a326-4c36-8dcc-b0f6a783ca2c" />
    <UnitTestResult executionId="049c2790-fc17-4534-9300-af12a179d99f" testId="c6ae7993-fc24-7155-0286-1345ac914309" testName="TestMethod904" computerName="SUSALUJ" duration="00:00:00.0000400" startTime="2019-07-19T16:06:37.6527634+05:30" endTime="2019-07-19T16:06:37.6527634+05:30" testType="13cdc9d9-ddb5-4fa4-a97d-d965ccfc6d4b" outcome="Passed" testListId="8c84fa94-04c1-424b-9868-57a2d4851a1d" relativeResultsDirectory="049c2790-fc17-4534-9300-af12a179d99f" />
    <UnitTestResult executionId="3fd6bf1f-317c-46b2-98a7-ed85d76c1f16" testId="dd567046-f7ca-abce-7baa-87b24b3619d3" testName="TestMethod89" computerName="SUSALUJ" duration="00:00:00.0000333" startTime="2019-07-19T16:06:38.0097654+05:30" endTime="2019-07-19T16:06:38.0097654+05:30" testType="13cdc9d9-ddb5-4fa4-a97d-d965ccfc6d4b" outcome="Passed" testListId="8c84fa94-04c1-424b-9868-57a2d4851a1d" relativeResultsDirectory="3fd6bf1f-317c-46b2-98a7-ed85d76c1f16" />
    <UnitTestResult executionId="982687cd-822c-454b-b7f3-4f4bfcf322a9" testId="771eb33e-93e6-e91b-ad0b-f89d4502a877" testName="TestMethod807" computerName="SUSALUJ" duration="00:00:00.0000251" startTime="2019-07-19T16:06:37.6687665+05:30" endTime="2019-07-19T16:06:37.6687665+05:30" testType="13cdc9d9-ddb5-4fa4-a97d-d965ccfc6d4b" outcome="Passed" testListId="8c84fa94-04c1-424b-9868-57a2d4851a1d" relativeResultsDirectory="982687cd-822c-454b-b7f3-4f4bfcf322a9" />
    <UnitTestResult executionId="73ec7c0e-e22a-4086-a71b-505565395754" testId="04f5279b-6d47-0d29-6d10-8c2864415e5b" testName="TestMethod294" computerName="SUSALUJ" duration="00:00:00.0000220" startTime="2019-07-19T16:06:37.8127688+05:30" endTime="2019-07-19T16:06:37.8127688+05:30" testType="13cdc9d9-ddb5-4fa4-a97d-d965ccfc6d4b" outcome="Passed" testListId="8c84fa94-04c1-424b-9868-57a2d4851a1d" relativeResultsDirectory="73ec7c0e-e22a-4086-a71b-505565395754" />
    <UnitTestResult executionId="685fc700-635e-4674-8b83-b62d5f6414cd" testId="a79a68ab-af27-1920-e9d4-dd74146d4c1b" testName="TestMethod896" computerName="SUSALUJ" duration="00:00:00.0000358" startTime="2019-07-19T16:06:37.6517641+05:30" endTime="2019-07-19T16:06:37.6517641+05:30" testType="13cdc9d9-ddb5-4fa4-a97d-d965ccfc6d4b" outcome="Passed" testListId="8c84fa94-04c1-424b-9868-57a2d4851a1d" relativeResultsDirectory="685fc700-635e-4674-8b83-b62d5f6414cd" />
    <UnitTestResult executionId="dc2ee4ae-bc7d-4169-92c5-d073f5ee5ed2" testId="bdbabfef-fc71-7a90-c6ce-f231309a0e74" testName="TestMethod909" computerName="SUSALUJ" duration="00:00:00.0000293" startTime="2019-07-19T16:06:37.6537640+05:30" endTime="2019-07-19T16:06:37.6537640+05:30" testType="13cdc9d9-ddb5-4fa4-a97d-d965ccfc6d4b" outcome="Passed" testListId="8c84fa94-04c1-424b-9868-57a2d4851a1d" relativeResultsDirectory="dc2ee4ae-bc7d-4169-92c5-d073f5ee5ed2" />
    <UnitTestResult executionId="7275be84-ce54-48a3-a663-4f687f6213b5" testId="750c3025-3439-f741-9b19-4bfbbd559e8b" testName="TestMethod301" computerName="SUSALUJ" duration="00:00:00.0000208" startTime="2019-07-19T16:06:37.8137658+05:30" endTime="2019-07-19T16:06:37.8137658+05:30" testType="13cdc9d9-ddb5-4fa4-a97d-d965ccfc6d4b" outcome="Passed" testListId="8c84fa94-04c1-424b-9868-57a2d4851a1d" relativeResultsDirectory="7275be84-ce54-48a3-a663-4f687f6213b5" />
    <UnitTestResult executionId="786502ac-3e11-4016-856b-e20b10cff9ee" testId="01e4aeae-5168-c485-be5d-213c14f12253" testName="TestMethod598" computerName="SUSALUJ" duration="00:00:00.0000472" startTime="2019-07-19T16:06:37.7597687+05:30" endTime="2019-07-19T16:06:37.7597687+05:30" testType="13cdc9d9-ddb5-4fa4-a97d-d965ccfc6d4b" outcome="Passed" testListId="8c84fa94-04c1-424b-9868-57a2d4851a1d" relativeResultsDirectory="786502ac-3e11-4016-856b-e20b10cff9ee" />
    <UnitTestResult executionId="398188a0-855a-4b60-a3db-f2b112df3374" testId="fbfb4c6b-296d-71e8-ed22-bf18fd31fa79" testName="TestMethod517" computerName="SUSALUJ" duration="00:00:00.0000349" startTime="2019-07-19T16:06:37.7837671+05:30" endTime="2019-07-19T16:06:37.7837671+05:30" testType="13cdc9d9-ddb5-4fa4-a97d-d965ccfc6d4b" outcome="Passed" testListId="8c84fa94-04c1-424b-9868-57a2d4851a1d" relativeResultsDirectory="398188a0-855a-4b60-a3db-f2b112df3374" />
    <UnitTestResult executionId="d810a5cd-26a6-4dc2-beb6-01e9cce04f44" testId="4449e191-70b4-e000-84a6-94e96fdd564e" testName="TestMethod113" computerName="SUSALUJ" duration="00:00:00.0000348" startTime="2019-07-19T16:06:37.8597666+05:30" endTime="2019-07-19T16:06:37.8597666+05:30" testType="13cdc9d9-ddb5-4fa4-a97d-d965ccfc6d4b" outcome="Passed" testListId="8c84fa94-04c1-424b-9868-57a2d4851a1d" relativeResultsDirectory="d810a5cd-26a6-4dc2-beb6-01e9cce04f44" />
    <UnitTestResult executionId="f3a55305-a82a-4c3c-ae5a-1fb33849e0d3" testId="ed1bf934-546a-affe-da50-91add822706b" testName="TestMethod976" computerName="SUSALUJ" duration="00:00:00.0000207" startTime="2019-07-19T16:06:37.6417651+05:30" endTime="2019-07-19T16:06:37.6417651+05:30" testType="13cdc9d9-ddb5-4fa4-a97d-d965ccfc6d4b" outcome="Passed" testListId="8c84fa94-04c1-424b-9868-57a2d4851a1d" relativeResultsDirectory="f3a55305-a82a-4c3c-ae5a-1fb33849e0d3" />
    <UnitTestResult executionId="cebb3877-b026-4b84-af0b-0f6d395dbc8e" testId="335d1f61-b7f0-8369-7438-d9b8103c6046" testName="TestMethod996" computerName="SUSALUJ" duration="00:00:00.0000533" startTime="2019-07-19T16:06:37.6467661+05:30" endTime="2019-07-19T16:06:37.6467661+05:30" testType="13cdc9d9-ddb5-4fa4-a97d-d965ccfc6d4b" outcome="Passed" testListId="8c84fa94-04c1-424b-9868-57a2d4851a1d" relativeResultsDirectory="cebb3877-b026-4b84-af0b-0f6d395dbc8e" />
    <UnitTestResult executionId="0ed85576-9451-413a-a196-b688f7156f9a" testId="92bfaf0a-71f6-f6dd-44a1-ce078bb2ce09" testName="TestMethod370" computerName="SUSALUJ" duration="00:00:00.0000315" startTime="2019-07-19T16:06:37.7897680+05:30" endTime="2019-07-19T16:06:37.7897680+05:30" testType="13cdc9d9-ddb5-4fa4-a97d-d965ccfc6d4b" outcome="Passed" testListId="8c84fa94-04c1-424b-9868-57a2d4851a1d" relativeResultsDirectory="0ed85576-9451-413a-a196-b688f7156f9a" />
    <UnitTestResult executionId="7b619a82-014f-415c-857a-38bb4805b81d" testId="71e43180-9fc8-09e3-4a30-1f1c3dd44699" testName="TestMethod210" computerName="SUSALUJ" duration="00:00:00.0000312" startTime="2019-07-19T16:06:37.8417663+05:30" endTime="2019-07-19T16:06:37.8417663+05:30" testType="13cdc9d9-ddb5-4fa4-a97d-d965ccfc6d4b" outcome="Passed" testListId="8c84fa94-04c1-424b-9868-57a2d4851a1d" relativeResultsDirectory="7b619a82-014f-415c-857a-38bb4805b81d" />
    <UnitTestResult executionId="c131dce3-ee3f-4f73-89a9-441855871cb6" testId="e678ece6-3eae-ab5b-07e0-d2024658a7bd" testName="TestMethod267" computerName="SUSALUJ" duration="00:00:00.0000317" startTime="2019-07-19T16:06:37.8557676+05:30" endTime="2019-07-19T16:06:37.8557676+05:30" testType="13cdc9d9-ddb5-4fa4-a97d-d965ccfc6d4b" outcome="Passed" testListId="8c84fa94-04c1-424b-9868-57a2d4851a1d" relativeResultsDirectory="c131dce3-ee3f-4f73-89a9-441855871cb6" />
    <UnitTestResult executionId="9f129863-fcb9-4678-99a5-4e3163e99d51" testId="c3739f62-c7a3-e688-300b-d9d5a91a27a4" testName="TestMethod142" computerName="SUSALUJ" duration="00:00:00.0000613" startTime="2019-07-19T16:06:37.8667671+05:30" endTime="2019-07-19T16:06:37.8697679+05:30" testType="13cdc9d9-ddb5-4fa4-a97d-d965ccfc6d4b" outcome="Passed" testListId="8c84fa94-04c1-424b-9868-57a2d4851a1d" relativeResultsDirectory="9f129863-fcb9-4678-99a5-4e3163e99d51" />
    <UnitTestResult executionId="adda5065-5a5d-4e48-bf19-76fe6dd26dea" testId="cb0ce914-069a-a2d2-d5db-059b679ed7ff" testName="TestMethod481" computerName="SUSALUJ" duration="00:00:00.0000464" startTime="2019-07-19T16:06:37.7727670+05:30" endTime="2019-07-19T16:06:37.7737685+05:30" testType="13cdc9d9-ddb5-4fa4-a97d-d965ccfc6d4b" outcome="Passed" testListId="8c84fa94-04c1-424b-9868-57a2d4851a1d" relativeResultsDirectory="adda5065-5a5d-4e48-bf19-76fe6dd26dea" />
    <UnitTestResult executionId="a182afb1-e793-46bc-90f8-c59164a7b5b3" testId="d887deae-a137-c36d-7b57-81b6e0173829" testName="TestMethod438" computerName="SUSALUJ" duration="00:00:00.0000332" startTime="2019-07-19T16:06:37.8067688+05:30" endTime="2019-07-19T16:06:37.8067688+05:30" testType="13cdc9d9-ddb5-4fa4-a97d-d965ccfc6d4b" outcome="Passed" testListId="8c84fa94-04c1-424b-9868-57a2d4851a1d" relativeResultsDirectory="a182afb1-e793-46bc-90f8-c59164a7b5b3" />
    <UnitTestResult executionId="1c621fac-7e15-47b1-bfdc-6289bcdc1285" testId="e2f3d818-d409-16eb-2ee8-b5371bac1d3a" testName="TestMethod544" computerName="SUSALUJ" duration="00:00:00.0000208" startTime="2019-07-19T16:06:37.7397664+05:30" endTime="2019-07-19T16:06:37.7397664+05:30" testType="13cdc9d9-ddb5-4fa4-a97d-d965ccfc6d4b" outcome="Passed" testListId="8c84fa94-04c1-424b-9868-57a2d4851a1d" relativeResultsDirectory="1c621fac-7e15-47b1-bfdc-6289bcdc1285" />
    <UnitTestResult executionId="3a2fd62c-3c35-434f-8e07-c43d525d442b" testId="8a6ac2f4-81d7-a198-4ede-8286f3c1c548" testName="TestMethod189" computerName="SUSALUJ" duration="00:00:00.0000540" startTime="2019-07-19T16:06:37.8827688+05:30" endTime="2019-07-19T16:06:37.8837692+05:30" testType="13cdc9d9-ddb5-4fa4-a97d-d965ccfc6d4b" outcome="Passed" testListId="8c84fa94-04c1-424b-9868-57a2d4851a1d" relativeResultsDirectory="3a2fd62c-3c35-434f-8e07-c43d525d442b" />
    <UnitTestResult executionId="d5544b78-f553-4e4a-8768-22b077c1bb15" testId="dbee600a-43b3-1f1d-cc85-07a8ccebdcdf" testName="TestMethod181" computerName="SUSALUJ" duration="00:00:00.0000395" startTime="2019-07-19T16:06:37.8797665+05:30" endTime="2019-07-19T16:06:37.8797665+05:30" testType="13cdc9d9-ddb5-4fa4-a97d-d965ccfc6d4b" outcome="Passed" testListId="8c84fa94-04c1-424b-9868-57a2d4851a1d" relativeResultsDirectory="d5544b78-f553-4e4a-8768-22b077c1bb15" />
    <UnitTestResult executionId="df9f33f9-6c11-42e0-927c-f77a8e9aa525" testId="58844bb4-401a-ed44-f97e-47352b0d4158" testName="TestMethod664" computerName="SUSALUJ" duration="00:00:00.0000326" startTime="2019-07-19T16:06:37.7267651+05:30" endTime="2019-07-19T16:06:37.7267651+05:30" testType="13cdc9d9-ddb5-4fa4-a97d-d965ccfc6d4b" outcome="Passed" testListId="8c84fa94-04c1-424b-9868-57a2d4851a1d" relativeResultsDirectory="df9f33f9-6c11-42e0-927c-f77a8e9aa525" />
    <UnitTestResult executionId="2eea7395-db4e-47d7-990e-ad69480ec67c" testId="097b32a1-e0b9-ea71-7991-dc8ab999ab8f" testName="TestMethod671" computerName="SUSALUJ" duration="00:00:00.0000210" startTime="2019-07-19T16:06:37.7287650+05:30" endTime="2019-07-19T16:06:37.7287650+05:30" testType="13cdc9d9-ddb5-4fa4-a97d-d965ccfc6d4b" outcome="Passed" testListId="8c84fa94-04c1-424b-9868-57a2d4851a1d" relativeResultsDirectory="2eea7395-db4e-47d7-990e-ad69480ec67c" />
    <UnitTestResult executionId="22d5c54f-6202-49ca-b325-6aad7ee1b481" testId="1e33afe7-7157-cefe-e152-f77ddf2ddddd" testName="TestMethod727" computerName="SUSALUJ" duration="00:00:00.0000338" startTime="2019-07-19T16:06:37.7007671+05:30" endTime="2019-07-19T16:06:37.7007671+05:30" testType="13cdc9d9-ddb5-4fa4-a97d-d965ccfc6d4b" outcome="Passed" testListId="8c84fa94-04c1-424b-9868-57a2d4851a1d" relativeResultsDirectory="22d5c54f-6202-49ca-b325-6aad7ee1b481" />
    <UnitTestResult executionId="d79fab76-7ccf-4cce-8a0b-7e5e36ec163b" testId="3766b0af-d418-58ea-edb7-c36f6905467d" testName="TestMethod654" computerName="SUSALUJ" duration="00:00:00.0000194" startTime="2019-07-19T16:06:37.7237686+05:30" endTime="2019-07-19T16:06:37.7237686+05:30" testType="13cdc9d9-ddb5-4fa4-a97d-d965ccfc6d4b" outcome="Passed" testListId="8c84fa94-04c1-424b-9868-57a2d4851a1d" relativeResultsDirectory="d79fab76-7ccf-4cce-8a0b-7e5e36ec163b" />
    <UnitTestResult executionId="92750ecb-dc1a-4363-9a9e-4d938feb5117" testId="5f7a8e66-9d98-684a-9ca4-8a93732e2d12" testName="TestMethod254" computerName="SUSALUJ" duration="00:00:00.0000282" startTime="2019-07-19T16:06:37.8517655+05:30" endTime="2019-07-19T16:06:37.8517655+05:30" testType="13cdc9d9-ddb5-4fa4-a97d-d965ccfc6d4b" outcome="Passed" testListId="8c84fa94-04c1-424b-9868-57a2d4851a1d" relativeResultsDirectory="92750ecb-dc1a-4363-9a9e-4d938feb5117" />
    <UnitTestResult executionId="0f7e8c1e-2a4f-4007-95a3-96bf15c49728" testId="74aa3629-e93c-366a-f4e2-ed6f6a0ac263" testName="TestMethod961" computerName="SUSALUJ" duration="00:00:00.0000227" startTime="2019-07-19T16:06:37.6337650+05:30" endTime="2019-07-19T16:06:37.6337650+05:30" testType="13cdc9d9-ddb5-4fa4-a97d-d965ccfc6d4b" outcome="Passed" testListId="8c84fa94-04c1-424b-9868-57a2d4851a1d" relativeResultsDirectory="0f7e8c1e-2a4f-4007-95a3-96bf15c49728" />
    <UnitTestResult executionId="f3b1986c-c102-4ebb-8355-233e7bb5439f" testId="a0a4a26c-e5c7-453e-8749-f5f247d9d460" testName="TestMethod271" computerName="SUSALUJ" duration="00:00:00.0000347" startTime="2019-07-19T16:06:37.8567660+05:30" endTime="2019-07-19T16:06:37.8567660+05:30" testType="13cdc9d9-ddb5-4fa4-a97d-d965ccfc6d4b" outcome="Passed" testListId="8c84fa94-04c1-424b-9868-57a2d4851a1d" relativeResultsDirectory="f3b1986c-c102-4ebb-8355-233e7bb5439f" />
    <UnitTestResult executionId="5b0c8f09-8fb1-48be-9ad4-a6ae580ac155" testId="2fe22068-754c-597f-0833-1bd50a45e77d" testName="TestMethod662" computerName="SUSALUJ" duration="00:00:00.0000317" startTime="2019-07-19T16:06:37.7267651+05:30" endTime="2019-07-19T16:06:37.7267651+05:30" testType="13cdc9d9-ddb5-4fa4-a97d-d965ccfc6d4b" outcome="Passed" testListId="8c84fa94-04c1-424b-9868-57a2d4851a1d" relativeResultsDirectory="5b0c8f09-8fb1-48be-9ad4-a6ae580ac155" />
    <UnitTestResult executionId="9b239523-0fe2-45f0-b30d-115f2d1f4ab8" testId="68809a73-9e02-b8d1-f87e-3e077b1cf1ba" testName="TestMethod93" computerName="SUSALUJ" duration="00:00:00.0000326" startTime="2019-07-19T16:06:38.0107645+05:30" endTime="2019-07-19T16:06:38.0107645+05:30" testType="13cdc9d9-ddb5-4fa4-a97d-d965ccfc6d4b" outcome="Passed" testListId="8c84fa94-04c1-424b-9868-57a2d4851a1d" relativeResultsDirectory="9b239523-0fe2-45f0-b30d-115f2d1f4ab8" />
    <UnitTestResult executionId="f78c30e1-e6b4-45c7-9278-45172f20abf0" testId="845c1c63-7893-cef3-546d-34d2f8566810" testName="TestMethod134" computerName="SUSALUJ" duration="00:00:00.0000416" startTime="2019-07-19T16:06:37.8647674+05:30" endTime="2019-07-19T16:06:37.8657677+05:30" testType="13cdc9d9-ddb5-4fa4-a97d-d965ccfc6d4b" outcome="Passed" testListId="8c84fa94-04c1-424b-9868-57a2d4851a1d" relativeResultsDirectory="f78c30e1-e6b4-45c7-9278-45172f20abf0" />
    <UnitTestResult executionId="d56427d5-a824-451a-8298-3037cb155ad7" testId="cb06d4f5-7dd8-86f9-8e74-9b3b68994dba" testName="TestMethod749" computerName="SUSALUJ" duration="00:00:00.0000196" startTime="2019-07-19T16:06:37.7057690+05:30" endTime="2019-07-19T16:06:37.7067647+05:30" testType="13cdc9d9-ddb5-4fa4-a97d-d965ccfc6d4b" outcome="Passed" testListId="8c84fa94-04c1-424b-9868-57a2d4851a1d" relativeResultsDirectory="d56427d5-a824-451a-8298-3037cb155ad7" />
    <UnitTestResult executionId="d0558eeb-a987-4e47-a144-f69405e91d55" testId="b4493abc-9402-6102-76d4-b6421abdf11f" testName="TestMethod939" computerName="SUSALUJ" duration="00:00:00.0000377" startTime="2019-07-19T16:06:37.6607656+05:30" endTime="2019-07-19T16:06:37.6607656+05:30" testType="13cdc9d9-ddb5-4fa4-a97d-d965ccfc6d4b" outcome="Passed" testListId="8c84fa94-04c1-424b-9868-57a2d4851a1d" relativeResultsDirectory="d0558eeb-a987-4e47-a144-f69405e91d55" />
    <UnitTestResult executionId="432768f8-b5c8-464b-84c2-f8bf9c71816f" testId="5e9bf8f9-fe4f-01f0-584d-773babb30215" testName="TestMethod138" computerName="SUSALUJ" duration="00:00:00.0000315" startTime="2019-07-19T16:06:37.8667671+05:30" endTime="2019-07-19T16:06:37.8667671+05:30" testType="13cdc9d9-ddb5-4fa4-a97d-d965ccfc6d4b" outcome="Passed" testListId="8c84fa94-04c1-424b-9868-57a2d4851a1d" relativeResultsDirectory="432768f8-b5c8-464b-84c2-f8bf9c71816f" />
    <UnitTestResult executionId="88095d28-8a96-40d7-abd1-ba9e29a40c38" testId="a1c7d30f-45fb-a8e2-c715-87d5532a8b7a" testName="TestMethod291" computerName="SUSALUJ" duration="00:00:00.0000454" startTime="2019-07-19T16:06:37.8117663+05:30" endTime="2019-07-19T16:06:37.8127688+05:30" testType="13cdc9d9-ddb5-4fa4-a97d-d965ccfc6d4b" outcome="Passed" testListId="8c84fa94-04c1-424b-9868-57a2d4851a1d" relativeResultsDirectory="88095d28-8a96-40d7-abd1-ba9e29a40c38" />
    <UnitTestResult executionId="bbb6440c-d478-47d8-961d-08561bd1a837" testId="8c1e5349-f7f5-d219-bcb3-94d6fb158aa8" testName="TestMethod502" computerName="SUSALUJ" duration="00:00:00.0000282" startTime="2019-07-19T16:06:37.7797659+05:30" endTime="2019-07-19T16:06:37.7797659+05:30" testType="13cdc9d9-ddb5-4fa4-a97d-d965ccfc6d4b" outcome="Passed" testListId="8c84fa94-04c1-424b-9868-57a2d4851a1d" relativeResultsDirectory="bbb6440c-d478-47d8-961d-08561bd1a837" />
    <UnitTestResult executionId="2fdc7744-8bc2-43ce-983f-28013cd42c63" testId="14f25edb-1659-8f52-8b86-e51e32ee796f" testName="TestMethod695" computerName="SUSALUJ" duration="00:00:00.0000290" startTime="2019-07-19T16:06:37.7347667+05:30" endTime="2019-07-19T16:06:37.7347667+05:30" testType="13cdc9d9-ddb5-4fa4-a97d-d965ccfc6d4b" outcome="Passed" testListId="8c84fa94-04c1-424b-9868-57a2d4851a1d" relativeResultsDirectory="2fdc7744-8bc2-43ce-983f-28013cd42c63" />
    <UnitTestResult executionId="ead05ddf-4a0d-492b-b130-33596ac25399" testId="cfda71d5-31f9-4e94-efd6-edb3e08b2951" testName="TestMethod50" computerName="SUSALUJ" duration="00:00:00.0000304" startTime="2019-07-19T16:06:38.0007657+05:30" endTime="2019-07-19T16:06:38.0007657+05:30" testType="13cdc9d9-ddb5-4fa4-a97d-d965ccfc6d4b" outcome="Passed" testListId="8c84fa94-04c1-424b-9868-57a2d4851a1d" relativeResultsDirectory="ead05ddf-4a0d-492b-b130-33596ac25399" />
    <UnitTestResult executionId="862579eb-5271-44cb-a90b-a676de662613" testId="161d7a92-ebf4-7cb4-f15d-4393a3b5ae64" testName="TestMethod67" computerName="SUSALUJ" duration="00:00:00.0000208" startTime="2019-07-19T16:06:38.0047671+05:30" endTime="2019-07-19T16:06:38.0047671+05:30" testType="13cdc9d9-ddb5-4fa4-a97d-d965ccfc6d4b" outcome="Passed" testListId="8c84fa94-04c1-424b-9868-57a2d4851a1d" relativeResultsDirectory="862579eb-5271-44cb-a90b-a676de662613" />
    <UnitTestResult executionId="a9cc9b42-29fe-4e25-93e3-4d239d52e675" testId="818b93cc-57c9-8a60-8c61-aaa8a7853397" testName="TestMethod249" computerName="SUSALUJ" duration="00:00:00.0000258" startTime="2019-07-19T16:06:37.8507693+05:30" endTime="2019-07-19T16:06:37.8507693+05:30" testType="13cdc9d9-ddb5-4fa4-a97d-d965ccfc6d4b" outcome="Passed" testListId="8c84fa94-04c1-424b-9868-57a2d4851a1d" relativeResultsDirectory="a9cc9b42-29fe-4e25-93e3-4d239d52e675" />
    <UnitTestResult executionId="9ff7aeb0-7bb6-4860-884e-4d4e452302bc" testId="bc65e94b-7077-ded6-39f5-e5d52741d172" testName="TestMethod668" computerName="SUSALUJ" duration="00:00:00.0000309" startTime="2019-07-19T16:06:37.7277655+05:30" endTime="2019-07-19T16:06:37.7277655+05:30" testType="13cdc9d9-ddb5-4fa4-a97d-d965ccfc6d4b" outcome="Passed" testListId="8c84fa94-04c1-424b-9868-57a2d4851a1d" relativeResultsDirectory="9ff7aeb0-7bb6-4860-884e-4d4e452302bc" />
    <UnitTestResult executionId="d782d62c-3246-425f-85b9-d1a3c434dd74" testId="11bbc7aa-4d0a-2a54-64b8-d3063aafb9fc" testName="TestMethod638" computerName="SUSALUJ" duration="00:00:00.0000320" startTime="2019-07-19T16:06:37.7197658+05:30" endTime="2019-07-19T16:06:37.7197658+05:30" testType="13cdc9d9-ddb5-4fa4-a97d-d965ccfc6d4b" outcome="Passed" testListId="8c84fa94-04c1-424b-9868-57a2d4851a1d" relativeResultsDirectory="d782d62c-3246-425f-85b9-d1a3c434dd74" />
    <UnitTestResult executionId="28631ca7-a3e6-4609-aa8b-496963daa367" testId="3cb191a3-f962-a2ab-322c-f22449c99113" testName="TestMethod998" computerName="SUSALUJ" duration="00:00:00.0000201" startTime="2019-07-19T16:06:37.6467661+05:30" endTime="2019-07-19T16:06:37.6467661+05:30" testType="13cdc9d9-ddb5-4fa4-a97d-d965ccfc6d4b" outcome="Passed" testListId="8c84fa94-04c1-424b-9868-57a2d4851a1d" relativeResultsDirectory="28631ca7-a3e6-4609-aa8b-496963daa367" />
    <UnitTestResult executionId="675ec9af-4373-44f5-8836-647c682e1aef" testId="40596cb0-9252-df2e-a81d-60fc4091b4b9" testName="TestMethod729" computerName="SUSALUJ" duration="00:00:00.0000322" startTime="2019-07-19T16:06:37.7007671+05:30" endTime="2019-07-19T16:06:37.7017649+05:30" testType="13cdc9d9-ddb5-4fa4-a97d-d965ccfc6d4b" outcome="Passed" testListId="8c84fa94-04c1-424b-9868-57a2d4851a1d" relativeResultsDirectory="675ec9af-4373-44f5-8836-647c682e1aef" />
    <UnitTestResult executionId="f24cc66d-62fa-4bb8-99bb-c42a2c5a8af0" testId="af8395b7-893f-6530-0c75-18ea7b0cb16b" testName="TestMethod567" computerName="SUSALUJ" duration="00:00:00.0000439" startTime="2019-07-19T16:06:37.7527656+05:30" endTime="2019-07-19T16:06:37.7527656+05:30" testType="13cdc9d9-ddb5-4fa4-a97d-d965ccfc6d4b" outcome="Passed" testListId="8c84fa94-04c1-424b-9868-57a2d4851a1d" relativeResultsDirectory="f24cc66d-62fa-4bb8-99bb-c42a2c5a8af0" />
    <UnitTestResult executionId="1a19581e-2868-4894-9b35-1dc8fabe2420" testId="d9f94ef3-bb07-d44b-bd02-b9d9f8d4104c" testName="TestMethod296" computerName="SUSALUJ" duration="00:00:00.0000215" startTime="2019-07-19T16:06:37.8137658+05:30" endTime="2019-07-19T16:06:37.8137658+05:30" testType="13cdc9d9-ddb5-4fa4-a97d-d965ccfc6d4b" outcome="Passed" testListId="8c84fa94-04c1-424b-9868-57a2d4851a1d" relativeResultsDirectory="1a19581e-2868-4894-9b35-1dc8fabe2420" />
    <UnitTestResult executionId="5acf3254-2cf8-4df3-b54a-722b17c1d04b" testId="fe0075bd-0bd2-048b-470a-7c6feb3f4475" testName="TestMethod745" computerName="SUSALUJ" duration="00:00:00.0000414" startTime="2019-07-19T16:06:37.7047657+05:30" endTime="2019-07-19T16:06:37.7057690+05:30" testType="13cdc9d9-ddb5-4fa4-a97d-d965ccfc6d4b" outcome="Passed" testListId="8c84fa94-04c1-424b-9868-57a2d4851a1d" relativeResultsDirectory="5acf3254-2cf8-4df3-b54a-722b17c1d04b" />
    <UnitTestResult executionId="af13c9d8-a87a-4bd1-848e-2389b3435c06" testId="637db4e2-e241-6d89-dd53-261e830e69bf" testName="TestMethod202" computerName="SUSALUJ" duration="00:00:00.0000241" startTime="2019-07-19T16:06:37.8397672+05:30" endTime="2019-07-19T16:06:37.8407656+05:30" testType="13cdc9d9-ddb5-4fa4-a97d-d965ccfc6d4b" outcome="Passed" testListId="8c84fa94-04c1-424b-9868-57a2d4851a1d" relativeResultsDirectory="af13c9d8-a87a-4bd1-848e-2389b3435c06" />
    <UnitTestResult executionId="88b69449-406e-4881-90d8-460946cf80ec" testId="de7b907d-6191-4d8c-973b-2cc373c72fb7" testName="TestMethod463" computerName="SUSALUJ" duration="00:00:00.0000411" startTime="2019-07-19T16:06:37.7677667+05:30" endTime="2019-07-19T16:06:37.7687664+05:30" testType="13cdc9d9-ddb5-4fa4-a97d-d965ccfc6d4b" outcome="Passed" testListId="8c84fa94-04c1-424b-9868-57a2d4851a1d" relativeResultsDirectory="88b69449-406e-4881-90d8-460946cf80ec" />
    <UnitTestResult executionId="d5e97430-a94d-4897-9b54-bcffbb883c64" testId="c519c5d5-7816-5e87-801a-d5dda1bda46d" testName="TestMethod928" computerName="SUSALUJ" duration="00:00:00.0000364" startTime="2019-07-19T16:06:37.6577652+05:30" endTime="2019-07-19T16:06:37.6577652+05:30" testType="13cdc9d9-ddb5-4fa4-a97d-d965ccfc6d4b" outcome="Passed" testListId="8c84fa94-04c1-424b-9868-57a2d4851a1d" relativeResultsDirectory="d5e97430-a94d-4897-9b54-bcffbb883c64" />
    <UnitTestResult executionId="e0dc2af1-2605-46a2-8772-ec24e3809282" testId="56942e60-3679-73a6-3404-cadf7229f611" testName="TestMethod232" computerName="SUSALUJ" duration="00:00:00.0000348" startTime="2019-07-19T16:06:37.8457651+05:30" endTime="2019-07-19T16:06:37.8467650+05:30" testType="13cdc9d9-ddb5-4fa4-a97d-d965ccfc6d4b" outcome="Passed" testListId="8c84fa94-04c1-424b-9868-57a2d4851a1d" relativeResultsDirectory="e0dc2af1-2605-46a2-8772-ec24e3809282" />
    <UnitTestResult executionId="e9c45d62-d43f-4c66-af2f-6b4f4bacf923" testId="b0c4ea30-705a-8180-1155-ef335a3c3ef9" testName="TestMethod994" computerName="SUSALUJ" duration="00:00:00.0000310" startTime="2019-07-19T16:06:37.6457674+05:30" endTime="2019-07-19T16:06:37.6457674+05:30" testType="13cdc9d9-ddb5-4fa4-a97d-d965ccfc6d4b" outcome="Passed" testListId="8c84fa94-04c1-424b-9868-57a2d4851a1d" relativeResultsDirectory="e9c45d62-d43f-4c66-af2f-6b4f4bacf923" />
    <UnitTestResult executionId="87c3462b-b8a3-423f-a5dd-134c034f1dee" testId="f82332ef-7e4a-1896-d313-946a251f4768" testName="TestMethod853" computerName="SUSALUJ" duration="00:00:00.0000320" startTime="2019-07-19T16:06:37.6877663+05:30" endTime="2019-07-19T16:06:37.6877663+05:30" testType="13cdc9d9-ddb5-4fa4-a97d-d965ccfc6d4b" outcome="Passed" testListId="8c84fa94-04c1-424b-9868-57a2d4851a1d" relativeResultsDirectory="87c3462b-b8a3-423f-a5dd-134c034f1dee" />
    <UnitTestResult executionId="dbf4bec4-d467-441e-8c7b-da488b552daa" testId="66f88e8d-25f5-45b5-b84b-7eb9f767cf1a" testName="TestMethod12" computerName="SUSALUJ" duration="00:00:00.0005731" startTime="2019-07-19T16:06:37.9857679+05:30" endTime="2019-07-19T16:06:37.9867675+05:30" testType="13cdc9d9-ddb5-4fa4-a97d-d965ccfc6d4b" outcome="Failed" testListId="8c84fa94-04c1-424b-9868-57a2d4851a1d" relativeResultsDirectory="dbf4bec4-d467-441e-8c7b-da488b552daa">
      <Output>
        <ErrorInfo>
          <Message>Assert.AreEqual failed. Expected:&lt;2&gt;. Actual:&lt;4&gt;. </Message>
          <StackTrace>   at TestProjectWON.UnitTest1.TestMethod12() in C:\agent\_work\8\s\TestProjectWON\UnitTest1.cs:line 73&#xD;
</StackTrace>
        </ErrorInfo>
      </Output>
    </UnitTestResult>
    <UnitTestResult executionId="5148a72c-2fbc-42e2-a4ae-f7bd6663414d" testId="c527a895-c38a-06f4-d0f7-7740f1d38d2f" testName="TestMethod366" computerName="SUSALUJ" duration="00:00:00.0000349" startTime="2019-07-19T16:06:37.7887660+05:30" endTime="2019-07-19T16:06:37.7887660+05:30" testType="13cdc9d9-ddb5-4fa4-a97d-d965ccfc6d4b" outcome="Passed" testListId="8c84fa94-04c1-424b-9868-57a2d4851a1d" relativeResultsDirectory="5148a72c-2fbc-42e2-a4ae-f7bd6663414d" />
    <UnitTestResult executionId="dcb69415-d6e4-46c9-972f-2dac8c774f54" testId="fa5c1275-6796-4dcb-9f88-84aab4336a1f" testName="TestMethod473" computerName="SUSALUJ" duration="00:00:00.0000252" startTime="2019-07-19T16:06:37.7707690+05:30" endTime="2019-07-19T16:06:37.7707690+05:30" testType="13cdc9d9-ddb5-4fa4-a97d-d965ccfc6d4b" outcome="Passed" testListId="8c84fa94-04c1-424b-9868-57a2d4851a1d" relativeResultsDirectory="dcb69415-d6e4-46c9-972f-2dac8c774f54" />
    <UnitTestResult executionId="5da0c405-b753-49bf-af9d-067df93dfdba" testId="5e65393c-9ef4-eb3c-77a0-b94e35a5390b" testName="TestMethod647" computerName="SUSALUJ" duration="00:00:00.0000203" startTime="2019-07-19T16:06:37.7227701+05:30" endTime="2019-07-19T16:06:37.7227701+05:30" testType="13cdc9d9-ddb5-4fa4-a97d-d965ccfc6d4b" outcome="Passed" testListId="8c84fa94-04c1-424b-9868-57a2d4851a1d" relativeResultsDirectory="5da0c405-b753-49bf-af9d-067df93dfdba" />
    <UnitTestResult executionId="b5e30c14-e565-444b-9075-8376bc24f81d" testId="c645270a-0325-f6e0-9b6a-41655fc7fd00" testName="TestMethod213" computerName="SUSALUJ" duration="00:00:00.0000303" startTime="2019-07-19T16:06:37.8427656+05:30" endTime="2019-07-19T16:06:37.8427656+05:30" testType="13cdc9d9-ddb5-4fa4-a97d-d965ccfc6d4b" outcome="Passed" testListId="8c84fa94-04c1-424b-9868-57a2d4851a1d" relativeResultsDirectory="b5e30c14-e565-444b-9075-8376bc24f81d" />
    <UnitTestResult executionId="f1bcef36-96a0-497b-a854-d926fb35707a" testId="45e3f4e9-8f3c-fbfa-2a52-4962f794af92" testName="TestMethod151" computerName="SUSALUJ" duration="00:00:00.0000228" startTime="2019-07-19T16:06:37.8717655+05:30" endTime="2019-07-19T16:06:37.8717655+05:30" testType="13cdc9d9-ddb5-4fa4-a97d-d965ccfc6d4b" outcome="Passed" testListId="8c84fa94-04c1-424b-9868-57a2d4851a1d" relativeResultsDirectory="f1bcef36-96a0-497b-a854-d926fb35707a" />
    <UnitTestResult executionId="d7746e08-d462-456d-8421-3396b3e0c482" testId="d8957df7-44d0-2bcf-4a49-340744d2af36" testName="TestMethod863" computerName="SUSALUJ" duration="00:00:00.0004303" startTime="2019-07-19T16:06:37.6897656+05:30" endTime="2019-07-19T16:06:37.6907667+05:30" testType="13cdc9d9-ddb5-4fa4-a97d-d965ccfc6d4b" outcome="Passed" testListId="8c84fa94-04c1-424b-9868-57a2d4851a1d" relativeResultsDirectory="d7746e08-d462-456d-8421-3396b3e0c482" />
    <UnitTestResult executionId="8c2804c3-9c6c-443a-8857-e77c3a10d64e" testId="9690d7c7-ef93-a224-41e2-b62a3eea7ce8" testName="TestMethod265" computerName="SUSALUJ" duration="00:00:00.0000375" startTime="2019-07-19T16:06:37.8547660+05:30" endTime="2019-07-19T16:06:37.8557676+05:30" testType="13cdc9d9-ddb5-4fa4-a97d-d965ccfc6d4b" outcome="Passed" testListId="8c84fa94-04c1-424b-9868-57a2d4851a1d" relativeResultsDirectory="8c2804c3-9c6c-443a-8857-e77c3a10d64e" />
    <UnitTestResult executionId="68598181-14e1-4df2-8b63-06dc6273bafa" testId="4e33757a-0531-d590-48ef-bbff20e5f652" testName="TestMethod805" computerName="SUSALUJ" duration="00:00:00.0000277" startTime="2019-07-19T16:06:37.6687665+05:30" endTime="2019-07-19T16:06:37.6687665+05:30" testType="13cdc9d9-ddb5-4fa4-a97d-d965ccfc6d4b" outcome="Passed" testListId="8c84fa94-04c1-424b-9868-57a2d4851a1d" relativeResultsDirectory="68598181-14e1-4df2-8b63-06dc6273bafa" />
    <UnitTestResult executionId="3b9b8267-9714-4775-a4b9-cf0fba4d0bcb" testId="4d6d5bbf-2c92-7539-9ffa-55db00723a35" testName="TestMethod384" computerName="SUSALUJ" duration="00:00:00.0000326" startTime="2019-07-19T16:06:37.7937690+05:30" endTime="2019-07-19T16:06:37.7937690+05:30" testType="13cdc9d9-ddb5-4fa4-a97d-d965ccfc6d4b" outcome="Passed" testListId="8c84fa94-04c1-424b-9868-57a2d4851a1d" relativeResultsDirectory="3b9b8267-9714-4775-a4b9-cf0fba4d0bcb" />
    <UnitTestResult executionId="42e49c75-81da-4132-b6ea-c9394839f2c5" testId="64599802-c291-61b6-4000-9ad4853a272e" testName="TestMethod845" computerName="SUSALUJ" duration="00:00:00.0000205" startTime="2019-07-19T16:06:37.6857641+05:30" endTime="2019-07-19T16:06:37.6857641+05:30" testType="13cdc9d9-ddb5-4fa4-a97d-d965ccfc6d4b" outcome="Passed" testListId="8c84fa94-04c1-424b-9868-57a2d4851a1d" relativeResultsDirectory="42e49c75-81da-4132-b6ea-c9394839f2c5" />
    <UnitTestResult executionId="59befdf2-98df-4939-97de-e6bd19cbd84c" testId="fcc75163-f852-5a64-5ffa-ee97b529c63f" testName="TestMethod381" computerName="SUSALUJ" duration="00:00:00.0000302" startTime="2019-07-19T16:06:37.7927671+05:30" endTime="2019-07-19T16:06:37.7927671+05:30" testType="13cdc9d9-ddb5-4fa4-a97d-d965ccfc6d4b" outcome="Passed" testListId="8c84fa94-04c1-424b-9868-57a2d4851a1d" relativeResultsDirectory="59befdf2-98df-4939-97de-e6bd19cbd84c" />
    <UnitTestResult executionId="8f6e2312-879e-45d4-a35e-f1fd9acefbe4" testId="e58a0942-0a45-f68c-4939-9698b6e41f36" testName="TestMethod826" computerName="SUSALUJ" duration="00:00:00.0000658" startTime="2019-07-19T16:06:37.6737681+05:30" endTime="2019-07-19T16:06:37.6747678+05:30" testType="13cdc9d9-ddb5-4fa4-a97d-d965ccfc6d4b" outcome="Passed" testListId="8c84fa94-04c1-424b-9868-57a2d4851a1d" relativeResultsDirectory="8f6e2312-879e-45d4-a35e-f1fd9acefbe4" />
    <UnitTestResult executionId="17c0aedf-f1cb-4337-b0bc-e667c1a2ee41" testId="70353261-d671-838d-c783-4f34d69baa4b" testName="TestMethod848" computerName="SUSALUJ" duration="00:00:00.0000314" startTime="2019-07-19T16:06:37.6857641+05:30" endTime="2019-07-19T16:06:37.6867657+05:30" testType="13cdc9d9-ddb5-4fa4-a97d-d965ccfc6d4b" outcome="Passed" testListId="8c84fa94-04c1-424b-9868-57a2d4851a1d" relativeResultsDirectory="17c0aedf-f1cb-4337-b0bc-e667c1a2ee41" />
    <UnitTestResult executionId="d9835d86-f579-462c-8cd5-ba3aff70aa3d" testId="5bf03c58-6476-4eda-a5b2-9ac79c3fe109" testName="TestMethod74" computerName="SUSALUJ" duration="00:00:00.0000202" startTime="2019-07-19T16:06:38.0057659+05:30" endTime="2019-07-19T16:06:38.0057659+05:30" testType="13cdc9d9-ddb5-4fa4-a97d-d965ccfc6d4b" outcome="Passed" testListId="8c84fa94-04c1-424b-9868-57a2d4851a1d" relativeResultsDirectory="d9835d86-f579-462c-8cd5-ba3aff70aa3d" />
    <UnitTestResult executionId="81e15264-ad6d-40f3-9585-25a40415cbe4" testId="6e6dbd3c-3d0c-906f-3c70-2056f7a67b63" testName="TestMethod316" computerName="SUSALUJ" duration="00:00:00.0000400" startTime="2019-07-19T16:06:37.8227678+05:30" endTime="2019-07-19T16:06:37.8227678+05:30" testType="13cdc9d9-ddb5-4fa4-a97d-d965ccfc6d4b" outcome="Passed" testListId="8c84fa94-04c1-424b-9868-57a2d4851a1d" relativeResultsDirectory="81e15264-ad6d-40f3-9585-25a40415cbe4" />
    <UnitTestResult executionId="78010d5b-c4c7-433c-bfa8-fd8df680f78c" testId="26390b3c-43c2-37b6-9c12-64b96cae7b7f" testName="TestMethod663" computerName="SUSALUJ" duration="00:00:00.0000323" startTime="2019-07-19T16:06:37.7267651+05:30" endTime="2019-07-19T16:06:37.7267651+05:30" testType="13cdc9d9-ddb5-4fa4-a97d-d965ccfc6d4b" outcome="Passed" testListId="8c84fa94-04c1-424b-9868-57a2d4851a1d" relativeResultsDirectory="78010d5b-c4c7-433c-bfa8-fd8df680f78c" />
    <UnitTestResult executionId="2ff64dd8-a7f3-40d5-8298-3c1efcfd1ed9" testId="820f3ace-3e93-711d-0339-aea4c38fcae6" testName="TestMethod180" computerName="SUSALUJ" duration="00:00:00.0000466" startTime="2019-07-19T16:06:37.8797665+05:30" endTime="2019-07-19T16:06:37.8797665+05:30" testType="13cdc9d9-ddb5-4fa4-a97d-d965ccfc6d4b" outcome="Passed" testListId="8c84fa94-04c1-424b-9868-57a2d4851a1d" relativeResultsDirectory="2ff64dd8-a7f3-40d5-8298-3c1efcfd1ed9" />
    <UnitTestResult executionId="e394a6b5-93dc-44ed-b734-0c69ea69f05e" testId="f7c00f1c-dce6-4692-1330-b06238af2fde" testName="TestMethod355" computerName="SUSALUJ" duration="00:00:00.0000297" startTime="2019-07-19T16:06:37.8357673+05:30" endTime="2019-07-19T16:06:37.8367667+05:30" testType="13cdc9d9-ddb5-4fa4-a97d-d965ccfc6d4b" outcome="Passed" testListId="8c84fa94-04c1-424b-9868-57a2d4851a1d" relativeResultsDirectory="e394a6b5-93dc-44ed-b734-0c69ea69f05e" />
    <UnitTestResult executionId="6571bfe4-1682-42d0-9fa9-90298df399b1" testId="64729b3e-9085-5c69-7b5e-5676ffd45abb" testName="TestMethod884" computerName="SUSALUJ" duration="00:00:00.0000586" startTime="2019-07-19T16:06:37.6497652+05:30" endTime="2019-07-19T16:06:37.6497652+05:30" testType="13cdc9d9-ddb5-4fa4-a97d-d965ccfc6d4b" outcome="Passed" testListId="8c84fa94-04c1-424b-9868-57a2d4851a1d" relativeResultsDirectory="6571bfe4-1682-42d0-9fa9-90298df399b1" />
    <UnitTestResult executionId="3376520d-c6ef-469e-bee7-a40c1561646e" testId="db77af82-b3b6-8406-262b-e90d81f20ca7" testName="TestMethod18" computerName="SUSALUJ" duration="00:00:00.0006262" startTime="2019-07-19T16:06:37.9927669+05:30" endTime="2019-07-19T16:06:37.9927669+05:30" testType="13cdc9d9-ddb5-4fa4-a97d-d965ccfc6d4b" outcome="Failed" testListId="8c84fa94-04c1-424b-9868-57a2d4851a1d" relativeResultsDirectory="3376520d-c6ef-469e-bee7-a40c1561646e">
      <Output>
        <ErrorInfo>
          <Message>Assert.AreEqual failed. Expected:&lt;2&gt;. Actual:&lt;4&gt;. </Message>
          <StackTrace>   at TestProjectWON.UnitTest1.TestMethod18() in C:\agent\_work\8\s\TestProjectWON\UnitTest1.cs:line 103&#xD;
</StackTrace>
        </ErrorInfo>
      </Output>
    </UnitTestResult>
    <UnitTestResult executionId="72ee973b-ceeb-4a26-b4a0-3f6a1ee168be" testId="68377dec-78a1-9e58-48ed-4d7646bf5d48" testName="TestMethod816" computerName="SUSALUJ" duration="00:00:00.0000296" startTime="2019-07-19T16:06:37.6707665+05:30" endTime="2019-07-19T16:06:37.6707665+05:30" testType="13cdc9d9-ddb5-4fa4-a97d-d965ccfc6d4b" outcome="Passed" testListId="8c84fa94-04c1-424b-9868-57a2d4851a1d" relativeResultsDirectory="72ee973b-ceeb-4a26-b4a0-3f6a1ee168be" />
    <UnitTestResult executionId="69124128-22c6-4be4-837c-574ae6a723a8" testId="0c56622f-0730-7199-ea05-9dbdb954706d" testName="TestMethod160" computerName="SUSALUJ" duration="00:00:00.0000342" startTime="2019-07-19T16:06:37.8747667+05:30" endTime="2019-07-19T16:06:37.8747667+05:30" testType="13cdc9d9-ddb5-4fa4-a97d-d965ccfc6d4b" outcome="Passed" testListId="8c84fa94-04c1-424b-9868-57a2d4851a1d" relativeResultsDirectory="69124128-22c6-4be4-837c-574ae6a723a8" />
    <UnitTestResult executionId="8daeb1d8-eaa5-448e-a4c1-4917b09ff343" testId="d7fc06cb-4a54-752b-3aa7-d677630a2735" testName="TestMethod304" computerName="SUSALUJ" duration="00:00:00.0000521" startTime="2019-07-19T16:06:37.8157674+05:30" endTime="2019-07-19T16:06:37.8157674+05:30" testType="13cdc9d9-ddb5-4fa4-a97d-d965ccfc6d4b" outcome="Passed" testListId="8c84fa94-04c1-424b-9868-57a2d4851a1d" relativeResultsDirectory="8daeb1d8-eaa5-448e-a4c1-4917b09ff343" />
    <UnitTestResult executionId="32885ba2-b68b-43e5-8cee-adc21389f215" testId="a471cbe6-ddac-d857-6850-01d41582ed50" testName="TestMethod577" computerName="SUSALUJ" duration="00:00:00.0000270" startTime="2019-07-19T16:06:37.7557674+05:30" endTime="2019-07-19T16:06:37.7557674+05:30" testType="13cdc9d9-ddb5-4fa4-a97d-d965ccfc6d4b" outcome="Passed" testListId="8c84fa94-04c1-424b-9868-57a2d4851a1d" relativeResultsDirectory="32885ba2-b68b-43e5-8cee-adc21389f215" />
    <UnitTestResult executionId="52981236-a801-4c51-9b19-b63334a8537a" testId="4bc627cd-508d-6844-b866-7ab76843038f" testName="TestMethod705" computerName="SUSALUJ" duration="00:00:00.0000438" startTime="2019-07-19T16:06:37.6947644+05:30" endTime="2019-07-19T16:06:37.6947644+05:30" testType="13cdc9d9-ddb5-4fa4-a97d-d965ccfc6d4b" outcome="Passed" testListId="8c84fa94-04c1-424b-9868-57a2d4851a1d" relativeResultsDirectory="52981236-a801-4c51-9b19-b63334a8537a" />
    <UnitTestResult executionId="e27f2172-4620-43cf-819e-ac353cf98c41" testId="2c2a79ca-ceae-8884-25a5-a7c107220ca4" testName="TestMethod440" computerName="SUSALUJ" duration="00:00:00.0000211" startTime="2019-07-19T16:06:37.8077669+05:30" endTime="2019-07-19T16:06:37.8077669+05:30" testType="13cdc9d9-ddb5-4fa4-a97d-d965ccfc6d4b" outcome="Passed" testListId="8c84fa94-04c1-424b-9868-57a2d4851a1d" relativeResultsDirectory="e27f2172-4620-43cf-819e-ac353cf98c41" />
    <UnitTestResult executionId="a081d17f-2a5d-4552-8fd0-e6f64e720474" testId="d0c3469c-3e89-21a1-aed7-39e7e37890ac" testName="TestMethod899" computerName="SUSALUJ" duration="00:00:00.0000372" startTime="2019-07-19T16:06:37.6517641+05:30" endTime="2019-07-19T16:06:37.6517641+05:30" testType="13cdc9d9-ddb5-4fa4-a97d-d965ccfc6d4b" outcome="Passed" testListId="8c84fa94-04c1-424b-9868-57a2d4851a1d" relativeResultsDirectory="a081d17f-2a5d-4552-8fd0-e6f64e720474" />
    <UnitTestResult executionId="574c34d5-a394-4f57-99fe-808781f7d769" testId="6c1b5ffd-23a5-ac1a-9ea4-975ad90a2e9d" testName="TestMethod499" computerName="SUSALUJ" duration="00:00:00.0000337" startTime="2019-07-19T16:06:37.7787670+05:30" endTime="2019-07-19T16:06:37.7797659+05:30" testType="13cdc9d9-ddb5-4fa4-a97d-d965ccfc6d4b" outcome="Passed" testListId="8c84fa94-04c1-424b-9868-57a2d4851a1d" relativeResultsDirectory="574c34d5-a394-4f57-99fe-808781f7d769" />
    <UnitTestResult executionId="bf0c218c-507a-41b9-b7c5-ac80b60e5f1a" testId="f3747f62-14f1-48a5-a7b1-1b9199652429" testName="TestMethod364" computerName="SUSALUJ" duration="00:00:00.0000301" startTime="2019-07-19T16:06:37.7877651+05:30" endTime="2019-07-19T16:06:37.7877651+05:30" testType="13cdc9d9-ddb5-4fa4-a97d-d965ccfc6d4b" outcome="Passed" testListId="8c84fa94-04c1-424b-9868-57a2d4851a1d" relativeResultsDirectory="bf0c218c-507a-41b9-b7c5-ac80b60e5f1a" />
    <UnitTestResult executionId="92cf5bf2-b468-4337-8837-c389cad3a3b9" testId="772eca89-e36b-2caf-3a61-430b15d26025" testName="TestMethod129" computerName="SUSALUJ" duration="00:00:00.0000202" startTime="2019-07-19T16:06:37.8637664+05:30" endTime="2019-07-19T16:06:37.8637664+05:30" testType="13cdc9d9-ddb5-4fa4-a97d-d965ccfc6d4b" outcome="Passed" testListId="8c84fa94-04c1-424b-9868-57a2d4851a1d" relativeResultsDirectory="92cf5bf2-b468-4337-8837-c389cad3a3b9" />
    <UnitTestResult executionId="25eff843-5437-407b-a7ce-b54217187275" testId="f485866e-6a88-dc9e-621c-61b0d8655cb6" testName="TestMethod452" computerName="SUSALUJ" duration="00:00:00.0000422" startTime="2019-07-19T16:06:37.7657655+05:30" endTime="2019-07-19T16:06:37.7667689+05:30" testType="13cdc9d9-ddb5-4fa4-a97d-d965ccfc6d4b" outcome="Passed" testListId="8c84fa94-04c1-424b-9868-57a2d4851a1d" relativeResultsDirectory="25eff843-5437-407b-a7ce-b54217187275" />
    <UnitTestResult executionId="10427172-4d74-4b91-90c1-44eed96a5bf1" testId="33dbfa51-48d5-b1fc-ce45-3e93c43464c3" testName="TestMethod752" computerName="SUSALUJ" duration="00:00:00.0000191" startTime="2019-07-19T16:06:37.7067647+05:30" endTime="2019-07-19T16:06:37.7067647+05:30" testType="13cdc9d9-ddb5-4fa4-a97d-d965ccfc6d4b" outcome="Passed" testListId="8c84fa94-04c1-424b-9868-57a2d4851a1d" relativeResultsDirectory="10427172-4d74-4b91-90c1-44eed96a5bf1" />
    <UnitTestResult executionId="b374e2f6-1eed-4ea4-be10-f6eafc0e8c53" testId="432debbb-7891-744e-6ad0-c88119e78bf9" testName="TestMethod842" computerName="SUSALUJ" duration="00:00:00.0000221" startTime="2019-07-19T16:06:37.6857641+05:30" endTime="2019-07-19T16:06:37.6857641+05:30" testType="13cdc9d9-ddb5-4fa4-a97d-d965ccfc6d4b" outcome="Passed" testListId="8c84fa94-04c1-424b-9868-57a2d4851a1d" relativeResultsDirectory="b374e2f6-1eed-4ea4-be10-f6eafc0e8c53" />
    <UnitTestResult executionId="09b7d042-4927-4bec-b650-d0d91e2c6961" testId="f5ef0929-25d2-0a65-e818-3b671d60cb6e" testName="TestMethod784" computerName="SUSALUJ" duration="00:00:00.0003803" startTime="2019-07-19T16:06:37.7127657+05:30" endTime="2019-07-19T16:06:37.7137653+05:30" testType="13cdc9d9-ddb5-4fa4-a97d-d965ccfc6d4b" outcome="Passed" testListId="8c84fa94-04c1-424b-9868-57a2d4851a1d" relativeResultsDirectory="09b7d042-4927-4bec-b650-d0d91e2c6961" />
    <UnitTestResult executionId="d183a165-5e3c-45b7-8744-cec4c5ddf897" testId="53fee51d-4781-0684-0a02-aa461058c8b7" testName="TestMethod236" computerName="SUSALUJ" duration="00:00:00.0000296" startTime="2019-07-19T16:06:37.8467650+05:30" endTime="2019-07-19T16:06:37.8477651+05:30" testType="13cdc9d9-ddb5-4fa4-a97d-d965ccfc6d4b" outcome="Passed" testListId="8c84fa94-04c1-424b-9868-57a2d4851a1d" relativeResultsDirectory="d183a165-5e3c-45b7-8744-cec4c5ddf897" />
    <UnitTestResult executionId="d0de2265-7103-4d0e-8767-dd14a82afa40" testId="0119a4b7-c187-9828-e5a7-c1167f73bb3d" testName="TestMethod934" computerName="SUSALUJ" duration="00:00:00.0000621" startTime="2019-07-19T16:06:37.6597655+05:30" endTime="2019-07-19T16:06:37.6597655+05:30" testType="13cdc9d9-ddb5-4fa4-a97d-d965ccfc6d4b" outcome="Passed" testListId="8c84fa94-04c1-424b-9868-57a2d4851a1d" relativeResultsDirectory="d0de2265-7103-4d0e-8767-dd14a82afa40" />
    <UnitTestResult executionId="a03f886b-595e-4803-a4ec-f35f12576b28" testId="ff1e69eb-085c-6199-f57b-ed916e916920" testName="TestMethod523" computerName="SUSALUJ" duration="00:00:00.0000242" startTime="2019-07-19T16:06:37.7857670+05:30" endTime="2019-07-19T16:06:37.7857670+05:30" testType="13cdc9d9-ddb5-4fa4-a97d-d965ccfc6d4b" outcome="Passed" testListId="8c84fa94-04c1-424b-9868-57a2d4851a1d" relativeResultsDirectory="a03f886b-595e-4803-a4ec-f35f12576b28" />
    <UnitTestResult executionId="794b1a6f-653d-4071-8634-aaf1659a248e" testId="e2b45cc5-4560-d33c-abf2-641bc0cfad99" testName="TestMethod709" computerName="SUSALUJ" duration="00:00:00.0000242" startTime="2019-07-19T16:06:37.6957640+05:30" endTime="2019-07-19T16:06:37.6957640+05:30" testType="13cdc9d9-ddb5-4fa4-a97d-d965ccfc6d4b" outcome="Passed" testListId="8c84fa94-04c1-424b-9868-57a2d4851a1d" relativeResultsDirectory="794b1a6f-653d-4071-8634-aaf1659a248e" />
    <UnitTestResult executionId="4bb9bb19-e9bc-4a97-b6f4-2fa3a8057010" testId="56e0b8cb-edaa-ac2f-856d-8624111180dc" testName="TestMethod272" computerName="SUSALUJ" duration="00:00:00.0000320" startTime="2019-07-19T16:06:37.8567660+05:30" endTime="2019-07-19T16:06:37.8567660+05:30" testType="13cdc9d9-ddb5-4fa4-a97d-d965ccfc6d4b" outcome="Passed" testListId="8c84fa94-04c1-424b-9868-57a2d4851a1d" relativeResultsDirectory="4bb9bb19-e9bc-4a97-b6f4-2fa3a8057010" />
    <UnitTestResult executionId="93a9a50b-1413-474c-8a1e-13ee176a0301" testId="f978e587-6fdb-73f8-9866-42c923e61ecf" testName="TestMethod388" computerName="SUSALUJ" duration="00:00:00.0000199" startTime="2019-07-19T16:06:37.7947670+05:30" endTime="2019-07-19T16:06:37.7947670+05:30" testType="13cdc9d9-ddb5-4fa4-a97d-d965ccfc6d4b" outcome="Passed" testListId="8c84fa94-04c1-424b-9868-57a2d4851a1d" relativeResultsDirectory="93a9a50b-1413-474c-8a1e-13ee176a0301" />
    <UnitTestResult executionId="69a6587d-6b3f-44aa-a8a7-322e713c1dec" testId="9d715704-5114-b932-199c-a93e76eef610" testName="TestMethod946" computerName="SUSALUJ" duration="00:00:00.0000201" startTime="2019-07-19T16:06:37.6617655+05:30" endTime="2019-07-19T16:06:37.6617655+05:30" testType="13cdc9d9-ddb5-4fa4-a97d-d965ccfc6d4b" outcome="Passed" testListId="8c84fa94-04c1-424b-9868-57a2d4851a1d" relativeResultsDirectory="69a6587d-6b3f-44aa-a8a7-322e713c1dec" />
    <UnitTestResult executionId="70c7cfaa-9c32-4899-aabf-58dbaac3ec00" testId="766c5017-8c1b-76f2-b482-c97f8fac42b9" testName="TestMethod787" computerName="SUSALUJ" duration="00:00:00.0000206" startTime="2019-07-19T16:06:37.7137653+05:30" endTime="2019-07-19T16:06:37.7137653+05:30" testType="13cdc9d9-ddb5-4fa4-a97d-d965ccfc6d4b" outcome="Passed" testListId="8c84fa94-04c1-424b-9868-57a2d4851a1d" relativeResultsDirectory="70c7cfaa-9c32-4899-aabf-58dbaac3ec00" />
    <UnitTestResult executionId="2482c2c8-84e4-4773-a24c-9fc0a274f8f1" testId="1d5b8de3-411a-86e5-9025-60f31bb413de" testName="TestMethod15" computerName="SUSALUJ" duration="00:00:00.0010531" startTime="2019-07-19T16:06:37.9887661+05:30" endTime="2019-07-19T16:06:37.9907671+05:30" testType="13cdc9d9-ddb5-4fa4-a97d-d965ccfc6d4b" outcome="Failed" testListId="8c84fa94-04c1-424b-9868-57a2d4851a1d" relativeResultsDirectory="2482c2c8-84e4-4773-a24c-9fc0a274f8f1">
      <Output>
        <ErrorInfo>
          <Message>Assert.AreEqual failed. Expected:&lt;2&gt;. Actual:&lt;4&gt;. </Message>
          <StackTrace>   at TestProjectWON.UnitTest1.TestMethod15() in C:\agent\_work\8\s\TestProjectWON\UnitTest1.cs:line 88&#xD;
</StackTrace>
        </ErrorInfo>
      </Output>
    </UnitTestResult>
    <UnitTestResult executionId="cb393ace-e0d7-466c-9c1c-a16553174c9e" testId="8471d281-7987-c3f2-f68c-5a75fbc8613e" testName="TestMethod565" computerName="SUSALUJ" duration="00:00:00.0000319" startTime="2019-07-19T16:06:37.7517652+05:30" endTime="2019-07-19T16:06:37.7517652+05:30" testType="13cdc9d9-ddb5-4fa4-a97d-d965ccfc6d4b" outcome="Passed" testListId="8c84fa94-04c1-424b-9868-57a2d4851a1d" relativeResultsDirectory="cb393ace-e0d7-466c-9c1c-a16553174c9e" />
    <UnitTestResult executionId="cc4babad-0ed1-4462-b788-4eaf140000eb" testId="c4ad9168-0942-2fe7-58ae-fb96cd8c24e3" testName="TestMethod639" computerName="SUSALUJ" duration="00:00:00.0000302" startTime="2019-07-19T16:06:37.7197658+05:30" endTime="2019-07-19T16:06:37.7197658+05:30" testType="13cdc9d9-ddb5-4fa4-a97d-d965ccfc6d4b" outcome="Passed" testListId="8c84fa94-04c1-424b-9868-57a2d4851a1d" relativeResultsDirectory="cc4babad-0ed1-4462-b788-4eaf140000eb" />
    <UnitTestResult executionId="29783f09-96b5-4cb2-9c4b-bb8e20e20c10" testId="7be7807c-2f99-b2de-4e29-00a5159a25bb" testName="TestMethod655" computerName="SUSALUJ" duration="00:00:00.0003620" startTime="2019-07-19T16:06:37.7237686+05:30" endTime="2019-07-19T16:06:37.7247649+05:30" testType="13cdc9d9-ddb5-4fa4-a97d-d965ccfc6d4b" outcome="Passed" testListId="8c84fa94-04c1-424b-9868-57a2d4851a1d" relativeResultsDirectory="29783f09-96b5-4cb2-9c4b-bb8e20e20c10" />
    <UnitTestResult executionId="1aadf061-233f-476a-ab10-b7572531557e" testId="c561d776-c3ba-aeae-29c5-7b2bbf91fd1e" testName="TestMethod400" computerName="SUSALUJ" duration="00:00:00.0000199" startTime="2019-07-19T16:06:37.7967650+05:30" endTime="2019-07-19T16:06:37.7967650+05:30" testType="13cdc9d9-ddb5-4fa4-a97d-d965ccfc6d4b" outcome="Passed" testListId="8c84fa94-04c1-424b-9868-57a2d4851a1d" relativeResultsDirectory="1aadf061-233f-476a-ab10-b7572531557e" />
    <UnitTestResult executionId="3c67824a-736a-4fd3-995d-402c993ac021" testId="65d02e26-f6f3-f5a7-04d0-8af53f7c9611" testName="TestMethod208" computerName="SUSALUJ" duration="00:00:00.0000198" startTime="2019-07-19T16:06:37.8407656+05:30" endTime="2019-07-19T16:06:37.8407656+05:30" testType="13cdc9d9-ddb5-4fa4-a97d-d965ccfc6d4b" outcome="Passed" testListId="8c84fa94-04c1-424b-9868-57a2d4851a1d" relativeResultsDirectory="3c67824a-736a-4fd3-995d-402c993ac021" />
    <UnitTestResult executionId="46dd0102-86fe-4780-8799-4f4ae7cfa6a0" testId="79131899-3123-4cc0-aa77-5eb1f6caec1e" testName="TestMethod72" computerName="SUSALUJ" duration="00:00:00.0000202" startTime="2019-07-19T16:06:38.0057659+05:30" endTime="2019-07-19T16:06:38.0057659+05:30" testType="13cdc9d9-ddb5-4fa4-a97d-d965ccfc6d4b" outcome="Passed" testListId="8c84fa94-04c1-424b-9868-57a2d4851a1d" relativeResultsDirectory="46dd0102-86fe-4780-8799-4f4ae7cfa6a0" />
    <UnitTestResult executionId="38840d30-3b00-4d96-a6b3-133829677f12" testId="835b45ed-3072-ca89-7fba-8d5843f896c9" testName="TestMethod670" computerName="SUSALUJ" duration="00:00:00.0000245" startTime="2019-07-19T16:06:37.7287650+05:30" endTime="2019-07-19T16:06:37.7287650+05:30" testType="13cdc9d9-ddb5-4fa4-a97d-d965ccfc6d4b" outcome="Passed" testListId="8c84fa94-04c1-424b-9868-57a2d4851a1d" relativeResultsDirectory="38840d30-3b00-4d96-a6b3-133829677f12" />
    <UnitTestResult executionId="353eb714-c098-4f1d-8cce-35287b5a1d55" testId="646c80d4-1e6f-e318-95ec-045cb0052e57" testName="TestMethod406" computerName="SUSALUJ" duration="00:00:00.0000585" startTime="2019-07-19T16:06:37.7987705+05:30" endTime="2019-07-19T16:06:37.7997673+05:30" testType="13cdc9d9-ddb5-4fa4-a97d-d965ccfc6d4b" outcome="Passed" testListId="8c84fa94-04c1-424b-9868-57a2d4851a1d" relativeResultsDirectory="353eb714-c098-4f1d-8cce-35287b5a1d55" />
    <UnitTestResult executionId="ec0fa869-2a38-48fe-b929-9572b9010648" testId="4e1c4b3d-f4c1-c866-51e9-b239d1531aaf" testName="TestMethod678" computerName="SUSALUJ" duration="00:00:00.0000307" startTime="2019-07-19T16:06:37.7297671+05:30" endTime="2019-07-19T16:06:37.7297671+05:30" testType="13cdc9d9-ddb5-4fa4-a97d-d965ccfc6d4b" outcome="Passed" testListId="8c84fa94-04c1-424b-9868-57a2d4851a1d" relativeResultsDirectory="ec0fa869-2a38-48fe-b929-9572b9010648" />
    <UnitTestResult executionId="d1e782fa-9c82-4a92-96bb-b4bbdfeb053e" testId="4f1f47b0-26b2-1979-634e-f8f9191ffc10" testName="TestMethod245" computerName="SUSALUJ" duration="00:00:00.0000203" startTime="2019-07-19T16:06:37.8497672+05:30" endTime="2019-07-19T16:06:37.8497672+05:30" testType="13cdc9d9-ddb5-4fa4-a97d-d965ccfc6d4b" outcome="Passed" testListId="8c84fa94-04c1-424b-9868-57a2d4851a1d" relativeResultsDirectory="d1e782fa-9c82-4a92-96bb-b4bbdfeb053e" />
    <UnitTestResult executionId="993917ba-13ce-4bb3-9326-c368382a0840" testId="31e79aa8-bd1c-29aa-7f6a-8ecee2b21c3f" testName="TestMethod377" computerName="SUSALUJ" duration="00:00:00.0000216" startTime="2019-07-19T16:06:37.7917674+05:30" endTime="2019-07-19T16:06:37.7917674+05:30" testType="13cdc9d9-ddb5-4fa4-a97d-d965ccfc6d4b" outcome="Passed" testListId="8c84fa94-04c1-424b-9868-57a2d4851a1d" relativeResultsDirectory="993917ba-13ce-4bb3-9326-c368382a0840" />
    <UnitTestResult executionId="865f2d8d-a4fd-45db-b090-996bb53f44f0" testId="20c00590-2c53-2695-c3ac-b8e886cab6fe" testName="TestMethod864" computerName="SUSALUJ" duration="00:00:00.0000570" startTime="2019-07-19T16:06:37.6907667+05:30" endTime="2019-07-19T16:06:37.6907667+05:30" testType="13cdc9d9-ddb5-4fa4-a97d-d965ccfc6d4b" outcome="Passed" testListId="8c84fa94-04c1-424b-9868-57a2d4851a1d" relativeResultsDirectory="865f2d8d-a4fd-45db-b090-996bb53f44f0" />
    <UnitTestResult executionId="87ecb8da-4a24-4bf5-99cf-11e34441d9fb" testId="87f53ee5-bdbf-d777-f2bd-8587b117a696" testName="TestMethod203" computerName="SUSALUJ" duration="00:00:00.0000240" startTime="2019-07-19T16:06:37.8407656+05:30" endTime="2019-07-19T16:06:37.8407656+05:30" testType="13cdc9d9-ddb5-4fa4-a97d-d965ccfc6d4b" outcome="Passed" testListId="8c84fa94-04c1-424b-9868-57a2d4851a1d" relativeResultsDirectory="87ecb8da-4a24-4bf5-99cf-11e34441d9fb" />
    <UnitTestResult executionId="c8153c21-bacd-4a45-89ba-e28b8312ba73" testId="3501dd5e-3136-d1c4-6098-365f9bf98c33" testName="TestMethod568" computerName="SUSALUJ" duration="00:00:00.0000347" startTime="2019-07-19T16:06:37.7527656+05:30" endTime="2019-07-19T16:06:37.7537653+05:30" testType="13cdc9d9-ddb5-4fa4-a97d-d965ccfc6d4b" outcome="Passed" testListId="8c84fa94-04c1-424b-9868-57a2d4851a1d" relativeResultsDirectory="c8153c21-bacd-4a45-89ba-e28b8312ba73" />
    <UnitTestResult executionId="385d0988-ae3c-4202-bae4-c0b423f76c4e" testId="34eac8a9-eb9f-899c-54cc-01d053a5025d" testName="TestMethod580" computerName="SUSALUJ" duration="00:00:00.0000228" startTime="2019-07-19T16:06:37.7557674+05:30" endTime="2019-07-19T16:06:37.7557674+05:30" testType="13cdc9d9-ddb5-4fa4-a97d-d965ccfc6d4b" outcome="Passed" testListId="8c84fa94-04c1-424b-9868-57a2d4851a1d" relativeResultsDirectory="385d0988-ae3c-4202-bae4-c0b423f76c4e" />
    <UnitTestResult executionId="524de664-597b-4b3e-b0d3-624c4c9eae18" testId="43c92586-8281-f999-8a95-9ce6e6eceff3" testName="TestMethod503" computerName="SUSALUJ" duration="00:00:00.0000213" startTime="2019-07-19T16:06:37.7797659+05:30" endTime="2019-07-19T16:06:37.7797659+05:30" testType="13cdc9d9-ddb5-4fa4-a97d-d965ccfc6d4b" outcome="Passed" testListId="8c84fa94-04c1-424b-9868-57a2d4851a1d" relativeResultsDirectory="524de664-597b-4b3e-b0d3-624c4c9eae18" />
    <UnitTestResult executionId="24dabe52-5e0c-4847-ae88-15acd2fecd33" testId="da0c0bf8-239a-7aba-56e6-296b433406d6" testName="TestMethod967" computerName="SUSALUJ" duration="00:00:00.0000201" startTime="2019-07-19T16:06:37.6347651+05:30" endTime="2019-07-19T16:06:37.6347651+05:30" testType="13cdc9d9-ddb5-4fa4-a97d-d965ccfc6d4b" outcome="Passed" testListId="8c84fa94-04c1-424b-9868-57a2d4851a1d" relativeResultsDirectory="24dabe52-5e0c-4847-ae88-15acd2fecd33" />
    <UnitTestResult executionId="3c99ccbd-bfdc-4a04-b7bd-21eca79df1f7" testId="32d8d35d-18bd-1759-e4a1-a2f559756a8e" testName="TestMethod54" computerName="SUSALUJ" duration="00:00:00.0000265" startTime="2019-07-19T16:06:38.0017652+05:30" endTime="2019-07-19T16:06:38.0017652+05:30" testType="13cdc9d9-ddb5-4fa4-a97d-d965ccfc6d4b" outcome="Passed" testListId="8c84fa94-04c1-424b-9868-57a2d4851a1d" relativeResultsDirectory="3c99ccbd-bfdc-4a04-b7bd-21eca79df1f7" />
    <UnitTestResult executionId="de5b2a9e-35e7-4f48-b8a6-7db7ee2175fd" testId="24537c5d-0e18-40d7-eccf-628595fc74d0" testName="TestMethod775" computerName="SUSALUJ" duration="00:00:00.0000299" startTime="2019-07-19T16:06:37.7117728+05:30" endTime="2019-07-19T16:06:37.7117728+05:30" testType="13cdc9d9-ddb5-4fa4-a97d-d965ccfc6d4b" outcome="Passed" testListId="8c84fa94-04c1-424b-9868-57a2d4851a1d" relativeResultsDirectory="de5b2a9e-35e7-4f48-b8a6-7db7ee2175fd" />
    <UnitTestResult executionId="2e340804-f9de-4788-8cef-a162f36b055e" testId="12b9f234-a2ef-04c5-b6f4-6a34855ffbd4" testName="TestMethod707" computerName="SUSALUJ" duration="00:00:00.0000241" startTime="2019-07-19T16:06:37.6947644+05:30" endTime="2019-07-19T16:06:37.6947644+05:30" testType="13cdc9d9-ddb5-4fa4-a97d-d965ccfc6d4b" outcome="Passed" testListId="8c84fa94-04c1-424b-9868-57a2d4851a1d" relativeResultsDirectory="2e340804-f9de-4788-8cef-a162f36b055e" />
    <UnitTestResult executionId="6b2974e5-5c3c-438d-a4ac-177da86a831a" testId="2dc06b81-e052-35de-7b78-2a9d11dfefbb" testName="TestMethod825" computerName="SUSALUJ" duration="00:00:00.0000311" startTime="2019-07-19T16:06:37.6737681+05:30" endTime="2019-07-19T16:06:37.6737681+05:30" testType="13cdc9d9-ddb5-4fa4-a97d-d965ccfc6d4b" outcome="Passed" testListId="8c84fa94-04c1-424b-9868-57a2d4851a1d" relativeResultsDirectory="6b2974e5-5c3c-438d-a4ac-177da86a831a" />
    <UnitTestResult executionId="a2b22bf9-d0b4-4b96-a8b8-48065099a781" testId="2d5ec2c3-5499-68a2-548e-21a937a4df8e" testName="TestMethod380" computerName="SUSALUJ" duration="00:00:00.0000208" startTime="2019-07-19T16:06:37.7927671+05:30" endTime="2019-07-19T16:06:37.7927671+05:30" testType="13cdc9d9-ddb5-4fa4-a97d-d965ccfc6d4b" outcome="Passed" testListId="8c84fa94-04c1-424b-9868-57a2d4851a1d" relativeResultsDirectory="a2b22bf9-d0b4-4b96-a8b8-48065099a781" />
    <UnitTestResult executionId="6b3da186-f2bf-49f2-a591-c5e8a4537181" testId="971ae207-8efc-da70-993b-4dea6bb35136" testName="TestMethod839" computerName="SUSALUJ" duration="00:00:00.0000375" startTime="2019-07-19T16:06:37.6847657+05:30" endTime="2019-07-19T16:06:37.6847657+05:30" testType="13cdc9d9-ddb5-4fa4-a97d-d965ccfc6d4b" outcome="Passed" testListId="8c84fa94-04c1-424b-9868-57a2d4851a1d" relativeResultsDirectory="6b3da186-f2bf-49f2-a591-c5e8a4537181" />
    <UnitTestResult executionId="d5522574-5898-4b6b-a22e-e340c81d3d36" testId="222cdf2b-16af-8c5e-c16d-532bea36228f" testName="TestMethod300" computerName="SUSALUJ" duration="00:00:00.0000193" startTime="2019-07-19T16:06:37.8137658+05:30" endTime="2019-07-19T16:06:37.8137658+05:30" testType="13cdc9d9-ddb5-4fa4-a97d-d965ccfc6d4b" outcome="Passed" testListId="8c84fa94-04c1-424b-9868-57a2d4851a1d" relativeResultsDirectory="d5522574-5898-4b6b-a22e-e340c81d3d36" />
    <UnitTestResult executionId="d0909725-fb72-4361-a0d0-96a78dfe9a61" testId="f0b458ee-2b69-2e64-be96-489c1b0a4027" testName="TestMethod318" computerName="SUSALUJ" duration="00:00:00.0000403" startTime="2019-07-19T16:06:37.8237681+05:30" endTime="2019-07-19T16:06:37.8247675+05:30" testType="13cdc9d9-ddb5-4fa4-a97d-d965ccfc6d4b" outcome="Passed" testListId="8c84fa94-04c1-424b-9868-57a2d4851a1d" relativeResultsDirectory="d0909725-fb72-4361-a0d0-96a78dfe9a61" />
    <UnitTestResult executionId="76ba70db-5644-4004-ae64-3ad074cc3ebd" testId="16461f5b-0e5e-ea5c-2a79-bfbc5a4609a0" testName="TestMethod320" computerName="SUSALUJ" duration="00:00:00.0000411" startTime="2019-07-19T16:06:37.8247675+05:30" endTime="2019-07-19T16:06:37.8247675+05:30" testType="13cdc9d9-ddb5-4fa4-a97d-d965ccfc6d4b" outcome="Passed" testListId="8c84fa94-04c1-424b-9868-57a2d4851a1d" relativeResultsDirectory="76ba70db-5644-4004-ae64-3ad074cc3ebd" />
    <UnitTestResult executionId="98daf8b4-724b-4f20-b7fb-08e6d8c189f4" testId="a29875b6-465a-5ba8-9083-a44c6c1d15e3" testName="TestMethod606" computerName="SUSALUJ" duration="00:00:00.0000343" startTime="2019-07-19T16:06:37.7617653+05:30" endTime="2019-07-19T16:06:37.7617653+05:30" testType="13cdc9d9-ddb5-4fa4-a97d-d965ccfc6d4b" outcome="Passed" testListId="8c84fa94-04c1-424b-9868-57a2d4851a1d" relativeResultsDirectory="98daf8b4-724b-4f20-b7fb-08e6d8c189f4" />
    <UnitTestResult executionId="413c92e3-18c1-4779-9d5b-1fa2dbefa3f3" testId="bdf17b58-3f87-9a50-3592-334d75c27535" testName="TestMethod204" computerName="SUSALUJ" duration="00:00:00.0000295" startTime="2019-07-19T16:06:37.8407656+05:30" endTime="2019-07-19T16:06:37.8407656+05:30" testType="13cdc9d9-ddb5-4fa4-a97d-d965ccfc6d4b" outcome="Passed" testListId="8c84fa94-04c1-424b-9868-57a2d4851a1d" relativeResultsDirectory="413c92e3-18c1-4779-9d5b-1fa2dbefa3f3" />
    <UnitTestResult executionId="0f3797b9-1c80-4ffc-84e9-69c59c4fb531" testId="ccfdd793-a236-3676-375a-399f81aea11b" testName="TestMethod892" computerName="SUSALUJ" duration="00:00:00.0000382" startTime="2019-07-19T16:06:37.6507645+05:30" endTime="2019-07-19T16:06:37.6507645+05:30" testType="13cdc9d9-ddb5-4fa4-a97d-d965ccfc6d4b" outcome="Passed" testListId="8c84fa94-04c1-424b-9868-57a2d4851a1d" relativeResultsDirectory="0f3797b9-1c80-4ffc-84e9-69c59c4fb531" />
    <UnitTestResult executionId="ab95d2be-c130-40c0-be3e-22293654b80f" testId="cdb1b06a-ede8-fa7c-7412-d384b4ec55e0" testName="TestMethod921" computerName="SUSALUJ" duration="00:00:00.0000340" startTime="2019-07-19T16:06:37.6557644+05:30" endTime="2019-07-19T16:06:37.6557644+05:30" testType="13cdc9d9-ddb5-4fa4-a97d-d965ccfc6d4b" outcome="Passed" testListId="8c84fa94-04c1-424b-9868-57a2d4851a1d" relativeResultsDirectory="ab95d2be-c130-40c0-be3e-22293654b80f" />
    <UnitTestResult executionId="711b8a53-39f5-4cbc-b402-4ec9bb7c8850" testId="8b838374-f113-7a45-90b6-7acf919c7f9d" testName="TestMethod869" computerName="SUSALUJ" duration="00:00:00.0000473" startTime="2019-07-19T16:06:37.6927654+05:30" endTime="2019-07-19T16:06:37.6927654+05:30" testType="13cdc9d9-ddb5-4fa4-a97d-d965ccfc6d4b" outcome="Passed" testListId="8c84fa94-04c1-424b-9868-57a2d4851a1d" relativeResultsDirectory="711b8a53-39f5-4cbc-b402-4ec9bb7c8850" />
    <UnitTestResult executionId="21e9d633-3da4-4d81-958b-a43b18cbbc10" testId="699b078f-a222-7787-3662-050d26c63357" testName="TestMethod483" computerName="SUSALUJ" duration="00:00:00.0000517" startTime="2019-07-19T16:06:37.7737685+05:30" endTime="2019-07-19T16:06:37.7747674+05:30" testType="13cdc9d9-ddb5-4fa4-a97d-d965ccfc6d4b" outcome="Passed" testListId="8c84fa94-04c1-424b-9868-57a2d4851a1d" relativeResultsDirectory="21e9d633-3da4-4d81-958b-a43b18cbbc10" />
    <UnitTestResult executionId="59cdc561-61ef-412d-8bd2-64448fada060" testId="15b43855-4998-8825-5820-80ecb0ae847d" testName="TestMethod653" computerName="SUSALUJ" duration="00:00:00.0000193" startTime="2019-07-19T16:06:37.7237686+05:30" endTime="2019-07-19T16:06:37.7237686+05:30" testType="13cdc9d9-ddb5-4fa4-a97d-d965ccfc6d4b" outcome="Passed" testListId="8c84fa94-04c1-424b-9868-57a2d4851a1d" relativeResultsDirectory="59cdc561-61ef-412d-8bd2-64448fada060" />
    <UnitTestResult executionId="e0e152fc-4ff9-48cd-90b4-7b3c5fdcced9" testId="e87f4494-6da9-6a97-2951-902f343e49f5" testName="TestMethod915" computerName="SUSALUJ" duration="00:00:00.0000209" startTime="2019-07-19T16:06:37.6547647+05:30" endTime="2019-07-19T16:06:37.6557644+05:30" testType="13cdc9d9-ddb5-4fa4-a97d-d965ccfc6d4b" outcome="Passed" testListId="8c84fa94-04c1-424b-9868-57a2d4851a1d" relativeResultsDirectory="e0e152fc-4ff9-48cd-90b4-7b3c5fdcced9" />
    <UnitTestResult executionId="18f6a6a9-8820-4850-b906-29c814b7f511" testId="cbede509-b876-03b4-7ce0-37197aa8b8a6" testName="TestMethod480" computerName="SUSALUJ" duration="00:00:00.0000476" startTime="2019-07-19T16:06:37.7727670+05:30" endTime="2019-07-19T16:06:37.7727670+05:30" testType="13cdc9d9-ddb5-4fa4-a97d-d965ccfc6d4b" outcome="Passed" testListId="8c84fa94-04c1-424b-9868-57a2d4851a1d" relativeResultsDirectory="18f6a6a9-8820-4850-b906-29c814b7f511" />
    <UnitTestResult executionId="c3f41ee5-6120-47ba-bfe1-194a64f6ce57" testId="10ff86b2-14d9-a1b5-59f4-0ee4f986469f" testName="TestMethod792" computerName="SUSALUJ" duration="00:00:00.0000362" startTime="2019-07-19T16:06:37.6647633+05:30" endTime="2019-07-19T16:06:37.6647633+05:30" testType="13cdc9d9-ddb5-4fa4-a97d-d965ccfc6d4b" outcome="Passed" testListId="8c84fa94-04c1-424b-9868-57a2d4851a1d" relativeResultsDirectory="c3f41ee5-6120-47ba-bfe1-194a64f6ce57" />
    <UnitTestResult executionId="95e52bac-82d7-4cef-a317-f89daf676264" testId="9b8de71b-7848-1c62-28ae-159671066bbc" testName="TestMethod197" computerName="SUSALUJ" duration="00:00:00.0000320" startTime="2019-07-19T16:06:37.8387653+05:30" endTime="2019-07-19T16:06:37.8387653+05:30" testType="13cdc9d9-ddb5-4fa4-a97d-d965ccfc6d4b" outcome="Passed" testListId="8c84fa94-04c1-424b-9868-57a2d4851a1d" relativeResultsDirectory="95e52bac-82d7-4cef-a317-f89daf676264" />
    <UnitTestResult executionId="b91a08c9-50cd-4365-ba80-94a7d1230c74" testId="19fe08c4-53a8-9940-cee7-991e098fe559" testName="TestMethod393" computerName="SUSALUJ" duration="00:00:00.0000236" startTime="2019-07-19T16:06:37.7957675+05:30" endTime="2019-07-19T16:06:37.7957675+05:30" testType="13cdc9d9-ddb5-4fa4-a97d-d965ccfc6d4b" outcome="Passed" testListId="8c84fa94-04c1-424b-9868-57a2d4851a1d" relativeResultsDirectory="b91a08c9-50cd-4365-ba80-94a7d1230c74" />
    <UnitTestResult executionId="f5237af5-bf2a-4117-bc1f-24017cdd494c" testId="ad7afb8c-d0ed-d077-ecf1-5c314afc821d" testName="TestMethod171" computerName="SUSALUJ" duration="00:00:00.0000305" startTime="2019-07-19T16:06:37.8767676+05:30" endTime="2019-07-19T16:06:37.8767676+05:30" testType="13cdc9d9-ddb5-4fa4-a97d-d965ccfc6d4b" outcome="Passed" testListId="8c84fa94-04c1-424b-9868-57a2d4851a1d" relativeResultsDirectory="f5237af5-bf2a-4117-bc1f-24017cdd494c" />
    <UnitTestResult executionId="ed6331db-52c5-49df-99af-1c4e4531c266" testId="d7af2342-4b30-0768-069a-66984597e905" testName="TestMethod314" computerName="SUSALUJ" duration="00:00:00.0000626" startTime="2019-07-19T16:06:37.8207667+05:30" endTime="2019-07-19T16:06:37.8217672+05:30" testType="13cdc9d9-ddb5-4fa4-a97d-d965ccfc6d4b" outcome="Passed" testListId="8c84fa94-04c1-424b-9868-57a2d4851a1d" relativeResultsDirectory="ed6331db-52c5-49df-99af-1c4e4531c266" />
    <UnitTestResult executionId="6ea1a572-f9e0-49a2-9304-096d8dd1be4a" testId="72423354-0b9d-0d26-a60b-7603415e70ad" testName="TestMethod149" computerName="SUSALUJ" duration="00:00:00.0000314" startTime="2019-07-19T16:06:37.8707678+05:30" endTime="2019-07-19T16:06:37.8707678+05:30" testType="13cdc9d9-ddb5-4fa4-a97d-d965ccfc6d4b" outcome="Passed" testListId="8c84fa94-04c1-424b-9868-57a2d4851a1d" relativeResultsDirectory="6ea1a572-f9e0-49a2-9304-096d8dd1be4a" />
    <UnitTestResult executionId="66bf5eb9-9b0d-4883-a8b0-a03b06a097ac" testId="b9ae03dd-3909-01eb-23e0-8bf21ee3d6ea" testName="TestMethod20" computerName="SUSALUJ" duration="00:00:00.0010068" startTime="2019-07-19T16:06:37.9947655+05:30" endTime="2019-07-19T16:06:37.9957659+05:30" testType="13cdc9d9-ddb5-4fa4-a97d-d965ccfc6d4b" outcome="Failed" testListId="8c84fa94-04c1-424b-9868-57a2d4851a1d" relativeResultsDirectory="66bf5eb9-9b0d-4883-a8b0-a03b06a097ac">
      <Output>
        <ErrorInfo>
          <Message>Assert.AreEqual failed. Expected:&lt;2&gt;. Actual:&lt;4&gt;. </Message>
          <StackTrace>   at TestProjectWON.UnitTest1.TestMethod20() in C:\agent\_work\8\s\TestProjectWON\UnitTest1.cs:line 113&#xD;
</StackTrace>
        </ErrorInfo>
      </Output>
    </UnitTestResult>
    <UnitTestResult executionId="7a40e22d-3624-4d2b-bf8e-3cdccd168ec3" testId="4af2b2ec-6d57-1ccb-ef9c-1fde4b10ea3a" testName="TestMethod76" computerName="SUSALUJ" duration="00:00:00.0000197" startTime="2019-07-19T16:06:38.0057659+05:30" endTime="2019-07-19T16:06:38.0057659+05:30" testType="13cdc9d9-ddb5-4fa4-a97d-d965ccfc6d4b" outcome="Passed" testListId="8c84fa94-04c1-424b-9868-57a2d4851a1d" relativeResultsDirectory="7a40e22d-3624-4d2b-bf8e-3cdccd168ec3" />
    <UnitTestResult executionId="bd64dc91-c3ec-40a9-a6a5-bace1bccf537" testId="3d21482f-835c-b4c0-4610-12e0db389ba6" testName="TestMethod897" computerName="SUSALUJ" duration="00:00:00.0000376" startTime="2019-07-19T16:06:37.6517641+05:30" endTime="2019-07-19T16:06:37.6517641+05:30" testType="13cdc9d9-ddb5-4fa4-a97d-d965ccfc6d4b" outcome="Passed" testListId="8c84fa94-04c1-424b-9868-57a2d4851a1d" relativeResultsDirectory="bd64dc91-c3ec-40a9-a6a5-bace1bccf537" />
    <UnitTestResult executionId="1fcbf129-d430-4ce7-a1a5-575e90376651" testId="172c2f67-22d9-0b21-9df9-f6d7bf27ac94" testName="TestMethod733" computerName="SUSALUJ" duration="00:00:00.0004504" startTime="2019-07-19T16:06:37.7017649+05:30" endTime="2019-07-19T16:06:37.7027652+05:30" testType="13cdc9d9-ddb5-4fa4-a97d-d965ccfc6d4b" outcome="Passed" testListId="8c84fa94-04c1-424b-9868-57a2d4851a1d" relativeResultsDirectory="1fcbf129-d430-4ce7-a1a5-575e90376651" />
    <UnitTestResult executionId="fe5a7215-703b-4957-a728-593aa14919f4" testId="29ec040f-0154-d300-a13d-e565707c8d31" testName="TestMethod112" computerName="SUSALUJ" duration="00:00:00.0000282" startTime="2019-07-19T16:06:37.8597666+05:30" endTime="2019-07-19T16:06:37.8597666+05:30" testType="13cdc9d9-ddb5-4fa4-a97d-d965ccfc6d4b" outcome="Passed" testListId="8c84fa94-04c1-424b-9868-57a2d4851a1d" relativeResultsDirectory="fe5a7215-703b-4957-a728-593aa14919f4" />
    <UnitTestResult executionId="c04e2e96-e713-4771-90be-ef61aa62e13b" testId="37792299-3dd4-df61-3bcb-467028fc8533" testName="TestMethod457" computerName="SUSALUJ" duration="00:00:00.0000207" startTime="2019-07-19T16:06:37.7677667+05:30" endTime="2019-07-19T16:06:37.7677667+05:30" testType="13cdc9d9-ddb5-4fa4-a97d-d965ccfc6d4b" outcome="Passed" testListId="8c84fa94-04c1-424b-9868-57a2d4851a1d" relativeResultsDirectory="c04e2e96-e713-4771-90be-ef61aa62e13b" />
    <UnitTestResult executionId="b33a1b9f-4ce0-4380-83bd-fd51a1660be8" testId="6da635f8-8416-7b4b-0360-189b8dec9d63" testName="TestMethod867" computerName="SUSALUJ" duration="00:00:00.0000214" startTime="2019-07-19T16:06:37.6917665+05:30" endTime="2019-07-19T16:06:37.6917665+05:30" testType="13cdc9d9-ddb5-4fa4-a97d-d965ccfc6d4b" outcome="Passed" testListId="8c84fa94-04c1-424b-9868-57a2d4851a1d" relativeResultsDirectory="b33a1b9f-4ce0-4380-83bd-fd51a1660be8" />
    <UnitTestResult executionId="ae884777-8fa5-4a00-b521-3b48a99b9555" testId="1942dc15-dfcb-3790-cc24-66292ca89d8d" testName="TestMethod418" computerName="SUSALUJ" duration="00:00:00.0000435" startTime="2019-07-19T16:06:37.8017682+05:30" endTime="2019-07-19T16:06:37.8027667+05:30" testType="13cdc9d9-ddb5-4fa4-a97d-d965ccfc6d4b" outcome="Passed" testListId="8c84fa94-04c1-424b-9868-57a2d4851a1d" relativeResultsDirectory="ae884777-8fa5-4a00-b521-3b48a99b9555" />
    <UnitTestResult executionId="ce28e199-890a-47cd-a775-3c3ca556fbee" testId="4ba3ab96-e51c-cd90-a8c2-02068c2cfb09" testName="TestMethod121" computerName="SUSALUJ" duration="00:00:00.0000216" startTime="2019-07-19T16:06:37.8617659+05:30" endTime="2019-07-19T16:06:37.8627650+05:30" testType="13cdc9d9-ddb5-4fa4-a97d-d965ccfc6d4b" outcome="Passed" testListId="8c84fa94-04c1-424b-9868-57a2d4851a1d" relativeResultsDirectory="ce28e199-890a-47cd-a775-3c3ca556fbee" />
    <UnitTestResult executionId="94b89326-52a3-4376-9483-7c280d0e6e8f" testId="17c78595-48aa-bed2-a9b1-5f1f2a0ee126" testName="TestMethod590" computerName="SUSALUJ" duration="00:00:00.0000203" startTime="2019-07-19T16:06:37.7577661+05:30" endTime="2019-07-19T16:06:37.7577661+05:30" testType="13cdc9d9-ddb5-4fa4-a97d-d965ccfc6d4b" outcome="Passed" testListId="8c84fa94-04c1-424b-9868-57a2d4851a1d" relativeResultsDirectory="94b89326-52a3-4376-9483-7c280d0e6e8f" />
    <UnitTestResult executionId="6fe5a54d-8a57-4c3c-9199-62d61e2cda69" testId="5b486404-8f00-6564-3c4d-715431cb2988" testName="TestMethod554" computerName="SUSALUJ" duration="00:00:00.0000554" startTime="2019-07-19T16:06:37.7417673+05:30" endTime="2019-07-19T16:06:37.7417673+05:30" testType="13cdc9d9-ddb5-4fa4-a97d-d965ccfc6d4b" outcome="Passed" testListId="8c84fa94-04c1-424b-9868-57a2d4851a1d" relativeResultsDirectory="6fe5a54d-8a57-4c3c-9199-62d61e2cda69" />
    <UnitTestResult executionId="61509a61-a379-478a-9699-05b8ebe98515" testId="b6826cf0-8226-8aee-6843-71579432701f" testName="TestMethod419" computerName="SUSALUJ" duration="00:00:00.0000347" startTime="2019-07-19T16:06:37.8027667+05:30" endTime="2019-07-19T16:06:37.8027667+05:30" testType="13cdc9d9-ddb5-4fa4-a97d-d965ccfc6d4b" outcome="Passed" testListId="8c84fa94-04c1-424b-9868-57a2d4851a1d" relativeResultsDirectory="61509a61-a379-478a-9699-05b8ebe98515" />
    <UnitTestResult executionId="587fccb2-4cb7-4836-b9ba-8b0628c92a5d" testId="12cada9a-8630-cfe1-1b0a-b85143964cd4" testName="TestMethod231" computerName="SUSALUJ" duration="00:00:00.0000246" startTime="2019-07-19T16:06:37.8457651+05:30" endTime="2019-07-19T16:06:37.8457651+05:30" testType="13cdc9d9-ddb5-4fa4-a97d-d965ccfc6d4b" outcome="Passed" testListId="8c84fa94-04c1-424b-9868-57a2d4851a1d" relativeResultsDirectory="587fccb2-4cb7-4836-b9ba-8b0628c92a5d" />
    <UnitTestResult executionId="0f8663c7-047f-4dba-95ca-60efb7e465eb" testId="3495fc58-67a7-a6f1-2c99-1760cf90ac7c" testName="TestMethod851" computerName="SUSALUJ" duration="00:00:00.0000210" startTime="2019-07-19T16:06:37.6867657+05:30" endTime="2019-07-19T16:06:37.6867657+05:30" testType="13cdc9d9-ddb5-4fa4-a97d-d965ccfc6d4b" outcome="Passed" testListId="8c84fa94-04c1-424b-9868-57a2d4851a1d" relativeResultsDirectory="0f8663c7-047f-4dba-95ca-60efb7e465eb" />
    <UnitTestResult executionId="74a4cb1a-3db5-4aa3-bd95-180587d9bbf9" testId="7a800d9c-4d81-45c4-0be9-c8a81f675f64" testName="TestMethod126" computerName="SUSALUJ" duration="00:00:00.0000289" startTime="2019-07-19T16:06:37.8627650+05:30" endTime="2019-07-19T16:06:37.8627650+05:30" testType="13cdc9d9-ddb5-4fa4-a97d-d965ccfc6d4b" outcome="Passed" testListId="8c84fa94-04c1-424b-9868-57a2d4851a1d" relativeResultsDirectory="74a4cb1a-3db5-4aa3-bd95-180587d9bbf9" />
    <UnitTestResult executionId="f990e4ce-b251-45ff-8ded-73146b265f74" testId="d89c6599-3f07-b118-70b6-c1489cc0b9c3" testName="TestMethod259" computerName="SUSALUJ" duration="00:00:00.0000268" startTime="2019-07-19T16:06:37.8537658+05:30" endTime="2019-07-19T16:06:37.8537658+05:30" testType="13cdc9d9-ddb5-4fa4-a97d-d965ccfc6d4b" outcome="Passed" testListId="8c84fa94-04c1-424b-9868-57a2d4851a1d" relativeResultsDirectory="f990e4ce-b251-45ff-8ded-73146b265f74" />
    <UnitTestResult executionId="f2fa650d-2b9e-472f-a1d2-16bf5258b54c" testId="ee35ed0f-0707-c177-e433-7bad4e0be667" testName="TestMethod147" computerName="SUSALUJ" duration="00:00:00.0000289" startTime="2019-07-19T16:06:37.8707678+05:30" endTime="2019-07-19T16:06:37.8707678+05:30" testType="13cdc9d9-ddb5-4fa4-a97d-d965ccfc6d4b" outcome="Passed" testListId="8c84fa94-04c1-424b-9868-57a2d4851a1d" relativeResultsDirectory="f2fa650d-2b9e-472f-a1d2-16bf5258b54c" />
    <UnitTestResult executionId="44c53ced-3271-40f3-b20e-a93d06a72681" testId="c837a97a-e51e-8bec-3d9c-2a1bd95a354a" testName="TestMethod834" computerName="SUSALUJ" duration="00:00:00.0000283" startTime="2019-07-19T16:06:37.6777652+05:30" endTime="2019-07-19T16:06:37.6777652+05:30" testType="13cdc9d9-ddb5-4fa4-a97d-d965ccfc6d4b" outcome="Passed" testListId="8c84fa94-04c1-424b-9868-57a2d4851a1d" relativeResultsDirectory="44c53ced-3271-40f3-b20e-a93d06a72681" />
    <UnitTestResult executionId="e86947ac-60c7-4f2e-b181-7e0ed48877e6" testId="8961879c-3773-fbef-5843-9b173bd8467b" testName="TestMethod346" computerName="SUSALUJ" duration="00:00:00.0000269" startTime="2019-07-19T16:06:37.8337666+05:30" endTime="2019-07-19T16:06:37.8337666+05:30" testType="13cdc9d9-ddb5-4fa4-a97d-d965ccfc6d4b" outcome="Passed" testListId="8c84fa94-04c1-424b-9868-57a2d4851a1d" relativeResultsDirectory="e86947ac-60c7-4f2e-b181-7e0ed48877e6" />
    <UnitTestResult executionId="9eabac8d-324f-46d6-8ea7-49f318158571" testId="b9609315-e50a-b6bd-1d55-29ba9e7e6c5d" testName="TestMethod681" computerName="SUSALUJ" duration="00:00:00.0000317" startTime="2019-07-19T16:06:37.7307663+05:30" endTime="2019-07-19T16:06:37.7307663+05:30" testType="13cdc9d9-ddb5-4fa4-a97d-d965ccfc6d4b" outcome="Passed" testListId="8c84fa94-04c1-424b-9868-57a2d4851a1d" relativeResultsDirectory="9eabac8d-324f-46d6-8ea7-49f318158571" />
    <UnitTestResult executionId="73960fb6-792b-4b73-8183-6bc952cdca5f" testId="23edba5e-075d-714e-fbe4-42cb97997bd1" testName="TestMethod75" computerName="SUSALUJ" duration="00:00:00.0000196" startTime="2019-07-19T16:06:38.0057659+05:30" endTime="2019-07-19T16:06:38.0057659+05:30" testType="13cdc9d9-ddb5-4fa4-a97d-d965ccfc6d4b" outcome="Passed" testListId="8c84fa94-04c1-424b-9868-57a2d4851a1d" relativeResultsDirectory="73960fb6-792b-4b73-8183-6bc952cdca5f" />
    <UnitTestResult executionId="877e5e61-a6d4-4665-908c-f5ca52701cc4" testId="4310afc1-7beb-dea9-0052-28581d93ccc2" testName="TestMethod163" computerName="SUSALUJ" duration="00:00:00.0000209" startTime="2019-07-19T16:06:37.8747667+05:30" endTime="2019-07-19T16:06:37.8747667+05:30" testType="13cdc9d9-ddb5-4fa4-a97d-d965ccfc6d4b" outcome="Passed" testListId="8c84fa94-04c1-424b-9868-57a2d4851a1d" relativeResultsDirectory="877e5e61-a6d4-4665-908c-f5ca52701cc4" />
    <UnitTestResult executionId="66b2130e-68dd-4e4e-b80b-26a9a2d9db89" testId="a5dc8def-6e1e-975a-0bfc-856e597d0053" testName="TestMethod746" computerName="SUSALUJ" duration="00:00:00.0000372" startTime="2019-07-19T16:06:37.7057690+05:30" endTime="2019-07-19T16:06:37.7057690+05:30" testType="13cdc9d9-ddb5-4fa4-a97d-d965ccfc6d4b" outcome="Passed" testListId="8c84fa94-04c1-424b-9868-57a2d4851a1d" relativeResultsDirectory="66b2130e-68dd-4e4e-b80b-26a9a2d9db89" />
    <UnitTestResult executionId="855c6d7b-1193-4fa7-90a6-e05cc1fab285" testId="f4b3efa7-e728-9442-c241-478c27e4af9a" testName="TestMethod161" computerName="SUSALUJ" duration="00:00:00.0000281" startTime="2019-07-19T16:06:37.8747667+05:30" endTime="2019-07-19T16:06:37.8747667+05:30" testType="13cdc9d9-ddb5-4fa4-a97d-d965ccfc6d4b" outcome="Passed" testListId="8c84fa94-04c1-424b-9868-57a2d4851a1d" relativeResultsDirectory="855c6d7b-1193-4fa7-90a6-e05cc1fab285" />
    <UnitTestResult executionId="5cffe1ee-5a85-4c66-bd36-2d81a0a0b009" testId="21213293-f488-0812-4381-80dee5bd998a" testName="TestMethod766" computerName="SUSALUJ" duration="00:00:00.0000226" startTime="2019-07-19T16:06:37.7087655+05:30" endTime="2019-07-19T16:06:37.7087655+05:30" testType="13cdc9d9-ddb5-4fa4-a97d-d965ccfc6d4b" outcome="Passed" testListId="8c84fa94-04c1-424b-9868-57a2d4851a1d" relativeResultsDirectory="5cffe1ee-5a85-4c66-bd36-2d81a0a0b009" />
    <UnitTestResult executionId="11661b50-3709-4760-be24-a149fbd20b17" testId="95f37e0d-4421-eb92-84f4-747fa8803b39" testName="TestMethod385" computerName="SUSALUJ" duration="00:00:00.0000225" startTime="2019-07-19T16:06:37.7937690+05:30" endTime="2019-07-19T16:06:37.7937690+05:30" testType="13cdc9d9-ddb5-4fa4-a97d-d965ccfc6d4b" outcome="Passed" testListId="8c84fa94-04c1-424b-9868-57a2d4851a1d" relativeResultsDirectory="11661b50-3709-4760-be24-a149fbd20b17" />
    <UnitTestResult executionId="1079e9ba-155b-4cb3-808c-3686873a4ba9" testId="98270f61-87ef-465b-a400-bbad02cf781c" testName="TestMethod852" computerName="SUSALUJ" duration="00:00:00.0000440" startTime="2019-07-19T16:06:37.6867657+05:30" endTime="2019-07-19T16:06:37.6877663+05:30" testType="13cdc9d9-ddb5-4fa4-a97d-d965ccfc6d4b" outcome="Passed" testListId="8c84fa94-04c1-424b-9868-57a2d4851a1d" relativeResultsDirectory="1079e9ba-155b-4cb3-808c-3686873a4ba9" />
    <UnitTestResult executionId="4f142c54-bd85-434f-b2d5-2aa8bbf82b69" testId="d4c908cd-0efa-969d-cc6b-17454c825a33" testName="TestMethod683" computerName="SUSALUJ" duration="00:00:00.0000413" startTime="2019-07-19T16:06:37.7307663+05:30" endTime="2019-07-19T16:06:37.7307663+05:30" testType="13cdc9d9-ddb5-4fa4-a97d-d965ccfc6d4b" outcome="Passed" testListId="8c84fa94-04c1-424b-9868-57a2d4851a1d" relativeResultsDirectory="4f142c54-bd85-434f-b2d5-2aa8bbf82b69" />
    <UnitTestResult executionId="4c7d2e4b-17bb-4a37-b9c5-8788480add8b" testId="2cec005b-fc62-abf6-3471-a3cafbdddd52" testName="TestMethod66" computerName="SUSALUJ" duration="00:00:00.0000215" startTime="2019-07-19T16:06:38.0047671+05:30" endTime="2019-07-19T16:06:38.0047671+05:30" testType="13cdc9d9-ddb5-4fa4-a97d-d965ccfc6d4b" outcome="Passed" testListId="8c84fa94-04c1-424b-9868-57a2d4851a1d" relativeResultsDirectory="4c7d2e4b-17bb-4a37-b9c5-8788480add8b" />
    <UnitTestResult executionId="20729b8c-c6ba-4410-a66d-bfe665ab2716" testId="6d09ffad-009b-7d2f-ac9e-73450c5425cf" testName="TestMethod686" computerName="SUSALUJ" duration="00:00:00.0000378" startTime="2019-07-19T16:06:37.7317680+05:30" endTime="2019-07-19T16:06:37.7327662+05:30" testType="13cdc9d9-ddb5-4fa4-a97d-d965ccfc6d4b" outcome="Passed" testListId="8c84fa94-04c1-424b-9868-57a2d4851a1d" relativeResultsDirectory="20729b8c-c6ba-4410-a66d-bfe665ab2716" />
    <UnitTestResult executionId="ebf8cd58-9d0c-4e67-9ec9-335ab8c1791d" testId="9a7cd02e-64e0-5f38-0fb0-0a349dd4e338" testName="TestMethod416" computerName="SUSALUJ" duration="00:00:00.0000296" startTime="2019-07-19T16:06:37.8017682+05:30" endTime="2019-07-19T16:06:37.8017682+05:30" testType="13cdc9d9-ddb5-4fa4-a97d-d965ccfc6d4b" outcome="Passed" testListId="8c84fa94-04c1-424b-9868-57a2d4851a1d" relativeResultsDirectory="ebf8cd58-9d0c-4e67-9ec9-335ab8c1791d" />
    <UnitTestResult executionId="bc7f5ccf-7a68-4343-89ce-7892a73cc92e" testId="e1f9df93-c8a9-64ad-9681-95501fc25408" testName="TestMethod229" computerName="SUSALUJ" duration="00:00:00.0000200" startTime="2019-07-19T16:06:37.8457651+05:30" endTime="2019-07-19T16:06:37.8457651+05:30" testType="13cdc9d9-ddb5-4fa4-a97d-d965ccfc6d4b" outcome="Passed" testListId="8c84fa94-04c1-424b-9868-57a2d4851a1d" relativeResultsDirectory="bc7f5ccf-7a68-4343-89ce-7892a73cc92e" />
    <UnitTestResult executionId="ffac67a8-995e-401d-ae86-b2ede0513dd5" testId="e306fc38-199a-64dd-ddf7-942344f09ad5" testName="TestMethod804" computerName="SUSALUJ" duration="00:00:00.0000287" startTime="2019-07-19T16:06:37.6677667+05:30" endTime="2019-07-19T16:06:37.6687665+05:30" testType="13cdc9d9-ddb5-4fa4-a97d-d965ccfc6d4b" outcome="Passed" testListId="8c84fa94-04c1-424b-9868-57a2d4851a1d" relativeResultsDirectory="ffac67a8-995e-401d-ae86-b2ede0513dd5" />
    <UnitTestResult executionId="ea7ebf7d-d6f8-4f71-95c2-50304e2321d6" testId="c162230b-7740-f5ae-8a70-82a055c18768" testName="TestMethod159" computerName="SUSALUJ" duration="00:00:00.0000329" startTime="2019-07-19T16:06:37.8737677+05:30" endTime="2019-07-19T16:06:37.8737677+05:30" testType="13cdc9d9-ddb5-4fa4-a97d-d965ccfc6d4b" outcome="Passed" testListId="8c84fa94-04c1-424b-9868-57a2d4851a1d" relativeResultsDirectory="ea7ebf7d-d6f8-4f71-95c2-50304e2321d6" />
    <UnitTestResult executionId="a1e1d920-9f3a-4ab0-858d-1f4821087fac" testId="cc719c64-1f3a-64f4-7280-de735427681a" testName="TestMethod131" computerName="SUSALUJ" duration="00:00:00.0000430" startTime="2019-07-19T16:06:37.8647674+05:30" endTime="2019-07-19T16:06:37.8647674+05:30" testType="13cdc9d9-ddb5-4fa4-a97d-d965ccfc6d4b" outcome="Passed" testListId="8c84fa94-04c1-424b-9868-57a2d4851a1d" relativeResultsDirectory="a1e1d920-9f3a-4ab0-858d-1f4821087fac" />
    <UnitTestResult executionId="6d795700-9075-4810-967f-700e0f8f49ef" testId="6ecd4de5-98bf-2ca7-84f3-ebefb56f34f6" testName="TestMethod342" computerName="SUSALUJ" duration="00:00:00.0000214" startTime="2019-07-19T16:06:37.8327670+05:30" endTime="2019-07-19T16:06:37.8337666+05:30" testType="13cdc9d9-ddb5-4fa4-a97d-d965ccfc6d4b" outcome="Passed" testListId="8c84fa94-04c1-424b-9868-57a2d4851a1d" relativeResultsDirectory="6d795700-9075-4810-967f-700e0f8f49ef" />
    <UnitTestResult executionId="1b31f565-e12b-4160-8b4b-64f928bafaa7" testId="4571e354-ad20-aed6-72db-5f08020ef89b" testName="TestMethod491" computerName="SUSALUJ" duration="00:00:00.0000226" startTime="2019-07-19T16:06:37.7777677+05:30" endTime="2019-07-19T16:06:37.7777677+05:30" testType="13cdc9d9-ddb5-4fa4-a97d-d965ccfc6d4b" outcome="Passed" testListId="8c84fa94-04c1-424b-9868-57a2d4851a1d" relativeResultsDirectory="1b31f565-e12b-4160-8b4b-64f928bafaa7" />
    <UnitTestResult executionId="2c7c7398-3db1-45f5-ab6d-53eeefb08f75" testId="dbbdc319-4b2f-659b-f481-4c052ecc7522" testName="TestMethod511" computerName="SUSALUJ" duration="00:00:00.0000258" startTime="2019-07-19T16:06:37.7817667+05:30" endTime="2019-07-19T16:06:37.7817667+05:30" testType="13cdc9d9-ddb5-4fa4-a97d-d965ccfc6d4b" outcome="Passed" testListId="8c84fa94-04c1-424b-9868-57a2d4851a1d" relativeResultsDirectory="2c7c7398-3db1-45f5-ab6d-53eeefb08f75" />
    <UnitTestResult executionId="9a46ec0f-f5d4-4b44-9f6e-d19b7f4a98ce" testId="57f3d555-cd2f-6706-4d71-3065edac0980" testName="TestMethod216" computerName="SUSALUJ" duration="00:00:00.0000270" startTime="2019-07-19T16:06:37.8427656+05:30" endTime="2019-07-19T16:06:37.8427656+05:30" testType="13cdc9d9-ddb5-4fa4-a97d-d965ccfc6d4b" outcome="Passed" testListId="8c84fa94-04c1-424b-9868-57a2d4851a1d" relativeResultsDirectory="9a46ec0f-f5d4-4b44-9f6e-d19b7f4a98ce" />
    <UnitTestResult executionId="13f01917-d995-49a6-acf5-d6d4f29ae2e7" testId="a95724a9-66dc-660f-177c-b4bf1c1070b3" testName="TestMethod914" computerName="SUSALUJ" duration="00:00:00.0000196" startTime="2019-07-19T16:06:37.6547647+05:30" endTime="2019-07-19T16:06:37.6547647+05:30" testType="13cdc9d9-ddb5-4fa4-a97d-d965ccfc6d4b" outcome="Passed" testListId="8c84fa94-04c1-424b-9868-57a2d4851a1d" relativeResultsDirectory="13f01917-d995-49a6-acf5-d6d4f29ae2e7" />
    <UnitTestResult executionId="62a542ed-c13c-44f1-ad91-2f0e5c8be98e" testId="82766488-ceed-2ffd-be5d-61b1a33ab411" testName="TestMethod643" computerName="SUSALUJ" duration="00:00:00.0000255" startTime="2019-07-19T16:06:37.7217673+05:30" endTime="2019-07-19T16:06:37.7217673+05:30" testType="13cdc9d9-ddb5-4fa4-a97d-d965ccfc6d4b" outcome="Passed" testListId="8c84fa94-04c1-424b-9868-57a2d4851a1d" relativeResultsDirectory="62a542ed-c13c-44f1-ad91-2f0e5c8be98e" />
    <UnitTestResult executionId="a0c1a850-85ab-4ed7-b5ac-844d9bbe7cba" testId="a8e3a636-620f-1482-f02b-70a802069f1c" testName="TestMethod417" computerName="SUSALUJ" duration="00:00:00.0000331" startTime="2019-07-19T16:06:37.8017682+05:30" endTime="2019-07-19T16:06:37.8017682+05:30" testType="13cdc9d9-ddb5-4fa4-a97d-d965ccfc6d4b" outcome="Passed" testListId="8c84fa94-04c1-424b-9868-57a2d4851a1d" relativeResultsDirectory="a0c1a850-85ab-4ed7-b5ac-844d9bbe7cba" />
    <UnitTestResult executionId="e6d8519c-237a-47b2-9921-d53e73ad5287" testId="eab1eb37-593d-4815-e3d4-550d56424bbd" testName="TestMethod164" computerName="SUSALUJ" duration="00:00:00.0000199" startTime="2019-07-19T16:06:37.8747667+05:30" endTime="2019-07-19T16:06:37.8747667+05:30" testType="13cdc9d9-ddb5-4fa4-a97d-d965ccfc6d4b" outcome="Passed" testListId="8c84fa94-04c1-424b-9868-57a2d4851a1d" relativeResultsDirectory="e6d8519c-237a-47b2-9921-d53e73ad5287" />
    <UnitTestResult executionId="4561562f-f63d-4060-8b02-cba79814720d" testId="b394acf1-eba7-4720-facf-d76aee72517f" testName="TestMethod990" computerName="SUSALUJ" duration="00:00:00.0000355" startTime="2019-07-19T16:06:37.6447665+05:30" endTime="2019-07-19T16:06:37.6447665+05:30" testType="13cdc9d9-ddb5-4fa4-a97d-d965ccfc6d4b" outcome="Passed" testListId="8c84fa94-04c1-424b-9868-57a2d4851a1d" relativeResultsDirectory="4561562f-f63d-4060-8b02-cba79814720d" />
    <UnitTestResult executionId="59bcb8be-ddaf-47da-bfd1-45aa4252f94e" testId="98d02439-5e15-64fc-4bb1-49fcc6e0af98" testName="TestMethod699" computerName="SUSALUJ" duration="00:00:00.0000212" startTime="2019-07-19T16:06:37.7357795+05:30" endTime="2019-07-19T16:06:37.7367682+05:30" testType="13cdc9d9-ddb5-4fa4-a97d-d965ccfc6d4b" outcome="Passed" testListId="8c84fa94-04c1-424b-9868-57a2d4851a1d" relativeResultsDirectory="59bcb8be-ddaf-47da-bfd1-45aa4252f94e" />
    <UnitTestResult executionId="7ed8cfb9-caf0-44b1-9ec0-7d232e0e4bc8" testId="74215b49-55a4-8e1f-445d-b91dc36d327d" testName="TestMethod192" computerName="SUSALUJ" duration="00:00:00.0000361" startTime="2019-07-19T16:06:37.8847703+05:30" endTime="2019-07-19T16:06:37.8847703+05:30" testType="13cdc9d9-ddb5-4fa4-a97d-d965ccfc6d4b" outcome="Passed" testListId="8c84fa94-04c1-424b-9868-57a2d4851a1d" relativeResultsDirectory="7ed8cfb9-caf0-44b1-9ec0-7d232e0e4bc8" />
    <UnitTestResult executionId="aa1fbad0-d565-4076-8a34-6d2f7a67e47c" testId="972b6902-070e-93e6-0c8a-7631c394a35a" testName="TestMethod471" computerName="SUSALUJ" duration="00:00:00.0000465" startTime="2019-07-19T16:06:37.7697660+05:30" endTime="2019-07-19T16:06:37.7697660+05:30" testType="13cdc9d9-ddb5-4fa4-a97d-d965ccfc6d4b" outcome="Passed" testListId="8c84fa94-04c1-424b-9868-57a2d4851a1d" relativeResultsDirectory="aa1fbad0-d565-4076-8a34-6d2f7a67e47c" />
    <UnitTestResult executionId="e8a4c7f1-47e0-4eae-a98c-76b93d272935" testId="5e6f7ffb-bfeb-e6b6-109d-621339e7fecc" testName="TestMethod774" computerName="SUSALUJ" duration="00:00:00.0000380" startTime="2019-07-19T16:06:37.7107676+05:30" endTime="2019-07-19T16:06:37.7117728+05:30" testType="13cdc9d9-ddb5-4fa4-a97d-d965ccfc6d4b" outcome="Passed" testListId="8c84fa94-04c1-424b-9868-57a2d4851a1d" relativeResultsDirectory="e8a4c7f1-47e0-4eae-a98c-76b93d272935" />
    <UnitTestResult executionId="0b844b37-edba-4a36-b21f-38804a0e283f" testId="04b3c1ab-4a60-2262-771f-1c02badca77a" testName="TestMethod886" computerName="SUSALUJ" duration="00:00:00.0000434" startTime="2019-07-19T16:06:37.6497652+05:30" endTime="2019-07-19T16:06:37.6497652+05:30" testType="13cdc9d9-ddb5-4fa4-a97d-d965ccfc6d4b" outcome="Passed" testListId="8c84fa94-04c1-424b-9868-57a2d4851a1d" relativeResultsDirectory="0b844b37-edba-4a36-b21f-38804a0e283f" />
    <UnitTestResult executionId="9acc5cc8-dee1-468d-b4af-f9f82a494761" testId="9de81f09-f480-09d3-1cf2-f3677ff4137e" testName="TestMethod326" computerName="SUSALUJ" duration="00:00:00.0000544" startTime="2019-07-19T16:06:37.8277680+05:30" endTime="2019-07-19T16:06:37.8277680+05:30" testType="13cdc9d9-ddb5-4fa4-a97d-d965ccfc6d4b" outcome="Passed" testListId="8c84fa94-04c1-424b-9868-57a2d4851a1d" relativeResultsDirectory="9acc5cc8-dee1-468d-b4af-f9f82a494761" />
    <UnitTestResult executionId="371030fd-fbe6-44a7-8585-887a59c04410" testId="0463d059-eaf9-2dfc-fe1c-96ed54377893" testName="TestMethod319" computerName="SUSALUJ" duration="00:00:00.0000345" startTime="2019-07-19T16:06:37.8247675+05:30" endTime="2019-07-19T16:06:37.8247675+05:30" testType="13cdc9d9-ddb5-4fa4-a97d-d965ccfc6d4b" outcome="Passed" testListId="8c84fa94-04c1-424b-9868-57a2d4851a1d" relativeResultsDirectory="371030fd-fbe6-44a7-8585-887a59c04410" />
    <UnitTestResult executionId="fcb0a513-69aa-4cd3-a7ab-33e6e9cd8797" testId="ee549e95-dfe3-9d51-dc58-2eef43cc8f1e" testName="TestMethod7" computerName="SUSALUJ" duration="00:00:00.0004350" startTime="2019-07-19T16:06:37.9807674+05:30" endTime="2019-07-19T16:06:37.9807674+05:30" testType="13cdc9d9-ddb5-4fa4-a97d-d965ccfc6d4b" outcome="Failed" testListId="8c84fa94-04c1-424b-9868-57a2d4851a1d" relativeResultsDirectory="fcb0a513-69aa-4cd3-a7ab-33e6e9cd8797">
      <Output>
        <ErrorInfo>
          <Message>Assert.AreEqual failed. Expected:&lt;2&gt;. Actual:&lt;4&gt;. </Message>
          <StackTrace>   at TestProjectWON.UnitTest1.TestMethod7() in C:\agent\_work\8\s\TestProjectWON\UnitTest1.cs:line 48&#xD;
</StackTrace>
        </ErrorInfo>
      </Output>
    </UnitTestResult>
    <UnitTestResult executionId="7fcd5d2c-3e9d-419c-8334-a369065c164a" testId="448750a7-727a-5951-0133-3dde033397df" testName="TestMethod940" computerName="SUSALUJ" duration="00:00:00.0000425" startTime="2019-07-19T16:06:37.6607656+05:30" endTime="2019-07-19T16:06:37.6617655+05:30" testType="13cdc9d9-ddb5-4fa4-a97d-d965ccfc6d4b" outcome="Passed" testListId="8c84fa94-04c1-424b-9868-57a2d4851a1d" relativeResultsDirectory="7fcd5d2c-3e9d-419c-8334-a369065c164a" />
    <UnitTestResult executionId="26174034-a738-41c1-9e77-da31700bde2c" testId="0df0539f-4daf-4901-0eea-892979bbc6ad" testName="TestMethod437" computerName="SUSALUJ" duration="00:00:00.0000349" startTime="2019-07-19T16:06:37.8067688+05:30" endTime="2019-07-19T16:06:37.8067688+05:30" testType="13cdc9d9-ddb5-4fa4-a97d-d965ccfc6d4b" outcome="Passed" testListId="8c84fa94-04c1-424b-9868-57a2d4851a1d" relativeResultsDirectory="26174034-a738-41c1-9e77-da31700bde2c" />
    <UnitTestResult executionId="01bb5bb3-aa28-4a3e-848d-3b62198dbb7c" testId="f35ba837-efe1-7ec1-1386-e691929b7f10" testName="TestMethod455" computerName="SUSALUJ" duration="00:00:00.0000297" startTime="2019-07-19T16:06:37.7667689+05:30" endTime="2019-07-19T16:06:37.7677667+05:30" testType="13cdc9d9-ddb5-4fa4-a97d-d965ccfc6d4b" outcome="Passed" testListId="8c84fa94-04c1-424b-9868-57a2d4851a1d" relativeResultsDirectory="01bb5bb3-aa28-4a3e-848d-3b62198dbb7c" />
    <UnitTestResult executionId="c31bea49-8988-4bdf-a89b-7150925b755e" testId="c71759fc-e4e5-d7b5-0b8a-14b59e843b99" testName="TestMethod345" computerName="SUSALUJ" duration="00:00:00.0000196" startTime="2019-07-19T16:06:37.8337666+05:30" endTime="2019-07-19T16:06:37.8337666+05:30" testType="13cdc9d9-ddb5-4fa4-a97d-d965ccfc6d4b" outcome="Passed" testListId="8c84fa94-04c1-424b-9868-57a2d4851a1d" relativeResultsDirectory="c31bea49-8988-4bdf-a89b-7150925b755e" />
    <UnitTestResult executionId="b4b55793-1dd9-4407-b120-0cdf74fc9278" testId="f87b10d3-ed81-9fac-667c-024663b5cc14" testName="TestMethod571" computerName="SUSALUJ" duration="00:00:00.0000314" startTime="2019-07-19T16:06:37.7537653+05:30" endTime="2019-07-19T16:06:37.7537653+05:30" testType="13cdc9d9-ddb5-4fa4-a97d-d965ccfc6d4b" outcome="Passed" testListId="8c84fa94-04c1-424b-9868-57a2d4851a1d" relativeResultsDirectory="b4b55793-1dd9-4407-b120-0cdf74fc9278" />
    <UnitTestResult executionId="194a2d24-34f1-4b14-8ce2-1915a927e3ef" testId="68b79cb8-5143-d0df-fd0c-6bdd07e7bc95" testName="TestMethod277" computerName="SUSALUJ" duration="00:00:00.0000359" startTime="2019-07-19T16:06:37.8587686+05:30" endTime="2019-07-19T16:06:37.8597666+05:30" testType="13cdc9d9-ddb5-4fa4-a97d-d965ccfc6d4b" outcome="Passed" testListId="8c84fa94-04c1-424b-9868-57a2d4851a1d" relativeResultsDirectory="194a2d24-34f1-4b14-8ce2-1915a927e3ef" />
    <UnitTestResult executionId="d18c3ec2-d4c7-4ee3-b831-be296944a77c" testId="9214b874-848b-6a6d-b88b-6d0ccc56ee9d" testName="TestMethod624" computerName="SUSALUJ" duration="00:00:00.0000224" startTime="2019-07-19T16:06:37.7157651+05:30" endTime="2019-07-19T16:06:37.7157651+05:30" testType="13cdc9d9-ddb5-4fa4-a97d-d965ccfc6d4b" outcome="Passed" testListId="8c84fa94-04c1-424b-9868-57a2d4851a1d" relativeResultsDirectory="d18c3ec2-d4c7-4ee3-b831-be296944a77c" />
    <UnitTestResult executionId="e5d3d470-75fe-4486-bdfe-82994ad5d06f" testId="c2c97375-6246-5409-a138-e7645e42665c" testName="TestMethod167" computerName="SUSALUJ" duration="00:00:00.0000641" startTime="2019-07-19T16:06:37.8757660+05:30" endTime="2019-07-19T16:06:37.8757660+05:30" testType="13cdc9d9-ddb5-4fa4-a97d-d965ccfc6d4b" outcome="Passed" testListId="8c84fa94-04c1-424b-9868-57a2d4851a1d" relativeResultsDirectory="e5d3d470-75fe-4486-bdfe-82994ad5d06f" />
    <UnitTestResult executionId="f19c5fe4-5d2a-40a9-95ba-6a3f78e0584e" testId="e8e42826-2f99-5e69-1f94-95f6d6d1ba75" testName="TestMethod187" computerName="SUSALUJ" duration="00:00:00.0000466" startTime="2019-07-19T16:06:37.8817686+05:30" endTime="2019-07-19T16:06:37.8827688+05:30" testType="13cdc9d9-ddb5-4fa4-a97d-d965ccfc6d4b" outcome="Passed" testListId="8c84fa94-04c1-424b-9868-57a2d4851a1d" relativeResultsDirectory="f19c5fe4-5d2a-40a9-95ba-6a3f78e0584e" />
    <UnitTestResult executionId="2b755ab5-fa89-4656-8fcc-3864ae8be0bc" testId="3f9971cf-342d-bdff-0580-39d519ebcc3c" testName="TestMethod880" computerName="SUSALUJ" duration="00:00:00.0000728" startTime="2019-07-19T16:06:37.6477642+05:30" endTime="2019-07-19T16:06:37.6487663+05:30" testType="13cdc9d9-ddb5-4fa4-a97d-d965ccfc6d4b" outcome="Passed" testListId="8c84fa94-04c1-424b-9868-57a2d4851a1d" relativeResultsDirectory="2b755ab5-fa89-4656-8fcc-3864ae8be0bc" />
    <UnitTestResult executionId="b223681d-b917-4777-b84a-f3d989091207" testId="a8c51ba9-0ff1-9c79-d0ec-d8c043c3c3a6" testName="TestMethod930" computerName="SUSALUJ" duration="00:00:00.0000676" startTime="2019-07-19T16:06:37.6577652+05:30" endTime="2019-07-19T16:06:37.6587717+05:30" testType="13cdc9d9-ddb5-4fa4-a97d-d965ccfc6d4b" outcome="Passed" testListId="8c84fa94-04c1-424b-9868-57a2d4851a1d" relativeResultsDirectory="b223681d-b917-4777-b84a-f3d989091207" />
    <UnitTestResult executionId="595f4cb7-0abb-4fe5-9c71-093776913dad" testId="f6b51f6d-a181-38fe-040a-05ccd3c3beae" testName="TestMethod948" computerName="SUSALUJ" duration="00:00:00.0000569" startTime="2019-07-19T16:06:37.6627643+05:30" endTime="2019-07-19T16:06:37.6627643+05:30" testType="13cdc9d9-ddb5-4fa4-a97d-d965ccfc6d4b" outcome="Passed" testListId="8c84fa94-04c1-424b-9868-57a2d4851a1d" relativeResultsDirectory="595f4cb7-0abb-4fe5-9c71-093776913dad" />
    <UnitTestResult executionId="153226e2-629d-4043-a4b6-e8281c7e2aac" testId="048a7356-951d-0443-ab4d-f351f2bc2b8f" testName="TestMethod975" computerName="SUSALUJ" duration="00:00:00.0000217" startTime="2019-07-19T16:06:37.6417651+05:30" endTime="2019-07-19T16:06:37.6417651+05:30" testType="13cdc9d9-ddb5-4fa4-a97d-d965ccfc6d4b" outcome="Passed" testListId="8c84fa94-04c1-424b-9868-57a2d4851a1d" relativeResultsDirectory="153226e2-629d-4043-a4b6-e8281c7e2aac" />
    <UnitTestResult executionId="30f86919-fa79-4985-a7d8-c91f7adaf74a" testId="cbdef425-9358-5d90-4cf6-343384677bd3" testName="TestMethod865" computerName="SUSALUJ" duration="00:00:00.0000440" startTime="2019-07-19T16:06:37.6917665+05:30" endTime="2019-07-19T16:06:37.6917665+05:30" testType="13cdc9d9-ddb5-4fa4-a97d-d965ccfc6d4b" outcome="Passed" testListId="8c84fa94-04c1-424b-9868-57a2d4851a1d" relativeResultsDirectory="30f86919-fa79-4985-a7d8-c91f7adaf74a" />
    <UnitTestResult executionId="02d95b69-6eeb-43e2-bc4f-23c6de7a672c" testId="93a4a2bf-3314-dade-c7e2-a2485760c42e" testName="TestMethod955" computerName="SUSALUJ" duration="00:00:00.0000352" startTime="2019-07-19T16:06:37.6637641+05:30" endTime="2019-07-19T16:06:37.6637641+05:30" testType="13cdc9d9-ddb5-4fa4-a97d-d965ccfc6d4b" outcome="Passed" testListId="8c84fa94-04c1-424b-9868-57a2d4851a1d" relativeResultsDirectory="02d95b69-6eeb-43e2-bc4f-23c6de7a672c" />
    <UnitTestResult executionId="5a558570-fab4-49ff-aca5-42b1aa5cc3bc" testId="a822e5f0-a48f-29ac-c584-16d46763d6a6" testName="TestMethod289" computerName="SUSALUJ" duration="00:00:00.0000318" startTime="2019-07-19T16:06:37.8117663+05:30" endTime="2019-07-19T16:06:37.8117663+05:30" testType="13cdc9d9-ddb5-4fa4-a97d-d965ccfc6d4b" outcome="Passed" testListId="8c84fa94-04c1-424b-9868-57a2d4851a1d" relativeResultsDirectory="5a558570-fab4-49ff-aca5-42b1aa5cc3bc" />
    <UnitTestResult executionId="cc673e2e-f8be-47aa-a644-f8f17c4c2767" testId="93b56f15-d0f9-922b-ebdb-da9b37d35a33" testName="TestMethod515" computerName="SUSALUJ" duration="00:00:00.0000880" startTime="2019-07-19T16:06:37.7827680+05:30" endTime="2019-07-19T16:06:37.7837671+05:30" testType="13cdc9d9-ddb5-4fa4-a97d-d965ccfc6d4b" outcome="Passed" testListId="8c84fa94-04c1-424b-9868-57a2d4851a1d" relativeResultsDirectory="cc673e2e-f8be-47aa-a644-f8f17c4c2767" />
    <UnitTestResult executionId="6033aaf8-996d-4eaf-b1ce-2bc9631aa5f4" testId="cd875926-d1f9-6873-7028-cf4c8ecd0257" testName="TestMethod918" computerName="SUSALUJ" duration="00:00:00.0000350" startTime="2019-07-19T16:06:37.6557644+05:30" endTime="2019-07-19T16:06:37.6557644+05:30" testType="13cdc9d9-ddb5-4fa4-a97d-d965ccfc6d4b" outcome="Passed" testListId="8c84fa94-04c1-424b-9868-57a2d4851a1d" relativeResultsDirectory="6033aaf8-996d-4eaf-b1ce-2bc9631aa5f4" />
    <UnitTestResult executionId="7d5d5022-4149-4f8f-924d-9bcb88f8cd61" testId="cbf64e51-6576-50d6-4267-120838d86343" testName="TestMethod507" computerName="SUSALUJ" duration="00:00:00.0000370" startTime="2019-07-19T16:06:37.7807681+05:30" endTime="2019-07-19T16:06:37.7807681+05:30" testType="13cdc9d9-ddb5-4fa4-a97d-d965ccfc6d4b" outcome="Passed" testListId="8c84fa94-04c1-424b-9868-57a2d4851a1d" relativeResultsDirectory="7d5d5022-4149-4f8f-924d-9bcb88f8cd61" />
    <UnitTestResult executionId="de94047c-acae-46cc-a63a-3af62b4a50af" testId="e56bb4a4-9587-cb5a-f7c4-a670d502fb30" testName="TestMethod185" computerName="SUSALUJ" duration="00:00:00.0000335" startTime="2019-07-19T16:06:37.8817686+05:30" endTime="2019-07-19T16:06:37.8817686+05:30" testType="13cdc9d9-ddb5-4fa4-a97d-d965ccfc6d4b" outcome="Passed" testListId="8c84fa94-04c1-424b-9868-57a2d4851a1d" relativeResultsDirectory="de94047c-acae-46cc-a63a-3af62b4a50af" />
    <UnitTestResult executionId="f74d4cd6-a9e9-4539-b640-eebd7cf9bc48" testId="ad39e5c6-b75b-964c-f725-2860bbded73a" testName="TestMethod170" computerName="SUSALUJ" duration="00:00:00.0000309" startTime="2019-07-19T16:06:37.8767676+05:30" endTime="2019-07-19T16:06:37.8767676+05:30" testType="13cdc9d9-ddb5-4fa4-a97d-d965ccfc6d4b" outcome="Passed" testListId="8c84fa94-04c1-424b-9868-57a2d4851a1d" relativeResultsDirectory="f74d4cd6-a9e9-4539-b640-eebd7cf9bc48" />
    <UnitTestResult executionId="83052f67-1879-4a0c-8383-77bb1aa8f541" testId="25e5fbea-a59a-469e-2c57-bf43e692253f" testName="TestMethod490" computerName="SUSALUJ" duration="00:00:00.0000227" startTime="2019-07-19T16:06:37.7767691+05:30" endTime="2019-07-19T16:06:37.7767691+05:30" testType="13cdc9d9-ddb5-4fa4-a97d-d965ccfc6d4b" outcome="Passed" testListId="8c84fa94-04c1-424b-9868-57a2d4851a1d" relativeResultsDirectory="83052f67-1879-4a0c-8383-77bb1aa8f541" />
    <UnitTestResult executionId="73596ccf-90b0-4379-8be0-55416848a4e0" testId="4e7d0eed-3253-3a99-4b23-1e16e64a7cba" testName="TestMethod795" computerName="SUSALUJ" duration="00:00:00.0000375" startTime="2019-07-19T16:06:37.6657670+05:30" endTime="2019-07-19T16:06:37.6657670+05:30" testType="13cdc9d9-ddb5-4fa4-a97d-d965ccfc6d4b" outcome="Passed" testListId="8c84fa94-04c1-424b-9868-57a2d4851a1d" relativeResultsDirectory="73596ccf-90b0-4379-8be0-55416848a4e0" />
    <UnitTestResult executionId="d72a09ce-0683-4c4e-9a14-a367d1412371" testId="c57b5ac3-e5ee-5197-1193-cb70696436ab" testName="TestMethod146" computerName="SUSALUJ" duration="00:00:00.0000315" startTime="2019-07-19T16:06:37.8707678+05:30" endTime="2019-07-19T16:06:37.8707678+05:30" testType="13cdc9d9-ddb5-4fa4-a97d-d965ccfc6d4b" outcome="Passed" testListId="8c84fa94-04c1-424b-9868-57a2d4851a1d" relativeResultsDirectory="d72a09ce-0683-4c4e-9a14-a367d1412371" />
    <UnitTestResult executionId="fdbaa06a-6acd-4ac1-aa20-edefe422af22" testId="6041e855-6e16-fdd0-edb8-bddfeadf60e9" testName="TestMethod938" computerName="SUSALUJ" duration="00:00:00.0000411" startTime="2019-07-19T16:06:37.6607656+05:30" endTime="2019-07-19T16:06:37.6607656+05:30" testType="13cdc9d9-ddb5-4fa4-a97d-d965ccfc6d4b" outcome="Passed" testListId="8c84fa94-04c1-424b-9868-57a2d4851a1d" relativeResultsDirectory="fdbaa06a-6acd-4ac1-aa20-edefe422af22" />
    <UnitTestResult executionId="d7178dd0-5198-4dad-a74c-9054e4592af4" testId="659a9ec2-9923-b1fc-65d4-820accfaf013" testName="TestMethod246" computerName="SUSALUJ" duration="00:00:00.0000194" startTime="2019-07-19T16:06:37.8497672+05:30" endTime="2019-07-19T16:06:37.8497672+05:30" testType="13cdc9d9-ddb5-4fa4-a97d-d965ccfc6d4b" outcome="Passed" testListId="8c84fa94-04c1-424b-9868-57a2d4851a1d" relativeResultsDirectory="d7178dd0-5198-4dad-a74c-9054e4592af4" />
    <UnitTestResult executionId="be39e5e8-dc11-4686-b65a-04382d7c23e0" testId="1f698a05-529f-0e53-b376-15637b69868e" testName="TestMethod427" computerName="SUSALUJ" duration="00:00:00.0000344" startTime="2019-07-19T16:06:37.8047702+05:30" endTime="2019-07-19T16:06:37.8047702+05:30" testType="13cdc9d9-ddb5-4fa4-a97d-d965ccfc6d4b" outcome="Passed" testListId="8c84fa94-04c1-424b-9868-57a2d4851a1d" relativeResultsDirectory="be39e5e8-dc11-4686-b65a-04382d7c23e0" />
    <UnitTestResult executionId="d00fc020-39f3-45fe-91cf-b8316a0084df" testId="fa6e016c-cf40-5d29-14b8-73af84d227df" testName="TestMethod117" computerName="SUSALUJ" duration="00:00:00.0000487" startTime="2019-07-19T16:06:37.8607653+05:30" endTime="2019-07-19T16:06:37.8617659+05:30" testType="13cdc9d9-ddb5-4fa4-a97d-d965ccfc6d4b" outcome="Passed" testListId="8c84fa94-04c1-424b-9868-57a2d4851a1d" relativeResultsDirectory="d00fc020-39f3-45fe-91cf-b8316a0084df" />
    <UnitTestResult executionId="496aa2ea-b4fc-49d4-aca3-fb01d0f8b461" testId="b76ef51e-8339-e9f8-da0f-bcb30f07d332" testName="TestMethod822" computerName="SUSALUJ" duration="00:00:00.0000495" startTime="2019-07-19T16:06:37.6737681+05:30" endTime="2019-07-19T16:06:37.6737681+05:30" testType="13cdc9d9-ddb5-4fa4-a97d-d965ccfc6d4b" outcome="Passed" testListId="8c84fa94-04c1-424b-9868-57a2d4851a1d" relativeResultsDirectory="496aa2ea-b4fc-49d4-aca3-fb01d0f8b461" />
    <UnitTestResult executionId="9fafe641-f3bc-4a05-8baf-2956f62601e8" testId="38b9ac66-3a52-c107-e4a8-1e404bb2068f" testName="TestMethod0" computerName="SUSALUJ" duration="00:00:00.0882322" startTime="2019-07-19T16:06:37.8847703+05:30" endTime="2019-07-19T16:06:37.9737645+05:30" testType="13cdc9d9-ddb5-4fa4-a97d-d965ccfc6d4b" outcome="Failed" testListId="8c84fa94-04c1-424b-9868-57a2d4851a1d" relativeResultsDirectory="9fafe641-f3bc-4a05-8baf-2956f62601e8">
      <Output>
        <ErrorInfo>
          <Message>Assert.AreEqual failed. Expected:&lt;2&gt;. Actual:&lt;4&gt;. </Message>
          <StackTrace>   at TestProjectWON.UnitTest1.TestMethod0() in C:\agent\_work\8\s\TestProjectWON\UnitTest1.cs:line 13&#xD;
</StackTrace>
        </ErrorInfo>
      </Output>
    </UnitTestResult>
    <UnitTestResult executionId="24323718-e10d-4621-af71-dd97f8fbaa95" testId="e6196d6f-df08-6059-bad4-cec736d80078" testName="TestMethod292" computerName="SUSALUJ" duration="00:00:00.0000269" startTime="2019-07-19T16:06:37.8127688+05:30" endTime="2019-07-19T16:06:37.8127688+05:30" testType="13cdc9d9-ddb5-4fa4-a97d-d965ccfc6d4b" outcome="Passed" testListId="8c84fa94-04c1-424b-9868-57a2d4851a1d" relativeResultsDirectory="24323718-e10d-4621-af71-dd97f8fbaa95" />
    <UnitTestResult executionId="fcad292e-fdd6-432f-8aa7-d601b31e83d0" testId="7a8a4f9b-bc69-7eee-3a8a-ac87698efa86" testName="TestMethod500" computerName="SUSALUJ" duration="00:00:00.0000228" startTime="2019-07-19T16:06:37.7797659+05:30" endTime="2019-07-19T16:06:37.7797659+05:30" testType="13cdc9d9-ddb5-4fa4-a97d-d965ccfc6d4b" outcome="Passed" testListId="8c84fa94-04c1-424b-9868-57a2d4851a1d" relativeResultsDirectory="fcad292e-fdd6-432f-8aa7-d601b31e83d0" />
    <UnitTestResult executionId="646b4868-7bb5-4445-9ed0-5b39d0e41bf0" testId="3f7d39dd-f323-74fc-8179-db3ff005b6ec" testName="TestMethod412" computerName="SUSALUJ" duration="00:00:00.0000353" startTime="2019-07-19T16:06:37.8007703+05:30" endTime="2019-07-19T16:06:37.8007703+05:30" testType="13cdc9d9-ddb5-4fa4-a97d-d965ccfc6d4b" outcome="Passed" testListId="8c84fa94-04c1-424b-9868-57a2d4851a1d" relativeResultsDirectory="646b4868-7bb5-4445-9ed0-5b39d0e41bf0" />
    <UnitTestResult executionId="84a89052-52eb-4c76-a351-6dcd985630f4" testId="2734d560-bca6-3dc0-5647-169dfc4e3985" testName="TestMethod91" computerName="SUSALUJ" duration="00:00:00.0000334" startTime="2019-07-19T16:06:38.0097654+05:30" endTime="2019-07-19T16:06:38.0107645+05:30" testType="13cdc9d9-ddb5-4fa4-a97d-d965ccfc6d4b" outcome="Passed" testListId="8c84fa94-04c1-424b-9868-57a2d4851a1d" relativeResultsDirectory="84a89052-52eb-4c76-a351-6dcd985630f4" />
    <UnitTestResult executionId="abb36f94-bfa1-4614-bf04-874700828fb4" testId="2a56e323-0d48-7dfa-4535-c7b28c438a56" testName="TestMethod94" computerName="SUSALUJ" duration="00:00:00.0000327" startTime="2019-07-19T16:06:38.0107645+05:30" endTime="2019-07-19T16:06:38.0107645+05:30" testType="13cdc9d9-ddb5-4fa4-a97d-d965ccfc6d4b" outcome="Passed" testListId="8c84fa94-04c1-424b-9868-57a2d4851a1d" relativeResultsDirectory="abb36f94-bfa1-4614-bf04-874700828fb4" />
    <UnitTestResult executionId="1f93350c-b9d2-4512-bc3b-32dd9bccd9c9" testId="bd2143a5-6659-cd71-7e42-8c05bb631335" testName="TestMethod8" computerName="SUSALUJ" duration="00:00:00.0005056" startTime="2019-07-19T16:06:37.9807674+05:30" endTime="2019-07-19T16:06:37.9827653+05:30" testType="13cdc9d9-ddb5-4fa4-a97d-d965ccfc6d4b" outcome="Failed" testListId="8c84fa94-04c1-424b-9868-57a2d4851a1d" relativeResultsDirectory="1f93350c-b9d2-4512-bc3b-32dd9bccd9c9">
      <Output>
        <ErrorInfo>
          <Message>Assert.AreEqual failed. Expected:&lt;2&gt;. Actual:&lt;4&gt;. </Message>
          <StackTrace>   at TestProjectWON.UnitTest1.TestMethod8() in C:\agent\_work\8\s\TestProjectWON\UnitTest1.cs:line 53&#xD;
</StackTrace>
        </ErrorInfo>
      </Output>
    </UnitTestResult>
    <UnitTestResult executionId="b58a4c19-2df2-4f0a-8592-e1ea69000ec4" testId="d2ac934c-06ca-163d-72aa-0d3d38b9ca1c" testName="TestMethod223" computerName="SUSALUJ" duration="00:00:00.0000220" startTime="2019-07-19T16:06:37.8447660+05:30" endTime="2019-07-19T16:06:37.8447660+05:30" testType="13cdc9d9-ddb5-4fa4-a97d-d965ccfc6d4b" outcome="Passed" testListId="8c84fa94-04c1-424b-9868-57a2d4851a1d" relativeResultsDirectory="b58a4c19-2df2-4f0a-8592-e1ea69000ec4" />
    <UnitTestResult executionId="0b6a28d7-33b4-431a-87fc-2bd5905324ed" testId="701effda-ecaa-0161-2522-7f0e19a89600" testName="TestMethod679" computerName="SUSALUJ" duration="00:00:00.0000400" startTime="2019-07-19T16:06:37.7297671+05:30" endTime="2019-07-19T16:06:37.7307663+05:30" testType="13cdc9d9-ddb5-4fa4-a97d-d965ccfc6d4b" outcome="Passed" testListId="8c84fa94-04c1-424b-9868-57a2d4851a1d" relativeResultsDirectory="0b6a28d7-33b4-431a-87fc-2bd5905324ed" />
    <UnitTestResult executionId="8f1ec57b-c445-4e90-81f9-822a8b46a2a0" testId="6c2931ba-0104-f8f3-2bd2-0063815f613e" testName="TestMethod819" computerName="SUSALUJ" duration="00:00:00.0000586" startTime="2019-07-19T16:06:37.6717669+05:30" endTime="2019-07-19T16:06:37.6727737+05:30" testType="13cdc9d9-ddb5-4fa4-a97d-d965ccfc6d4b" outcome="Passed" testListId="8c84fa94-04c1-424b-9868-57a2d4851a1d" relativeResultsDirectory="8f1ec57b-c445-4e90-81f9-822a8b46a2a0" />
    <UnitTestResult executionId="7b3a42cf-a326-46a4-9cd5-982e63d8b476" testId="b9f1949e-6005-8b38-5aad-734ff60f7a1c" testName="TestMethod878" computerName="SUSALUJ" duration="00:00:00.0000201" startTime="2019-07-19T16:06:37.6477642+05:30" endTime="2019-07-19T16:06:37.6477642+05:30" testType="13cdc9d9-ddb5-4fa4-a97d-d965ccfc6d4b" outcome="Passed" testListId="8c84fa94-04c1-424b-9868-57a2d4851a1d" relativeResultsDirectory="7b3a42cf-a326-46a4-9cd5-982e63d8b476" />
    <UnitTestResult executionId="62f0107e-484d-43b0-bf39-fca0bb7126a2" testId="b6bb762a-9e5c-d2b4-5406-c312443d0acf" testName="TestMethod843" computerName="SUSALUJ" duration="00:00:00.0000295" startTime="2019-07-19T16:06:37.6857641+05:30" endTime="2019-07-19T16:06:37.6857641+05:30" testType="13cdc9d9-ddb5-4fa4-a97d-d965ccfc6d4b" outcome="Passed" testListId="8c84fa94-04c1-424b-9868-57a2d4851a1d" relativeResultsDirectory="62f0107e-484d-43b0-bf39-fca0bb7126a2" />
    <UnitTestResult executionId="1c107734-fd38-4ecb-9b8b-3c7013765259" testId="ccd8ed81-75a8-3df8-b4c7-975167e12a0b" testName="TestMethod764" computerName="SUSALUJ" duration="00:00:00.0000265" startTime="2019-07-19T16:06:37.7087655+05:30" endTime="2019-07-19T16:06:37.7087655+05:30" testType="13cdc9d9-ddb5-4fa4-a97d-d965ccfc6d4b" outcome="Passed" testListId="8c84fa94-04c1-424b-9868-57a2d4851a1d" relativeResultsDirectory="1c107734-fd38-4ecb-9b8b-3c7013765259" />
    <UnitTestResult executionId="e3165349-8f4f-47c7-ae8f-13212e1a3769" testId="1e972868-705b-a2cf-bcf4-1e98d9f4c876" testName="TestMethod64" computerName="SUSALUJ" duration="00:00:00.0000318" startTime="2019-07-19T16:06:38.0037666+05:30" endTime="2019-07-19T16:06:38.0047671+05:30" testType="13cdc9d9-ddb5-4fa4-a97d-d965ccfc6d4b" outcome="Passed" testListId="8c84fa94-04c1-424b-9868-57a2d4851a1d" relativeResultsDirectory="e3165349-8f4f-47c7-ae8f-13212e1a3769" />
    <UnitTestResult executionId="245d6b1a-8861-4df2-b9ac-b8718040e068" testId="cb461d3e-eca8-bb20-712e-29e229304470" testName="TestMethod529" computerName="SUSALUJ" duration="00:00:00.0000197" startTime="2019-07-19T16:06:37.7867668+05:30" endTime="2019-07-19T16:06:37.7867668+05:30" testType="13cdc9d9-ddb5-4fa4-a97d-d965ccfc6d4b" outcome="Passed" testListId="8c84fa94-04c1-424b-9868-57a2d4851a1d" relativeResultsDirectory="245d6b1a-8861-4df2-b9ac-b8718040e068" />
    <UnitTestResult executionId="d61636b9-376b-4ba4-a161-4c39ac1ec606" testId="0fa337ef-9264-9b89-1d15-627beacabec9" testName="TestMethod397" computerName="SUSALUJ" duration="00:00:00.0000209" startTime="2019-07-19T16:06:37.7967650+05:30" endTime="2019-07-19T16:06:37.7967650+05:30" testType="13cdc9d9-ddb5-4fa4-a97d-d965ccfc6d4b" outcome="Passed" testListId="8c84fa94-04c1-424b-9868-57a2d4851a1d" relativeResultsDirectory="d61636b9-376b-4ba4-a161-4c39ac1ec606" />
    <UnitTestResult executionId="764e8542-d597-4bb5-90cb-c2a153570946" testId="846ac6c3-55bc-e84d-26d2-2575dc0cb8d4" testName="TestMethod175" computerName="SUSALUJ" duration="00:00:00.0000523" startTime="2019-07-19T16:06:37.8777649+05:30" endTime="2019-07-19T16:06:37.8777649+05:30" testType="13cdc9d9-ddb5-4fa4-a97d-d965ccfc6d4b" outcome="Passed" testListId="8c84fa94-04c1-424b-9868-57a2d4851a1d" relativeResultsDirectory="764e8542-d597-4bb5-90cb-c2a153570946" />
    <UnitTestResult executionId="80ae342c-485e-48e2-bacf-4ed8c3695f1c" testId="f9522e77-b6e5-3bb0-d676-365ce0f42f8d" testName="TestMethod685" computerName="SUSALUJ" duration="00:00:00.0000680" startTime="2019-07-19T16:06:37.7317680+05:30" endTime="2019-07-19T16:06:37.7317680+05:30" testType="13cdc9d9-ddb5-4fa4-a97d-d965ccfc6d4b" outcome="Passed" testListId="8c84fa94-04c1-424b-9868-57a2d4851a1d" relativeResultsDirectory="80ae342c-485e-48e2-bacf-4ed8c3695f1c" />
    <UnitTestResult executionId="28407193-ed5c-4b5d-8670-b4e19800505a" testId="56492bfc-e924-0da8-97a1-130598b24e73" testName="TestMethod693" computerName="SUSALUJ" duration="00:00:00.0004426" startTime="2019-07-19T16:06:37.7337660+05:30" endTime="2019-07-19T16:06:37.7347667+05:30" testType="13cdc9d9-ddb5-4fa4-a97d-d965ccfc6d4b" outcome="Passed" testListId="8c84fa94-04c1-424b-9868-57a2d4851a1d" relativeResultsDirectory="28407193-ed5c-4b5d-8670-b4e19800505a" />
    <UnitTestResult executionId="510ae55e-4fd6-43d2-a145-6504835d7d24" testId="e4f6934a-616c-8376-308f-cb98c04d2173" testName="TestMethod891" computerName="SUSALUJ" duration="00:00:00.0000370" startTime="2019-07-19T16:06:37.6507645+05:30" endTime="2019-07-19T16:06:37.6507645+05:30" testType="13cdc9d9-ddb5-4fa4-a97d-d965ccfc6d4b" outcome="Passed" testListId="8c84fa94-04c1-424b-9868-57a2d4851a1d" relativeResultsDirectory="510ae55e-4fd6-43d2-a145-6504835d7d24" />
    <UnitTestResult executionId="43f69612-6080-4766-865c-ea4a7eae1820" testId="16ef2190-1f73-491e-22c1-38b1f96709f9" testName="TestMethod798" computerName="SUSALUJ" duration="00:00:00.0000548" startTime="2019-07-19T16:06:37.6667668+05:30" endTime="2019-07-19T16:06:37.6667668+05:30" testType="13cdc9d9-ddb5-4fa4-a97d-d965ccfc6d4b" outcome="Passed" testListId="8c84fa94-04c1-424b-9868-57a2d4851a1d" relativeResultsDirectory="43f69612-6080-4766-865c-ea4a7eae1820" />
    <UnitTestResult executionId="262e3e6f-8bca-4367-83cf-b7fae90e74b1" testId="558bbf3e-ad01-237f-31a6-a482e4972696" testName="TestMethod879" computerName="SUSALUJ" duration="00:00:00.0000206" startTime="2019-07-19T16:06:37.6477642+05:30" endTime="2019-07-19T16:06:37.6477642+05:30" testType="13cdc9d9-ddb5-4fa4-a97d-d965ccfc6d4b" outcome="Passed" testListId="8c84fa94-04c1-424b-9868-57a2d4851a1d" relativeResultsDirectory="262e3e6f-8bca-4367-83cf-b7fae90e74b1" />
    <UnitTestResult executionId="b319850f-6aae-4ee2-847c-9fac4b44545e" testId="d9b69963-27d8-e3e9-4282-0a7426b80ca8" testName="TestMethod876" computerName="SUSALUJ" duration="00:00:00.0000576" startTime="2019-07-19T16:06:37.6467661+05:30" endTime="2019-07-19T16:06:37.6477642+05:30" testType="13cdc9d9-ddb5-4fa4-a97d-d965ccfc6d4b" outcome="Passed" testListId="8c84fa94-04c1-424b-9868-57a2d4851a1d" relativeResultsDirectory="b319850f-6aae-4ee2-847c-9fac4b44545e" />
    <UnitTestResult executionId="014f77b3-06ce-4f8c-a4cc-b05fd94fab38" testId="1d23db69-b3ec-105d-6b79-3270287a4327" testName="TestMethod144" computerName="SUSALUJ" duration="00:00:00.0000353" startTime="2019-07-19T16:06:37.8697679+05:30" endTime="2019-07-19T16:06:37.8697679+05:30" testType="13cdc9d9-ddb5-4fa4-a97d-d965ccfc6d4b" outcome="Passed" testListId="8c84fa94-04c1-424b-9868-57a2d4851a1d" relativeResultsDirectory="014f77b3-06ce-4f8c-a4cc-b05fd94fab38" />
    <UnitTestResult executionId="0b8ae3b8-24d2-4ea3-b1d5-9efb161f2311" testId="a5c9b3e0-5a9d-e34f-5e7a-81a74220a989" testName="TestMethod541" computerName="SUSALUJ" duration="00:00:00.0000371" startTime="2019-07-19T16:06:37.7387668+05:30" endTime="2019-07-19T16:06:37.7387668+05:30" testType="13cdc9d9-ddb5-4fa4-a97d-d965ccfc6d4b" outcome="Passed" testListId="8c84fa94-04c1-424b-9868-57a2d4851a1d" relativeResultsDirectory="0b8ae3b8-24d2-4ea3-b1d5-9efb161f2311" />
    <UnitTestResult executionId="90f6c95f-4362-407e-93a7-bd24f2e065e3" testId="a84efa56-6bf6-839a-c755-cd7db0018314" testName="TestMethod347" computerName="SUSALUJ" duration="00:00:00.0000227" startTime="2019-07-19T16:06:37.8337666+05:30" endTime="2019-07-19T16:06:37.8337666+05:30" testType="13cdc9d9-ddb5-4fa4-a97d-d965ccfc6d4b" outcome="Passed" testListId="8c84fa94-04c1-424b-9868-57a2d4851a1d" relativeResultsDirectory="90f6c95f-4362-407e-93a7-bd24f2e065e3" />
    <UnitTestResult executionId="2de185bb-3477-411c-87e8-c81cc2f9652c" testId="e0f64ae1-ad3b-ab3a-fa7b-d557e5e7ef5e" testName="TestMethod950" computerName="SUSALUJ" duration="00:00:00.0000380" startTime="2019-07-19T16:06:37.6627643+05:30" endTime="2019-07-19T16:06:37.6627643+05:30" testType="13cdc9d9-ddb5-4fa4-a97d-d965ccfc6d4b" outcome="Passed" testListId="8c84fa94-04c1-424b-9868-57a2d4851a1d" relativeResultsDirectory="2de185bb-3477-411c-87e8-c81cc2f9652c" />
    <UnitTestResult executionId="7709440a-94dd-48b3-90ee-38924382a3a7" testId="e97704e8-316b-dc32-95b9-968584ac4f6d" testName="TestMethod79" computerName="SUSALUJ" duration="00:00:00.0000313" startTime="2019-07-19T16:06:38.0067645+05:30" endTime="2019-07-19T16:06:38.0067645+05:30" testType="13cdc9d9-ddb5-4fa4-a97d-d965ccfc6d4b" outcome="Passed" testListId="8c84fa94-04c1-424b-9868-57a2d4851a1d" relativeResultsDirectory="7709440a-94dd-48b3-90ee-38924382a3a7" />
    <UnitTestResult executionId="7312bc17-7592-489c-80b6-0c05788bf020" testId="450cd0b8-107a-db85-2288-0818f2fa4ea2" testName="TestMethod900" computerName="SUSALUJ" duration="00:00:00.0000345" startTime="2019-07-19T16:06:37.6517641+05:30" endTime="2019-07-19T16:06:37.6517641+05:30" testType="13cdc9d9-ddb5-4fa4-a97d-d965ccfc6d4b" outcome="Passed" testListId="8c84fa94-04c1-424b-9868-57a2d4851a1d" relativeResultsDirectory="7312bc17-7592-489c-80b6-0c05788bf020" />
    <UnitTestResult executionId="ebd8bbbb-28b8-4ccb-82c2-1cfb8c8a4b65" testId="9fa47e22-40db-d6aa-08db-2796421ca596" testName="TestMethod207" computerName="SUSALUJ" duration="00:00:00.0000200" startTime="2019-07-19T16:06:37.8407656+05:30" endTime="2019-07-19T16:06:37.8407656+05:30" testType="13cdc9d9-ddb5-4fa4-a97d-d965ccfc6d4b" outcome="Passed" testListId="8c84fa94-04c1-424b-9868-57a2d4851a1d" relativeResultsDirectory="ebd8bbbb-28b8-4ccb-82c2-1cfb8c8a4b65" />
    <UnitTestResult executionId="d038812a-9dbd-4b68-8532-f3da7aee0e49" testId="784e77c8-c91c-30bc-80fe-7549998f79cc" testName="TestMethod487" computerName="SUSALUJ" duration="00:00:00.0005016" startTime="2019-07-19T16:06:37.7747674+05:30" endTime="2019-07-19T16:06:37.7757665+05:30" testType="13cdc9d9-ddb5-4fa4-a97d-d965ccfc6d4b" outcome="Passed" testListId="8c84fa94-04c1-424b-9868-57a2d4851a1d" relativeResultsDirectory="d038812a-9dbd-4b68-8532-f3da7aee0e49" />
    <UnitTestResult executionId="59f461a4-b4c0-435e-83c6-01df42c39a57" testId="ac3b128e-d3d5-4265-9aef-591cc4d52713" testName="TestMethod877" computerName="SUSALUJ" duration="00:00:00.0000412" startTime="2019-07-19T16:06:37.6477642+05:30" endTime="2019-07-19T16:06:37.6477642+05:30" testType="13cdc9d9-ddb5-4fa4-a97d-d965ccfc6d4b" outcome="Passed" testListId="8c84fa94-04c1-424b-9868-57a2d4851a1d" relativeResultsDirectory="59f461a4-b4c0-435e-83c6-01df42c39a57" />
    <UnitTestResult executionId="2728a3c0-c4f0-46c2-925f-27acef5067ac" testId="1f1315c1-a6d0-5528-a7a2-bd280e0f1b90" testName="TestMethod333" computerName="SUSALUJ" duration="00:00:00.0000597" startTime="2019-07-19T16:06:37.8307675+05:30" endTime="2019-07-19T16:06:37.8307675+05:30" testType="13cdc9d9-ddb5-4fa4-a97d-d965ccfc6d4b" outcome="Passed" testListId="8c84fa94-04c1-424b-9868-57a2d4851a1d" relativeResultsDirectory="2728a3c0-c4f0-46c2-925f-27acef5067ac" />
    <UnitTestResult executionId="d0c493e7-159a-4198-bb9f-4f3364692a15" testId="bf375141-0c02-f82b-1ecd-b36c1b60e46f" testName="TestMethod610" computerName="SUSALUJ" duration="00:00:00.0000287" startTime="2019-07-19T16:06:37.7627664+05:30" endTime="2019-07-19T16:06:37.7627664+05:30" testType="13cdc9d9-ddb5-4fa4-a97d-d965ccfc6d4b" outcome="Passed" testListId="8c84fa94-04c1-424b-9868-57a2d4851a1d" relativeResultsDirectory="d0c493e7-159a-4198-bb9f-4f3364692a15" />
    <UnitTestResult executionId="6765ae0e-ec2a-459c-8343-b63270740a63" testId="c2bee61d-b377-0307-6ae6-213cbe906e4c" testName="TestMethod323" computerName="SUSALUJ" duration="00:00:00.0000473" startTime="2019-07-19T16:06:37.8267684+05:30" endTime="2019-07-19T16:06:37.8267684+05:30" testType="13cdc9d9-ddb5-4fa4-a97d-d965ccfc6d4b" outcome="Passed" testListId="8c84fa94-04c1-424b-9868-57a2d4851a1d" relativeResultsDirectory="6765ae0e-ec2a-459c-8343-b63270740a63" />
    <UnitTestResult executionId="e6545119-1613-46f2-ac7b-07b1bf586306" testId="f40ea688-42cc-2a10-7097-ce92bfa5b964" testName="TestMethod548" computerName="SUSALUJ" duration="00:00:00.0000192" startTime="2019-07-19T16:06:37.7397664+05:30" endTime="2019-07-19T16:06:37.7397664+05:30" testType="13cdc9d9-ddb5-4fa4-a97d-d965ccfc6d4b" outcome="Passed" testListId="8c84fa94-04c1-424b-9868-57a2d4851a1d" relativeResultsDirectory="e6545119-1613-46f2-ac7b-07b1bf586306" />
    <UnitTestResult executionId="4aafcbc0-817b-4feb-a8f7-d16b8278a47a" testId="879645bc-7ba2-6487-189b-4a1984172c5b" testName="TestMethod4" computerName="SUSALUJ" duration="00:00:00.0009243" startTime="2019-07-19T16:06:37.9777648+05:30" endTime="2019-07-19T16:06:37.9787664+05:30" testType="13cdc9d9-ddb5-4fa4-a97d-d965ccfc6d4b" outcome="Failed" testListId="8c84fa94-04c1-424b-9868-57a2d4851a1d" relativeResultsDirectory="4aafcbc0-817b-4feb-a8f7-d16b8278a47a">
      <Output>
        <ErrorInfo>
          <Message>Assert.AreEqual failed. Expected:&lt;2&gt;. Actual:&lt;4&gt;. </Message>
          <StackTrace>   at TestProjectWON.UnitTest1.TestMethod4() in C:\agent\_work\8\s\TestProjectWON\UnitTest1.cs:line 33&#xD;
</StackTrace>
        </ErrorInfo>
      </Output>
    </UnitTestResult>
    <UnitTestResult executionId="460a684b-f600-45f2-b800-a43b02243967" testId="991f2985-16ae-d801-ea17-9f16e130eab9" testName="TestMethod508" computerName="SUSALUJ" duration="00:00:00.0000333" startTime="2019-07-19T16:06:37.7817667+05:30" endTime="2019-07-19T16:06:37.7817667+05:30" testType="13cdc9d9-ddb5-4fa4-a97d-d965ccfc6d4b" outcome="Passed" testListId="8c84fa94-04c1-424b-9868-57a2d4851a1d" relativeResultsDirectory="460a684b-f600-45f2-b800-a43b02243967" />
    <UnitTestResult executionId="ba2be42a-7a1a-4059-a717-144bb7af9c1f" testId="8fbca525-7327-91f7-9b94-6e321e0776bf" testName="TestMethod814" computerName="SUSALUJ" duration="00:00:00.0000330" startTime="2019-07-19T16:06:37.6707665+05:30" endTime="2019-07-19T16:06:37.6707665+05:30" testType="13cdc9d9-ddb5-4fa4-a97d-d965ccfc6d4b" outcome="Passed" testListId="8c84fa94-04c1-424b-9868-57a2d4851a1d" relativeResultsDirectory="ba2be42a-7a1a-4059-a717-144bb7af9c1f" />
    <UnitTestResult executionId="d6da6801-05df-4676-933a-4aaae99a7d9e" testId="9cc5e92b-93df-26cc-9767-7c7734ecec97" testName="TestMethod83" computerName="SUSALUJ" duration="00:00:00.0000287" startTime="2019-07-19T16:06:38.0087660+05:30" endTime="2019-07-19T16:06:38.0087660+05:30" testType="13cdc9d9-ddb5-4fa4-a97d-d965ccfc6d4b" outcome="Passed" testListId="8c84fa94-04c1-424b-9868-57a2d4851a1d" relativeResultsDirectory="d6da6801-05df-4676-933a-4aaae99a7d9e" />
    <UnitTestResult executionId="4507d959-3896-4243-a73c-a2fc0688652c" testId="bd5d3463-bfe8-f361-dfab-4ebb65035ec9" testName="TestMethod509" computerName="SUSALUJ" duration="00:00:00.0000260" startTime="2019-07-19T16:06:37.7817667+05:30" endTime="2019-07-19T16:06:37.7817667+05:30" testType="13cdc9d9-ddb5-4fa4-a97d-d965ccfc6d4b" outcome="Passed" testListId="8c84fa94-04c1-424b-9868-57a2d4851a1d" relativeResultsDirectory="4507d959-3896-4243-a73c-a2fc0688652c" />
    <UnitTestResult executionId="6b0b2e3c-342e-4ae3-9207-793d72b8050f" testId="48b9364a-166a-d450-57f5-c643897234ab" testName="TestMethod627" computerName="SUSALUJ" duration="00:00:00.0000335" startTime="2019-07-19T16:06:37.7167655+05:30" endTime="2019-07-19T16:06:37.7167655+05:30" testType="13cdc9d9-ddb5-4fa4-a97d-d965ccfc6d4b" outcome="Passed" testListId="8c84fa94-04c1-424b-9868-57a2d4851a1d" relativeResultsDirectory="6b0b2e3c-342e-4ae3-9207-793d72b8050f" />
    <UnitTestResult executionId="0ea19337-1366-45bc-a8b4-5b07c5ec8b52" testId="a4fa1211-839b-b128-8fa2-bc650f85f4da" testName="TestMethod312" computerName="SUSALUJ" duration="00:00:00.0000367" startTime="2019-07-19T16:06:37.8187665+05:30" endTime="2019-07-19T16:06:37.8187665+05:30" testType="13cdc9d9-ddb5-4fa4-a97d-d965ccfc6d4b" outcome="Passed" testListId="8c84fa94-04c1-424b-9868-57a2d4851a1d" relativeResultsDirectory="0ea19337-1366-45bc-a8b4-5b07c5ec8b52" />
    <UnitTestResult executionId="e10ae6f9-eef6-4d25-b1d7-239cef3ee4c9" testId="41ba25c7-0eaa-9cd8-3146-7df414caa490" testName="TestMethod716" computerName="SUSALUJ" duration="00:00:00.0000314" startTime="2019-07-19T16:06:37.6977660+05:30" endTime="2019-07-19T16:06:37.6977660+05:30" testType="13cdc9d9-ddb5-4fa4-a97d-d965ccfc6d4b" outcome="Passed" testListId="8c84fa94-04c1-424b-9868-57a2d4851a1d" relativeResultsDirectory="e10ae6f9-eef6-4d25-b1d7-239cef3ee4c9" />
    <UnitTestResult executionId="b223a47b-fdf2-45f8-9ab9-382b78498454" testId="c9687247-30d1-280a-87a9-80a36b2d7cef" testName="TestMethod71" computerName="SUSALUJ" duration="00:00:00.0000220" startTime="2019-07-19T16:06:38.0057659+05:30" endTime="2019-07-19T16:06:38.0057659+05:30" testType="13cdc9d9-ddb5-4fa4-a97d-d965ccfc6d4b" outcome="Passed" testListId="8c84fa94-04c1-424b-9868-57a2d4851a1d" relativeResultsDirectory="b223a47b-fdf2-45f8-9ab9-382b78498454" />
    <UnitTestResult executionId="fa1fe392-55d3-4086-ba2f-2b63fc515fb0" testId="fd3a67c1-20b0-7edb-67ac-0abacf5758e9" testName="TestMethod309" computerName="SUSALUJ" duration="00:00:00.0000463" startTime="2019-07-19T16:06:37.8177685+05:30" endTime="2019-07-19T16:06:37.8177685+05:30" testType="13cdc9d9-ddb5-4fa4-a97d-d965ccfc6d4b" outcome="Passed" testListId="8c84fa94-04c1-424b-9868-57a2d4851a1d" relativeResultsDirectory="fa1fe392-55d3-4086-ba2f-2b63fc515fb0" />
    <UnitTestResult executionId="1bd5d898-66d8-42d2-9496-905eb361592b" testId="7273a8f8-ae7d-f089-f04f-8d5bffcd4468" testName="TestMethod912" computerName="SUSALUJ" duration="00:00:00.0000361" startTime="2019-07-19T16:06:37.6547647+05:30" endTime="2019-07-19T16:06:37.6547647+05:30" testType="13cdc9d9-ddb5-4fa4-a97d-d965ccfc6d4b" outcome="Passed" testListId="8c84fa94-04c1-424b-9868-57a2d4851a1d" relativeResultsDirectory="1bd5d898-66d8-42d2-9496-905eb361592b" />
    <UnitTestResult executionId="5d6a67f2-a626-4262-8f28-33a8c6042a02" testId="750786cc-a398-416c-cb6b-2f5b0523943d" testName="TestMethod141" computerName="SUSALUJ" duration="00:00:00.0000322" startTime="2019-07-19T16:06:37.8667671+05:30" endTime="2019-07-19T16:06:37.8667671+05:30" testType="13cdc9d9-ddb5-4fa4-a97d-d965ccfc6d4b" outcome="Passed" testListId="8c84fa94-04c1-424b-9868-57a2d4851a1d" relativeResultsDirectory="5d6a67f2-a626-4262-8f28-33a8c6042a02" />
    <UnitTestResult executionId="7412ed40-6ba3-4a17-811f-690f1525df80" testId="a31dfba7-e2eb-92e0-e6d2-edbe78204565" testName="TestMethod247" computerName="SUSALUJ" duration="00:00:00.0000330" startTime="2019-07-19T16:06:37.8507693+05:30" endTime="2019-07-19T16:06:37.8507693+05:30" testType="13cdc9d9-ddb5-4fa4-a97d-d965ccfc6d4b" outcome="Passed" testListId="8c84fa94-04c1-424b-9868-57a2d4851a1d" relativeResultsDirectory="7412ed40-6ba3-4a17-811f-690f1525df80" />
    <UnitTestResult executionId="34679ded-0c51-4a4a-896c-56c0526f40f8" testId="45d5d672-2494-523f-3667-f6a15831b673" testName="TestMethod454" computerName="SUSALUJ" duration="00:00:00.0000319" startTime="2019-07-19T16:06:37.7667689+05:30" endTime="2019-07-19T16:06:37.7667689+05:30" testType="13cdc9d9-ddb5-4fa4-a97d-d965ccfc6d4b" outcome="Passed" testListId="8c84fa94-04c1-424b-9868-57a2d4851a1d" relativeResultsDirectory="34679ded-0c51-4a4a-896c-56c0526f40f8" />
    <UnitTestResult executionId="a11b04ae-e595-414d-876f-357efce8d694" testId="b6e3dd57-8de7-8937-780f-03582637681d" testName="TestMethod446" computerName="SUSALUJ" duration="00:00:00.0000433" startTime="2019-07-19T16:06:37.8077669+05:30" endTime="2019-07-19T16:06:37.8087658+05:30" testType="13cdc9d9-ddb5-4fa4-a97d-d965ccfc6d4b" outcome="Passed" testListId="8c84fa94-04c1-424b-9868-57a2d4851a1d" relativeResultsDirectory="a11b04ae-e595-414d-876f-357efce8d694" />
    <UnitTestResult executionId="d10208a8-4f10-47a5-8631-d3e8e27a98c1" testId="446bca83-49f8-6535-b852-d0ba19d36891" testName="TestMethod632" computerName="SUSALUJ" duration="00:00:00.0000302" startTime="2019-07-19T16:06:37.7177651+05:30" endTime="2019-07-19T16:06:37.7177651+05:30" testType="13cdc9d9-ddb5-4fa4-a97d-d965ccfc6d4b" outcome="Passed" testListId="8c84fa94-04c1-424b-9868-57a2d4851a1d" relativeResultsDirectory="d10208a8-4f10-47a5-8631-d3e8e27a98c1" />
    <UnitTestResult executionId="62e69d1c-410a-450d-b00d-dd01a0250d29" testId="0e6cc107-c8fb-79d7-b16b-448e9915d30f" testName="TestMethod574" computerName="SUSALUJ" duration="00:00:00.0000217" startTime="2019-07-19T16:06:37.7547678+05:30" endTime="2019-07-19T16:06:37.7547678+05:30" testType="13cdc9d9-ddb5-4fa4-a97d-d965ccfc6d4b" outcome="Passed" testListId="8c84fa94-04c1-424b-9868-57a2d4851a1d" relativeResultsDirectory="62e69d1c-410a-450d-b00d-dd01a0250d29" />
    <UnitTestResult executionId="43085663-ae74-4a91-b125-ffd9e9197dc6" testId="8b2f8dee-5111-0e66-4cbd-d2d21db27954" testName="TestMethod157" computerName="SUSALUJ" duration="00:00:00.0000325" startTime="2019-07-19T16:06:37.8727656+05:30" endTime="2019-07-19T16:06:37.8737677+05:30" testType="13cdc9d9-ddb5-4fa4-a97d-d965ccfc6d4b" outcome="Passed" testListId="8c84fa94-04c1-424b-9868-57a2d4851a1d" relativeResultsDirectory="43085663-ae74-4a91-b125-ffd9e9197dc6" />
    <UnitTestResult executionId="0c5ba2df-abea-4e45-a483-a964f3cc0193" testId="956ee45b-28c9-92eb-4d28-9f7ad0b0d994" testName="TestMethod703" computerName="SUSALUJ" duration="00:00:00.0000297" startTime="2019-07-19T16:06:37.7367682+05:30" endTime="2019-07-19T16:06:37.7367682+05:30" testType="13cdc9d9-ddb5-4fa4-a97d-d965ccfc6d4b" outcome="Passed" testListId="8c84fa94-04c1-424b-9868-57a2d4851a1d" relativeResultsDirectory="0c5ba2df-abea-4e45-a483-a964f3cc0193" />
    <UnitTestResult executionId="ab320afa-9dd0-4194-927c-19d883da07b6" testId="45a163be-f6fb-02de-a2cc-6dec2a644136" testName="TestMethod137" computerName="SUSALUJ" duration="00:00:00.0000321" startTime="2019-07-19T16:06:37.8657677+05:30" endTime="2019-07-19T16:06:37.8667671+05:30" testType="13cdc9d9-ddb5-4fa4-a97d-d965ccfc6d4b" outcome="Passed" testListId="8c84fa94-04c1-424b-9868-57a2d4851a1d" relativeResultsDirectory="ab320afa-9dd0-4194-927c-19d883da07b6" />
    <UnitTestResult executionId="4a3c4ccc-ae73-4077-8b7b-3473c5c61034" testId="bd8b30b1-af16-1667-db26-45b27d69c724" testName="TestMethod334" computerName="SUSALUJ" duration="00:00:00.0000319" startTime="2019-07-19T16:06:37.8307675+05:30" endTime="2019-07-19T16:06:37.8307675+05:30" testType="13cdc9d9-ddb5-4fa4-a97d-d965ccfc6d4b" outcome="Passed" testListId="8c84fa94-04c1-424b-9868-57a2d4851a1d" relativeResultsDirectory="4a3c4ccc-ae73-4077-8b7b-3473c5c61034" />
    <UnitTestResult executionId="bfd1a838-33c4-40cc-a115-b4441357d3b3" testId="88493128-5ef8-cf85-9a6c-011ea0ea7c0c" testName="TestMethod295" computerName="SUSALUJ" duration="00:00:00.0000258" startTime="2019-07-19T16:06:37.8127688+05:30" endTime="2019-07-19T16:06:37.8137658+05:30" testType="13cdc9d9-ddb5-4fa4-a97d-d965ccfc6d4b" outcome="Passed" testListId="8c84fa94-04c1-424b-9868-57a2d4851a1d" relativeResultsDirectory="bfd1a838-33c4-40cc-a115-b4441357d3b3" />
    <UnitTestResult executionId="82a4528e-2619-4b57-9e29-c4ba86ff5bc8" testId="ffeeef0e-b0a6-42bd-7a58-730f2d9a6641" testName="TestMethod773" computerName="SUSALUJ" duration="00:00:00.0000348" startTime="2019-07-19T16:06:37.7107676+05:30" endTime="2019-07-19T16:06:37.7107676+05:30" testType="13cdc9d9-ddb5-4fa4-a97d-d965ccfc6d4b" outcome="Passed" testListId="8c84fa94-04c1-424b-9868-57a2d4851a1d" relativeResultsDirectory="82a4528e-2619-4b57-9e29-c4ba86ff5bc8" />
    <UnitTestResult executionId="68265d48-51ed-42eb-a9ad-c6c48ce48952" testId="00fd6b05-3592-861b-e359-5a574ee443d0" testName="TestMethod583" computerName="SUSALUJ" duration="00:00:00.0000240" startTime="2019-07-19T16:06:37.7567678+05:30" endTime="2019-07-19T16:06:37.7567678+05:30" testType="13cdc9d9-ddb5-4fa4-a97d-d965ccfc6d4b" outcome="Passed" testListId="8c84fa94-04c1-424b-9868-57a2d4851a1d" relativeResultsDirectory="68265d48-51ed-42eb-a9ad-c6c48ce48952" />
    <UnitTestResult executionId="313dc9c9-eabe-4015-8c98-7d4c0ea584f6" testId="02ce5419-6f83-a028-3fcf-e162973483ee" testName="TestMethod494" computerName="SUSALUJ" duration="00:00:00.0000311" startTime="2019-07-19T16:06:37.7777677+05:30" endTime="2019-07-19T16:06:37.7777677+05:30" testType="13cdc9d9-ddb5-4fa4-a97d-d965ccfc6d4b" outcome="Passed" testListId="8c84fa94-04c1-424b-9868-57a2d4851a1d" relativeResultsDirectory="313dc9c9-eabe-4015-8c98-7d4c0ea584f6" />
    <UnitTestResult executionId="8f7cd369-5861-4c54-9188-370eb589c1eb" testId="b977fc41-b4ac-565d-05eb-df8931454140" testName="TestMethod772" computerName="SUSALUJ" duration="00:00:00.0000557" startTime="2019-07-19T16:06:37.7107676+05:30" endTime="2019-07-19T16:06:37.7107676+05:30" testType="13cdc9d9-ddb5-4fa4-a97d-d965ccfc6d4b" outcome="Passed" testListId="8c84fa94-04c1-424b-9868-57a2d4851a1d" relativeResultsDirectory="8f7cd369-5861-4c54-9188-370eb589c1eb" />
    <UnitTestResult executionId="d19c7c7a-5b2c-48ad-9f43-c16366ef9427" testId="bfd7deee-8d8a-49cb-439a-536734f1e2b2" testName="TestMethod322" computerName="SUSALUJ" duration="00:00:00.0000762" startTime="2019-07-19T16:06:37.8247675+05:30" endTime="2019-07-19T16:06:37.8267684+05:30" testType="13cdc9d9-ddb5-4fa4-a97d-d965ccfc6d4b" outcome="Passed" testListId="8c84fa94-04c1-424b-9868-57a2d4851a1d" relativeResultsDirectory="d19c7c7a-5b2c-48ad-9f43-c16366ef9427" />
    <UnitTestResult executionId="d0e19d9c-1c61-43cd-a24e-2806eb307d27" testId="bb62df0a-4b0e-dc38-efff-e29b7ce70478" testName="TestMethod895" computerName="SUSALUJ" duration="00:00:00.0000371" startTime="2019-07-19T16:06:37.6517641+05:30" endTime="2019-07-19T16:06:37.6517641+05:30" testType="13cdc9d9-ddb5-4fa4-a97d-d965ccfc6d4b" outcome="Passed" testListId="8c84fa94-04c1-424b-9868-57a2d4851a1d" relativeResultsDirectory="d0e19d9c-1c61-43cd-a24e-2806eb307d27" />
    <UnitTestResult executionId="82569f38-3382-4591-879f-d1c20770de5c" testId="8d4113a8-c995-6e6e-f85e-33d277ba5ae2" testName="TestMethod467" computerName="SUSALUJ" duration="00:00:00.0000206" startTime="2019-07-19T16:06:37.7697660+05:30" endTime="2019-07-19T16:06:37.7697660+05:30" testType="13cdc9d9-ddb5-4fa4-a97d-d965ccfc6d4b" outcome="Passed" testListId="8c84fa94-04c1-424b-9868-57a2d4851a1d" relativeResultsDirectory="82569f38-3382-4591-879f-d1c20770de5c" />
    <UnitTestResult executionId="863776fb-35c5-49fd-85b1-295ee9acb098" testId="ba53baed-f5ba-708c-6942-501f1bbdacdf" testName="TestMethod251" computerName="SUSALUJ" duration="00:00:00.0000250" startTime="2019-07-19T16:06:37.8517655+05:30" endTime="2019-07-19T16:06:37.8517655+05:30" testType="13cdc9d9-ddb5-4fa4-a97d-d965ccfc6d4b" outcome="Passed" testListId="8c84fa94-04c1-424b-9868-57a2d4851a1d" relativeResultsDirectory="863776fb-35c5-49fd-85b1-295ee9acb098" />
    <UnitTestResult executionId="554a4970-f768-4277-bdc1-de225f17cdff" testId="5fbe0d69-d94a-6f4a-ffd3-2faae51408c7" testName="TestMethod56" computerName="SUSALUJ" duration="00:00:00.0000209" startTime="2019-07-19T16:06:38.0017652+05:30" endTime="2019-07-19T16:06:38.0017652+05:30" testType="13cdc9d9-ddb5-4fa4-a97d-d965ccfc6d4b" outcome="Passed" testListId="8c84fa94-04c1-424b-9868-57a2d4851a1d" relativeResultsDirectory="554a4970-f768-4277-bdc1-de225f17cdff" />
    <UnitTestResult executionId="0985b920-5326-4734-8776-ff27ef900c2c" testId="406e731d-4287-7ae4-e2af-fbbe10d2a15b" testName="TestMethod209" computerName="SUSALUJ" duration="00:00:00.0000378" startTime="2019-07-19T16:06:37.8417663+05:30" endTime="2019-07-19T16:06:37.8417663+05:30" testType="13cdc9d9-ddb5-4fa4-a97d-d965ccfc6d4b" outcome="Passed" testListId="8c84fa94-04c1-424b-9868-57a2d4851a1d" relativeResultsDirectory="0985b920-5326-4734-8776-ff27ef900c2c" />
    <UnitTestResult executionId="c233e54c-f021-4668-9cb4-78a4c36c86dd" testId="6747aa99-e76b-04cc-159a-1c7e34e38eb1" testName="TestMethod205" computerName="SUSALUJ" duration="00:00:00.0000321" startTime="2019-07-19T16:06:37.8407656+05:30" endTime="2019-07-19T16:06:37.8407656+05:30" testType="13cdc9d9-ddb5-4fa4-a97d-d965ccfc6d4b" outcome="Passed" testListId="8c84fa94-04c1-424b-9868-57a2d4851a1d" relativeResultsDirectory="c233e54c-f021-4668-9cb4-78a4c36c86dd" />
    <UnitTestResult executionId="488f9ff4-df1a-40e0-b926-3f9d494ebbf2" testId="8e9d7d99-a5df-a503-d37f-06d7f65402a6" testName="TestMethod356" computerName="SUSALUJ" duration="00:00:00.0000383" startTime="2019-07-19T16:06:37.8367667+05:30" endTime="2019-07-19T16:06:37.8367667+05:30" testType="13cdc9d9-ddb5-4fa4-a97d-d965ccfc6d4b" outcome="Passed" testListId="8c84fa94-04c1-424b-9868-57a2d4851a1d" relativeResultsDirectory="488f9ff4-df1a-40e0-b926-3f9d494ebbf2" />
    <UnitTestResult executionId="ce597cb3-0f9d-4199-8d6a-4ae197346e6e" testId="fa8aae63-5ef0-a1a9-a31f-1d8503735aa9" testName="TestMethod533" computerName="SUSALUJ" duration="00:00:00.0000284" startTime="2019-07-19T16:06:37.7877651+05:30" endTime="2019-07-19T16:06:37.7877651+05:30" testType="13cdc9d9-ddb5-4fa4-a97d-d965ccfc6d4b" outcome="Passed" testListId="8c84fa94-04c1-424b-9868-57a2d4851a1d" relativeResultsDirectory="ce597cb3-0f9d-4199-8d6a-4ae197346e6e" />
    <UnitTestResult executionId="1a62c6b6-0ffd-43f2-9e98-387cda6a0de1" testId="013a628f-7e21-59fd-c66b-009020f9ad7b" testName="TestMethod613" computerName="SUSALUJ" duration="00:00:00.0000321" startTime="2019-07-19T16:06:37.7637683+05:30" endTime="2019-07-19T16:06:37.7637683+05:30" testType="13cdc9d9-ddb5-4fa4-a97d-d965ccfc6d4b" outcome="Passed" testListId="8c84fa94-04c1-424b-9868-57a2d4851a1d" relativeResultsDirectory="1a62c6b6-0ffd-43f2-9e98-387cda6a0de1" />
    <UnitTestResult executionId="ab083978-7590-4131-9bd9-6ed3d9b9e26f" testId="ea2d73f3-a9d0-7384-d8f2-f33a4cf80de9" testName="TestMethod829" computerName="SUSALUJ" duration="00:00:00.0000556" startTime="2019-07-19T16:06:37.6757697+05:30" endTime="2019-07-19T16:06:37.6767672+05:30" testType="13cdc9d9-ddb5-4fa4-a97d-d965ccfc6d4b" outcome="Passed" testListId="8c84fa94-04c1-424b-9868-57a2d4851a1d" relativeResultsDirectory="ab083978-7590-4131-9bd9-6ed3d9b9e26f" />
    <UnitTestResult executionId="dd2f25f8-0251-49ed-ac54-e03ff30a481d" testId="fce2a897-5391-c680-2ec1-eccdd47b8b22" testName="TestMethod376" computerName="SUSALUJ" duration="00:00:00.0000238" startTime="2019-07-19T16:06:37.7917674+05:30" endTime="2019-07-19T16:06:37.7917674+05:30" testType="13cdc9d9-ddb5-4fa4-a97d-d965ccfc6d4b" outcome="Passed" testListId="8c84fa94-04c1-424b-9868-57a2d4851a1d" relativeResultsDirectory="dd2f25f8-0251-49ed-ac54-e03ff30a481d" />
    <UnitTestResult executionId="fa3e6eb9-afff-46a8-a80b-85cf003c64d9" testId="2de6f66f-9b25-100a-6e65-920119c0297f" testName="TestMethod718" computerName="SUSALUJ" duration="00:00:00.0000293" startTime="2019-07-19T16:06:37.6977660+05:30" endTime="2019-07-19T16:06:37.6977660+05:30" testType="13cdc9d9-ddb5-4fa4-a97d-d965ccfc6d4b" outcome="Passed" testListId="8c84fa94-04c1-424b-9868-57a2d4851a1d" relativeResultsDirectory="fa3e6eb9-afff-46a8-a80b-85cf003c64d9" />
    <UnitTestResult executionId="a697d3cb-98d4-417e-90fb-e85efb4a0525" testId="9769dd8b-4049-758a-3947-cd0f87143707" testName="TestMethod997" computerName="SUSALUJ" duration="00:00:00.0000209" startTime="2019-07-19T16:06:37.6467661+05:30" endTime="2019-07-19T16:06:37.6467661+05:30" testType="13cdc9d9-ddb5-4fa4-a97d-d965ccfc6d4b" outcome="Passed" testListId="8c84fa94-04c1-424b-9868-57a2d4851a1d" relativeResultsDirectory="a697d3cb-98d4-417e-90fb-e85efb4a0525" />
    <UnitTestResult executionId="2e98e64a-ed50-4c1e-9adc-d3072b4f7174" testId="074028dc-5db7-55dc-d654-01f0003b41b0" testName="TestMethod65" computerName="SUSALUJ" duration="00:00:00.0000271" startTime="2019-07-19T16:06:38.0047671+05:30" endTime="2019-07-19T16:06:38.0047671+05:30" testType="13cdc9d9-ddb5-4fa4-a97d-d965ccfc6d4b" outcome="Passed" testListId="8c84fa94-04c1-424b-9868-57a2d4851a1d" relativeResultsDirectory="2e98e64a-ed50-4c1e-9adc-d3072b4f7174" />
    <UnitTestResult executionId="cc64fd30-4333-4857-a076-29b4e37e233c" testId="d5f61ed0-6999-349f-54f4-28cd8e1c01d4" testName="TestMethod96" computerName="SUSALUJ" duration="00:00:00.0000248" startTime="2019-07-19T16:06:38.0117641+05:30" endTime="2019-07-19T16:06:38.0117641+05:30" testType="13cdc9d9-ddb5-4fa4-a97d-d965ccfc6d4b" outcome="Passed" testListId="8c84fa94-04c1-424b-9868-57a2d4851a1d" relativeResultsDirectory="cc64fd30-4333-4857-a076-29b4e37e233c" />
    <UnitTestResult executionId="5d5b8a50-726f-494a-8dfd-40a44c30a1ae" testId="ea947337-3d83-b2e8-7f31-72fa3745dd0a" testName="TestMethod125" computerName="SUSALUJ" duration="00:00:00.0000292" startTime="2019-07-19T16:06:37.8627650+05:30" endTime="2019-07-19T16:06:37.8627650+05:30" testType="13cdc9d9-ddb5-4fa4-a97d-d965ccfc6d4b" outcome="Passed" testListId="8c84fa94-04c1-424b-9868-57a2d4851a1d" relativeResultsDirectory="5d5b8a50-726f-494a-8dfd-40a44c30a1ae" />
    <UnitTestResult executionId="40987198-5e7f-4e6f-b716-0e1930f02251" testId="87064307-995c-89a5-3cb8-a77a86aa3a46" testName="TestMethod95" computerName="SUSALUJ" duration="00:00:00.0000367" startTime="2019-07-19T16:06:38.0107645+05:30" endTime="2019-07-19T16:06:38.0117641+05:30" testType="13cdc9d9-ddb5-4fa4-a97d-d965ccfc6d4b" outcome="Passed" testListId="8c84fa94-04c1-424b-9868-57a2d4851a1d" relativeResultsDirectory="40987198-5e7f-4e6f-b716-0e1930f02251" />
    <UnitTestResult executionId="bfec3ef0-9ae6-4227-b81e-cfe77f11f9fa" testId="20ce8064-cee4-c7ed-ed78-b9a86833c4d6" testName="TestMethod731" computerName="SUSALUJ" duration="00:00:00.0000376" startTime="2019-07-19T16:06:37.7017649+05:30" endTime="2019-07-19T16:06:37.7017649+05:30" testType="13cdc9d9-ddb5-4fa4-a97d-d965ccfc6d4b" outcome="Passed" testListId="8c84fa94-04c1-424b-9868-57a2d4851a1d" relativeResultsDirectory="bfec3ef0-9ae6-4227-b81e-cfe77f11f9fa" />
    <UnitTestResult executionId="4631e453-c842-4e76-8f9b-a09c70363608" testId="d891963e-75e4-bfbd-1af1-6f2f40b7b8fb" testName="TestMethod165" computerName="SUSALUJ" duration="00:00:00.0000197" startTime="2019-07-19T16:06:37.8747667+05:30" endTime="2019-07-19T16:06:37.8747667+05:30" testType="13cdc9d9-ddb5-4fa4-a97d-d965ccfc6d4b" outcome="Passed" testListId="8c84fa94-04c1-424b-9868-57a2d4851a1d" relativeResultsDirectory="4631e453-c842-4e76-8f9b-a09c70363608" />
    <UnitTestResult executionId="d72f7d94-50ea-438e-93fe-52ee26744c24" testId="04af69a6-c87c-9eab-a9d2-e2c9f7840271" testName="TestMethod375" computerName="SUSALUJ" duration="00:00:00.0000396" startTime="2019-07-19T16:06:37.7907679+05:30" endTime="2019-07-19T16:06:37.7917674+05:30" testType="13cdc9d9-ddb5-4fa4-a97d-d965ccfc6d4b" outcome="Passed" testListId="8c84fa94-04c1-424b-9868-57a2d4851a1d" relativeResultsDirectory="d72f7d94-50ea-438e-93fe-52ee26744c24" />
    <UnitTestResult executionId="aee43d2f-aee4-4d3d-af65-5865e92ed7b7" testId="a0145b80-6789-862a-415b-6104d0c075a0" testName="TestMethod478" computerName="SUSALUJ" duration="00:00:00.0000314" startTime="2019-07-19T16:06:37.7717697+05:30" endTime="2019-07-19T16:06:37.7717697+05:30" testType="13cdc9d9-ddb5-4fa4-a97d-d965ccfc6d4b" outcome="Passed" testListId="8c84fa94-04c1-424b-9868-57a2d4851a1d" relativeResultsDirectory="aee43d2f-aee4-4d3d-af65-5865e92ed7b7" />
    <UnitTestResult executionId="c7d0b826-db9f-4d09-877c-8aeaddbbffa3" testId="3042884a-806d-fdc5-f46f-21a0099720fb" testName="TestMethod684" computerName="SUSALUJ" duration="00:00:00.0000365" startTime="2019-07-19T16:06:37.7307663+05:30" endTime="2019-07-19T16:06:37.7317680+05:30" testType="13cdc9d9-ddb5-4fa4-a97d-d965ccfc6d4b" outcome="Passed" testListId="8c84fa94-04c1-424b-9868-57a2d4851a1d" relativeResultsDirectory="c7d0b826-db9f-4d09-877c-8aeaddbbffa3" />
    <UnitTestResult executionId="e24ff105-a13b-4121-b6d1-75986ac1ee59" testId="157915dc-e8c7-3f94-7ada-80898034d54d" testName="TestMethod761" computerName="SUSALUJ" duration="00:00:00.0000202" startTime="2019-07-19T16:06:37.7087655+05:30" endTime="2019-07-19T16:06:37.7087655+05:30" testType="13cdc9d9-ddb5-4fa4-a97d-d965ccfc6d4b" outcome="Passed" testListId="8c84fa94-04c1-424b-9868-57a2d4851a1d" relativeResultsDirectory="e24ff105-a13b-4121-b6d1-75986ac1ee59" />
    <UnitTestResult executionId="19d8889e-1b3e-487f-bb08-a902df468dbc" testId="499191c7-8e1f-1af0-fa12-47eaec6d64f2" testName="TestMethod674" computerName="SUSALUJ" duration="00:00:00.0000297" startTime="2019-07-19T16:06:37.7287650+05:30" endTime="2019-07-19T16:06:37.7287650+05:30" testType="13cdc9d9-ddb5-4fa4-a97d-d965ccfc6d4b" outcome="Passed" testListId="8c84fa94-04c1-424b-9868-57a2d4851a1d" relativeResultsDirectory="19d8889e-1b3e-487f-bb08-a902df468dbc" />
    <UnitTestResult executionId="cddad49b-44f0-4fc2-8558-9dab60e30bf0" testId="a53676c2-6a25-994e-56e2-64a4053f1dbf" testName="TestMethod530" computerName="SUSALUJ" duration="00:00:00.0000198" startTime="2019-07-19T16:06:37.7867668+05:30" endTime="2019-07-19T16:06:37.7867668+05:30" testType="13cdc9d9-ddb5-4fa4-a97d-d965ccfc6d4b" outcome="Passed" testListId="8c84fa94-04c1-424b-9868-57a2d4851a1d" relativeResultsDirectory="cddad49b-44f0-4fc2-8558-9dab60e30bf0" />
    <UnitTestResult executionId="1fe66cd7-ca1d-451b-9368-cea3a1c4145a" testId="76b0051c-d669-07e5-e3f7-8259ed5aba13" testName="TestMethod563" computerName="SUSALUJ" duration="00:00:00.0000207" startTime="2019-07-19T16:06:37.7447677+05:30" endTime="2019-07-19T16:06:37.7447677+05:30" testType="13cdc9d9-ddb5-4fa4-a97d-d965ccfc6d4b" outcome="Passed" testListId="8c84fa94-04c1-424b-9868-57a2d4851a1d" relativeResultsDirectory="1fe66cd7-ca1d-451b-9368-cea3a1c4145a" />
    <UnitTestResult executionId="7f3f9e88-c926-4b3f-a8e8-d1553fab7297" testId="5ee6d11f-092e-0ef4-fdfd-3cce1d9a2396" testName="TestMethod615" computerName="SUSALUJ" duration="00:00:00.0000340" startTime="2019-07-19T16:06:37.7647668+05:30" endTime="2019-07-19T16:06:37.7647668+05:30" testType="13cdc9d9-ddb5-4fa4-a97d-d965ccfc6d4b" outcome="Passed" testListId="8c84fa94-04c1-424b-9868-57a2d4851a1d" relativeResultsDirectory="7f3f9e88-c926-4b3f-a8e8-d1553fab7297" />
    <UnitTestResult executionId="d9a12937-f231-44cf-b81e-180eda41c19e" testId="315e9158-8e73-0db5-6e9f-934f52aa4308" testName="TestMethod61" computerName="SUSALUJ" duration="00:00:00.0000415" startTime="2019-07-19T16:06:38.0027648+05:30" endTime="2019-07-19T16:06:38.0037666+05:30" testType="13cdc9d9-ddb5-4fa4-a97d-d965ccfc6d4b" outcome="Passed" testListId="8c84fa94-04c1-424b-9868-57a2d4851a1d" relativeResultsDirectory="d9a12937-f231-44cf-b81e-180eda41c19e" />
    <UnitTestResult executionId="02705056-1423-4609-bd16-35a7c1857130" testId="0a1a861b-78e7-d25e-7a3d-2530f3c7ef9c" testName="TestMethod551" computerName="SUSALUJ" duration="00:00:00.0000239" startTime="2019-07-19T16:06:37.7407652+05:30" endTime="2019-07-19T16:06:37.7407652+05:30" testType="13cdc9d9-ddb5-4fa4-a97d-d965ccfc6d4b" outcome="Passed" testListId="8c84fa94-04c1-424b-9868-57a2d4851a1d" relativeResultsDirectory="02705056-1423-4609-bd16-35a7c1857130" />
    <UnitTestResult executionId="4c01888f-f942-426d-9503-648a8beaecab" testId="99810a87-796c-4865-d728-3fe7ca04a062" testName="TestMethod874" computerName="SUSALUJ" duration="00:00:00.0000408" startTime="2019-07-19T16:06:37.6467661+05:30" endTime="2019-07-19T16:06:37.6467661+05:30" testType="13cdc9d9-ddb5-4fa4-a97d-d965ccfc6d4b" outcome="Passed" testListId="8c84fa94-04c1-424b-9868-57a2d4851a1d" relativeResultsDirectory="4c01888f-f942-426d-9503-648a8beaecab" />
    <UnitTestResult executionId="a900882b-8205-4819-8cdd-761df515d39f" testId="9b054699-5ac8-40ba-f6a8-7263e84ce177" testName="TestMethod806" computerName="SUSALUJ" duration="00:00:00.0000281" startTime="2019-07-19T16:06:37.6687665+05:30" endTime="2019-07-19T16:06:37.6687665+05:30" testType="13cdc9d9-ddb5-4fa4-a97d-d965ccfc6d4b" outcome="Passed" testListId="8c84fa94-04c1-424b-9868-57a2d4851a1d" relativeResultsDirectory="a900882b-8205-4819-8cdd-761df515d39f" />
    <UnitTestResult executionId="3fa2105d-63a1-4154-9d7d-ef199129b855" testId="e10183cc-2360-6fff-8812-a8606b8b9a94" testName="TestMethod303" computerName="SUSALUJ" duration="00:00:00.0000762" startTime="2019-07-19T16:06:37.8147662+05:30" endTime="2019-07-19T16:06:37.8157674+05:30" testType="13cdc9d9-ddb5-4fa4-a97d-d965ccfc6d4b" outcome="Passed" testListId="8c84fa94-04c1-424b-9868-57a2d4851a1d" relativeResultsDirectory="3fa2105d-63a1-4154-9d7d-ef199129b855" />
    <UnitTestResult executionId="beaeaefb-0684-4255-a8c9-55b3e235ee58" testId="b63fa908-9fe5-d9cf-191a-3a16487ad2b6" testName="TestMethod841" computerName="SUSALUJ" duration="00:00:00.0000235" startTime="2019-07-19T16:06:37.6847657+05:30" endTime="2019-07-19T16:06:37.6857641+05:30" testType="13cdc9d9-ddb5-4fa4-a97d-d965ccfc6d4b" outcome="Passed" testListId="8c84fa94-04c1-424b-9868-57a2d4851a1d" relativeResultsDirectory="beaeaefb-0684-4255-a8c9-55b3e235ee58" />
    <UnitTestResult executionId="a2d6be57-40e7-4683-a185-5b93d5d9bc5c" testId="acc5ed19-756d-b7df-a160-4ba93c70e6ba" testName="TestMethod584" computerName="SUSALUJ" duration="00:00:00.0000209" startTime="2019-07-19T16:06:37.7567678+05:30" endTime="2019-07-19T16:06:37.7567678+05:30" testType="13cdc9d9-ddb5-4fa4-a97d-d965ccfc6d4b" outcome="Passed" testListId="8c84fa94-04c1-424b-9868-57a2d4851a1d" relativeResultsDirectory="a2d6be57-40e7-4683-a185-5b93d5d9bc5c" />
    <UnitTestResult executionId="5d697902-fbea-4d21-bd42-3750106339db" testId="919d167e-0489-49fa-867a-b28fe7b95b8b" testName="TestMethod782" computerName="SUSALUJ" duration="00:00:00.0000285" startTime="2019-07-19T16:06:37.7127657+05:30" endTime="2019-07-19T16:06:37.7127657+05:30" testType="13cdc9d9-ddb5-4fa4-a97d-d965ccfc6d4b" outcome="Passed" testListId="8c84fa94-04c1-424b-9868-57a2d4851a1d" relativeResultsDirectory="5d697902-fbea-4d21-bd42-3750106339db" />
    <UnitTestResult executionId="8a2225f3-31a3-4615-b1a1-85cbb34f0dbf" testId="b4557069-0778-7bb4-b9b0-46e1aec4f29a" testName="TestMethod58" computerName="SUSALUJ" duration="00:00:00.0000331" startTime="2019-07-19T16:06:38.0017652+05:30" endTime="2019-07-19T16:06:38.0027648+05:30" testType="13cdc9d9-ddb5-4fa4-a97d-d965ccfc6d4b" outcome="Passed" testListId="8c84fa94-04c1-424b-9868-57a2d4851a1d" relativeResultsDirectory="8a2225f3-31a3-4615-b1a1-85cbb34f0dbf" />
    <UnitTestResult executionId="a48e1b7c-a932-4a4c-81d2-1f331f70610d" testId="9a8a7db4-bff1-00ce-a26f-afde98c5ed59" testName="TestMethod642" computerName="SUSALUJ" duration="00:00:00.0000406" startTime="2019-07-19T16:06:37.7217673+05:30" endTime="2019-07-19T16:06:37.7217673+05:30" testType="13cdc9d9-ddb5-4fa4-a97d-d965ccfc6d4b" outcome="Passed" testListId="8c84fa94-04c1-424b-9868-57a2d4851a1d" relativeResultsDirectory="a48e1b7c-a932-4a4c-81d2-1f331f70610d" />
    <UnitTestResult executionId="46a081f2-c6a9-43ec-86bd-b10bda832ba3" testId="436ed558-28a7-09fa-f524-ca2806b39a9f" testName="TestMethod404" computerName="SUSALUJ" duration="00:00:00.0000477" startTime="2019-07-19T16:06:37.7977655+05:30" endTime="2019-07-19T16:06:37.7987705+05:30" testType="13cdc9d9-ddb5-4fa4-a97d-d965ccfc6d4b" outcome="Passed" testListId="8c84fa94-04c1-424b-9868-57a2d4851a1d" relativeResultsDirectory="46a081f2-c6a9-43ec-86bd-b10bda832ba3" />
    <UnitTestResult executionId="1116a72f-02cb-409e-9bf3-2a6af0c9f7e1" testId="52f276d9-f753-b409-bc48-bc36d2a455cb" testName="TestMethod349" computerName="SUSALUJ" duration="00:00:00.0000372" startTime="2019-07-19T16:06:37.8337666+05:30" endTime="2019-07-19T16:06:37.8347655+05:30" testType="13cdc9d9-ddb5-4fa4-a97d-d965ccfc6d4b" outcome="Passed" testListId="8c84fa94-04c1-424b-9868-57a2d4851a1d" relativeResultsDirectory="1116a72f-02cb-409e-9bf3-2a6af0c9f7e1" />
    <UnitTestResult executionId="df7bbfb2-8cd1-473d-b90d-a45d0ec59a23" testId="192507d1-36fc-2d25-dfc9-20d90b86b959" testName="TestMethod621" computerName="SUSALUJ" duration="00:00:00.0000389" startTime="2019-07-19T16:06:37.7147647+05:30" endTime="2019-07-19T16:06:37.7147647+05:30" testType="13cdc9d9-ddb5-4fa4-a97d-d965ccfc6d4b" outcome="Passed" testListId="8c84fa94-04c1-424b-9868-57a2d4851a1d" relativeResultsDirectory="df7bbfb2-8cd1-473d-b90d-a45d0ec59a23" />
    <UnitTestResult executionId="a1cf4d2f-4cc6-4413-b7ef-e56e998bcd4b" testId="081c4343-a198-b1eb-f580-496229767456" testName="TestMethod242" computerName="SUSALUJ" duration="00:00:00.0000376" startTime="2019-07-19T16:06:37.8487653+05:30" endTime="2019-07-19T16:06:37.8497672+05:30" testType="13cdc9d9-ddb5-4fa4-a97d-d965ccfc6d4b" outcome="Passed" testListId="8c84fa94-04c1-424b-9868-57a2d4851a1d" relativeResultsDirectory="a1cf4d2f-4cc6-4413-b7ef-e56e998bcd4b" />
    <UnitTestResult executionId="d4ea12d6-f178-400b-b1bb-9ad90a81396c" testId="6db2f1b4-28a3-6deb-cfbf-a9008e037128" testName="TestMethod786" computerName="SUSALUJ" duration="00:00:00.0000233" startTime="2019-07-19T16:06:37.7137653+05:30" endTime="2019-07-19T16:06:37.7137653+05:30" testType="13cdc9d9-ddb5-4fa4-a97d-d965ccfc6d4b" outcome="Passed" testListId="8c84fa94-04c1-424b-9868-57a2d4851a1d" relativeResultsDirectory="d4ea12d6-f178-400b-b1bb-9ad90a81396c" />
    <UnitTestResult executionId="0c6c5a94-74a3-4911-b633-ad96d17a1083" testId="55560052-a39a-825d-e9c8-739ebd549aa5" testName="TestMethod963" computerName="SUSALUJ" duration="00:00:00.0000200" startTime="2019-07-19T16:06:37.6337650+05:30" endTime="2019-07-19T16:06:37.6337650+05:30" testType="13cdc9d9-ddb5-4fa4-a97d-d965ccfc6d4b" outcome="Passed" testListId="8c84fa94-04c1-424b-9868-57a2d4851a1d" relativeResultsDirectory="0c6c5a94-74a3-4911-b633-ad96d17a1083" />
    <UnitTestResult executionId="9b650d07-6d4e-45c2-bb8e-44aa75119e27" testId="4e4ae70f-af86-f953-53f0-073733b509e7" testName="TestMethod875" computerName="SUSALUJ" duration="00:00:00.0000405" startTime="2019-07-19T16:06:37.6467661+05:30" endTime="2019-07-19T16:06:37.6467661+05:30" testType="13cdc9d9-ddb5-4fa4-a97d-d965ccfc6d4b" outcome="Passed" testListId="8c84fa94-04c1-424b-9868-57a2d4851a1d" relativeResultsDirectory="9b650d07-6d4e-45c2-bb8e-44aa75119e27" />
    <UnitTestResult executionId="8ef48b0e-55bd-438e-ba89-cd677d5ed798" testId="27dc6f8c-4da0-f151-b126-de4458b3e832" testName="TestMethod336" computerName="SUSALUJ" duration="00:00:00.0000455" startTime="2019-07-19T16:06:37.8307675+05:30" endTime="2019-07-19T16:06:37.8317660+05:30" testType="13cdc9d9-ddb5-4fa4-a97d-d965ccfc6d4b" outcome="Passed" testListId="8c84fa94-04c1-424b-9868-57a2d4851a1d" relativeResultsDirectory="8ef48b0e-55bd-438e-ba89-cd677d5ed798" />
    <UnitTestResult executionId="5e8475d4-ebdb-4e54-a998-37d3fd436945" testId="cdb4cd80-1a91-4813-980e-a6df9d6b35ec" testName="TestMethod616" computerName="SUSALUJ" duration="00:00:00.0000716" startTime="2019-07-19T16:06:37.7647668+05:30" endTime="2019-07-19T16:06:37.7647668+05:30" testType="13cdc9d9-ddb5-4fa4-a97d-d965ccfc6d4b" outcome="Passed" testListId="8c84fa94-04c1-424b-9868-57a2d4851a1d" relativeResultsDirectory="5e8475d4-ebdb-4e54-a998-37d3fd436945" />
    <UnitTestResult executionId="52de80fb-436e-4b10-be9f-24e7807ac444" testId="77a26110-9ad0-fe47-cc4e-5b334878955d" testName="TestMethod179" computerName="SUSALUJ" duration="00:00:00.0000382" startTime="2019-07-19T16:06:37.8787656+05:30" endTime="2019-07-19T16:06:37.8797665+05:30" testType="13cdc9d9-ddb5-4fa4-a97d-d965ccfc6d4b" outcome="Passed" testListId="8c84fa94-04c1-424b-9868-57a2d4851a1d" relativeResultsDirectory="52de80fb-436e-4b10-be9f-24e7807ac444" />
    <UnitTestResult executionId="fbfd0f39-08f4-4534-b562-e0845464923f" testId="d4c28c10-0cb1-59ea-ca2e-58dae9e42774" testName="TestMethod954" computerName="SUSALUJ" duration="00:00:00.0000361" startTime="2019-07-19T16:06:37.6637641+05:30" endTime="2019-07-19T16:06:37.6637641+05:30" testType="13cdc9d9-ddb5-4fa4-a97d-d965ccfc6d4b" outcome="Passed" testListId="8c84fa94-04c1-424b-9868-57a2d4851a1d" relativeResultsDirectory="fbfd0f39-08f4-4534-b562-e0845464923f" />
    <UnitTestResult executionId="3c27c141-ac34-412f-b743-34e06e227738" testId="260524ed-9ccb-fcbe-2b3e-e18ae630c651" testName="TestMethod634" computerName="SUSALUJ" duration="00:00:00.0000312" startTime="2019-07-19T16:06:37.7187656+05:30" endTime="2019-07-19T16:06:37.7187656+05:30" testType="13cdc9d9-ddb5-4fa4-a97d-d965ccfc6d4b" outcome="Passed" testListId="8c84fa94-04c1-424b-9868-57a2d4851a1d" relativeResultsDirectory="3c27c141-ac34-412f-b743-34e06e227738" />
    <UnitTestResult executionId="70f39b0d-d565-4975-a0ef-b3a55861660d" testId="600517d1-a9dd-2a42-f0af-661cba3da3ca" testName="TestMethod445" computerName="SUSALUJ" duration="00:00:00.0000215" startTime="2019-07-19T16:06:37.8077669+05:30" endTime="2019-07-19T16:06:37.8077669+05:30" testType="13cdc9d9-ddb5-4fa4-a97d-d965ccfc6d4b" outcome="Passed" testListId="8c84fa94-04c1-424b-9868-57a2d4851a1d" relativeResultsDirectory="70f39b0d-d565-4975-a0ef-b3a55861660d" />
    <UnitTestResult executionId="aff5d20b-af13-40ab-b4ed-29fca3c2800f" testId="e3ba907c-c8d2-c790-74d2-dbc1ec56bea1" testName="TestMethod605" computerName="SUSALUJ" duration="00:00:00.0000298" startTime="2019-07-19T16:06:37.7617653+05:30" endTime="2019-07-19T16:06:37.7617653+05:30" testType="13cdc9d9-ddb5-4fa4-a97d-d965ccfc6d4b" outcome="Passed" testListId="8c84fa94-04c1-424b-9868-57a2d4851a1d" relativeResultsDirectory="aff5d20b-af13-40ab-b4ed-29fca3c2800f" />
    <UnitTestResult executionId="e4985a21-5624-48f1-8ddb-ed6338627594" testId="44f4028e-9bd3-386c-2ed9-6f8efdc546e9" testName="TestMethod458" computerName="SUSALUJ" duration="00:00:00.0000200" startTime="2019-07-19T16:06:37.7677667+05:30" endTime="2019-07-19T16:06:37.7677667+05:30" testType="13cdc9d9-ddb5-4fa4-a97d-d965ccfc6d4b" outcome="Passed" testListId="8c84fa94-04c1-424b-9868-57a2d4851a1d" relativeResultsDirectory="e4985a21-5624-48f1-8ddb-ed6338627594" />
    <UnitTestResult executionId="ee996063-97f9-4634-a72a-5134f3da166c" testId="d56a5580-e7b0-5ea5-e686-7d25ff67bf27" testName="TestMethod9" computerName="SUSALUJ" duration="00:00:00.0004976" startTime="2019-07-19T16:06:37.9827653+05:30" endTime="2019-07-19T16:06:37.9827653+05:30" testType="13cdc9d9-ddb5-4fa4-a97d-d965ccfc6d4b" outcome="Failed" testListId="8c84fa94-04c1-424b-9868-57a2d4851a1d" relativeResultsDirectory="ee996063-97f9-4634-a72a-5134f3da166c">
      <Output>
        <ErrorInfo>
          <Message>Assert.AreEqual failed. Expected:&lt;2&gt;. Actual:&lt;4&gt;. </Message>
          <StackTrace>   at TestProjectWON.UnitTest1.TestMethod9() in C:\agent\_work\8\s\TestProjectWON\UnitTest1.cs:line 58&#xD;
</StackTrace>
        </ErrorInfo>
      </Output>
    </UnitTestResult>
    <UnitTestResult executionId="95438699-5f8f-431f-a583-93979cf0e0e6" testId="ba4e580a-84f0-9053-49d9-1cd64ca7177c" testName="TestMethod23" computerName="SUSALUJ" duration="00:00:00.0009160" startTime="2019-07-19T16:06:37.9977657+05:30" endTime="2019-07-19T16:06:37.9987638+05:30" testType="13cdc9d9-ddb5-4fa4-a97d-d965ccfc6d4b" outcome="Failed" testListId="8c84fa94-04c1-424b-9868-57a2d4851a1d" relativeResultsDirectory="95438699-5f8f-431f-a583-93979cf0e0e6">
      <Output>
        <ErrorInfo>
          <Message>Assert.AreEqual failed. Expected:&lt;2&gt;. Actual:&lt;4&gt;. </Message>
          <StackTrace>   at TestProjectWON.UnitTest1.TestMethod23() in C:\agent\_work\8\s\TestProjectWON\UnitTest1.cs:line 128&#xD;
</StackTrace>
        </ErrorInfo>
      </Output>
    </UnitTestResult>
    <UnitTestResult executionId="253192e5-f600-411c-b7fb-436a9ebbcb05" testId="fb7a0209-f0c4-b769-e081-77e80f22692c" testName="TestMethod285" computerName="SUSALUJ" duration="00:00:00.0000326" startTime="2019-07-19T16:06:37.8107691+05:30" endTime="2019-07-19T16:06:37.8107691+05:30" testType="13cdc9d9-ddb5-4fa4-a97d-d965ccfc6d4b" outcome="Passed" testListId="8c84fa94-04c1-424b-9868-57a2d4851a1d" relativeResultsDirectory="253192e5-f600-411c-b7fb-436a9ebbcb05" />
    <UnitTestResult executionId="3062f0f9-7990-4c7a-af82-cd2faf7d68b3" testId="920a4805-aaea-bdb5-e41c-a524ec5a5f7d" testName="TestMethod582" computerName="SUSALUJ" duration="00:00:00.0003754" startTime="2019-07-19T16:06:37.7557674+05:30" endTime="2019-07-19T16:06:37.7567678+05:30" testType="13cdc9d9-ddb5-4fa4-a97d-d965ccfc6d4b" outcome="Passed" testListId="8c84fa94-04c1-424b-9868-57a2d4851a1d" relativeResultsDirectory="3062f0f9-7990-4c7a-af82-cd2faf7d68b3" />
    <UnitTestResult executionId="8e36f49b-a4e3-4542-b7c7-87e0443a7763" testId="e98717dc-db9f-7dce-27fc-a1c52c45cc6b" testName="TestMethod666" computerName="SUSALUJ" duration="00:00:00.0000509" startTime="2019-07-19T16:06:37.7267651+05:30" endTime="2019-07-19T16:06:37.7277655+05:30" testType="13cdc9d9-ddb5-4fa4-a97d-d965ccfc6d4b" outcome="Passed" testListId="8c84fa94-04c1-424b-9868-57a2d4851a1d" relativeResultsDirectory="8e36f49b-a4e3-4542-b7c7-87e0443a7763" />
    <UnitTestResult executionId="8a73c829-70ba-484d-a908-88512c73d076" testId="534302db-0287-6583-3540-ca5566ff48f9" testName="TestMethod818" computerName="SUSALUJ" duration="00:00:00.0000506" startTime="2019-07-19T16:06:37.6707665+05:30" endTime="2019-07-19T16:06:37.6717669+05:30" testType="13cdc9d9-ddb5-4fa4-a97d-d965ccfc6d4b" outcome="Passed" testListId="8c84fa94-04c1-424b-9868-57a2d4851a1d" relativeResultsDirectory="8a73c829-70ba-484d-a908-88512c73d076" />
    <UnitTestResult executionId="80c1b503-93b7-4537-86f7-be0ab6479465" testId="135d54bf-1baa-b7f2-2783-b0ad48c3fed9" testName="TestMethod433" computerName="SUSALUJ" duration="00:00:00.0000202" startTime="2019-07-19T16:06:37.8057667+05:30" endTime="2019-07-19T16:06:37.8057667+05:30" testType="13cdc9d9-ddb5-4fa4-a97d-d965ccfc6d4b" outcome="Passed" testListId="8c84fa94-04c1-424b-9868-57a2d4851a1d" relativeResultsDirectory="80c1b503-93b7-4537-86f7-be0ab6479465" />
    <UnitTestResult executionId="10915888-53ed-435d-b7d3-5a7274b71b06" testId="de8529e0-a6e6-31e9-fb3e-547193ba9a75" testName="TestMethod423" computerName="SUSALUJ" duration="00:00:00.0000318" startTime="2019-07-19T16:06:37.8037660+05:30" endTime="2019-07-19T16:06:37.8037660+05:30" testType="13cdc9d9-ddb5-4fa4-a97d-d965ccfc6d4b" outcome="Passed" testListId="8c84fa94-04c1-424b-9868-57a2d4851a1d" relativeResultsDirectory="10915888-53ed-435d-b7d3-5a7274b71b06" />
    <UnitTestResult executionId="e7ec9686-19c1-4aa4-bf98-608d9329bea2" testId="8a11aa34-8d16-44d7-ca72-4c2ea9a83fb4" testName="TestMethod887" computerName="SUSALUJ" duration="00:00:00.0000212" startTime="2019-07-19T16:06:37.6497652+05:30" endTime="2019-07-19T16:06:37.6497652+05:30" testType="13cdc9d9-ddb5-4fa4-a97d-d965ccfc6d4b" outcome="Passed" testListId="8c84fa94-04c1-424b-9868-57a2d4851a1d" relativeResultsDirectory="e7ec9686-19c1-4aa4-bf98-608d9329bea2" />
    <UnitTestResult executionId="c264c097-e055-4e2d-aa6f-02cec217f1cf" testId="62a3c894-4075-1cb4-f5dc-7ab6cb40b117" testName="TestMethod239" computerName="SUSALUJ" duration="00:00:00.0000410" startTime="2019-07-19T16:06:37.8477651+05:30" endTime="2019-07-19T16:06:37.8487653+05:30" testType="13cdc9d9-ddb5-4fa4-a97d-d965ccfc6d4b" outcome="Passed" testListId="8c84fa94-04c1-424b-9868-57a2d4851a1d" relativeResultsDirectory="c264c097-e055-4e2d-aa6f-02cec217f1cf" />
    <UnitTestResult executionId="366df20f-803a-4221-9944-7fbe81b7efc2" testId="91668cbc-921d-9f80-0050-9289713a8523" testName="TestMethod861" computerName="SUSALUJ" duration="00:00:00.0000316" startTime="2019-07-19T16:06:37.6897656+05:30" endTime="2019-07-19T16:06:37.6897656+05:30" testType="13cdc9d9-ddb5-4fa4-a97d-d965ccfc6d4b" outcome="Passed" testListId="8c84fa94-04c1-424b-9868-57a2d4851a1d" relativeResultsDirectory="366df20f-803a-4221-9944-7fbe81b7efc2" />
    <UnitTestResult executionId="a87880c3-83b1-4074-9647-fe008e6c18af" testId="9ca81a59-57d6-a24c-44b8-40b1eb7b96a7" testName="TestMethod943" computerName="SUSALUJ" duration="00:00:00.0000374" startTime="2019-07-19T16:06:37.6617655+05:30" endTime="2019-07-19T16:06:37.6617655+05:30" testType="13cdc9d9-ddb5-4fa4-a97d-d965ccfc6d4b" outcome="Passed" testListId="8c84fa94-04c1-424b-9868-57a2d4851a1d" relativeResultsDirectory="a87880c3-83b1-4074-9647-fe008e6c18af" />
    <UnitTestResult executionId="faade198-b8a2-4396-8ce6-60eb2efabfd9" testId="09199f50-edc9-3829-f4fa-397ae8153249" testName="TestMethod315" computerName="SUSALUJ" duration="00:00:00.0006327" startTime="2019-07-19T16:06:37.8217672+05:30" endTime="2019-07-19T16:06:37.8227678+05:30" testType="13cdc9d9-ddb5-4fa4-a97d-d965ccfc6d4b" outcome="Passed" testListId="8c84fa94-04c1-424b-9868-57a2d4851a1d" relativeResultsDirectory="faade198-b8a2-4396-8ce6-60eb2efabfd9" />
    <UnitTestResult executionId="0d7a07cd-8663-4ccf-abf6-dacfa5af237e" testId="9a928c9f-84d9-e485-f74c-43effafbbb8a" testName="TestMethod485" computerName="SUSALUJ" duration="00:00:00.0000310" startTime="2019-07-19T16:06:37.7747674+05:30" endTime="2019-07-19T16:06:37.7747674+05:30" testType="13cdc9d9-ddb5-4fa4-a97d-d965ccfc6d4b" outcome="Passed" testListId="8c84fa94-04c1-424b-9868-57a2d4851a1d" relativeResultsDirectory="0d7a07cd-8663-4ccf-abf6-dacfa5af237e" />
    <UnitTestResult executionId="667b55b1-c83b-4ec8-bcc2-1cf247fb2b05" testId="5a1f778d-9eaf-3b6c-d647-c4ac0ef32928" testName="TestMethod531" computerName="SUSALUJ" duration="00:00:00.0000199" startTime="2019-07-19T16:06:37.7867668+05:30" endTime="2019-07-19T16:06:37.7867668+05:30" testType="13cdc9d9-ddb5-4fa4-a97d-d965ccfc6d4b" outcome="Passed" testListId="8c84fa94-04c1-424b-9868-57a2d4851a1d" relativeResultsDirectory="667b55b1-c83b-4ec8-bcc2-1cf247fb2b05" />
    <UnitTestResult executionId="b66fe127-a863-4266-acf8-2df4aa56b804" testId="557323f1-762d-0e65-0c5b-d25e4cb24afe" testName="TestMethod776" computerName="SUSALUJ" duration="00:00:00.0000226" startTime="2019-07-19T16:06:37.7117728+05:30" endTime="2019-07-19T16:06:37.7117728+05:30" testType="13cdc9d9-ddb5-4fa4-a97d-d965ccfc6d4b" outcome="Passed" testListId="8c84fa94-04c1-424b-9868-57a2d4851a1d" relativeResultsDirectory="b66fe127-a863-4266-acf8-2df4aa56b804" />
    <UnitTestResult executionId="b92414b7-6019-4d93-93aa-d5671835fa1d" testId="d7e2debf-e9dd-4241-4ce7-bdb6d6274785" testName="TestMethod759" computerName="SUSALUJ" duration="00:00:00.0000207" startTime="2019-07-19T16:06:37.7077661+05:30" endTime="2019-07-19T16:06:37.7077661+05:30" testType="13cdc9d9-ddb5-4fa4-a97d-d965ccfc6d4b" outcome="Passed" testListId="8c84fa94-04c1-424b-9868-57a2d4851a1d" relativeResultsDirectory="b92414b7-6019-4d93-93aa-d5671835fa1d" />
    <UnitTestResult executionId="467e366e-1150-426c-84de-3facd0e94388" testId="e249913d-47c2-be7e-2b14-2792dd63a664" testName="TestMethod82" computerName="SUSALUJ" duration="00:00:00.0000255" startTime="2019-07-19T16:06:38.0087660+05:30" endTime="2019-07-19T16:06:38.0087660+05:30" testType="13cdc9d9-ddb5-4fa4-a97d-d965ccfc6d4b" outcome="Passed" testListId="8c84fa94-04c1-424b-9868-57a2d4851a1d" relativeResultsDirectory="467e366e-1150-426c-84de-3facd0e94388" />
    <UnitTestResult executionId="583c2c40-9c96-49c2-9c20-ce8c96f5b350" testId="47861679-f894-bec9-8662-e7d728bdbcad" testName="TestMethod275" computerName="SUSALUJ" duration="00:00:00.0000475" startTime="2019-07-19T16:06:37.8577670+05:30" endTime="2019-07-19T16:06:37.8587686+05:30" testType="13cdc9d9-ddb5-4fa4-a97d-d965ccfc6d4b" outcome="Passed" testListId="8c84fa94-04c1-424b-9868-57a2d4851a1d" relativeResultsDirectory="583c2c40-9c96-49c2-9c20-ce8c96f5b350" />
    <UnitTestResult executionId="88dac47f-b1a6-44b2-9bb4-bccf729571c4" testId="75672b29-c2e6-e6b5-2b1f-3093819db5a8" testName="TestMethod307" computerName="SUSALUJ" duration="00:00:00.0000286" startTime="2019-07-19T16:06:37.8167683+05:30" endTime="2019-07-19T16:06:37.8167683+05:30" testType="13cdc9d9-ddb5-4fa4-a97d-d965ccfc6d4b" outcome="Passed" testListId="8c84fa94-04c1-424b-9868-57a2d4851a1d" relativeResultsDirectory="88dac47f-b1a6-44b2-9bb4-bccf729571c4" />
    <UnitTestResult executionId="8b06be6f-2678-4758-ba19-5af75bd7c262" testId="fc9af01d-bb69-334d-53e5-8f18885bed01" testName="TestMethod183" computerName="SUSALUJ" duration="00:00:00.0000323" startTime="2019-07-19T16:06:37.8807677+05:30" endTime="2019-07-19T16:06:37.8807677+05:30" testType="13cdc9d9-ddb5-4fa4-a97d-d965ccfc6d4b" outcome="Passed" testListId="8c84fa94-04c1-424b-9868-57a2d4851a1d" relativeResultsDirectory="8b06be6f-2678-4758-ba19-5af75bd7c262" />
    <UnitTestResult executionId="691f4717-7325-41be-a190-8baf88de53db" testId="11810c10-a617-734a-a236-450ae05ae36b" testName="TestMethod999" computerName="SUSALUJ" duration="00:00:00.0000199" startTime="2019-07-19T16:06:37.6467661+05:30" endTime="2019-07-19T16:06:37.6467661+05:30" testType="13cdc9d9-ddb5-4fa4-a97d-d965ccfc6d4b" outcome="Passed" testListId="8c84fa94-04c1-424b-9868-57a2d4851a1d" relativeResultsDirectory="691f4717-7325-41be-a190-8baf88de53db" />
    <UnitTestResult executionId="e0f4fbda-331d-4cd3-bc1f-599722db3754" testId="6cfa8128-1d3b-8280-30fd-6266744ca8c8" testName="TestMethod682" computerName="SUSALUJ" duration="00:00:00.0000275" startTime="2019-07-19T16:06:37.7307663+05:30" endTime="2019-07-19T16:06:37.7307663+05:30" testType="13cdc9d9-ddb5-4fa4-a97d-d965ccfc6d4b" outcome="Passed" testListId="8c84fa94-04c1-424b-9868-57a2d4851a1d" relativeResultsDirectory="e0f4fbda-331d-4cd3-bc1f-599722db3754" />
    <UnitTestResult executionId="fffa6930-7b18-484f-940b-c312372ac242" testId="57617edb-f469-e6ae-a1d6-6ef9c44c5b8e" testName="TestMethod815" computerName="SUSALUJ" duration="00:00:00.0000231" startTime="2019-07-19T16:06:37.6707665+05:30" endTime="2019-07-19T16:06:37.6707665+05:30" testType="13cdc9d9-ddb5-4fa4-a97d-d965ccfc6d4b" outcome="Passed" testListId="8c84fa94-04c1-424b-9868-57a2d4851a1d" relativeResultsDirectory="fffa6930-7b18-484f-940b-c312372ac242" />
    <UnitTestResult executionId="0d211adc-a08b-4087-96b2-eaa45bd5bbbd" testId="419a3afa-c8e1-8187-edb6-40c935808019" testName="TestMethod25" computerName="SUSALUJ" duration="00:00:00.0008891" startTime="2019-07-19T16:06:37.9997647+05:30" endTime="2019-07-19T16:06:38.0007657+05:30" testType="13cdc9d9-ddb5-4fa4-a97d-d965ccfc6d4b" outcome="Failed" testListId="8c84fa94-04c1-424b-9868-57a2d4851a1d" relativeResultsDirectory="0d211adc-a08b-4087-96b2-eaa45bd5bbbd">
      <Output>
        <ErrorInfo>
          <Message>Assert.AreEqual failed. Expected:&lt;2&gt;. Actual:&lt;4&gt;. </Message>
          <StackTrace>   at TestProjectWON.UnitTest1.TestMethod25() in C:\agent\_work\8\s\TestProjectWON\UnitTest1.cs:line 138&#xD;
</StackTrace>
        </ErrorInfo>
      </Output>
    </UnitTestResult>
    <UnitTestResult executionId="d1f9d467-1552-45a1-9eb9-602ffd6c1c5a" testId="17b9ab62-6c99-d8aa-87e7-0359b7a7ab2f" testName="TestMethod199" computerName="SUSALUJ" duration="00:00:00.0000361" startTime="2019-07-19T16:06:37.8397672+05:30" endTime="2019-07-19T16:06:37.8397672+05:30" testType="13cdc9d9-ddb5-4fa4-a97d-d965ccfc6d4b" outcome="Passed" testListId="8c84fa94-04c1-424b-9868-57a2d4851a1d" relativeResultsDirectory="d1f9d467-1552-45a1-9eb9-602ffd6c1c5a" />
    <UnitTestResult executionId="fa295e08-c33f-4b18-bca2-906019b2f292" testId="8e3a26c6-55d2-cad9-a396-3137adf626b1" testName="TestMethod545" computerName="SUSALUJ" duration="00:00:00.0000200" startTime="2019-07-19T16:06:37.7397664+05:30" endTime="2019-07-19T16:06:37.7397664+05:30" testType="13cdc9d9-ddb5-4fa4-a97d-d965ccfc6d4b" outcome="Passed" testListId="8c84fa94-04c1-424b-9868-57a2d4851a1d" relativeResultsDirectory="fa295e08-c33f-4b18-bca2-906019b2f292" />
    <UnitTestResult executionId="ea281ecd-b790-47f8-9d14-f24ef6371b0c" testId="0c7ef904-cfe7-9cf8-72d5-ccec5e30c41d" testName="TestMethod196" computerName="SUSALUJ" duration="00:00:00.0000321" startTime="2019-07-19T16:06:37.8387653+05:30" endTime="2019-07-19T16:06:37.8387653+05:30" testType="13cdc9d9-ddb5-4fa4-a97d-d965ccfc6d4b" outcome="Passed" testListId="8c84fa94-04c1-424b-9868-57a2d4851a1d" relativeResultsDirectory="ea281ecd-b790-47f8-9d14-f24ef6371b0c" />
    <UnitTestResult executionId="40d2dba2-0fd6-4b37-ad9d-39896b565647" testId="212c19b6-0d5b-3f9a-0c11-71268fbceb25" testName="TestMethod188" computerName="SUSALUJ" duration="00:00:00.0000352" startTime="2019-07-19T16:06:37.8827688+05:30" endTime="2019-07-19T16:06:37.8827688+05:30" testType="13cdc9d9-ddb5-4fa4-a97d-d965ccfc6d4b" outcome="Passed" testListId="8c84fa94-04c1-424b-9868-57a2d4851a1d" relativeResultsDirectory="40d2dba2-0fd6-4b37-ad9d-39896b565647" />
    <UnitTestResult executionId="092d08f1-52b3-410e-b9e4-01848bae01c4" testId="316277fd-539f-25c2-f623-4a6c706cc2e7" testName="TestMethod979" computerName="SUSALUJ" duration="00:00:00.0003970" startTime="2019-07-19T16:06:37.6417651+05:30" endTime="2019-07-19T16:06:37.6427659+05:30" testType="13cdc9d9-ddb5-4fa4-a97d-d965ccfc6d4b" outcome="Passed" testListId="8c84fa94-04c1-424b-9868-57a2d4851a1d" relativeResultsDirectory="092d08f1-52b3-410e-b9e4-01848bae01c4" />
    <UnitTestResult executionId="303227f5-63f5-4098-9e62-c34ddfe08a07" testId="bb1fddd9-0fa5-0bf4-de64-dbafc0d2b900" testName="TestMethod780" computerName="SUSALUJ" duration="00:00:00.0000204" startTime="2019-07-19T16:06:37.7127657+05:30" endTime="2019-07-19T16:06:37.7127657+05:30" testType="13cdc9d9-ddb5-4fa4-a97d-d965ccfc6d4b" outcome="Passed" testListId="8c84fa94-04c1-424b-9868-57a2d4851a1d" relativeResultsDirectory="303227f5-63f5-4098-9e62-c34ddfe08a07" />
    <UnitTestResult executionId="6aa0a8e4-4b39-44ac-b3ae-05143366fd4b" testId="4a7d6a30-5fd0-7ff9-a349-5e34b8f37db1" testName="TestMethod612" computerName="SUSALUJ" duration="00:00:00.0000342" startTime="2019-07-19T16:06:37.7637683+05:30" endTime="2019-07-19T16:06:37.7637683+05:30" testType="13cdc9d9-ddb5-4fa4-a97d-d965ccfc6d4b" outcome="Passed" testListId="8c84fa94-04c1-424b-9868-57a2d4851a1d" relativeResultsDirectory="6aa0a8e4-4b39-44ac-b3ae-05143366fd4b" />
    <UnitTestResult executionId="6992aa04-16f1-4ed4-9b41-ca6a21d7c062" testId="d2ea0520-f253-3dec-c890-60a5f8aea28d" testName="TestMethod696" computerName="SUSALUJ" duration="00:00:00.0000358" startTime="2019-07-19T16:06:37.7357795+05:30" endTime="2019-07-19T16:06:37.7357795+05:30" testType="13cdc9d9-ddb5-4fa4-a97d-d965ccfc6d4b" outcome="Passed" testListId="8c84fa94-04c1-424b-9868-57a2d4851a1d" relativeResultsDirectory="6992aa04-16f1-4ed4-9b41-ca6a21d7c062" />
    <UnitTestResult executionId="84822362-104f-4853-a6f6-a5f3aa6c4336" testId="b7e3ed28-8792-7bc7-d8bb-08f9024403b9" testName="TestMethod965" computerName="SUSALUJ" duration="00:00:00.0000225" startTime="2019-07-19T16:06:37.6347651+05:30" endTime="2019-07-19T16:06:37.6347651+05:30" testType="13cdc9d9-ddb5-4fa4-a97d-d965ccfc6d4b" outcome="Passed" testListId="8c84fa94-04c1-424b-9868-57a2d4851a1d" relativeResultsDirectory="84822362-104f-4853-a6f6-a5f3aa6c4336" />
    <UnitTestResult executionId="b473a1af-82da-41ce-91db-268b352ea2b3" testId="07b45e08-8c5a-283f-969c-3361e8993ef7" testName="TestMethod710" computerName="SUSALUJ" duration="00:00:00.0000212" startTime="2019-07-19T16:06:37.6957640+05:30" endTime="2019-07-19T16:06:37.6957640+05:30" testType="13cdc9d9-ddb5-4fa4-a97d-d965ccfc6d4b" outcome="Passed" testListId="8c84fa94-04c1-424b-9868-57a2d4851a1d" relativeResultsDirectory="b473a1af-82da-41ce-91db-268b352ea2b3" />
    <UnitTestResult executionId="cb82b584-3f1e-4395-a5d0-d1cdd38c51c7" testId="26481e20-cc11-a039-86e0-29ab721f71e4" testName="TestMethod194" computerName="SUSALUJ" duration="00:00:00.0000357" startTime="2019-07-19T16:06:37.8387653+05:30" endTime="2019-07-19T16:06:37.8387653+05:30" testType="13cdc9d9-ddb5-4fa4-a97d-d965ccfc6d4b" outcome="Passed" testListId="8c84fa94-04c1-424b-9868-57a2d4851a1d" relativeResultsDirectory="cb82b584-3f1e-4395-a5d0-d1cdd38c51c7" />
    <UnitTestResult executionId="be479cec-2394-4e05-b38f-48f1f79574ff" testId="41ecebc9-74af-42bd-181b-155796a14796" testName="TestMethod837" computerName="SUSALUJ" duration="00:00:00.0000525" startTime="2019-07-19T16:06:37.6787651+05:30" endTime="2019-07-19T16:06:37.6837657+05:30" testType="13cdc9d9-ddb5-4fa4-a97d-d965ccfc6d4b" outcome="Passed" testListId="8c84fa94-04c1-424b-9868-57a2d4851a1d" relativeResultsDirectory="be479cec-2394-4e05-b38f-48f1f79574ff" />
    <UnitTestResult executionId="34dc790e-88d4-4eac-9748-620730250827" testId="1ddc3191-d796-9ca4-1cdf-911c528d78dc" testName="TestMethod162" computerName="SUSALUJ" duration="00:00:00.0000220" startTime="2019-07-19T16:06:37.8747667+05:30" endTime="2019-07-19T16:06:37.8747667+05:30" testType="13cdc9d9-ddb5-4fa4-a97d-d965ccfc6d4b" outcome="Passed" testListId="8c84fa94-04c1-424b-9868-57a2d4851a1d" relativeResultsDirectory="34dc790e-88d4-4eac-9748-620730250827" />
    <UnitTestResult executionId="f0956d7e-8202-42b1-ae88-20c023e4b86f" testId="58465c1a-7b5a-d5fd-e467-184445674f7b" testName="TestMethod269" computerName="SUSALUJ" duration="00:00:00.0000296" startTime="2019-07-19T16:06:37.8567660+05:30" endTime="2019-07-19T16:06:37.8567660+05:30" testType="13cdc9d9-ddb5-4fa4-a97d-d965ccfc6d4b" outcome="Passed" testListId="8c84fa94-04c1-424b-9868-57a2d4851a1d" relativeResultsDirectory="f0956d7e-8202-42b1-ae88-20c023e4b86f" />
    <UnitTestResult executionId="31f88129-e30c-4d9f-a4bf-d5c3640c7184" testId="d65ff6f7-fa60-61e8-5eaa-ed297c05c0cf" testName="TestMethod198" computerName="SUSALUJ" duration="00:00:00.0003890" startTime="2019-07-19T16:06:37.8387653+05:30" endTime="2019-07-19T16:06:37.8397672+05:30" testType="13cdc9d9-ddb5-4fa4-a97d-d965ccfc6d4b" outcome="Passed" testListId="8c84fa94-04c1-424b-9868-57a2d4851a1d" relativeResultsDirectory="31f88129-e30c-4d9f-a4bf-d5c3640c7184" />
    <UnitTestResult executionId="f96384c9-7b63-4caf-ad04-0b23cbbd0213" testId="e420af2e-a5a3-9089-0a8f-66e455f4e5c8" testName="TestMethod241" computerName="SUSALUJ" duration="00:00:00.0000315" startTime="2019-07-19T16:06:37.8487653+05:30" endTime="2019-07-19T16:06:37.8487653+05:30" testType="13cdc9d9-ddb5-4fa4-a97d-d965ccfc6d4b" outcome="Passed" testListId="8c84fa94-04c1-424b-9868-57a2d4851a1d" relativeResultsDirectory="f96384c9-7b63-4caf-ad04-0b23cbbd0213" />
    <UnitTestResult executionId="0e501214-cedd-4f17-8f79-655568be038f" testId="b6312f8c-1aa0-66d3-548d-221a3e664fce" testName="TestMethod812" computerName="SUSALUJ" duration="00:00:00.0000238" startTime="2019-07-19T16:06:37.6697666+05:30" endTime="2019-07-19T16:06:37.6697666+05:30" testType="13cdc9d9-ddb5-4fa4-a97d-d965ccfc6d4b" outcome="Passed" testListId="8c84fa94-04c1-424b-9868-57a2d4851a1d" relativeResultsDirectory="0e501214-cedd-4f17-8f79-655568be038f" />
    <UnitTestResult executionId="476977d8-c0d0-4bb4-a32f-a05b945f121b" testId="b3a68e6e-d0ea-e834-422f-1a35491f3f76" testName="TestMethod235" computerName="SUSALUJ" duration="00:00:00.0000209" startTime="2019-07-19T16:06:37.8467650+05:30" endTime="2019-07-19T16:06:37.8467650+05:30" testType="13cdc9d9-ddb5-4fa4-a97d-d965ccfc6d4b" outcome="Passed" testListId="8c84fa94-04c1-424b-9868-57a2d4851a1d" relativeResultsDirectory="476977d8-c0d0-4bb4-a32f-a05b945f121b" />
    <UnitTestResult executionId="daace730-10f2-4459-b841-17dc840148a7" testId="1fe56e6e-28f0-eae6-cb2c-d586988f6535" testName="TestMethod651" computerName="SUSALUJ" duration="00:00:00.0000200" startTime="2019-07-19T16:06:37.7237686+05:30" endTime="2019-07-19T16:06:37.7237686+05:30" testType="13cdc9d9-ddb5-4fa4-a97d-d965ccfc6d4b" outcome="Passed" testListId="8c84fa94-04c1-424b-9868-57a2d4851a1d" relativeResultsDirectory="daace730-10f2-4459-b841-17dc840148a7" />
    <UnitTestResult executionId="28e57bf5-b36a-4ba3-8424-92012a6e39c3" testId="40323834-1340-232d-a8df-bda421752c32" testName="TestMethod941" computerName="SUSALUJ" duration="00:00:00.0000373" startTime="2019-07-19T16:06:37.6617655+05:30" endTime="2019-07-19T16:06:37.6617655+05:30" testType="13cdc9d9-ddb5-4fa4-a97d-d965ccfc6d4b" outcome="Passed" testListId="8c84fa94-04c1-424b-9868-57a2d4851a1d" relativeResultsDirectory="28e57bf5-b36a-4ba3-8424-92012a6e39c3" />
    <UnitTestResult executionId="4048b674-c4c0-42e3-89d5-6618ac599f8e" testId="c8673406-6d74-30ae-d207-5d9fe26f6a18" testName="TestMethod601" computerName="SUSALUJ" duration="00:00:00.0000345" startTime="2019-07-19T16:06:37.7607705+05:30" endTime="2019-07-19T16:06:37.7607705+05:30" testType="13cdc9d9-ddb5-4fa4-a97d-d965ccfc6d4b" outcome="Passed" testListId="8c84fa94-04c1-424b-9868-57a2d4851a1d" relativeResultsDirectory="4048b674-c4c0-42e3-89d5-6618ac599f8e" />
    <UnitTestResult executionId="13b8d9ea-755b-482c-9798-919fe7268992" testId="6f640814-d3f6-4cca-810d-6757a9bb0070" testName="TestMethod382" computerName="SUSALUJ" duration="00:00:00.0000311" startTime="2019-07-19T16:06:37.7927671+05:30" endTime="2019-07-19T16:06:37.7927671+05:30" testType="13cdc9d9-ddb5-4fa4-a97d-d965ccfc6d4b" outcome="Passed" testListId="8c84fa94-04c1-424b-9868-57a2d4851a1d" relativeResultsDirectory="13b8d9ea-755b-482c-9798-919fe7268992" />
    <UnitTestResult executionId="61911852-45be-4787-8191-940f115ff901" testId="8b66b4bc-d29b-efab-55bb-0efde9cba347" testName="TestMethod757" computerName="SUSALUJ" duration="00:00:00.0000322" startTime="2019-07-19T16:06:37.7067647+05:30" endTime="2019-07-19T16:06:37.7077661+05:30" testType="13cdc9d9-ddb5-4fa4-a97d-d965ccfc6d4b" outcome="Passed" testListId="8c84fa94-04c1-424b-9868-57a2d4851a1d" relativeResultsDirectory="61911852-45be-4787-8191-940f115ff901" />
    <UnitTestResult executionId="d5823b96-3da1-4e45-a74c-b76d2203573b" testId="4fd6add9-2e9f-40f6-b61b-636feaf88629" testName="TestMethod988" computerName="SUSALUJ" duration="00:00:00.0000211" startTime="2019-07-19T16:06:37.6447665+05:30" endTime="2019-07-19T16:06:37.6447665+05:30" testType="13cdc9d9-ddb5-4fa4-a97d-d965ccfc6d4b" outcome="Passed" testListId="8c84fa94-04c1-424b-9868-57a2d4851a1d" relativeResultsDirectory="d5823b96-3da1-4e45-a74c-b76d2203573b" />
    <UnitTestResult executionId="296be096-1585-401c-a8f2-0c9240cf6efe" testId="338cbb1d-4818-4b9d-5dac-eff2a3aeef9f" testName="TestMethod479" computerName="SUSALUJ" duration="00:00:00.0000974" startTime="2019-07-19T16:06:37.7717697+05:30" endTime="2019-07-19T16:06:37.7727670+05:30" testType="13cdc9d9-ddb5-4fa4-a97d-d965ccfc6d4b" outcome="Passed" testListId="8c84fa94-04c1-424b-9868-57a2d4851a1d" relativeResultsDirectory="296be096-1585-401c-a8f2-0c9240cf6efe" />
    <UnitTestResult executionId="87c0cded-a83c-4d98-8348-f4cd07980a42" testId="787490a8-43a1-74c1-a4fa-c920eefad8af" testName="TestMethod600" computerName="SUSALUJ" duration="00:00:00.0000489" startTime="2019-07-19T16:06:37.7597687+05:30" endTime="2019-07-19T16:06:37.7607705+05:30" testType="13cdc9d9-ddb5-4fa4-a97d-d965ccfc6d4b" outcome="Passed" testListId="8c84fa94-04c1-424b-9868-57a2d4851a1d" relativeResultsDirectory="87c0cded-a83c-4d98-8348-f4cd07980a42" />
    <UnitTestResult executionId="8c57f3e0-fe14-4b92-851e-4ab9de5e2e78" testId="3c6bc004-d150-e549-23d9-d7b29cfb4820" testName="TestMethod573" computerName="SUSALUJ" duration="00:00:00.0000243" startTime="2019-07-19T16:06:37.7547678+05:30" endTime="2019-07-19T16:06:37.7547678+05:30" testType="13cdc9d9-ddb5-4fa4-a97d-d965ccfc6d4b" outcome="Passed" testListId="8c84fa94-04c1-424b-9868-57a2d4851a1d" relativeResultsDirectory="8c57f3e0-fe14-4b92-851e-4ab9de5e2e78" />
    <UnitTestResult executionId="f6d7485f-a054-43e9-a71d-0f35d8ba3e8e" testId="b455aebb-373b-8895-d2db-ca3faffe0264" testName="TestMethod253" computerName="SUSALUJ" duration="00:00:00.0000298" startTime="2019-07-19T16:06:37.8517655+05:30" endTime="2019-07-19T16:06:37.8517655+05:30" testType="13cdc9d9-ddb5-4fa4-a97d-d965ccfc6d4b" outcome="Passed" testListId="8c84fa94-04c1-424b-9868-57a2d4851a1d" relativeResultsDirectory="f6d7485f-a054-43e9-a71d-0f35d8ba3e8e" />
    <UnitTestResult executionId="20a2ab60-7633-4b0f-9171-8b310165357b" testId="2538b09c-5993-b407-46cc-cd0c5e035afe" testName="TestMethod560" computerName="SUSALUJ" duration="00:00:00.0000304" startTime="2019-07-19T16:06:37.7437678+05:30" endTime="2019-07-19T16:06:37.7437678+05:30" testType="13cdc9d9-ddb5-4fa4-a97d-d965ccfc6d4b" outcome="Passed" testListId="8c84fa94-04c1-424b-9868-57a2d4851a1d" relativeResultsDirectory="20a2ab60-7633-4b0f-9171-8b310165357b" />
    <UnitTestResult executionId="5ef0e90a-8edf-444d-84ce-c74668194348" testId="402aee7d-0b84-e21f-0c90-838bca626563" testName="TestMethod442" computerName="SUSALUJ" duration="00:00:00.0000201" startTime="2019-07-19T16:06:37.8077669+05:30" endTime="2019-07-19T16:06:37.8077669+05:30" testType="13cdc9d9-ddb5-4fa4-a97d-d965ccfc6d4b" outcome="Passed" testListId="8c84fa94-04c1-424b-9868-57a2d4851a1d" relativeResultsDirectory="5ef0e90a-8edf-444d-84ce-c74668194348" />
    <UnitTestResult executionId="b8ed4afb-17fb-4eab-aa7e-2def4bb31580" testId="49e2a578-06b2-ded3-6f98-62bfba3a3398" testName="TestMethod413" computerName="SUSALUJ" duration="00:00:00.0000345" startTime="2019-07-19T16:06:37.8007703+05:30" endTime="2019-07-19T16:06:37.8017682+05:30" testType="13cdc9d9-ddb5-4fa4-a97d-d965ccfc6d4b" outcome="Passed" testListId="8c84fa94-04c1-424b-9868-57a2d4851a1d" relativeResultsDirectory="b8ed4afb-17fb-4eab-aa7e-2def4bb31580" />
    <UnitTestResult executionId="071ccb50-87b5-46f1-8cc1-43de6a92497e" testId="2368979a-be6d-3089-5339-0188b81a7741" testName="TestMethod603" computerName="SUSALUJ" duration="00:00:00.0000326" startTime="2019-07-19T16:06:37.7617653+05:30" endTime="2019-07-19T16:06:37.7617653+05:30" testType="13cdc9d9-ddb5-4fa4-a97d-d965ccfc6d4b" outcome="Passed" testListId="8c84fa94-04c1-424b-9868-57a2d4851a1d" relativeResultsDirectory="071ccb50-87b5-46f1-8cc1-43de6a92497e" />
    <UnitTestResult executionId="d06f03df-4595-419d-82ed-0239cb5a2688" testId="12cd2caf-a4f5-514c-d102-b8f1d0673990" testName="TestMethod92" computerName="SUSALUJ" duration="00:00:00.0000333" startTime="2019-07-19T16:06:38.0107645+05:30" endTime="2019-07-19T16:06:38.0107645+05:30" testType="13cdc9d9-ddb5-4fa4-a97d-d965ccfc6d4b" outcome="Passed" testListId="8c84fa94-04c1-424b-9868-57a2d4851a1d" relativeResultsDirectory="d06f03df-4595-419d-82ed-0239cb5a2688" />
    <UnitTestResult executionId="6c1ace9f-6636-4f50-b4d4-3a4416822c36" testId="e905d40f-be95-1827-65a5-1cde8fbf0055" testName="TestMethod85" computerName="SUSALUJ" duration="00:00:00.0000210" startTime="2019-07-19T16:06:38.0087660+05:30" endTime="2019-07-19T16:06:38.0087660+05:30" testType="13cdc9d9-ddb5-4fa4-a97d-d965ccfc6d4b" outcome="Passed" testListId="8c84fa94-04c1-424b-9868-57a2d4851a1d" relativeResultsDirectory="6c1ace9f-6636-4f50-b4d4-3a4416822c36" />
    <UnitTestResult executionId="3dd93884-a7a5-461d-a3c5-e32a87bc1d82" testId="b45e8f90-18e0-9f3b-9e1e-d9a9792c1737" testName="TestMethod153" computerName="SUSALUJ" duration="00:00:00.0000307" startTime="2019-07-19T16:06:37.8717655+05:30" endTime="2019-07-19T16:06:37.8727656+05:30" testType="13cdc9d9-ddb5-4fa4-a97d-d965ccfc6d4b" outcome="Passed" testListId="8c84fa94-04c1-424b-9868-57a2d4851a1d" relativeResultsDirectory="3dd93884-a7a5-461d-a3c5-e32a87bc1d82" />
    <UnitTestResult executionId="a2cd8255-f5bf-4442-9a29-837c4588c740" testId="7a596ad5-bb27-16dd-af50-897d939e5f05" testName="TestMethod510" computerName="SUSALUJ" duration="00:00:00.0000243" startTime="2019-07-19T16:06:37.7817667+05:30" endTime="2019-07-19T16:06:37.7817667+05:30" testType="13cdc9d9-ddb5-4fa4-a97d-d965ccfc6d4b" outcome="Passed" testListId="8c84fa94-04c1-424b-9868-57a2d4851a1d" relativeResultsDirectory="a2cd8255-f5bf-4442-9a29-837c4588c740" />
    <UnitTestResult executionId="628080b2-e7a2-4e4e-9fc4-5b18d7a0661b" testId="17602286-7586-5631-70a5-321de694d027" testName="TestMethod917" computerName="SUSALUJ" duration="00:00:00.0000385" startTime="2019-07-19T16:06:37.6557644+05:30" endTime="2019-07-19T16:06:37.6557644+05:30" testType="13cdc9d9-ddb5-4fa4-a97d-d965ccfc6d4b" outcome="Passed" testListId="8c84fa94-04c1-424b-9868-57a2d4851a1d" relativeResultsDirectory="628080b2-e7a2-4e4e-9fc4-5b18d7a0661b" />
    <UnitTestResult executionId="f894aa02-e144-458e-9b9a-9b63a7918521" testId="bb4c3db3-78fd-98b5-aac1-0d6148da10da" testName="TestMethod104" computerName="SUSALUJ" duration="00:00:00.0000208" startTime="2019-07-19T16:06:38.0137656+05:30" endTime="2019-07-19T16:06:38.0137656+05:30" testType="13cdc9d9-ddb5-4fa4-a97d-d965ccfc6d4b" outcome="Passed" testListId="8c84fa94-04c1-424b-9868-57a2d4851a1d" relativeResultsDirectory="f894aa02-e144-458e-9b9a-9b63a7918521" />
    <UnitTestResult executionId="d5047a87-cb99-4613-b19a-4a0dfe46155c" testId="d9684e0f-2086-d83e-23a3-04b6d52307fb" testName="TestMethod725" computerName="SUSALUJ" duration="00:00:00.0000536" startTime="2019-07-19T16:06:37.6997667+05:30" endTime="2019-07-19T16:06:37.6997667+05:30" testType="13cdc9d9-ddb5-4fa4-a97d-d965ccfc6d4b" outcome="Passed" testListId="8c84fa94-04c1-424b-9868-57a2d4851a1d" relativeResultsDirectory="d5047a87-cb99-4613-b19a-4a0dfe46155c" />
    <UnitTestResult executionId="879c1a53-db4e-4803-8572-f2fdbe717609" testId="978452c9-daa6-d609-022c-8e5c662c69fd" testName="TestMethod383" computerName="SUSALUJ" duration="00:00:00.0000251" startTime="2019-07-19T16:06:37.7927671+05:30" endTime="2019-07-19T16:06:37.7927671+05:30" testType="13cdc9d9-ddb5-4fa4-a97d-d965ccfc6d4b" outcome="Passed" testListId="8c84fa94-04c1-424b-9868-57a2d4851a1d" relativeResultsDirectory="879c1a53-db4e-4803-8572-f2fdbe717609" />
    <UnitTestResult executionId="520ca883-6ef8-4b01-b665-df00acb10f59" testId="6f292e4b-66f5-a778-fa6e-8262c0e8abca" testName="TestMethod753" computerName="SUSALUJ" duration="00:00:00.0000191" startTime="2019-07-19T16:06:37.7067647+05:30" endTime="2019-07-19T16:06:37.7067647+05:30" testType="13cdc9d9-ddb5-4fa4-a97d-d965ccfc6d4b" outcome="Passed" testListId="8c84fa94-04c1-424b-9868-57a2d4851a1d" relativeResultsDirectory="520ca883-6ef8-4b01-b665-df00acb10f59" />
    <UnitTestResult executionId="8a6b01a3-42c8-43e4-ac91-50ddc7160855" testId="04f9de18-4686-222a-0170-355135415b69" testName="TestMethod799" computerName="SUSALUJ" duration="00:00:00.0000343" startTime="2019-07-19T16:06:37.6667668+05:30" endTime="2019-07-19T16:06:37.6667668+05:30" testType="13cdc9d9-ddb5-4fa4-a97d-d965ccfc6d4b" outcome="Passed" testListId="8c84fa94-04c1-424b-9868-57a2d4851a1d" relativeResultsDirectory="8a6b01a3-42c8-43e4-ac91-50ddc7160855" />
    <UnitTestResult executionId="adb5e88f-1179-40ed-8c76-a3d3d13c43c4" testId="e314ca48-ecc2-8358-33ec-5f3221d11fab" testName="TestMethod338" computerName="SUSALUJ" duration="00:00:00.0000324" startTime="2019-07-19T16:06:37.8317660+05:30" endTime="2019-07-19T16:06:37.8327670+05:30" testType="13cdc9d9-ddb5-4fa4-a97d-d965ccfc6d4b" outcome="Passed" testListId="8c84fa94-04c1-424b-9868-57a2d4851a1d" relativeResultsDirectory="adb5e88f-1179-40ed-8c76-a3d3d13c43c4" />
    <UnitTestResult executionId="91fa51e7-0731-4217-a00d-e56471367431" testId="c143949d-f9d9-b922-e78b-b604ed749662" testName="TestMethod280" computerName="SUSALUJ" duration="00:00:00.0000233" startTime="2019-07-19T16:06:37.8097683+05:30" endTime="2019-07-19T16:06:37.8097683+05:30" testType="13cdc9d9-ddb5-4fa4-a97d-d965ccfc6d4b" outcome="Passed" testListId="8c84fa94-04c1-424b-9868-57a2d4851a1d" relativeResultsDirectory="91fa51e7-0731-4217-a00d-e56471367431" />
    <UnitTestResult executionId="353a8e2a-32ec-4ada-b9aa-0ea894700d0f" testId="655b1882-490e-072b-68df-241927b235f6" testName="TestMethod174" computerName="SUSALUJ" duration="00:00:00.0000307" startTime="2019-07-19T16:06:37.8777649+05:30" endTime="2019-07-19T16:06:37.8777649+05:30" testType="13cdc9d9-ddb5-4fa4-a97d-d965ccfc6d4b" outcome="Passed" testListId="8c84fa94-04c1-424b-9868-57a2d4851a1d" relativeResultsDirectory="353a8e2a-32ec-4ada-b9aa-0ea894700d0f" />
    <UnitTestResult executionId="eaa515fc-eb62-4c07-ad72-b37f65e122ed" testId="0063f140-7fc6-5989-a3c8-6453b7cc00a2" testName="TestMethod785" computerName="SUSALUJ" duration="00:00:00.0000502" startTime="2019-07-19T16:06:37.7137653+05:30" endTime="2019-07-19T16:06:37.7137653+05:30" testType="13cdc9d9-ddb5-4fa4-a97d-d965ccfc6d4b" outcome="Passed" testListId="8c84fa94-04c1-424b-9868-57a2d4851a1d" relativeResultsDirectory="eaa515fc-eb62-4c07-ad72-b37f65e122ed" />
    <UnitTestResult executionId="e4b7a037-97db-4b48-b029-9cb2ce71c859" testId="26524496-f7b2-b063-a4ad-84ece5cb6f77" testName="TestMethod360" computerName="SUSALUJ" duration="00:00:00.0000353" startTime="2019-07-19T16:06:37.8367667+05:30" endTime="2019-07-19T16:06:37.8377661+05:30" testType="13cdc9d9-ddb5-4fa4-a97d-d965ccfc6d4b" outcome="Passed" testListId="8c84fa94-04c1-424b-9868-57a2d4851a1d" relativeResultsDirectory="e4b7a037-97db-4b48-b029-9cb2ce71c859" />
    <UnitTestResult executionId="7f6a0460-8269-4aaf-ae34-dde2c7bc7d68" testId="c93bd454-d74b-02ca-ae31-df229661a403" testName="TestMethod290" computerName="SUSALUJ" duration="00:00:00.0000330" startTime="2019-07-19T16:06:37.8117663+05:30" endTime="2019-07-19T16:06:37.8117663+05:30" testType="13cdc9d9-ddb5-4fa4-a97d-d965ccfc6d4b" outcome="Passed" testListId="8c84fa94-04c1-424b-9868-57a2d4851a1d" relativeResultsDirectory="7f6a0460-8269-4aaf-ae34-dde2c7bc7d68" />
    <UnitTestResult executionId="02f06366-3a3b-4063-bf69-eab07fbbbc9b" testId="95536bc7-94ce-e4e8-dd9b-0f6a2fb3a99f" testName="TestMethod359" computerName="SUSALUJ" duration="00:00:00.0000311" startTime="2019-07-19T16:06:37.8367667+05:30" endTime="2019-07-19T16:06:37.8367667+05:30" testType="13cdc9d9-ddb5-4fa4-a97d-d965ccfc6d4b" outcome="Passed" testListId="8c84fa94-04c1-424b-9868-57a2d4851a1d" relativeResultsDirectory="02f06366-3a3b-4063-bf69-eab07fbbbc9b" />
    <UnitTestResult executionId="ce8c5d94-8be0-4184-beca-0f7124daeb32" testId="ad096218-c19b-f9d4-418a-22eb5410c3ad" testName="TestMethod266" computerName="SUSALUJ" duration="00:00:00.0000326" startTime="2019-07-19T16:06:37.8557676+05:30" endTime="2019-07-19T16:06:37.8557676+05:30" testType="13cdc9d9-ddb5-4fa4-a97d-d965ccfc6d4b" outcome="Passed" testListId="8c84fa94-04c1-424b-9868-57a2d4851a1d" relativeResultsDirectory="ce8c5d94-8be0-4184-beca-0f7124daeb32" />
    <UnitTestResult executionId="716e6372-cf4a-4ad4-b745-9a2d638c5dc9" testId="3b5942d2-e7e2-de60-16f9-c73e5cc4a29a" testName="TestMethod240" computerName="SUSALUJ" duration="00:00:00.0000322" startTime="2019-07-19T16:06:37.8487653+05:30" endTime="2019-07-19T16:06:37.8487653+05:30" testType="13cdc9d9-ddb5-4fa4-a97d-d965ccfc6d4b" outcome="Passed" testListId="8c84fa94-04c1-424b-9868-57a2d4851a1d" relativeResultsDirectory="716e6372-cf4a-4ad4-b745-9a2d638c5dc9" />
    <UnitTestResult executionId="ab90c0ff-8830-44e7-9543-c728ffe17801" testId="8b53428c-a713-6b36-2567-9117ab16c585" testName="TestMethod929" computerName="SUSALUJ" duration="00:00:00.0000405" startTime="2019-07-19T16:06:37.6577652+05:30" endTime="2019-07-19T16:06:37.6577652+05:30" testType="13cdc9d9-ddb5-4fa4-a97d-d965ccfc6d4b" outcome="Passed" testListId="8c84fa94-04c1-424b-9868-57a2d4851a1d" relativeResultsDirectory="ab90c0ff-8830-44e7-9543-c728ffe17801" />
    <UnitTestResult executionId="dedbd2d5-420b-4fd5-b1bc-3ae3437e6f7a" testId="c07ed1e6-4ff2-787a-6e41-1d744cc03d1e" testName="TestMethod127" computerName="SUSALUJ" duration="00:00:00.0000493" startTime="2019-07-19T16:06:37.8627650+05:30" endTime="2019-07-19T16:06:37.8637664+05:30" testType="13cdc9d9-ddb5-4fa4-a97d-d965ccfc6d4b" outcome="Passed" testListId="8c84fa94-04c1-424b-9868-57a2d4851a1d" relativeResultsDirectory="dedbd2d5-420b-4fd5-b1bc-3ae3437e6f7a" />
    <UnitTestResult executionId="0071b276-c4d3-4ae4-81fb-bfa5eee75707" testId="ceb169ae-ff5e-3170-d718-f3779c98f5b6" testName="TestMethod995" computerName="SUSALUJ" duration="00:00:00.0000224" startTime="2019-07-19T16:06:37.6467661+05:30" endTime="2019-07-19T16:06:37.6467661+05:30" testType="13cdc9d9-ddb5-4fa4-a97d-d965ccfc6d4b" outcome="Passed" testListId="8c84fa94-04c1-424b-9868-57a2d4851a1d" relativeResultsDirectory="0071b276-c4d3-4ae4-81fb-bfa5eee75707" />
    <UnitTestResult executionId="30c3d75b-f07c-4ace-a14b-bcb03dd4f4bf" testId="8f1def5e-a4a4-e376-87a5-e4d5d786fa42" testName="TestMethod148" computerName="SUSALUJ" duration="00:00:00.0000296" startTime="2019-07-19T16:06:37.8707678+05:30" endTime="2019-07-19T16:06:37.8707678+05:30" testType="13cdc9d9-ddb5-4fa4-a97d-d965ccfc6d4b" outcome="Passed" testListId="8c84fa94-04c1-424b-9868-57a2d4851a1d" relativeResultsDirectory="30c3d75b-f07c-4ace-a14b-bcb03dd4f4bf" />
    <UnitTestResult executionId="3bb68fe5-aeda-415e-9737-9bb35c1f83d2" testId="774836be-e9e9-fdcc-8cd9-df82b9d2ca1e" testName="TestMethod522" computerName="SUSALUJ" duration="00:00:00.0000410" startTime="2019-07-19T16:06:37.7857670+05:30" endTime="2019-07-19T16:06:37.7857670+05:30" testType="13cdc9d9-ddb5-4fa4-a97d-d965ccfc6d4b" outcome="Passed" testListId="8c84fa94-04c1-424b-9868-57a2d4851a1d" relativeResultsDirectory="3bb68fe5-aeda-415e-9737-9bb35c1f83d2" />
    <UnitTestResult executionId="7affa9cd-d16d-4cf1-820e-ef48aaf78f2f" testId="b371c621-a08b-1ffa-904c-27ea074f2ce7" testName="TestMethod215" computerName="SUSALUJ" duration="00:00:00.0000268" startTime="2019-07-19T16:06:37.8427656+05:30" endTime="2019-07-19T16:06:37.8427656+05:30" testType="13cdc9d9-ddb5-4fa4-a97d-d965ccfc6d4b" outcome="Passed" testListId="8c84fa94-04c1-424b-9868-57a2d4851a1d" relativeResultsDirectory="7affa9cd-d16d-4cf1-820e-ef48aaf78f2f" />
    <UnitTestResult executionId="d7c50102-6abe-4edb-9061-08a597f6151f" testId="eebb789d-9075-29b8-d21a-6a5989c99eae" testName="TestMethod728" computerName="SUSALUJ" duration="00:00:00.0000342" startTime="2019-07-19T16:06:37.7007671+05:30" endTime="2019-07-19T16:06:37.7007671+05:30" testType="13cdc9d9-ddb5-4fa4-a97d-d965ccfc6d4b" outcome="Passed" testListId="8c84fa94-04c1-424b-9868-57a2d4851a1d" relativeResultsDirectory="d7c50102-6abe-4edb-9061-08a597f6151f" />
    <UnitTestResult executionId="66332ad9-1cc6-4b51-80fd-44a6b8285a97" testId="e17cb5d8-84bd-3e2b-32fa-bef201119c95" testName="TestMethod597" computerName="SUSALUJ" duration="00:00:00.0000406" startTime="2019-07-19T16:06:37.7587651+05:30" endTime="2019-07-19T16:06:37.7597687+05:30" testType="13cdc9d9-ddb5-4fa4-a97d-d965ccfc6d4b" outcome="Passed" testListId="8c84fa94-04c1-424b-9868-57a2d4851a1d" relativeResultsDirectory="66332ad9-1cc6-4b51-80fd-44a6b8285a97" />
    <UnitTestResult executionId="7b631bfd-0dd0-459a-bf15-4926c9f93900" testId="2cd9f07f-f4db-3ea8-64da-80736ac176c2" testName="TestMethod252" computerName="SUSALUJ" duration="00:00:00.0000283" startTime="2019-07-19T16:06:37.8517655+05:30" endTime="2019-07-19T16:06:37.8517655+05:30" testType="13cdc9d9-ddb5-4fa4-a97d-d965ccfc6d4b" outcome="Passed" testListId="8c84fa94-04c1-424b-9868-57a2d4851a1d" relativeResultsDirectory="7b631bfd-0dd0-459a-bf15-4926c9f93900" />
    <UnitTestResult executionId="72de053b-dd2d-40ab-9e34-f07023c8a994" testId="f8d78d88-3450-7ecb-6308-4ea2e1f95134" testName="TestMethod953" computerName="SUSALUJ" duration="00:00:00.0000387" startTime="2019-07-19T16:06:37.6637641+05:30" endTime="2019-07-19T16:06:37.6637641+05:30" testType="13cdc9d9-ddb5-4fa4-a97d-d965ccfc6d4b" outcome="Passed" testListId="8c84fa94-04c1-424b-9868-57a2d4851a1d" relativeResultsDirectory="72de053b-dd2d-40ab-9e34-f07023c8a994" />
    <UnitTestResult executionId="6b16dafd-af0a-4c03-8fb9-e108fd974830" testId="fb017625-fbee-c628-023c-a26622cccf10" testName="TestMethod933" computerName="SUSALUJ" duration="00:00:00.0000564" startTime="2019-07-19T16:06:37.6597655+05:30" endTime="2019-07-19T16:06:37.6597655+05:30" testType="13cdc9d9-ddb5-4fa4-a97d-d965ccfc6d4b" outcome="Passed" testListId="8c84fa94-04c1-424b-9868-57a2d4851a1d" relativeResultsDirectory="6b16dafd-af0a-4c03-8fb9-e108fd974830" />
    <UnitTestResult executionId="125d4c2c-a2ab-4d8c-b373-11e05920319b" testId="482a579e-51e3-2b96-2ccc-7f578ded208b" testName="TestMethod168" computerName="SUSALUJ" duration="00:00:00.0000534" startTime="2019-07-19T16:06:37.8757660+05:30" endTime="2019-07-19T16:06:37.8757660+05:30" testType="13cdc9d9-ddb5-4fa4-a97d-d965ccfc6d4b" outcome="Passed" testListId="8c84fa94-04c1-424b-9868-57a2d4851a1d" relativeResultsDirectory="125d4c2c-a2ab-4d8c-b373-11e05920319b" />
    <UnitTestResult executionId="b8687494-9f02-4dc4-8ea3-3652815338e2" testId="53741d93-4183-126c-5794-6e3b44f8a90a" testName="TestMethod905" computerName="SUSALUJ" duration="00:00:00.0000360" startTime="2019-07-19T16:06:37.6527634+05:30" endTime="2019-07-19T16:06:37.6527634+05:30" testType="13cdc9d9-ddb5-4fa4-a97d-d965ccfc6d4b" outcome="Passed" testListId="8c84fa94-04c1-424b-9868-57a2d4851a1d" relativeResultsDirectory="b8687494-9f02-4dc4-8ea3-3652815338e2" />
    <UnitTestResult executionId="2881eab7-c139-4dd2-b3d0-34c4d5361952" testId="7654d653-b2e8-2a33-6fe0-b9e2fb1fee0e" testName="TestMethod828" computerName="SUSALUJ" duration="00:00:00.0000411" startTime="2019-07-19T16:06:37.6757697+05:30" endTime="2019-07-19T16:06:37.6757697+05:30" testType="13cdc9d9-ddb5-4fa4-a97d-d965ccfc6d4b" outcome="Passed" testListId="8c84fa94-04c1-424b-9868-57a2d4851a1d" relativeResultsDirectory="2881eab7-c139-4dd2-b3d0-34c4d5361952" />
    <UnitTestResult executionId="5e39ae8f-a07f-435c-b297-3996dc0111c6" testId="8116679a-1385-7dec-2cfc-de80d4644ebe" testName="TestMethod797" computerName="SUSALUJ" duration="00:00:00.0000351" startTime="2019-07-19T16:06:37.6657670+05:30" endTime="2019-07-19T16:06:37.6657670+05:30" testType="13cdc9d9-ddb5-4fa4-a97d-d965ccfc6d4b" outcome="Passed" testListId="8c84fa94-04c1-424b-9868-57a2d4851a1d" relativeResultsDirectory="5e39ae8f-a07f-435c-b297-3996dc0111c6" />
    <UnitTestResult executionId="82fc57d7-29b4-4a21-8c96-4ec6f55983b4" testId="f0e89428-5ab8-0c6f-22de-d15fca130bca" testName="TestMethod435" computerName="SUSALUJ" duration="00:00:00.0000261" startTime="2019-07-19T16:06:37.8057667+05:30" endTime="2019-07-19T16:06:37.8057667+05:30" testType="13cdc9d9-ddb5-4fa4-a97d-d965ccfc6d4b" outcome="Passed" testListId="8c84fa94-04c1-424b-9868-57a2d4851a1d" relativeResultsDirectory="82fc57d7-29b4-4a21-8c96-4ec6f55983b4" />
    <UnitTestResult executionId="c191e739-c4c4-45d1-a6a1-1212d60e7290" testId="50d3bc90-e64c-a7a4-3c89-41f45e1b2071" testName="TestMethod846" computerName="SUSALUJ" duration="00:00:00.0000201" startTime="2019-07-19T16:06:37.6857641+05:30" endTime="2019-07-19T16:06:37.6857641+05:30" testType="13cdc9d9-ddb5-4fa4-a97d-d965ccfc6d4b" outcome="Passed" testListId="8c84fa94-04c1-424b-9868-57a2d4851a1d" relativeResultsDirectory="c191e739-c4c4-45d1-a6a1-1212d60e7290" />
    <UnitTestResult executionId="bd310f71-3171-41b0-87be-537b211b238b" testId="ae40cd8d-fb37-c670-47a2-bc9cdefaaa15" testName="TestMethod777" computerName="SUSALUJ" duration="00:00:00.0000203" startTime="2019-07-19T16:06:37.7117728+05:30" endTime="2019-07-19T16:06:37.7117728+05:30" testType="13cdc9d9-ddb5-4fa4-a97d-d965ccfc6d4b" outcome="Passed" testListId="8c84fa94-04c1-424b-9868-57a2d4851a1d" relativeResultsDirectory="bd310f71-3171-41b0-87be-537b211b238b" />
    <UnitTestResult executionId="fd69aa5b-031b-496d-b168-c973a84510f7" testId="f97c6d21-26d6-01c9-c3af-ff29d0c83a7c" testName="TestMethod808" computerName="SUSALUJ" duration="00:00:00.0000293" startTime="2019-07-19T16:06:37.6687665+05:30" endTime="2019-07-19T16:06:37.6687665+05:30" testType="13cdc9d9-ddb5-4fa4-a97d-d965ccfc6d4b" outcome="Passed" testListId="8c84fa94-04c1-424b-9868-57a2d4851a1d" relativeResultsDirectory="fd69aa5b-031b-496d-b168-c973a84510f7" />
    <UnitTestResult executionId="1cea1f19-b9e2-48e5-8133-b9af01be112b" testId="f514d079-8d06-ef5a-d94b-1dfe43410a52" testName="TestMethod959" computerName="SUSALUJ" duration="00:00:00.0061625" startTime="2019-07-19T16:06:37.4177647+05:30" endTime="2019-07-19T16:06:37.6237654+05:30" testType="13cdc9d9-ddb5-4fa4-a97d-d965ccfc6d4b" outcome="Passed" testListId="8c84fa94-04c1-424b-9868-57a2d4851a1d" relativeResultsDirectory="1cea1f19-b9e2-48e5-8133-b9af01be112b" />
    <UnitTestResult executionId="2bb5b3cf-dde2-4ebe-8d2a-f90d4202933e" testId="3631f1f6-6900-dfb5-ee94-5ceee6bb0502" testName="TestMethod687" computerName="SUSALUJ" duration="00:00:00.0000336" startTime="2019-07-19T16:06:37.7327662+05:30" endTime="2019-07-19T16:06:37.7327662+05:30" testType="13cdc9d9-ddb5-4fa4-a97d-d965ccfc6d4b" outcome="Passed" testListId="8c84fa94-04c1-424b-9868-57a2d4851a1d" relativeResultsDirectory="2bb5b3cf-dde2-4ebe-8d2a-f90d4202933e" />
    <UnitTestResult executionId="0fcb451d-c3cd-4658-8d54-569a32802d28" testId="1ae51994-0711-31b1-de1f-5203e8a5234c" testName="TestMethod951" computerName="SUSALUJ" duration="00:00:00.0000415" startTime="2019-07-19T16:06:37.6627643+05:30" endTime="2019-07-19T16:06:37.6637641+05:30" testType="13cdc9d9-ddb5-4fa4-a97d-d965ccfc6d4b" outcome="Passed" testListId="8c84fa94-04c1-424b-9868-57a2d4851a1d" relativeResultsDirectory="0fcb451d-c3cd-4658-8d54-569a32802d28" />
    <UnitTestResult executionId="52ec0cac-abec-4d1a-a995-452118a8d6c3" testId="1f8138dd-bc1e-a02c-372f-244c53efa65e" testName="TestMethod226" computerName="SUSALUJ" duration="00:00:00.0000202" startTime="2019-07-19T16:06:37.8457651+05:30" endTime="2019-07-19T16:06:37.8457651+05:30" testType="13cdc9d9-ddb5-4fa4-a97d-d965ccfc6d4b" outcome="Passed" testListId="8c84fa94-04c1-424b-9868-57a2d4851a1d" relativeResultsDirectory="52ec0cac-abec-4d1a-a995-452118a8d6c3" />
    <UnitTestResult executionId="08e2d1ea-ec97-4eaf-8bb5-0be7c83bf894" testId="200f387c-18e6-97b6-ef6c-78806d6bd886" testName="TestMethod365" computerName="SUSALUJ" duration="00:00:00.0000462" startTime="2019-07-19T16:06:37.7877651+05:30" endTime="2019-07-19T16:06:37.7887660+05:30" testType="13cdc9d9-ddb5-4fa4-a97d-d965ccfc6d4b" outcome="Passed" testListId="8c84fa94-04c1-424b-9868-57a2d4851a1d" relativeResultsDirectory="08e2d1ea-ec97-4eaf-8bb5-0be7c83bf894" />
    <UnitTestResult executionId="20b2cfba-2e2e-41c1-a5b6-6aac2be60fba" testId="a0d73a5a-c44d-12f6-bc44-9638d2557ee9" testName="TestMethod581" computerName="SUSALUJ" duration="00:00:00.0000210" startTime="2019-07-19T16:06:37.7557674+05:30" endTime="2019-07-19T16:06:37.7557674+05:30" testType="13cdc9d9-ddb5-4fa4-a97d-d965ccfc6d4b" outcome="Passed" testListId="8c84fa94-04c1-424b-9868-57a2d4851a1d" relativeResultsDirectory="20b2cfba-2e2e-41c1-a5b6-6aac2be60fba" />
    <UnitTestResult executionId="4b19c5eb-dbd3-4fb7-b635-977bec99f7b6" testId="a470c127-09ad-2eb4-0dc1-9e1111ccf290" testName="TestMethod444" computerName="SUSALUJ" duration="00:00:00.0000267" startTime="2019-07-19T16:06:37.8077669+05:30" endTime="2019-07-19T16:06:37.8077669+05:30" testType="13cdc9d9-ddb5-4fa4-a97d-d965ccfc6d4b" outcome="Passed" testListId="8c84fa94-04c1-424b-9868-57a2d4851a1d" relativeResultsDirectory="4b19c5eb-dbd3-4fb7-b635-977bec99f7b6" />
    <UnitTestResult executionId="0429d0ba-bd88-441d-a57f-d41185b3642e" testId="403197e3-80d5-d38a-7a69-130745b65f52" testName="TestMethod579" computerName="SUSALUJ" duration="00:00:00.0000233" startTime="2019-07-19T16:06:37.7557674+05:30" endTime="2019-07-19T16:06:37.7557674+05:30" testType="13cdc9d9-ddb5-4fa4-a97d-d965ccfc6d4b" outcome="Passed" testListId="8c84fa94-04c1-424b-9868-57a2d4851a1d" relativeResultsDirectory="0429d0ba-bd88-441d-a57f-d41185b3642e" />
    <UnitTestResult executionId="c397f450-58d2-44cb-95ab-5e426d5e06f3" testId="60b8b2f7-31bf-1d0c-54b5-77528bf63eee" testName="TestMethod555" computerName="SUSALUJ" duration="00:00:00.0000364" startTime="2019-07-19T16:06:37.7417673+05:30" endTime="2019-07-19T16:06:37.7417673+05:30" testType="13cdc9d9-ddb5-4fa4-a97d-d965ccfc6d4b" outcome="Passed" testListId="8c84fa94-04c1-424b-9868-57a2d4851a1d" relativeResultsDirectory="c397f450-58d2-44cb-95ab-5e426d5e06f3" />
    <UnitTestResult executionId="d3371d95-c283-438a-b85f-1ba1b8a5de7f" testId="dc0da883-7e82-e161-d8b6-abe7e6a478d5" testName="TestMethod114" computerName="SUSALUJ" duration="00:00:00.0000399" startTime="2019-07-19T16:06:37.8597666+05:30" endTime="2019-07-19T16:06:37.8607653+05:30" testType="13cdc9d9-ddb5-4fa4-a97d-d965ccfc6d4b" outcome="Passed" testListId="8c84fa94-04c1-424b-9868-57a2d4851a1d" relativeResultsDirectory="d3371d95-c283-438a-b85f-1ba1b8a5de7f" />
    <UnitTestResult executionId="4a175bf4-7be6-41ac-9a38-d2cee5ef5f3c" testId="a611c0f1-bfc5-9afd-c5d5-7057807e80b7" testName="TestMethod607" computerName="SUSALUJ" duration="00:00:00.0000232" startTime="2019-07-19T16:06:37.7617653+05:30" endTime="2019-07-19T16:06:37.7617653+05:30" testType="13cdc9d9-ddb5-4fa4-a97d-d965ccfc6d4b" outcome="Passed" testListId="8c84fa94-04c1-424b-9868-57a2d4851a1d" relativeResultsDirectory="4a175bf4-7be6-41ac-9a38-d2cee5ef5f3c" />
    <UnitTestResult executionId="28ca6adf-ee2e-433d-b58b-247270756898" testId="6d744b39-535d-b171-cdba-89a61515c153" testName="TestMethod361" computerName="SUSALUJ" duration="00:00:00.0000378" startTime="2019-07-19T16:06:37.8377661+05:30" endTime="2019-07-19T16:06:37.8377661+05:30" testType="13cdc9d9-ddb5-4fa4-a97d-d965ccfc6d4b" outcome="Passed" testListId="8c84fa94-04c1-424b-9868-57a2d4851a1d" relativeResultsDirectory="28ca6adf-ee2e-433d-b58b-247270756898" />
    <UnitTestResult executionId="4d20d24f-bea4-48bb-9dde-e42e9c4fb98c" testId="affd5ea3-914c-9d42-3ab9-63fa69ffb17f" testName="TestMethod394" computerName="SUSALUJ" duration="00:00:00.0000313" startTime="2019-07-19T16:06:37.7957675+05:30" endTime="2019-07-19T16:06:37.7967650+05:30" testType="13cdc9d9-ddb5-4fa4-a97d-d965ccfc6d4b" outcome="Passed" testListId="8c84fa94-04c1-424b-9868-57a2d4851a1d" relativeResultsDirectory="4d20d24f-bea4-48bb-9dde-e42e9c4fb98c" />
    <UnitTestResult executionId="52287035-a2e5-48ca-bad7-d223137a80bc" testId="ba7abc82-755e-df5e-a8e3-3dfd591bc900" testName="TestMethod937" computerName="SUSALUJ" duration="00:00:00.0000549" startTime="2019-07-19T16:06:37.6607656+05:30" endTime="2019-07-19T16:06:37.6607656+05:30" testType="13cdc9d9-ddb5-4fa4-a97d-d965ccfc6d4b" outcome="Passed" testListId="8c84fa94-04c1-424b-9868-57a2d4851a1d" relativeResultsDirectory="52287035-a2e5-48ca-bad7-d223137a80bc" />
    <UnitTestResult executionId="4dd74170-533f-43d8-83d1-b7e3c065eb71" testId="a68f0a27-cdc8-1810-ed81-abb6b4dc6add" testName="TestMethod932" computerName="SUSALUJ" duration="00:00:00.0000625" startTime="2019-07-19T16:06:37.6597655+05:30" endTime="2019-07-19T16:06:37.6597655+05:30" testType="13cdc9d9-ddb5-4fa4-a97d-d965ccfc6d4b" outcome="Passed" testListId="8c84fa94-04c1-424b-9868-57a2d4851a1d" relativeResultsDirectory="4dd74170-533f-43d8-83d1-b7e3c065eb71" />
    <UnitTestResult executionId="13d141e2-ff40-4ff4-9fa7-b1d303e326ef" testId="7d45ab22-8f9a-9fe2-5c1c-75f823bb7a99" testName="TestMethod122" computerName="SUSALUJ" duration="00:00:00.0000206" startTime="2019-07-19T16:06:37.8627650+05:30" endTime="2019-07-19T16:06:37.8627650+05:30" testType="13cdc9d9-ddb5-4fa4-a97d-d965ccfc6d4b" outcome="Passed" testListId="8c84fa94-04c1-424b-9868-57a2d4851a1d" relativeResultsDirectory="13d141e2-ff40-4ff4-9fa7-b1d303e326ef" />
    <UnitTestResult executionId="73f59131-d73b-44e4-b380-218034abdf16" testId="80748db1-67e4-d6d3-e73e-a765c8e724ef" testName="TestMethod477" computerName="SUSALUJ" duration="00:00:00.0000320" startTime="2019-07-19T16:06:37.7717697+05:30" endTime="2019-07-19T16:06:37.7717697+05:30" testType="13cdc9d9-ddb5-4fa4-a97d-d965ccfc6d4b" outcome="Passed" testListId="8c84fa94-04c1-424b-9868-57a2d4851a1d" relativeResultsDirectory="73f59131-d73b-44e4-b380-218034abdf16" />
    <UnitTestResult executionId="510e86ec-599a-4eca-8399-5e25637f6049" testId="c8e3cfe0-2528-345a-19f4-9ae3b6922439" testName="TestMethod532" computerName="SUSALUJ" duration="00:00:00.0000292" startTime="2019-07-19T16:06:37.7867668+05:30" endTime="2019-07-19T16:06:37.7877651+05:30" testType="13cdc9d9-ddb5-4fa4-a97d-d965ccfc6d4b" outcome="Passed" testListId="8c84fa94-04c1-424b-9868-57a2d4851a1d" relativeResultsDirectory="510e86ec-599a-4eca-8399-5e25637f6049" />
    <UnitTestResult executionId="b31cc97b-5564-496f-86b1-b4567b20b3a0" testId="231e6c40-d8a6-0032-8786-9574d90f41c4" testName="TestMethod255" computerName="SUSALUJ" duration="00:00:00.0000401" startTime="2019-07-19T16:06:37.8517655+05:30" endTime="2019-07-19T16:06:37.8527649+05:30" testType="13cdc9d9-ddb5-4fa4-a97d-d965ccfc6d4b" outcome="Passed" testListId="8c84fa94-04c1-424b-9868-57a2d4851a1d" relativeResultsDirectory="b31cc97b-5564-496f-86b1-b4567b20b3a0" />
    <UnitTestResult executionId="c096df52-abce-483a-a831-77f3081e82c6" testId="e60b2040-6cec-12c4-4608-32c88d59f85d" testName="TestMethod158" computerName="SUSALUJ" duration="00:00:00.0000294" startTime="2019-07-19T16:06:37.8737677+05:30" endTime="2019-07-19T16:06:37.8737677+05:30" testType="13cdc9d9-ddb5-4fa4-a97d-d965ccfc6d4b" outcome="Passed" testListId="8c84fa94-04c1-424b-9868-57a2d4851a1d" relativeResultsDirectory="c096df52-abce-483a-a831-77f3081e82c6" />
    <UnitTestResult executionId="a0f25116-d360-4bb9-9aa5-81cf77b51152" testId="965a298f-d562-f5e7-ee05-1de2f47536a6" testName="TestMethod936" computerName="SUSALUJ" duration="00:00:00.0004000" startTime="2019-07-19T16:06:37.6597655+05:30" endTime="2019-07-19T16:06:37.6607656+05:30" testType="13cdc9d9-ddb5-4fa4-a97d-d965ccfc6d4b" outcome="Passed" testListId="8c84fa94-04c1-424b-9868-57a2d4851a1d" relativeResultsDirectory="a0f25116-d360-4bb9-9aa5-81cf77b51152" />
    <UnitTestResult executionId="e3bc6d38-0816-4298-acfc-c40b5fdded70" testId="ab35b515-6b4f-5986-3be5-526af9e301a2" testName="TestMethod614" computerName="SUSALUJ" duration="00:00:00.0000317" startTime="2019-07-19T16:06:37.7637683+05:30" endTime="2019-07-19T16:06:37.7637683+05:30" testType="13cdc9d9-ddb5-4fa4-a97d-d965ccfc6d4b" outcome="Passed" testListId="8c84fa94-04c1-424b-9868-57a2d4851a1d" relativeResultsDirectory="e3bc6d38-0816-4298-acfc-c40b5fdded70" />
    <UnitTestResult executionId="4657eeaa-dee3-4841-abcf-f2200dea8eec" testId="a6e4ad87-2576-c8ef-87da-6cb2f57795fd" testName="TestMethod712" computerName="SUSALUJ" duration="00:00:00.0000324" startTime="2019-07-19T16:06:37.6967662+05:30" endTime="2019-07-19T16:06:37.6967662+05:30" testType="13cdc9d9-ddb5-4fa4-a97d-d965ccfc6d4b" outcome="Passed" testListId="8c84fa94-04c1-424b-9868-57a2d4851a1d" relativeResultsDirectory="4657eeaa-dee3-4841-abcf-f2200dea8eec" />
    <UnitTestResult executionId="483cd068-7626-4e86-a5af-a913c42aa4d8" testId="6fde9ee1-0c74-9cf2-8748-447ab622b77f" testName="TestMethod866" computerName="SUSALUJ" duration="00:00:00.0000243" startTime="2019-07-19T16:06:37.6917665+05:30" endTime="2019-07-19T16:06:37.6917665+05:30" testType="13cdc9d9-ddb5-4fa4-a97d-d965ccfc6d4b" outcome="Passed" testListId="8c84fa94-04c1-424b-9868-57a2d4851a1d" relativeResultsDirectory="483cd068-7626-4e86-a5af-a913c42aa4d8" />
    <UnitTestResult executionId="fa7054df-215d-4b77-8044-ebbf0f285e4a" testId="3ce26c14-dccf-218f-7d07-5063518d55e6" testName="TestMethod741" computerName="SUSALUJ" duration="00:00:00.0000535" startTime="2019-07-19T16:06:37.7037646+05:30" endTime="2019-07-19T16:06:37.7047657+05:30" testType="13cdc9d9-ddb5-4fa4-a97d-d965ccfc6d4b" outcome="Passed" testListId="8c84fa94-04c1-424b-9868-57a2d4851a1d" relativeResultsDirectory="fa7054df-215d-4b77-8044-ebbf0f285e4a" />
    <UnitTestResult executionId="29b7569e-38f7-47a5-aaca-deff42e18d29" testId="294ba9fd-ebf0-e07f-0c4f-ec64d3d76a08" testName="TestMethod73" computerName="SUSALUJ" duration="00:00:00.0000202" startTime="2019-07-19T16:06:38.0057659+05:30" endTime="2019-07-19T16:06:38.0057659+05:30" testType="13cdc9d9-ddb5-4fa4-a97d-d965ccfc6d4b" outcome="Passed" testListId="8c84fa94-04c1-424b-9868-57a2d4851a1d" relativeResultsDirectory="29b7569e-38f7-47a5-aaca-deff42e18d29" />
    <UnitTestResult executionId="6f9eb6fe-aa73-4adc-870c-04f462dc65ad" testId="6efe8c94-aeca-9a30-5500-ec59c816f237" testName="TestMethod367" computerName="SUSALUJ" duration="00:00:00.0000319" startTime="2019-07-19T16:06:37.7887660+05:30" endTime="2019-07-19T16:06:37.7887660+05:30" testType="13cdc9d9-ddb5-4fa4-a97d-d965ccfc6d4b" outcome="Passed" testListId="8c84fa94-04c1-424b-9868-57a2d4851a1d" relativeResultsDirectory="6f9eb6fe-aa73-4adc-870c-04f462dc65ad" />
    <UnitTestResult executionId="49eb8788-6cd5-403c-a07c-c4d1bc49a037" testId="a2d17b88-2ee0-0628-93a1-91e51b945455" testName="TestMethod224" computerName="SUSALUJ" duration="00:00:00.0000213" startTime="2019-07-19T16:06:37.8447660+05:30" endTime="2019-07-19T16:06:37.8457651+05:30" testType="13cdc9d9-ddb5-4fa4-a97d-d965ccfc6d4b" outcome="Passed" testListId="8c84fa94-04c1-424b-9868-57a2d4851a1d" relativeResultsDirectory="49eb8788-6cd5-403c-a07c-c4d1bc49a037" />
    <UnitTestResult executionId="a9e69d63-ec81-4762-9ee9-2e38027aeb0f" testId="c9fcc35c-7f7a-1ab8-ede2-ac762b40e339" testName="TestMethod516" computerName="SUSALUJ" duration="00:00:00.0000380" startTime="2019-07-19T16:06:37.7837671+05:30" endTime="2019-07-19T16:06:37.7837671+05:30" testType="13cdc9d9-ddb5-4fa4-a97d-d965ccfc6d4b" outcome="Passed" testListId="8c84fa94-04c1-424b-9868-57a2d4851a1d" relativeResultsDirectory="a9e69d63-ec81-4762-9ee9-2e38027aeb0f" />
    <UnitTestResult executionId="38b426d4-40c8-481f-8bb5-f44c29a47b7c" testId="67c70b3c-98a4-026b-27ef-4740e1d0d49c" testName="TestMethod482" computerName="SUSALUJ" duration="00:00:00.0000326" startTime="2019-07-19T16:06:37.7737685+05:30" endTime="2019-07-19T16:06:37.7737685+05:30" testType="13cdc9d9-ddb5-4fa4-a97d-d965ccfc6d4b" outcome="Passed" testListId="8c84fa94-04c1-424b-9868-57a2d4851a1d" relativeResultsDirectory="38b426d4-40c8-481f-8bb5-f44c29a47b7c" />
    <UnitTestResult executionId="af41af85-e148-49c9-8630-c7958f561c35" testId="5a90f0f2-c399-875e-ca3c-232b187e6a5e" testName="TestMethod730" computerName="SUSALUJ" duration="00:00:00.0000771" startTime="2019-07-19T16:06:37.7017649+05:30" endTime="2019-07-19T16:06:37.7017649+05:30" testType="13cdc9d9-ddb5-4fa4-a97d-d965ccfc6d4b" outcome="Passed" testListId="8c84fa94-04c1-424b-9868-57a2d4851a1d" relativeResultsDirectory="af41af85-e148-49c9-8630-c7958f561c35" />
    <UnitTestResult executionId="84d0c7c0-d211-43d6-a0b7-6d60603927ad" testId="d8dcf24b-2b20-7279-783d-81a710f1dcbb" testName="TestMethod972" computerName="SUSALUJ" duration="00:00:00.0000433" startTime="2019-07-19T16:06:37.6407685+05:30" endTime="2019-07-19T16:06:37.6417651+05:30" testType="13cdc9d9-ddb5-4fa4-a97d-d965ccfc6d4b" outcome="Passed" testListId="8c84fa94-04c1-424b-9868-57a2d4851a1d" relativeResultsDirectory="84d0c7c0-d211-43d6-a0b7-6d60603927ad" />
    <UnitTestResult executionId="01a713e5-543c-4f46-a39f-6134837304f3" testId="a1642685-eac0-7b53-ddc9-66f11b3b5cdc" testName="TestMethod53" computerName="SUSALUJ" duration="00:00:00.0000282" startTime="2019-07-19T16:06:38.0017652+05:30" endTime="2019-07-19T16:06:38.0017652+05:30" testType="13cdc9d9-ddb5-4fa4-a97d-d965ccfc6d4b" outcome="Passed" testListId="8c84fa94-04c1-424b-9868-57a2d4851a1d" relativeResultsDirectory="01a713e5-543c-4f46-a39f-6134837304f3" />
    <UnitTestResult executionId="e6587ee7-93c0-4a9e-836a-8a4439f1534f" testId="65a34207-9861-c25d-baf5-138e5797b103" testName="TestMethod297" computerName="SUSALUJ" duration="00:00:00.0000201" startTime="2019-07-19T16:06:37.8137658+05:30" endTime="2019-07-19T16:06:37.8137658+05:30" testType="13cdc9d9-ddb5-4fa4-a97d-d965ccfc6d4b" outcome="Passed" testListId="8c84fa94-04c1-424b-9868-57a2d4851a1d" relativeResultsDirectory="e6587ee7-93c0-4a9e-836a-8a4439f1534f" />
    <UnitTestResult executionId="c8a9bce3-7ea1-4a9e-9117-2b01430436fb" testId="e67df717-6113-d2de-c6fc-4b51384258c8" testName="TestMethod993" computerName="SUSALUJ" duration="00:00:00.0000329" startTime="2019-07-19T16:06:37.6457674+05:30" endTime="2019-07-19T16:06:37.6457674+05:30" testType="13cdc9d9-ddb5-4fa4-a97d-d965ccfc6d4b" outcome="Passed" testListId="8c84fa94-04c1-424b-9868-57a2d4851a1d" relativeResultsDirectory="c8a9bce3-7ea1-4a9e-9117-2b01430436fb" />
    <UnitTestResult executionId="9cb087d4-1258-4330-bb1f-85ee8e56e816" testId="3ceef7be-32d5-cf3e-30d3-6e004273e43d" testName="TestMethod514" computerName="SUSALUJ" duration="00:00:00.0000536" startTime="2019-07-19T16:06:37.7827680+05:30" endTime="2019-07-19T16:06:37.7827680+05:30" testType="13cdc9d9-ddb5-4fa4-a97d-d965ccfc6d4b" outcome="Passed" testListId="8c84fa94-04c1-424b-9868-57a2d4851a1d" relativeResultsDirectory="9cb087d4-1258-4330-bb1f-85ee8e56e816" />
    <UnitTestResult executionId="dbd3ce31-d72e-4bc9-a82d-96105516b4f9" testId="1b2e8616-7f51-c63e-cff4-936a22dfdc28" testName="TestMethod809" computerName="SUSALUJ" duration="00:00:00.0000276" startTime="2019-07-19T16:06:37.6687665+05:30" endTime="2019-07-19T16:06:37.6687665+05:30" testType="13cdc9d9-ddb5-4fa4-a97d-d965ccfc6d4b" outcome="Passed" testListId="8c84fa94-04c1-424b-9868-57a2d4851a1d" relativeResultsDirectory="dbd3ce31-d72e-4bc9-a82d-96105516b4f9" />
    <UnitTestResult executionId="a75dc929-b21b-4d0a-9230-229ac9c0f372" testId="5faa1bfa-ed88-547a-8a4a-3ace55a6c4b6" testName="TestMethod751" computerName="SUSALUJ" duration="00:00:00.0000194" startTime="2019-07-19T16:06:37.7067647+05:30" endTime="2019-07-19T16:06:37.7067647+05:30" testType="13cdc9d9-ddb5-4fa4-a97d-d965ccfc6d4b" outcome="Passed" testListId="8c84fa94-04c1-424b-9868-57a2d4851a1d" relativeResultsDirectory="a75dc929-b21b-4d0a-9230-229ac9c0f372" />
    <UnitTestResult executionId="098bfaf8-ff55-44b4-b87b-630378beb507" testId="78a8cc29-26f6-c993-28b7-e5903c768ba1" testName="TestMethod362" computerName="SUSALUJ" duration="00:00:00.0000310" startTime="2019-07-19T16:06:37.8377661+05:30" endTime="2019-07-19T16:06:37.8377661+05:30" testType="13cdc9d9-ddb5-4fa4-a97d-d965ccfc6d4b" outcome="Passed" testListId="8c84fa94-04c1-424b-9868-57a2d4851a1d" relativeResultsDirectory="098bfaf8-ff55-44b4-b87b-630378beb507" />
    <UnitTestResult executionId="8c92f7d9-cdab-4b37-bcda-55843fc038bb" testId="2144b94f-1882-297c-7cb6-058dca001fe7" testName="TestMethod588" computerName="SUSALUJ" duration="00:00:00.0000207" startTime="2019-07-19T16:06:37.7577661+05:30" endTime="2019-07-19T16:06:37.7577661+05:30" testType="13cdc9d9-ddb5-4fa4-a97d-d965ccfc6d4b" outcome="Passed" testListId="8c84fa94-04c1-424b-9868-57a2d4851a1d" relativeResultsDirectory="8c92f7d9-cdab-4b37-bcda-55843fc038bb" />
    <UnitTestResult executionId="4dcdf085-5274-4710-8be3-c17380eb1908" testId="57c932be-d3b9-44d8-d536-6e31ea38d779" testName="TestMethod534" computerName="SUSALUJ" duration="00:00:00.0000244" startTime="2019-07-19T16:06:37.7367682+05:30" endTime="2019-07-19T16:06:37.7367682+05:30" testType="13cdc9d9-ddb5-4fa4-a97d-d965ccfc6d4b" outcome="Passed" testListId="8c84fa94-04c1-424b-9868-57a2d4851a1d" relativeResultsDirectory="4dcdf085-5274-4710-8be3-c17380eb1908" />
    <UnitTestResult executionId="51d3bf4a-3b3e-483f-90a7-2680c05c811a" testId="e9ba6ba3-1864-d31d-1f8b-42363b1799b7" testName="TestMethod631" computerName="SUSALUJ" duration="00:00:00.0000316" startTime="2019-07-19T16:06:37.7177651+05:30" endTime="2019-07-19T16:06:37.7177651+05:30" testType="13cdc9d9-ddb5-4fa4-a97d-d965ccfc6d4b" outcome="Passed" testListId="8c84fa94-04c1-424b-9868-57a2d4851a1d" relativeResultsDirectory="51d3bf4a-3b3e-483f-90a7-2680c05c811a" />
    <UnitTestResult executionId="e9c23274-b5c1-4d3e-953c-c8f48b823170" testId="ccf30ecf-f5ae-1cef-1296-79e6c99f1c0e" testName="TestMethod357" computerName="SUSALUJ" duration="00:00:00.0000337" startTime="2019-07-19T16:06:37.8367667+05:30" endTime="2019-07-19T16:06:37.8367667+05:30" testType="13cdc9d9-ddb5-4fa4-a97d-d965ccfc6d4b" outcome="Passed" testListId="8c84fa94-04c1-424b-9868-57a2d4851a1d" relativeResultsDirectory="e9c23274-b5c1-4d3e-953c-c8f48b823170" />
    <UnitTestResult executionId="4a2aca1f-6dfd-4bee-84b8-636669744672" testId="eab71995-96d9-0724-0d50-35ba2c7b42f2" testName="TestMethod335" computerName="SUSALUJ" duration="00:00:00.0000315" startTime="2019-07-19T16:06:37.8307675+05:30" endTime="2019-07-19T16:06:37.8307675+05:30" testType="13cdc9d9-ddb5-4fa4-a97d-d965ccfc6d4b" outcome="Passed" testListId="8c84fa94-04c1-424b-9868-57a2d4851a1d" relativeResultsDirectory="4a2aca1f-6dfd-4bee-84b8-636669744672" />
    <UnitTestResult executionId="b64aeb6d-aeb2-495c-82a6-48c0d5e98b0d" testId="a259927e-dc45-deab-9897-7bed773cf3df" testName="TestMethod281" computerName="SUSALUJ" duration="00:00:00.0000211" startTime="2019-07-19T16:06:37.8097683+05:30" endTime="2019-07-19T16:06:37.8097683+05:30" testType="13cdc9d9-ddb5-4fa4-a97d-d965ccfc6d4b" outcome="Passed" testListId="8c84fa94-04c1-424b-9868-57a2d4851a1d" relativeResultsDirectory="b64aeb6d-aeb2-495c-82a6-48c0d5e98b0d" />
    <UnitTestResult executionId="66dfbfe9-4968-4807-be13-5c16b89397fa" testId="f301a23f-015a-f0ec-b26c-2f88b9fde999" testName="TestMethod633" computerName="SUSALUJ" duration="00:00:00.0000507" startTime="2019-07-19T16:06:37.7177651+05:30" endTime="2019-07-19T16:06:37.7187656+05:30" testType="13cdc9d9-ddb5-4fa4-a97d-d965ccfc6d4b" outcome="Passed" testListId="8c84fa94-04c1-424b-9868-57a2d4851a1d" relativeResultsDirectory="66dfbfe9-4968-4807-be13-5c16b89397fa" />
    <UnitTestResult executionId="c31967db-361c-4fe0-8f70-9d77dc7a95be" testId="2f782a60-41d8-3f0c-3c0c-6b08996aadd4" testName="TestMethod791" computerName="SUSALUJ" duration="00:00:00.0000346" startTime="2019-07-19T16:06:37.6647633+05:30" endTime="2019-07-19T16:06:37.6647633+05:30" testType="13cdc9d9-ddb5-4fa4-a97d-d965ccfc6d4b" outcome="Passed" testListId="8c84fa94-04c1-424b-9868-57a2d4851a1d" relativeResultsDirectory="c31967db-361c-4fe0-8f70-9d77dc7a95be" />
    <UnitTestResult executionId="320c6118-9540-4031-9454-3c4aa9b17348" testId="0fdf1917-368f-2ffc-0263-de0cffd5016e" testName="TestMethod219" computerName="SUSALUJ" duration="00:00:00.0000309" startTime="2019-07-19T16:06:37.8437660+05:30" endTime="2019-07-19T16:06:37.8437660+05:30" testType="13cdc9d9-ddb5-4fa4-a97d-d965ccfc6d4b" outcome="Passed" testListId="8c84fa94-04c1-424b-9868-57a2d4851a1d" relativeResultsDirectory="320c6118-9540-4031-9454-3c4aa9b17348" />
    <UnitTestResult executionId="7e162397-4335-4d5e-b02e-a56d670d07cc" testId="989f4d67-5e7e-cf6e-2fd7-32062a16db75" testName="TestMethod893" computerName="SUSALUJ" duration="00:00:00.0000379" startTime="2019-07-19T16:06:37.6507645+05:30" endTime="2019-07-19T16:06:37.6507645+05:30" testType="13cdc9d9-ddb5-4fa4-a97d-d965ccfc6d4b" outcome="Passed" testListId="8c84fa94-04c1-424b-9868-57a2d4851a1d" relativeResultsDirectory="7e162397-4335-4d5e-b02e-a56d670d07cc" />
    <UnitTestResult executionId="a03b7375-db29-497f-bff2-84b9e43f8090" testId="083a62a8-ded7-fdce-514a-e35ef5ee70ad" testName="TestMethod739" computerName="SUSALUJ" duration="00:00:00.0000310" startTime="2019-07-19T16:06:37.7037646+05:30" endTime="2019-07-19T16:06:37.7037646+05:30" testType="13cdc9d9-ddb5-4fa4-a97d-d965ccfc6d4b" outcome="Passed" testListId="8c84fa94-04c1-424b-9868-57a2d4851a1d" relativeResultsDirectory="a03b7375-db29-497f-bff2-84b9e43f8090" />
    <UnitTestResult executionId="e9ba8aa2-5a8a-4166-a3b8-be78d3cb0f3f" testId="ecc438ed-cacc-283d-981c-7cb474e7f8e3" testName="TestMethod537" computerName="SUSALUJ" duration="00:00:00.0000204" startTime="2019-07-19T16:06:37.7377654+05:30" endTime="2019-07-19T16:06:37.7377654+05:30" testType="13cdc9d9-ddb5-4fa4-a97d-d965ccfc6d4b" outcome="Passed" testListId="8c84fa94-04c1-424b-9868-57a2d4851a1d" relativeResultsDirectory="e9ba8aa2-5a8a-4166-a3b8-be78d3cb0f3f" />
    <UnitTestResult executionId="bb32c36e-0de9-46f1-9814-94a367346866" testId="276bb85b-f75d-0230-e032-68ecfef53348" testName="TestMethod596" computerName="SUSALUJ" duration="00:00:00.0000350" startTime="2019-07-19T16:06:37.7587651+05:30" endTime="2019-07-19T16:06:37.7587651+05:30" testType="13cdc9d9-ddb5-4fa4-a97d-d965ccfc6d4b" outcome="Passed" testListId="8c84fa94-04c1-424b-9868-57a2d4851a1d" relativeResultsDirectory="bb32c36e-0de9-46f1-9814-94a367346866" />
    <UnitTestResult executionId="01d4d1d4-fdbc-4df5-a407-ca79deea49cb" testId="ae718779-653e-6c75-7dc0-1104d37b58a2" testName="TestMethod21" computerName="SUSALUJ" duration="00:00:00.0008941" startTime="2019-07-19T16:06:37.9957659+05:30" endTime="2019-07-19T16:06:37.9967663+05:30" testType="13cdc9d9-ddb5-4fa4-a97d-d965ccfc6d4b" outcome="Failed" testListId="8c84fa94-04c1-424b-9868-57a2d4851a1d" relativeResultsDirectory="01d4d1d4-fdbc-4df5-a407-ca79deea49cb">
      <Output>
        <ErrorInfo>
          <Message>Assert.AreEqual failed. Expected:&lt;2&gt;. Actual:&lt;4&gt;. </Message>
          <StackTrace>   at TestProjectWON.UnitTest1.TestMethod21() in C:\agent\_work\8\s\TestProjectWON\UnitTest1.cs:line 118&#xD;
</StackTrace>
        </ErrorInfo>
      </Output>
    </UnitTestResult>
    <UnitTestResult executionId="3a3d399a-0b07-42f3-9bbb-12331352ec81" testId="02162ec9-aaa4-c793-b608-760b19affd81" testName="TestMethod974" computerName="SUSALUJ" duration="00:00:00.0000426" startTime="2019-07-19T16:06:37.6417651+05:30" endTime="2019-07-19T16:06:37.6417651+05:30" testType="13cdc9d9-ddb5-4fa4-a97d-d965ccfc6d4b" outcome="Passed" testListId="8c84fa94-04c1-424b-9868-57a2d4851a1d" relativeResultsDirectory="3a3d399a-0b07-42f3-9bbb-12331352ec81" />
    <UnitTestResult executionId="a099ef0f-7de2-4f60-9a01-f3d3233b6d6b" testId="f027542b-7237-5cf5-165d-6233bb3872c5" testName="TestMethod313" computerName="SUSALUJ" duration="00:00:00.0000611" startTime="2019-07-19T16:06:37.8187665+05:30" endTime="2019-07-19T16:06:37.8207667+05:30" testType="13cdc9d9-ddb5-4fa4-a97d-d965ccfc6d4b" outcome="Passed" testListId="8c84fa94-04c1-424b-9868-57a2d4851a1d" relativeResultsDirectory="a099ef0f-7de2-4f60-9a01-f3d3233b6d6b" />
    <UnitTestResult executionId="96593bc5-617d-4d9a-a8ab-65e97f102505" testId="c4d15c34-e3ca-7ce4-539b-70fa98691175" testName="TestMethod850" computerName="SUSALUJ" duration="00:00:00.0000200" startTime="2019-07-19T16:06:37.6867657+05:30" endTime="2019-07-19T16:06:37.6867657+05:30" testType="13cdc9d9-ddb5-4fa4-a97d-d965ccfc6d4b" outcome="Passed" testListId="8c84fa94-04c1-424b-9868-57a2d4851a1d" relativeResultsDirectory="96593bc5-617d-4d9a-a8ab-65e97f102505" />
    <UnitTestResult executionId="aee11749-84a0-4702-aed6-c94a0a48f2fa" testId="68ef7666-6082-b0c0-c4a5-34ac3dd8a4bf" testName="TestMethod595" computerName="SUSALUJ" duration="00:00:00.0000465" startTime="2019-07-19T16:06:37.7587651+05:30" endTime="2019-07-19T16:06:37.7587651+05:30" testType="13cdc9d9-ddb5-4fa4-a97d-d965ccfc6d4b" outcome="Passed" testListId="8c84fa94-04c1-424b-9868-57a2d4851a1d" relativeResultsDirectory="aee11749-84a0-4702-aed6-c94a0a48f2fa" />
    <UnitTestResult executionId="3e8b237b-66e0-42e5-b6c3-6f92b898b47e" testId="95a1d4ed-5bdf-ecc4-9f0a-fdcf99c3c410" testName="TestMethod495" computerName="SUSALUJ" duration="00:00:00.0000366" startTime="2019-07-19T16:06:37.7777677+05:30" endTime="2019-07-19T16:06:37.7777677+05:30" testType="13cdc9d9-ddb5-4fa4-a97d-d965ccfc6d4b" outcome="Passed" testListId="8c84fa94-04c1-424b-9868-57a2d4851a1d" relativeResultsDirectory="3e8b237b-66e0-42e5-b6c3-6f92b898b47e" />
    <UnitTestResult executionId="a28ec430-eb9a-429f-bf0d-834000e44322" testId="5c86b07c-5c69-f3c3-d37f-1e9264d351c0" testName="TestMethod669" computerName="SUSALUJ" duration="00:00:00.0000316" startTime="2019-07-19T16:06:37.7277655+05:30" endTime="2019-07-19T16:06:37.7277655+05:30" testType="13cdc9d9-ddb5-4fa4-a97d-d965ccfc6d4b" outcome="Passed" testListId="8c84fa94-04c1-424b-9868-57a2d4851a1d" relativeResultsDirectory="a28ec430-eb9a-429f-bf0d-834000e44322" />
    <UnitTestResult executionId="fd628273-b0d6-4f8e-a0d6-8bf9c869b7e8" testId="9a2dc206-4145-6590-165d-041e2f16bacd" testName="TestMethod665" computerName="SUSALUJ" duration="00:00:00.0000325" startTime="2019-07-19T16:06:37.7267651+05:30" endTime="2019-07-19T16:06:37.7267651+05:30" testType="13cdc9d9-ddb5-4fa4-a97d-d965ccfc6d4b" outcome="Passed" testListId="8c84fa94-04c1-424b-9868-57a2d4851a1d" relativeResultsDirectory="fd628273-b0d6-4f8e-a0d6-8bf9c869b7e8" />
    <UnitTestResult executionId="c94155ac-9e39-44a9-8b1c-bc6a2d1df30c" testId="dacd22a8-8c1a-33ba-6487-d19a60b1c898" testName="TestMethod755" computerName="SUSALUJ" duration="00:00:00.0000263" startTime="2019-07-19T16:06:37.7067647+05:30" endTime="2019-07-19T16:06:37.7067647+05:30" testType="13cdc9d9-ddb5-4fa4-a97d-d965ccfc6d4b" outcome="Passed" testListId="8c84fa94-04c1-424b-9868-57a2d4851a1d" relativeResultsDirectory="c94155ac-9e39-44a9-8b1c-bc6a2d1df30c" />
    <UnitTestResult executionId="62f57c71-ab71-41b2-a923-7817993000ae" testId="dde0bf41-16b3-f578-8d34-e6dc09cb1db1" testName="TestMethod889" computerName="SUSALUJ" duration="00:00:00.0003759" startTime="2019-07-19T16:06:37.6497652+05:30" endTime="2019-07-19T16:06:37.6507645+05:30" testType="13cdc9d9-ddb5-4fa4-a97d-d965ccfc6d4b" outcome="Passed" testListId="8c84fa94-04c1-424b-9868-57a2d4851a1d" relativeResultsDirectory="62f57c71-ab71-41b2-a923-7817993000ae" />
    <UnitTestResult executionId="e8096809-c322-4ba8-8028-d6dbcbac07d2" testId="3fe93b42-aaf2-57f6-1892-3c4a08441dc1" testName="TestMethod723" computerName="SUSALUJ" duration="00:00:00.0000333" startTime="2019-07-19T16:06:37.6997667+05:30" endTime="2019-07-19T16:06:37.6997667+05:30" testType="13cdc9d9-ddb5-4fa4-a97d-d965ccfc6d4b" outcome="Passed" testListId="8c84fa94-04c1-424b-9868-57a2d4851a1d" relativeResultsDirectory="e8096809-c322-4ba8-8028-d6dbcbac07d2" />
    <UnitTestResult executionId="b3c67e10-c01b-4ac7-bf8e-9076131fcfa5" testId="4768d4a2-adad-2313-82a7-b2c73e3733cb" testName="TestMethod399" computerName="SUSALUJ" duration="00:00:00.0000257" startTime="2019-07-19T16:06:37.7967650+05:30" endTime="2019-07-19T16:06:37.7967650+05:30" testType="13cdc9d9-ddb5-4fa4-a97d-d965ccfc6d4b" outcome="Passed" testListId="8c84fa94-04c1-424b-9868-57a2d4851a1d" relativeResultsDirectory="b3c67e10-c01b-4ac7-bf8e-9076131fcfa5" />
    <UnitTestResult executionId="c3350ee6-9d49-4d7f-a54e-faebbe88535b" testId="2ecfc8f7-1da9-03cf-aea8-8b08aefcadf3" testName="TestMethod717" computerName="SUSALUJ" duration="00:00:00.0000305" startTime="2019-07-19T16:06:37.6977660+05:30" endTime="2019-07-19T16:06:37.6977660+05:30" testType="13cdc9d9-ddb5-4fa4-a97d-d965ccfc6d4b" outcome="Passed" testListId="8c84fa94-04c1-424b-9868-57a2d4851a1d" relativeResultsDirectory="c3350ee6-9d49-4d7f-a54e-faebbe88535b" />
    <UnitTestResult executionId="d835adfc-91d4-414c-87d4-b457898d4e4b" testId="0c505b8c-5006-fc8b-5c09-18eca5f0d402" testName="TestMethod5" computerName="SUSALUJ" duration="00:00:00.0008639" startTime="2019-07-19T16:06:37.9787664+05:30" endTime="2019-07-19T16:06:37.9797678+05:30" testType="13cdc9d9-ddb5-4fa4-a97d-d965ccfc6d4b" outcome="Failed" testListId="8c84fa94-04c1-424b-9868-57a2d4851a1d" relativeResultsDirectory="d835adfc-91d4-414c-87d4-b457898d4e4b">
      <Output>
        <ErrorInfo>
          <Message>Assert.AreEqual failed. Expected:&lt;2&gt;. Actual:&lt;4&gt;. </Message>
          <StackTrace>   at TestProjectWON.UnitTest1.TestMethod5() in C:\agent\_work\8\s\TestProjectWON\UnitTest1.cs:line 38&#xD;
</StackTrace>
        </ErrorInfo>
      </Output>
    </UnitTestResult>
    <UnitTestResult executionId="35fd8497-7144-4621-a45a-aceb2f41714c" testId="5a06eda4-599b-e0f3-5795-af2b45f366b7" testName="TestMethod225" computerName="SUSALUJ" duration="00:00:00.0000200" startTime="2019-07-19T16:06:37.8457651+05:30" endTime="2019-07-19T16:06:37.8457651+05:30" testType="13cdc9d9-ddb5-4fa4-a97d-d965ccfc6d4b" outcome="Passed" testListId="8c84fa94-04c1-424b-9868-57a2d4851a1d" relativeResultsDirectory="35fd8497-7144-4621-a45a-aceb2f41714c" />
    <UnitTestResult executionId="79a9f0f7-0199-4ef8-8ad6-e0ebf2322626" testId="bdcc04af-bd99-f743-70e8-4fe21f8fa829" testName="TestMethod14" computerName="SUSALUJ" duration="00:00:00.0006482" startTime="2019-07-19T16:06:37.9887661+05:30" endTime="2019-07-19T16:06:37.9887661+05:30" testType="13cdc9d9-ddb5-4fa4-a97d-d965ccfc6d4b" outcome="Failed" testListId="8c84fa94-04c1-424b-9868-57a2d4851a1d" relativeResultsDirectory="79a9f0f7-0199-4ef8-8ad6-e0ebf2322626">
      <Output>
        <ErrorInfo>
          <Message>Assert.AreEqual failed. Expected:&lt;2&gt;. Actual:&lt;4&gt;. </Message>
          <StackTrace>   at TestProjectWON.UnitTest1.TestMethod14() in C:\agent\_work\8\s\TestProjectWON\UnitTest1.cs:line 83&#xD;
</StackTrace>
        </ErrorInfo>
      </Output>
    </UnitTestResult>
    <UnitTestResult executionId="dfa5825a-ea0a-43b4-9e9e-fac1e34e7bc6" testId="6bb02424-1709-b077-6723-ac6e88c80cd5" testName="TestMethod919" computerName="SUSALUJ" duration="00:00:00.0000342" startTime="2019-07-19T16:06:37.6557644+05:30" endTime="2019-07-19T16:06:37.6557644+05:30" testType="13cdc9d9-ddb5-4fa4-a97d-d965ccfc6d4b" outcome="Passed" testListId="8c84fa94-04c1-424b-9868-57a2d4851a1d" relativeResultsDirectory="dfa5825a-ea0a-43b4-9e9e-fac1e34e7bc6" />
    <UnitTestResult executionId="73a57049-70e3-420c-9e2c-e8126aa1bac7" testId="a6bcb73f-80a6-d871-8660-62ffee7a7f84" testName="TestMethod885" computerName="SUSALUJ" duration="00:00:00.0000464" startTime="2019-07-19T16:06:37.6497652+05:30" endTime="2019-07-19T16:06:37.6497652+05:30" testType="13cdc9d9-ddb5-4fa4-a97d-d965ccfc6d4b" outcome="Passed" testListId="8c84fa94-04c1-424b-9868-57a2d4851a1d" relativeResultsDirectory="73a57049-70e3-420c-9e2c-e8126aa1bac7" />
    <UnitTestResult executionId="38572612-98f9-43de-8b02-61fdb2bb9559" testId="a013e890-d611-1854-7b6c-ec3e16af280d" testName="TestMethod553" computerName="SUSALUJ" duration="00:00:00.0000335" startTime="2019-07-19T16:06:37.7407652+05:30" endTime="2019-07-19T16:06:37.7417673+05:30" testType="13cdc9d9-ddb5-4fa4-a97d-d965ccfc6d4b" outcome="Passed" testListId="8c84fa94-04c1-424b-9868-57a2d4851a1d" relativeResultsDirectory="38572612-98f9-43de-8b02-61fdb2bb9559" />
    <UnitTestResult executionId="193cb236-53b9-4fab-91c5-1925fad4266e" testId="f73cb0ca-dab9-44e0-1abf-071039b3992a" testName="TestMethod984" computerName="SUSALUJ" duration="00:00:00.0000299" startTime="2019-07-19T16:06:37.6437663+05:30" endTime="2019-07-19T16:06:37.6437663+05:30" testType="13cdc9d9-ddb5-4fa4-a97d-d965ccfc6d4b" outcome="Passed" testListId="8c84fa94-04c1-424b-9868-57a2d4851a1d" relativeResultsDirectory="193cb236-53b9-4fab-91c5-1925fad4266e" />
    <UnitTestResult executionId="ffbe5e6a-eb99-456a-b1c7-126e02c0e97e" testId="9409b05b-2514-07c8-2b83-2171d216f20b" testName="TestMethod55" computerName="SUSALUJ" duration="00:00:00.0000220" startTime="2019-07-19T16:06:38.0017652+05:30" endTime="2019-07-19T16:06:38.0017652+05:30" testType="13cdc9d9-ddb5-4fa4-a97d-d965ccfc6d4b" outcome="Passed" testListId="8c84fa94-04c1-424b-9868-57a2d4851a1d" relativeResultsDirectory="ffbe5e6a-eb99-456a-b1c7-126e02c0e97e" />
    <UnitTestResult executionId="242d2288-f7be-4ade-84f4-288f553ad09e" testId="b5651762-2a77-92f1-2245-3acae0a3a044" testName="TestMethod426" computerName="SUSALUJ" duration="00:00:00.0000592" startTime="2019-07-19T16:06:37.8037660+05:30" endTime="2019-07-19T16:06:37.8047702+05:30" testType="13cdc9d9-ddb5-4fa4-a97d-d965ccfc6d4b" outcome="Passed" testListId="8c84fa94-04c1-424b-9868-57a2d4851a1d" relativeResultsDirectory="242d2288-f7be-4ade-84f4-288f553ad09e" />
    <UnitTestResult executionId="64015f8a-d256-436c-9762-a7d243f8261d" testId="7de72423-66c4-6beb-01d4-46651e05c4a8" testName="TestMethod451" computerName="SUSALUJ" duration="00:00:00.0000310" startTime="2019-07-19T16:06:37.7657655+05:30" endTime="2019-07-19T16:06:37.7657655+05:30" testType="13cdc9d9-ddb5-4fa4-a97d-d965ccfc6d4b" outcome="Passed" testListId="8c84fa94-04c1-424b-9868-57a2d4851a1d" relativeResultsDirectory="64015f8a-d256-436c-9762-a7d243f8261d" />
    <UnitTestResult executionId="c9229f43-f26d-4b2f-bed7-7e0913015f2f" testId="c32958c4-2ff3-227c-18a5-c048e326503b" testName="TestMethod711" computerName="SUSALUJ" duration="00:00:00.0000419" startTime="2019-07-19T16:06:37.6957640+05:30" endTime="2019-07-19T16:06:37.6967662+05:30" testType="13cdc9d9-ddb5-4fa4-a97d-d965ccfc6d4b" outcome="Passed" testListId="8c84fa94-04c1-424b-9868-57a2d4851a1d" relativeResultsDirectory="c9229f43-f26d-4b2f-bed7-7e0913015f2f" />
    <UnitTestResult executionId="1ea13212-d626-44d9-8374-cd99b5ba545f" testId="bb86d2cd-8588-bac1-51d5-80fcce3fb41a" testName="TestMethod858" computerName="SUSALUJ" duration="00:00:00.0000333" startTime="2019-07-19T16:06:37.6887678+05:30" endTime="2019-07-19T16:06:37.6897656+05:30" testType="13cdc9d9-ddb5-4fa4-a97d-d965ccfc6d4b" outcome="Passed" testListId="8c84fa94-04c1-424b-9868-57a2d4851a1d" relativeResultsDirectory="1ea13212-d626-44d9-8374-cd99b5ba545f" />
    <UnitTestResult executionId="365d95af-657c-4864-a6a9-728d67999758" testId="12ee6ab1-47bd-c6cf-ae6d-005d95b3940a" testName="TestMethod443" computerName="SUSALUJ" duration="00:00:00.0000202" startTime="2019-07-19T16:06:37.8077669+05:30" endTime="2019-07-19T16:06:37.8077669+05:30" testType="13cdc9d9-ddb5-4fa4-a97d-d965ccfc6d4b" outcome="Passed" testListId="8c84fa94-04c1-424b-9868-57a2d4851a1d" relativeResultsDirectory="365d95af-657c-4864-a6a9-728d67999758" />
    <UnitTestResult executionId="aa662504-4215-4583-94ef-98627095cb5e" testId="22a69a6d-9667-50e5-bfaf-3f826e30327e" testName="TestMethod540" computerName="SUSALUJ" duration="00:00:00.0000322" startTime="2019-07-19T16:06:37.7387668+05:30" endTime="2019-07-19T16:06:37.7387668+05:30" testType="13cdc9d9-ddb5-4fa4-a97d-d965ccfc6d4b" outcome="Passed" testListId="8c84fa94-04c1-424b-9868-57a2d4851a1d" relativeResultsDirectory="aa662504-4215-4583-94ef-98627095cb5e" />
    <UnitTestResult executionId="86495352-d6c4-41f1-9f11-dfe70f5626a4" testId="add72046-ccff-bd30-3e2d-67324405212d" testName="TestMethod87" computerName="SUSALUJ" duration="00:00:00.0000209" startTime="2019-07-19T16:06:38.0087660+05:30" endTime="2019-07-19T16:06:38.0087660+05:30" testType="13cdc9d9-ddb5-4fa4-a97d-d965ccfc6d4b" outcome="Passed" testListId="8c84fa94-04c1-424b-9868-57a2d4851a1d" relativeResultsDirectory="86495352-d6c4-41f1-9f11-dfe70f5626a4" />
    <UnitTestResult executionId="f2eb047a-8c1f-4829-8ec0-464fc80f653e" testId="32737ccc-f4e4-41f8-f0ad-055b27a15738" testName="TestMethod195" computerName="SUSALUJ" duration="00:00:00.0000304" startTime="2019-07-19T16:06:37.8387653+05:30" endTime="2019-07-19T16:06:37.8387653+05:30" testType="13cdc9d9-ddb5-4fa4-a97d-d965ccfc6d4b" outcome="Passed" testListId="8c84fa94-04c1-424b-9868-57a2d4851a1d" relativeResultsDirectory="f2eb047a-8c1f-4829-8ec0-464fc80f653e" />
    <UnitTestResult executionId="f3337b15-1446-4059-acda-2c56a20daf38" testId="c4a3af1c-22eb-ea6c-f993-4245be4aca99" testName="TestMethod270" computerName="SUSALUJ" duration="00:00:00.0000301" startTime="2019-07-19T16:06:37.8567660+05:30" endTime="2019-07-19T16:06:37.8567660+05:30" testType="13cdc9d9-ddb5-4fa4-a97d-d965ccfc6d4b" outcome="Passed" testListId="8c84fa94-04c1-424b-9868-57a2d4851a1d" relativeResultsDirectory="f3337b15-1446-4059-acda-2c56a20daf38" />
    <UnitTestResult executionId="1bccfb3c-f711-42ba-9ad2-6a0883343ff6" testId="1e91379e-a612-ecda-00ad-3a929d9956cc" testName="TestMethod536" computerName="SUSALUJ" duration="00:00:00.0000242" startTime="2019-07-19T16:06:37.7377654+05:30" endTime="2019-07-19T16:06:37.7377654+05:30" testType="13cdc9d9-ddb5-4fa4-a97d-d965ccfc6d4b" outcome="Passed" testListId="8c84fa94-04c1-424b-9868-57a2d4851a1d" relativeResultsDirectory="1bccfb3c-f711-42ba-9ad2-6a0883343ff6" />
    <UnitTestResult executionId="b0f0f488-6360-4f5a-9738-e298888fab34" testId="4ebd587b-6f47-7643-6f95-0ba5dfee9340" testName="TestMethod575" computerName="SUSALUJ" duration="00:00:00.0000300" startTime="2019-07-19T16:06:37.7547678+05:30" endTime="2019-07-19T16:06:37.7557674+05:30" testType="13cdc9d9-ddb5-4fa4-a97d-d965ccfc6d4b" outcome="Passed" testListId="8c84fa94-04c1-424b-9868-57a2d4851a1d" relativeResultsDirectory="b0f0f488-6360-4f5a-9738-e298888fab34" />
    <UnitTestResult executionId="71fc021c-d327-4b14-91c7-e048d4be9db8" testId="d831c378-ca09-e46d-7e6f-c07230cf9cb7" testName="TestMethod660" computerName="SUSALUJ" duration="00:00:00.0000315" startTime="2019-07-19T16:06:37.7257687+05:30" endTime="2019-07-19T16:06:37.7257687+05:30" testType="13cdc9d9-ddb5-4fa4-a97d-d965ccfc6d4b" outcome="Passed" testListId="8c84fa94-04c1-424b-9868-57a2d4851a1d" relativeResultsDirectory="71fc021c-d327-4b14-91c7-e048d4be9db8" />
    <UnitTestResult executionId="51bd24f3-b2f9-4226-b0b0-fcca57c1dd4b" testId="1ab15874-8cee-3a39-5577-f36cafb14094" testName="TestMethod99" computerName="SUSALUJ" duration="00:00:00.0003551" startTime="2019-07-19T16:06:38.0117641+05:30" endTime="2019-07-19T16:06:38.0127653+05:30" testType="13cdc9d9-ddb5-4fa4-a97d-d965ccfc6d4b" outcome="Passed" testListId="8c84fa94-04c1-424b-9868-57a2d4851a1d" relativeResultsDirectory="51bd24f3-b2f9-4226-b0b0-fcca57c1dd4b" />
    <UnitTestResult executionId="814787cf-3979-451f-8204-84841c45a7d5" testId="de60a753-470d-c825-ac66-453d4a99daa5" testName="TestMethod98" computerName="SUSALUJ" duration="00:00:00.0000297" startTime="2019-07-19T16:06:38.0117641+05:30" endTime="2019-07-19T16:06:38.0117641+05:30" testType="13cdc9d9-ddb5-4fa4-a97d-d965ccfc6d4b" outcome="Passed" testListId="8c84fa94-04c1-424b-9868-57a2d4851a1d" relativeResultsDirectory="814787cf-3979-451f-8204-84841c45a7d5" />
    <UnitTestResult executionId="1bb15ad9-e166-4a3b-afa9-81fe35837dd8" testId="8aa507ca-7515-86e1-d354-cbe491f642e8" testName="TestMethod625" computerName="SUSALUJ" duration="00:00:00.0000208" startTime="2019-07-19T16:06:37.7157651+05:30" endTime="2019-07-19T16:06:37.7157651+05:30" testType="13cdc9d9-ddb5-4fa4-a97d-d965ccfc6d4b" outcome="Passed" testListId="8c84fa94-04c1-424b-9868-57a2d4851a1d" relativeResultsDirectory="1bb15ad9-e166-4a3b-afa9-81fe35837dd8" />
    <UnitTestResult executionId="696ec6a6-6795-4fc5-a56c-5e357bc9bc11" testId="61d86235-6602-a862-dabb-f652afca4d75" testName="TestMethod282" computerName="SUSALUJ" duration="00:00:00.0000215" startTime="2019-07-19T16:06:37.8097683+05:30" endTime="2019-07-19T16:06:37.8097683+05:30" testType="13cdc9d9-ddb5-4fa4-a97d-d965ccfc6d4b" outcome="Passed" testListId="8c84fa94-04c1-424b-9868-57a2d4851a1d" relativeResultsDirectory="696ec6a6-6795-4fc5-a56c-5e357bc9bc11" />
    <UnitTestResult executionId="03d93d5a-96c8-428f-830b-00bef9424151" testId="7be92319-315d-4f7c-0121-eeb432108bce" testName="TestMethod299" computerName="SUSALUJ" duration="00:00:00.0000194" startTime="2019-07-19T16:06:37.8137658+05:30" endTime="2019-07-19T16:06:37.8137658+05:30" testType="13cdc9d9-ddb5-4fa4-a97d-d965ccfc6d4b" outcome="Passed" testListId="8c84fa94-04c1-424b-9868-57a2d4851a1d" relativeResultsDirectory="03d93d5a-96c8-428f-830b-00bef9424151" />
    <UnitTestResult executionId="939cb517-f565-47e5-ba1a-35855735e3ea" testId="d120661f-8632-a32a-1ff6-69f4690aaab5" testName="TestMethod135" computerName="SUSALUJ" duration="00:00:00.0000342" startTime="2019-07-19T16:06:37.8657677+05:30" endTime="2019-07-19T16:06:37.8657677+05:30" testType="13cdc9d9-ddb5-4fa4-a97d-d965ccfc6d4b" outcome="Passed" testListId="8c84fa94-04c1-424b-9868-57a2d4851a1d" relativeResultsDirectory="939cb517-f565-47e5-ba1a-35855735e3ea" />
    <UnitTestResult executionId="d846b729-1821-4647-961c-8190f8d83492" testId="1afd8cd3-8486-a867-2533-689fc06decd0" testName="TestMethod558" computerName="SUSALUJ" duration="00:00:00.0000472" startTime="2019-07-19T16:06:37.7427677+05:30" endTime="2019-07-19T16:06:37.7437678+05:30" testType="13cdc9d9-ddb5-4fa4-a97d-d965ccfc6d4b" outcome="Passed" testListId="8c84fa94-04c1-424b-9868-57a2d4851a1d" relativeResultsDirectory="d846b729-1821-4647-961c-8190f8d83492" />
    <UnitTestResult executionId="3d3a3476-151e-476f-baa3-16d155c84c0c" testId="33784fe3-713b-7ad4-4cf2-31baa1dca2e1" testName="TestMethod228" computerName="SUSALUJ" duration="00:00:00.0000190" startTime="2019-07-19T16:06:37.8457651+05:30" endTime="2019-07-19T16:06:37.8457651+05:30" testType="13cdc9d9-ddb5-4fa4-a97d-d965ccfc6d4b" outcome="Passed" testListId="8c84fa94-04c1-424b-9868-57a2d4851a1d" relativeResultsDirectory="3d3a3476-151e-476f-baa3-16d155c84c0c" />
    <UnitTestResult executionId="46262ca8-f724-48c3-8a4b-4e0d0e58eb17" testId="94129aad-7407-53c9-598d-956a8c8811cb" testName="TestMethod781" computerName="SUSALUJ" duration="00:00:00.0000346" startTime="2019-07-19T16:06:37.7127657+05:30" endTime="2019-07-19T16:06:37.7127657+05:30" testType="13cdc9d9-ddb5-4fa4-a97d-d965ccfc6d4b" outcome="Passed" testListId="8c84fa94-04c1-424b-9868-57a2d4851a1d" relativeResultsDirectory="46262ca8-f724-48c3-8a4b-4e0d0e58eb17" />
    <UnitTestResult executionId="7024379c-7b02-47a6-b295-435be8e5db7e" testId="0a813c2e-c51e-bd80-94ac-98a95a07ff38" testName="TestMethod212" computerName="SUSALUJ" duration="00:00:00.0000311" startTime="2019-07-19T16:06:37.8427656+05:30" endTime="2019-07-19T16:06:37.8427656+05:30" testType="13cdc9d9-ddb5-4fa4-a97d-d965ccfc6d4b" outcome="Passed" testListId="8c84fa94-04c1-424b-9868-57a2d4851a1d" relativeResultsDirectory="7024379c-7b02-47a6-b295-435be8e5db7e" />
    <UnitTestResult executionId="82c41bfa-11e8-488b-8915-e05d98cd9335" testId="9b2289a2-9143-b5fb-191a-ff4aaa3bc877" testName="TestMethod177" computerName="SUSALUJ" duration="00:00:00.0000421" startTime="2019-07-19T16:06:37.8777649+05:30" endTime="2019-07-19T16:06:37.8787656+05:30" testType="13cdc9d9-ddb5-4fa4-a97d-d965ccfc6d4b" outcome="Passed" testListId="8c84fa94-04c1-424b-9868-57a2d4851a1d" relativeResultsDirectory="82c41bfa-11e8-488b-8915-e05d98cd9335" />
    <UnitTestResult executionId="6b598b8b-c12a-4e04-bb21-f600323ed7be" testId="dbdc2b5e-05d7-55cb-6450-200bed021822" testName="TestMethod902" computerName="SUSALUJ" duration="00:00:00.0000435" startTime="2019-07-19T16:06:37.6527634+05:30" endTime="2019-07-19T16:06:37.6527634+05:30" testType="13cdc9d9-ddb5-4fa4-a97d-d965ccfc6d4b" outcome="Passed" testListId="8c84fa94-04c1-424b-9868-57a2d4851a1d" relativeResultsDirectory="6b598b8b-c12a-4e04-bb21-f600323ed7be" />
    <UnitTestResult executionId="fde69554-a376-4661-9e16-23edd005e214" testId="c0361266-d32e-7204-9438-73d7faeeb8bf" testName="TestMethod108" computerName="SUSALUJ" duration="00:00:00.0000250" startTime="2019-07-19T16:06:38.0147654+05:30" endTime="2019-07-19T16:06:38.0147654+05:30" testType="13cdc9d9-ddb5-4fa4-a97d-d965ccfc6d4b" outcome="Passed" testListId="8c84fa94-04c1-424b-9868-57a2d4851a1d" relativeResultsDirectory="fde69554-a376-4661-9e16-23edd005e214" />
    <UnitTestResult executionId="4f8d5abb-ac62-412b-8446-c31eda772664" testId="c495359b-e650-62ae-1e2e-10b1193d4237" testName="TestMethod169" computerName="SUSALUJ" duration="00:00:00.0000405" startTime="2019-07-19T16:06:37.8757660+05:30" endTime="2019-07-19T16:06:37.8767676+05:30" testType="13cdc9d9-ddb5-4fa4-a97d-d965ccfc6d4b" outcome="Passed" testListId="8c84fa94-04c1-424b-9868-57a2d4851a1d" relativeResultsDirectory="4f8d5abb-ac62-412b-8446-c31eda772664" />
    <UnitTestResult executionId="52715f62-8338-4492-bfcf-844a23aea4a3" testId="67c4334d-6d77-45b4-e2c4-3e9702879cf1" testName="TestMethod513" computerName="SUSALUJ" duration="00:00:00.0000204" startTime="2019-07-19T16:06:37.7817667+05:30" endTime="2019-07-19T16:06:37.7817667+05:30" testType="13cdc9d9-ddb5-4fa4-a97d-d965ccfc6d4b" outcome="Passed" testListId="8c84fa94-04c1-424b-9868-57a2d4851a1d" relativeResultsDirectory="52715f62-8338-4492-bfcf-844a23aea4a3" />
    <UnitTestResult executionId="203b03ea-afed-42a7-af5a-615682e431e9" testId="84884695-1fda-9516-c265-a5d55e0fd64d" testName="TestMethod587" computerName="SUSALUJ" duration="00:00:00.0000257" startTime="2019-07-19T16:06:37.7567678+05:30" endTime="2019-07-19T16:06:37.7577661+05:30" testType="13cdc9d9-ddb5-4fa4-a97d-d965ccfc6d4b" outcome="Passed" testListId="8c84fa94-04c1-424b-9868-57a2d4851a1d" relativeResultsDirectory="203b03ea-afed-42a7-af5a-615682e431e9" />
    <UnitTestResult executionId="1c453dc4-0fb5-4ff2-8e66-f292c671e5cf" testId="4687fcac-499b-9866-4bc9-bb6b4b792979" testName="TestMethod69" computerName="SUSALUJ" duration="00:00:00.0000205" startTime="2019-07-19T16:06:38.0047671+05:30" endTime="2019-07-19T16:06:38.0057659+05:30" testType="13cdc9d9-ddb5-4fa4-a97d-d965ccfc6d4b" outcome="Passed" testListId="8c84fa94-04c1-424b-9868-57a2d4851a1d" relativeResultsDirectory="1c453dc4-0fb5-4ff2-8e66-f292c671e5cf" />
    <UnitTestResult executionId="25414f42-a9ee-45e5-b900-6373b0cdbdda" testId="6bae33fa-e48a-771f-68c8-433a455bd508" testName="TestMethod369" computerName="SUSALUJ" duration="00:00:00.0000337" startTime="2019-07-19T16:06:37.7897680+05:30" endTime="2019-07-19T16:06:37.7897680+05:30" testType="13cdc9d9-ddb5-4fa4-a97d-d965ccfc6d4b" outcome="Passed" testListId="8c84fa94-04c1-424b-9868-57a2d4851a1d" relativeResultsDirectory="25414f42-a9ee-45e5-b900-6373b0cdbdda" />
    <UnitTestResult executionId="88953cf3-785e-4e85-bce1-1186314296c4" testId="dcc9a572-4fad-5cea-f758-fa21ff5f3459" testName="TestMethod470" computerName="SUSALUJ" duration="00:00:00.0000296" startTime="2019-07-19T16:06:37.7697660+05:30" endTime="2019-07-19T16:06:37.7697660+05:30" testType="13cdc9d9-ddb5-4fa4-a97d-d965ccfc6d4b" outcome="Passed" testListId="8c84fa94-04c1-424b-9868-57a2d4851a1d" relativeResultsDirectory="88953cf3-785e-4e85-bce1-1186314296c4" />
    <UnitTestResult executionId="aa3bf6ab-4786-45fb-bd19-8ede0dc95d37" testId="073d55e5-1430-716f-ad09-055a9bd845f9" testName="TestMethod658" computerName="SUSALUJ" duration="00:00:00.0000375" startTime="2019-07-19T16:06:37.7247649+05:30" endTime="2019-07-19T16:06:37.7257687+05:30" testType="13cdc9d9-ddb5-4fa4-a97d-d965ccfc6d4b" outcome="Passed" testListId="8c84fa94-04c1-424b-9868-57a2d4851a1d" relativeResultsDirectory="aa3bf6ab-4786-45fb-bd19-8ede0dc95d37" />
    <UnitTestResult executionId="1c87474a-0bfc-4c2b-a71f-aa3a137f8872" testId="5bd851b4-6d07-0258-4c1a-0f4c474f96d4" testName="TestMethod952" computerName="SUSALUJ" duration="00:00:00.0000372" startTime="2019-07-19T16:06:37.6637641+05:30" endTime="2019-07-19T16:06:37.6637641+05:30" testType="13cdc9d9-ddb5-4fa4-a97d-d965ccfc6d4b" outcome="Passed" testListId="8c84fa94-04c1-424b-9868-57a2d4851a1d" relativeResultsDirectory="1c87474a-0bfc-4c2b-a71f-aa3a137f8872" />
    <UnitTestResult executionId="f95383ad-76f0-438e-8d77-8cc75af2a188" testId="4b690a65-beb8-471a-f8d9-657bd7614320" testName="TestMethod623" computerName="SUSALUJ" duration="00:00:00.0000301" startTime="2019-07-19T16:06:37.7157651+05:30" endTime="2019-07-19T16:06:37.7157651+05:30" testType="13cdc9d9-ddb5-4fa4-a97d-d965ccfc6d4b" outcome="Passed" testListId="8c84fa94-04c1-424b-9868-57a2d4851a1d" relativeResultsDirectory="f95383ad-76f0-438e-8d77-8cc75af2a188" />
    <UnitTestResult executionId="bb2cca42-1ad3-4b2a-ba2c-73f3f55c2406" testId="e215579e-92e3-70f0-f0ac-82da28595119" testName="TestMethod462" computerName="SUSALUJ" duration="00:00:00.0000291" startTime="2019-07-19T16:06:37.7677667+05:30" endTime="2019-07-19T16:06:37.7677667+05:30" testType="13cdc9d9-ddb5-4fa4-a97d-d965ccfc6d4b" outcome="Passed" testListId="8c84fa94-04c1-424b-9868-57a2d4851a1d" relativeResultsDirectory="bb2cca42-1ad3-4b2a-ba2c-73f3f55c2406" />
    <UnitTestResult executionId="d7a9acc5-b3a8-45cc-b49e-ecda97d33743" testId="6b26a01d-1ae2-edb9-bf50-a5ad76486487" testName="TestMethod622" computerName="SUSALUJ" duration="00:00:00.0004308" startTime="2019-07-19T16:06:37.7147647+05:30" endTime="2019-07-19T16:06:37.7157651+05:30" testType="13cdc9d9-ddb5-4fa4-a97d-d965ccfc6d4b" outcome="Passed" testListId="8c84fa94-04c1-424b-9868-57a2d4851a1d" relativeResultsDirectory="d7a9acc5-b3a8-45cc-b49e-ecda97d33743" />
    <UnitTestResult executionId="1a0d3859-75bc-4e76-9229-50a4645fe30e" testId="7dd4e8cf-0a76-6298-5dcf-6dc6b430bae5" testName="TestMethod962" computerName="SUSALUJ" duration="00:00:00.0000214" startTime="2019-07-19T16:06:37.6337650+05:30" endTime="2019-07-19T16:06:37.6337650+05:30" testType="13cdc9d9-ddb5-4fa4-a97d-d965ccfc6d4b" outcome="Passed" testListId="8c84fa94-04c1-424b-9868-57a2d4851a1d" relativeResultsDirectory="1a0d3859-75bc-4e76-9229-50a4645fe30e" />
    <UnitTestResult executionId="de5a0cf0-f69a-43b5-bdd0-17ff9e9edb08" testId="67d7b143-99f2-5344-a5b1-7efe78f465d7" testName="TestMethod800" computerName="SUSALUJ" duration="00:00:00.0000290" startTime="2019-07-19T16:06:37.6667668+05:30" endTime="2019-07-19T16:06:37.6667668+05:30" testType="13cdc9d9-ddb5-4fa4-a97d-d965ccfc6d4b" outcome="Passed" testListId="8c84fa94-04c1-424b-9868-57a2d4851a1d" relativeResultsDirectory="de5a0cf0-f69a-43b5-bdd0-17ff9e9edb08" />
    <UnitTestResult executionId="e8d083d3-e2fc-4250-8cbf-ea37961be1dc" testId="76181476-f39d-7562-643a-3060e224eda8" testName="TestMethod337" computerName="SUSALUJ" duration="00:00:00.0000335" startTime="2019-07-19T16:06:37.8317660+05:30" endTime="2019-07-19T16:06:37.8317660+05:30" testType="13cdc9d9-ddb5-4fa4-a97d-d965ccfc6d4b" outcome="Passed" testListId="8c84fa94-04c1-424b-9868-57a2d4851a1d" relativeResultsDirectory="e8d083d3-e2fc-4250-8cbf-ea37961be1dc" />
    <UnitTestResult executionId="19684911-a62e-4b9e-ac33-27c357b4bdf6" testId="e8cf5d70-9946-820d-ca3b-f86aabe77007" testName="TestMethod744" computerName="SUSALUJ" duration="00:00:00.0000204" startTime="2019-07-19T16:06:37.7047657+05:30" endTime="2019-07-19T16:06:37.7047657+05:30" testType="13cdc9d9-ddb5-4fa4-a97d-d965ccfc6d4b" outcome="Passed" testListId="8c84fa94-04c1-424b-9868-57a2d4851a1d" relativeResultsDirectory="19684911-a62e-4b9e-ac33-27c357b4bdf6" />
    <UnitTestResult executionId="7bdb0f25-a03c-468c-9628-ed717e82d499" testId="edfa3e65-6a70-231c-e123-01e80ac96733" testName="TestMethod260" computerName="SUSALUJ" duration="00:00:00.0000212" startTime="2019-07-19T16:06:37.8537658+05:30" endTime="2019-07-19T16:06:37.8537658+05:30" testType="13cdc9d9-ddb5-4fa4-a97d-d965ccfc6d4b" outcome="Passed" testListId="8c84fa94-04c1-424b-9868-57a2d4851a1d" relativeResultsDirectory="7bdb0f25-a03c-468c-9628-ed717e82d499" />
    <UnitTestResult executionId="9146660a-9589-49ad-917a-e158b4c6c414" testId="a89cf446-c585-fd98-80b0-38f7aa0529d6" testName="TestMethod110" computerName="SUSALUJ" duration="00:00:00.0000199" startTime="2019-07-19T16:06:37.8597666+05:30" endTime="2019-07-19T16:06:37.8597666+05:30" testType="13cdc9d9-ddb5-4fa4-a97d-d965ccfc6d4b" outcome="Passed" testListId="8c84fa94-04c1-424b-9868-57a2d4851a1d" relativeResultsDirectory="9146660a-9589-49ad-917a-e158b4c6c414" />
    <UnitTestResult executionId="59bfa574-c600-4159-8c3e-e3ed831b196c" testId="1631a3c2-40e2-d466-5e63-8dbcbdbde77a" testName="TestMethod629" computerName="SUSALUJ" duration="00:00:00.0000319" startTime="2019-07-19T16:06:37.7167655+05:30" endTime="2019-07-19T16:06:37.7177651+05:30" testType="13cdc9d9-ddb5-4fa4-a97d-d965ccfc6d4b" outcome="Passed" testListId="8c84fa94-04c1-424b-9868-57a2d4851a1d" relativeResultsDirectory="59bfa574-c600-4159-8c3e-e3ed831b196c" />
    <UnitTestResult executionId="3f57f64b-908b-4d09-89f9-4b15a2b9b9f0" testId="b657245b-394b-0aab-a286-40822ee34434" testName="TestMethod105" computerName="SUSALUJ" duration="00:00:00.0000295" startTime="2019-07-19T16:06:38.0137656+05:30" endTime="2019-07-19T16:06:38.0137656+05:30" testType="13cdc9d9-ddb5-4fa4-a97d-d965ccfc6d4b" outcome="Passed" testListId="8c84fa94-04c1-424b-9868-57a2d4851a1d" relativeResultsDirectory="3f57f64b-908b-4d09-89f9-4b15a2b9b9f0" />
    <UnitTestResult executionId="1180a082-cc06-4302-a178-cb81eb155a47" testId="6fb1114d-226c-1499-0f68-8177e03a8f40" testName="TestMethod468" computerName="SUSALUJ" duration="00:00:00.0000201" startTime="2019-07-19T16:06:37.7697660+05:30" endTime="2019-07-19T16:06:37.7697660+05:30" testType="13cdc9d9-ddb5-4fa4-a97d-d965ccfc6d4b" outcome="Passed" testListId="8c84fa94-04c1-424b-9868-57a2d4851a1d" relativeResultsDirectory="1180a082-cc06-4302-a178-cb81eb155a47" />
    <UnitTestResult executionId="d25a59a0-f397-4636-8224-a29c04f93304" testId="b752c3a3-34d2-a6ba-c754-ff6ae312f261" testName="TestMethod989" computerName="SUSALUJ" duration="00:00:00.0000203" startTime="2019-07-19T16:06:37.6447665+05:30" endTime="2019-07-19T16:06:37.6447665+05:30" testType="13cdc9d9-ddb5-4fa4-a97d-d965ccfc6d4b" outcome="Passed" testListId="8c84fa94-04c1-424b-9868-57a2d4851a1d" relativeResultsDirectory="d25a59a0-f397-4636-8224-a29c04f93304" />
    <UnitTestResult executionId="dfacef50-0aee-40e4-a472-2634ea4628bc" testId="0b66a0b7-68be-2605-3b2a-71bb2f365ca4" testName="TestMethod358" computerName="SUSALUJ" duration="00:00:00.0000317" startTime="2019-07-19T16:06:37.8367667+05:30" endTime="2019-07-19T16:06:37.8367667+05:30" testType="13cdc9d9-ddb5-4fa4-a97d-d965ccfc6d4b" outcome="Passed" testListId="8c84fa94-04c1-424b-9868-57a2d4851a1d" relativeResultsDirectory="dfacef50-0aee-40e4-a472-2634ea4628bc" />
    <UnitTestResult executionId="6b8500ad-3861-44c9-8f09-a11b3fe93e91" testId="2b37da15-ac11-46e9-aafa-8893f585e1bf" testName="TestMethod820" computerName="SUSALUJ" duration="00:00:00.0000448" startTime="2019-07-19T16:06:37.6727737+05:30" endTime="2019-07-19T16:06:37.6727737+05:30" testType="13cdc9d9-ddb5-4fa4-a97d-d965ccfc6d4b" outcome="Passed" testListId="8c84fa94-04c1-424b-9868-57a2d4851a1d" relativeResultsDirectory="6b8500ad-3861-44c9-8f09-a11b3fe93e91" />
    <UnitTestResult executionId="9ad15c75-cebc-4796-99e3-264db5614b7c" testId="525fbde5-5aa3-0da1-f6c9-ea38b155bd8a" testName="TestMethod51" computerName="SUSALUJ" duration="00:00:00.0000252" startTime="2019-07-19T16:06:38.0007657+05:30" endTime="2019-07-19T16:06:38.0017652+05:30" testType="13cdc9d9-ddb5-4fa4-a97d-d965ccfc6d4b" outcome="Passed" testListId="8c84fa94-04c1-424b-9868-57a2d4851a1d" relativeResultsDirectory="9ad15c75-cebc-4796-99e3-264db5614b7c" />
    <UnitTestResult executionId="0f00774e-a6c6-4684-9a37-7bd911f8c135" testId="3ae6ff48-fce1-a2b9-c0a7-253156076b84" testName="TestMethod661" computerName="SUSALUJ" duration="00:00:00.0000318" startTime="2019-07-19T16:06:37.7257687+05:30" endTime="2019-07-19T16:06:37.7267651+05:30" testType="13cdc9d9-ddb5-4fa4-a97d-d965ccfc6d4b" outcome="Passed" testListId="8c84fa94-04c1-424b-9868-57a2d4851a1d" relativeResultsDirectory="0f00774e-a6c6-4684-9a37-7bd911f8c135" />
    <UnitTestResult executionId="a99ad14c-478f-4649-a3b3-b50a4ff66664" testId="f5d96dea-c7eb-1a86-7dcb-67ccaa68bfa3" testName="TestMethod738" computerName="SUSALUJ" duration="00:00:00.0000343" startTime="2019-07-19T16:06:37.7037646+05:30" endTime="2019-07-19T16:06:37.7037646+05:30" testType="13cdc9d9-ddb5-4fa4-a97d-d965ccfc6d4b" outcome="Passed" testListId="8c84fa94-04c1-424b-9868-57a2d4851a1d" relativeResultsDirectory="a99ad14c-478f-4649-a3b3-b50a4ff66664" />
    <UnitTestResult executionId="bed05637-5ee4-429a-a19b-148e2eefa19d" testId="155552b9-5772-8b68-2831-a815d3b75c3a" testName="TestMethod81" computerName="SUSALUJ" duration="00:00:00.0000323" startTime="2019-07-19T16:06:38.0077689+05:30" endTime="2019-07-19T16:06:38.0087660+05:30" testType="13cdc9d9-ddb5-4fa4-a97d-d965ccfc6d4b" outcome="Passed" testListId="8c84fa94-04c1-424b-9868-57a2d4851a1d" relativeResultsDirectory="bed05637-5ee4-429a-a19b-148e2eefa19d" />
    <UnitTestResult executionId="5abd036f-39aa-4101-a036-c0ce4caafcf4" testId="0a41b63f-4f9c-855e-d21e-780bec75c16f" testName="TestMethod747" computerName="SUSALUJ" duration="00:00:00.0000245" startTime="2019-07-19T16:06:37.7057690+05:30" endTime="2019-07-19T16:06:37.7057690+05:30" testType="13cdc9d9-ddb5-4fa4-a97d-d965ccfc6d4b" outcome="Passed" testListId="8c84fa94-04c1-424b-9868-57a2d4851a1d" relativeResultsDirectory="5abd036f-39aa-4101-a036-c0ce4caafcf4" />
    <UnitTestResult executionId="591fe340-50e4-4246-b7c8-d7498a0cfef8" testId="0b8253b0-363a-c10e-c92b-cb755c90922b" testName="TestMethod420" computerName="SUSALUJ" duration="00:00:00.0000313" startTime="2019-07-19T16:06:37.8027667+05:30" endTime="2019-07-19T16:06:37.8027667+05:30" testType="13cdc9d9-ddb5-4fa4-a97d-d965ccfc6d4b" outcome="Passed" testListId="8c84fa94-04c1-424b-9868-57a2d4851a1d" relativeResultsDirectory="591fe340-50e4-4246-b7c8-d7498a0cfef8" />
    <UnitTestResult executionId="33edac5e-d6bd-47e8-8a2e-2956c6f19ee9" testId="2fa780f0-1e7b-0df5-cb57-096559fff81f" testName="TestMethod363" computerName="SUSALUJ" duration="00:00:00.0000358" startTime="2019-07-19T16:06:37.8377661+05:30" endTime="2019-07-19T16:06:37.8387653+05:30" testType="13cdc9d9-ddb5-4fa4-a97d-d965ccfc6d4b" outcome="Passed" testListId="8c84fa94-04c1-424b-9868-57a2d4851a1d" relativeResultsDirectory="33edac5e-d6bd-47e8-8a2e-2956c6f19ee9" />
    <UnitTestResult executionId="b76c9998-52a4-4793-b19e-110743f3e16a" testId="e71a91da-b3c4-885a-d728-3ffbbbcbfe98" testName="TestMethod16" computerName="SUSALUJ" duration="00:00:00.0008772" startTime="2019-07-19T16:06:37.9907671+05:30" endTime="2019-07-19T16:06:37.9917692+05:30" testType="13cdc9d9-ddb5-4fa4-a97d-d965ccfc6d4b" outcome="Failed" testListId="8c84fa94-04c1-424b-9868-57a2d4851a1d" relativeResultsDirectory="b76c9998-52a4-4793-b19e-110743f3e16a">
      <Output>
        <ErrorInfo>
          <Message>Assert.AreEqual failed. Expected:&lt;2&gt;. Actual:&lt;4&gt;. </Message>
          <StackTrace>   at TestProjectWON.UnitTest1.TestMethod16() in C:\agent\_work\8\s\TestProjectWON\UnitTest1.cs:line 93&#xD;
</StackTrace>
        </ErrorInfo>
      </Output>
    </UnitTestResult>
    <UnitTestResult executionId="6efaab2d-ce65-4ec8-9a1d-036166dd1112" testId="1b38b5e4-4fe8-049e-0c45-204c19fce78a" testName="TestMethod218" computerName="SUSALUJ" duration="00:00:00.0000340" startTime="2019-07-19T16:06:37.8437660+05:30" endTime="2019-07-19T16:06:37.8437660+05:30" testType="13cdc9d9-ddb5-4fa4-a97d-d965ccfc6d4b" outcome="Passed" testListId="8c84fa94-04c1-424b-9868-57a2d4851a1d" relativeResultsDirectory="6efaab2d-ce65-4ec8-9a1d-036166dd1112" />
    <UnitTestResult executionId="bb5abea2-fcb2-4454-8d08-7488f3be4010" testId="9919baa0-2e36-3362-614a-8da80a13a4ab" testName="TestMethod284" computerName="SUSALUJ" duration="00:00:00.0000336" startTime="2019-07-19T16:06:37.8107691+05:30" endTime="2019-07-19T16:06:37.8107691+05:30" testType="13cdc9d9-ddb5-4fa4-a97d-d965ccfc6d4b" outcome="Passed" testListId="8c84fa94-04c1-424b-9868-57a2d4851a1d" relativeResultsDirectory="bb5abea2-fcb2-4454-8d08-7488f3be4010" />
    <UnitTestResult executionId="b71c81f6-39ae-49b6-a366-930fc21d8e11" testId="418091f0-1fbe-6361-7c77-f603ddbd0c42" testName="TestMethod547" computerName="SUSALUJ" duration="00:00:00.0000196" startTime="2019-07-19T16:06:37.7397664+05:30" endTime="2019-07-19T16:06:37.7397664+05:30" testType="13cdc9d9-ddb5-4fa4-a97d-d965ccfc6d4b" outcome="Passed" testListId="8c84fa94-04c1-424b-9868-57a2d4851a1d" relativeResultsDirectory="b71c81f6-39ae-49b6-a366-930fc21d8e11" />
  </Results>
  <TestDefinitions>
    <UnitTest name="TestMethod503" storage="c:\agent\_work\8\s\testprojectwon\bin\release\testprojectwon.dll" id="43c92586-8281-f999-8a95-9ce6e6eceff3">
      <Execution id="524de664-597b-4b3e-b0d3-624c4c9eae18" />
      <TestMethod codeBase="C:\agent\_work\8\s\TestProjectWON\bin\Release\TestProjectWON.dll" adapterTypeName="executor://mstestadapter/v1" className="TestProjectWON.UnitTest1" name="TestMethod503" />
    </UnitTest>
    <UnitTest name="TestMethod988" storage="c:\agent\_work\8\s\testprojectwon\bin\release\testprojectwon.dll" id="4fd6add9-2e9f-40f6-b61b-636feaf88629">
      <Execution id="d5823b96-3da1-4e45-a74c-b76d2203573b" />
      <TestMethod codeBase="C:\agent\_work\8\s\TestProjectWON\bin\Release\TestProjectWON.dll" adapterTypeName="executor://mstestadapter/v1" className="TestProjectWON.UnitTest1" name="TestMethod988" />
    </UnitTest>
    <UnitTest name="TestMethod353" storage="c:\agent\_work\8\s\testprojectwon\bin\release\testprojectwon.dll" id="d0207416-d0fd-afba-7c63-08d2c2921599">
      <Execution id="dd5b0e11-af12-440f-926f-4fd23fb25e0a" />
      <TestMethod codeBase="C:\agent\_work\8\s\TestProjectWON\bin\Release\TestProjectWON.dll" adapterTypeName="executor://mstestadapter/v1" className="TestProjectWON.UnitTest1" name="TestMethod353" />
    </UnitTest>
    <UnitTest name="TestMethod448" storage="c:\agent\_work\8\s\testprojectwon\bin\release\testprojectwon.dll" id="58252538-aa9d-495e-5cd5-b82da0ddf325">
      <Execution id="32a84e6e-213d-44d9-9c27-f36683c66730" />
      <TestMethod codeBase="C:\agent\_work\8\s\TestProjectWON\bin\Release\TestProjectWON.dll" adapterTypeName="executor://mstestadapter/v1" className="TestProjectWON.UnitTest1" name="TestMethod448" />
    </UnitTest>
    <UnitTest name="TestMethod760" storage="c:\agent\_work\8\s\testprojectwon\bin\release\testprojectwon.dll" id="779fb846-f62f-b29d-4159-92284b7f2f4a">
      <Execution id="0280228c-f5dc-4d7b-9619-836ad3721ca1" />
      <TestMethod codeBase="C:\agent\_work\8\s\TestProjectWON\bin\Release\TestProjectWON.dll" adapterTypeName="executor://mstestadapter/v1" className="TestProjectWON.UnitTest1" name="TestMethod760" />
    </UnitTest>
    <UnitTest name="TestMethod407" storage="c:\agent\_work\8\s\testprojectwon\bin\release\testprojectwon.dll" id="5e96792b-e316-edd5-78c3-2dcaa7810f05">
      <Execution id="0a56d773-737e-4785-a2ba-e07bb3bbbc7e" />
      <TestMethod codeBase="C:\agent\_work\8\s\TestProjectWON\bin\Release\TestProjectWON.dll" adapterTypeName="executor://mstestadapter/v1" className="TestProjectWON.UnitTest1" name="TestMethod407" />
    </UnitTest>
    <UnitTest name="TestMethod716" storage="c:\agent\_work\8\s\testprojectwon\bin\release\testprojectwon.dll" id="41ba25c7-0eaa-9cd8-3146-7df414caa490">
      <Execution id="e10ae6f9-eef6-4d25-b1d7-239cef3ee4c9" />
      <TestMethod codeBase="C:\agent\_work\8\s\TestProjectWON\bin\Release\TestProjectWON.dll" adapterTypeName="executor://mstestadapter/v1" className="TestProjectWON.UnitTest1" name="TestMethod716" />
    </UnitTest>
    <UnitTest name="TestMethod591" storage="c:\agent\_work\8\s\testprojectwon\bin\release\testprojectwon.dll" id="7ed00c63-b206-d22d-b036-c81acaffec65">
      <Execution id="1083679b-6fdf-497b-9edb-b624a7389eb2" />
      <TestMethod codeBase="C:\agent\_work\8\s\TestProjectWON\bin\Release\TestProjectWON.dll" adapterTypeName="executor://mstestadapter/v1" className="TestProjectWON.UnitTest1" name="TestMethod591" />
    </UnitTest>
    <UnitTest name="TestMethod473" storage="c:\agent\_work\8\s\testprojectwon\bin\release\testprojectwon.dll" id="fa5c1275-6796-4dcb-9f88-84aab4336a1f">
      <Execution id="dcb69415-d6e4-46c9-972f-2dac8c774f54" />
      <TestMethod codeBase="C:\agent\_work\8\s\TestProjectWON\bin\Release\TestProjectWON.dll" adapterTypeName="executor://mstestadapter/v1" className="TestProjectWON.UnitTest1" name="TestMethod473" />
    </UnitTest>
    <UnitTest name="TestMethod628" storage="c:\agent\_work\8\s\testprojectwon\bin\release\testprojectwon.dll" id="89d94204-6859-08fd-f562-7b24bf2cea08">
      <Execution id="02682a33-c28e-40c2-bac8-274359be97cb" />
      <TestMethod codeBase="C:\agent\_work\8\s\TestProjectWON\bin\Release\TestProjectWON.dll" adapterTypeName="executor://mstestadapter/v1" className="TestProjectWON.UnitTest1" name="TestMethod628" />
    </UnitTest>
    <UnitTest name="TestMethod607" storage="c:\agent\_work\8\s\testprojectwon\bin\release\testprojectwon.dll" id="a611c0f1-bfc5-9afd-c5d5-7057807e80b7">
      <Execution id="4a175bf4-7be6-41ac-9a38-d2cee5ef5f3c" />
      <TestMethod codeBase="C:\agent\_work\8\s\TestProjectWON\bin\Release\TestProjectWON.dll" adapterTypeName="executor://mstestadapter/v1" className="TestProjectWON.UnitTest1" name="TestMethod607" />
    </UnitTest>
    <UnitTest name="TestMethod614" storage="c:\agent\_work\8\s\testprojectwon\bin\release\testprojectwon.dll" id="ab35b515-6b4f-5986-3be5-526af9e301a2">
      <Execution id="e3bc6d38-0816-4298-acfc-c40b5fdded70" />
      <TestMethod codeBase="C:\agent\_work\8\s\TestProjectWON\bin\Release\TestProjectWON.dll" adapterTypeName="executor://mstestadapter/v1" className="TestProjectWON.UnitTest1" name="TestMethod614" />
    </UnitTest>
    <UnitTest name="TestMethod441" storage="c:\agent\_work\8\s\testprojectwon\bin\release\testprojectwon.dll" id="213bb916-ceed-426e-96b4-3a3ab34937e0">
      <Execution id="033d9271-4401-464d-bdc5-d10a1e8c561c" />
      <TestMethod codeBase="C:\agent\_work\8\s\TestProjectWON\bin\Release\TestProjectWON.dll" adapterTypeName="executor://mstestadapter/v1" className="TestProjectWON.UnitTest1" name="TestMethod441" />
    </UnitTest>
    <UnitTest name="TestMethod678" storage="c:\agent\_work\8\s\testprojectwon\bin\release\testprojectwon.dll" id="4e1c4b3d-f4c1-c866-51e9-b239d1531aaf">
      <Execution id="ec0fa869-2a38-48fe-b929-9572b9010648" />
      <TestMethod codeBase="C:\agent\_work\8\s\TestProjectWON\bin\Release\TestProjectWON.dll" adapterTypeName="executor://mstestadapter/v1" className="TestProjectWON.UnitTest1" name="TestMethod678" />
    </UnitTest>
    <UnitTest name="TestMethod76" storage="c:\agent\_work\8\s\testprojectwon\bin\release\testprojectwon.dll" id="4af2b2ec-6d57-1ccb-ef9c-1fde4b10ea3a">
      <Execution id="7a40e22d-3624-4d2b-bf8e-3cdccd168ec3" />
      <TestMethod codeBase="C:\agent\_work\8\s\TestProjectWON\bin\Release\TestProjectWON.dll" adapterTypeName="executor://mstestadapter/v1" className="TestProjectWON.UnitTest1" name="TestMethod76" />
    </UnitTest>
    <UnitTest name="TestMethod516" storage="c:\agent\_work\8\s\testprojectwon\bin\release\testprojectwon.dll" id="c9fcc35c-7f7a-1ab8-ede2-ac762b40e339">
      <Execution id="a9e69d63-ec81-4762-9ee9-2e38027aeb0f" />
      <TestMethod codeBase="C:\agent\_work\8\s\TestProjectWON\bin\Release\TestProjectWON.dll" adapterTypeName="executor://mstestadapter/v1" className="TestProjectWON.UnitTest1" name="TestMethod516" />
    </UnitTest>
    <UnitTest name="TestMethod780" storage="c:\agent\_work\8\s\testprojectwon\bin\release\testprojectwon.dll" id="bb1fddd9-0fa5-0bf4-de64-dbafc0d2b900">
      <Execution id="303227f5-63f5-4098-9e62-c34ddfe08a07" />
      <TestMethod codeBase="C:\agent\_work\8\s\TestProjectWON\bin\Release\TestProjectWON.dll" adapterTypeName="executor://mstestadapter/v1" className="TestProjectWON.UnitTest1" name="TestMethod780" />
    </UnitTest>
    <UnitTest name="TestMethod136" storage="c:\agent\_work\8\s\testprojectwon\bin\release\testprojectwon.dll" id="55e58468-57c4-ea54-a951-098fc793ee39">
      <Execution id="85016881-9cf8-46fe-b1ec-4ccbbfc8e4da" />
      <TestMethod codeBase="C:\agent\_work\8\s\TestProjectWON\bin\Release\TestProjectWON.dll" adapterTypeName="executor://mstestadapter/v1" className="TestProjectWON.UnitTest1" name="TestMethod136" />
    </UnitTest>
    <UnitTest name="TestMethod985" storage="c:\agent\_work\8\s\testprojectwon\bin\release\testprojectwon.dll" id="d07997d8-3ad9-b5cb-508e-dc6b69f27ae6">
      <Execution id="19f0391e-ce80-4983-87a3-23b4ceb6b6d7" />
      <TestMethod codeBase="C:\agent\_work\8\s\TestProjectWON\bin\Release\TestProjectWON.dll" adapterTypeName="executor://mstestadapter/v1" className="TestProjectWON.UnitTest1" name="TestMethod985" />
    </UnitTest>
    <UnitTest name="TestMethod568" storage="c:\agent\_work\8\s\testprojectwon\bin\release\testprojectwon.dll" id="3501dd5e-3136-d1c4-6098-365f9bf98c33">
      <Execution id="c8153c21-bacd-4a45-89ba-e28b8312ba73" />
      <TestMethod codeBase="C:\agent\_work\8\s\TestProjectWON\bin\Release\TestProjectWON.dll" adapterTypeName="executor://mstestadapter/v1" className="TestProjectWON.UnitTest1" name="TestMethod568" />
    </UnitTest>
    <UnitTest name="TestMethod159" storage="c:\agent\_work\8\s\testprojectwon\bin\release\testprojectwon.dll" id="c162230b-7740-f5ae-8a70-82a055c18768">
      <Execution id="ea7ebf7d-d6f8-4f71-95c2-50304e2321d6" />
      <TestMethod codeBase="C:\agent\_work\8\s\TestProjectWON\bin\Release\TestProjectWON.dll" adapterTypeName="executor://mstestadapter/v1" className="TestProjectWON.UnitTest1" name="TestMethod159" />
    </UnitTest>
    <UnitTest name="TestMethod881" storage="c:\agent\_work\8\s\testprojectwon\bin\release\testprojectwon.dll" id="668d0b8e-9860-f146-142e-006ec1261508">
      <Execution id="38fb788c-ebf0-4b6a-ace8-da6a58435d20" />
      <TestMethod codeBase="C:\agent\_work\8\s\TestProjectWON\bin\Release\TestProjectWON.dll" adapterTypeName="executor://mstestadapter/v1" className="TestProjectWON.UnitTest1" name="TestMethod881" />
    </UnitTest>
    <UnitTest name="TestMethod105" storage="c:\agent\_work\8\s\testprojectwon\bin\release\testprojectwon.dll" id="b657245b-394b-0aab-a286-40822ee34434">
      <Execution id="3f57f64b-908b-4d09-89f9-4b15a2b9b9f0" />
      <TestMethod codeBase="C:\agent\_work\8\s\TestProjectWON\bin\Release\TestProjectWON.dll" adapterTypeName="executor://mstestadapter/v1" className="TestProjectWON.UnitTest1" name="TestMethod105" />
    </UnitTest>
    <UnitTest name="TestMethod609" storage="c:\agent\_work\8\s\testprojectwon\bin\release\testprojectwon.dll" id="9e64b04f-cef8-a6a4-2a7a-4f3ba5bacb2c">
      <Execution id="fcf7fdc9-987c-4292-b747-d1b2328b783b" />
      <TestMethod codeBase="C:\agent\_work\8\s\TestProjectWON\bin\Release\TestProjectWON.dll" adapterTypeName="executor://mstestadapter/v1" className="TestProjectWON.UnitTest1" name="TestMethod609" />
    </UnitTest>
    <UnitTest name="TestMethod899" storage="c:\agent\_work\8\s\testprojectwon\bin\release\testprojectwon.dll" id="d0c3469c-3e89-21a1-aed7-39e7e37890ac">
      <Execution id="a081d17f-2a5d-4552-8fd0-e6f64e720474" />
      <TestMethod codeBase="C:\agent\_work\8\s\TestProjectWON\bin\Release\TestProjectWON.dll" adapterTypeName="executor://mstestadapter/v1" className="TestProjectWON.UnitTest1" name="TestMethod899" />
    </UnitTest>
    <UnitTest name="TestMethod165" storage="c:\agent\_work\8\s\testprojectwon\bin\release\testprojectwon.dll" id="d891963e-75e4-bfbd-1af1-6f2f40b7b8fb">
      <Execution id="4631e453-c842-4e76-8f9b-a09c70363608" />
      <TestMethod codeBase="C:\agent\_work\8\s\TestProjectWON\bin\Release\TestProjectWON.dll" adapterTypeName="executor://mstestadapter/v1" className="TestProjectWON.UnitTest1" name="TestMethod165" />
    </UnitTest>
    <UnitTest name="TestMethod530" storage="c:\agent\_work\8\s\testprojectwon\bin\release\testprojectwon.dll" id="a53676c2-6a25-994e-56e2-64a4053f1dbf">
      <Execution id="cddad49b-44f0-4fc2-8558-9dab60e30bf0" />
      <TestMethod codeBase="C:\agent\_work\8\s\TestProjectWON\bin\Release\TestProjectWON.dll" adapterTypeName="executor://mstestadapter/v1" className="TestProjectWON.UnitTest1" name="TestMethod530" />
    </UnitTest>
    <UnitTest name="TestMethod973" storage="c:\agent\_work\8\s\testprojectwon\bin\release\testprojectwon.dll" id="c68f1a33-bf3d-7b4f-1f09-0687ed5a3cd4">
      <Execution id="7c475adb-8a7d-48d3-995c-b8327507e41e" />
      <TestMethod codeBase="C:\agent\_work\8\s\TestProjectWON\bin\Release\TestProjectWON.dll" adapterTypeName="executor://mstestadapter/v1" className="TestProjectWON.UnitTest1" name="TestMethod973" />
    </UnitTest>
    <UnitTest name="TestMethod536" storage="c:\agent\_work\8\s\testprojectwon\bin\release\testprojectwon.dll" id="1e91379e-a612-ecda-00ad-3a929d9956cc">
      <Execution id="1bccfb3c-f711-42ba-9ad2-6a0883343ff6" />
      <TestMethod codeBase="C:\agent\_work\8\s\TestProjectWON\bin\Release\TestProjectWON.dll" adapterTypeName="executor://mstestadapter/v1" className="TestProjectWON.UnitTest1" name="TestMethod536" />
    </UnitTest>
    <UnitTest name="TestMethod840" storage="c:\agent\_work\8\s\testprojectwon\bin\release\testprojectwon.dll" id="c8745a69-fd21-081b-4b7f-986392e3125e">
      <Execution id="91fa0445-0aca-4ce5-a005-b0812e131d0a" />
      <TestMethod codeBase="C:\agent\_work\8\s\TestProjectWON\bin\Release\TestProjectWON.dll" adapterTypeName="executor://mstestadapter/v1" className="TestProjectWON.UnitTest1" name="TestMethod840" />
    </UnitTest>
    <UnitTest name="TestMethod589" storage="c:\agent\_work\8\s\testprojectwon\bin\release\testprojectwon.dll" id="5d9d8819-6aeb-7979-eb4e-aba3a07e8e98">
      <Execution id="bbba262f-c767-4d9b-acc8-a87c8d665dcb" />
      <TestMethod codeBase="C:\agent\_work\8\s\TestProjectWON\bin\Release\TestProjectWON.dll" adapterTypeName="executor://mstestadapter/v1" className="TestProjectWON.UnitTest1" name="TestMethod589" />
    </UnitTest>
    <UnitTest name="TestMethod849" storage="c:\agent\_work\8\s\testprojectwon\bin\release\testprojectwon.dll" id="5b7e467a-91c7-78ab-3512-45042ebd5bae">
      <Execution id="0210ca9f-00fd-4257-b9d8-9783844599f9" />
      <TestMethod codeBase="C:\agent\_work\8\s\TestProjectWON\bin\Release\TestProjectWON.dll" adapterTypeName="executor://mstestadapter/v1" className="TestProjectWON.UnitTest1" name="TestMethod849" />
    </UnitTest>
    <UnitTest name="TestMethod439" storage="c:\agent\_work\8\s\testprojectwon\bin\release\testprojectwon.dll" id="d0b1f7dc-31d1-6275-6eac-8c5e9f628719">
      <Execution id="fc8bcd60-5b58-459e-ae10-e849e9fd0a69" />
      <TestMethod codeBase="C:\agent\_work\8\s\TestProjectWON\bin\Release\TestProjectWON.dll" adapterTypeName="executor://mstestadapter/v1" className="TestProjectWON.UnitTest1" name="TestMethod439" />
    </UnitTest>
    <UnitTest name="TestMethod911" storage="c:\agent\_work\8\s\testprojectwon\bin\release\testprojectwon.dll" id="1a78a23a-08c2-bb6e-8ffb-6ac2f44d4918">
      <Execution id="1388c469-bd25-4d41-83a8-a06caacd9b6f" />
      <TestMethod codeBase="C:\agent\_work\8\s\TestProjectWON\bin\Release\TestProjectWON.dll" adapterTypeName="executor://mstestadapter/v1" className="TestProjectWON.UnitTest1" name="TestMethod911" />
    </UnitTest>
    <UnitTest name="TestMethod429" storage="c:\agent\_work\8\s\testprojectwon\bin\release\testprojectwon.dll" id="c84eee12-0040-fb25-9265-b00e53c594e5">
      <Execution id="5e9fc75c-a9ef-4a2d-8b60-453cbca048b8" />
      <TestMethod codeBase="C:\agent\_work\8\s\TestProjectWON\bin\Release\TestProjectWON.dll" adapterTypeName="executor://mstestadapter/v1" className="TestProjectWON.UnitTest1" name="TestMethod429" />
    </UnitTest>
    <UnitTest name="TestMethod239" storage="c:\agent\_work\8\s\testprojectwon\bin\release\testprojectwon.dll" id="62a3c894-4075-1cb4-f5dc-7ab6cb40b117">
      <Execution id="c264c097-e055-4e2d-aa6f-02cec217f1cf" />
      <TestMethod codeBase="C:\agent\_work\8\s\TestProjectWON\bin\Release\TestProjectWON.dll" adapterTypeName="executor://mstestadapter/v1" className="TestProjectWON.UnitTest1" name="TestMethod239" />
    </UnitTest>
    <UnitTest name="TestMethod942" storage="c:\agent\_work\8\s\testprojectwon\bin\release\testprojectwon.dll" id="8c74cf7e-2896-1468-27c7-3536171927b5">
      <Execution id="c61edb68-2918-4775-8731-63d792326ce7" />
      <TestMethod codeBase="C:\agent\_work\8\s\TestProjectWON\bin\Release\TestProjectWON.dll" adapterTypeName="executor://mstestadapter/v1" className="TestProjectWON.UnitTest1" name="TestMethod942" />
    </UnitTest>
    <UnitTest name="TestMethod292" storage="c:\agent\_work\8\s\testprojectwon\bin\release\testprojectwon.dll" id="e6196d6f-df08-6059-bad4-cec736d80078">
      <Execution id="24323718-e10d-4621-af71-dd97f8fbaa95" />
      <TestMethod codeBase="C:\agent\_work\8\s\TestProjectWON\bin\Release\TestProjectWON.dll" adapterTypeName="executor://mstestadapter/v1" className="TestProjectWON.UnitTest1" name="TestMethod292" />
    </UnitTest>
    <UnitTest name="TestMethod510" storage="c:\agent\_work\8\s\testprojectwon\bin\release\testprojectwon.dll" id="7a596ad5-bb27-16dd-af50-897d939e5f05">
      <Execution id="a2cd8255-f5bf-4442-9a29-837c4588c740" />
      <TestMethod codeBase="C:\agent\_work\8\s\TestProjectWON\bin\Release\TestProjectWON.dll" adapterTypeName="executor://mstestadapter/v1" className="TestProjectWON.UnitTest1" name="TestMethod510" />
    </UnitTest>
    <UnitTest name="TestMethod908" storage="c:\agent\_work\8\s\testprojectwon\bin\release\testprojectwon.dll" id="e401551b-645d-a000-6212-1dcbb32da72a">
      <Execution id="6e925b11-a443-4f27-9219-8aa2d050bebd" />
      <TestMethod codeBase="C:\agent\_work\8\s\TestProjectWON\bin\Release\TestProjectWON.dll" adapterTypeName="executor://mstestadapter/v1" className="TestProjectWON.UnitTest1" name="TestMethod908" />
    </UnitTest>
    <UnitTest name="TestMethod976" storage="c:\agent\_work\8\s\testprojectwon\bin\release\testprojectwon.dll" id="ed1bf934-546a-affe-da50-91add822706b">
      <Execution id="f3a55305-a82a-4c3c-ae5a-1fb33849e0d3" />
      <TestMethod codeBase="C:\agent\_work\8\s\TestProjectWON\bin\Release\TestProjectWON.dll" adapterTypeName="executor://mstestadapter/v1" className="TestProjectWON.UnitTest1" name="TestMethod976" />
    </UnitTest>
    <UnitTest name="TestMethod677" storage="c:\agent\_work\8\s\testprojectwon\bin\release\testprojectwon.dll" id="644cd37f-c859-5403-ac27-b0c77ac8d299">
      <Execution id="5ea158b5-e66f-4ca7-be70-512432389669" />
      <TestMethod codeBase="C:\agent\_work\8\s\TestProjectWON\bin\Release\TestProjectWON.dll" adapterTypeName="executor://mstestadapter/v1" className="TestProjectWON.UnitTest1" name="TestMethod677" />
    </UnitTest>
    <UnitTest name="TestMethod737" storage="c:\agent\_work\8\s\testprojectwon\bin\release\testprojectwon.dll" id="d86fc41b-b759-c6af-e706-53b3776f4824">
      <Execution id="0c474536-b719-4a07-86a6-b067be6abf0f" />
      <TestMethod codeBase="C:\agent\_work\8\s\TestProjectWON\bin\Release\TestProjectWON.dll" adapterTypeName="executor://mstestadapter/v1" className="TestProjectWON.UnitTest1" name="TestMethod737" />
    </UnitTest>
    <UnitTest name="TestMethod21" storage="c:\agent\_work\8\s\testprojectwon\bin\release\testprojectwon.dll" id="ae718779-653e-6c75-7dc0-1104d37b58a2">
      <Execution id="01d4d1d4-fdbc-4df5-a407-ca79deea49cb" />
      <TestMethod codeBase="C:\agent\_work\8\s\TestProjectWON\bin\Release\TestProjectWON.dll" adapterTypeName="executor://mstestadapter/v1" className="TestProjectWON.UnitTest1" name="TestMethod21" />
    </UnitTest>
    <UnitTest name="TestMethod712" storage="c:\agent\_work\8\s\testprojectwon\bin\release\testprojectwon.dll" id="a6e4ad87-2576-c8ef-87da-6cb2f57795fd">
      <Execution id="4657eeaa-dee3-4841-abcf-f2200dea8eec" />
      <TestMethod codeBase="C:\agent\_work\8\s\TestProjectWON\bin\Release\TestProjectWON.dll" adapterTypeName="executor://mstestadapter/v1" className="TestProjectWON.UnitTest1" name="TestMethod712" />
    </UnitTest>
    <UnitTest name="TestMethod837" storage="c:\agent\_work\8\s\testprojectwon\bin\release\testprojectwon.dll" id="41ecebc9-74af-42bd-181b-155796a14796">
      <Execution id="be479cec-2394-4e05-b38f-48f1f79574ff" />
      <TestMethod codeBase="C:\agent\_work\8\s\TestProjectWON\bin\Release\TestProjectWON.dll" adapterTypeName="executor://mstestadapter/v1" className="TestProjectWON.UnitTest1" name="TestMethod837" />
    </UnitTest>
    <UnitTest name="TestMethod328" storage="c:\agent\_work\8\s\testprojectwon\bin\release\testprojectwon.dll" id="42dce079-c8cf-62fa-c9ff-9e14c4f58eaa">
      <Execution id="04bba977-6bdc-4198-b969-207d217365bf" />
      <TestMethod codeBase="C:\agent\_work\8\s\TestProjectWON\bin\Release\TestProjectWON.dll" adapterTypeName="executor://mstestadapter/v1" className="TestProjectWON.UnitTest1" name="TestMethod328" />
    </UnitTest>
    <UnitTest name="TestMethod879" storage="c:\agent\_work\8\s\testprojectwon\bin\release\testprojectwon.dll" id="558bbf3e-ad01-237f-31a6-a482e4972696">
      <Execution id="262e3e6f-8bca-4367-83cf-b7fae90e74b1" />
      <TestMethod codeBase="C:\agent\_work\8\s\TestProjectWON\bin\Release\TestProjectWON.dll" adapterTypeName="executor://mstestadapter/v1" className="TestProjectWON.UnitTest1" name="TestMethod879" />
    </UnitTest>
    <UnitTest name="TestMethod575" storage="c:\agent\_work\8\s\testprojectwon\bin\release\testprojectwon.dll" id="4ebd587b-6f47-7643-6f95-0ba5dfee9340">
      <Execution id="b0f0f488-6360-4f5a-9738-e298888fab34" />
      <TestMethod codeBase="C:\agent\_work\8\s\TestProjectWON\bin\Release\TestProjectWON.dll" adapterTypeName="executor://mstestadapter/v1" className="TestProjectWON.UnitTest1" name="TestMethod575" />
    </UnitTest>
    <UnitTest name="TestMethod584" storage="c:\agent\_work\8\s\testprojectwon\bin\release\testprojectwon.dll" id="acc5ed19-756d-b7df-a160-4ba93c70e6ba">
      <Execution id="a2d6be57-40e7-4683-a185-5b93d5d9bc5c" />
      <TestMethod codeBase="C:\agent\_work\8\s\TestProjectWON\bin\Release\TestProjectWON.dll" adapterTypeName="executor://mstestadapter/v1" className="TestProjectWON.UnitTest1" name="TestMethod584" />
    </UnitTest>
    <UnitTest name="TestMethod933" storage="c:\agent\_work\8\s\testprojectwon\bin\release\testprojectwon.dll" id="fb017625-fbee-c628-023c-a26622cccf10">
      <Execution id="6b16dafd-af0a-4c03-8fb9-e108fd974830" />
      <TestMethod codeBase="C:\agent\_work\8\s\TestProjectWON\bin\Release\TestProjectWON.dll" adapterTypeName="executor://mstestadapter/v1" className="TestProjectWON.UnitTest1" name="TestMethod933" />
    </UnitTest>
    <UnitTest name="TestMethod215" storage="c:\agent\_work\8\s\testprojectwon\bin\release\testprojectwon.dll" id="b371c621-a08b-1ffa-904c-27ea074f2ce7">
      <Execution id="7affa9cd-d16d-4cf1-820e-ef48aaf78f2f" />
      <TestMethod codeBase="C:\agent\_work\8\s\TestProjectWON\bin\Release\TestProjectWON.dll" adapterTypeName="executor://mstestadapter/v1" className="TestProjectWON.UnitTest1" name="TestMethod215" />
    </UnitTest>
    <UnitTest name="TestMethod744" storage="c:\agent\_work\8\s\testprojectwon\bin\release\testprojectwon.dll" id="e8cf5d70-9946-820d-ca3b-f86aabe77007">
      <Execution id="19684911-a62e-4b9e-ac33-27c357b4bdf6" />
      <TestMethod codeBase="C:\agent\_work\8\s\TestProjectWON\bin\Release\TestProjectWON.dll" adapterTypeName="executor://mstestadapter/v1" className="TestProjectWON.UnitTest1" name="TestMethod744" />
    </UnitTest>
    <UnitTest name="TestMethod307" storage="c:\agent\_work\8\s\testprojectwon\bin\release\testprojectwon.dll" id="75672b29-c2e6-e6b5-2b1f-3093819db5a8">
      <Execution id="88dac47f-b1a6-44b2-9bb4-bccf729571c4" />
      <TestMethod codeBase="C:\agent\_work\8\s\TestProjectWON\bin\Release\TestProjectWON.dll" adapterTypeName="executor://mstestadapter/v1" className="TestProjectWON.UnitTest1" name="TestMethod307" />
    </UnitTest>
    <UnitTest name="TestMethod826" storage="c:\agent\_work\8\s\testprojectwon\bin\release\testprojectwon.dll" id="e58a0942-0a45-f68c-4939-9698b6e41f36">
      <Execution id="8f6e2312-879e-45d4-a35e-f1fd9acefbe4" />
      <TestMethod codeBase="C:\agent\_work\8\s\TestProjectWON\bin\Release\TestProjectWON.dll" adapterTypeName="executor://mstestadapter/v1" className="TestProjectWON.UnitTest1" name="TestMethod826" />
    </UnitTest>
    <UnitTest name="TestMethod80" storage="c:\agent\_work\8\s\testprojectwon\bin\release\testprojectwon.dll" id="4f37197c-c656-2d24-76e4-0caf6e7a2cfa">
      <Execution id="c8e1bbad-b71a-4f96-87c0-1e6da81015ba" />
      <TestMethod codeBase="C:\agent\_work\8\s\TestProjectWON\bin\Release\TestProjectWON.dll" adapterTypeName="executor://mstestadapter/v1" className="TestProjectWON.UnitTest1" name="TestMethod80" />
    </UnitTest>
    <UnitTest name="TestMethod513" storage="c:\agent\_work\8\s\testprojectwon\bin\release\testprojectwon.dll" id="67c4334d-6d77-45b4-e2c4-3e9702879cf1">
      <Execution id="52715f62-8338-4492-bfcf-844a23aea4a3" />
      <TestMethod codeBase="C:\agent\_work\8\s\TestProjectWON\bin\Release\TestProjectWON.dll" adapterTypeName="executor://mstestadapter/v1" className="TestProjectWON.UnitTest1" name="TestMethod513" />
    </UnitTest>
    <UnitTest name="TestMethod997" storage="c:\agent\_work\8\s\testprojectwon\bin\release\testprojectwon.dll" id="9769dd8b-4049-758a-3947-cd0f87143707">
      <Execution id="a697d3cb-98d4-417e-90fb-e85efb4a0525" />
      <TestMethod codeBase="C:\agent\_work\8\s\TestProjectWON\bin\Release\TestProjectWON.dll" adapterTypeName="executor://mstestadapter/v1" className="TestProjectWON.UnitTest1" name="TestMethod997" />
    </UnitTest>
    <UnitTest name="TestMethod821" storage="c:\agent\_work\8\s\testprojectwon\bin\release\testprojectwon.dll" id="5ac84828-9966-8e1a-08c9-8ed72c4cde49">
      <Execution id="88b51aec-f9b0-4248-8762-3a5b1c1b1e44" />
      <TestMethod codeBase="C:\agent\_work\8\s\TestProjectWON\bin\Release\TestProjectWON.dll" adapterTypeName="executor://mstestadapter/v1" className="TestProjectWON.UnitTest1" name="TestMethod821" />
    </UnitTest>
    <UnitTest name="TestMethod498" storage="c:\agent\_work\8\s\testprojectwon\bin\release\testprojectwon.dll" id="ccdbf728-3666-1369-5630-cac7c9ba6732">
      <Execution id="8cb65b9b-7201-42ea-9a49-e05eec9c73c3" />
      <TestMethod codeBase="C:\agent\_work\8\s\TestProjectWON\bin\Release\TestProjectWON.dll" adapterTypeName="executor://mstestadapter/v1" className="TestProjectWON.UnitTest1" name="TestMethod498" />
    </UnitTest>
    <UnitTest name="TestMethod790" storage="c:\agent\_work\8\s\testprojectwon\bin\release\testprojectwon.dll" id="2d37474b-3bff-518c-3eb2-7e61c99f0232">
      <Execution id="538c8c8f-4fe9-4aa9-8bed-3e4cb90f989f" />
      <TestMethod codeBase="C:\agent\_work\8\s\TestProjectWON\bin\Release\TestProjectWON.dll" adapterTypeName="executor://mstestadapter/v1" className="TestProjectWON.UnitTest1" name="TestMethod790" />
    </UnitTest>
    <UnitTest name="TestMethod135" storage="c:\agent\_work\8\s\testprojectwon\bin\release\testprojectwon.dll" id="d120661f-8632-a32a-1ff6-69f4690aaab5">
      <Execution id="939cb517-f565-47e5-ba1a-35855735e3ea" />
      <TestMethod codeBase="C:\agent\_work\8\s\TestProjectWON\bin\Release\TestProjectWON.dll" adapterTypeName="executor://mstestadapter/v1" className="TestProjectWON.UnitTest1" name="TestMethod135" />
    </UnitTest>
    <UnitTest name="TestMethod989" storage="c:\agent\_work\8\s\testprojectwon\bin\release\testprojectwon.dll" id="b752c3a3-34d2-a6ba-c754-ff6ae312f261">
      <Execution id="d25a59a0-f397-4636-8224-a29c04f93304" />
      <TestMethod codeBase="C:\agent\_work\8\s\TestProjectWON\bin\Release\TestProjectWON.dll" adapterTypeName="executor://mstestadapter/v1" className="TestProjectWON.UnitTest1" name="TestMethod989" />
    </UnitTest>
    <UnitTest name="TestMethod118" storage="c:\agent\_work\8\s\testprojectwon\bin\release\testprojectwon.dll" id="36cdeb24-1c40-6d0a-e9f9-e07afe360faf">
      <Execution id="d74d1f69-a234-405e-84b3-297bf441bddc" />
      <TestMethod codeBase="C:\agent\_work\8\s\TestProjectWON\bin\Release\TestProjectWON.dll" adapterTypeName="executor://mstestadapter/v1" className="TestProjectWON.UnitTest1" name="TestMethod118" />
    </UnitTest>
    <UnitTest name="TestMethod243" storage="c:\agent\_work\8\s\testprojectwon\bin\release\testprojectwon.dll" id="ad6256fd-49a6-5d29-9f2f-3c372f001088">
      <Execution id="e5655da8-1de3-4586-b2bf-5a818e93117f" />
      <TestMethod codeBase="C:\agent\_work\8\s\TestProjectWON\bin\Release\TestProjectWON.dll" adapterTypeName="executor://mstestadapter/v1" className="TestProjectWON.UnitTest1" name="TestMethod243" />
    </UnitTest>
    <UnitTest name="TestMethod848" storage="c:\agent\_work\8\s\testprojectwon\bin\release\testprojectwon.dll" id="70353261-d671-838d-c783-4f34d69baa4b">
      <Execution id="17c0aedf-f1cb-4337-b0bc-e667c1a2ee41" />
      <TestMethod codeBase="C:\agent\_work\8\s\TestProjectWON\bin\Release\TestProjectWON.dll" adapterTypeName="executor://mstestadapter/v1" className="TestProjectWON.UnitTest1" name="TestMethod848" />
    </UnitTest>
    <UnitTest name="TestMethod432" storage="c:\agent\_work\8\s\testprojectwon\bin\release\testprojectwon.dll" id="83479372-ac22-3102-64a3-5de7bde0b436">
      <Execution id="74e45548-edf4-44c7-93f4-ca085a9364ba" />
      <TestMethod codeBase="C:\agent\_work\8\s\TestProjectWON\bin\Release\TestProjectWON.dll" adapterTypeName="executor://mstestadapter/v1" className="TestProjectWON.UnitTest1" name="TestMethod432" />
    </UnitTest>
    <UnitTest name="TestMethod750" storage="c:\agent\_work\8\s\testprojectwon\bin\release\testprojectwon.dll" id="df2d8e43-53ad-a069-83f3-f6ce5b005341">
      <Execution id="8356460b-2ff4-41cd-bd91-9875df33c8c6" />
      <TestMethod codeBase="C:\agent\_work\8\s\TestProjectWON\bin\Release\TestProjectWON.dll" adapterTypeName="executor://mstestadapter/v1" className="TestProjectWON.UnitTest1" name="TestMethod750" />
    </UnitTest>
    <UnitTest name="TestMethod567" storage="c:\agent\_work\8\s\testprojectwon\bin\release\testprojectwon.dll" id="af8395b7-893f-6530-0c75-18ea7b0cb16b">
      <Execution id="f24cc66d-62fa-4bb8-99bb-c42a2c5a8af0" />
      <TestMethod codeBase="C:\agent\_work\8\s\TestProjectWON\bin\Release\TestProjectWON.dll" adapterTypeName="executor://mstestadapter/v1" className="TestProjectWON.UnitTest1" name="TestMethod567" />
    </UnitTest>
    <UnitTest name="TestMethod929" storage="c:\agent\_work\8\s\testprojectwon\bin\release\testprojectwon.dll" id="8b53428c-a713-6b36-2567-9117ab16c585">
      <Execution id="ab90c0ff-8830-44e7-9543-c728ffe17801" />
      <TestMethod codeBase="C:\agent\_work\8\s\TestProjectWON\bin\Release\TestProjectWON.dll" adapterTypeName="executor://mstestadapter/v1" className="TestProjectWON.UnitTest1" name="TestMethod929" />
    </UnitTest>
    <UnitTest name="TestMethod853" storage="c:\agent\_work\8\s\testprojectwon\bin\release\testprojectwon.dll" id="f82332ef-7e4a-1896-d313-946a251f4768">
      <Execution id="87c3462b-b8a3-423f-a5dd-134c034f1dee" />
      <TestMethod codeBase="C:\agent\_work\8\s\TestProjectWON\bin\Release\TestProjectWON.dll" adapterTypeName="executor://mstestadapter/v1" className="TestProjectWON.UnitTest1" name="TestMethod853" />
    </UnitTest>
    <UnitTest name="TestMethod668" storage="c:\agent\_work\8\s\testprojectwon\bin\release\testprojectwon.dll" id="bc65e94b-7077-ded6-39f5-e5d52741d172">
      <Execution id="9ff7aeb0-7bb6-4860-884e-4d4e452302bc" />
      <TestMethod codeBase="C:\agent\_work\8\s\TestProjectWON\bin\Release\TestProjectWON.dll" adapterTypeName="executor://mstestadapter/v1" className="TestProjectWON.UnitTest1" name="TestMethod668" />
    </UnitTest>
    <UnitTest name="TestMethod553" storage="c:\agent\_work\8\s\testprojectwon\bin\release\testprojectwon.dll" id="a013e890-d611-1854-7b6c-ec3e16af280d">
      <Execution id="38572612-98f9-43de-8b02-61fdb2bb9559" />
      <TestMethod codeBase="C:\agent\_work\8\s\TestProjectWON\bin\Release\TestProjectWON.dll" adapterTypeName="executor://mstestadapter/v1" className="TestProjectWON.UnitTest1" name="TestMethod553" />
    </UnitTest>
    <UnitTest name="TestMethod411" storage="c:\agent\_work\8\s\testprojectwon\bin\release\testprojectwon.dll" id="dfc76857-5068-fa73-5484-889d9772bdb5">
      <Execution id="48c86ea0-004a-4f32-a4c3-b738c7d51351" />
      <TestMethod codeBase="C:\agent\_work\8\s\TestProjectWON\bin\Release\TestProjectWON.dll" adapterTypeName="executor://mstestadapter/v1" className="TestProjectWON.UnitTest1" name="TestMethod411" />
    </UnitTest>
    <UnitTest name="TestMethod557" storage="c:\agent\_work\8\s\testprojectwon\bin\release\testprojectwon.dll" id="6d6df8c4-026d-d6b4-a18d-53a88f110858">
      <Execution id="7a152878-1c7d-46f9-a221-55e884313868" />
      <TestMethod codeBase="C:\agent\_work\8\s\TestProjectWON\bin\Release\TestProjectWON.dll" adapterTypeName="executor://mstestadapter/v1" className="TestProjectWON.UnitTest1" name="TestMethod557" />
    </UnitTest>
    <UnitTest name="TestMethod129" storage="c:\agent\_work\8\s\testprojectwon\bin\release\testprojectwon.dll" id="772eca89-e36b-2caf-3a61-430b15d26025">
      <Execution id="92cf5bf2-b468-4337-8837-c389cad3a3b9" />
      <TestMethod codeBase="C:\agent\_work\8\s\TestProjectWON\bin\Release\TestProjectWON.dll" adapterTypeName="executor://mstestadapter/v1" className="TestProjectWON.UnitTest1" name="TestMethod129" />
    </UnitTest>
    <UnitTest name="TestMethod343" storage="c:\agent\_work\8\s\testprojectwon\bin\release\testprojectwon.dll" id="4dcdae58-fdaf-cc1d-331a-86b37afe9b16">
      <Execution id="c5ff08d6-4144-44b6-88f1-234d67b52244" />
      <TestMethod codeBase="C:\agent\_work\8\s\TestProjectWON\bin\Release\TestProjectWON.dll" adapterTypeName="executor://mstestadapter/v1" className="TestProjectWON.UnitTest1" name="TestMethod343" />
    </UnitTest>
    <UnitTest name="TestMethod577" storage="c:\agent\_work\8\s\testprojectwon\bin\release\testprojectwon.dll" id="a471cbe6-ddac-d857-6850-01d41582ed50">
      <Execution id="32885ba2-b68b-43e5-8cee-adc21389f215" />
      <TestMethod codeBase="C:\agent\_work\8\s\TestProjectWON\bin\Release\TestProjectWON.dll" adapterTypeName="executor://mstestadapter/v1" className="TestProjectWON.UnitTest1" name="TestMethod577" />
    </UnitTest>
    <UnitTest name="TestMethod245" storage="c:\agent\_work\8\s\testprojectwon\bin\release\testprojectwon.dll" id="4f1f47b0-26b2-1979-634e-f8f9191ffc10">
      <Execution id="d1e782fa-9c82-4a92-96bb-b4bbdfeb053e" />
      <TestMethod codeBase="C:\agent\_work\8\s\TestProjectWON\bin\Release\TestProjectWON.dll" adapterTypeName="executor://mstestadapter/v1" className="TestProjectWON.UnitTest1" name="TestMethod245" />
    </UnitTest>
    <UnitTest name="TestMethod374" storage="c:\agent\_work\8\s\testprojectwon\bin\release\testprojectwon.dll" id="ae554e2f-9239-c2e4-e83d-b0868067315c">
      <Execution id="da055a6b-3e6b-4d4e-8c88-dd8fb57a7996" />
      <TestMethod codeBase="C:\agent\_work\8\s\TestProjectWON\bin\Release\TestProjectWON.dll" adapterTypeName="executor://mstestadapter/v1" className="TestProjectWON.UnitTest1" name="TestMethod374" />
    </UnitTest>
    <UnitTest name="TestMethod147" storage="c:\agent\_work\8\s\testprojectwon\bin\release\testprojectwon.dll" id="ee35ed0f-0707-c177-e433-7bad4e0be667">
      <Execution id="f2fa650d-2b9e-472f-a1d2-16bf5258b54c" />
      <TestMethod codeBase="C:\agent\_work\8\s\TestProjectWON\bin\Release\TestProjectWON.dll" adapterTypeName="executor://mstestadapter/v1" className="TestProjectWON.UnitTest1" name="TestMethod147" />
    </UnitTest>
    <UnitTest name="TestMethod964" storage="c:\agent\_work\8\s\testprojectwon\bin\release\testprojectwon.dll" id="19e78dcf-3489-c6d6-31d1-cf857baee8be">
      <Execution id="f764d5d1-8673-4d74-a6e4-3f4dde3ffd9d" />
      <TestMethod codeBase="C:\agent\_work\8\s\TestProjectWON\bin\Release\TestProjectWON.dll" adapterTypeName="executor://mstestadapter/v1" className="TestProjectWON.UnitTest1" name="TestMethod964" />
    </UnitTest>
    <UnitTest name="TestMethod73" storage="c:\agent\_work\8\s\testprojectwon\bin\release\testprojectwon.dll" id="294ba9fd-ebf0-e07f-0c4f-ec64d3d76a08">
      <Execution id="29b7569e-38f7-47a5-aaca-deff42e18d29" />
      <TestMethod codeBase="C:\agent\_work\8\s\TestProjectWON\bin\Release\TestProjectWON.dll" adapterTypeName="executor://mstestadapter/v1" className="TestProjectWON.UnitTest1" name="TestMethod73" />
    </UnitTest>
    <UnitTest name="TestMethod300" storage="c:\agent\_work\8\s\testprojectwon\bin\release\testprojectwon.dll" id="222cdf2b-16af-8c5e-c16d-532bea36228f">
      <Execution id="d5522574-5898-4b6b-a22e-e340c81d3d36" />
      <TestMethod codeBase="C:\agent\_work\8\s\TestProjectWON\bin\Release\TestProjectWON.dll" adapterTypeName="executor://mstestadapter/v1" className="TestProjectWON.UnitTest1" name="TestMethod300" />
    </UnitTest>
    <UnitTest name="TestMethod719" storage="c:\agent\_work\8\s\testprojectwon\bin\release\testprojectwon.dll" id="370f35f5-bfe9-745c-58b6-400f0927afca">
      <Execution id="2cb9d226-3d11-4981-a693-fbe72c743c3b" />
      <TestMethod codeBase="C:\agent\_work\8\s\TestProjectWON\bin\Release\TestProjectWON.dll" adapterTypeName="executor://mstestadapter/v1" className="TestProjectWON.UnitTest1" name="TestMethod719" />
    </UnitTest>
    <UnitTest name="TestMethod325" storage="c:\agent\_work\8\s\testprojectwon\bin\release\testprojectwon.dll" id="b5a9a3d5-d167-45c8-8a44-b9a8abfe972c">
      <Execution id="fd50fe16-4069-44af-817c-344e81ce8452" />
      <TestMethod codeBase="C:\agent\_work\8\s\TestProjectWON\bin\Release\TestProjectWON.dll" adapterTypeName="executor://mstestadapter/v1" className="TestProjectWON.UnitTest1" name="TestMethod325" />
    </UnitTest>
    <UnitTest name="TestMethod469" storage="c:\agent\_work\8\s\testprojectwon\bin\release\testprojectwon.dll" id="01edfe3a-b99c-0e95-d27d-a91e1755f99c">
      <Execution id="3cd3331d-4e21-491a-960c-f69aa7ade467" />
      <TestMethod codeBase="C:\agent\_work\8\s\TestProjectWON\bin\Release\TestProjectWON.dll" adapterTypeName="executor://mstestadapter/v1" className="TestProjectWON.UnitTest1" name="TestMethod469" />
    </UnitTest>
    <UnitTest name="TestMethod87" storage="c:\agent\_work\8\s\testprojectwon\bin\release\testprojectwon.dll" id="add72046-ccff-bd30-3e2d-67324405212d">
      <Execution id="86495352-d6c4-41f1-9f11-dfe70f5626a4" />
      <TestMethod codeBase="C:\agent\_work\8\s\TestProjectWON\bin\Release\TestProjectWON.dll" adapterTypeName="executor://mstestadapter/v1" className="TestProjectWON.UnitTest1" name="TestMethod87" />
    </UnitTest>
    <UnitTest name="TestMethod437" storage="c:\agent\_work\8\s\testprojectwon\bin\release\testprojectwon.dll" id="0df0539f-4daf-4901-0eea-892979bbc6ad">
      <Execution id="26174034-a738-41c1-9e77-da31700bde2c" />
      <TestMethod codeBase="C:\agent\_work\8\s\TestProjectWON\bin\Release\TestProjectWON.dll" adapterTypeName="executor://mstestadapter/v1" className="TestProjectWON.UnitTest1" name="TestMethod437" />
    </UnitTest>
    <UnitTest name="TestMethod854" storage="c:\agent\_work\8\s\testprojectwon\bin\release\testprojectwon.dll" id="a419c818-7a3d-445b-18e2-f3e57d583b25">
      <Execution id="264b4f55-eb72-4c8e-b0ef-cf5e1ec41513" />
      <TestMethod codeBase="C:\agent\_work\8\s\TestProjectWON\bin\Release\TestProjectWON.dll" adapterTypeName="executor://mstestadapter/v1" className="TestProjectWON.UnitTest1" name="TestMethod854" />
    </UnitTest>
    <UnitTest name="TestMethod955" storage="c:\agent\_work\8\s\testprojectwon\bin\release\testprojectwon.dll" id="93a4a2bf-3314-dade-c7e2-a2485760c42e">
      <Execution id="02d95b69-6eeb-43e2-bc4f-23c6de7a672c" />
      <TestMethod codeBase="C:\agent\_work\8\s\TestProjectWON\bin\Release\TestProjectWON.dll" adapterTypeName="executor://mstestadapter/v1" className="TestProjectWON.UnitTest1" name="TestMethod955" />
    </UnitTest>
    <UnitTest name="TestMethod53" storage="c:\agent\_work\8\s\testprojectwon\bin\release\testprojectwon.dll" id="a1642685-eac0-7b53-ddc9-66f11b3b5cdc">
      <Execution id="01a713e5-543c-4f46-a39f-6134837304f3" />
      <TestMethod codeBase="C:\agent\_work\8\s\TestProjectWON\bin\Release\TestProjectWON.dll" adapterTypeName="executor://mstestadapter/v1" className="TestProjectWON.UnitTest1" name="TestMethod53" />
    </UnitTest>
    <UnitTest name="TestMethod265" storage="c:\agent\_work\8\s\testprojectwon\bin\release\testprojectwon.dll" id="9690d7c7-ef93-a224-41e2-b62a3eea7ce8">
      <Execution id="8c2804c3-9c6c-443a-8857-e77c3a10d64e" />
      <TestMethod codeBase="C:\agent\_work\8\s\TestProjectWON\bin\Release\TestProjectWON.dll" adapterTypeName="executor://mstestadapter/v1" className="TestProjectWON.UnitTest1" name="TestMethod265" />
    </UnitTest>
    <UnitTest name="TestMethod419" storage="c:\agent\_work\8\s\testprojectwon\bin\release\testprojectwon.dll" id="b6826cf0-8226-8aee-6843-71579432701f">
      <Execution id="61509a61-a379-478a-9699-05b8ebe98515" />
      <TestMethod codeBase="C:\agent\_work\8\s\TestProjectWON\bin\Release\TestProjectWON.dll" adapterTypeName="executor://mstestadapter/v1" className="TestProjectWON.UnitTest1" name="TestMethod419" />
    </UnitTest>
    <UnitTest name="TestMethod463" storage="c:\agent\_work\8\s\testprojectwon\bin\release\testprojectwon.dll" id="de7b907d-6191-4d8c-973b-2cc373c72fb7">
      <Execution id="88b69449-406e-4881-90d8-460946cf80ec" />
      <TestMethod codeBase="C:\agent\_work\8\s\TestProjectWON\bin\Release\TestProjectWON.dll" adapterTypeName="executor://mstestadapter/v1" className="TestProjectWON.UnitTest1" name="TestMethod463" />
    </UnitTest>
    <UnitTest name="TestMethod956" storage="c:\agent\_work\8\s\testprojectwon\bin\release\testprojectwon.dll" id="b1a133e2-bb63-127f-db68-ba6dab916cde">
      <Execution id="9bd88bb3-f06b-4379-8cb2-3630b0c8aa53" />
      <TestMethod codeBase="C:\agent\_work\8\s\TestProjectWON\bin\Release\TestProjectWON.dll" adapterTypeName="executor://mstestadapter/v1" className="TestProjectWON.UnitTest1" name="TestMethod956" />
    </UnitTest>
    <UnitTest name="TestMethod330" storage="c:\agent\_work\8\s\testprojectwon\bin\release\testprojectwon.dll" id="3b4cf534-b501-3aeb-a08b-237bd2afc4a1">
      <Execution id="af125306-0e0c-4cc9-98d7-ea803f4cff72" />
      <TestMethod codeBase="C:\agent\_work\8\s\TestProjectWON\bin\Release\TestProjectWON.dll" adapterTypeName="executor://mstestadapter/v1" className="TestProjectWON.UnitTest1" name="TestMethod330" />
    </UnitTest>
    <UnitTest name="TestMethod922" storage="c:\agent\_work\8\s\testprojectwon\bin\release\testprojectwon.dll" id="d0835474-54a2-68b1-7f10-3e1e88991a85">
      <Execution id="887ffa4a-28cc-4dd3-938a-06978200da3c" />
      <TestMethod codeBase="C:\agent\_work\8\s\TestProjectWON\bin\Release\TestProjectWON.dll" adapterTypeName="executor://mstestadapter/v1" className="TestProjectWON.UnitTest1" name="TestMethod922" />
    </UnitTest>
    <UnitTest name="TestMethod11" storage="c:\agent\_work\8\s\testprojectwon\bin\release\testprojectwon.dll" id="c5fbc3fb-b202-c792-eb13-27240e349d77">
      <Execution id="5e078837-602f-4aa6-84bf-36664e1ef07f" />
      <TestMethod codeBase="C:\agent\_work\8\s\TestProjectWON\bin\Release\TestProjectWON.dll" adapterTypeName="executor://mstestadapter/v1" className="TestProjectWON.UnitTest1" name="TestMethod11" />
    </UnitTest>
    <UnitTest name="TestMethod981" storage="c:\agent\_work\8\s\testprojectwon\bin\release\testprojectwon.dll" id="eef1d5fa-f70e-9435-6c4f-65fc77d3b605">
      <Execution id="71891d24-511f-4152-9a19-3ebf48189072" />
      <TestMethod codeBase="C:\agent\_work\8\s\TestProjectWON\bin\Release\TestProjectWON.dll" adapterTypeName="executor://mstestadapter/v1" className="TestProjectWON.UnitTest1" name="TestMethod981" />
    </UnitTest>
    <UnitTest name="TestMethod99" storage="c:\agent\_work\8\s\testprojectwon\bin\release\testprojectwon.dll" id="1ab15874-8cee-3a39-5577-f36cafb14094">
      <Execution id="51bd24f3-b2f9-4226-b0b0-fcca57c1dd4b" />
      <TestMethod codeBase="C:\agent\_work\8\s\TestProjectWON\bin\Release\TestProjectWON.dll" adapterTypeName="executor://mstestadapter/v1" className="TestProjectWON.UnitTest1" name="TestMethod99" />
    </UnitTest>
    <UnitTest name="TestMethod18" storage="c:\agent\_work\8\s\testprojectwon\bin\release\testprojectwon.dll" id="db77af82-b3b6-8406-262b-e90d81f20ca7">
      <Execution id="3376520d-c6ef-469e-bee7-a40c1561646e" />
      <TestMethod codeBase="C:\agent\_work\8\s\TestProjectWON\bin\Release\TestProjectWON.dll" adapterTypeName="executor://mstestadapter/v1" className="TestProjectWON.UnitTest1" name="TestMethod18" />
    </UnitTest>
    <UnitTest name="TestMethod351" storage="c:\agent\_work\8\s\testprojectwon\bin\release\testprojectwon.dll" id="2ddc613f-8f4d-2a7d-21f8-6782a493c660">
      <Execution id="768800d1-6ce3-43dc-acb6-bbbf72e5b3cd" />
      <TestMethod codeBase="C:\agent\_work\8\s\TestProjectWON\bin\Release\TestProjectWON.dll" adapterTypeName="executor://mstestadapter/v1" className="TestProjectWON.UnitTest1" name="TestMethod351" />
    </UnitTest>
    <UnitTest name="TestMethod380" storage="c:\agent\_work\8\s\testprojectwon\bin\release\testprojectwon.dll" id="2d5ec2c3-5499-68a2-548e-21a937a4df8e">
      <Execution id="a2b22bf9-d0b4-4b96-a8b8-48065099a781" />
      <TestMethod codeBase="C:\agent\_work\8\s\TestProjectWON\bin\Release\TestProjectWON.dll" adapterTypeName="executor://mstestadapter/v1" className="TestProjectWON.UnitTest1" name="TestMethod380" />
    </UnitTest>
    <UnitTest name="TestMethod158" storage="c:\agent\_work\8\s\testprojectwon\bin\release\testprojectwon.dll" id="e60b2040-6cec-12c4-4608-32c88d59f85d">
      <Execution id="c096df52-abce-483a-a831-77f3081e82c6" />
      <TestMethod codeBase="C:\agent\_work\8\s\TestProjectWON\bin\Release\TestProjectWON.dll" adapterTypeName="executor://mstestadapter/v1" className="TestProjectWON.UnitTest1" name="TestMethod158" />
    </UnitTest>
    <UnitTest name="TestMethod563" storage="c:\agent\_work\8\s\testprojectwon\bin\release\testprojectwon.dll" id="76b0051c-d669-07e5-e3f7-8259ed5aba13">
      <Execution id="1fe66cd7-ca1d-451b-9368-cea3a1c4145a" />
      <TestMethod codeBase="C:\agent\_work\8\s\TestProjectWON\bin\Release\TestProjectWON.dll" adapterTypeName="executor://mstestadapter/v1" className="TestProjectWON.UnitTest1" name="TestMethod563" />
    </UnitTest>
    <UnitTest name="TestMethod588" storage="c:\agent\_work\8\s\testprojectwon\bin\release\testprojectwon.dll" id="2144b94f-1882-297c-7cb6-058dca001fe7">
      <Execution id="8c92f7d9-cdab-4b37-bcda-55843fc038bb" />
      <TestMethod codeBase="C:\agent\_work\8\s\TestProjectWON\bin\Release\TestProjectWON.dll" adapterTypeName="executor://mstestadapter/v1" className="TestProjectWON.UnitTest1" name="TestMethod588" />
    </UnitTest>
    <UnitTest name="TestMethod569" storage="c:\agent\_work\8\s\testprojectwon\bin\release\testprojectwon.dll" id="19204f89-2f3e-d8c5-8a90-013beaa72f75">
      <Execution id="ce68babb-6ae2-48ef-ae41-b87ad6f4b96c" />
      <TestMethod codeBase="C:\agent\_work\8\s\TestProjectWON\bin\Release\TestProjectWON.dll" adapterTypeName="executor://mstestadapter/v1" className="TestProjectWON.UnitTest1" name="TestMethod569" />
    </UnitTest>
    <UnitTest name="TestMethod54" storage="c:\agent\_work\8\s\testprojectwon\bin\release\testprojectwon.dll" id="32d8d35d-18bd-1759-e4a1-a2f559756a8e">
      <Execution id="3c99ccbd-bfdc-4a04-b7bd-21eca79df1f7" />
      <TestMethod codeBase="C:\agent\_work\8\s\TestProjectWON\bin\Release\TestProjectWON.dll" adapterTypeName="executor://mstestadapter/v1" className="TestProjectWON.UnitTest1" name="TestMethod54" />
    </UnitTest>
    <UnitTest name="TestMethod376" storage="c:\agent\_work\8\s\testprojectwon\bin\release\testprojectwon.dll" id="fce2a897-5391-c680-2ec1-eccdd47b8b22">
      <Execution id="dd2f25f8-0251-49ed-ac54-e03ff30a481d" />
      <TestMethod codeBase="C:\agent\_work\8\s\TestProjectWON\bin\Release\TestProjectWON.dll" adapterTypeName="executor://mstestadapter/v1" className="TestProjectWON.UnitTest1" name="TestMethod376" />
    </UnitTest>
    <UnitTest name="TestMethod244" storage="c:\agent\_work\8\s\testprojectwon\bin\release\testprojectwon.dll" id="15e47ca3-a331-c582-4361-ca5f4ecb461d">
      <Execution id="9df4c5a2-1be0-4db1-ad9c-dd0b24b788ff" />
      <TestMethod codeBase="C:\agent\_work\8\s\TestProjectWON\bin\Release\TestProjectWON.dll" adapterTypeName="executor://mstestadapter/v1" className="TestProjectWON.UnitTest1" name="TestMethod244" />
    </UnitTest>
    <UnitTest name="TestMethod218" storage="c:\agent\_work\8\s\testprojectwon\bin\release\testprojectwon.dll" id="1b38b5e4-4fe8-049e-0c45-204c19fce78a">
      <Execution id="6efaab2d-ce65-4ec8-9a1d-036166dd1112" />
      <TestMethod codeBase="C:\agent\_work\8\s\TestProjectWON\bin\Release\TestProjectWON.dll" adapterTypeName="executor://mstestadapter/v1" className="TestProjectWON.UnitTest1" name="TestMethod218" />
    </UnitTest>
    <UnitTest name="TestMethod103" storage="c:\agent\_work\8\s\testprojectwon\bin\release\testprojectwon.dll" id="dce8c19a-cd95-9820-a312-000e0497d5ed">
      <Execution id="81872d8b-31d0-41d9-b446-8f7133c97103" />
      <TestMethod codeBase="C:\agent\_work\8\s\TestProjectWON\bin\Release\TestProjectWON.dll" adapterTypeName="executor://mstestadapter/v1" className="TestProjectWON.UnitTest1" name="TestMethod103" />
    </UnitTest>
    <UnitTest name="TestMethod629" storage="c:\agent\_work\8\s\testprojectwon\bin\release\testprojectwon.dll" id="1631a3c2-40e2-d466-5e63-8dbcbdbde77a">
      <Execution id="59bfa574-c600-4159-8c3e-e3ed831b196c" />
      <TestMethod codeBase="C:\agent\_work\8\s\TestProjectWON\bin\Release\TestProjectWON.dll" adapterTypeName="executor://mstestadapter/v1" className="TestProjectWON.UnitTest1" name="TestMethod629" />
    </UnitTest>
    <UnitTest name="TestMethod707" storage="c:\agent\_work\8\s\testprojectwon\bin\release\testprojectwon.dll" id="12b9f234-a2ef-04c5-b6f4-6a34855ffbd4">
      <Execution id="2e340804-f9de-4788-8cef-a162f36b055e" />
      <TestMethod codeBase="C:\agent\_work\8\s\TestProjectWON\bin\Release\TestProjectWON.dll" adapterTypeName="executor://mstestadapter/v1" className="TestProjectWON.UnitTest1" name="TestMethod707" />
    </UnitTest>
    <UnitTest name="TestMethod701" storage="c:\agent\_work\8\s\testprojectwon\bin\release\testprojectwon.dll" id="6e59a956-84d3-e083-020a-c9519be250f8">
      <Execution id="59b73041-f10d-4628-abca-0ca0efee7c4d" />
      <TestMethod codeBase="C:\agent\_work\8\s\TestProjectWON\bin\Release\TestProjectWON.dll" adapterTypeName="executor://mstestadapter/v1" className="TestProjectWON.UnitTest1" name="TestMethod701" />
    </UnitTest>
    <UnitTest name="TestMethod708" storage="c:\agent\_work\8\s\testprojectwon\bin\release\testprojectwon.dll" id="a716168d-d91b-5f0c-aea6-10dcb52933ff">
      <Execution id="01019e69-3e0c-4cb9-ac0b-6a253c97e55b" />
      <TestMethod codeBase="C:\agent\_work\8\s\TestProjectWON\bin\Release\TestProjectWON.dll" adapterTypeName="executor://mstestadapter/v1" className="TestProjectWON.UnitTest1" name="TestMethod708" />
    </UnitTest>
    <UnitTest name="TestMethod852" storage="c:\agent\_work\8\s\testprojectwon\bin\release\testprojectwon.dll" id="98270f61-87ef-465b-a400-bbad02cf781c">
      <Execution id="1079e9ba-155b-4cb3-808c-3686873a4ba9" />
      <TestMethod codeBase="C:\agent\_work\8\s\TestProjectWON\bin\Release\TestProjectWON.dll" adapterTypeName="executor://mstestadapter/v1" className="TestProjectWON.UnitTest1" name="TestMethod852" />
    </UnitTest>
    <UnitTest name="TestMethod446" storage="c:\agent\_work\8\s\testprojectwon\bin\release\testprojectwon.dll" id="b6e3dd57-8de7-8937-780f-03582637681d">
      <Execution id="a11b04ae-e595-414d-876f-357efce8d694" />
      <TestMethod codeBase="C:\agent\_work\8\s\TestProjectWON\bin\Release\TestProjectWON.dll" adapterTypeName="executor://mstestadapter/v1" className="TestProjectWON.UnitTest1" name="TestMethod446" />
    </UnitTest>
    <UnitTest name="TestMethod592" storage="c:\agent\_work\8\s\testprojectwon\bin\release\testprojectwon.dll" id="eb1b84dc-d7db-f2a7-decc-0d6c0eb864dd">
      <Execution id="1f15de65-681d-4e94-b990-4c83b41323e0" />
      <TestMethod codeBase="C:\agent\_work\8\s\TestProjectWON\bin\Release\TestProjectWON.dll" adapterTypeName="executor://mstestadapter/v1" className="TestProjectWON.UnitTest1" name="TestMethod592" />
    </UnitTest>
    <UnitTest name="TestMethod720" storage="c:\agent\_work\8\s\testprojectwon\bin\release\testprojectwon.dll" id="c1f97e1b-9097-ee45-a128-9c8ad72fdcca">
      <Execution id="06a97192-d43e-4bb7-98d7-8325bc671dd1" />
      <TestMethod codeBase="C:\agent\_work\8\s\TestProjectWON\bin\Release\TestProjectWON.dll" adapterTypeName="executor://mstestadapter/v1" className="TestProjectWON.UnitTest1" name="TestMethod720" />
    </UnitTest>
    <UnitTest name="TestMethod489" storage="c:\agent\_work\8\s\testprojectwon\bin\release\testprojectwon.dll" id="adb9a7e1-50d7-ee31-9947-792b6887d4a5">
      <Execution id="31d89eae-8c71-432b-ab2b-b460d91ed1f3" />
      <TestMethod codeBase="C:\agent\_work\8\s\TestProjectWON\bin\Release\TestProjectWON.dll" adapterTypeName="executor://mstestadapter/v1" className="TestProjectWON.UnitTest1" name="TestMethod489" />
    </UnitTest>
    <UnitTest name="TestMethod249" storage="c:\agent\_work\8\s\testprojectwon\bin\release\testprojectwon.dll" id="818b93cc-57c9-8a60-8c61-aaa8a7853397">
      <Execution id="a9cc9b42-29fe-4e25-93e3-4d239d52e675" />
      <TestMethod codeBase="C:\agent\_work\8\s\TestProjectWON\bin\Release\TestProjectWON.dll" adapterTypeName="executor://mstestadapter/v1" className="TestProjectWON.UnitTest1" name="TestMethod249" />
    </UnitTest>
    <UnitTest name="TestMethod667" storage="c:\agent\_work\8\s\testprojectwon\bin\release\testprojectwon.dll" id="0669e006-fd4c-cdc1-0dc3-ab7b15b82e40">
      <Execution id="79f0b608-4e84-4d76-81f0-d256f4819ed7" />
      <TestMethod codeBase="C:\agent\_work\8\s\TestProjectWON\bin\Release\TestProjectWON.dll" adapterTypeName="executor://mstestadapter/v1" className="TestProjectWON.UnitTest1" name="TestMethod667" />
    </UnitTest>
    <UnitTest name="TestMethod142" storage="c:\agent\_work\8\s\testprojectwon\bin\release\testprojectwon.dll" id="c3739f62-c7a3-e688-300b-d9d5a91a27a4">
      <Execution id="9f129863-fcb9-4678-99a5-4e3163e99d51" />
      <TestMethod codeBase="C:\agent\_work\8\s\TestProjectWON\bin\Release\TestProjectWON.dll" adapterTypeName="executor://mstestadapter/v1" className="TestProjectWON.UnitTest1" name="TestMethod142" />
    </UnitTest>
    <UnitTest name="TestMethod622" storage="c:\agent\_work\8\s\testprojectwon\bin\release\testprojectwon.dll" id="6b26a01d-1ae2-edb9-bf50-a5ad76486487">
      <Execution id="d7a9acc5-b3a8-45cc-b49e-ecda97d33743" />
      <TestMethod codeBase="C:\agent\_work\8\s\TestProjectWON\bin\Release\TestProjectWON.dll" adapterTypeName="executor://mstestadapter/v1" className="TestProjectWON.UnitTest1" name="TestMethod622" />
    </UnitTest>
    <UnitTest name="TestMethod194" storage="c:\agent\_work\8\s\testprojectwon\bin\release\testprojectwon.dll" id="26481e20-cc11-a039-86e0-29ab721f71e4">
      <Execution id="cb82b584-3f1e-4395-a5d0-d1cdd38c51c7" />
      <TestMethod codeBase="C:\agent\_work\8\s\TestProjectWON\bin\Release\TestProjectWON.dll" adapterTypeName="executor://mstestadapter/v1" className="TestProjectWON.UnitTest1" name="TestMethod194" />
    </UnitTest>
    <UnitTest name="TestMethod369" storage="c:\agent\_work\8\s\testprojectwon\bin\release\testprojectwon.dll" id="6bae33fa-e48a-771f-68c8-433a455bd508">
      <Execution id="25414f42-a9ee-45e5-b900-6373b0cdbdda" />
      <TestMethod codeBase="C:\agent\_work\8\s\TestProjectWON\bin\Release\TestProjectWON.dll" adapterTypeName="executor://mstestadapter/v1" className="TestProjectWON.UnitTest1" name="TestMethod369" />
    </UnitTest>
    <UnitTest name="TestMethod538" storage="c:\agent\_work\8\s\testprojectwon\bin\release\testprojectwon.dll" id="660e17c7-b163-10b3-51cd-c804422c0956">
      <Execution id="60d78c4d-2f07-4894-a6d7-32501b3007e0" />
      <TestMethod codeBase="C:\agent\_work\8\s\TestProjectWON\bin\Release\TestProjectWON.dll" adapterTypeName="executor://mstestadapter/v1" className="TestProjectWON.UnitTest1" name="TestMethod538" />
    </UnitTest>
    <UnitTest name="TestMethod570" storage="c:\agent\_work\8\s\testprojectwon\bin\release\testprojectwon.dll" id="00ab9da5-4266-4353-9960-1936225879d1">
      <Execution id="980a5459-a4d6-4f76-ba67-73ade8cb1295" />
      <TestMethod codeBase="C:\agent\_work\8\s\TestProjectWON\bin\Release\TestProjectWON.dll" adapterTypeName="executor://mstestadapter/v1" className="TestProjectWON.UnitTest1" name="TestMethod570" />
    </UnitTest>
    <UnitTest name="TestMethod367" storage="c:\agent\_work\8\s\testprojectwon\bin\release\testprojectwon.dll" id="6efe8c94-aeca-9a30-5500-ec59c816f237">
      <Execution id="6f9eb6fe-aa73-4adc-870c-04f462dc65ad" />
      <TestMethod codeBase="C:\agent\_work\8\s\TestProjectWON\bin\Release\TestProjectWON.dll" adapterTypeName="executor://mstestadapter/v1" className="TestProjectWON.UnitTest1" name="TestMethod367" />
    </UnitTest>
    <UnitTest name="TestMethod273" storage="c:\agent\_work\8\s\testprojectwon\bin\release\testprojectwon.dll" id="0d431403-595c-9779-f98c-ab1f510f90ca">
      <Execution id="a5bf655d-5864-4f77-a998-50622344932a" />
      <TestMethod codeBase="C:\agent\_work\8\s\TestProjectWON\bin\Release\TestProjectWON.dll" adapterTypeName="executor://mstestadapter/v1" className="TestProjectWON.UnitTest1" name="TestMethod273" />
    </UnitTest>
    <UnitTest name="TestMethod905" storage="c:\agent\_work\8\s\testprojectwon\bin\release\testprojectwon.dll" id="53741d93-4183-126c-5794-6e3b44f8a90a">
      <Execution id="b8687494-9f02-4dc4-8ea3-3652815338e2" />
      <TestMethod codeBase="C:\agent\_work\8\s\TestProjectWON\bin\Release\TestProjectWON.dll" adapterTypeName="executor://mstestadapter/v1" className="TestProjectWON.UnitTest1" name="TestMethod905" />
    </UnitTest>
    <UnitTest name="TestMethod834" storage="c:\agent\_work\8\s\testprojectwon\bin\release\testprojectwon.dll" id="c837a97a-e51e-8bec-3d9c-2a1bd95a354a">
      <Execution id="44c53ced-3271-40f3-b20e-a93d06a72681" />
      <TestMethod codeBase="C:\agent\_work\8\s\TestProjectWON\bin\Release\TestProjectWON.dll" adapterTypeName="executor://mstestadapter/v1" className="TestProjectWON.UnitTest1" name="TestMethod834" />
    </UnitTest>
    <UnitTest name="TestMethod616" storage="c:\agent\_work\8\s\testprojectwon\bin\release\testprojectwon.dll" id="cdb4cd80-1a91-4813-980e-a6df9d6b35ec">
      <Execution id="5e8475d4-ebdb-4e54-a998-37d3fd436945" />
      <TestMethod codeBase="C:\agent\_work\8\s\TestProjectWON\bin\Release\TestProjectWON.dll" adapterTypeName="executor://mstestadapter/v1" className="TestProjectWON.UnitTest1" name="TestMethod616" />
    </UnitTest>
    <UnitTest name="TestMethod189" storage="c:\agent\_work\8\s\testprojectwon\bin\release\testprojectwon.dll" id="8a6ac2f4-81d7-a198-4ede-8286f3c1c548">
      <Execution id="3a2fd62c-3c35-434f-8e07-c43d525d442b" />
      <TestMethod codeBase="C:\agent\_work\8\s\TestProjectWON\bin\Release\TestProjectWON.dll" adapterTypeName="executor://mstestadapter/v1" className="TestProjectWON.UnitTest1" name="TestMethod189" />
    </UnitTest>
    <UnitTest name="TestMethod155" storage="c:\agent\_work\8\s\testprojectwon\bin\release\testprojectwon.dll" id="0b6e2ee6-2114-984f-bada-a3b5ed5e083c">
      <Execution id="a7fde043-a092-49d9-94d1-8f7e3fcc0410" />
      <TestMethod codeBase="C:\agent\_work\8\s\TestProjectWON\bin\Release\TestProjectWON.dll" adapterTypeName="executor://mstestadapter/v1" className="TestProjectWON.UnitTest1" name="TestMethod155" />
    </UnitTest>
    <UnitTest name="TestMethod184" storage="c:\agent\_work\8\s\testprojectwon\bin\release\testprojectwon.dll" id="9b09cd4c-cc43-15b2-2268-7045eb5e46a7">
      <Execution id="00ab95e5-5695-4c66-96c8-988ec0cb1220" />
      <TestMethod codeBase="C:\agent\_work\8\s\TestProjectWON\bin\Release\TestProjectWON.dll" adapterTypeName="executor://mstestadapter/v1" className="TestProjectWON.UnitTest1" name="TestMethod184" />
    </UnitTest>
    <UnitTest name="TestMethod969" storage="c:\agent\_work\8\s\testprojectwon\bin\release\testprojectwon.dll" id="b2cdc516-3860-d6a6-6f07-5e5ee5b2b5e2">
      <Execution id="5a9f96e1-9e16-418e-8952-247d655fb560" />
      <TestMethod codeBase="C:\agent\_work\8\s\TestProjectWON\bin\Release\TestProjectWON.dll" adapterTypeName="executor://mstestadapter/v1" className="TestProjectWON.UnitTest1" name="TestMethod969" />
    </UnitTest>
    <UnitTest name="TestMethod88" storage="c:\agent\_work\8\s\testprojectwon\bin\release\testprojectwon.dll" id="c5649bfd-fc53-3ed1-3b23-78de6ed87ccd">
      <Execution id="45d64e73-70ac-4533-af14-ccce83d8ff41" />
      <TestMethod codeBase="C:\agent\_work\8\s\TestProjectWON\bin\Release\TestProjectWON.dll" adapterTypeName="executor://mstestadapter/v1" className="TestProjectWON.UnitTest1" name="TestMethod88" />
    </UnitTest>
    <UnitTest name="TestMethod266" storage="c:\agent\_work\8\s\testprojectwon\bin\release\testprojectwon.dll" id="ad096218-c19b-f9d4-418a-22eb5410c3ad">
      <Execution id="ce8c5d94-8be0-4184-beca-0f7124daeb32" />
      <TestMethod codeBase="C:\agent\_work\8\s\TestProjectWON\bin\Release\TestProjectWON.dll" adapterTypeName="executor://mstestadapter/v1" className="TestProjectWON.UnitTest1" name="TestMethod266" />
    </UnitTest>
    <UnitTest name="TestMethod653" storage="c:\agent\_work\8\s\testprojectwon\bin\release\testprojectwon.dll" id="15b43855-4998-8825-5820-80ecb0ae847d">
      <Execution id="59cdc561-61ef-412d-8bd2-64448fada060" />
      <TestMethod codeBase="C:\agent\_work\8\s\TestProjectWON\bin\Release\TestProjectWON.dll" adapterTypeName="executor://mstestadapter/v1" className="TestProjectWON.UnitTest1" name="TestMethod653" />
    </UnitTest>
    <UnitTest name="TestMethod322" storage="c:\agent\_work\8\s\testprojectwon\bin\release\testprojectwon.dll" id="bfd7deee-8d8a-49cb-439a-536734f1e2b2">
      <Execution id="d19c7c7a-5b2c-48ad-9f43-c16366ef9427" />
      <TestMethod codeBase="C:\agent\_work\8\s\TestProjectWON\bin\Release\TestProjectWON.dll" adapterTypeName="executor://mstestadapter/v1" className="TestProjectWON.UnitTest1" name="TestMethod322" />
    </UnitTest>
    <UnitTest name="TestMethod777" storage="c:\agent\_work\8\s\testprojectwon\bin\release\testprojectwon.dll" id="ae40cd8d-fb37-c670-47a2-bc9cdefaaa15">
      <Execution id="bd310f71-3171-41b0-87be-537b211b238b" />
      <TestMethod codeBase="C:\agent\_work\8\s\TestProjectWON\bin\Release\TestProjectWON.dll" adapterTypeName="executor://mstestadapter/v1" className="TestProjectWON.UnitTest1" name="TestMethod777" />
    </UnitTest>
    <UnitTest name="TestMethod371" storage="c:\agent\_work\8\s\testprojectwon\bin\release\testprojectwon.dll" id="2759ae23-e9e8-858b-c5ed-2e9bbdc77c87">
      <Execution id="6bafe1c6-3c4a-4db0-93a5-dcebfbc4d848" />
      <TestMethod codeBase="C:\agent\_work\8\s\TestProjectWON\bin\Release\TestProjectWON.dll" adapterTypeName="executor://mstestadapter/v1" className="TestProjectWON.UnitTest1" name="TestMethod371" />
    </UnitTest>
    <UnitTest name="TestMethod528" storage="c:\agent\_work\8\s\testprojectwon\bin\release\testprojectwon.dll" id="03237757-b415-0fd0-975e-8617562fdc38">
      <Execution id="09031796-c6d5-406a-9c22-95c90e24a76e" />
      <TestMethod codeBase="C:\agent\_work\8\s\TestProjectWON\bin\Release\TestProjectWON.dll" adapterTypeName="executor://mstestadapter/v1" className="TestProjectWON.UnitTest1" name="TestMethod528" />
    </UnitTest>
    <UnitTest name="TestMethod663" storage="c:\agent\_work\8\s\testprojectwon\bin\release\testprojectwon.dll" id="26390b3c-43c2-37b6-9c12-64b96cae7b7f">
      <Execution id="78010d5b-c4c7-433c-bfa8-fd8df680f78c" />
      <TestMethod codeBase="C:\agent\_work\8\s\TestProjectWON\bin\Release\TestProjectWON.dll" adapterTypeName="executor://mstestadapter/v1" className="TestProjectWON.UnitTest1" name="TestMethod663" />
    </UnitTest>
    <UnitTest name="TestMethod146" storage="c:\agent\_work\8\s\testprojectwon\bin\release\testprojectwon.dll" id="c57b5ac3-e5ee-5197-1193-cb70696436ab">
      <Execution id="d72a09ce-0683-4c4e-9a14-a367d1412371" />
      <TestMethod codeBase="C:\agent\_work\8\s\TestProjectWON\bin\Release\TestProjectWON.dll" adapterTypeName="executor://mstestadapter/v1" className="TestProjectWON.UnitTest1" name="TestMethod146" />
    </UnitTest>
    <UnitTest name="TestMethod23" storage="c:\agent\_work\8\s\testprojectwon\bin\release\testprojectwon.dll" id="ba4e580a-84f0-9053-49d9-1cd64ca7177c">
      <Execution id="95438699-5f8f-431f-a583-93979cf0e0e6" />
      <TestMethod codeBase="C:\agent\_work\8\s\TestProjectWON\bin\Release\TestProjectWON.dll" adapterTypeName="executor://mstestadapter/v1" className="TestProjectWON.UnitTest1" name="TestMethod23" />
    </UnitTest>
    <UnitTest name="TestMethod669" storage="c:\agent\_work\8\s\testprojectwon\bin\release\testprojectwon.dll" id="5c86b07c-5c69-f3c3-d37f-1e9264d351c0">
      <Execution id="a28ec430-eb9a-429f-bf0d-834000e44322" />
      <TestMethod codeBase="C:\agent\_work\8\s\TestProjectWON\bin\Release\TestProjectWON.dll" adapterTypeName="executor://mstestadapter/v1" className="TestProjectWON.UnitTest1" name="TestMethod669" />
    </UnitTest>
    <UnitTest name="TestMethod796" storage="c:\agent\_work\8\s\testprojectwon\bin\release\testprojectwon.dll" id="a8be2e44-1e18-5f0a-228d-6feb6223854f">
      <Execution id="97b3e94f-55aa-4a85-8a8a-7fdcd60eb755" />
      <TestMethod codeBase="C:\agent\_work\8\s\TestProjectWON\bin\Release\TestProjectWON.dll" adapterTypeName="executor://mstestadapter/v1" className="TestProjectWON.UnitTest1" name="TestMethod796" />
    </UnitTest>
    <UnitTest name="TestMethod898" storage="c:\agent\_work\8\s\testprojectwon\bin\release\testprojectwon.dll" id="bd8000e8-4bb7-b34f-3322-24db8b37164f">
      <Execution id="153db2a3-9918-463e-9ea2-1a8517a0ff59" />
      <TestMethod codeBase="C:\agent\_work\8\s\TestProjectWON\bin\Release\TestProjectWON.dll" adapterTypeName="executor://mstestadapter/v1" className="TestProjectWON.UnitTest1" name="TestMethod898" />
    </UnitTest>
    <UnitTest name="TestMethod982" storage="c:\agent\_work\8\s\testprojectwon\bin\release\testprojectwon.dll" id="bb06bf78-ab21-b368-e7ef-1d7c921a2efd">
      <Execution id="fce76fd7-899d-4140-adca-ff91a2185af8" />
      <TestMethod codeBase="C:\agent\_work\8\s\TestProjectWON\bin\Release\TestProjectWON.dll" adapterTypeName="executor://mstestadapter/v1" className="TestProjectWON.UnitTest1" name="TestMethod982" />
    </UnitTest>
    <UnitTest name="TestMethod436" storage="c:\agent\_work\8\s\testprojectwon\bin\release\testprojectwon.dll" id="5a12a09e-ae50-9833-9313-11d595f36492">
      <Execution id="89d8a8e0-d93d-4510-b1fe-7d2090552f3e" />
      <TestMethod codeBase="C:\agent\_work\8\s\TestProjectWON\bin\Release\TestProjectWON.dll" adapterTypeName="executor://mstestadapter/v1" className="TestProjectWON.UnitTest1" name="TestMethod436" />
    </UnitTest>
    <UnitTest name="TestMethod967" storage="c:\agent\_work\8\s\testprojectwon\bin\release\testprojectwon.dll" id="da0c0bf8-239a-7aba-56e6-296b433406d6">
      <Execution id="24dabe52-5e0c-4847-ae88-15acd2fecd33" />
      <TestMethod codeBase="C:\agent\_work\8\s\TestProjectWON\bin\Release\TestProjectWON.dll" adapterTypeName="executor://mstestadapter/v1" className="TestProjectWON.UnitTest1" name="TestMethod967" />
    </UnitTest>
    <UnitTest name="TestMethod871" storage="c:\agent\_work\8\s\testprojectwon\bin\release\testprojectwon.dll" id="de7e5580-3bcf-d7fc-1403-c097971fccaa">
      <Execution id="7b0d699d-89d7-42f0-bc52-1b65c418bcea" />
      <TestMethod codeBase="C:\agent\_work\8\s\TestProjectWON\bin\Release\TestProjectWON.dll" adapterTypeName="executor://mstestadapter/v1" className="TestProjectWON.UnitTest1" name="TestMethod871" />
    </UnitTest>
    <UnitTest name="TestMethod457" storage="c:\agent\_work\8\s\testprojectwon\bin\release\testprojectwon.dll" id="37792299-3dd4-df61-3bcb-467028fc8533">
      <Execution id="c04e2e96-e713-4771-90be-ef61aa62e13b" />
      <TestMethod codeBase="C:\agent\_work\8\s\TestProjectWON\bin\Release\TestProjectWON.dll" adapterTypeName="executor://mstestadapter/v1" className="TestProjectWON.UnitTest1" name="TestMethod457" />
    </UnitTest>
    <UnitTest name="TestMethod286" storage="c:\agent\_work\8\s\testprojectwon\bin\release\testprojectwon.dll" id="6ff453f5-1223-2d25-c8b6-4211230bf1c6">
      <Execution id="a114ffc3-233d-4434-98b9-407c7e7106ce" />
      <TestMethod codeBase="C:\agent\_work\8\s\TestProjectWON\bin\Release\TestProjectWON.dll" adapterTypeName="executor://mstestadapter/v1" className="TestProjectWON.UnitTest1" name="TestMethod286" />
    </UnitTest>
    <UnitTest name="TestMethod197" storage="c:\agent\_work\8\s\testprojectwon\bin\release\testprojectwon.dll" id="9b8de71b-7848-1c62-28ae-159671066bbc">
      <Execution id="95e52bac-82d7-4cef-a317-f89daf676264" />
      <TestMethod codeBase="C:\agent\_work\8\s\TestProjectWON\bin\Release\TestProjectWON.dll" adapterTypeName="executor://mstestadapter/v1" className="TestProjectWON.UnitTest1" name="TestMethod197" />
    </UnitTest>
    <UnitTest name="TestMethod809" storage="c:\agent\_work\8\s\testprojectwon\bin\release\testprojectwon.dll" id="1b2e8616-7f51-c63e-cff4-936a22dfdc28">
      <Execution id="dbd3ce31-d72e-4bc9-a82d-96105516b4f9" />
      <TestMethod codeBase="C:\agent\_work\8\s\TestProjectWON\bin\Release\TestProjectWON.dll" adapterTypeName="executor://mstestadapter/v1" className="TestProjectWON.UnitTest1" name="TestMethod809" />
    </UnitTest>
    <UnitTest name="TestMethod858" storage="c:\agent\_work\8\s\testprojectwon\bin\release\testprojectwon.dll" id="bb86d2cd-8588-bac1-51d5-80fcce3fb41a">
      <Execution id="1ea13212-d626-44d9-8374-cd99b5ba545f" />
      <TestMethod codeBase="C:\agent\_work\8\s\TestProjectWON\bin\Release\TestProjectWON.dll" adapterTypeName="executor://mstestadapter/v1" className="TestProjectWON.UnitTest1" name="TestMethod858" />
    </UnitTest>
    <UnitTest name="TestMethod201" storage="c:\agent\_work\8\s\testprojectwon\bin\release\testprojectwon.dll" id="afd010af-4865-ccd0-1c97-5c05039cb3df">
      <Execution id="92adb0fd-f2f9-4dc3-b740-2560c8e9ba94" />
      <TestMethod codeBase="C:\agent\_work\8\s\TestProjectWON\bin\Release\TestProjectWON.dll" adapterTypeName="executor://mstestadapter/v1" className="TestProjectWON.UnitTest1" name="TestMethod201" />
    </UnitTest>
    <UnitTest name="TestMethod535" storage="c:\agent\_work\8\s\testprojectwon\bin\release\testprojectwon.dll" id="7cba5e7d-77d4-9489-5959-bb5f1dfd111c">
      <Execution id="d6a9b7e1-0068-4f88-982a-841f37e341f6" />
      <TestMethod codeBase="C:\agent\_work\8\s\TestProjectWON\bin\Release\TestProjectWON.dll" adapterTypeName="executor://mstestadapter/v1" className="TestProjectWON.UnitTest1" name="TestMethod535" />
    </UnitTest>
    <UnitTest name="TestMethod896" storage="c:\agent\_work\8\s\testprojectwon\bin\release\testprojectwon.dll" id="a79a68ab-af27-1920-e9d4-dd74146d4c1b">
      <Execution id="685fc700-635e-4674-8b83-b62d5f6414cd" />
      <TestMethod codeBase="C:\agent\_work\8\s\TestProjectWON\bin\Release\TestProjectWON.dll" adapterTypeName="executor://mstestadapter/v1" className="TestProjectWON.UnitTest1" name="TestMethod896" />
    </UnitTest>
    <UnitTest name="TestMethod903" storage="c:\agent\_work\8\s\testprojectwon\bin\release\testprojectwon.dll" id="241b7ae4-4756-4891-464a-7c487953a831">
      <Execution id="79eee0c9-0550-432d-8e88-41eefb212b0b" />
      <TestMethod codeBase="C:\agent\_work\8\s\TestProjectWON\bin\Release\TestProjectWON.dll" adapterTypeName="executor://mstestadapter/v1" className="TestProjectWON.UnitTest1" name="TestMethod903" />
    </UnitTest>
    <UnitTest name="TestMethod534" storage="c:\agent\_work\8\s\testprojectwon\bin\release\testprojectwon.dll" id="57c932be-d3b9-44d8-d536-6e31ea38d779">
      <Execution id="4dcdf085-5274-4710-8be3-c17380eb1908" />
      <TestMethod codeBase="C:\agent\_work\8\s\TestProjectWON\bin\Release\TestProjectWON.dll" adapterTypeName="executor://mstestadapter/v1" className="TestProjectWON.UnitTest1" name="TestMethod534" />
    </UnitTest>
    <UnitTest name="TestMethod25" storage="c:\agent\_work\8\s\testprojectwon\bin\release\testprojectwon.dll" id="419a3afa-c8e1-8187-edb6-40c935808019">
      <Execution id="0d211adc-a08b-4087-96b2-eaa45bd5bbbd" />
      <TestMethod codeBase="C:\agent\_work\8\s\TestProjectWON\bin\Release\TestProjectWON.dll" adapterTypeName="executor://mstestadapter/v1" className="TestProjectWON.UnitTest1" name="TestMethod25" />
    </UnitTest>
    <UnitTest name="TestMethod862" storage="c:\agent\_work\8\s\testprojectwon\bin\release\testprojectwon.dll" id="0a018b47-0f0a-86a3-e28b-fbc01e58c2dd">
      <Execution id="aa94a81c-6cc6-4d08-b060-7206e49418c8" />
      <TestMethod codeBase="C:\agent\_work\8\s\TestProjectWON\bin\Release\TestProjectWON.dll" adapterTypeName="executor://mstestadapter/v1" className="TestProjectWON.UnitTest1" name="TestMethod862" />
    </UnitTest>
    <UnitTest name="TestMethod401" storage="c:\agent\_work\8\s\testprojectwon\bin\release\testprojectwon.dll" id="f4c2441e-2a8e-327e-131d-c21c411869d0">
      <Execution id="b137fbc5-35d3-41d3-a76a-8307be37dfa2" />
      <TestMethod codeBase="C:\agent\_work\8\s\TestProjectWON\bin\Release\TestProjectWON.dll" adapterTypeName="executor://mstestadapter/v1" className="TestProjectWON.UnitTest1" name="TestMethod401" />
    </UnitTest>
    <UnitTest name="TestMethod0" storage="c:\agent\_work\8\s\testprojectwon\bin\release\testprojectwon.dll" id="38b9ac66-3a52-c107-e4a8-1e404bb2068f">
      <Execution id="9fafe641-f3bc-4a05-8baf-2956f62601e8" />
      <TestMethod codeBase="C:\agent\_work\8\s\TestProjectWON\bin\Release\TestProjectWON.dll" adapterTypeName="executor://mstestadapter/v1" className="TestProjectWON.UnitTest1" name="TestMethod0" />
    </UnitTest>
    <UnitTest name="TestMethod70" storage="c:\agent\_work\8\s\testprojectwon\bin\release\testprojectwon.dll" id="acaf8f11-c094-5279-81da-147803acc234">
      <Execution id="af9e6cb6-a4d4-4100-aa25-6df70fbeff5c" />
      <TestMethod codeBase="C:\agent\_work\8\s\TestProjectWON\bin\Release\TestProjectWON.dll" adapterTypeName="executor://mstestadapter/v1" className="TestProjectWON.UnitTest1" name="TestMethod70" />
    </UnitTest>
    <UnitTest name="TestMethod537" storage="c:\agent\_work\8\s\testprojectwon\bin\release\testprojectwon.dll" id="ecc438ed-cacc-283d-981c-7cb474e7f8e3">
      <Execution id="e9ba8aa2-5a8a-4166-a3b8-be78d3cb0f3f" />
      <TestMethod codeBase="C:\agent\_work\8\s\TestProjectWON\bin\Release\TestProjectWON.dll" adapterTypeName="executor://mstestadapter/v1" className="TestProjectWON.UnitTest1" name="TestMethod537" />
    </UnitTest>
    <UnitTest name="TestMethod672" storage="c:\agent\_work\8\s\testprojectwon\bin\release\testprojectwon.dll" id="f4709249-5c3f-3714-9fdf-f708c1244282">
      <Execution id="688bed8c-530b-4985-b628-075403a4631a" />
      <TestMethod codeBase="C:\agent\_work\8\s\TestProjectWON\bin\Release\TestProjectWON.dll" adapterTypeName="executor://mstestadapter/v1" className="TestProjectWON.UnitTest1" name="TestMethod672" />
    </UnitTest>
    <UnitTest name="TestMethod509" storage="c:\agent\_work\8\s\testprojectwon\bin\release\testprojectwon.dll" id="bd5d3463-bfe8-f361-dfab-4ebb65035ec9">
      <Execution id="4507d959-3896-4243-a73c-a2fc0688652c" />
      <TestMethod codeBase="C:\agent\_work\8\s\TestProjectWON\bin\Release\TestProjectWON.dll" adapterTypeName="executor://mstestadapter/v1" className="TestProjectWON.UnitTest1" name="TestMethod509" />
    </UnitTest>
    <UnitTest name="TestMethod497" storage="c:\agent\_work\8\s\testprojectwon\bin\release\testprojectwon.dll" id="2dff8873-00f4-28a3-c516-856502cf3b22">
      <Execution id="de57e8b4-f600-4a74-857b-f02089499a21" />
      <TestMethod codeBase="C:\agent\_work\8\s\TestProjectWON\bin\Release\TestProjectWON.dll" adapterTypeName="executor://mstestadapter/v1" className="TestProjectWON.UnitTest1" name="TestMethod497" />
    </UnitTest>
    <UnitTest name="TestMethod113" storage="c:\agent\_work\8\s\testprojectwon\bin\release\testprojectwon.dll" id="4449e191-70b4-e000-84a6-94e96fdd564e">
      <Execution id="d810a5cd-26a6-4dc2-beb6-01e9cce04f44" />
      <TestMethod codeBase="C:\agent\_work\8\s\TestProjectWON\bin\Release\TestProjectWON.dll" adapterTypeName="executor://mstestadapter/v1" className="TestProjectWON.UnitTest1" name="TestMethod113" />
    </UnitTest>
    <UnitTest name="TestMethod742" storage="c:\agent\_work\8\s\testprojectwon\bin\release\testprojectwon.dll" id="b2c27937-4729-a707-5356-576017253ccd">
      <Execution id="6020b69d-d30c-4d7f-93f5-c0b59fe7c3a8" />
      <TestMethod codeBase="C:\agent\_work\8\s\TestProjectWON\bin\Release\TestProjectWON.dll" adapterTypeName="executor://mstestadapter/v1" className="TestProjectWON.UnitTest1" name="TestMethod742" />
    </UnitTest>
    <UnitTest name="TestMethod560" storage="c:\agent\_work\8\s\testprojectwon\bin\release\testprojectwon.dll" id="2538b09c-5993-b407-46cc-cd0c5e035afe">
      <Execution id="20a2ab60-7633-4b0f-9171-8b310165357b" />
      <TestMethod codeBase="C:\agent\_work\8\s\TestProjectWON\bin\Release\TestProjectWON.dll" adapterTypeName="executor://mstestadapter/v1" className="TestProjectWON.UnitTest1" name="TestMethod560" />
    </UnitTest>
    <UnitTest name="TestMethod289" storage="c:\agent\_work\8\s\testprojectwon\bin\release\testprojectwon.dll" id="a822e5f0-a48f-29ac-c584-16d46763d6a6">
      <Execution id="5a558570-fab4-49ff-aca5-42b1aa5cc3bc" />
      <TestMethod codeBase="C:\agent\_work\8\s\TestProjectWON\bin\Release\TestProjectWON.dll" adapterTypeName="executor://mstestadapter/v1" className="TestProjectWON.UnitTest1" name="TestMethod289" />
    </UnitTest>
    <UnitTest name="TestMethod471" storage="c:\agent\_work\8\s\testprojectwon\bin\release\testprojectwon.dll" id="972b6902-070e-93e6-0c8a-7631c394a35a">
      <Execution id="aa1fbad0-d565-4076-8a34-6d2f7a67e47c" />
      <TestMethod codeBase="C:\agent\_work\8\s\TestProjectWON\bin\Release\TestProjectWON.dll" adapterTypeName="executor://mstestadapter/v1" className="TestProjectWON.UnitTest1" name="TestMethod471" />
    </UnitTest>
    <UnitTest name="TestMethod7" storage="c:\agent\_work\8\s\testprojectwon\bin\release\testprojectwon.dll" id="ee549e95-dfe3-9d51-dc58-2eef43cc8f1e">
      <Execution id="fcb0a513-69aa-4cd3-a7ab-33e6e9cd8797" />
      <TestMethod codeBase="C:\agent\_work\8\s\TestProjectWON\bin\Release\TestProjectWON.dll" adapterTypeName="executor://mstestadapter/v1" className="TestProjectWON.UnitTest1" name="TestMethod7" />
    </UnitTest>
    <UnitTest name="TestMethod730" storage="c:\agent\_work\8\s\testprojectwon\bin\release\testprojectwon.dll" id="5a90f0f2-c399-875e-ca3c-232b187e6a5e">
      <Execution id="af41af85-e148-49c9-8630-c7958f561c35" />
      <TestMethod codeBase="C:\agent\_work\8\s\TestProjectWON\bin\Release\TestProjectWON.dll" adapterTypeName="executor://mstestadapter/v1" className="TestProjectWON.UnitTest1" name="TestMethod730" />
    </UnitTest>
    <UnitTest name="TestMethod913" storage="c:\agent\_work\8\s\testprojectwon\bin\release\testprojectwon.dll" id="dbfbcf3b-2808-833a-24fe-090f20cf9144">
      <Execution id="f6cb32a2-aa69-4df6-afa5-1788db7e31e8" />
      <TestMethod codeBase="C:\agent\_work\8\s\TestProjectWON\bin\Release\TestProjectWON.dll" adapterTypeName="executor://mstestadapter/v1" className="TestProjectWON.UnitTest1" name="TestMethod913" />
    </UnitTest>
    <UnitTest name="TestMethod620" storage="c:\agent\_work\8\s\testprojectwon\bin\release\testprojectwon.dll" id="10e1bc78-0868-7148-438c-65de1acdb194">
      <Execution id="da4788a3-ad58-462c-b1d5-729da7c7906e" />
      <TestMethod codeBase="C:\agent\_work\8\s\TestProjectWON\bin\Release\TestProjectWON.dll" adapterTypeName="executor://mstestadapter/v1" className="TestProjectWON.UnitTest1" name="TestMethod620" />
    </UnitTest>
    <UnitTest name="TestMethod413" storage="c:\agent\_work\8\s\testprojectwon\bin\release\testprojectwon.dll" id="49e2a578-06b2-ded3-6f98-62bfba3a3398">
      <Execution id="b8ed4afb-17fb-4eab-aa7e-2def4bb31580" />
      <TestMethod codeBase="C:\agent\_work\8\s\TestProjectWON\bin\Release\TestProjectWON.dll" adapterTypeName="executor://mstestadapter/v1" className="TestProjectWON.UnitTest1" name="TestMethod413" />
    </UnitTest>
    <UnitTest name="TestMethod358" storage="c:\agent\_work\8\s\testprojectwon\bin\release\testprojectwon.dll" id="0b66a0b7-68be-2605-3b2a-71bb2f365ca4">
      <Execution id="dfacef50-0aee-40e4-a472-2634ea4628bc" />
      <TestMethod codeBase="C:\agent\_work\8\s\TestProjectWON\bin\Release\TestProjectWON.dll" adapterTypeName="executor://mstestadapter/v1" className="TestProjectWON.UnitTest1" name="TestMethod358" />
    </UnitTest>
    <UnitTest name="TestMethod948" storage="c:\agent\_work\8\s\testprojectwon\bin\release\testprojectwon.dll" id="f6b51f6d-a181-38fe-040a-05ccd3c3beae">
      <Execution id="595f4cb7-0abb-4fe5-9c71-093776913dad" />
      <TestMethod codeBase="C:\agent\_work\8\s\TestProjectWON\bin\Release\TestProjectWON.dll" adapterTypeName="executor://mstestadapter/v1" className="TestProjectWON.UnitTest1" name="TestMethod948" />
    </UnitTest>
    <UnitTest name="TestMethod246" storage="c:\agent\_work\8\s\testprojectwon\bin\release\testprojectwon.dll" id="659a9ec2-9923-b1fc-65d4-820accfaf013">
      <Execution id="d7178dd0-5198-4dad-a74c-9054e4592af4" />
      <TestMethod codeBase="C:\agent\_work\8\s\TestProjectWON\bin\Release\TestProjectWON.dll" adapterTypeName="executor://mstestadapter/v1" className="TestProjectWON.UnitTest1" name="TestMethod246" />
    </UnitTest>
    <UnitTest name="TestMethod141" storage="c:\agent\_work\8\s\testprojectwon\bin\release\testprojectwon.dll" id="750786cc-a398-416c-cb6b-2f5b0523943d">
      <Execution id="5d6a67f2-a626-4262-8f28-33a8c6042a02" />
      <TestMethod codeBase="C:\agent\_work\8\s\TestProjectWON\bin\Release\TestProjectWON.dll" adapterTypeName="executor://mstestadapter/v1" className="TestProjectWON.UnitTest1" name="TestMethod141" />
    </UnitTest>
    <UnitTest name="TestMethod475" storage="c:\agent\_work\8\s\testprojectwon\bin\release\testprojectwon.dll" id="fa94c605-7efa-54ce-b849-37cdbf4948d5">
      <Execution id="a8d0aff5-94ee-4617-a964-121aacd7d7a7" />
      <TestMethod codeBase="C:\agent\_work\8\s\TestProjectWON\bin\Release\TestProjectWON.dll" adapterTypeName="executor://mstestadapter/v1" className="TestProjectWON.UnitTest1" name="TestMethod475" />
    </UnitTest>
    <UnitTest name="TestMethod259" storage="c:\agent\_work\8\s\testprojectwon\bin\release\testprojectwon.dll" id="d89c6599-3f07-b118-70b6-c1489cc0b9c3">
      <Execution id="f990e4ce-b251-45ff-8ded-73146b265f74" />
      <TestMethod codeBase="C:\agent\_work\8\s\TestProjectWON\bin\Release\TestProjectWON.dll" adapterTypeName="executor://mstestadapter/v1" className="TestProjectWON.UnitTest1" name="TestMethod259" />
    </UnitTest>
    <UnitTest name="TestMethod83" storage="c:\agent\_work\8\s\testprojectwon\bin\release\testprojectwon.dll" id="9cc5e92b-93df-26cc-9767-7c7734ecec97">
      <Execution id="d6da6801-05df-4676-933a-4aaae99a7d9e" />
      <TestMethod codeBase="C:\agent\_work\8\s\TestProjectWON\bin\Release\TestProjectWON.dll" adapterTypeName="executor://mstestadapter/v1" className="TestProjectWON.UnitTest1" name="TestMethod83" />
    </UnitTest>
    <UnitTest name="TestMethod866" storage="c:\agent\_work\8\s\testprojectwon\bin\release\testprojectwon.dll" id="6fde9ee1-0c74-9cf2-8748-447ab622b77f">
      <Execution id="483cd068-7626-4e86-a5af-a913c42aa4d8" />
      <TestMethod codeBase="C:\agent\_work\8\s\TestProjectWON\bin\Release\TestProjectWON.dll" adapterTypeName="executor://mstestadapter/v1" className="TestProjectWON.UnitTest1" name="TestMethod866" />
    </UnitTest>
    <UnitTest name="TestMethod979" storage="c:\agent\_work\8\s\testprojectwon\bin\release\testprojectwon.dll" id="316277fd-539f-25c2-f623-4a6c706cc2e7">
      <Execution id="092d08f1-52b3-410e-b9e4-01848bae01c4" />
      <TestMethod codeBase="C:\agent\_work\8\s\TestProjectWON\bin\Release\TestProjectWON.dll" adapterTypeName="executor://mstestadapter/v1" className="TestProjectWON.UnitTest1" name="TestMethod979" />
    </UnitTest>
    <UnitTest name="TestMethod915" storage="c:\agent\_work\8\s\testprojectwon\bin\release\testprojectwon.dll" id="e87f4494-6da9-6a97-2951-902f343e49f5">
      <Execution id="e0e152fc-4ff9-48cd-90b4-7b3c5fdcced9" />
      <TestMethod codeBase="C:\agent\_work\8\s\TestProjectWON\bin\Release\TestProjectWON.dll" adapterTypeName="executor://mstestadapter/v1" className="TestProjectWON.UnitTest1" name="TestMethod915" />
    </UnitTest>
    <UnitTest name="TestMethod687" storage="c:\agent\_work\8\s\testprojectwon\bin\release\testprojectwon.dll" id="3631f1f6-6900-dfb5-ee94-5ceee6bb0502">
      <Execution id="2bb5b3cf-dde2-4ebe-8d2a-f90d4202933e" />
      <TestMethod codeBase="C:\agent\_work\8\s\TestProjectWON\bin\Release\TestProjectWON.dll" adapterTypeName="executor://mstestadapter/v1" className="TestProjectWON.UnitTest1" name="TestMethod687" />
    </UnitTest>
    <UnitTest name="TestMethod89" storage="c:\agent\_work\8\s\testprojectwon\bin\release\testprojectwon.dll" id="dd567046-f7ca-abce-7baa-87b24b3619d3">
      <Execution id="3fd6bf1f-317c-46b2-98a7-ed85d76c1f16" />
      <TestMethod codeBase="C:\agent\_work\8\s\TestProjectWON\bin\Release\TestProjectWON.dll" adapterTypeName="executor://mstestadapter/v1" className="TestProjectWON.UnitTest1" name="TestMethod89" />
    </UnitTest>
    <UnitTest name="TestMethod706" storage="c:\agent\_work\8\s\testprojectwon\bin\release\testprojectwon.dll" id="8107ae31-02e6-b704-c1a1-a5b4ffbd05bb">
      <Execution id="af1b301d-c2d6-4bb2-a5bf-06023756e55a" />
      <TestMethod codeBase="C:\agent\_work\8\s\TestProjectWON\bin\Release\TestProjectWON.dll" adapterTypeName="executor://mstestadapter/v1" className="TestProjectWON.UnitTest1" name="TestMethod706" />
    </UnitTest>
    <UnitTest name="TestMethod229" storage="c:\agent\_work\8\s\testprojectwon\bin\release\testprojectwon.dll" id="e1f9df93-c8a9-64ad-9681-95501fc25408">
      <Execution id="bc7f5ccf-7a68-4343-89ce-7892a73cc92e" />
      <TestMethod codeBase="C:\agent\_work\8\s\TestProjectWON\bin\Release\TestProjectWON.dll" adapterTypeName="executor://mstestadapter/v1" className="TestProjectWON.UnitTest1" name="TestMethod229" />
    </UnitTest>
    <UnitTest name="TestMethod226" storage="c:\agent\_work\8\s\testprojectwon\bin\release\testprojectwon.dll" id="1f8138dd-bc1e-a02c-372f-244c53efa65e">
      <Execution id="52ec0cac-abec-4d1a-a995-452118a8d6c3" />
      <TestMethod codeBase="C:\agent\_work\8\s\TestProjectWON\bin\Release\TestProjectWON.dll" adapterTypeName="executor://mstestadapter/v1" className="TestProjectWON.UnitTest1" name="TestMethod226" />
    </UnitTest>
    <UnitTest name="TestMethod399" storage="c:\agent\_work\8\s\testprojectwon\bin\release\testprojectwon.dll" id="4768d4a2-adad-2313-82a7-b2c73e3733cb">
      <Execution id="b3c67e10-c01b-4ac7-bf8e-9076131fcfa5" />
      <TestMethod codeBase="C:\agent\_work\8\s\TestProjectWON\bin\Release\TestProjectWON.dll" adapterTypeName="executor://mstestadapter/v1" className="TestProjectWON.UnitTest1" name="TestMethod399" />
    </UnitTest>
    <UnitTest name="TestMethod843" storage="c:\agent\_work\8\s\testprojectwon\bin\release\testprojectwon.dll" id="b6bb762a-9e5c-d2b4-5406-c312443d0acf">
      <Execution id="62f0107e-484d-43b0-bf39-fca0bb7126a2" />
      <TestMethod codeBase="C:\agent\_work\8\s\TestProjectWON\bin\Release\TestProjectWON.dll" adapterTypeName="executor://mstestadapter/v1" className="TestProjectWON.UnitTest1" name="TestMethod843" />
    </UnitTest>
    <UnitTest name="TestMethod816" storage="c:\agent\_work\8\s\testprojectwon\bin\release\testprojectwon.dll" id="68377dec-78a1-9e58-48ed-4d7646bf5d48">
      <Execution id="72ee973b-ceeb-4a26-b4a0-3f6a1ee168be" />
      <TestMethod codeBase="C:\agent\_work\8\s\TestProjectWON\bin\Release\TestProjectWON.dll" adapterTypeName="executor://mstestadapter/v1" className="TestProjectWON.UnitTest1" name="TestMethod816" />
    </UnitTest>
    <UnitTest name="TestMethod830" storage="c:\agent\_work\8\s\testprojectwon\bin\release\testprojectwon.dll" id="30de3392-1a40-1ab9-cb8c-49220a829094">
      <Execution id="c72d1898-e5ce-4f54-bd4b-33c7e2b45481" />
      <TestMethod codeBase="C:\agent\_work\8\s\TestProjectWON\bin\Release\TestProjectWON.dll" adapterTypeName="executor://mstestadapter/v1" className="TestProjectWON.UnitTest1" name="TestMethod830" />
    </UnitTest>
    <UnitTest name="TestMethod285" storage="c:\agent\_work\8\s\testprojectwon\bin\release\testprojectwon.dll" id="fb7a0209-f0c4-b769-e081-77e80f22692c">
      <Execution id="253192e5-f600-411c-b7fb-436a9ebbcb05" />
      <TestMethod codeBase="C:\agent\_work\8\s\TestProjectWON\bin\Release\TestProjectWON.dll" adapterTypeName="executor://mstestadapter/v1" className="TestProjectWON.UnitTest1" name="TestMethod285" />
    </UnitTest>
    <UnitTest name="TestMethod692" storage="c:\agent\_work\8\s\testprojectwon\bin\release\testprojectwon.dll" id="abe63dc7-436c-029a-68b2-5d706af9e293">
      <Execution id="7655e849-bf73-43ca-b7fc-c77be7c8543e" />
      <TestMethod codeBase="C:\agent\_work\8\s\TestProjectWON\bin\Release\TestProjectWON.dll" adapterTypeName="executor://mstestadapter/v1" className="TestProjectWON.UnitTest1" name="TestMethod692" />
    </UnitTest>
    <UnitTest name="TestMethod412" storage="c:\agent\_work\8\s\testprojectwon\bin\release\testprojectwon.dll" id="3f7d39dd-f323-74fc-8179-db3ff005b6ec">
      <Execution id="646b4868-7bb5-4445-9ed0-5b39d0e41bf0" />
      <TestMethod codeBase="C:\agent\_work\8\s\TestProjectWON\bin\Release\TestProjectWON.dll" adapterTypeName="executor://mstestadapter/v1" className="TestProjectWON.UnitTest1" name="TestMethod412" />
    </UnitTest>
    <UnitTest name="TestMethod869" storage="c:\agent\_work\8\s\testprojectwon\bin\release\testprojectwon.dll" id="8b838374-f113-7a45-90b6-7acf919c7f9d">
      <Execution id="711b8a53-39f5-4cbc-b402-4ec9bb7c8850" />
      <TestMethod codeBase="C:\agent\_work\8\s\TestProjectWON\bin\Release\TestProjectWON.dll" adapterTypeName="executor://mstestadapter/v1" className="TestProjectWON.UnitTest1" name="TestMethod869" />
    </UnitTest>
    <UnitTest name="TestMethod633" storage="c:\agent\_work\8\s\testprojectwon\bin\release\testprojectwon.dll" id="f301a23f-015a-f0ec-b26c-2f88b9fde999">
      <Execution id="66dfbfe9-4968-4807-be13-5c16b89397fa" />
      <TestMethod codeBase="C:\agent\_work\8\s\TestProjectWON\bin\Release\TestProjectWON.dll" adapterTypeName="executor://mstestadapter/v1" className="TestProjectWON.UnitTest1" name="TestMethod633" />
    </UnitTest>
    <UnitTest name="TestMethod936" storage="c:\agent\_work\8\s\testprojectwon\bin\release\testprojectwon.dll" id="965a298f-d562-f5e7-ee05-1de2f47536a6">
      <Execution id="a0f25116-d360-4bb9-9aa5-81cf77b51152" />
      <TestMethod codeBase="C:\agent\_work\8\s\TestProjectWON\bin\Release\TestProjectWON.dll" adapterTypeName="executor://mstestadapter/v1" className="TestProjectWON.UnitTest1" name="TestMethod936" />
    </UnitTest>
    <UnitTest name="TestMethod875" storage="c:\agent\_work\8\s\testprojectwon\bin\release\testprojectwon.dll" id="4e4ae70f-af86-f953-53f0-073733b509e7">
      <Execution id="9b650d07-6d4e-45c2-bb8e-44aa75119e27" />
      <TestMethod codeBase="C:\agent\_work\8\s\TestProjectWON\bin\Release\TestProjectWON.dll" adapterTypeName="executor://mstestadapter/v1" className="TestProjectWON.UnitTest1" name="TestMethod875" />
    </UnitTest>
    <UnitTest name="TestMethod95" storage="c:\agent\_work\8\s\testprojectwon\bin\release\testprojectwon.dll" id="87064307-995c-89a5-3cb8-a77a86aa3a46">
      <Execution id="40987198-5e7f-4e6f-b716-0e1930f02251" />
      <TestMethod codeBase="C:\agent\_work\8\s\TestProjectWON\bin\Release\TestProjectWON.dll" adapterTypeName="executor://mstestadapter/v1" className="TestProjectWON.UnitTest1" name="TestMethod95" />
    </UnitTest>
    <UnitTest name="TestMethod493" storage="c:\agent\_work\8\s\testprojectwon\bin\release\testprojectwon.dll" id="106d71a3-1d5f-9fbe-e2ab-cbe7ca159548">
      <Execution id="c94e0ede-b893-4c33-ac34-0d0209e206f7" />
      <TestMethod codeBase="C:\agent\_work\8\s\TestProjectWON\bin\Release\TestProjectWON.dll" adapterTypeName="executor://mstestadapter/v1" className="TestProjectWON.UnitTest1" name="TestMethod493" />
    </UnitTest>
    <UnitTest name="TestMethod331" storage="c:\agent\_work\8\s\testprojectwon\bin\release\testprojectwon.dll" id="baa2be22-6e02-8004-6919-7aeac43318b6">
      <Execution id="a25d037c-1acd-4fea-bf28-596de4a91803" />
      <TestMethod codeBase="C:\agent\_work\8\s\TestProjectWON\bin\Release\TestProjectWON.dll" adapterTypeName="executor://mstestadapter/v1" className="TestProjectWON.UnitTest1" name="TestMethod331" />
    </UnitTest>
    <UnitTest name="TestMethod484" storage="c:\agent\_work\8\s\testprojectwon\bin\release\testprojectwon.dll" id="fc461f5d-56c6-d714-054f-9ed9be7f9933">
      <Execution id="00c9e385-f52c-4a62-9571-d2f1d0bdd96d" />
      <TestMethod codeBase="C:\agent\_work\8\s\TestProjectWON\bin\Release\TestProjectWON.dll" adapterTypeName="executor://mstestadapter/v1" className="TestProjectWON.UnitTest1" name="TestMethod484" />
    </UnitTest>
    <UnitTest name="TestMethod339" storage="c:\agent\_work\8\s\testprojectwon\bin\release\testprojectwon.dll" id="43a17133-2c7e-a5bd-f0f8-3641075006da">
      <Execution id="4e93e4c1-902e-4bf2-a42f-ee48bbc091e2" />
      <TestMethod codeBase="C:\agent\_work\8\s\TestProjectWON\bin\Release\TestProjectWON.dll" adapterTypeName="executor://mstestadapter/v1" className="TestProjectWON.UnitTest1" name="TestMethod339" />
    </UnitTest>
    <UnitTest name="TestMethod238" storage="c:\agent\_work\8\s\testprojectwon\bin\release\testprojectwon.dll" id="a76ae674-56b4-d457-d0b5-04f908ea39dd">
      <Execution id="e55b6bcf-495d-4f64-8243-40a5ccfe7cce" />
      <TestMethod codeBase="C:\agent\_work\8\s\TestProjectWON\bin\Release\TestProjectWON.dll" adapterTypeName="executor://mstestadapter/v1" className="TestProjectWON.UnitTest1" name="TestMethod238" />
    </UnitTest>
    <UnitTest name="TestMethod66" storage="c:\agent\_work\8\s\testprojectwon\bin\release\testprojectwon.dll" id="2cec005b-fc62-abf6-3471-a3cafbdddd52">
      <Execution id="4c7d2e4b-17bb-4a37-b9c5-8788480add8b" />
      <TestMethod codeBase="C:\agent\_work\8\s\TestProjectWON\bin\Release\TestProjectWON.dll" adapterTypeName="executor://mstestadapter/v1" className="TestProjectWON.UnitTest1" name="TestMethod66" />
    </UnitTest>
    <UnitTest name="TestMethod410" storage="c:\agent\_work\8\s\testprojectwon\bin\release\testprojectwon.dll" id="dc3a70da-f04f-7f1e-e69e-616f266eb569">
      <Execution id="b3304bd9-37e7-43ca-befc-28e5265e23c4" />
      <TestMethod codeBase="C:\agent\_work\8\s\TestProjectWON\bin\Release\TestProjectWON.dll" adapterTypeName="executor://mstestadapter/v1" className="TestProjectWON.UnitTest1" name="TestMethod410" />
    </UnitTest>
    <UnitTest name="TestMethod119" storage="c:\agent\_work\8\s\testprojectwon\bin\release\testprojectwon.dll" id="e4d44f1a-9653-1759-87fb-0fb0c4e43be2">
      <Execution id="24900849-6729-4163-80dc-c44452f80563" />
      <TestMethod codeBase="C:\agent\_work\8\s\TestProjectWON\bin\Release\TestProjectWON.dll" adapterTypeName="executor://mstestadapter/v1" className="TestProjectWON.UnitTest1" name="TestMethod119" />
    </UnitTest>
    <UnitTest name="TestMethod665" storage="c:\agent\_work\8\s\testprojectwon\bin\release\testprojectwon.dll" id="9a2dc206-4145-6590-165d-041e2f16bacd">
      <Execution id="fd628273-b0d6-4f8e-a0d6-8bf9c869b7e8" />
      <TestMethod codeBase="C:\agent\_work\8\s\TestProjectWON\bin\Release\TestProjectWON.dll" adapterTypeName="executor://mstestadapter/v1" className="TestProjectWON.UnitTest1" name="TestMethod665" />
    </UnitTest>
    <UnitTest name="TestMethod549" storage="c:\agent\_work\8\s\testprojectwon\bin\release\testprojectwon.dll" id="83f9169e-fa79-6fbf-fd57-ff77655ec499">
      <Execution id="fda8bce0-9fbf-4d9d-aab8-2b4c105a5cf5" />
      <TestMethod codeBase="C:\agent\_work\8\s\TestProjectWON\bin\Release\TestProjectWON.dll" adapterTypeName="executor://mstestadapter/v1" className="TestProjectWON.UnitTest1" name="TestMethod549" />
    </UnitTest>
    <UnitTest name="TestMethod270" storage="c:\agent\_work\8\s\testprojectwon\bin\release\testprojectwon.dll" id="c4a3af1c-22eb-ea6c-f993-4245be4aca99">
      <Execution id="f3337b15-1446-4059-acda-2c56a20daf38" />
      <TestMethod codeBase="C:\agent\_work\8\s\TestProjectWON\bin\Release\TestProjectWON.dll" adapterTypeName="executor://mstestadapter/v1" className="TestProjectWON.UnitTest1" name="TestMethod270" />
    </UnitTest>
    <UnitTest name="TestMethod422" storage="c:\agent\_work\8\s\testprojectwon\bin\release\testprojectwon.dll" id="a281c1cf-4cbd-83fd-4875-29e6304184ce">
      <Execution id="16ed679e-95c9-4bce-80a1-e0707b5b7d0d" />
      <TestMethod codeBase="C:\agent\_work\8\s\TestProjectWON\bin\Release\TestProjectWON.dll" adapterTypeName="executor://mstestadapter/v1" className="TestProjectWON.UnitTest1" name="TestMethod422" />
    </UnitTest>
    <UnitTest name="TestMethod755" storage="c:\agent\_work\8\s\testprojectwon\bin\release\testprojectwon.dll" id="dacd22a8-8c1a-33ba-6487-d19a60b1c898">
      <Execution id="c94155ac-9e39-44a9-8b1c-bc6a2d1df30c" />
      <TestMethod codeBase="C:\agent\_work\8\s\TestProjectWON\bin\Release\TestProjectWON.dll" adapterTypeName="executor://mstestadapter/v1" className="TestProjectWON.UnitTest1" name="TestMethod755" />
    </UnitTest>
    <UnitTest name="TestMethod145" storage="c:\agent\_work\8\s\testprojectwon\bin\release\testprojectwon.dll" id="54eafe78-aa08-3f7e-0ca4-8f6aeecd338c">
      <Execution id="7b2953e5-7a28-4d49-8b13-3a753874135d" />
      <TestMethod codeBase="C:\agent\_work\8\s\TestProjectWON\bin\Release\TestProjectWON.dll" adapterTypeName="executor://mstestadapter/v1" className="TestProjectWON.UnitTest1" name="TestMethod145" />
    </UnitTest>
    <UnitTest name="TestMethod961" storage="c:\agent\_work\8\s\testprojectwon\bin\release\testprojectwon.dll" id="74aa3629-e93c-366a-f4e2-ed6f6a0ac263">
      <Execution id="0f7e8c1e-2a4f-4007-95a3-96bf15c49728" />
      <TestMethod codeBase="C:\agent\_work\8\s\TestProjectWON\bin\Release\TestProjectWON.dll" adapterTypeName="executor://mstestadapter/v1" className="TestProjectWON.UnitTest1" name="TestMethod961" />
    </UnitTest>
    <UnitTest name="TestMethod766" storage="c:\agent\_work\8\s\testprojectwon\bin\release\testprojectwon.dll" id="21213293-f488-0812-4381-80dee5bd998a">
      <Execution id="5cffe1ee-5a85-4c66-bd36-2d81a0a0b009" />
      <TestMethod codeBase="C:\agent\_work\8\s\TestProjectWON\bin\Release\TestProjectWON.dll" adapterTypeName="executor://mstestadapter/v1" className="TestProjectWON.UnitTest1" name="TestMethod766" />
    </UnitTest>
    <UnitTest name="TestMethod492" storage="c:\agent\_work\8\s\testprojectwon\bin\release\testprojectwon.dll" id="82473ccf-f02c-00f7-3d86-6688287d140a">
      <Execution id="5a50522b-5e0e-4928-a044-aa3ff3c417e3" />
      <TestMethod codeBase="C:\agent\_work\8\s\TestProjectWON\bin\Release\TestProjectWON.dll" adapterTypeName="executor://mstestadapter/v1" className="TestProjectWON.UnitTest1" name="TestMethod492" />
    </UnitTest>
    <UnitTest name="TestMethod551" storage="c:\agent\_work\8\s\testprojectwon\bin\release\testprojectwon.dll" id="0a1a861b-78e7-d25e-7a3d-2530f3c7ef9c">
      <Execution id="02705056-1423-4609-bd16-35a7c1857130" />
      <TestMethod codeBase="C:\agent\_work\8\s\TestProjectWON\bin\Release\TestProjectWON.dll" adapterTypeName="executor://mstestadapter/v1" className="TestProjectWON.UnitTest1" name="TestMethod551" />
    </UnitTest>
    <UnitTest name="TestMethod75" storage="c:\agent\_work\8\s\testprojectwon\bin\release\testprojectwon.dll" id="23edba5e-075d-714e-fbe4-42cb97997bd1">
      <Execution id="73960fb6-792b-4b73-8183-6bc952cdca5f" />
      <TestMethod codeBase="C:\agent\_work\8\s\TestProjectWON\bin\Release\TestProjectWON.dll" adapterTypeName="executor://mstestadapter/v1" className="TestProjectWON.UnitTest1" name="TestMethod75" />
    </UnitTest>
    <UnitTest name="TestMethod767" storage="c:\agent\_work\8\s\testprojectwon\bin\release\testprojectwon.dll" id="51ce151e-545b-8bc3-34a9-cb76b0999ab6">
      <Execution id="1e815871-afe0-4855-92c1-627b7fc0352a" />
      <TestMethod codeBase="C:\agent\_work\8\s\TestProjectWON\bin\Release\TestProjectWON.dll" adapterTypeName="executor://mstestadapter/v1" className="TestProjectWON.UnitTest1" name="TestMethod767" />
    </UnitTest>
    <UnitTest name="TestMethod210" storage="c:\agent\_work\8\s\testprojectwon\bin\release\testprojectwon.dll" id="71e43180-9fc8-09e3-4a30-1f1c3dd44699">
      <Execution id="7b619a82-014f-415c-857a-38bb4805b81d" />
      <TestMethod codeBase="C:\agent\_work\8\s\TestProjectWON\bin\Release\TestProjectWON.dll" adapterTypeName="executor://mstestadapter/v1" className="TestProjectWON.UnitTest1" name="TestMethod210" />
    </UnitTest>
    <UnitTest name="TestMethod340" storage="c:\agent\_work\8\s\testprojectwon\bin\release\testprojectwon.dll" id="582126e6-7637-1686-e421-26fc8b2a44be">
      <Execution id="5c7312cd-060c-4363-ad3c-4c85e44a6aa6" />
      <TestMethod codeBase="C:\agent\_work\8\s\TestProjectWON\bin\Release\TestProjectWON.dll" adapterTypeName="executor://mstestadapter/v1" className="TestProjectWON.UnitTest1" name="TestMethod340" />
    </UnitTest>
    <UnitTest name="TestMethod594" storage="c:\agent\_work\8\s\testprojectwon\bin\release\testprojectwon.dll" id="1f6cec36-baad-2e1c-06fd-f55735ceffa5">
      <Execution id="9ba7194e-fc62-4e78-bb4c-6c0da220d98e" />
      <TestMethod codeBase="C:\agent\_work\8\s\TestProjectWON\bin\Release\TestProjectWON.dll" adapterTypeName="executor://mstestadapter/v1" className="TestProjectWON.UnitTest1" name="TestMethod594" />
    </UnitTest>
    <UnitTest name="TestMethod783" storage="c:\agent\_work\8\s\testprojectwon\bin\release\testprojectwon.dll" id="ada0d990-bf19-2979-ac19-f69288f0b373">
      <Execution id="b600769c-4d82-402e-8a4e-50eafc90af8c" />
      <TestMethod codeBase="C:\agent\_work\8\s\TestProjectWON\bin\Release\TestProjectWON.dll" adapterTypeName="executor://mstestadapter/v1" className="TestProjectWON.UnitTest1" name="TestMethod783" />
    </UnitTest>
    <UnitTest name="TestMethod890" storage="c:\agent\_work\8\s\testprojectwon\bin\release\testprojectwon.dll" id="69aeffc7-cd92-ac72-76d9-3bdc200b9566">
      <Execution id="c57005d5-4e90-4e60-a557-657ab1fe4038" />
      <TestMethod codeBase="C:\agent\_work\8\s\TestProjectWON\bin\Release\TestProjectWON.dll" adapterTypeName="executor://mstestadapter/v1" className="TestProjectWON.UnitTest1" name="TestMethod890" />
    </UnitTest>
    <UnitTest name="TestMethod562" storage="c:\agent\_work\8\s\testprojectwon\bin\release\testprojectwon.dll" id="ff01f86a-f0b3-fd8e-4441-388dd11f94ca">
      <Execution id="0554fb56-e706-486e-a5c1-c784bacd2ebb" />
      <TestMethod codeBase="C:\agent\_work\8\s\TestProjectWON\bin\Release\TestProjectWON.dll" adapterTypeName="executor://mstestadapter/v1" className="TestProjectWON.UnitTest1" name="TestMethod562" />
    </UnitTest>
    <UnitTest name="TestMethod726" storage="c:\agent\_work\8\s\testprojectwon\bin\release\testprojectwon.dll" id="0082ec55-23a0-7970-6e7e-7fe788b9f353">
      <Execution id="b471ef53-ac84-4fd1-8304-466a122959b4" />
      <TestMethod codeBase="C:\agent\_work\8\s\TestProjectWON\bin\Release\TestProjectWON.dll" adapterTypeName="executor://mstestadapter/v1" className="TestProjectWON.UnitTest1" name="TestMethod726" />
    </UnitTest>
    <UnitTest name="TestMethod100" storage="c:\agent\_work\8\s\testprojectwon\bin\release\testprojectwon.dll" id="911e1691-73da-b130-4b2a-ef8da1c07754">
      <Execution id="0c637774-5445-46ae-9d6b-96abe8a6db16" />
      <TestMethod codeBase="C:\agent\_work\8\s\TestProjectWON\bin\Release\TestProjectWON.dll" adapterTypeName="executor://mstestadapter/v1" className="TestProjectWON.UnitTest1" name="TestMethod100" />
    </UnitTest>
    <UnitTest name="TestMethod316" storage="c:\agent\_work\8\s\testprojectwon\bin\release\testprojectwon.dll" id="6e6dbd3c-3d0c-906f-3c70-2056f7a67b63">
      <Execution id="81e15264-ad6d-40f3-9585-25a40415cbe4" />
      <TestMethod codeBase="C:\agent\_work\8\s\TestProjectWON\bin\Release\TestProjectWON.dll" adapterTypeName="executor://mstestadapter/v1" className="TestProjectWON.UnitTest1" name="TestMethod316" />
    </UnitTest>
    <UnitTest name="TestMethod116" storage="c:\agent\_work\8\s\testprojectwon\bin\release\testprojectwon.dll" id="e82bbb02-4440-ce0a-eabb-e0d82db20996">
      <Execution id="28fa3c4a-9028-4652-8afa-40d23785eccb" />
      <TestMethod codeBase="C:\agent\_work\8\s\TestProjectWON\bin\Release\TestProjectWON.dll" adapterTypeName="executor://mstestadapter/v1" className="TestProjectWON.UnitTest1" name="TestMethod116" />
    </UnitTest>
    <UnitTest name="TestMethod414" storage="c:\agent\_work\8\s\testprojectwon\bin\release\testprojectwon.dll" id="b3aa94bd-058f-dcc3-e555-98a769463262">
      <Execution id="ec389d5b-9cf0-4975-83af-39eface80ad4" />
      <TestMethod codeBase="C:\agent\_work\8\s\TestProjectWON\bin\Release\TestProjectWON.dll" adapterTypeName="executor://mstestadapter/v1" className="TestProjectWON.UnitTest1" name="TestMethod414" />
    </UnitTest>
    <UnitTest name="TestMethod363" storage="c:\agent\_work\8\s\testprojectwon\bin\release\testprojectwon.dll" id="2fa780f0-1e7b-0df5-cb57-096559fff81f">
      <Execution id="33edac5e-d6bd-47e8-8a2e-2956c6f19ee9" />
      <TestMethod codeBase="C:\agent\_work\8\s\TestProjectWON\bin\Release\TestProjectWON.dll" adapterTypeName="executor://mstestadapter/v1" className="TestProjectWON.UnitTest1" name="TestMethod363" />
    </UnitTest>
    <UnitTest name="TestMethod683" storage="c:\agent\_work\8\s\testprojectwon\bin\release\testprojectwon.dll" id="d4c908cd-0efa-969d-cc6b-17454c825a33">
      <Execution id="4f142c54-bd85-434f-b2d5-2aa8bbf82b69" />
      <TestMethod codeBase="C:\agent\_work\8\s\TestProjectWON\bin\Release\TestProjectWON.dll" adapterTypeName="executor://mstestadapter/v1" className="TestProjectWON.UnitTest1" name="TestMethod683" />
    </UnitTest>
    <UnitTest name="TestMethod494" storage="c:\agent\_work\8\s\testprojectwon\bin\release\testprojectwon.dll" id="02ce5419-6f83-a028-3fcf-e162973483ee">
      <Execution id="313dc9c9-eabe-4015-8c98-7d4c0ea584f6" />
      <TestMethod codeBase="C:\agent\_work\8\s\TestProjectWON\bin\Release\TestProjectWON.dll" adapterTypeName="executor://mstestadapter/v1" className="TestProjectWON.UnitTest1" name="TestMethod494" />
    </UnitTest>
    <UnitTest name="TestMethod765" storage="c:\agent\_work\8\s\testprojectwon\bin\release\testprojectwon.dll" id="c1a40631-a0eb-3aff-c610-85c020b0e5ed">
      <Execution id="1f581887-9b5e-42e8-84f4-b1c9ed6e4868" />
      <TestMethod codeBase="C:\agent\_work\8\s\TestProjectWON\bin\Release\TestProjectWON.dll" adapterTypeName="executor://mstestadapter/v1" className="TestProjectWON.UnitTest1" name="TestMethod765" />
    </UnitTest>
    <UnitTest name="TestMethod272" storage="c:\agent\_work\8\s\testprojectwon\bin\release\testprojectwon.dll" id="56e0b8cb-edaa-ac2f-856d-8624111180dc">
      <Execution id="4bb9bb19-e9bc-4a97-b6f4-2fa3a8057010" />
      <TestMethod codeBase="C:\agent\_work\8\s\TestProjectWON\bin\Release\TestProjectWON.dll" adapterTypeName="executor://mstestadapter/v1" className="TestProjectWON.UnitTest1" name="TestMethod272" />
    </UnitTest>
    <UnitTest name="TestMethod423" storage="c:\agent\_work\8\s\testprojectwon\bin\release\testprojectwon.dll" id="de8529e0-a6e6-31e9-fb3e-547193ba9a75">
      <Execution id="10915888-53ed-435d-b7d3-5a7274b71b06" />
      <TestMethod codeBase="C:\agent\_work\8\s\TestProjectWON\bin\Release\TestProjectWON.dll" adapterTypeName="executor://mstestadapter/v1" className="TestProjectWON.UnitTest1" name="TestMethod423" />
    </UnitTest>
    <UnitTest name="TestMethod601" storage="c:\agent\_work\8\s\testprojectwon\bin\release\testprojectwon.dll" id="c8673406-6d74-30ae-d207-5d9fe26f6a18">
      <Execution id="4048b674-c4c0-42e3-89d5-6618ac599f8e" />
      <TestMethod codeBase="C:\agent\_work\8\s\TestProjectWON\bin\Release\TestProjectWON.dll" adapterTypeName="executor://mstestadapter/v1" className="TestProjectWON.UnitTest1" name="TestMethod601" />
    </UnitTest>
    <UnitTest name="TestMethod970" storage="c:\agent\_work\8\s\testprojectwon\bin\release\testprojectwon.dll" id="7a2f02f2-38dc-f21f-ced5-a6bb14b1d39f">
      <Execution id="233db7a2-1ca8-4a96-a9ea-103506c0b475" />
      <TestMethod codeBase="C:\agent\_work\8\s\TestProjectWON\bin\Release\TestProjectWON.dll" adapterTypeName="executor://mstestadapter/v1" className="TestProjectWON.UnitTest1" name="TestMethod970" />
    </UnitTest>
    <UnitTest name="TestMethod893" storage="c:\agent\_work\8\s\testprojectwon\bin\release\testprojectwon.dll" id="989f4d67-5e7e-cf6e-2fd7-32062a16db75">
      <Execution id="7e162397-4335-4d5e-b02e-a56d670d07cc" />
      <TestMethod codeBase="C:\agent\_work\8\s\TestProjectWON\bin\Release\TestProjectWON.dll" adapterTypeName="executor://mstestadapter/v1" className="TestProjectWON.UnitTest1" name="TestMethod893" />
    </UnitTest>
    <UnitTest name="TestMethod644" storage="c:\agent\_work\8\s\testprojectwon\bin\release\testprojectwon.dll" id="b31e2842-7ff6-9c4d-5a6d-12cd5934217d">
      <Execution id="4e1b27c2-0ef8-4199-ac38-7dfc5208ca44" />
      <TestMethod codeBase="C:\agent\_work\8\s\TestProjectWON\bin\Release\TestProjectWON.dll" adapterTypeName="executor://mstestadapter/v1" className="TestProjectWON.UnitTest1" name="TestMethod644" />
    </UnitTest>
    <UnitTest name="TestMethod203" storage="c:\agent\_work\8\s\testprojectwon\bin\release\testprojectwon.dll" id="87f53ee5-bdbf-d777-f2bd-8587b117a696">
      <Execution id="87ecb8da-4a24-4bf5-99cf-11e34441d9fb" />
      <TestMethod codeBase="C:\agent\_work\8\s\TestProjectWON\bin\Release\TestProjectWON.dll" adapterTypeName="executor://mstestadapter/v1" className="TestProjectWON.UnitTest1" name="TestMethod203" />
    </UnitTest>
    <UnitTest name="TestMethod580" storage="c:\agent\_work\8\s\testprojectwon\bin\release\testprojectwon.dll" id="34eac8a9-eb9f-899c-54cc-01d053a5025d">
      <Execution id="385d0988-ae3c-4202-bae4-c0b423f76c4e" />
      <TestMethod codeBase="C:\agent\_work\8\s\TestProjectWON\bin\Release\TestProjectWON.dll" adapterTypeName="executor://mstestadapter/v1" className="TestProjectWON.UnitTest1" name="TestMethod580" />
    </UnitTest>
    <UnitTest name="TestMethod495" storage="c:\agent\_work\8\s\testprojectwon\bin\release\testprojectwon.dll" id="95a1d4ed-5bdf-ecc4-9f0a-fdcf99c3c410">
      <Execution id="3e8b237b-66e0-42e5-b6c3-6f92b898b47e" />
      <TestMethod codeBase="C:\agent\_work\8\s\TestProjectWON\bin\Release\TestProjectWON.dll" adapterTypeName="executor://mstestadapter/v1" className="TestProjectWON.UnitTest1" name="TestMethod495" />
    </UnitTest>
    <UnitTest name="TestMethod883" storage="c:\agent\_work\8\s\testprojectwon\bin\release\testprojectwon.dll" id="6c7fb57d-0d93-6a47-e5f7-c23a31c3815e">
      <Execution id="72f3e0ef-ee7f-4dd8-8bfe-9e74f44ea581" />
      <TestMethod codeBase="C:\agent\_work\8\s\TestProjectWON\bin\Release\TestProjectWON.dll" adapterTypeName="executor://mstestadapter/v1" className="TestProjectWON.UnitTest1" name="TestMethod883" />
    </UnitTest>
    <UnitTest name="TestMethod346" storage="c:\agent\_work\8\s\testprojectwon\bin\release\testprojectwon.dll" id="8961879c-3773-fbef-5843-9b173bd8467b">
      <Execution id="e86947ac-60c7-4f2e-b181-7e0ed48877e6" />
      <TestMethod codeBase="C:\agent\_work\8\s\TestProjectWON\bin\Release\TestProjectWON.dll" adapterTypeName="executor://mstestadapter/v1" className="TestProjectWON.UnitTest1" name="TestMethod346" />
    </UnitTest>
    <UnitTest name="TestMethod487" storage="c:\agent\_work\8\s\testprojectwon\bin\release\testprojectwon.dll" id="784e77c8-c91c-30bc-80fe-7549998f79cc">
      <Execution id="d038812a-9dbd-4b68-8532-f3da7aee0e49" />
      <TestMethod codeBase="C:\agent\_work\8\s\TestProjectWON\bin\Release\TestProjectWON.dll" adapterTypeName="executor://mstestadapter/v1" className="TestProjectWON.UnitTest1" name="TestMethod487" />
    </UnitTest>
    <UnitTest name="TestMethod373" storage="c:\agent\_work\8\s\testprojectwon\bin\release\testprojectwon.dll" id="d811f50d-5448-dded-0d43-133fd196268a">
      <Execution id="26fde0dc-95c2-4bf7-99a3-0d4529b6963e" />
      <TestMethod codeBase="C:\agent\_work\8\s\TestProjectWON\bin\Release\TestProjectWON.dll" adapterTypeName="executor://mstestadapter/v1" className="TestProjectWON.UnitTest1" name="TestMethod373" />
    </UnitTest>
    <UnitTest name="TestMethod192" storage="c:\agent\_work\8\s\testprojectwon\bin\release\testprojectwon.dll" id="74215b49-55a4-8e1f-445d-b91dc36d327d">
      <Execution id="7ed8cfb9-caf0-44b1-9ec0-7d232e0e4bc8" />
      <TestMethod codeBase="C:\agent\_work\8\s\TestProjectWON\bin\Release\TestProjectWON.dll" adapterTypeName="executor://mstestadapter/v1" className="TestProjectWON.UnitTest1" name="TestMethod192" />
    </UnitTest>
    <UnitTest name="TestMethod632" storage="c:\agent\_work\8\s\testprojectwon\bin\release\testprojectwon.dll" id="446bca83-49f8-6535-b852-d0ba19d36891">
      <Execution id="d10208a8-4f10-47a5-8631-d3e8e27a98c1" />
      <TestMethod codeBase="C:\agent\_work\8\s\TestProjectWON\bin\Release\TestProjectWON.dll" adapterTypeName="executor://mstestadapter/v1" className="TestProjectWON.UnitTest1" name="TestMethod632" />
    </UnitTest>
    <UnitTest name="TestMethod128" storage="c:\agent\_work\8\s\testprojectwon\bin\release\testprojectwon.dll" id="5c4b9025-70ac-dd5f-337c-a3936f51c0c9">
      <Execution id="2a84fb6f-6875-4585-a8a0-552bc7ab6d83" />
      <TestMethod codeBase="C:\agent\_work\8\s\TestProjectWON\bin\Release\TestProjectWON.dll" adapterTypeName="executor://mstestadapter/v1" className="TestProjectWON.UnitTest1" name="TestMethod128" />
    </UnitTest>
    <UnitTest name="TestMethod485" storage="c:\agent\_work\8\s\testprojectwon\bin\release\testprojectwon.dll" id="9a928c9f-84d9-e485-f74c-43effafbbb8a">
      <Execution id="0d7a07cd-8663-4ccf-abf6-dacfa5af237e" />
      <TestMethod codeBase="C:\agent\_work\8\s\TestProjectWON\bin\Release\TestProjectWON.dll" adapterTypeName="executor://mstestadapter/v1" className="TestProjectWON.UnitTest1" name="TestMethod485" />
    </UnitTest>
    <UnitTest name="TestMethod5" storage="c:\agent\_work\8\s\testprojectwon\bin\release\testprojectwon.dll" id="0c505b8c-5006-fc8b-5c09-18eca5f0d402">
      <Execution id="d835adfc-91d4-414c-87d4-b457898d4e4b" />
      <TestMethod codeBase="C:\agent\_work\8\s\TestProjectWON\bin\Release\TestProjectWON.dll" adapterTypeName="executor://mstestadapter/v1" className="TestProjectWON.UnitTest1" name="TestMethod5" />
    </UnitTest>
    <UnitTest name="TestMethod388" storage="c:\agent\_work\8\s\testprojectwon\bin\release\testprojectwon.dll" id="f978e587-6fdb-73f8-9866-42c923e61ecf">
      <Execution id="93a9a50b-1413-474c-8a1e-13ee176a0301" />
      <TestMethod codeBase="C:\agent\_work\8\s\TestProjectWON\bin\Release\TestProjectWON.dll" adapterTypeName="executor://mstestadapter/v1" className="TestProjectWON.UnitTest1" name="TestMethod388" />
    </UnitTest>
    <UnitTest name="TestMethod539" storage="c:\agent\_work\8\s\testprojectwon\bin\release\testprojectwon.dll" id="674e72c2-4855-03f8-b89d-08191aa4f180">
      <Execution id="c78e667c-ad4c-42e2-899c-01e128c77508" />
      <TestMethod codeBase="C:\agent\_work\8\s\TestProjectWON\bin\Release\TestProjectWON.dll" adapterTypeName="executor://mstestadapter/v1" className="TestProjectWON.UnitTest1" name="TestMethod539" />
    </UnitTest>
    <UnitTest name="TestMethod314" storage="c:\agent\_work\8\s\testprojectwon\bin\release\testprojectwon.dll" id="d7af2342-4b30-0768-069a-66984597e905">
      <Execution id="ed6331db-52c5-49df-99af-1c4e4531c266" />
      <TestMethod codeBase="C:\agent\_work\8\s\TestProjectWON\bin\Release\TestProjectWON.dll" adapterTypeName="executor://mstestadapter/v1" className="TestProjectWON.UnitTest1" name="TestMethod314" />
    </UnitTest>
    <UnitTest name="TestMethod986" storage="c:\agent\_work\8\s\testprojectwon\bin\release\testprojectwon.dll" id="6c1de0b2-9f2c-f96f-0337-758f086b8199">
      <Execution id="756a3551-147f-4034-b701-35bc9c7e1c8f" />
      <TestMethod codeBase="C:\agent\_work\8\s\TestProjectWON\bin\Release\TestProjectWON.dll" adapterTypeName="executor://mstestadapter/v1" className="TestProjectWON.UnitTest1" name="TestMethod986" />
    </UnitTest>
    <UnitTest name="TestMethod689" storage="c:\agent\_work\8\s\testprojectwon\bin\release\testprojectwon.dll" id="1b9405bc-4741-b9e0-7588-fbe107617d09">
      <Execution id="372ba6ab-1c0b-48d4-b898-dad951540f74" />
      <TestMethod codeBase="C:\agent\_work\8\s\TestProjectWON\bin\Release\TestProjectWON.dll" adapterTypeName="executor://mstestadapter/v1" className="TestProjectWON.UnitTest1" name="TestMethod689" />
    </UnitTest>
    <UnitTest name="TestMethod952" storage="c:\agent\_work\8\s\testprojectwon\bin\release\testprojectwon.dll" id="5bd851b4-6d07-0258-4c1a-0f4c474f96d4">
      <Execution id="1c87474a-0bfc-4c2b-a71f-aa3a137f8872" />
      <TestMethod codeBase="C:\agent\_work\8\s\TestProjectWON\bin\Release\TestProjectWON.dll" adapterTypeName="executor://mstestadapter/v1" className="TestProjectWON.UnitTest1" name="TestMethod952" />
    </UnitTest>
    <UnitTest name="TestMethod9" storage="c:\agent\_work\8\s\testprojectwon\bin\release\testprojectwon.dll" id="d56a5580-e7b0-5ea5-e686-7d25ff67bf27">
      <Execution id="ee996063-97f9-4634-a72a-5134f3da166c" />
      <TestMethod codeBase="C:\agent\_work\8\s\TestProjectWON\bin\Release\TestProjectWON.dll" adapterTypeName="executor://mstestadapter/v1" className="TestProjectWON.UnitTest1" name="TestMethod9" />
    </UnitTest>
    <UnitTest name="TestMethod428" storage="c:\agent\_work\8\s\testprojectwon\bin\release\testprojectwon.dll" id="176670fb-1d4e-426f-b470-5d27087647a7">
      <Execution id="732ceb4f-83f2-40a2-a075-c1e5d3ee8610" />
      <TestMethod codeBase="C:\agent\_work\8\s\TestProjectWON\bin\Release\TestProjectWON.dll" adapterTypeName="executor://mstestadapter/v1" className="TestProjectWON.UnitTest1" name="TestMethod428" />
    </UnitTest>
    <UnitTest name="TestMethod474" storage="c:\agent\_work\8\s\testprojectwon\bin\release\testprojectwon.dll" id="7e4b0130-3a47-bdd6-28f2-3c764416fcdd">
      <Execution id="787eeea3-d642-4709-8f54-119c55326bbc" />
      <TestMethod codeBase="C:\agent\_work\8\s\TestProjectWON\bin\Release\TestProjectWON.dll" adapterTypeName="executor://mstestadapter/v1" className="TestProjectWON.UnitTest1" name="TestMethod474" />
    </UnitTest>
    <UnitTest name="TestMethod442" storage="c:\agent\_work\8\s\testprojectwon\bin\release\testprojectwon.dll" id="402aee7d-0b84-e21f-0c90-838bca626563">
      <Execution id="5ef0e90a-8edf-444d-84ce-c74668194348" />
      <TestMethod codeBase="C:\agent\_work\8\s\TestProjectWON\bin\Release\TestProjectWON.dll" adapterTypeName="executor://mstestadapter/v1" className="TestProjectWON.UnitTest1" name="TestMethod442" />
    </UnitTest>
    <UnitTest name="TestMethod833" storage="c:\agent\_work\8\s\testprojectwon\bin\release\testprojectwon.dll" id="d9016ccb-6373-93ce-9f29-6dd7720f2ced">
      <Execution id="a44f48ac-dafe-42cd-bd9c-4aa94b4cd1d3" />
      <TestMethod codeBase="C:\agent\_work\8\s\TestProjectWON\bin\Release\TestProjectWON.dll" adapterTypeName="executor://mstestadapter/v1" className="TestProjectWON.UnitTest1" name="TestMethod833" />
    </UnitTest>
    <UnitTest name="TestMethod81" storage="c:\agent\_work\8\s\testprojectwon\bin\release\testprojectwon.dll" id="155552b9-5772-8b68-2831-a815d3b75c3a">
      <Execution id="bed05637-5ee4-429a-a19b-148e2eefa19d" />
      <TestMethod codeBase="C:\agent\_work\8\s\TestProjectWON\bin\Release\TestProjectWON.dll" adapterTypeName="executor://mstestadapter/v1" className="TestProjectWON.UnitTest1" name="TestMethod81" />
    </UnitTest>
    <UnitTest name="TestMethod825" storage="c:\agent\_work\8\s\testprojectwon\bin\release\testprojectwon.dll" id="2dc06b81-e052-35de-7b78-2a9d11dfefbb">
      <Execution id="6b2974e5-5c3c-438d-a4ac-177da86a831a" />
      <TestMethod codeBase="C:\agent\_work\8\s\TestProjectWON\bin\Release\TestProjectWON.dll" adapterTypeName="executor://mstestadapter/v1" className="TestProjectWON.UnitTest1" name="TestMethod825" />
    </UnitTest>
    <UnitTest name="TestMethod654" storage="c:\agent\_work\8\s\testprojectwon\bin\release\testprojectwon.dll" id="3766b0af-d418-58ea-edb7-c36f6905467d">
      <Execution id="d79fab76-7ccf-4cce-8a0b-7e5e36ec163b" />
      <TestMethod codeBase="C:\agent\_work\8\s\TestProjectWON\bin\Release\TestProjectWON.dll" adapterTypeName="executor://mstestadapter/v1" className="TestProjectWON.UnitTest1" name="TestMethod654" />
    </UnitTest>
    <UnitTest name="TestMethod763" storage="c:\agent\_work\8\s\testprojectwon\bin\release\testprojectwon.dll" id="bf7ccbbe-f328-31cd-c844-be9122247b91">
      <Execution id="537f342e-ca72-4273-968e-1a2715247931" />
      <TestMethod codeBase="C:\agent\_work\8\s\TestProjectWON\bin\Release\TestProjectWON.dll" adapterTypeName="executor://mstestadapter/v1" className="TestProjectWON.UnitTest1" name="TestMethod763" />
    </UnitTest>
    <UnitTest name="TestMethod452" storage="c:\agent\_work\8\s\testprojectwon\bin\release\testprojectwon.dll" id="f485866e-6a88-dc9e-621c-61b0d8655cb6">
      <Execution id="25eff843-5437-407b-a7ce-b54217187275" />
      <TestMethod codeBase="C:\agent\_work\8\s\TestProjectWON\bin\Release\TestProjectWON.dll" adapterTypeName="executor://mstestadapter/v1" className="TestProjectWON.UnitTest1" name="TestMethod452" />
    </UnitTest>
    <UnitTest name="TestMethod958" storage="c:\agent\_work\8\s\testprojectwon\bin\release\testprojectwon.dll" id="ecc5ab88-aabd-5a27-aa7c-5aba009bc1c4">
      <Execution id="cb9c9820-d2b3-4fa6-9830-681c26cc855f" />
      <TestMethod codeBase="C:\agent\_work\8\s\TestProjectWON\bin\Release\TestProjectWON.dll" adapterTypeName="executor://mstestadapter/v1" className="TestProjectWON.UnitTest1" name="TestMethod958" />
    </UnitTest>
    <UnitTest name="TestMethod195" storage="c:\agent\_work\8\s\testprojectwon\bin\release\testprojectwon.dll" id="32737ccc-f4e4-41f8-f0ad-055b27a15738">
      <Execution id="f2eb047a-8c1f-4829-8ec0-464fc80f653e" />
      <TestMethod codeBase="C:\agent\_work\8\s\TestProjectWON\bin\Release\TestProjectWON.dll" adapterTypeName="executor://mstestadapter/v1" className="TestProjectWON.UnitTest1" name="TestMethod195" />
    </UnitTest>
    <UnitTest name="TestMethod82" storage="c:\agent\_work\8\s\testprojectwon\bin\release\testprojectwon.dll" id="e249913d-47c2-be7e-2b14-2792dd63a664">
      <Execution id="467e366e-1150-426c-84de-3facd0e94388" />
      <TestMethod codeBase="C:\agent\_work\8\s\TestProjectWON\bin\Release\TestProjectWON.dll" adapterTypeName="executor://mstestadapter/v1" className="TestProjectWON.UnitTest1" name="TestMethod82" />
    </UnitTest>
    <UnitTest name="TestMethod477" storage="c:\agent\_work\8\s\testprojectwon\bin\release\testprojectwon.dll" id="80748db1-67e4-d6d3-e73e-a765c8e724ef">
      <Execution id="73f59131-d73b-44e4-b380-218034abdf16" />
      <TestMethod codeBase="C:\agent\_work\8\s\TestProjectWON\bin\Release\TestProjectWON.dll" adapterTypeName="executor://mstestadapter/v1" className="TestProjectWON.UnitTest1" name="TestMethod477" />
    </UnitTest>
    <UnitTest name="TestMethod336" storage="c:\agent\_work\8\s\testprojectwon\bin\release\testprojectwon.dll" id="27dc6f8c-4da0-f151-b126-de4458b3e832">
      <Execution id="8ef48b0e-55bd-438e-ba89-cd677d5ed798" />
      <TestMethod codeBase="C:\agent\_work\8\s\TestProjectWON\bin\Release\TestProjectWON.dll" adapterTypeName="executor://mstestadapter/v1" className="TestProjectWON.UnitTest1" name="TestMethod336" />
    </UnitTest>
    <UnitTest name="TestMethod148" storage="c:\agent\_work\8\s\testprojectwon\bin\release\testprojectwon.dll" id="8f1def5e-a4a4-e376-87a5-e4d5d786fa42">
      <Execution id="30c3d75b-f07c-4ace-a14b-bcb03dd4f4bf" />
      <TestMethod codeBase="C:\agent\_work\8\s\TestProjectWON\bin\Release\TestProjectWON.dll" adapterTypeName="executor://mstestadapter/v1" className="TestProjectWON.UnitTest1" name="TestMethod148" />
    </UnitTest>
    <UnitTest name="TestMethod202" storage="c:\agent\_work\8\s\testprojectwon\bin\release\testprojectwon.dll" id="637db4e2-e241-6d89-dd53-261e830e69bf">
      <Execution id="af13c9d8-a87a-4bd1-848e-2389b3435c06" />
      <TestMethod codeBase="C:\agent\_work\8\s\TestProjectWON\bin\Release\TestProjectWON.dll" adapterTypeName="executor://mstestadapter/v1" className="TestProjectWON.UnitTest1" name="TestMethod202" />
    </UnitTest>
    <UnitTest name="TestMethod779" storage="c:\agent\_work\8\s\testprojectwon\bin\release\testprojectwon.dll" id="4438e3ce-2809-702e-3732-90329641fb1d">
      <Execution id="1de90e68-2beb-42f2-abda-9e1717cdbc1f" />
      <TestMethod codeBase="C:\agent\_work\8\s\TestProjectWON\bin\Release\TestProjectWON.dll" adapterTypeName="executor://mstestadapter/v1" className="TestProjectWON.UnitTest1" name="TestMethod779" />
    </UnitTest>
    <UnitTest name="TestMethod366" storage="c:\agent\_work\8\s\testprojectwon\bin\release\testprojectwon.dll" id="c527a895-c38a-06f4-d0f7-7740f1d38d2f">
      <Execution id="5148a72c-2fbc-42e2-a4ae-f7bd6663414d" />
      <TestMethod codeBase="C:\agent\_work\8\s\TestProjectWON\bin\Release\TestProjectWON.dll" adapterTypeName="executor://mstestadapter/v1" className="TestProjectWON.UnitTest1" name="TestMethod366" />
    </UnitTest>
    <UnitTest name="TestMethod255" storage="c:\agent\_work\8\s\testprojectwon\bin\release\testprojectwon.dll" id="231e6c40-d8a6-0032-8786-9574d90f41c4">
      <Execution id="b31cc97b-5564-496f-86b1-b4567b20b3a0" />
      <TestMethod codeBase="C:\agent\_work\8\s\TestProjectWON\bin\Release\TestProjectWON.dll" adapterTypeName="executor://mstestadapter/v1" className="TestProjectWON.UnitTest1" name="TestMethod255" />
    </UnitTest>
    <UnitTest name="TestMethod114" storage="c:\agent\_work\8\s\testprojectwon\bin\release\testprojectwon.dll" id="dc0da883-7e82-e161-d8b6-abe7e6a478d5">
      <Execution id="d3371d95-c283-438a-b85f-1ba1b8a5de7f" />
      <TestMethod codeBase="C:\agent\_work\8\s\TestProjectWON\bin\Release\TestProjectWON.dll" adapterTypeName="executor://mstestadapter/v1" className="TestProjectWON.UnitTest1" name="TestMethod114" />
    </UnitTest>
    <UnitTest name="TestMethod451" storage="c:\agent\_work\8\s\testprojectwon\bin\release\testprojectwon.dll" id="7de72423-66c4-6beb-01d4-46651e05c4a8">
      <Execution id="64015f8a-d256-436c-9762-a7d243f8261d" />
      <TestMethod codeBase="C:\agent\_work\8\s\TestProjectWON\bin\Release\TestProjectWON.dll" adapterTypeName="executor://mstestadapter/v1" className="TestProjectWON.UnitTest1" name="TestMethod451" />
    </UnitTest>
    <UnitTest name="TestMethod772" storage="c:\agent\_work\8\s\testprojectwon\bin\release\testprojectwon.dll" id="b977fc41-b4ac-565d-05eb-df8931454140">
      <Execution id="8f7cd369-5861-4c54-9188-370eb589c1eb" />
      <TestMethod codeBase="C:\agent\_work\8\s\TestProjectWON\bin\Release\TestProjectWON.dll" adapterTypeName="executor://mstestadapter/v1" className="TestProjectWON.UnitTest1" name="TestMethod772" />
    </UnitTest>
    <UnitTest name="TestMethod808" storage="c:\agent\_work\8\s\testprojectwon\bin\release\testprojectwon.dll" id="f97c6d21-26d6-01c9-c3af-ff29d0c83a7c">
      <Execution id="fd69aa5b-031b-496d-b168-c973a84510f7" />
      <TestMethod codeBase="C:\agent\_work\8\s\TestProjectWON\bin\Release\TestProjectWON.dll" adapterTypeName="executor://mstestadapter/v1" className="TestProjectWON.UnitTest1" name="TestMethod808" />
    </UnitTest>
    <UnitTest name="TestMethod521" storage="c:\agent\_work\8\s\testprojectwon\bin\release\testprojectwon.dll" id="20dbd912-096c-3aa3-617e-1c1d4a8a8c21">
      <Execution id="59e25ffc-8628-4348-ba63-3323f7ee24b5" />
      <TestMethod codeBase="C:\agent\_work\8\s\TestProjectWON\bin\Release\TestProjectWON.dll" adapterTypeName="executor://mstestadapter/v1" className="TestProjectWON.UnitTest1" name="TestMethod521" />
    </UnitTest>
    <UnitTest name="TestMethod891" storage="c:\agent\_work\8\s\testprojectwon\bin\release\testprojectwon.dll" id="e4f6934a-616c-8376-308f-cb98c04d2173">
      <Execution id="510ae55e-4fd6-43d2-a145-6504835d7d24" />
      <TestMethod codeBase="C:\agent\_work\8\s\TestProjectWON\bin\Release\TestProjectWON.dll" adapterTypeName="executor://mstestadapter/v1" className="TestProjectWON.UnitTest1" name="TestMethod891" />
    </UnitTest>
    <UnitTest name="TestMethod385" storage="c:\agent\_work\8\s\testprojectwon\bin\release\testprojectwon.dll" id="95f37e0d-4421-eb92-84f4-747fa8803b39">
      <Execution id="11661b50-3709-4760-be24-a149fbd20b17" />
      <TestMethod codeBase="C:\agent\_work\8\s\TestProjectWON\bin\Release\TestProjectWON.dll" adapterTypeName="executor://mstestadapter/v1" className="TestProjectWON.UnitTest1" name="TestMethod385" />
    </UnitTest>
    <UnitTest name="TestMethod302" storage="c:\agent\_work\8\s\testprojectwon\bin\release\testprojectwon.dll" id="53f00e7e-5daf-0ecf-1e6d-c37e1f06c8d1">
      <Execution id="2e50c5e8-c8eb-4d99-b13e-b15967b5fd9b" />
      <TestMethod codeBase="C:\agent\_work\8\s\TestProjectWON\bin\Release\TestProjectWON.dll" adapterTypeName="executor://mstestadapter/v1" className="TestProjectWON.UnitTest1" name="TestMethod302" />
    </UnitTest>
    <UnitTest name="TestMethod287" storage="c:\agent\_work\8\s\testprojectwon\bin\release\testprojectwon.dll" id="f61eb171-50da-2a2b-ca13-d4ed9077274d">
      <Execution id="198f38c6-ede0-446e-a581-43664b82e410" />
      <TestMethod codeBase="C:\agent\_work\8\s\TestProjectWON\bin\Release\TestProjectWON.dll" adapterTypeName="executor://mstestadapter/v1" className="TestProjectWON.UnitTest1" name="TestMethod287" />
    </UnitTest>
    <UnitTest name="TestMethod912" storage="c:\agent\_work\8\s\testprojectwon\bin\release\testprojectwon.dll" id="7273a8f8-ae7d-f089-f04f-8d5bffcd4468">
      <Execution id="1bd5d898-66d8-42d2-9496-905eb361592b" />
      <TestMethod codeBase="C:\agent\_work\8\s\TestProjectWON\bin\Release\TestProjectWON.dll" adapterTypeName="executor://mstestadapter/v1" className="TestProjectWON.UnitTest1" name="TestMethod912" />
    </UnitTest>
    <UnitTest name="TestMethod257" storage="c:\agent\_work\8\s\testprojectwon\bin\release\testprojectwon.dll" id="2b6f2ebc-a57d-6c17-6e3f-0e6f6548ac39">
      <Execution id="fe67e484-d8b1-4217-a638-f442cf64b129" />
      <TestMethod codeBase="C:\agent\_work\8\s\TestProjectWON\bin\Release\TestProjectWON.dll" adapterTypeName="executor://mstestadapter/v1" className="TestProjectWON.UnitTest1" name="TestMethod257" />
    </UnitTest>
    <UnitTest name="TestMethod362" storage="c:\agent\_work\8\s\testprojectwon\bin\release\testprojectwon.dll" id="78a8cc29-26f6-c993-28b7-e5903c768ba1">
      <Execution id="098bfaf8-ff55-44b4-b87b-630378beb507" />
      <TestMethod codeBase="C:\agent\_work\8\s\TestProjectWON\bin\Release\TestProjectWON.dll" adapterTypeName="executor://mstestadapter/v1" className="TestProjectWON.UnitTest1" name="TestMethod362" />
    </UnitTest>
    <UnitTest name="TestMethod626" storage="c:\agent\_work\8\s\testprojectwon\bin\release\testprojectwon.dll" id="e1592505-173a-ef4b-1184-51d39636ab38">
      <Execution id="bccd41fd-19c3-4a66-98a4-bcfe7e9a6779" />
      <TestMethod codeBase="C:\agent\_work\8\s\TestProjectWON\bin\Release\TestProjectWON.dll" adapterTypeName="executor://mstestadapter/v1" className="TestProjectWON.UnitTest1" name="TestMethod626" />
    </UnitTest>
    <UnitTest name="TestMethod187" storage="c:\agent\_work\8\s\testprojectwon\bin\release\testprojectwon.dll" id="e8e42826-2f99-5e69-1f94-95f6d6d1ba75">
      <Execution id="f19c5fe4-5d2a-40a9-95ba-6a3f78e0584e" />
      <TestMethod codeBase="C:\agent\_work\8\s\TestProjectWON\bin\Release\TestProjectWON.dll" adapterTypeName="executor://mstestadapter/v1" className="TestProjectWON.UnitTest1" name="TestMethod187" />
    </UnitTest>
    <UnitTest name="TestMethod133" storage="c:\agent\_work\8\s\testprojectwon\bin\release\testprojectwon.dll" id="6bbc80a2-1796-4399-6504-9745b3748d34">
      <Execution id="2dc10468-b4b0-4931-a9d6-676092e09ad6" />
      <TestMethod codeBase="C:\agent\_work\8\s\TestProjectWON\bin\Release\TestProjectWON.dll" adapterTypeName="executor://mstestadapter/v1" className="TestProjectWON.UnitTest1" name="TestMethod133" />
    </UnitTest>
    <UnitTest name="TestMethod715" storage="c:\agent\_work\8\s\testprojectwon\bin\release\testprojectwon.dll" id="7d16c53f-5b8c-20c1-78c0-f6a7c53570e6">
      <Execution id="fea26f0c-deb9-4a32-af36-e73e5a3bc802" />
      <TestMethod codeBase="C:\agent\_work\8\s\TestProjectWON\bin\Release\TestProjectWON.dll" adapterTypeName="executor://mstestadapter/v1" className="TestProjectWON.UnitTest1" name="TestMethod715" />
    </UnitTest>
    <UnitTest name="TestMethod149" storage="c:\agent\_work\8\s\testprojectwon\bin\release\testprojectwon.dll" id="72423354-0b9d-0d26-a60b-7603415e70ad">
      <Execution id="6ea1a572-f9e0-49a2-9304-096d8dd1be4a" />
      <TestMethod codeBase="C:\agent\_work\8\s\TestProjectWON\bin\Release\TestProjectWON.dll" adapterTypeName="executor://mstestadapter/v1" className="TestProjectWON.UnitTest1" name="TestMethod149" />
    </UnitTest>
    <UnitTest name="TestMethod685" storage="c:\agent\_work\8\s\testprojectwon\bin\release\testprojectwon.dll" id="f9522e77-b6e5-3bb0-d676-365ce0f42f8d">
      <Execution id="80ae342c-485e-48e2-bacf-4ed8c3695f1c" />
      <TestMethod codeBase="C:\agent\_work\8\s\TestProjectWON\bin\Release\TestProjectWON.dll" adapterTypeName="executor://mstestadapter/v1" className="TestProjectWON.UnitTest1" name="TestMethod685" />
    </UnitTest>
    <UnitTest name="TestMethod152" storage="c:\agent\_work\8\s\testprojectwon\bin\release\testprojectwon.dll" id="0df604f8-9784-e4da-498a-84a4eb47996a">
      <Execution id="4c597d38-28f7-4e0a-86dd-75642890859e" />
      <TestMethod codeBase="C:\agent\_work\8\s\TestProjectWON\bin\Release\TestProjectWON.dll" adapterTypeName="executor://mstestadapter/v1" className="TestProjectWON.UnitTest1" name="TestMethod152" />
    </UnitTest>
    <UnitTest name="TestMethod290" storage="c:\agent\_work\8\s\testprojectwon\bin\release\testprojectwon.dll" id="c93bd454-d74b-02ca-ae31-df229661a403">
      <Execution id="7f6a0460-8269-4aaf-ae34-dde2c7bc7d68" />
      <TestMethod codeBase="C:\agent\_work\8\s\TestProjectWON\bin\Release\TestProjectWON.dll" adapterTypeName="executor://mstestadapter/v1" className="TestProjectWON.UnitTest1" name="TestMethod290" />
    </UnitTest>
    <UnitTest name="TestMethod445" storage="c:\agent\_work\8\s\testprojectwon\bin\release\testprojectwon.dll" id="600517d1-a9dd-2a42-f0af-661cba3da3ca">
      <Execution id="70f39b0d-d565-4975-a0ef-b3a55861660d" />
      <TestMethod codeBase="C:\agent\_work\8\s\TestProjectWON\bin\Release\TestProjectWON.dll" adapterTypeName="executor://mstestadapter/v1" className="TestProjectWON.UnitTest1" name="TestMethod445" />
    </UnitTest>
    <UnitTest name="TestMethod260" storage="c:\agent\_work\8\s\testprojectwon\bin\release\testprojectwon.dll" id="edfa3e65-6a70-231c-e123-01e80ac96733">
      <Execution id="7bdb0f25-a03c-468c-9628-ed717e82d499" />
      <TestMethod codeBase="C:\agent\_work\8\s\TestProjectWON\bin\Release\TestProjectWON.dll" adapterTypeName="executor://mstestadapter/v1" className="TestProjectWON.UnitTest1" name="TestMethod260" />
    </UnitTest>
    <UnitTest name="TestMethod774" storage="c:\agent\_work\8\s\testprojectwon\bin\release\testprojectwon.dll" id="5e6f7ffb-bfeb-e6b6-109d-621339e7fecc">
      <Execution id="e8a4c7f1-47e0-4eae-a98c-76b93d272935" />
      <TestMethod codeBase="C:\agent\_work\8\s\TestProjectWON\bin\Release\TestProjectWON.dll" adapterTypeName="executor://mstestadapter/v1" className="TestProjectWON.UnitTest1" name="TestMethod774" />
    </UnitTest>
    <UnitTest name="TestMethod889" storage="c:\agent\_work\8\s\testprojectwon\bin\release\testprojectwon.dll" id="dde0bf41-16b3-f578-8d34-e6dc09cb1db1">
      <Execution id="62f57c71-ab71-41b2-a923-7817993000ae" />
      <TestMethod codeBase="C:\agent\_work\8\s\TestProjectWON\bin\Release\TestProjectWON.dll" adapterTypeName="executor://mstestadapter/v1" className="TestProjectWON.UnitTest1" name="TestMethod889" />
    </UnitTest>
    <UnitTest name="TestMethod334" storage="c:\agent\_work\8\s\testprojectwon\bin\release\testprojectwon.dll" id="bd8b30b1-af16-1667-db26-45b27d69c724">
      <Execution id="4a3c4ccc-ae73-4077-8b7b-3473c5c61034" />
      <TestMethod codeBase="C:\agent\_work\8\s\TestProjectWON\bin\Release\TestProjectWON.dll" adapterTypeName="executor://mstestadapter/v1" className="TestProjectWON.UnitTest1" name="TestMethod334" />
    </UnitTest>
    <UnitTest name="TestMethod305" storage="c:\agent\_work\8\s\testprojectwon\bin\release\testprojectwon.dll" id="3870fe70-e481-71d1-9c6b-e2b124a39ef8">
      <Execution id="75589669-afb8-419f-933f-9750c6bf1229" />
      <TestMethod codeBase="C:\agent\_work\8\s\TestProjectWON\bin\Release\TestProjectWON.dll" adapterTypeName="executor://mstestadapter/v1" className="TestProjectWON.UnitTest1" name="TestMethod305" />
    </UnitTest>
    <UnitTest name="TestMethod873" storage="c:\agent\_work\8\s\testprojectwon\bin\release\testprojectwon.dll" id="18f6f241-7657-bccd-6e57-dada82478948">
      <Execution id="c34b5de1-25f7-4cea-b9a3-3241dec0dda8" />
      <TestMethod codeBase="C:\agent\_work\8\s\TestProjectWON\bin\Release\TestProjectWON.dll" adapterTypeName="executor://mstestadapter/v1" className="TestProjectWON.UnitTest1" name="TestMethod873" />
    </UnitTest>
    <UnitTest name="TestMethod79" storage="c:\agent\_work\8\s\testprojectwon\bin\release\testprojectwon.dll" id="e97704e8-316b-dc32-95b9-968584ac4f6d">
      <Execution id="7709440a-94dd-48b3-90ee-38924382a3a7" />
      <TestMethod codeBase="C:\agent\_work\8\s\TestProjectWON\bin\Release\TestProjectWON.dll" adapterTypeName="executor://mstestadapter/v1" className="TestProjectWON.UnitTest1" name="TestMethod79" />
    </UnitTest>
    <UnitTest name="TestMethod122" storage="c:\agent\_work\8\s\testprojectwon\bin\release\testprojectwon.dll" id="7d45ab22-8f9a-9fe2-5c1c-75f823bb7a99">
      <Execution id="13d141e2-ff40-4ff4-9fa7-b1d303e326ef" />
      <TestMethod codeBase="C:\agent\_work\8\s\TestProjectWON\bin\Release\TestProjectWON.dll" adapterTypeName="executor://mstestadapter/v1" className="TestProjectWON.UnitTest1" name="TestMethod122" />
    </UnitTest>
    <UnitTest name="TestMethod291" storage="c:\agent\_work\8\s\testprojectwon\bin\release\testprojectwon.dll" id="a1c7d30f-45fb-a8e2-c715-87d5532a8b7a">
      <Execution id="88095d28-8a96-40d7-abd1-ba9e29a40c38" />
      <TestMethod codeBase="C:\agent\_work\8\s\TestProjectWON\bin\Release\TestProjectWON.dll" adapterTypeName="executor://mstestadapter/v1" className="TestProjectWON.UnitTest1" name="TestMethod291" />
    </UnitTest>
    <UnitTest name="TestMethod350" storage="c:\agent\_work\8\s\testprojectwon\bin\release\testprojectwon.dll" id="3b8e6c08-50b1-29ab-a284-f4c5f19ab0fe">
      <Execution id="75eb76b6-250e-42da-8b29-c4517e645773" />
      <TestMethod codeBase="C:\agent\_work\8\s\TestProjectWON\bin\Release\TestProjectWON.dll" adapterTypeName="executor://mstestadapter/v1" className="TestProjectWON.UnitTest1" name="TestMethod350" />
    </UnitTest>
    <UnitTest name="TestMethod117" storage="c:\agent\_work\8\s\testprojectwon\bin\release\testprojectwon.dll" id="fa6e016c-cf40-5d29-14b8-73af84d227df">
      <Execution id="d00fc020-39f3-45fe-91cf-b8316a0084df" />
      <TestMethod codeBase="C:\agent\_work\8\s\TestProjectWON\bin\Release\TestProjectWON.dll" adapterTypeName="executor://mstestadapter/v1" className="TestProjectWON.UnitTest1" name="TestMethod117" />
    </UnitTest>
    <UnitTest name="TestMethod798" storage="c:\agent\_work\8\s\testprojectwon\bin\release\testprojectwon.dll" id="16ef2190-1f73-491e-22c1-38b1f96709f9">
      <Execution id="43f69612-6080-4766-865c-ea4a7eae1820" />
      <TestMethod codeBase="C:\agent\_work\8\s\TestProjectWON\bin\Release\TestProjectWON.dll" adapterTypeName="executor://mstestadapter/v1" className="TestProjectWON.UnitTest1" name="TestMethod798" />
    </UnitTest>
    <UnitTest name="TestMethod617" storage="c:\agent\_work\8\s\testprojectwon\bin\release\testprojectwon.dll" id="eda66d95-ea35-0c5d-4812-89fb9f2ff5c3">
      <Execution id="3607fd4d-d564-4506-8919-ea456a6946d4" />
      <TestMethod codeBase="C:\agent\_work\8\s\TestProjectWON\bin\Release\TestProjectWON.dll" adapterTypeName="executor://mstestadapter/v1" className="TestProjectWON.UnitTest1" name="TestMethod617" />
    </UnitTest>
    <UnitTest name="TestMethod621" storage="c:\agent\_work\8\s\testprojectwon\bin\release\testprojectwon.dll" id="192507d1-36fc-2d25-dfc9-20d90b86b959">
      <Execution id="df7bbfb2-8cd1-473d-b90d-a45d0ec59a23" />
      <TestMethod codeBase="C:\agent\_work\8\s\TestProjectWON\bin\Release\TestProjectWON.dll" adapterTypeName="executor://mstestadapter/v1" className="TestProjectWON.UnitTest1" name="TestMethod621" />
    </UnitTest>
    <UnitTest name="TestMethod391" storage="c:\agent\_work\8\s\testprojectwon\bin\release\testprojectwon.dll" id="da7a0998-e8c8-4a1d-4761-b03db06ddcc1">
      <Execution id="a84c5cbd-9633-49dc-a1ab-791c1a2480ba" />
      <TestMethod codeBase="C:\agent\_work\8\s\TestProjectWON\bin\Release\TestProjectWON.dll" adapterTypeName="executor://mstestadapter/v1" className="TestProjectWON.UnitTest1" name="TestMethod391" />
    </UnitTest>
    <UnitTest name="TestMethod323" storage="c:\agent\_work\8\s\testprojectwon\bin\release\testprojectwon.dll" id="c2bee61d-b377-0307-6ae6-213cbe906e4c">
      <Execution id="6765ae0e-ec2a-459c-8343-b63270740a63" />
      <TestMethod codeBase="C:\agent\_work\8\s\TestProjectWON\bin\Release\TestProjectWON.dll" adapterTypeName="executor://mstestadapter/v1" className="TestProjectWON.UnitTest1" name="TestMethod323" />
    </UnitTest>
    <UnitTest name="TestMethod643" storage="c:\agent\_work\8\s\testprojectwon\bin\release\testprojectwon.dll" id="82766488-ceed-2ffd-be5d-61b1a33ab411">
      <Execution id="62a542ed-c13c-44f1-ad91-2f0e5c8be98e" />
      <TestMethod codeBase="C:\agent\_work\8\s\TestProjectWON\bin\Release\TestProjectWON.dll" adapterTypeName="executor://mstestadapter/v1" className="TestProjectWON.UnitTest1" name="TestMethod643" />
    </UnitTest>
    <UnitTest name="TestMethod283" storage="c:\agent\_work\8\s\testprojectwon\bin\release\testprojectwon.dll" id="2e0816b3-3437-425e-6271-4231472fe7bb">
      <Execution id="d1b9cb7f-830f-4bdd-a736-80291e6d02bc" />
      <TestMethod codeBase="C:\agent\_work\8\s\TestProjectWON\bin\Release\TestProjectWON.dll" adapterTypeName="executor://mstestadapter/v1" className="TestProjectWON.UnitTest1" name="TestMethod283" />
    </UnitTest>
    <UnitTest name="TestMethod377" storage="c:\agent\_work\8\s\testprojectwon\bin\release\testprojectwon.dll" id="31e79aa8-bd1c-29aa-7f6a-8ecee2b21c3f">
      <Execution id="993917ba-13ce-4bb3-9326-c368382a0840" />
      <TestMethod codeBase="C:\agent\_work\8\s\TestProjectWON\bin\Release\TestProjectWON.dll" adapterTypeName="executor://mstestadapter/v1" className="TestProjectWON.UnitTest1" name="TestMethod377" />
    </UnitTest>
    <UnitTest name="TestMethod608" storage="c:\agent\_work\8\s\testprojectwon\bin\release\testprojectwon.dll" id="7f2360c8-7445-efe2-6251-3fd1831acb36">
      <Execution id="f8f04e01-a7d4-4045-8abe-befddf37213c" />
      <TestMethod codeBase="C:\agent\_work\8\s\TestProjectWON\bin\Release\TestProjectWON.dll" adapterTypeName="executor://mstestadapter/v1" className="TestProjectWON.UnitTest1" name="TestMethod608" />
    </UnitTest>
    <UnitTest name="TestMethod773" storage="c:\agent\_work\8\s\testprojectwon\bin\release\testprojectwon.dll" id="ffeeef0e-b0a6-42bd-7a58-730f2d9a6641">
      <Execution id="82a4528e-2619-4b57-9e29-c4ba86ff5bc8" />
      <TestMethod codeBase="C:\agent\_work\8\s\TestProjectWON\bin\Release\TestProjectWON.dll" adapterTypeName="executor://mstestadapter/v1" className="TestProjectWON.UnitTest1" name="TestMethod773" />
    </UnitTest>
    <UnitTest name="TestMethod999" storage="c:\agent\_work\8\s\testprojectwon\bin\release\testprojectwon.dll" id="11810c10-a617-734a-a236-450ae05ae36b">
      <Execution id="691f4717-7325-41be-a190-8baf88de53db" />
      <TestMethod codeBase="C:\agent\_work\8\s\TestProjectWON\bin\Release\TestProjectWON.dll" adapterTypeName="executor://mstestadapter/v1" className="TestProjectWON.UnitTest1" name="TestMethod999" />
    </UnitTest>
    <UnitTest name="TestMethod595" storage="c:\agent\_work\8\s\testprojectwon\bin\release\testprojectwon.dll" id="68ef7666-6082-b0c0-c4a5-34ac3dd8a4bf">
      <Execution id="aee11749-84a0-4702-aed6-c94a0a48f2fa" />
      <TestMethod codeBase="C:\agent\_work\8\s\TestProjectWON\bin\Release\TestProjectWON.dll" adapterTypeName="executor://mstestadapter/v1" className="TestProjectWON.UnitTest1" name="TestMethod595" />
    </UnitTest>
    <UnitTest name="TestMethod236" storage="c:\agent\_work\8\s\testprojectwon\bin\release\testprojectwon.dll" id="53fee51d-4781-0684-0a02-aa461058c8b7">
      <Execution id="d183a165-5e3c-45b7-8744-cec4c5ddf897" />
      <TestMethod codeBase="C:\agent\_work\8\s\TestProjectWON\bin\Release\TestProjectWON.dll" adapterTypeName="executor://mstestadapter/v1" className="TestProjectWON.UnitTest1" name="TestMethod236" />
    </UnitTest>
    <UnitTest name="TestMethod440" storage="c:\agent\_work\8\s\testprojectwon\bin\release\testprojectwon.dll" id="2c2a79ca-ceae-8884-25a5-a7c107220ca4">
      <Execution id="e27f2172-4620-43cf-819e-ac353cf98c41" />
      <TestMethod codeBase="C:\agent\_work\8\s\TestProjectWON\bin\Release\TestProjectWON.dll" adapterTypeName="executor://mstestadapter/v1" className="TestProjectWON.UnitTest1" name="TestMethod440" />
    </UnitTest>
    <UnitTest name="TestMethod221" storage="c:\agent\_work\8\s\testprojectwon\bin\release\testprojectwon.dll" id="acab3fdb-e5a1-aabf-b107-48cabfd23740">
      <Execution id="71986efb-8330-460c-bd57-5815d11f90c4" />
      <TestMethod codeBase="C:\agent\_work\8\s\TestProjectWON\bin\Release\TestProjectWON.dll" adapterTypeName="executor://mstestadapter/v1" className="TestProjectWON.UnitTest1" name="TestMethod221" />
    </UnitTest>
    <UnitTest name="TestMethod788" storage="c:\agent\_work\8\s\testprojectwon\bin\release\testprojectwon.dll" id="f3d51917-28d8-1b5d-1bf7-f46cd9790b61">
      <Execution id="0ecd8fe9-a326-4c36-8dcc-b0f6a783ca2c" />
      <TestMethod codeBase="C:\agent\_work\8\s\TestProjectWON\bin\Release\TestProjectWON.dll" adapterTypeName="executor://mstestadapter/v1" className="TestProjectWON.UnitTest1" name="TestMethod788" />
    </UnitTest>
    <UnitTest name="TestMethod582" storage="c:\agent\_work\8\s\testprojectwon\bin\release\testprojectwon.dll" id="920a4805-aaea-bdb5-e41c-a524ec5a5f7d">
      <Execution id="3062f0f9-7990-4c7a-af82-cd2faf7d68b3" />
      <TestMethod codeBase="C:\agent\_work\8\s\TestProjectWON\bin\Release\TestProjectWON.dll" adapterTypeName="executor://mstestadapter/v1" className="TestProjectWON.UnitTest1" name="TestMethod582" />
    </UnitTest>
    <UnitTest name="TestMethod375" storage="c:\agent\_work\8\s\testprojectwon\bin\release\testprojectwon.dll" id="04af69a6-c87c-9eab-a9d2-e2c9f7840271">
      <Execution id="d72f7d94-50ea-438e-93fe-52ee26744c24" />
      <TestMethod codeBase="C:\agent\_work\8\s\TestProjectWON\bin\Release\TestProjectWON.dll" adapterTypeName="executor://mstestadapter/v1" className="TestProjectWON.UnitTest1" name="TestMethod375" />
    </UnitTest>
    <UnitTest name="TestMethod639" storage="c:\agent\_work\8\s\testprojectwon\bin\release\testprojectwon.dll" id="c4ad9168-0942-2fe7-58ae-fb96cd8c24e3">
      <Execution id="cc4babad-0ed1-4462-b788-4eaf140000eb" />
      <TestMethod codeBase="C:\agent\_work\8\s\TestProjectWON\bin\Release\TestProjectWON.dll" adapterTypeName="executor://mstestadapter/v1" className="TestProjectWON.UnitTest1" name="TestMethod639" />
    </UnitTest>
    <UnitTest name="TestMethod598" storage="c:\agent\_work\8\s\testprojectwon\bin\release\testprojectwon.dll" id="01e4aeae-5168-c485-be5d-213c14f12253">
      <Execution id="786502ac-3e11-4016-856b-e20b10cff9ee" />
      <TestMethod codeBase="C:\agent\_work\8\s\TestProjectWON\bin\Release\TestProjectWON.dll" adapterTypeName="executor://mstestadapter/v1" className="TestProjectWON.UnitTest1" name="TestMethod598" />
    </UnitTest>
    <UnitTest name="TestMethod450" storage="c:\agent\_work\8\s\testprojectwon\bin\release\testprojectwon.dll" id="f6e97cfb-e78c-702e-7716-a8cb30f049ad">
      <Execution id="bfe65013-65c2-4d04-92ff-f7d56d788993" />
      <TestMethod codeBase="C:\agent\_work\8\s\TestProjectWON\bin\Release\TestProjectWON.dll" adapterTypeName="executor://mstestadapter/v1" className="TestProjectWON.UnitTest1" name="TestMethod450" />
    </UnitTest>
    <UnitTest name="TestMethod281" storage="c:\agent\_work\8\s\testprojectwon\bin\release\testprojectwon.dll" id="a259927e-dc45-deab-9897-7bed773cf3df">
      <Execution id="b64aeb6d-aeb2-495c-82a6-48c0d5e98b0d" />
      <TestMethod codeBase="C:\agent\_work\8\s\TestProjectWON\bin\Release\TestProjectWON.dll" adapterTypeName="executor://mstestadapter/v1" className="TestProjectWON.UnitTest1" name="TestMethod281" />
    </UnitTest>
    <UnitTest name="TestMethod61" storage="c:\agent\_work\8\s\testprojectwon\bin\release\testprojectwon.dll" id="315e9158-8e73-0db5-6e9f-934f52aa4308">
      <Execution id="d9a12937-f231-44cf-b81e-180eda41c19e" />
      <TestMethod codeBase="C:\agent\_work\8\s\TestProjectWON\bin\Release\TestProjectWON.dll" adapterTypeName="executor://mstestadapter/v1" className="TestProjectWON.UnitTest1" name="TestMethod61" />
    </UnitTest>
    <UnitTest name="TestMethod253" storage="c:\agent\_work\8\s\testprojectwon\bin\release\testprojectwon.dll" id="b455aebb-373b-8895-d2db-ca3faffe0264">
      <Execution id="f6d7485f-a054-43e9-a71d-0f35d8ba3e8e" />
      <TestMethod codeBase="C:\agent\_work\8\s\TestProjectWON\bin\Release\TestProjectWON.dll" adapterTypeName="executor://mstestadapter/v1" className="TestProjectWON.UnitTest1" name="TestMethod253" />
    </UnitTest>
    <UnitTest name="TestMethod258" storage="c:\agent\_work\8\s\testprojectwon\bin\release\testprojectwon.dll" id="aa3e2e38-c3b0-99ea-8d54-db64851f9e11">
      <Execution id="cc94b601-b4e2-42a3-b4e9-ee51044724b6" />
      <TestMethod codeBase="C:\agent\_work\8\s\TestProjectWON\bin\Release\TestProjectWON.dll" adapterTypeName="executor://mstestadapter/v1" className="TestProjectWON.UnitTest1" name="TestMethod258" />
    </UnitTest>
    <UnitTest name="TestMethod650" storage="c:\agent\_work\8\s\testprojectwon\bin\release\testprojectwon.dll" id="2dee95e4-fb7b-7b96-b8f1-0255a3e3ab1d">
      <Execution id="0a46d733-da28-493c-a226-8337599bcc2c" />
      <TestMethod codeBase="C:\agent\_work\8\s\TestProjectWON\bin\Release\TestProjectWON.dll" adapterTypeName="executor://mstestadapter/v1" className="TestProjectWON.UnitTest1" name="TestMethod650" />
    </UnitTest>
    <UnitTest name="TestMethod807" storage="c:\agent\_work\8\s\testprojectwon\bin\release\testprojectwon.dll" id="771eb33e-93e6-e91b-ad0b-f89d4502a877">
      <Execution id="982687cd-822c-454b-b7f3-4f4bfcf322a9" />
      <TestMethod codeBase="C:\agent\_work\8\s\TestProjectWON\bin\Release\TestProjectWON.dll" adapterTypeName="executor://mstestadapter/v1" className="TestProjectWON.UnitTest1" name="TestMethod807" />
    </UnitTest>
    <UnitTest name="TestMethod178" storage="c:\agent\_work\8\s\testprojectwon\bin\release\testprojectwon.dll" id="f99fdd13-2f14-bc0a-6de7-6269e5662a8b">
      <Execution id="3cecd687-d3ba-49fb-aa28-8bd5f4a45cfd" />
      <TestMethod codeBase="C:\agent\_work\8\s\TestProjectWON\bin\Release\TestProjectWON.dll" adapterTypeName="executor://mstestadapter/v1" className="TestProjectWON.UnitTest1" name="TestMethod178" />
    </UnitTest>
    <UnitTest name="TestMethod252" storage="c:\agent\_work\8\s\testprojectwon\bin\release\testprojectwon.dll" id="2cd9f07f-f4db-3ea8-64da-80736ac176c2">
      <Execution id="7b631bfd-0dd0-459a-bf15-4926c9f93900" />
      <TestMethod codeBase="C:\agent\_work\8\s\TestProjectWON\bin\Release\TestProjectWON.dll" adapterTypeName="executor://mstestadapter/v1" className="TestProjectWON.UnitTest1" name="TestMethod252" />
    </UnitTest>
    <UnitTest name="TestMethod745" storage="c:\agent\_work\8\s\testprojectwon\bin\release\testprojectwon.dll" id="fe0075bd-0bd2-048b-470a-7c6feb3f4475">
      <Execution id="5acf3254-2cf8-4df3-b54a-722b17c1d04b" />
      <TestMethod codeBase="C:\agent\_work\8\s\TestProjectWON\bin\Release\TestProjectWON.dll" adapterTypeName="executor://mstestadapter/v1" className="TestProjectWON.UnitTest1" name="TestMethod745" />
    </UnitTest>
    <UnitTest name="TestMethod874" storage="c:\agent\_work\8\s\testprojectwon\bin\release\testprojectwon.dll" id="99810a87-796c-4865-d728-3fe7ca04a062">
      <Execution id="4c01888f-f942-426d-9503-648a8beaecab" />
      <TestMethod codeBase="C:\agent\_work\8\s\TestProjectWON\bin\Release\TestProjectWON.dll" adapterTypeName="executor://mstestadapter/v1" className="TestProjectWON.UnitTest1" name="TestMethod874" />
    </UnitTest>
    <UnitTest name="TestMethod172" storage="c:\agent\_work\8\s\testprojectwon\bin\release\testprojectwon.dll" id="4a234cdc-1e2b-9b77-4204-04cd8ac76447">
      <Execution id="cff96e05-ea94-44ad-8ad3-2b5b358de3b4" />
      <TestMethod codeBase="C:\agent\_work\8\s\TestProjectWON\bin\Release\TestProjectWON.dll" adapterTypeName="executor://mstestadapter/v1" className="TestProjectWON.UnitTest1" name="TestMethod172" />
    </UnitTest>
    <UnitTest name="TestMethod641" storage="c:\agent\_work\8\s\testprojectwon\bin\release\testprojectwon.dll" id="12b17b7e-341f-b93e-6db1-d2ed9a5134c7">
      <Execution id="f81baea0-920c-4210-bd3b-def6c364b139" />
      <TestMethod codeBase="C:\agent\_work\8\s\TestProjectWON\bin\Release\TestProjectWON.dll" adapterTypeName="executor://mstestadapter/v1" className="TestProjectWON.UnitTest1" name="TestMethod641" />
    </UnitTest>
    <UnitTest name="TestMethod313" storage="c:\agent\_work\8\s\testprojectwon\bin\release\testprojectwon.dll" id="f027542b-7237-5cf5-165d-6233bb3872c5">
      <Execution id="a099ef0f-7de2-4f60-9a01-f3d3233b6d6b" />
      <TestMethod codeBase="C:\agent\_work\8\s\TestProjectWON\bin\Release\TestProjectWON.dll" adapterTypeName="executor://mstestadapter/v1" className="TestProjectWON.UnitTest1" name="TestMethod313" />
    </UnitTest>
    <UnitTest name="TestMethod740" storage="c:\agent\_work\8\s\testprojectwon\bin\release\testprojectwon.dll" id="dacf622c-f26a-8ea3-92b3-0fbbc926ff80">
      <Execution id="ddfa1e43-2db0-4e1c-9d8e-0f30ba792836" />
      <TestMethod codeBase="C:\agent\_work\8\s\TestProjectWON\bin\Release\TestProjectWON.dll" adapterTypeName="executor://mstestadapter/v1" className="TestProjectWON.UnitTest1" name="TestMethod740" />
    </UnitTest>
    <UnitTest name="TestMethod344" storage="c:\agent\_work\8\s\testprojectwon\bin\release\testprojectwon.dll" id="8b0d2482-3a7f-1fdf-a586-a0235ce9594d">
      <Execution id="73901a28-0490-40fa-a08f-087d8f4fe747" />
      <TestMethod codeBase="C:\agent\_work\8\s\TestProjectWON\bin\Release\TestProjectWON.dll" adapterTypeName="executor://mstestadapter/v1" className="TestProjectWON.UnitTest1" name="TestMethod344" />
    </UnitTest>
    <UnitTest name="TestMethod310" storage="c:\agent\_work\8\s\testprojectwon\bin\release\testprojectwon.dll" id="be6cfbcd-fd17-0ef0-41e0-69cc79bb01b4">
      <Execution id="867ab0c7-4ed3-487b-866d-39d53f203d48" />
      <TestMethod codeBase="C:\agent\_work\8\s\TestProjectWON\bin\Release\TestProjectWON.dll" adapterTypeName="executor://mstestadapter/v1" className="TestProjectWON.UnitTest1" name="TestMethod310" />
    </UnitTest>
    <UnitTest name="TestMethod876" storage="c:\agent\_work\8\s\testprojectwon\bin\release\testprojectwon.dll" id="d9b69963-27d8-e3e9-4282-0a7426b80ca8">
      <Execution id="b319850f-6aae-4ee2-847c-9fac4b44545e" />
      <TestMethod codeBase="C:\agent\_work\8\s\TestProjectWON\bin\Release\TestProjectWON.dll" adapterTypeName="executor://mstestadapter/v1" className="TestProjectWON.UnitTest1" name="TestMethod876" />
    </UnitTest>
    <UnitTest name="TestMethod444" storage="c:\agent\_work\8\s\testprojectwon\bin\release\testprojectwon.dll" id="a470c127-09ad-2eb4-0dc1-9e1111ccf290">
      <Execution id="4b19c5eb-dbd3-4fb7-b635-977bec99f7b6" />
      <TestMethod codeBase="C:\agent\_work\8\s\TestProjectWON\bin\Release\TestProjectWON.dll" adapterTypeName="executor://mstestadapter/v1" className="TestProjectWON.UnitTest1" name="TestMethod444" />
    </UnitTest>
    <UnitTest name="TestMethod600" storage="c:\agent\_work\8\s\testprojectwon\bin\release\testprojectwon.dll" id="787490a8-43a1-74c1-a4fa-c920eefad8af">
      <Execution id="87c0cded-a83c-4d98-8348-f4cd07980a42" />
      <TestMethod codeBase="C:\agent\_work\8\s\TestProjectWON\bin\Release\TestProjectWON.dll" adapterTypeName="executor://mstestadapter/v1" className="TestProjectWON.UnitTest1" name="TestMethod600" />
    </UnitTest>
    <UnitTest name="TestMethod347" storage="c:\agent\_work\8\s\testprojectwon\bin\release\testprojectwon.dll" id="a84efa56-6bf6-839a-c755-cd7db0018314">
      <Execution id="90f6c95f-4362-407e-93a7-bd24f2e065e3" />
      <TestMethod codeBase="C:\agent\_work\8\s\TestProjectWON\bin\Release\TestProjectWON.dll" adapterTypeName="executor://mstestadapter/v1" className="TestProjectWON.UnitTest1" name="TestMethod347" />
    </UnitTest>
    <UnitTest name="TestMethod372" storage="c:\agent\_work\8\s\testprojectwon\bin\release\testprojectwon.dll" id="d406bc19-75a3-3b49-87d9-9611bef3a149">
      <Execution id="551895f8-0dff-4093-8a2a-6d71102949f3" />
      <TestMethod codeBase="C:\agent\_work\8\s\TestProjectWON\bin\Release\TestProjectWON.dll" adapterTypeName="executor://mstestadapter/v1" className="TestProjectWON.UnitTest1" name="TestMethod372" />
    </UnitTest>
    <UnitTest name="TestMethod170" storage="c:\agent\_work\8\s\testprojectwon\bin\release\testprojectwon.dll" id="ad39e5c6-b75b-964c-f725-2860bbded73a">
      <Execution id="f74d4cd6-a9e9-4539-b640-eebd7cf9bc48" />
      <TestMethod codeBase="C:\agent\_work\8\s\TestProjectWON\bin\Release\TestProjectWON.dll" adapterTypeName="executor://mstestadapter/v1" className="TestProjectWON.UnitTest1" name="TestMethod170" />
    </UnitTest>
    <UnitTest name="TestMethod599" storage="c:\agent\_work\8\s\testprojectwon\bin\release\testprojectwon.dll" id="710e3724-6595-fb9a-403c-6e60afa68e47">
      <Execution id="a8a07099-aff9-4bee-a1eb-d7bb9d3c212b" />
      <TestMethod codeBase="C:\agent\_work\8\s\TestProjectWON\bin\Release\TestProjectWON.dll" adapterTypeName="executor://mstestadapter/v1" className="TestProjectWON.UnitTest1" name="TestMethod599" />
    </UnitTest>
    <UnitTest name="TestMethod431" storage="c:\agent\_work\8\s\testprojectwon\bin\release\testprojectwon.dll" id="f75cfd19-d979-aaa4-6587-b071f5eb5243">
      <Execution id="1200583d-4102-475e-83e1-445156acfc0c" />
      <TestMethod codeBase="C:\agent\_work\8\s\TestProjectWON\bin\Release\TestProjectWON.dll" adapterTypeName="executor://mstestadapter/v1" className="TestProjectWON.UnitTest1" name="TestMethod431" />
    </UnitTest>
    <UnitTest name="TestMethod721" storage="c:\agent\_work\8\s\testprojectwon\bin\release\testprojectwon.dll" id="3c13ee82-e608-9899-ac6f-555a0ec9a575">
      <Execution id="95432054-e7b5-40e3-8d31-cf0a0e6e8c5d" />
      <TestMethod codeBase="C:\agent\_work\8\s\TestProjectWON\bin\Release\TestProjectWON.dll" adapterTypeName="executor://mstestadapter/v1" className="TestProjectWON.UnitTest1" name="TestMethod721" />
    </UnitTest>
    <UnitTest name="TestMethod962" storage="c:\agent\_work\8\s\testprojectwon\bin\release\testprojectwon.dll" id="7dd4e8cf-0a76-6298-5dcf-6dc6b430bae5">
      <Execution id="1a0d3859-75bc-4e76-9229-50a4645fe30e" />
      <TestMethod codeBase="C:\agent\_work\8\s\TestProjectWON\bin\Release\TestProjectWON.dll" adapterTypeName="executor://mstestadapter/v1" className="TestProjectWON.UnitTest1" name="TestMethod962" />
    </UnitTest>
    <UnitTest name="TestMethod686" storage="c:\agent\_work\8\s\testprojectwon\bin\release\testprojectwon.dll" id="6d09ffad-009b-7d2f-ac9e-73450c5425cf">
      <Execution id="20729b8c-c6ba-4410-a66d-bfe665ab2716" />
      <TestMethod codeBase="C:\agent\_work\8\s\TestProjectWON\bin\Release\TestProjectWON.dll" adapterTypeName="executor://mstestadapter/v1" className="TestProjectWON.UnitTest1" name="TestMethod686" />
    </UnitTest>
    <UnitTest name="TestMethod115" storage="c:\agent\_work\8\s\testprojectwon\bin\release\testprojectwon.dll" id="e204b994-8542-723e-2ecb-f4a2635131f6">
      <Execution id="ad60c13d-0097-4dfe-ba6b-73a9c9d0318a" />
      <TestMethod codeBase="C:\agent\_work\8\s\TestProjectWON\bin\Release\TestProjectWON.dll" adapterTypeName="executor://mstestadapter/v1" className="TestProjectWON.UnitTest1" name="TestMethod115" />
    </UnitTest>
    <UnitTest name="TestMethod303" storage="c:\agent\_work\8\s\testprojectwon\bin\release\testprojectwon.dll" id="e10183cc-2360-6fff-8812-a8606b8b9a94">
      <Execution id="3fa2105d-63a1-4154-9d7d-ef199129b855" />
      <TestMethod codeBase="C:\agent\_work\8\s\TestProjectWON\bin\Release\TestProjectWON.dll" adapterTypeName="executor://mstestadapter/v1" className="TestProjectWON.UnitTest1" name="TestMethod303" />
    </UnitTest>
    <UnitTest name="TestMethod6" storage="c:\agent\_work\8\s\testprojectwon\bin\release\testprojectwon.dll" id="ed868fa2-b7e1-bbcc-8f11-693fbdfad7f8">
      <Execution id="6f9152a3-8f11-4b87-b512-6ee0be84f65d" />
      <TestMethod codeBase="C:\agent\_work\8\s\TestProjectWON\bin\Release\TestProjectWON.dll" adapterTypeName="executor://mstestadapter/v1" className="TestProjectWON.UnitTest1" name="TestMethod6" />
    </UnitTest>
    <UnitTest name="TestMethod77" storage="c:\agent\_work\8\s\testprojectwon\bin\release\testprojectwon.dll" id="d68764a6-aede-08ed-cb16-1c089d245555">
      <Execution id="027ef2d4-5119-4359-9e9b-be37963a673b" />
      <TestMethod codeBase="C:\agent\_work\8\s\TestProjectWON\bin\Release\TestProjectWON.dll" adapterTypeName="executor://mstestadapter/v1" className="TestProjectWON.UnitTest1" name="TestMethod77" />
    </UnitTest>
    <UnitTest name="TestMethod67" storage="c:\agent\_work\8\s\testprojectwon\bin\release\testprojectwon.dll" id="161d7a92-ebf4-7cb4-f15d-4393a3b5ae64">
      <Execution id="862579eb-5271-44cb-a90b-a676de662613" />
      <TestMethod codeBase="C:\agent\_work\8\s\TestProjectWON\bin\Release\TestProjectWON.dll" adapterTypeName="executor://mstestadapter/v1" className="TestProjectWON.UnitTest1" name="TestMethod67" />
    </UnitTest>
    <UnitTest name="TestMethod845" storage="c:\agent\_work\8\s\testprojectwon\bin\release\testprojectwon.dll" id="64599802-c291-61b6-4000-9ad4853a272e">
      <Execution id="42e49c75-81da-4132-b6ea-c9394839f2c5" />
      <TestMethod codeBase="C:\agent\_work\8\s\TestProjectWON\bin\Release\TestProjectWON.dll" adapterTypeName="executor://mstestadapter/v1" className="TestProjectWON.UnitTest1" name="TestMethod845" />
    </UnitTest>
    <UnitTest name="TestMethod274" storage="c:\agent\_work\8\s\testprojectwon\bin\release\testprojectwon.dll" id="6f432268-4ae0-5904-6da5-9b61e1dd225a">
      <Execution id="c1c6e6b6-17dc-4192-bd1c-5bf4e3763b51" />
      <TestMethod codeBase="C:\agent\_work\8\s\TestProjectWON\bin\Release\TestProjectWON.dll" adapterTypeName="executor://mstestadapter/v1" className="TestProjectWON.UnitTest1" name="TestMethod274" />
    </UnitTest>
    <UnitTest name="TestMethod396" storage="c:\agent\_work\8\s\testprojectwon\bin\release\testprojectwon.dll" id="2b61d3f8-d8ea-6d9c-6e2f-000e0f355baa">
      <Execution id="b87c048d-fc5b-448c-8def-208c03257b9b" />
      <TestMethod codeBase="C:\agent\_work\8\s\TestProjectWON\bin\Release\TestProjectWON.dll" adapterTypeName="executor://mstestadapter/v1" className="TestProjectWON.UnitTest1" name="TestMethod396" />
    </UnitTest>
    <UnitTest name="TestMethod359" storage="c:\agent\_work\8\s\testprojectwon\bin\release\testprojectwon.dll" id="95536bc7-94ce-e4e8-dd9b-0f6a2fb3a99f">
      <Execution id="02f06366-3a3b-4063-bf69-eab07fbbbc9b" />
      <TestMethod codeBase="C:\agent\_work\8\s\TestProjectWON\bin\Release\TestProjectWON.dll" adapterTypeName="executor://mstestadapter/v1" className="TestProjectWON.UnitTest1" name="TestMethod359" />
    </UnitTest>
    <UnitTest name="TestMethod938" storage="c:\agent\_work\8\s\testprojectwon\bin\release\testprojectwon.dll" id="6041e855-6e16-fdd0-edb8-bddfeadf60e9">
      <Execution id="fdbaa06a-6acd-4ac1-aa20-edefe422af22" />
      <TestMethod codeBase="C:\agent\_work\8\s\TestProjectWON\bin\Release\TestProjectWON.dll" adapterTypeName="executor://mstestadapter/v1" className="TestProjectWON.UnitTest1" name="TestMethod938" />
    </UnitTest>
    <UnitTest name="TestMethod878" storage="c:\agent\_work\8\s\testprojectwon\bin\release\testprojectwon.dll" id="b9f1949e-6005-8b38-5aad-734ff60f7a1c">
      <Execution id="7b3a42cf-a326-46a4-9cd5-982e63d8b476" />
      <TestMethod codeBase="C:\agent\_work\8\s\TestProjectWON\bin\Release\TestProjectWON.dll" adapterTypeName="executor://mstestadapter/v1" className="TestProjectWON.UnitTest1" name="TestMethod878" />
    </UnitTest>
    <UnitTest name="TestMethod299" storage="c:\agent\_work\8\s\testprojectwon\bin\release\testprojectwon.dll" id="7be92319-315d-4f7c-0121-eeb432108bce">
      <Execution id="03d93d5a-96c8-428f-830b-00bef9424151" />
      <TestMethod codeBase="C:\agent\_work\8\s\TestProjectWON\bin\Release\TestProjectWON.dll" adapterTypeName="executor://mstestadapter/v1" className="TestProjectWON.UnitTest1" name="TestMethod299" />
    </UnitTest>
    <UnitTest name="TestMethod892" storage="c:\agent\_work\8\s\testprojectwon\bin\release\testprojectwon.dll" id="ccfdd793-a236-3676-375a-399f81aea11b">
      <Execution id="0f3797b9-1c80-4ffc-84e9-69c59c4fb531" />
      <TestMethod codeBase="C:\agent\_work\8\s\TestProjectWON\bin\Release\TestProjectWON.dll" adapterTypeName="executor://mstestadapter/v1" className="TestProjectWON.UnitTest1" name="TestMethod892" />
    </UnitTest>
    <UnitTest name="TestMethod573" storage="c:\agent\_work\8\s\testprojectwon\bin\release\testprojectwon.dll" id="3c6bc004-d150-e549-23d9-d7b29cfb4820">
      <Execution id="8c57f3e0-fe14-4b92-851e-4ab9de5e2e78" />
      <TestMethod codeBase="C:\agent\_work\8\s\TestProjectWON\bin\Release\TestProjectWON.dll" adapterTypeName="executor://mstestadapter/v1" className="TestProjectWON.UnitTest1" name="TestMethod573" />
    </UnitTest>
    <UnitTest name="TestMethod57" storage="c:\agent\_work\8\s\testprojectwon\bin\release\testprojectwon.dll" id="053706e5-17bb-f317-368b-a97e9ad239f2">
      <Execution id="367e8b83-a63f-4208-8df6-e895d00db8d1" />
      <TestMethod codeBase="C:\agent\_work\8\s\TestProjectWON\bin\Release\TestProjectWON.dll" adapterTypeName="executor://mstestadapter/v1" className="TestProjectWON.UnitTest1" name="TestMethod57" />
    </UnitTest>
    <UnitTest name="TestMethod529" storage="c:\agent\_work\8\s\testprojectwon\bin\release\testprojectwon.dll" id="cb461d3e-eca8-bb20-712e-29e229304470">
      <Execution id="245d6b1a-8861-4df2-b9ac-b8718040e068" />
      <TestMethod codeBase="C:\agent\_work\8\s\TestProjectWON\bin\Release\TestProjectWON.dll" adapterTypeName="executor://mstestadapter/v1" className="TestProjectWON.UnitTest1" name="TestMethod529" />
    </UnitTest>
    <UnitTest name="TestMethod735" storage="c:\agent\_work\8\s\testprojectwon\bin\release\testprojectwon.dll" id="5214e039-aa1f-da9c-191c-0e382c774369">
      <Execution id="0ec45089-cb34-4102-99ac-93c526794261" />
      <TestMethod codeBase="C:\agent\_work\8\s\TestProjectWON\bin\Release\TestProjectWON.dll" adapterTypeName="executor://mstestadapter/v1" className="TestProjectWON.UnitTest1" name="TestMethod735" />
    </UnitTest>
    <UnitTest name="TestMethod86" storage="c:\agent\_work\8\s\testprojectwon\bin\release\testprojectwon.dll" id="65a41a0b-ed85-5d43-490f-576e9bbdf250">
      <Execution id="a89f0cf5-6340-4adc-b29d-9c8e1907ae1f" />
      <TestMethod codeBase="C:\agent\_work\8\s\TestProjectWON\bin\Release\TestProjectWON.dll" adapterTypeName="executor://mstestadapter/v1" className="TestProjectWON.UnitTest1" name="TestMethod86" />
    </UnitTest>
    <UnitTest name="TestMethod758" storage="c:\agent\_work\8\s\testprojectwon\bin\release\testprojectwon.dll" id="6ec108b0-9a8f-beb1-0bb5-ae3aab850ce1">
      <Execution id="ac160f0d-1ae1-45d5-9738-75559a6fb369" />
      <TestMethod codeBase="C:\agent\_work\8\s\TestProjectWON\bin\Release\TestProjectWON.dll" adapterTypeName="executor://mstestadapter/v1" className="TestProjectWON.UnitTest1" name="TestMethod758" />
    </UnitTest>
    <UnitTest name="TestMethod756" storage="c:\agent\_work\8\s\testprojectwon\bin\release\testprojectwon.dll" id="087993fb-45de-0919-f375-0ffb241240c0">
      <Execution id="c4540b3a-af5d-47f0-a138-92ca8165cb4f" />
      <TestMethod codeBase="C:\agent\_work\8\s\TestProjectWON\bin\Release\TestProjectWON.dll" adapterTypeName="executor://mstestadapter/v1" className="TestProjectWON.UnitTest1" name="TestMethod756" />
    </UnitTest>
    <UnitTest name="TestMethod917" storage="c:\agent\_work\8\s\testprojectwon\bin\release\testprojectwon.dll" id="17602286-7586-5631-70a5-321de694d027">
      <Execution id="628080b2-e7a2-4e4e-9fc4-5b18d7a0661b" />
      <TestMethod codeBase="C:\agent\_work\8\s\TestProjectWON\bin\Release\TestProjectWON.dll" adapterTypeName="executor://mstestadapter/v1" className="TestProjectWON.UnitTest1" name="TestMethod917" />
    </UnitTest>
    <UnitTest name="TestMethod990" storage="c:\agent\_work\8\s\testprojectwon\bin\release\testprojectwon.dll" id="b394acf1-eba7-4720-facf-d76aee72517f">
      <Execution id="4561562f-f63d-4060-8b02-cba79814720d" />
      <TestMethod codeBase="C:\agent\_work\8\s\TestProjectWON\bin\Release\TestProjectWON.dll" adapterTypeName="executor://mstestadapter/v1" className="TestProjectWON.UnitTest1" name="TestMethod990" />
    </UnitTest>
    <UnitTest name="TestMethod464" storage="c:\agent\_work\8\s\testprojectwon\bin\release\testprojectwon.dll" id="128ee75a-3510-32e9-4dad-17481f92d39b">
      <Execution id="1cdb4d23-099d-4503-80c3-59f68d2ecfd0" />
      <TestMethod codeBase="C:\agent\_work\8\s\TestProjectWON\bin\Release\TestProjectWON.dll" adapterTypeName="executor://mstestadapter/v1" className="TestProjectWON.UnitTest1" name="TestMethod464" />
    </UnitTest>
    <UnitTest name="TestMethod275" storage="c:\agent\_work\8\s\testprojectwon\bin\release\testprojectwon.dll" id="47861679-f894-bec9-8662-e7d728bdbcad">
      <Execution id="583c2c40-9c96-49c2-9c20-ce8c96f5b350" />
      <TestMethod codeBase="C:\agent\_work\8\s\TestProjectWON\bin\Release\TestProjectWON.dll" adapterTypeName="executor://mstestadapter/v1" className="TestProjectWON.UnitTest1" name="TestMethod275" />
    </UnitTest>
    <UnitTest name="TestMethod532" storage="c:\agent\_work\8\s\testprojectwon\bin\release\testprojectwon.dll" id="c8e3cfe0-2528-345a-19f4-9ae3b6922439">
      <Execution id="510e86ec-599a-4eca-8399-5e25637f6049" />
      <TestMethod codeBase="C:\agent\_work\8\s\TestProjectWON\bin\Release\TestProjectWON.dll" adapterTypeName="executor://mstestadapter/v1" className="TestProjectWON.UnitTest1" name="TestMethod532" />
    </UnitTest>
    <UnitTest name="TestMethod112" storage="c:\agent\_work\8\s\testprojectwon\bin\release\testprojectwon.dll" id="29ec040f-0154-d300-a13d-e565707c8d31">
      <Execution id="fe5a7215-703b-4957-a728-593aa14919f4" />
      <TestMethod codeBase="C:\agent\_work\8\s\TestProjectWON\bin\Release\TestProjectWON.dll" adapterTypeName="executor://mstestadapter/v1" className="TestProjectWON.UnitTest1" name="TestMethod112" />
    </UnitTest>
    <UnitTest name="TestMethod870" storage="c:\agent\_work\8\s\testprojectwon\bin\release\testprojectwon.dll" id="c60b5b1a-855f-ddf2-2fce-a2dda2f564ce">
      <Execution id="3867a237-5452-47b4-ac90-5176608f98ac" />
      <TestMethod codeBase="C:\agent\_work\8\s\TestProjectWON\bin\Release\TestProjectWON.dll" adapterTypeName="executor://mstestadapter/v1" className="TestProjectWON.UnitTest1" name="TestMethod870" />
    </UnitTest>
    <UnitTest name="TestMethod85" storage="c:\agent\_work\8\s\testprojectwon\bin\release\testprojectwon.dll" id="e905d40f-be95-1827-65a5-1cde8fbf0055">
      <Execution id="6c1ace9f-6636-4f50-b4d4-3a4416822c36" />
      <TestMethod codeBase="C:\agent\_work\8\s\TestProjectWON\bin\Release\TestProjectWON.dll" adapterTypeName="executor://mstestadapter/v1" className="TestProjectWON.UnitTest1" name="TestMethod85" />
    </UnitTest>
    <UnitTest name="TestMethod900" storage="c:\agent\_work\8\s\testprojectwon\bin\release\testprojectwon.dll" id="450cd0b8-107a-db85-2288-0818f2fa4ea2">
      <Execution id="7312bc17-7592-489c-80b6-0c05788bf020" />
      <TestMethod codeBase="C:\agent\_work\8\s\TestProjectWON\bin\Release\TestProjectWON.dll" adapterTypeName="executor://mstestadapter/v1" className="TestProjectWON.UnitTest1" name="TestMethod900" />
    </UnitTest>
    <UnitTest name="TestMethod635" storage="c:\agent\_work\8\s\testprojectwon\bin\release\testprojectwon.dll" id="58b88055-de12-a0ba-7add-061dbee24322">
      <Execution id="bb15f71e-690d-41a5-a35e-c42371e28a12" />
      <TestMethod codeBase="C:\agent\_work\8\s\TestProjectWON\bin\Release\TestProjectWON.dll" adapterTypeName="executor://mstestadapter/v1" className="TestProjectWON.UnitTest1" name="TestMethod635" />
    </UnitTest>
    <UnitTest name="TestMethod789" storage="c:\agent\_work\8\s\testprojectwon\bin\release\testprojectwon.dll" id="daad17bb-4bfd-057d-d1e1-35e885fba814">
      <Execution id="7e59df4d-2b62-4081-a84b-6e6165eb434a" />
      <TestMethod codeBase="C:\agent\_work\8\s\TestProjectWON\bin\Release\TestProjectWON.dll" adapterTypeName="executor://mstestadapter/v1" className="TestProjectWON.UnitTest1" name="TestMethod789" />
    </UnitTest>
    <UnitTest name="TestMethod907" storage="c:\agent\_work\8\s\testprojectwon\bin\release\testprojectwon.dll" id="c9f26089-c5aa-618d-de33-937b4286e297">
      <Execution id="ebcec6e4-080c-4743-ba9c-4b0f12b2ab68" />
      <TestMethod codeBase="C:\agent\_work\8\s\TestProjectWON\bin\Release\TestProjectWON.dll" adapterTypeName="executor://mstestadapter/v1" className="TestProjectWON.UnitTest1" name="TestMethod907" />
    </UnitTest>
    <UnitTest name="TestMethod785" storage="c:\agent\_work\8\s\testprojectwon\bin\release\testprojectwon.dll" id="0063f140-7fc6-5989-a3c8-6453b7cc00a2">
      <Execution id="eaa515fc-eb62-4c07-ad72-b37f65e122ed" />
      <TestMethod codeBase="C:\agent\_work\8\s\TestProjectWON\bin\Release\TestProjectWON.dll" adapterTypeName="executor://mstestadapter/v1" className="TestProjectWON.UnitTest1" name="TestMethod785" />
    </UnitTest>
    <UnitTest name="TestMethod185" storage="c:\agent\_work\8\s\testprojectwon\bin\release\testprojectwon.dll" id="e56bb4a4-9587-cb5a-f7c4-a670d502fb30">
      <Execution id="de94047c-acae-46cc-a63a-3af62b4a50af" />
      <TestMethod codeBase="C:\agent\_work\8\s\TestProjectWON\bin\Release\TestProjectWON.dll" adapterTypeName="executor://mstestadapter/v1" className="TestProjectWON.UnitTest1" name="TestMethod185" />
    </UnitTest>
    <UnitTest name="TestMethod918" storage="c:\agent\_work\8\s\testprojectwon\bin\release\testprojectwon.dll" id="cd875926-d1f9-6873-7028-cf4c8ecd0257">
      <Execution id="6033aaf8-996d-4eaf-b1ce-2bc9631aa5f4" />
      <TestMethod codeBase="C:\agent\_work\8\s\TestProjectWON\bin\Release\TestProjectWON.dll" adapterTypeName="executor://mstestadapter/v1" className="TestProjectWON.UnitTest1" name="TestMethod918" />
    </UnitTest>
    <UnitTest name="TestMethod693" storage="c:\agent\_work\8\s\testprojectwon\bin\release\testprojectwon.dll" id="56492bfc-e924-0da8-97a1-130598b24e73">
      <Execution id="28407193-ed5c-4b5d-8670-b4e19800505a" />
      <TestMethod codeBase="C:\agent\_work\8\s\TestProjectWON\bin\Release\TestProjectWON.dll" adapterTypeName="executor://mstestadapter/v1" className="TestProjectWON.UnitTest1" name="TestMethod693" />
    </UnitTest>
    <UnitTest name="TestMethod60" storage="c:\agent\_work\8\s\testprojectwon\bin\release\testprojectwon.dll" id="6459f488-7884-0802-1177-6dd19cd0b523">
      <Execution id="39a4b136-a8ae-4e47-b093-aee3544577f3" />
      <TestMethod codeBase="C:\agent\_work\8\s\TestProjectWON\bin\Release\TestProjectWON.dll" adapterTypeName="executor://mstestadapter/v1" className="TestProjectWON.UnitTest1" name="TestMethod60" />
    </UnitTest>
    <UnitTest name="TestMethod121" storage="c:\agent\_work\8\s\testprojectwon\bin\release\testprojectwon.dll" id="4ba3ab96-e51c-cd90-a8c2-02068c2cfb09">
      <Execution id="ce28e199-890a-47cd-a775-3c3ca556fbee" />
      <TestMethod codeBase="C:\agent\_work\8\s\TestProjectWON\bin\Release\TestProjectWON.dll" adapterTypeName="executor://mstestadapter/v1" className="TestProjectWON.UnitTest1" name="TestMethod121" />
    </UnitTest>
    <UnitTest name="TestMethod691" storage="c:\agent\_work\8\s\testprojectwon\bin\release\testprojectwon.dll" id="f5749084-ca45-11f0-7dbf-28c0be376a6b">
      <Execution id="17fd993b-8124-4672-95cd-4271b93363af" />
      <TestMethod codeBase="C:\agent\_work\8\s\TestProjectWON\bin\Release\TestProjectWON.dll" adapterTypeName="executor://mstestadapter/v1" className="TestProjectWON.UnitTest1" name="TestMethod691" />
    </UnitTest>
    <UnitTest name="TestMethod476" storage="c:\agent\_work\8\s\testprojectwon\bin\release\testprojectwon.dll" id="9a1708ae-f837-8f90-d32c-c602c615231d">
      <Execution id="a9b6078f-251b-4bf0-8276-e94570841d3b" />
      <TestMethod codeBase="C:\agent\_work\8\s\TestProjectWON\bin\Release\TestProjectWON.dll" adapterTypeName="executor://mstestadapter/v1" className="TestProjectWON.UnitTest1" name="TestMethod476" />
    </UnitTest>
    <UnitTest name="TestMethod393" storage="c:\agent\_work\8\s\testprojectwon\bin\release\testprojectwon.dll" id="19fe08c4-53a8-9940-cee7-991e098fe559">
      <Execution id="b91a08c9-50cd-4365-ba80-94a7d1230c74" />
      <TestMethod codeBase="C:\agent\_work\8\s\TestProjectWON\bin\Release\TestProjectWON.dll" adapterTypeName="executor://mstestadapter/v1" className="TestProjectWON.UnitTest1" name="TestMethod393" />
    </UnitTest>
    <UnitTest name="TestMethod564" storage="c:\agent\_work\8\s\testprojectwon\bin\release\testprojectwon.dll" id="0a3f2dd3-89cb-afb7-3962-50a1679b3ba3">
      <Execution id="dcfbbe10-63b2-49a9-8dc5-907eab41a67c" />
      <TestMethod codeBase="C:\agent\_work\8\s\TestProjectWON\bin\Release\TestProjectWON.dll" adapterTypeName="executor://mstestadapter/v1" className="TestProjectWON.UnitTest1" name="TestMethod564" />
    </UnitTest>
    <UnitTest name="TestMethod748" storage="c:\agent\_work\8\s\testprojectwon\bin\release\testprojectwon.dll" id="164f4c8e-81cc-4a2e-4c6f-0c91ccec14ab">
      <Execution id="01b13dfc-2d72-44cb-b91b-4ef8f28cb6f4" />
      <TestMethod codeBase="C:\agent\_work\8\s\TestProjectWON\bin\Release\TestProjectWON.dll" adapterTypeName="executor://mstestadapter/v1" className="TestProjectWON.UnitTest1" name="TestMethod748" />
    </UnitTest>
    <UnitTest name="TestMethod547" storage="c:\agent\_work\8\s\testprojectwon\bin\release\testprojectwon.dll" id="418091f0-1fbe-6361-7c77-f603ddbd0c42">
      <Execution id="b71c81f6-39ae-49b6-a366-930fc21d8e11" />
      <TestMethod codeBase="C:\agent\_work\8\s\TestProjectWON\bin\Release\TestProjectWON.dll" adapterTypeName="executor://mstestadapter/v1" className="TestProjectWON.UnitTest1" name="TestMethod547" />
    </UnitTest>
    <UnitTest name="TestMethod681" storage="c:\agent\_work\8\s\testprojectwon\bin\release\testprojectwon.dll" id="b9609315-e50a-b6bd-1d55-29ba9e7e6c5d">
      <Execution id="9eabac8d-324f-46d6-8ea7-49f318158571" />
      <TestMethod codeBase="C:\agent\_work\8\s\TestProjectWON\bin\Release\TestProjectWON.dll" adapterTypeName="executor://mstestadapter/v1" className="TestProjectWON.UnitTest1" name="TestMethod681" />
    </UnitTest>
    <UnitTest name="TestMethod828" storage="c:\agent\_work\8\s\testprojectwon\bin\release\testprojectwon.dll" id="7654d653-b2e8-2a33-6fe0-b9e2fb1fee0e">
      <Execution id="2881eab7-c139-4dd2-b3d0-34c4d5361952" />
      <TestMethod codeBase="C:\agent\_work\8\s\TestProjectWON\bin\Release\TestProjectWON.dll" adapterTypeName="executor://mstestadapter/v1" className="TestProjectWON.UnitTest1" name="TestMethod828" />
    </UnitTest>
    <UnitTest name="TestMethod175" storage="c:\agent\_work\8\s\testprojectwon\bin\release\testprojectwon.dll" id="846ac6c3-55bc-e84d-26d2-2575dc0cb8d4">
      <Execution id="764e8542-d597-4bb5-90cb-c2a153570946" />
      <TestMethod codeBase="C:\agent\_work\8\s\TestProjectWON\bin\Release\TestProjectWON.dll" adapterTypeName="executor://mstestadapter/v1" className="TestProjectWON.UnitTest1" name="TestMethod175" />
    </UnitTest>
    <UnitTest name="TestMethod634" storage="c:\agent\_work\8\s\testprojectwon\bin\release\testprojectwon.dll" id="260524ed-9ccb-fcbe-2b3e-e18ae630c651">
      <Execution id="3c27c141-ac34-412f-b743-34e06e227738" />
      <TestMethod codeBase="C:\agent\_work\8\s\TestProjectWON\bin\Release\TestProjectWON.dll" adapterTypeName="executor://mstestadapter/v1" className="TestProjectWON.UnitTest1" name="TestMethod634" />
    </UnitTest>
    <UnitTest name="TestMethod295" storage="c:\agent\_work\8\s\testprojectwon\bin\release\testprojectwon.dll" id="88493128-5ef8-cf85-9a6c-011ea0ea7c0c">
      <Execution id="bfd1a838-33c4-40cc-a115-b4441357d3b3" />
      <TestMethod codeBase="C:\agent\_work\8\s\TestProjectWON\bin\Release\TestProjectWON.dll" adapterTypeName="executor://mstestadapter/v1" className="TestProjectWON.UnitTest1" name="TestMethod295" />
    </UnitTest>
    <UnitTest name="TestMethod433" storage="c:\agent\_work\8\s\testprojectwon\bin\release\testprojectwon.dll" id="135d54bf-1baa-b7f2-2783-b0ad48c3fed9">
      <Execution id="80c1b503-93b7-4537-86f7-be0ab6479465" />
      <TestMethod codeBase="C:\agent\_work\8\s\TestProjectWON\bin\Release\TestProjectWON.dll" adapterTypeName="executor://mstestadapter/v1" className="TestProjectWON.UnitTest1" name="TestMethod433" />
    </UnitTest>
    <UnitTest name="TestMethod679" storage="c:\agent\_work\8\s\testprojectwon\bin\release\testprojectwon.dll" id="701effda-ecaa-0161-2522-7f0e19a89600">
      <Execution id="0b6a28d7-33b4-431a-87fc-2bd5905324ed" />
      <TestMethod codeBase="C:\agent\_work\8\s\TestProjectWON\bin\Release\TestProjectWON.dll" adapterTypeName="executor://mstestadapter/v1" className="TestProjectWON.UnitTest1" name="TestMethod679" />
    </UnitTest>
    <UnitTest name="TestMethod491" storage="c:\agent\_work\8\s\testprojectwon\bin\release\testprojectwon.dll" id="4571e354-ad20-aed6-72db-5f08020ef89b">
      <Execution id="1b31f565-e12b-4160-8b4b-64f928bafaa7" />
      <TestMethod codeBase="C:\agent\_work\8\s\TestProjectWON\bin\Release\TestProjectWON.dll" adapterTypeName="executor://mstestadapter/v1" className="TestProjectWON.UnitTest1" name="TestMethod491" />
    </UnitTest>
    <UnitTest name="TestMethod415" storage="c:\agent\_work\8\s\testprojectwon\bin\release\testprojectwon.dll" id="7fd6ee50-38fb-1f6d-2981-36624ef9879d">
      <Execution id="2b30689b-1da0-4466-8ba9-fdec465423a7" />
      <TestMethod codeBase="C:\agent\_work\8\s\TestProjectWON\bin\Release\TestProjectWON.dll" adapterTypeName="executor://mstestadapter/v1" className="TestProjectWON.UnitTest1" name="TestMethod415" />
    </UnitTest>
    <UnitTest name="TestMethod65" storage="c:\agent\_work\8\s\testprojectwon\bin\release\testprojectwon.dll" id="074028dc-5db7-55dc-d654-01f0003b41b0">
      <Execution id="2e98e64a-ed50-4c1e-9adc-d3072b4f7174" />
      <TestMethod codeBase="C:\agent\_work\8\s\TestProjectWON\bin\Release\TestProjectWON.dll" adapterTypeName="executor://mstestadapter/v1" className="TestProjectWON.UnitTest1" name="TestMethod65" />
    </UnitTest>
    <UnitTest name="TestMethod613" storage="c:\agent\_work\8\s\testprojectwon\bin\release\testprojectwon.dll" id="013a628f-7e21-59fd-c66b-009020f9ad7b">
      <Execution id="1a62c6b6-0ffd-43f2-9e98-387cda6a0de1" />
      <TestMethod codeBase="C:\agent\_work\8\s\TestProjectWON\bin\Release\TestProjectWON.dll" adapterTypeName="executor://mstestadapter/v1" className="TestProjectWON.UnitTest1" name="TestMethod613" />
    </UnitTest>
    <UnitTest name="TestMethod109" storage="c:\agent\_work\8\s\testprojectwon\bin\release\testprojectwon.dll" id="502d6bb0-f3a3-d62b-40ad-ad6c5c993e33">
      <Execution id="a46c0236-4b3a-4fdf-8f0a-f5332d999b14" />
      <TestMethod codeBase="C:\agent\_work\8\s\TestProjectWON\bin\Release\TestProjectWON.dll" adapterTypeName="executor://mstestadapter/v1" className="TestProjectWON.UnitTest1" name="TestMethod109" />
    </UnitTest>
    <UnitTest name="TestMethod217" storage="c:\agent\_work\8\s\testprojectwon\bin\release\testprojectwon.dll" id="5eb94d51-5c62-aaf6-cb61-c1c5957e95cc">
      <Execution id="42b19956-9ffb-4d3a-82b1-e2833db511d6" />
      <TestMethod codeBase="C:\agent\_work\8\s\TestProjectWON\bin\Release\TestProjectWON.dll" adapterTypeName="executor://mstestadapter/v1" className="TestProjectWON.UnitTest1" name="TestMethod217" />
    </UnitTest>
    <UnitTest name="TestMethod652" storage="c:\agent\_work\8\s\testprojectwon\bin\release\testprojectwon.dll" id="e1f831ed-918d-20f9-012c-486e00c41ebe">
      <Execution id="0c1be7f0-0339-4040-af74-6994dba30694" />
      <TestMethod codeBase="C:\agent\_work\8\s\TestProjectWON\bin\Release\TestProjectWON.dll" adapterTypeName="executor://mstestadapter/v1" className="TestProjectWON.UnitTest1" name="TestMethod652" />
    </UnitTest>
    <UnitTest name="TestMethod486" storage="c:\agent\_work\8\s\testprojectwon\bin\release\testprojectwon.dll" id="f1344d55-8d55-9720-b306-0a8c856b81cb">
      <Execution id="a85c4618-b0c7-4d42-9262-9a4d107d7889" />
      <TestMethod codeBase="C:\agent\_work\8\s\TestProjectWON\bin\Release\TestProjectWON.dll" adapterTypeName="executor://mstestadapter/v1" className="TestProjectWON.UnitTest1" name="TestMethod486" />
    </UnitTest>
    <UnitTest name="TestMethod910" storage="c:\agent\_work\8\s\testprojectwon\bin\release\testprojectwon.dll" id="5889924f-7147-0f02-b07a-bceda849fdad">
      <Execution id="082208aa-928a-4a3a-b339-7b9b0b58df2c" />
      <TestMethod codeBase="C:\agent\_work\8\s\TestProjectWON\bin\Release\TestProjectWON.dll" adapterTypeName="executor://mstestadapter/v1" className="TestProjectWON.UnitTest1" name="TestMethod910" />
    </UnitTest>
    <UnitTest name="TestMethod819" storage="c:\agent\_work\8\s\testprojectwon\bin\release\testprojectwon.dll" id="6c2931ba-0104-f8f3-2bd2-0063815f613e">
      <Execution id="8f1ec57b-c445-4e90-81f9-822a8b46a2a0" />
      <TestMethod codeBase="C:\agent\_work\8\s\TestProjectWON\bin\Release\TestProjectWON.dll" adapterTypeName="executor://mstestadapter/v1" className="TestProjectWON.UnitTest1" name="TestMethod819" />
    </UnitTest>
    <UnitTest name="TestMethod20" storage="c:\agent\_work\8\s\testprojectwon\bin\release\testprojectwon.dll" id="b9ae03dd-3909-01eb-23e0-8bf21ee3d6ea">
      <Execution id="66bf5eb9-9b0d-4883-a8b0-a03b06a097ac" />
      <TestMethod codeBase="C:\agent\_work\8\s\TestProjectWON\bin\Release\TestProjectWON.dll" adapterTypeName="executor://mstestadapter/v1" className="TestProjectWON.UnitTest1" name="TestMethod20" />
    </UnitTest>
    <UnitTest name="TestMethod746" storage="c:\agent\_work\8\s\testprojectwon\bin\release\testprojectwon.dll" id="a5dc8def-6e1e-975a-0bfc-856e597d0053">
      <Execution id="66b2130e-68dd-4e4e-b80b-26a9a2d9db89" />
      <TestMethod codeBase="C:\agent\_work\8\s\TestProjectWON\bin\Release\TestProjectWON.dll" adapterTypeName="executor://mstestadapter/v1" className="TestProjectWON.UnitTest1" name="TestMethod746" />
    </UnitTest>
    <UnitTest name="TestMethod696" storage="c:\agent\_work\8\s\testprojectwon\bin\release\testprojectwon.dll" id="d2ea0520-f253-3dec-c890-60a5f8aea28d">
      <Execution id="6992aa04-16f1-4ed4-9b41-ca6a21d7c062" />
      <TestMethod codeBase="C:\agent\_work\8\s\TestProjectWON\bin\Release\TestProjectWON.dll" adapterTypeName="executor://mstestadapter/v1" className="TestProjectWON.UnitTest1" name="TestMethod696" />
    </UnitTest>
    <UnitTest name="TestMethod327" storage="c:\agent\_work\8\s\testprojectwon\bin\release\testprojectwon.dll" id="67beb0a5-9a00-f41f-5cc7-9b2212ae231b">
      <Execution id="1361ea34-397c-4c1e-9225-684f5dcc8719" />
      <TestMethod codeBase="C:\agent\_work\8\s\TestProjectWON\bin\Release\TestProjectWON.dll" adapterTypeName="executor://mstestadapter/v1" className="TestProjectWON.UnitTest1" name="TestMethod327" />
    </UnitTest>
    <UnitTest name="TestMethod84" storage="c:\agent\_work\8\s\testprojectwon\bin\release\testprojectwon.dll" id="b12b36db-b715-1ac4-2405-36b1f5db9819">
      <Execution id="7dc070ef-2584-4b0e-ba71-4d4995b1d2bf" />
      <TestMethod codeBase="C:\agent\_work\8\s\TestProjectWON\bin\Release\TestProjectWON.dll" adapterTypeName="executor://mstestadapter/v1" className="TestProjectWON.UnitTest1" name="TestMethod84" />
    </UnitTest>
    <UnitTest name="TestMethod823" storage="c:\agent\_work\8\s\testprojectwon\bin\release\testprojectwon.dll" id="25c0e1fc-0db6-ebd6-12dd-86c4d4d446ed">
      <Execution id="bd0a1c31-e886-4442-91c3-0f6212226470" />
      <TestMethod codeBase="C:\agent\_work\8\s\TestProjectWON\bin\Release\TestProjectWON.dll" adapterTypeName="executor://mstestadapter/v1" className="TestProjectWON.UnitTest1" name="TestMethod823" />
    </UnitTest>
    <UnitTest name="TestMethod759" storage="c:\agent\_work\8\s\testprojectwon\bin\release\testprojectwon.dll" id="d7e2debf-e9dd-4241-4ce7-bdb6d6274785">
      <Execution id="b92414b7-6019-4d93-93aa-d5671835fa1d" />
      <TestMethod codeBase="C:\agent\_work\8\s\TestProjectWON\bin\Release\TestProjectWON.dll" adapterTypeName="executor://mstestadapter/v1" className="TestProjectWON.UnitTest1" name="TestMethod759" />
    </UnitTest>
    <UnitTest name="TestMethod284" storage="c:\agent\_work\8\s\testprojectwon\bin\release\testprojectwon.dll" id="9919baa0-2e36-3362-614a-8da80a13a4ab">
      <Execution id="bb5abea2-fcb2-4454-8d08-7488f3be4010" />
      <TestMethod codeBase="C:\agent\_work\8\s\TestProjectWON\bin\Release\TestProjectWON.dll" adapterTypeName="executor://mstestadapter/v1" className="TestProjectWON.UnitTest1" name="TestMethod284" />
    </UnitTest>
    <UnitTest name="TestMethod939" storage="c:\agent\_work\8\s\testprojectwon\bin\release\testprojectwon.dll" id="b4493abc-9402-6102-76d4-b6421abdf11f">
      <Execution id="d0558eeb-a987-4e47-a144-f69405e91d55" />
      <TestMethod codeBase="C:\agent\_work\8\s\TestProjectWON\bin\Release\TestProjectWON.dll" adapterTypeName="executor://mstestadapter/v1" className="TestProjectWON.UnitTest1" name="TestMethod939" />
    </UnitTest>
    <UnitTest name="TestMethod198" storage="c:\agent\_work\8\s\testprojectwon\bin\release\testprojectwon.dll" id="d65ff6f7-fa60-61e8-5eaa-ed297c05c0cf">
      <Execution id="31f88129-e30c-4d9f-a4bf-d5c3640c7184" />
      <TestMethod codeBase="C:\agent\_work\8\s\TestProjectWON\bin\Release\TestProjectWON.dll" adapterTypeName="executor://mstestadapter/v1" className="TestProjectWON.UnitTest1" name="TestMethod198" />
    </UnitTest>
    <UnitTest name="TestMethod690" storage="c:\agent\_work\8\s\testprojectwon\bin\release\testprojectwon.dll" id="c8ad081e-6f99-2cf6-df04-fd222c5d7700">
      <Execution id="4b87f2c2-e108-4d27-a180-b2d979f07934" />
      <TestMethod codeBase="C:\agent\_work\8\s\TestProjectWON\bin\Release\TestProjectWON.dll" adapterTypeName="executor://mstestadapter/v1" className="TestProjectWON.UnitTest1" name="TestMethod690" />
    </UnitTest>
    <UnitTest name="TestMethod645" storage="c:\agent\_work\8\s\testprojectwon\bin\release\testprojectwon.dll" id="d2f7dd5a-270a-7323-131a-88c5f3382836">
      <Execution id="03cdfbfa-2a11-4f10-9b38-af449b722353" />
      <TestMethod codeBase="C:\agent\_work\8\s\TestProjectWON\bin\Release\TestProjectWON.dll" adapterTypeName="executor://mstestadapter/v1" className="TestProjectWON.UnitTest1" name="TestMethod645" />
    </UnitTest>
    <UnitTest name="TestMethod309" storage="c:\agent\_work\8\s\testprojectwon\bin\release\testprojectwon.dll" id="fd3a67c1-20b0-7edb-67ac-0abacf5758e9">
      <Execution id="fa1fe392-55d3-4086-ba2f-2b63fc515fb0" />
      <TestMethod codeBase="C:\agent\_work\8\s\TestProjectWON\bin\Release\TestProjectWON.dll" adapterTypeName="executor://mstestadapter/v1" className="TestProjectWON.UnitTest1" name="TestMethod309" />
    </UnitTest>
    <UnitTest name="TestMethod138" storage="c:\agent\_work\8\s\testprojectwon\bin\release\testprojectwon.dll" id="5e9bf8f9-fe4f-01f0-584d-773babb30215">
      <Execution id="432768f8-b5c8-464b-84c2-f8bf9c71816f" />
      <TestMethod codeBase="C:\agent\_work\8\s\TestProjectWON\bin\Release\TestProjectWON.dll" adapterTypeName="executor://mstestadapter/v1" className="TestProjectWON.UnitTest1" name="TestMethod138" />
    </UnitTest>
    <UnitTest name="TestMethod125" storage="c:\agent\_work\8\s\testprojectwon\bin\release\testprojectwon.dll" id="ea947337-3d83-b2e8-7f31-72fa3745dd0a">
      <Execution id="5d5b8a50-726f-494a-8dfd-40a44c30a1ae" />
      <TestMethod codeBase="C:\agent\_work\8\s\TestProjectWON\bin\Release\TestProjectWON.dll" adapterTypeName="executor://mstestadapter/v1" className="TestProjectWON.UnitTest1" name="TestMethod125" />
    </UnitTest>
    <UnitTest name="TestMethod174" storage="c:\agent\_work\8\s\testprojectwon\bin\release\testprojectwon.dll" id="655b1882-490e-072b-68df-241927b235f6">
      <Execution id="353a8e2a-32ec-4ada-b9aa-0ea894700d0f" />
      <TestMethod codeBase="C:\agent\_work\8\s\TestProjectWON\bin\Release\TestProjectWON.dll" adapterTypeName="executor://mstestadapter/v1" className="TestProjectWON.UnitTest1" name="TestMethod174" />
    </UnitTest>
    <UnitTest name="TestMethod612" storage="c:\agent\_work\8\s\testprojectwon\bin\release\testprojectwon.dll" id="4a7d6a30-5fd0-7ff9-a349-5e34b8f37db1">
      <Execution id="6aa0a8e4-4b39-44ac-b3ae-05143366fd4b" />
      <TestMethod codeBase="C:\agent\_work\8\s\TestProjectWON\bin\Release\TestProjectWON.dll" adapterTypeName="executor://mstestadapter/v1" className="TestProjectWON.UnitTest1" name="TestMethod612" />
    </UnitTest>
    <UnitTest name="TestMethod827" storage="c:\agent\_work\8\s\testprojectwon\bin\release\testprojectwon.dll" id="a4d85907-9466-2a97-9fe1-902dee5034c9">
      <Execution id="25d65121-972e-4569-b9cd-d6a071d80f28" />
      <TestMethod codeBase="C:\agent\_work\8\s\TestProjectWON\bin\Release\TestProjectWON.dll" adapterTypeName="executor://mstestadapter/v1" className="TestProjectWON.UnitTest1" name="TestMethod827" />
    </UnitTest>
    <UnitTest name="TestMethod93" storage="c:\agent\_work\8\s\testprojectwon\bin\release\testprojectwon.dll" id="68809a73-9e02-b8d1-f87e-3e077b1cf1ba">
      <Execution id="9b239523-0fe2-45f0-b30d-115f2d1f4ab8" />
      <TestMethod codeBase="C:\agent\_work\8\s\TestProjectWON\bin\Release\TestProjectWON.dll" adapterTypeName="executor://mstestadapter/v1" className="TestProjectWON.UnitTest1" name="TestMethod93" />
    </UnitTest>
    <UnitTest name="TestMethod193" storage="c:\agent\_work\8\s\testprojectwon\bin\release\testprojectwon.dll" id="77816f4d-afef-156b-4369-3e8ff49547a2">
      <Execution id="0f2889d4-e636-4b0f-a574-ef26fe7a0d9e" />
      <TestMethod codeBase="C:\agent\_work\8\s\TestProjectWON\bin\Release\TestProjectWON.dll" adapterTypeName="executor://mstestadapter/v1" className="TestProjectWON.UnitTest1" name="TestMethod193" />
    </UnitTest>
    <UnitTest name="TestMethod810" storage="c:\agent\_work\8\s\testprojectwon\bin\release\testprojectwon.dll" id="18a0ff0a-ac1a-a9d5-81ad-858aef9a2757">
      <Execution id="ebc564e0-4f35-4e49-a85a-b12287394b81" />
      <TestMethod codeBase="C:\agent\_work\8\s\TestProjectWON\bin\Release\TestProjectWON.dll" adapterTypeName="executor://mstestadapter/v1" className="TestProjectWON.UnitTest1" name="TestMethod810" />
    </UnitTest>
    <UnitTest name="TestMethod417" storage="c:\agent\_work\8\s\testprojectwon\bin\release\testprojectwon.dll" id="a8e3a636-620f-1482-f02b-70a802069f1c">
      <Execution id="a0c1a850-85ab-4ed7-b5ac-844d9bbe7cba" />
      <TestMethod codeBase="C:\agent\_work\8\s\TestProjectWON\bin\Release\TestProjectWON.dll" adapterTypeName="executor://mstestadapter/v1" className="TestProjectWON.UnitTest1" name="TestMethod417" />
    </UnitTest>
    <UnitTest name="TestMethod518" storage="c:\agent\_work\8\s\testprojectwon\bin\release\testprojectwon.dll" id="ddd23482-1d5d-6a64-fe3a-0b7d652ee8c5">
      <Execution id="0f12cdb8-0bb0-4989-af29-49dfea42606c" />
      <TestMethod codeBase="C:\agent\_work\8\s\TestProjectWON\bin\Release\TestProjectWON.dll" adapterTypeName="executor://mstestadapter/v1" className="TestProjectWON.UnitTest1" name="TestMethod518" />
    </UnitTest>
    <UnitTest name="TestMethod682" storage="c:\agent\_work\8\s\testprojectwon\bin\release\testprojectwon.dll" id="6cfa8128-1d3b-8280-30fd-6266744ca8c8">
      <Execution id="e0f4fbda-331d-4cd3-bc1f-599722db3754" />
      <TestMethod codeBase="C:\agent\_work\8\s\TestProjectWON\bin\Release\TestProjectWON.dll" adapterTypeName="executor://mstestadapter/v1" className="TestProjectWON.UnitTest1" name="TestMethod682" />
    </UnitTest>
    <UnitTest name="TestMethod968" storage="c:\agent\_work\8\s\testprojectwon\bin\release\testprojectwon.dll" id="4dd705b4-7906-f919-391b-5a84eba0a39f">
      <Execution id="10c079b7-9e0a-4e26-aec9-9115127777e7" />
      <TestMethod codeBase="C:\agent\_work\8\s\TestProjectWON\bin\Release\TestProjectWON.dll" adapterTypeName="executor://mstestadapter/v1" className="TestProjectWON.UnitTest1" name="TestMethod968" />
    </UnitTest>
    <UnitTest name="TestMethod710" storage="c:\agent\_work\8\s\testprojectwon\bin\release\testprojectwon.dll" id="07b45e08-8c5a-283f-969c-3361e8993ef7">
      <Execution id="b473a1af-82da-41ce-91db-268b352ea2b3" />
      <TestMethod codeBase="C:\agent\_work\8\s\TestProjectWON\bin\Release\TestProjectWON.dll" adapterTypeName="executor://mstestadapter/v1" className="TestProjectWON.UnitTest1" name="TestMethod710" />
    </UnitTest>
    <UnitTest name="TestMethod729" storage="c:\agent\_work\8\s\testprojectwon\bin\release\testprojectwon.dll" id="40596cb0-9252-df2e-a81d-60fc4091b4b9">
      <Execution id="675ec9af-4373-44f5-8836-647c682e1aef" />
      <TestMethod codeBase="C:\agent\_work\8\s\TestProjectWON\bin\Release\TestProjectWON.dll" adapterTypeName="executor://mstestadapter/v1" className="TestProjectWON.UnitTest1" name="TestMethod729" />
    </UnitTest>
    <UnitTest name="TestMethod223" storage="c:\agent\_work\8\s\testprojectwon\bin\release\testprojectwon.dll" id="d2ac934c-06ca-163d-72aa-0d3d38b9ca1c">
      <Execution id="b58a4c19-2df2-4f0a-8592-e1ea69000ec4" />
      <TestMethod codeBase="C:\agent\_work\8\s\TestProjectWON\bin\Release\TestProjectWON.dll" adapterTypeName="executor://mstestadapter/v1" className="TestProjectWON.UnitTest1" name="TestMethod223" />
    </UnitTest>
    <UnitTest name="TestMethod418" storage="c:\agent\_work\8\s\testprojectwon\bin\release\testprojectwon.dll" id="1942dc15-dfcb-3790-cc24-66292ca89d8d">
      <Execution id="ae884777-8fa5-4a00-b521-3b48a99b9555" />
      <TestMethod codeBase="C:\agent\_work\8\s\TestProjectWON\bin\Release\TestProjectWON.dll" adapterTypeName="executor://mstestadapter/v1" className="TestProjectWON.UnitTest1" name="TestMethod418" />
    </UnitTest>
    <UnitTest name="TestMethod306" storage="c:\agent\_work\8\s\testprojectwon\bin\release\testprojectwon.dll" id="090618a1-3f98-cb1b-af84-a23938a39e4b">
      <Execution id="34a627ed-4edc-4bd1-a5ff-c0e2295ab134" />
      <TestMethod codeBase="C:\agent\_work\8\s\TestProjectWON\bin\Release\TestProjectWON.dll" adapterTypeName="executor://mstestadapter/v1" className="TestProjectWON.UnitTest1" name="TestMethod306" />
    </UnitTest>
    <UnitTest name="TestMethod232" storage="c:\agent\_work\8\s\testprojectwon\bin\release\testprojectwon.dll" id="56942e60-3679-73a6-3404-cadf7229f611">
      <Execution id="e0dc2af1-2605-46a2-8772-ec24e3809282" />
      <TestMethod codeBase="C:\agent\_work\8\s\TestProjectWON\bin\Release\TestProjectWON.dll" adapterTypeName="executor://mstestadapter/v1" className="TestProjectWON.UnitTest1" name="TestMethod232" />
    </UnitTest>
    <UnitTest name="TestMethod784" storage="c:\agent\_work\8\s\testprojectwon\bin\release\testprojectwon.dll" id="f5ef0929-25d2-0a65-e818-3b671d60cb6e">
      <Execution id="09b7d042-4927-4bec-b650-d0d91e2c6961" />
      <TestMethod codeBase="C:\agent\_work\8\s\TestProjectWON\bin\Release\TestProjectWON.dll" adapterTypeName="executor://mstestadapter/v1" className="TestProjectWON.UnitTest1" name="TestMethod784" />
    </UnitTest>
    <UnitTest name="TestMethod666" storage="c:\agent\_work\8\s\testprojectwon\bin\release\testprojectwon.dll" id="e98717dc-db9f-7dce-27fc-a1c52c45cc6b">
      <Execution id="8e36f49b-a4e3-4542-b7c7-87e0443a7763" />
      <TestMethod codeBase="C:\agent\_work\8\s\TestProjectWON\bin\Release\TestProjectWON.dll" adapterTypeName="executor://mstestadapter/v1" className="TestProjectWON.UnitTest1" name="TestMethod666" />
    </UnitTest>
    <UnitTest name="TestMethod762" storage="c:\agent\_work\8\s\testprojectwon\bin\release\testprojectwon.dll" id="0982bbc2-1c72-d9d0-5afb-0ccc4ad492e3">
      <Execution id="ee662171-fe18-4e6b-9826-be65c83c6ccd" />
      <TestMethod codeBase="C:\agent\_work\8\s\TestProjectWON\bin\Release\TestProjectWON.dll" adapterTypeName="executor://mstestadapter/v1" className="TestProjectWON.UnitTest1" name="TestMethod762" />
    </UnitTest>
    <UnitTest name="TestMethod965" storage="c:\agent\_work\8\s\testprojectwon\bin\release\testprojectwon.dll" id="b7e3ed28-8792-7bc7-d8bb-08f9024403b9">
      <Execution id="84822362-104f-4853-a6f6-a5f3aa6c4336" />
      <TestMethod codeBase="C:\agent\_work\8\s\TestProjectWON\bin\Release\TestProjectWON.dll" adapterTypeName="executor://mstestadapter/v1" className="TestProjectWON.UnitTest1" name="TestMethod965" />
    </UnitTest>
    <UnitTest name="TestMethod261" storage="c:\agent\_work\8\s\testprojectwon\bin\release\testprojectwon.dll" id="bb9c2e9b-3b0b-a046-d485-0e15e3c4139e">
      <Execution id="869b712c-09dd-4e2a-b71d-90e404338e1c" />
      <TestMethod codeBase="C:\agent\_work\8\s\TestProjectWON\bin\Release\TestProjectWON.dll" adapterTypeName="executor://mstestadapter/v1" className="TestProjectWON.UnitTest1" name="TestMethod261" />
    </UnitTest>
    <UnitTest name="TestMethod923" storage="c:\agent\_work\8\s\testprojectwon\bin\release\testprojectwon.dll" id="23389cd4-cd53-51f9-ea03-100b46c66dea">
      <Execution id="7154f208-3e80-4b44-97be-6959d19e5a24" />
      <TestMethod codeBase="C:\agent\_work\8\s\TestProjectWON\bin\Release\TestProjectWON.dll" adapterTypeName="executor://mstestadapter/v1" className="TestProjectWON.UnitTest1" name="TestMethod923" />
    </UnitTest>
    <UnitTest name="TestMethod886" storage="c:\agent\_work\8\s\testprojectwon\bin\release\testprojectwon.dll" id="04b3c1ab-4a60-2262-771f-1c02badca77a">
      <Execution id="0b844b37-edba-4a36-b21f-38804a0e283f" />
      <TestMethod codeBase="C:\agent\_work\8\s\TestProjectWON\bin\Release\TestProjectWON.dll" adapterTypeName="executor://mstestadapter/v1" className="TestProjectWON.UnitTest1" name="TestMethod886" />
    </UnitTest>
    <UnitTest name="TestMethod931" storage="c:\agent\_work\8\s\testprojectwon\bin\release\testprojectwon.dll" id="f6b36be6-03b8-eb53-2bd6-1d05045cd042">
      <Execution id="9590029b-b2d3-4a0d-a1d0-4775dc50f763" />
      <TestMethod codeBase="C:\agent\_work\8\s\TestProjectWON\bin\Release\TestProjectWON.dll" adapterTypeName="executor://mstestadapter/v1" className="TestProjectWON.UnitTest1" name="TestMethod931" />
    </UnitTest>
    <UnitTest name="TestMethod216" storage="c:\agent\_work\8\s\testprojectwon\bin\release\testprojectwon.dll" id="57f3d555-cd2f-6706-4d71-3065edac0980">
      <Execution id="9a46ec0f-f5d4-4b44-9f6e-d19b7f4a98ce" />
      <TestMethod codeBase="C:\agent\_work\8\s\TestProjectWON\bin\Release\TestProjectWON.dll" adapterTypeName="executor://mstestadapter/v1" className="TestProjectWON.UnitTest1" name="TestMethod216" />
    </UnitTest>
    <UnitTest name="TestMethod769" storage="c:\agent\_work\8\s\testprojectwon\bin\release\testprojectwon.dll" id="4a481a7b-b096-4b45-fb70-1b89a292bf05">
      <Execution id="5e30c3ea-c1c8-4e9b-95c3-3aca32607a9e" />
      <TestMethod codeBase="C:\agent\_work\8\s\TestProjectWON\bin\Release\TestProjectWON.dll" adapterTypeName="executor://mstestadapter/v1" className="TestProjectWON.UnitTest1" name="TestMethod769" />
    </UnitTest>
    <UnitTest name="TestMethod120" storage="c:\agent\_work\8\s\testprojectwon\bin\release\testprojectwon.dll" id="56dce2a6-7d7c-543f-167f-fb8c43f5f7f8">
      <Execution id="b4697aaf-94d2-4b86-8584-108eb16a13d4" />
      <TestMethod codeBase="C:\agent\_work\8\s\TestProjectWON\bin\Release\TestProjectWON.dll" adapterTypeName="executor://mstestadapter/v1" className="TestProjectWON.UnitTest1" name="TestMethod120" />
    </UnitTest>
    <UnitTest name="TestMethod909" storage="c:\agent\_work\8\s\testprojectwon\bin\release\testprojectwon.dll" id="bdbabfef-fc71-7a90-c6ce-f231309a0e74">
      <Execution id="dc2ee4ae-bc7d-4169-92c5-d073f5ee5ed2" />
      <TestMethod codeBase="C:\agent\_work\8\s\TestProjectWON\bin\Release\TestProjectWON.dll" adapterTypeName="executor://mstestadapter/v1" className="TestProjectWON.UnitTest1" name="TestMethod909" />
    </UnitTest>
    <UnitTest name="TestMethod97" storage="c:\agent\_work\8\s\testprojectwon\bin\release\testprojectwon.dll" id="3f7d169c-1c92-efb0-f94c-315afeaae0a1">
      <Execution id="4e51f31e-61bc-4355-8a8c-f728a04721fa" />
      <TestMethod codeBase="C:\agent\_work\8\s\TestProjectWON\bin\Release\TestProjectWON.dll" adapterTypeName="executor://mstestadapter/v1" className="TestProjectWON.UnitTest1" name="TestMethod97" />
    </UnitTest>
    <UnitTest name="TestMethod251" storage="c:\agent\_work\8\s\testprojectwon\bin\release\testprojectwon.dll" id="ba53baed-f5ba-708c-6942-501f1bbdacdf">
      <Execution id="863776fb-35c5-49fd-85b1-295ee9acb098" />
      <TestMethod codeBase="C:\agent\_work\8\s\TestProjectWON\bin\Release\TestProjectWON.dll" adapterTypeName="executor://mstestadapter/v1" className="TestProjectWON.UnitTest1" name="TestMethod251" />
    </UnitTest>
    <UnitTest name="TestMethod572" storage="c:\agent\_work\8\s\testprojectwon\bin\release\testprojectwon.dll" id="29bcff61-a43a-2ea4-43f4-7055d5db65f3">
      <Execution id="a4a295ed-cb3f-4ffa-ad22-25f16fba528b" />
      <TestMethod codeBase="C:\agent\_work\8\s\TestProjectWON\bin\Release\TestProjectWON.dll" adapterTypeName="executor://mstestadapter/v1" className="TestProjectWON.UnitTest1" name="TestMethod572" />
    </UnitTest>
    <UnitTest name="TestMethod349" storage="c:\agent\_work\8\s\testprojectwon\bin\release\testprojectwon.dll" id="52f276d9-f753-b409-bc48-bc36d2a455cb">
      <Execution id="1116a72f-02cb-409e-9bf3-2a6af0c9f7e1" />
      <TestMethod codeBase="C:\agent\_work\8\s\TestProjectWON\bin\Release\TestProjectWON.dll" adapterTypeName="executor://mstestadapter/v1" className="TestProjectWON.UnitTest1" name="TestMethod349" />
    </UnitTest>
    <UnitTest name="TestMethod540" storage="c:\agent\_work\8\s\testprojectwon\bin\release\testprojectwon.dll" id="22a69a6d-9667-50e5-bfaf-3f826e30327e">
      <Execution id="aa662504-4215-4583-94ef-98627095cb5e" />
      <TestMethod codeBase="C:\agent\_work\8\s\TestProjectWON\bin\Release\TestProjectWON.dll" adapterTypeName="executor://mstestadapter/v1" className="TestProjectWON.UnitTest1" name="TestMethod540" />
    </UnitTest>
    <UnitTest name="TestMethod1" storage="c:\agent\_work\8\s\testprojectwon\bin\release\testprojectwon.dll" id="0f12f85e-9cd9-1df2-e194-7f640d154ed3">
      <Execution id="71cd4b99-5081-4981-a7d4-eaaa559a2ded" />
      <TestMethod codeBase="C:\agent\_work\8\s\TestProjectWON\bin\Release\TestProjectWON.dll" adapterTypeName="executor://mstestadapter/v1" className="TestProjectWON.UnitTest1" name="TestMethod1" />
    </UnitTest>
    <UnitTest name="TestMethod694" storage="c:\agent\_work\8\s\testprojectwon\bin\release\testprojectwon.dll" id="5bfa0415-d410-d5d9-e938-8abefaeaacba">
      <Execution id="df4ebefe-7888-45e5-8e46-47678e01fccf" />
      <TestMethod codeBase="C:\agent\_work\8\s\TestProjectWON\bin\Release\TestProjectWON.dll" adapterTypeName="executor://mstestadapter/v1" className="TestProjectWON.UnitTest1" name="TestMethod694" />
    </UnitTest>
    <UnitTest name="TestMethod453" storage="c:\agent\_work\8\s\testprojectwon\bin\release\testprojectwon.dll" id="58e324dc-22f5-3a17-cd89-fe29db5bf094">
      <Execution id="24460028-58ad-4806-a473-4acd59095f87" />
      <TestMethod codeBase="C:\agent\_work\8\s\TestProjectWON\bin\Release\TestProjectWON.dll" adapterTypeName="executor://mstestadapter/v1" className="TestProjectWON.UnitTest1" name="TestMethod453" />
    </UnitTest>
    <UnitTest name="TestMethod231" storage="c:\agent\_work\8\s\testprojectwon\bin\release\testprojectwon.dll" id="12cada9a-8630-cfe1-1b0a-b85143964cd4">
      <Execution id="587fccb2-4cb7-4836-b9ba-8b0628c92a5d" />
      <TestMethod codeBase="C:\agent\_work\8\s\TestProjectWON\bin\Release\TestProjectWON.dll" adapterTypeName="executor://mstestadapter/v1" className="TestProjectWON.UnitTest1" name="TestMethod231" />
    </UnitTest>
    <UnitTest name="TestMethod945" storage="c:\agent\_work\8\s\testprojectwon\bin\release\testprojectwon.dll" id="3c2a4f16-ae18-3a36-2055-5632e5b769d7">
      <Execution id="6e9ee927-ca11-44c9-ab28-3dadd562828d" />
      <TestMethod codeBase="C:\agent\_work\8\s\TestProjectWON\bin\Release\TestProjectWON.dll" adapterTypeName="executor://mstestadapter/v1" className="TestProjectWON.UnitTest1" name="TestMethod945" />
    </UnitTest>
    <UnitTest name="TestMethod519" storage="c:\agent\_work\8\s\testprojectwon\bin\release\testprojectwon.dll" id="5ae7d4be-ba8d-cec7-7292-630f0d9fb493">
      <Execution id="5bc5c83a-cd56-4176-a7e8-315b8afbda67" />
      <TestMethod codeBase="C:\agent\_work\8\s\TestProjectWON\bin\Release\TestProjectWON.dll" adapterTypeName="executor://mstestadapter/v1" className="TestProjectWON.UnitTest1" name="TestMethod519" />
    </UnitTest>
    <UnitTest name="TestMethod256" storage="c:\agent\_work\8\s\testprojectwon\bin\release\testprojectwon.dll" id="ce535f01-343a-d676-b641-8fa40671efc4">
      <Execution id="e410ad11-53a2-4385-a57e-f05a2cd74028" />
      <TestMethod codeBase="C:\agent\_work\8\s\TestProjectWON\bin\Release\TestProjectWON.dll" adapterTypeName="executor://mstestadapter/v1" className="TestProjectWON.UnitTest1" name="TestMethod256" />
    </UnitTest>
    <UnitTest name="TestMethod78" storage="c:\agent\_work\8\s\testprojectwon\bin\release\testprojectwon.dll" id="c620e2d6-530c-58b3-510d-820d526ceb4b">
      <Execution id="c0f73814-2cfd-405a-bafd-770134b31911" />
      <TestMethod codeBase="C:\agent\_work\8\s\TestProjectWON\bin\Release\TestProjectWON.dll" adapterTypeName="executor://mstestadapter/v1" className="TestProjectWON.UnitTest1" name="TestMethod78" />
    </UnitTest>
    <UnitTest name="TestMethod770" storage="c:\agent\_work\8\s\testprojectwon\bin\release\testprojectwon.dll" id="d5556391-3e14-ea54-edb2-908d5b097d5b">
      <Execution id="817c4a3a-0bbe-403c-b897-5145296f977a" />
      <TestMethod codeBase="C:\agent\_work\8\s\TestProjectWON\bin\Release\TestProjectWON.dll" adapterTypeName="executor://mstestadapter/v1" className="TestProjectWON.UnitTest1" name="TestMethod770" />
    </UnitTest>
    <UnitTest name="TestMethod815" storage="c:\agent\_work\8\s\testprojectwon\bin\release\testprojectwon.dll" id="57617edb-f469-e6ae-a1d6-6ef9c44c5b8e">
      <Execution id="fffa6930-7b18-484f-940b-c312372ac242" />
      <TestMethod codeBase="C:\agent\_work\8\s\TestProjectWON\bin\Release\TestProjectWON.dll" adapterTypeName="executor://mstestadapter/v1" className="TestProjectWON.UnitTest1" name="TestMethod815" />
    </UnitTest>
    <UnitTest name="TestMethod502" storage="c:\agent\_work\8\s\testprojectwon\bin\release\testprojectwon.dll" id="8c1e5349-f7f5-d219-bcb3-94d6fb158aa8">
      <Execution id="bbb6440c-d478-47d8-961d-08561bd1a837" />
      <TestMethod codeBase="C:\agent\_work\8\s\TestProjectWON\bin\Release\TestProjectWON.dll" adapterTypeName="executor://mstestadapter/v1" className="TestProjectWON.UnitTest1" name="TestMethod502" />
    </UnitTest>
    <UnitTest name="TestMethod846" storage="c:\agent\_work\8\s\testprojectwon\bin\release\testprojectwon.dll" id="50d3bc90-e64c-a7a4-3c89-41f45e1b2071">
      <Execution id="c191e739-c4c4-45d1-a6a1-1212d60e7290" />
      <TestMethod codeBase="C:\agent\_work\8\s\TestProjectWON\bin\Release\TestProjectWON.dll" adapterTypeName="executor://mstestadapter/v1" className="TestProjectWON.UnitTest1" name="TestMethod846" />
    </UnitTest>
    <UnitTest name="TestMethod776" storage="c:\agent\_work\8\s\testprojectwon\bin\release\testprojectwon.dll" id="557323f1-762d-0e65-0c5b-d25e4cb24afe">
      <Execution id="b66fe127-a863-4266-acf8-2df4aa56b804" />
      <TestMethod codeBase="C:\agent\_work\8\s\TestProjectWON\bin\Release\TestProjectWON.dll" adapterTypeName="executor://mstestadapter/v1" className="TestProjectWON.UnitTest1" name="TestMethod776" />
    </UnitTest>
    <UnitTest name="TestMethod859" storage="c:\agent\_work\8\s\testprojectwon\bin\release\testprojectwon.dll" id="5011fa05-fc7a-5b36-1a94-4fac9b8df85f">
      <Execution id="38c2cc90-7e06-4826-8265-30f2bf4e5830" />
      <TestMethod codeBase="C:\agent\_work\8\s\TestProjectWON\bin\Release\TestProjectWON.dll" adapterTypeName="executor://mstestadapter/v1" className="TestProjectWON.UnitTest1" name="TestMethod859" />
    </UnitTest>
    <UnitTest name="TestMethod517" storage="c:\agent\_work\8\s\testprojectwon\bin\release\testprojectwon.dll" id="fbfb4c6b-296d-71e8-ed22-bf18fd31fa79">
      <Execution id="398188a0-855a-4b60-a3db-f2b112df3374" />
      <TestMethod codeBase="C:\agent\_work\8\s\TestProjectWON\bin\Release\TestProjectWON.dll" adapterTypeName="executor://mstestadapter/v1" className="TestProjectWON.UnitTest1" name="TestMethod517" />
    </UnitTest>
    <UnitTest name="TestMethod752" storage="c:\agent\_work\8\s\testprojectwon\bin\release\testprojectwon.dll" id="33dbfa51-48d5-b1fc-ce45-3e93c43464c3">
      <Execution id="10427172-4d74-4b91-90c1-44eed96a5bf1" />
      <TestMethod codeBase="C:\agent\_work\8\s\TestProjectWON\bin\Release\TestProjectWON.dll" adapterTypeName="executor://mstestadapter/v1" className="TestProjectWON.UnitTest1" name="TestMethod752" />
    </UnitTest>
    <UnitTest name="TestMethod818" storage="c:\agent\_work\8\s\testprojectwon\bin\release\testprojectwon.dll" id="534302db-0287-6583-3540-ca5566ff48f9">
      <Execution id="8a73c829-70ba-484d-a908-88512c73d076" />
      <TestMethod codeBase="C:\agent\_work\8\s\TestProjectWON\bin\Release\TestProjectWON.dll" adapterTypeName="executor://mstestadapter/v1" className="TestProjectWON.UnitTest1" name="TestMethod818" />
    </UnitTest>
    <UnitTest name="TestMethod482" storage="c:\agent\_work\8\s\testprojectwon\bin\release\testprojectwon.dll" id="67c70b3c-98a4-026b-27ef-4740e1d0d49c">
      <Execution id="38b426d4-40c8-481f-8bb5-f44c29a47b7c" />
      <TestMethod codeBase="C:\agent\_work\8\s\TestProjectWON\bin\Release\TestProjectWON.dll" adapterTypeName="executor://mstestadapter/v1" className="TestProjectWON.UnitTest1" name="TestMethod482" />
    </UnitTest>
    <UnitTest name="TestMethod384" storage="c:\agent\_work\8\s\testprojectwon\bin\release\testprojectwon.dll" id="4d6d5bbf-2c92-7539-9ffa-55db00723a35">
      <Execution id="3b9b8267-9714-4775-a4b9-cf0fba4d0bcb" />
      <TestMethod codeBase="C:\agent\_work\8\s\TestProjectWON\bin\Release\TestProjectWON.dll" adapterTypeName="executor://mstestadapter/v1" className="TestProjectWON.UnitTest1" name="TestMethod384" />
    </UnitTest>
    <UnitTest name="TestMethod704" storage="c:\agent\_work\8\s\testprojectwon\bin\release\testprojectwon.dll" id="e6325c4d-0d1b-48f8-5d01-528c8025c1ef">
      <Execution id="cd77639b-0260-41bd-98b6-828d512a689c" />
      <TestMethod codeBase="C:\agent\_work\8\s\TestProjectWON\bin\Release\TestProjectWON.dll" adapterTypeName="executor://mstestadapter/v1" className="TestProjectWON.UnitTest1" name="TestMethod704" />
    </UnitTest>
    <UnitTest name="TestMethod919" storage="c:\agent\_work\8\s\testprojectwon\bin\release\testprojectwon.dll" id="6bb02424-1709-b077-6723-ac6e88c80cd5">
      <Execution id="dfa5825a-ea0a-43b4-9e9e-fac1e34e7bc6" />
      <TestMethod codeBase="C:\agent\_work\8\s\TestProjectWON\bin\Release\TestProjectWON.dll" adapterTypeName="executor://mstestadapter/v1" className="TestProjectWON.UnitTest1" name="TestMethod919" />
    </UnitTest>
    <UnitTest name="TestMethod768" storage="c:\agent\_work\8\s\testprojectwon\bin\release\testprojectwon.dll" id="2daa125b-cbaf-bd8c-2afa-e5e7a5b0028e">
      <Execution id="ec0c9e63-6e4f-41e4-aeda-404014f98b53" />
      <TestMethod codeBase="C:\agent\_work\8\s\TestProjectWON\bin\Release\TestProjectWON.dll" adapterTypeName="executor://mstestadapter/v1" className="TestProjectWON.UnitTest1" name="TestMethod768" />
    </UnitTest>
    <UnitTest name="TestMethod583" storage="c:\agent\_work\8\s\testprojectwon\bin\release\testprojectwon.dll" id="00fd6b05-3592-861b-e359-5a574ee443d0">
      <Execution id="68265d48-51ed-42eb-a9ad-c6c48ce48952" />
      <TestMethod codeBase="C:\agent\_work\8\s\TestProjectWON\bin\Release\TestProjectWON.dll" adapterTypeName="executor://mstestadapter/v1" className="TestProjectWON.UnitTest1" name="TestMethod583" />
    </UnitTest>
    <UnitTest name="TestMethod208" storage="c:\agent\_work\8\s\testprojectwon\bin\release\testprojectwon.dll" id="65d02e26-f6f3-f5a7-04d0-8af53f7c9611">
      <Execution id="3c67824a-736a-4fd3-995d-402c993ac021" />
      <TestMethod codeBase="C:\agent\_work\8\s\TestProjectWON\bin\Release\TestProjectWON.dll" adapterTypeName="executor://mstestadapter/v1" className="TestProjectWON.UnitTest1" name="TestMethod208" />
    </UnitTest>
    <UnitTest name="TestMethod16" storage="c:\agent\_work\8\s\testprojectwon\bin\release\testprojectwon.dll" id="e71a91da-b3c4-885a-d728-3ffbbbcbfe98">
      <Execution id="b76c9998-52a4-4793-b19e-110743f3e16a" />
      <TestMethod codeBase="C:\agent\_work\8\s\TestProjectWON\bin\Release\TestProjectWON.dll" adapterTypeName="executor://mstestadapter/v1" className="TestProjectWON.UnitTest1" name="TestMethod16" />
    </UnitTest>
    <UnitTest name="TestMethod110" storage="c:\agent\_work\8\s\testprojectwon\bin\release\testprojectwon.dll" id="a89cf446-c585-fd98-80b0-38f7aa0529d6">
      <Execution id="9146660a-9589-49ad-917a-e158b4c6c414" />
      <TestMethod codeBase="C:\agent\_work\8\s\TestProjectWON\bin\Release\TestProjectWON.dll" adapterTypeName="executor://mstestadapter/v1" className="TestProjectWON.UnitTest1" name="TestMethod110" />
    </UnitTest>
    <UnitTest name="TestMethod872" storage="c:\agent\_work\8\s\testprojectwon\bin\release\testprojectwon.dll" id="88a25c0e-eefa-34c3-e382-69843b35f78f">
      <Execution id="ffe559b2-4970-4d92-91d5-370cbb9d1b0b" />
      <TestMethod codeBase="C:\agent\_work\8\s\TestProjectWON\bin\Release\TestProjectWON.dll" adapterTypeName="executor://mstestadapter/v1" className="TestProjectWON.UnitTest1" name="TestMethod872" />
    </UnitTest>
    <UnitTest name="TestMethod717" storage="c:\agent\_work\8\s\testprojectwon\bin\release\testprojectwon.dll" id="2ecfc8f7-1da9-03cf-aea8-8b08aefcadf3">
      <Execution id="c3350ee6-9d49-4d7f-a54e-faebbe88535b" />
      <TestMethod codeBase="C:\agent\_work\8\s\TestProjectWON\bin\Release\TestProjectWON.dll" adapterTypeName="executor://mstestadapter/v1" className="TestProjectWON.UnitTest1" name="TestMethod717" />
    </UnitTest>
    <UnitTest name="TestMethod741" storage="c:\agent\_work\8\s\testprojectwon\bin\release\testprojectwon.dll" id="3ce26c14-dccf-218f-7d07-5063518d55e6">
      <Execution id="fa7054df-215d-4b77-8044-ebbf0f285e4a" />
      <TestMethod codeBase="C:\agent\_work\8\s\TestProjectWON\bin\Release\TestProjectWON.dll" adapterTypeName="executor://mstestadapter/v1" className="TestProjectWON.UnitTest1" name="TestMethod741" />
    </UnitTest>
    <UnitTest name="TestMethod705" storage="c:\agent\_work\8\s\testprojectwon\bin\release\testprojectwon.dll" id="4bc627cd-508d-6844-b866-7ab76843038f">
      <Execution id="52981236-a801-4c51-9b19-b63334a8537a" />
      <TestMethod codeBase="C:\agent\_work\8\s\TestProjectWON\bin\Release\TestProjectWON.dll" adapterTypeName="executor://mstestadapter/v1" className="TestProjectWON.UnitTest1" name="TestMethod705" />
    </UnitTest>
    <UnitTest name="TestMethod610" storage="c:\agent\_work\8\s\testprojectwon\bin\release\testprojectwon.dll" id="bf375141-0c02-f82b-1ecd-b36c1b60e46f">
      <Execution id="d0c493e7-159a-4198-bb9f-4f3364692a15" />
      <TestMethod codeBase="C:\agent\_work\8\s\TestProjectWON\bin\Release\TestProjectWON.dll" adapterTypeName="executor://mstestadapter/v1" className="TestProjectWON.UnitTest1" name="TestMethod610" />
    </UnitTest>
    <UnitTest name="TestMethod200" storage="c:\agent\_work\8\s\testprojectwon\bin\release\testprojectwon.dll" id="5c89a79c-3302-59fb-0a7f-dd6efcecc99f">
      <Execution id="3abba89d-6f9c-4103-b9c1-b24eff53b3de" />
      <TestMethod codeBase="C:\agent\_work\8\s\TestProjectWON\bin\Release\TestProjectWON.dll" adapterTypeName="executor://mstestadapter/v1" className="TestProjectWON.UnitTest1" name="TestMethod200" />
    </UnitTest>
    <UnitTest name="TestMethod791" storage="c:\agent\_work\8\s\testprojectwon\bin\release\testprojectwon.dll" id="2f782a60-41d8-3f0c-3c0c-6b08996aadd4">
      <Execution id="c31967db-361c-4fe0-8f70-9d77dc7a95be" />
      <TestMethod codeBase="C:\agent\_work\8\s\TestProjectWON\bin\Release\TestProjectWON.dll" adapterTypeName="executor://mstestadapter/v1" className="TestProjectWON.UnitTest1" name="TestMethod791" />
    </UnitTest>
    <UnitTest name="TestMethod499" storage="c:\agent\_work\8\s\testprojectwon\bin\release\testprojectwon.dll" id="6c1b5ffd-23a5-ac1a-9ea4-975ad90a2e9d">
      <Execution id="574c34d5-a394-4f57-99fe-808781f7d769" />
      <TestMethod codeBase="C:\agent\_work\8\s\TestProjectWON\bin\Release\TestProjectWON.dll" adapterTypeName="executor://mstestadapter/v1" className="TestProjectWON.UnitTest1" name="TestMethod499" />
    </UnitTest>
    <UnitTest name="TestMethod700" storage="c:\agent\_work\8\s\testprojectwon\bin\release\testprojectwon.dll" id="66d7339d-8b14-305d-ad84-b3435c7ed48d">
      <Execution id="ccbac772-6709-4ed9-a792-df15c5ec0855" />
      <TestMethod codeBase="C:\agent\_work\8\s\TestProjectWON\bin\Release\TestProjectWON.dll" adapterTypeName="executor://mstestadapter/v1" className="TestProjectWON.UnitTest1" name="TestMethod700" />
    </UnitTest>
    <UnitTest name="TestMethod526" storage="c:\agent\_work\8\s\testprojectwon\bin\release\testprojectwon.dll" id="7ce30dfb-2211-8640-4a16-31e97becf323">
      <Execution id="6f109542-c37b-43ae-a50b-34b6c2755e82" />
      <TestMethod codeBase="C:\agent\_work\8\s\TestProjectWON\bin\Release\TestProjectWON.dll" adapterTypeName="executor://mstestadapter/v1" className="TestProjectWON.UnitTest1" name="TestMethod526" />
    </UnitTest>
    <UnitTest name="TestMethod301" storage="c:\agent\_work\8\s\testprojectwon\bin\release\testprojectwon.dll" id="750c3025-3439-f741-9b19-4bfbbd559e8b">
      <Execution id="7275be84-ce54-48a3-a663-4f687f6213b5" />
      <TestMethod codeBase="C:\agent\_work\8\s\TestProjectWON\bin\Release\TestProjectWON.dll" adapterTypeName="executor://mstestadapter/v1" className="TestProjectWON.UnitTest1" name="TestMethod301" />
    </UnitTest>
    <UnitTest name="TestMethod51" storage="c:\agent\_work\8\s\testprojectwon\bin\release\testprojectwon.dll" id="525fbde5-5aa3-0da1-f6c9-ea38b155bd8a">
      <Execution id="9ad15c75-cebc-4796-99e3-264db5614b7c" />
      <TestMethod codeBase="C:\agent\_work\8\s\TestProjectWON\bin\Release\TestProjectWON.dll" adapterTypeName="executor://mstestadapter/v1" className="TestProjectWON.UnitTest1" name="TestMethod51" />
    </UnitTest>
    <UnitTest name="TestMethod368" storage="c:\agent\_work\8\s\testprojectwon\bin\release\testprojectwon.dll" id="de656884-06bc-c865-1cb8-9caa897a1ba9">
      <Execution id="8d146c30-d70d-400a-a910-50bdb24a4b11" />
      <TestMethod codeBase="C:\agent\_work\8\s\TestProjectWON\bin\Release\TestProjectWON.dll" adapterTypeName="executor://mstestadapter/v1" className="TestProjectWON.UnitTest1" name="TestMethod368" />
    </UnitTest>
    <UnitTest name="TestMethod421" storage="c:\agent\_work\8\s\testprojectwon\bin\release\testprojectwon.dll" id="e85b2f4b-9415-e5ab-d943-269429563998">
      <Execution id="de59260c-4b68-4647-a770-e4e5949979fc" />
      <TestMethod codeBase="C:\agent\_work\8\s\TestProjectWON\bin\Release\TestProjectWON.dll" adapterTypeName="executor://mstestadapter/v1" className="TestProjectWON.UnitTest1" name="TestMethod421" />
    </UnitTest>
    <UnitTest name="TestMethod646" storage="c:\agent\_work\8\s\testprojectwon\bin\release\testprojectwon.dll" id="c95e9ddb-a6a6-1d80-1dd1-cce37ce3dde2">
      <Execution id="c815a96c-40e8-4fee-ab02-489d7a075b9a" />
      <TestMethod codeBase="C:\agent\_work\8\s\TestProjectWON\bin\Release\TestProjectWON.dll" adapterTypeName="executor://mstestadapter/v1" className="TestProjectWON.UnitTest1" name="TestMethod646" />
    </UnitTest>
    <UnitTest name="TestMethod157" storage="c:\agent\_work\8\s\testprojectwon\bin\release\testprojectwon.dll" id="8b2f8dee-5111-0e66-4cbd-d2d21db27954">
      <Execution id="43085663-ae74-4a91-b125-ffd9e9197dc6" />
      <TestMethod codeBase="C:\agent\_work\8\s\TestProjectWON\bin\Release\TestProjectWON.dll" adapterTypeName="executor://mstestadapter/v1" className="TestProjectWON.UnitTest1" name="TestMethod157" />
    </UnitTest>
    <UnitTest name="TestMethod392" storage="c:\agent\_work\8\s\testprojectwon\bin\release\testprojectwon.dll" id="808539b7-31ea-bf3a-7c7f-4cbfe8749def">
      <Execution id="a9286b66-9313-4e06-99d2-efd673ee52a9" />
      <TestMethod codeBase="C:\agent\_work\8\s\TestProjectWON\bin\Release\TestProjectWON.dll" adapterTypeName="executor://mstestadapter/v1" className="TestProjectWON.UnitTest1" name="TestMethod392" />
    </UnitTest>
    <UnitTest name="TestMethod924" storage="c:\agent\_work\8\s\testprojectwon\bin\release\testprojectwon.dll" id="1406500a-04ca-57f0-a5cb-8c6eb46c5bb0">
      <Execution id="2f454eb5-2eea-4ee6-9531-144fe2570264" />
      <TestMethod codeBase="C:\agent\_work\8\s\TestProjectWON\bin\Release\TestProjectWON.dll" adapterTypeName="executor://mstestadapter/v1" className="TestProjectWON.UnitTest1" name="TestMethod924" />
    </UnitTest>
    <UnitTest name="TestMethod578" storage="c:\agent\_work\8\s\testprojectwon\bin\release\testprojectwon.dll" id="5bfb389a-4f2c-6e73-6433-c56f5e1e39b5">
      <Execution id="92b67c62-7371-464c-8d8f-1061783dbe8a" />
      <TestMethod codeBase="C:\agent\_work\8\s\TestProjectWON\bin\Release\TestProjectWON.dll" adapterTypeName="executor://mstestadapter/v1" className="TestProjectWON.UnitTest1" name="TestMethod578" />
    </UnitTest>
    <UnitTest name="TestMethod163" storage="c:\agent\_work\8\s\testprojectwon\bin\release\testprojectwon.dll" id="4310afc1-7beb-dea9-0052-28581d93ccc2">
      <Execution id="877e5e61-a6d4-4665-908c-f5ca52701cc4" />
      <TestMethod codeBase="C:\agent\_work\8\s\TestProjectWON\bin\Release\TestProjectWON.dll" adapterTypeName="executor://mstestadapter/v1" className="TestProjectWON.UnitTest1" name="TestMethod163" />
    </UnitTest>
    <UnitTest name="TestMethod971" storage="c:\agent\_work\8\s\testprojectwon\bin\release\testprojectwon.dll" id="cca9ff46-c03b-4f70-658c-c974de0acf12">
      <Execution id="8f7bb510-75d6-4b9d-9332-b5f7698bb5de" />
      <TestMethod codeBase="C:\agent\_work\8\s\TestProjectWON\bin\Release\TestProjectWON.dll" adapterTypeName="executor://mstestadapter/v1" className="TestProjectWON.UnitTest1" name="TestMethod971" />
    </UnitTest>
    <UnitTest name="TestMethod465" storage="c:\agent\_work\8\s\testprojectwon\bin\release\testprojectwon.dll" id="506498db-f38a-3595-db9e-8fd38f07948e">
      <Execution id="c1f7a880-baea-4253-a08c-9c78268d0fab" />
      <TestMethod codeBase="C:\agent\_work\8\s\TestProjectWON\bin\Release\TestProjectWON.dll" adapterTypeName="executor://mstestadapter/v1" className="TestProjectWON.UnitTest1" name="TestMethod465" />
    </UnitTest>
    <UnitTest name="TestMethod288" storage="c:\agent\_work\8\s\testprojectwon\bin\release\testprojectwon.dll" id="871f8fb2-ea4c-5888-ad3a-806fd772a2ef">
      <Execution id="a3965a71-daa9-4375-b187-18de5d99dc22" />
      <TestMethod codeBase="C:\agent\_work\8\s\TestProjectWON\bin\Release\TestProjectWON.dll" adapterTypeName="executor://mstestadapter/v1" className="TestProjectWON.UnitTest1" name="TestMethod288" />
    </UnitTest>
    <UnitTest name="TestMethod180" storage="c:\agent\_work\8\s\testprojectwon\bin\release\testprojectwon.dll" id="820f3ace-3e93-711d-0339-aea4c38fcae6">
      <Execution id="2ff64dd8-a7f3-40d5-8298-3c1efcfd1ed9" />
      <TestMethod codeBase="C:\agent\_work\8\s\TestProjectWON\bin\Release\TestProjectWON.dll" adapterTypeName="executor://mstestadapter/v1" className="TestProjectWON.UnitTest1" name="TestMethod180" />
    </UnitTest>
    <UnitTest name="TestMethod781" storage="c:\agent\_work\8\s\testprojectwon\bin\release\testprojectwon.dll" id="94129aad-7407-53c9-598d-956a8c8811cb">
      <Execution id="46262ca8-f724-48c3-8a4b-4e0d0e58eb17" />
      <TestMethod codeBase="C:\agent\_work\8\s\TestProjectWON\bin\Release\TestProjectWON.dll" adapterTypeName="executor://mstestadapter/v1" className="TestProjectWON.UnitTest1" name="TestMethod781" />
    </UnitTest>
    <UnitTest name="TestMethod19" storage="c:\agent\_work\8\s\testprojectwon\bin\release\testprojectwon.dll" id="eed6059b-448f-9450-7b36-e01e8b5e1322">
      <Execution id="10a3863f-ed65-4695-a1b1-ce5afedea79c" />
      <TestMethod codeBase="C:\agent\_work\8\s\TestProjectWON\bin\Release\TestProjectWON.dll" adapterTypeName="executor://mstestadapter/v1" className="TestProjectWON.UnitTest1" name="TestMethod19" />
    </UnitTest>
    <UnitTest name="TestMethod278" storage="c:\agent\_work\8\s\testprojectwon\bin\release\testprojectwon.dll" id="3d23eb83-5147-5672-17a2-324762625540">
      <Execution id="490ef476-2136-4ffa-a3c3-7602ba2403fe" />
      <TestMethod codeBase="C:\agent\_work\8\s\TestProjectWON\bin\Release\TestProjectWON.dll" adapterTypeName="executor://mstestadapter/v1" className="TestProjectWON.UnitTest1" name="TestMethod278" />
    </UnitTest>
    <UnitTest name="TestMethod151" storage="c:\agent\_work\8\s\testprojectwon\bin\release\testprojectwon.dll" id="45e3f4e9-8f3c-fbfa-2a52-4962f794af92">
      <Execution id="f1bcef36-96a0-497b-a854-d926fb35707a" />
      <TestMethod codeBase="C:\agent\_work\8\s\TestProjectWON\bin\Release\TestProjectWON.dll" adapterTypeName="executor://mstestadapter/v1" className="TestProjectWON.UnitTest1" name="TestMethod151" />
    </UnitTest>
    <UnitTest name="TestMethod749" storage="c:\agent\_work\8\s\testprojectwon\bin\release\testprojectwon.dll" id="cb06d4f5-7dd8-86f9-8e74-9b3b68994dba">
      <Execution id="d56427d5-a824-451a-8298-3037cb155ad7" />
      <TestMethod codeBase="C:\agent\_work\8\s\TestProjectWON\bin\Release\TestProjectWON.dll" adapterTypeName="executor://mstestadapter/v1" className="TestProjectWON.UnitTest1" name="TestMethod749" />
    </UnitTest>
    <UnitTest name="TestMethod884" storage="c:\agent\_work\8\s\testprojectwon\bin\release\testprojectwon.dll" id="64729b3e-9085-5c69-7b5e-5676ffd45abb">
      <Execution id="6571bfe4-1682-42d0-9fa9-90298df399b1" />
      <TestMethod codeBase="C:\agent\_work\8\s\TestProjectWON\bin\Release\TestProjectWON.dll" adapterTypeName="executor://mstestadapter/v1" className="TestProjectWON.UnitTest1" name="TestMethod884" />
    </UnitTest>
    <UnitTest name="TestMethod546" storage="c:\agent\_work\8\s\testprojectwon\bin\release\testprojectwon.dll" id="9dc72d09-419e-01b6-4661-8f4acf74faf2">
      <Execution id="a5e34d7c-1e8a-4720-8231-8930b3d6dda3" />
      <TestMethod codeBase="C:\agent\_work\8\s\TestProjectWON\bin\Release\TestProjectWON.dll" adapterTypeName="executor://mstestadapter/v1" className="TestProjectWON.UnitTest1" name="TestMethod546" />
    </UnitTest>
    <UnitTest name="TestMethod928" storage="c:\agent\_work\8\s\testprojectwon\bin\release\testprojectwon.dll" id="c519c5d5-7816-5e87-801a-d5dda1bda46d">
      <Execution id="d5e97430-a94d-4897-9b54-bcffbb883c64" />
      <TestMethod codeBase="C:\agent\_work\8\s\TestProjectWON\bin\Release\TestProjectWON.dll" adapterTypeName="executor://mstestadapter/v1" className="TestProjectWON.UnitTest1" name="TestMethod928" />
    </UnitTest>
    <UnitTest name="TestMethod725" storage="c:\agent\_work\8\s\testprojectwon\bin\release\testprojectwon.dll" id="d9684e0f-2086-d83e-23a3-04b6d52307fb">
      <Execution id="d5047a87-cb99-4613-b19a-4a0dfe46155c" />
      <TestMethod codeBase="C:\agent\_work\8\s\TestProjectWON\bin\Release\TestProjectWON.dll" adapterTypeName="executor://mstestadapter/v1" className="TestProjectWON.UnitTest1" name="TestMethod725" />
    </UnitTest>
    <UnitTest name="TestMethod651" storage="c:\agent\_work\8\s\testprojectwon\bin\release\testprojectwon.dll" id="1fe56e6e-28f0-eae6-cb2c-d586988f6535">
      <Execution id="daace730-10f2-4459-b841-17dc840148a7" />
      <TestMethod codeBase="C:\agent\_work\8\s\TestProjectWON\bin\Release\TestProjectWON.dll" adapterTypeName="executor://mstestadapter/v1" className="TestProjectWON.UnitTest1" name="TestMethod651" />
    </UnitTest>
    <UnitTest name="TestMethod817" storage="c:\agent\_work\8\s\testprojectwon\bin\release\testprojectwon.dll" id="a2f92813-cd64-b1c8-73e7-623cfb63d167">
      <Execution id="efb1aa11-1667-41b4-a43a-338120ef0c1f" />
      <TestMethod codeBase="C:\agent\_work\8\s\TestProjectWON\bin\Release\TestProjectWON.dll" adapterTypeName="executor://mstestadapter/v1" className="TestProjectWON.UnitTest1" name="TestMethod817" />
    </UnitTest>
    <UnitTest name="TestMethod972" storage="c:\agent\_work\8\s\testprojectwon\bin\release\testprojectwon.dll" id="d8dcf24b-2b20-7279-783d-81a710f1dcbb">
      <Execution id="84d0c7c0-d211-43d6-a0b7-6d60603927ad" />
      <TestMethod codeBase="C:\agent\_work\8\s\TestProjectWON\bin\Release\TestProjectWON.dll" adapterTypeName="executor://mstestadapter/v1" className="TestProjectWON.UnitTest1" name="TestMethod972" />
    </UnitTest>
    <UnitTest name="TestMethod932" storage="c:\agent\_work\8\s\testprojectwon\bin\release\testprojectwon.dll" id="a68f0a27-cdc8-1810-ed81-abb6b4dc6add">
      <Execution id="4dd74170-533f-43d8-83d1-b7e3c065eb71" />
      <TestMethod codeBase="C:\agent\_work\8\s\TestProjectWON\bin\Release\TestProjectWON.dll" adapterTypeName="executor://mstestadapter/v1" className="TestProjectWON.UnitTest1" name="TestMethod932" />
    </UnitTest>
    <UnitTest name="TestMethod104" storage="c:\agent\_work\8\s\testprojectwon\bin\release\testprojectwon.dll" id="bb4c3db3-78fd-98b5-aac1-0d6148da10da">
      <Execution id="f894aa02-e144-458e-9b9a-9b63a7918521" />
      <TestMethod codeBase="C:\agent\_work\8\s\TestProjectWON\bin\Release\TestProjectWON.dll" adapterTypeName="executor://mstestadapter/v1" className="TestProjectWON.UnitTest1" name="TestMethod104" />
    </UnitTest>
    <UnitTest name="TestMethod357" storage="c:\agent\_work\8\s\testprojectwon\bin\release\testprojectwon.dll" id="ccf30ecf-f5ae-1cef-1296-79e6c99f1c0e">
      <Execution id="e9c23274-b5c1-4d3e-953c-c8f48b823170" />
      <TestMethod codeBase="C:\agent\_work\8\s\TestProjectWON\bin\Release\TestProjectWON.dll" adapterTypeName="executor://mstestadapter/v1" className="TestProjectWON.UnitTest1" name="TestMethod357" />
    </UnitTest>
    <UnitTest name="TestMethod425" storage="c:\agent\_work\8\s\testprojectwon\bin\release\testprojectwon.dll" id="64de363d-feac-33fe-a377-a61907fccc1b">
      <Execution id="aa76e2c2-39c8-4e06-bb26-e588f18c941f" />
      <TestMethod codeBase="C:\agent\_work\8\s\TestProjectWON\bin\Release\TestProjectWON.dll" adapterTypeName="executor://mstestadapter/v1" className="TestProjectWON.UnitTest1" name="TestMethod425" />
    </UnitTest>
    <UnitTest name="TestMethod207" storage="c:\agent\_work\8\s\testprojectwon\bin\release\testprojectwon.dll" id="9fa47e22-40db-d6aa-08db-2796421ca596">
      <Execution id="ebd8bbbb-28b8-4ccb-82c2-1cfb8c8a4b65" />
      <TestMethod codeBase="C:\agent\_work\8\s\TestProjectWON\bin\Release\TestProjectWON.dll" adapterTypeName="executor://mstestadapter/v1" className="TestProjectWON.UnitTest1" name="TestMethod207" />
    </UnitTest>
    <UnitTest name="TestMethod108" storage="c:\agent\_work\8\s\testprojectwon\bin\release\testprojectwon.dll" id="c0361266-d32e-7204-9438-73d7faeeb8bf">
      <Execution id="fde69554-a376-4661-9e16-23edd005e214" />
      <TestMethod codeBase="C:\agent\_work\8\s\TestProjectWON\bin\Release\TestProjectWON.dll" adapterTypeName="executor://mstestadapter/v1" className="TestProjectWON.UnitTest1" name="TestMethod108" />
    </UnitTest>
    <UnitTest name="TestMethod838" storage="c:\agent\_work\8\s\testprojectwon\bin\release\testprojectwon.dll" id="3ff2e93f-f004-ea7a-6360-9e7eb2f35e5e">
      <Execution id="37be96d5-df9e-4580-85f4-e3a18130ed03" />
      <TestMethod codeBase="C:\agent\_work\8\s\TestProjectWON\bin\Release\TestProjectWON.dll" adapterTypeName="executor://mstestadapter/v1" className="TestProjectWON.UnitTest1" name="TestMethod838" />
    </UnitTest>
    <UnitTest name="TestMethod571" storage="c:\agent\_work\8\s\testprojectwon\bin\release\testprojectwon.dll" id="f87b10d3-ed81-9fac-667c-024663b5cc14">
      <Execution id="b4b55793-1dd9-4407-b120-0cdf74fc9278" />
      <TestMethod codeBase="C:\agent\_work\8\s\TestProjectWON\bin\Release\TestProjectWON.dll" adapterTypeName="executor://mstestadapter/v1" className="TestProjectWON.UnitTest1" name="TestMethod571" />
    </UnitTest>
    <UnitTest name="TestMethod993" storage="c:\agent\_work\8\s\testprojectwon\bin\release\testprojectwon.dll" id="e67df717-6113-d2de-c6fc-4b51384258c8">
      <Execution id="c8a9bce3-7ea1-4a9e-9117-2b01430436fb" />
      <TestMethod codeBase="C:\agent\_work\8\s\TestProjectWON\bin\Release\TestProjectWON.dll" adapterTypeName="executor://mstestadapter/v1" className="TestProjectWON.UnitTest1" name="TestMethod993" />
    </UnitTest>
    <UnitTest name="TestMethod206" storage="c:\agent\_work\8\s\testprojectwon\bin\release\testprojectwon.dll" id="0c7b2fd2-8b48-db79-5988-9d72354f73e1">
      <Execution id="49e231ba-dc85-492d-8843-85ee3d721650" />
      <TestMethod codeBase="C:\agent\_work\8\s\TestProjectWON\bin\Release\TestProjectWON.dll" adapterTypeName="executor://mstestadapter/v1" className="TestProjectWON.UnitTest1" name="TestMethod206" />
    </UnitTest>
    <UnitTest name="TestMethod317" storage="c:\agent\_work\8\s\testprojectwon\bin\release\testprojectwon.dll" id="ad02a006-5a0a-4f1e-ce45-4fd9f5d0e3df">
      <Execution id="fbb2e3cc-2d7f-49a6-838d-5fcb4707cf94" />
      <TestMethod codeBase="C:\agent\_work\8\s\TestProjectWON\bin\Release\TestProjectWON.dll" adapterTypeName="executor://mstestadapter/v1" className="TestProjectWON.UnitTest1" name="TestMethod317" />
    </UnitTest>
    <UnitTest name="TestMethod987" storage="c:\agent\_work\8\s\testprojectwon\bin\release\testprojectwon.dll" id="e6d12863-d67d-d92b-fed4-d345ae506505">
      <Execution id="e1124101-7901-4523-9b16-efa46fd70241" />
      <TestMethod codeBase="C:\agent\_work\8\s\TestProjectWON\bin\Release\TestProjectWON.dll" adapterTypeName="executor://mstestadapter/v1" className="TestProjectWON.UnitTest1" name="TestMethod987" />
    </UnitTest>
    <UnitTest name="TestMethod803" storage="c:\agent\_work\8\s\testprojectwon\bin\release\testprojectwon.dll" id="fb4fe1f9-4704-e605-7e31-79acd6c27b72">
      <Execution id="49a535c8-0de6-42d7-a580-40f84b564d53" />
      <TestMethod codeBase="C:\agent\_work\8\s\TestProjectWON\bin\Release\TestProjectWON.dll" adapterTypeName="executor://mstestadapter/v1" className="TestProjectWON.UnitTest1" name="TestMethod803" />
    </UnitTest>
    <UnitTest name="TestMethod188" storage="c:\agent\_work\8\s\testprojectwon\bin\release\testprojectwon.dll" id="212c19b6-0d5b-3f9a-0c11-71268fbceb25">
      <Execution id="40d2dba2-0fd6-4b37-ad9d-39896b565647" />
      <TestMethod codeBase="C:\agent\_work\8\s\TestProjectWON\bin\Release\TestProjectWON.dll" adapterTypeName="executor://mstestadapter/v1" className="TestProjectWON.UnitTest1" name="TestMethod188" />
    </UnitTest>
    <UnitTest name="TestMethod951" storage="c:\agent\_work\8\s\testprojectwon\bin\release\testprojectwon.dll" id="1ae51994-0711-31b1-de1f-5203e8a5234c">
      <Execution id="0fcb451d-c3cd-4658-8d54-569a32802d28" />
      <TestMethod codeBase="C:\agent\_work\8\s\TestProjectWON\bin\Release\TestProjectWON.dll" adapterTypeName="executor://mstestadapter/v1" className="TestProjectWON.UnitTest1" name="TestMethod951" />
    </UnitTest>
    <UnitTest name="TestMethod820" storage="c:\agent\_work\8\s\testprojectwon\bin\release\testprojectwon.dll" id="2b37da15-ac11-46e9-aafa-8893f585e1bf">
      <Execution id="6b8500ad-3861-44c9-8f09-a11b3fe93e91" />
      <TestMethod codeBase="C:\agent\_work\8\s\TestProjectWON\bin\Release\TestProjectWON.dll" adapterTypeName="executor://mstestadapter/v1" className="TestProjectWON.UnitTest1" name="TestMethod820" />
    </UnitTest>
    <UnitTest name="TestMethod545" storage="c:\agent\_work\8\s\testprojectwon\bin\release\testprojectwon.dll" id="8e3a26c6-55d2-cad9-a396-3137adf626b1">
      <Execution id="fa295e08-c33f-4b18-bca2-906019b2f292" />
      <TestMethod codeBase="C:\agent\_work\8\s\TestProjectWON\bin\Release\TestProjectWON.dll" adapterTypeName="executor://mstestadapter/v1" className="TestProjectWON.UnitTest1" name="TestMethod545" />
    </UnitTest>
    <UnitTest name="TestMethod71" storage="c:\agent\_work\8\s\testprojectwon\bin\release\testprojectwon.dll" id="c9687247-30d1-280a-87a9-80a36b2d7cef">
      <Execution id="b223a47b-fdf2-45f8-9ab9-382b78498454" />
      <TestMethod codeBase="C:\agent\_work\8\s\TestProjectWON\bin\Release\TestProjectWON.dll" adapterTypeName="executor://mstestadapter/v1" className="TestProjectWON.UnitTest1" name="TestMethod71" />
    </UnitTest>
    <UnitTest name="TestMethod458" storage="c:\agent\_work\8\s\testprojectwon\bin\release\testprojectwon.dll" id="44f4028e-9bd3-386c-2ed9-6f8efdc546e9">
      <Execution id="e4985a21-5624-48f1-8ddb-ed6338627594" />
      <TestMethod codeBase="C:\agent\_work\8\s\TestProjectWON\bin\Release\TestProjectWON.dll" adapterTypeName="executor://mstestadapter/v1" className="TestProjectWON.UnitTest1" name="TestMethod458" />
    </UnitTest>
    <UnitTest name="TestMethod565" storage="c:\agent\_work\8\s\testprojectwon\bin\release\testprojectwon.dll" id="8471d281-7987-c3f2-f68c-5a75fbc8613e">
      <Execution id="cb393ace-e0d7-466c-9c1c-a16553174c9e" />
      <TestMethod codeBase="C:\agent\_work\8\s\TestProjectWON\bin\Release\TestProjectWON.dll" adapterTypeName="executor://mstestadapter/v1" className="TestProjectWON.UnitTest1" name="TestMethod565" />
    </UnitTest>
    <UnitTest name="TestMethod250" storage="c:\agent\_work\8\s\testprojectwon\bin\release\testprojectwon.dll" id="c6d14744-5110-ac21-1354-827560bc525b">
      <Execution id="dd7c1808-7772-4a58-add3-695b771e2c3a" />
      <TestMethod codeBase="C:\agent\_work\8\s\TestProjectWON\bin\Release\TestProjectWON.dll" adapterTypeName="executor://mstestadapter/v1" className="TestProjectWON.UnitTest1" name="TestMethod250" />
    </UnitTest>
    <UnitTest name="TestMethod293" storage="c:\agent\_work\8\s\testprojectwon\bin\release\testprojectwon.dll" id="e25db0a7-077f-add3-a7d0-917882ca41b5">
      <Execution id="2028e46e-93a9-4ba6-b579-45fbf3e6d0d3" />
      <TestMethod codeBase="C:\agent\_work\8\s\TestProjectWON\bin\Release\TestProjectWON.dll" adapterTypeName="executor://mstestadapter/v1" className="TestProjectWON.UnitTest1" name="TestMethod293" />
    </UnitTest>
    <UnitTest name="TestMethod966" storage="c:\agent\_work\8\s\testprojectwon\bin\release\testprojectwon.dll" id="fed19f8a-2a36-9304-8863-7d2157bbb52e">
      <Execution id="70bc48b3-8f9f-47fd-a68c-b7fb8f0dc4f5" />
      <TestMethod codeBase="C:\agent\_work\8\s\TestProjectWON\bin\Release\TestProjectWON.dll" adapterTypeName="executor://mstestadapter/v1" className="TestProjectWON.UnitTest1" name="TestMethod966" />
    </UnitTest>
    <UnitTest name="TestMethod176" storage="c:\agent\_work\8\s\testprojectwon\bin\release\testprojectwon.dll" id="27f56197-1615-7d87-8ee0-99378268c250">
      <Execution id="15abd12f-6bf3-44ca-8bc2-ce6448a6db4a" />
      <TestMethod codeBase="C:\agent\_work\8\s\TestProjectWON\bin\Release\TestProjectWON.dll" adapterTypeName="executor://mstestadapter/v1" className="TestProjectWON.UnitTest1" name="TestMethod176" />
    </UnitTest>
    <UnitTest name="TestMethod786" storage="c:\agent\_work\8\s\testprojectwon\bin\release\testprojectwon.dll" id="6db2f1b4-28a3-6deb-cfbf-a9008e037128">
      <Execution id="d4ea12d6-f178-400b-b1bb-9ad90a81396c" />
      <TestMethod codeBase="C:\agent\_work\8\s\TestProjectWON\bin\Release\TestProjectWON.dll" adapterTypeName="executor://mstestadapter/v1" className="TestProjectWON.UnitTest1" name="TestMethod786" />
    </UnitTest>
    <UnitTest name="TestMethod662" storage="c:\agent\_work\8\s\testprojectwon\bin\release\testprojectwon.dll" id="2fe22068-754c-597f-0833-1bd50a45e77d">
      <Execution id="5b0c8f09-8fb1-48be-9ad4-a6ae580ac155" />
      <TestMethod codeBase="C:\agent\_work\8\s\TestProjectWON\bin\Release\TestProjectWON.dll" adapterTypeName="executor://mstestadapter/v1" className="TestProjectWON.UnitTest1" name="TestMethod662" />
    </UnitTest>
    <UnitTest name="TestMethod209" storage="c:\agent\_work\8\s\testprojectwon\bin\release\testprojectwon.dll" id="406e731d-4287-7ae4-e2af-fbbe10d2a15b">
      <Execution id="0985b920-5326-4734-8776-ff27ef900c2c" />
      <TestMethod codeBase="C:\agent\_work\8\s\TestProjectWON\bin\Release\TestProjectWON.dll" adapterTypeName="executor://mstestadapter/v1" className="TestProjectWON.UnitTest1" name="TestMethod209" />
    </UnitTest>
    <UnitTest name="TestMethod734" storage="c:\agent\_work\8\s\testprojectwon\bin\release\testprojectwon.dll" id="dde3d3fc-853c-c82d-7a83-36ec6097ab3a">
      <Execution id="76ce908c-de63-43ea-ba21-d72175e6f5b6" />
      <TestMethod codeBase="C:\agent\_work\8\s\TestProjectWON\bin\Release\TestProjectWON.dll" adapterTypeName="executor://mstestadapter/v1" className="TestProjectWON.UnitTest1" name="TestMethod734" />
    </UnitTest>
    <UnitTest name="TestMethod991" storage="c:\agent\_work\8\s\testprojectwon\bin\release\testprojectwon.dll" id="f9915989-2d3b-ae48-0f3e-fb7284bad1c4">
      <Execution id="9602221e-67aa-42f9-956f-84a6e48a5b50" />
      <TestMethod codeBase="C:\agent\_work\8\s\TestProjectWON\bin\Release\TestProjectWON.dll" adapterTypeName="executor://mstestadapter/v1" className="TestProjectWON.UnitTest1" name="TestMethod991" />
    </UnitTest>
    <UnitTest name="TestMethod356" storage="c:\agent\_work\8\s\testprojectwon\bin\release\testprojectwon.dll" id="8e9d7d99-a5df-a503-d37f-06d7f65402a6">
      <Execution id="488f9ff4-df1a-40e0-b926-3f9d494ebbf2" />
      <TestMethod codeBase="C:\agent\_work\8\s\TestProjectWON\bin\Release\TestProjectWON.dll" adapterTypeName="executor://mstestadapter/v1" className="TestProjectWON.UnitTest1" name="TestMethod356" />
    </UnitTest>
    <UnitTest name="TestMethod481" storage="c:\agent\_work\8\s\testprojectwon\bin\release\testprojectwon.dll" id="cb0ce914-069a-a2d2-d5db-059b679ed7ff">
      <Execution id="adda5065-5a5d-4e48-bf19-76fe6dd26dea" />
      <TestMethod codeBase="C:\agent\_work\8\s\TestProjectWON\bin\Release\TestProjectWON.dll" adapterTypeName="executor://mstestadapter/v1" className="TestProjectWON.UnitTest1" name="TestMethod481" />
    </UnitTest>
    <UnitTest name="TestMethod794" storage="c:\agent\_work\8\s\testprojectwon\bin\release\testprojectwon.dll" id="c02f77ba-8027-1ee9-4d13-6255dfee4584">
      <Execution id="738c3bb9-cd14-43e7-94d8-1b92dd04c499" />
      <TestMethod codeBase="C:\agent\_work\8\s\TestProjectWON\bin\Release\TestProjectWON.dll" adapterTypeName="executor://mstestadapter/v1" className="TestProjectWON.UnitTest1" name="TestMethod794" />
    </UnitTest>
    <UnitTest name="TestMethod296" storage="c:\agent\_work\8\s\testprojectwon\bin\release\testprojectwon.dll" id="d9f94ef3-bb07-d44b-bd02-b9d9f8d4104c">
      <Execution id="1a19581e-2868-4894-9b35-1dc8fabe2420" />
      <TestMethod codeBase="C:\agent\_work\8\s\TestProjectWON\bin\Release\TestProjectWON.dll" adapterTypeName="executor://mstestadapter/v1" className="TestProjectWON.UnitTest1" name="TestMethod296" />
    </UnitTest>
    <UnitTest name="TestMethod508" storage="c:\agent\_work\8\s\testprojectwon\bin\release\testprojectwon.dll" id="991f2985-16ae-d801-ea17-9f16e130eab9">
      <Execution id="460a684b-f600-45f2-b800-a43b02243967" />
      <TestMethod codeBase="C:\agent\_work\8\s\TestProjectWON\bin\Release\TestProjectWON.dll" adapterTypeName="executor://mstestadapter/v1" className="TestProjectWON.UnitTest1" name="TestMethod508" />
    </UnitTest>
    <UnitTest name="TestMethod156" storage="c:\agent\_work\8\s\testprojectwon\bin\release\testprojectwon.dll" id="f3679da5-cb69-ddd9-d52e-178c8689e487">
      <Execution id="6d22227c-8349-481a-8385-9ba050a0c207" />
      <TestMethod codeBase="C:\agent\_work\8\s\TestProjectWON\bin\Release\TestProjectWON.dll" adapterTypeName="executor://mstestadapter/v1" className="TestProjectWON.UnitTest1" name="TestMethod156" />
    </UnitTest>
    <UnitTest name="TestMethod324" storage="c:\agent\_work\8\s\testprojectwon\bin\release\testprojectwon.dll" id="5f3be311-9b81-e806-895c-29723d762942">
      <Execution id="f79e1eff-8d7f-4ea9-be75-01244f787402" />
      <TestMethod codeBase="C:\agent\_work\8\s\TestProjectWON\bin\Release\TestProjectWON.dll" adapterTypeName="executor://mstestadapter/v1" className="TestProjectWON.UnitTest1" name="TestMethod324" />
    </UnitTest>
    <UnitTest name="TestMethod160" storage="c:\agent\_work\8\s\testprojectwon\bin\release\testprojectwon.dll" id="0c56622f-0730-7199-ea05-9dbdb954706d">
      <Execution id="69124128-22c6-4be4-837c-574ae6a723a8" />
      <TestMethod codeBase="C:\agent\_work\8\s\TestProjectWON\bin\Release\TestProjectWON.dll" adapterTypeName="executor://mstestadapter/v1" className="TestProjectWON.UnitTest1" name="TestMethod160" />
    </UnitTest>
    <UnitTest name="TestMethod101" storage="c:\agent\_work\8\s\testprojectwon\bin\release\testprojectwon.dll" id="cac267fe-fbf4-1da3-9fa6-3dc03dc118f3">
      <Execution id="3b6e42c6-8306-4876-b312-268b79c8f1f6" />
      <TestMethod codeBase="C:\agent\_work\8\s\TestProjectWON\bin\Release\TestProjectWON.dll" adapterTypeName="executor://mstestadapter/v1" className="TestProjectWON.UnitTest1" name="TestMethod101" />
    </UnitTest>
    <UnitTest name="TestMethod977" storage="c:\agent\_work\8\s\testprojectwon\bin\release\testprojectwon.dll" id="81d85a0a-5c8d-3d71-55aa-39f722463aa3">
      <Execution id="6c54dc87-aefa-4675-b7ce-756efb785d7c" />
      <TestMethod codeBase="C:\agent\_work\8\s\TestProjectWON\bin\Release\TestProjectWON.dll" adapterTypeName="executor://mstestadapter/v1" className="TestProjectWON.UnitTest1" name="TestMethod977" />
    </UnitTest>
    <UnitTest name="TestMethod949" storage="c:\agent\_work\8\s\testprojectwon\bin\release\testprojectwon.dll" id="37a64d9d-0a25-9518-8a0e-a42d1be2ee81">
      <Execution id="67d328e2-501d-4134-88a6-e182f39e2d24" />
      <TestMethod codeBase="C:\agent\_work\8\s\TestProjectWON\bin\Release\TestProjectWON.dll" adapterTypeName="executor://mstestadapter/v1" className="TestProjectWON.UnitTest1" name="TestMethod949" />
    </UnitTest>
    <UnitTest name="TestMethod860" storage="c:\agent\_work\8\s\testprojectwon\bin\release\testprojectwon.dll" id="6a2ff379-2bea-b8c6-342c-6f5af067de2b">
      <Execution id="c9928617-7050-4afd-ac82-afa6f9223f1e" />
      <TestMethod codeBase="C:\agent\_work\8\s\TestProjectWON\bin\Release\TestProjectWON.dll" adapterTypeName="executor://mstestadapter/v1" className="TestProjectWON.UnitTest1" name="TestMethod860" />
    </UnitTest>
    <UnitTest name="TestMethod814" storage="c:\agent\_work\8\s\testprojectwon\bin\release\testprojectwon.dll" id="8fbca525-7327-91f7-9b94-6e321e0776bf">
      <Execution id="ba2be42a-7a1a-4059-a717-144bb7af9c1f" />
      <TestMethod codeBase="C:\agent\_work\8\s\TestProjectWON\bin\Release\TestProjectWON.dll" adapterTypeName="executor://mstestadapter/v1" className="TestProjectWON.UnitTest1" name="TestMethod814" />
    </UnitTest>
    <UnitTest name="TestMethod166" storage="c:\agent\_work\8\s\testprojectwon\bin\release\testprojectwon.dll" id="57086ece-c5ec-0298-49d3-4c7171b38604">
      <Execution id="c0f9f2cf-e769-4556-b579-b40bb8f9e1b1" />
      <TestMethod codeBase="C:\agent\_work\8\s\TestProjectWON\bin\Release\TestProjectWON.dll" adapterTypeName="executor://mstestadapter/v1" className="TestProjectWON.UnitTest1" name="TestMethod166" />
    </UnitTest>
    <UnitTest name="TestMethod483" storage="c:\agent\_work\8\s\testprojectwon\bin\release\testprojectwon.dll" id="699b078f-a222-7787-3662-050d26c63357">
      <Execution id="21e9d633-3da4-4d81-958b-a43b18cbbc10" />
      <TestMethod codeBase="C:\agent\_work\8\s\TestProjectWON\bin\Release\TestProjectWON.dll" adapterTypeName="executor://mstestadapter/v1" className="TestProjectWON.UnitTest1" name="TestMethod483" />
    </UnitTest>
    <UnitTest name="TestMethod797" storage="c:\agent\_work\8\s\testprojectwon\bin\release\testprojectwon.dll" id="8116679a-1385-7dec-2cfc-de80d4644ebe">
      <Execution id="5e39ae8f-a07f-435c-b297-3996dc0111c6" />
      <TestMethod codeBase="C:\agent\_work\8\s\TestProjectWON\bin\Release\TestProjectWON.dll" adapterTypeName="executor://mstestadapter/v1" className="TestProjectWON.UnitTest1" name="TestMethod797" />
    </UnitTest>
    <UnitTest name="TestMethod822" storage="c:\agent\_work\8\s\testprojectwon\bin\release\testprojectwon.dll" id="b76ef51e-8339-e9f8-da0f-bcb30f07d332">
      <Execution id="496aa2ea-b4fc-49d4-aca3-fb01d0f8b461" />
      <TestMethod codeBase="C:\agent\_work\8\s\TestProjectWON\bin\Release\TestProjectWON.dll" adapterTypeName="executor://mstestadapter/v1" className="TestProjectWON.UnitTest1" name="TestMethod822" />
    </UnitTest>
    <UnitTest name="TestMethod228" storage="c:\agent\_work\8\s\testprojectwon\bin\release\testprojectwon.dll" id="33784fe3-713b-7ad4-4cf2-31baa1dca2e1">
      <Execution id="3d3a3476-151e-476f-baa3-16d155c84c0c" />
      <TestMethod codeBase="C:\agent\_work\8\s\TestProjectWON\bin\Release\TestProjectWON.dll" adapterTypeName="executor://mstestadapter/v1" className="TestProjectWON.UnitTest1" name="TestMethod228" />
    </UnitTest>
    <UnitTest name="TestMethod515" storage="c:\agent\_work\8\s\testprojectwon\bin\release\testprojectwon.dll" id="93b56f15-d0f9-922b-ebdb-da9b37d35a33">
      <Execution id="cc673e2e-f8be-47aa-a644-f8f17c4c2767" />
      <TestMethod codeBase="C:\agent\_work\8\s\TestProjectWON\bin\Release\TestProjectWON.dll" adapterTypeName="executor://mstestadapter/v1" className="TestProjectWON.UnitTest1" name="TestMethod515" />
    </UnitTest>
    <UnitTest name="TestMethod906" storage="c:\agent\_work\8\s\testprojectwon\bin\release\testprojectwon.dll" id="fbe6f14a-920d-212b-2c0d-2fe400560540">
      <Execution id="99bd9800-bf2a-42ac-a0df-ec69184b6615" />
      <TestMethod codeBase="C:\agent\_work\8\s\TestProjectWON\bin\Release\TestProjectWON.dll" adapterTypeName="executor://mstestadapter/v1" className="TestProjectWON.UnitTest1" name="TestMethod906" />
    </UnitTest>
    <UnitTest name="TestMethod111" storage="c:\agent\_work\8\s\testprojectwon\bin\release\testprojectwon.dll" id="1fe58fcd-1a77-1201-4a90-ac09368ea1b1">
      <Execution id="36a6ab79-2a44-41b7-a672-c91825ee7e72" />
      <TestMethod codeBase="C:\agent\_work\8\s\TestProjectWON\bin\Release\TestProjectWON.dll" adapterTypeName="executor://mstestadapter/v1" className="TestProjectWON.UnitTest1" name="TestMethod111" />
    </UnitTest>
    <UnitTest name="TestMethod126" storage="c:\agent\_work\8\s\testprojectwon\bin\release\testprojectwon.dll" id="7a800d9c-4d81-45c4-0be9-c8a81f675f64">
      <Execution id="74a4cb1a-3db5-4aa3-bd95-180587d9bbf9" />
      <TestMethod codeBase="C:\agent\_work\8\s\TestProjectWON\bin\Release\TestProjectWON.dll" adapterTypeName="executor://mstestadapter/v1" className="TestProjectWON.UnitTest1" name="TestMethod126" />
    </UnitTest>
    <UnitTest name="TestMethod555" storage="c:\agent\_work\8\s\testprojectwon\bin\release\testprojectwon.dll" id="60b8b2f7-31bf-1d0c-54b5-77528bf63eee">
      <Execution id="c397f450-58d2-44cb-95ab-5e426d5e06f3" />
      <TestMethod codeBase="C:\agent\_work\8\s\TestProjectWON\bin\Release\TestProjectWON.dll" adapterTypeName="executor://mstestadapter/v1" className="TestProjectWON.UnitTest1" name="TestMethod555" />
    </UnitTest>
    <UnitTest name="TestMethod214" storage="c:\agent\_work\8\s\testprojectwon\bin\release\testprojectwon.dll" id="67109af0-8fef-f227-7dc4-d5deed9c45c3">
      <Execution id="6691686a-ed98-4548-a161-8e813bc34b13" />
      <TestMethod codeBase="C:\agent\_work\8\s\TestProjectWON\bin\Release\TestProjectWON.dll" adapterTypeName="executor://mstestadapter/v1" className="TestProjectWON.UnitTest1" name="TestMethod214" />
    </UnitTest>
    <UnitTest name="TestMethod394" storage="c:\agent\_work\8\s\testprojectwon\bin\release\testprojectwon.dll" id="affd5ea3-914c-9d42-3ab9-63fa69ffb17f">
      <Execution id="4d20d24f-bea4-48bb-9dde-e42e9c4fb98c" />
      <TestMethod codeBase="C:\agent\_work\8\s\TestProjectWON\bin\Release\TestProjectWON.dll" adapterTypeName="executor://mstestadapter/v1" className="TestProjectWON.UnitTest1" name="TestMethod394" />
    </UnitTest>
    <UnitTest name="TestMethod191" storage="c:\agent\_work\8\s\testprojectwon\bin\release\testprojectwon.dll" id="34c16ea6-9bb7-002e-203b-a16772c42316">
      <Execution id="a0bd7b65-ef19-49e4-9c39-b8b66807cbb5" />
      <TestMethod codeBase="C:\agent\_work\8\s\TestProjectWON\bin\Release\TestProjectWON.dll" adapterTypeName="executor://mstestadapter/v1" className="TestProjectWON.UnitTest1" name="TestMethod191" />
    </UnitTest>
    <UnitTest name="TestMethod514" storage="c:\agent\_work\8\s\testprojectwon\bin\release\testprojectwon.dll" id="3ceef7be-32d5-cf3e-30d3-6e004273e43d">
      <Execution id="9cb087d4-1258-4330-bb1f-85ee8e56e816" />
      <TestMethod codeBase="C:\agent\_work\8\s\TestProjectWON\bin\Release\TestProjectWON.dll" adapterTypeName="executor://mstestadapter/v1" className="TestProjectWON.UnitTest1" name="TestMethod514" />
    </UnitTest>
    <UnitTest name="TestMethod524" storage="c:\agent\_work\8\s\testprojectwon\bin\release\testprojectwon.dll" id="308ca403-a995-1c08-e22b-951d92c43d55">
      <Execution id="9343d36a-4777-4d37-9c87-2dc6d149f5b8" />
      <TestMethod codeBase="C:\agent\_work\8\s\TestProjectWON\bin\Release\TestProjectWON.dll" adapterTypeName="executor://mstestadapter/v1" className="TestProjectWON.UnitTest1" name="TestMethod524" />
    </UnitTest>
    <UnitTest name="TestMethod264" storage="c:\agent\_work\8\s\testprojectwon\bin\release\testprojectwon.dll" id="40f71d13-7766-ebc7-158b-fea9fe29f6ba">
      <Execution id="e5d57280-1fd2-40c9-b338-961c0728b628" />
      <TestMethod codeBase="C:\agent\_work\8\s\TestProjectWON\bin\Release\TestProjectWON.dll" adapterTypeName="executor://mstestadapter/v1" className="TestProjectWON.UnitTest1" name="TestMethod264" />
    </UnitTest>
    <UnitTest name="TestMethod402" storage="c:\agent\_work\8\s\testprojectwon\bin\release\testprojectwon.dll" id="1d1a394f-5626-77b1-4bb7-0f591f7965c5">
      <Execution id="61cc35a7-8d1d-4d57-ab58-0e4037ae713a" />
      <TestMethod codeBase="C:\agent\_work\8\s\TestProjectWON\bin\Release\TestProjectWON.dll" adapterTypeName="executor://mstestadapter/v1" className="TestProjectWON.UnitTest1" name="TestMethod402" />
    </UnitTest>
    <UnitTest name="TestMethod800" storage="c:\agent\_work\8\s\testprojectwon\bin\release\testprojectwon.dll" id="67d7b143-99f2-5344-a5b1-7efe78f465d7">
      <Execution id="de5a0cf0-f69a-43b5-bdd0-17ff9e9edb08" />
      <TestMethod codeBase="C:\agent\_work\8\s\TestProjectWON\bin\Release\TestProjectWON.dll" adapterTypeName="executor://mstestadapter/v1" className="TestProjectWON.UnitTest1" name="TestMethod800" />
    </UnitTest>
    <UnitTest name="TestMethod234" storage="c:\agent\_work\8\s\testprojectwon\bin\release\testprojectwon.dll" id="b0422027-b50a-d3cf-ece8-1b7a11c9f4b5">
      <Execution id="fff7beb5-6fbd-4429-8507-b3ce63c8c5d5" />
      <TestMethod codeBase="C:\agent\_work\8\s\TestProjectWON\bin\Release\TestProjectWON.dll" adapterTypeName="executor://mstestadapter/v1" className="TestProjectWON.UnitTest1" name="TestMethod234" />
    </UnitTest>
    <UnitTest name="TestMethod490" storage="c:\agent\_work\8\s\testprojectwon\bin\release\testprojectwon.dll" id="25e5fbea-a59a-469e-2c57-bf43e692253f">
      <Execution id="83052f67-1879-4a0c-8383-77bb1aa8f541" />
      <TestMethod codeBase="C:\agent\_work\8\s\TestProjectWON\bin\Release\TestProjectWON.dll" adapterTypeName="executor://mstestadapter/v1" className="TestProjectWON.UnitTest1" name="TestMethod490" />
    </UnitTest>
    <UnitTest name="TestMethod995" storage="c:\agent\_work\8\s\testprojectwon\bin\release\testprojectwon.dll" id="ceb169ae-ff5e-3170-d718-f3779c98f5b6">
      <Execution id="0071b276-c4d3-4ae4-81fb-bfa5eee75707" />
      <TestMethod codeBase="C:\agent\_work\8\s\TestProjectWON\bin\Release\TestProjectWON.dll" adapterTypeName="executor://mstestadapter/v1" className="TestProjectWON.UnitTest1" name="TestMethod995" />
    </UnitTest>
    <UnitTest name="TestMethod757" storage="c:\agent\_work\8\s\testprojectwon\bin\release\testprojectwon.dll" id="8b66b4bc-d29b-efab-55bb-0efde9cba347">
      <Execution id="61911852-45be-4787-8191-940f115ff901" />
      <TestMethod codeBase="C:\agent\_work\8\s\TestProjectWON\bin\Release\TestProjectWON.dll" adapterTypeName="executor://mstestadapter/v1" className="TestProjectWON.UnitTest1" name="TestMethod757" />
    </UnitTest>
    <UnitTest name="TestMethod926" storage="c:\agent\_work\8\s\testprojectwon\bin\release\testprojectwon.dll" id="a8af649b-dae1-93dd-70d1-60e4281350a7">
      <Execution id="805395c4-666e-4be1-aa34-97f72407e12b" />
      <TestMethod codeBase="C:\agent\_work\8\s\TestProjectWON\bin\Release\TestProjectWON.dll" adapterTypeName="executor://mstestadapter/v1" className="TestProjectWON.UnitTest1" name="TestMethod926" />
    </UnitTest>
    <UnitTest name="TestMethod15" storage="c:\agent\_work\8\s\testprojectwon\bin\release\testprojectwon.dll" id="1d5b8de3-411a-86e5-9025-60f31bb413de">
      <Execution id="2482c2c8-84e4-4773-a24c-9fc0a274f8f1" />
      <TestMethod codeBase="C:\agent\_work\8\s\TestProjectWON\bin\Release\TestProjectWON.dll" adapterTypeName="executor://mstestadapter/v1" className="TestProjectWON.UnitTest1" name="TestMethod15" />
    </UnitTest>
    <UnitTest name="TestMethod541" storage="c:\agent\_work\8\s\testprojectwon\bin\release\testprojectwon.dll" id="a5c9b3e0-5a9d-e34f-5e7a-81a74220a989">
      <Execution id="0b8ae3b8-24d2-4ea3-b1d5-9efb161f2311" />
      <TestMethod codeBase="C:\agent\_work\8\s\TestProjectWON\bin\Release\TestProjectWON.dll" adapterTypeName="executor://mstestadapter/v1" className="TestProjectWON.UnitTest1" name="TestMethod541" />
    </UnitTest>
    <UnitTest name="TestMethod348" storage="c:\agent\_work\8\s\testprojectwon\bin\release\testprojectwon.dll" id="a843fe63-02fe-2dad-20bd-094bbba2be1b">
      <Execution id="d5ac04cd-17cc-4704-800b-15202ff02950" />
      <TestMethod codeBase="C:\agent\_work\8\s\TestProjectWON\bin\Release\TestProjectWON.dll" adapterTypeName="executor://mstestadapter/v1" className="TestProjectWON.UnitTest1" name="TestMethod348" />
    </UnitTest>
    <UnitTest name="TestMethod727" storage="c:\agent\_work\8\s\testprojectwon\bin\release\testprojectwon.dll" id="1e33afe7-7157-cefe-e152-f77ddf2ddddd">
      <Execution id="22d5c54f-6202-49ca-b325-6aad7ee1b481" />
      <TestMethod codeBase="C:\agent\_work\8\s\TestProjectWON\bin\Release\TestProjectWON.dll" adapterTypeName="executor://mstestadapter/v1" className="TestProjectWON.UnitTest1" name="TestMethod727" />
    </UnitTest>
    <UnitTest name="TestMethod131" storage="c:\agent\_work\8\s\testprojectwon\bin\release\testprojectwon.dll" id="cc719c64-1f3a-64f4-7280-de735427681a">
      <Execution id="a1e1d920-9f3a-4ab0-858d-1f4821087fac" />
      <TestMethod codeBase="C:\agent\_work\8\s\TestProjectWON\bin\Release\TestProjectWON.dll" adapterTypeName="executor://mstestadapter/v1" className="TestProjectWON.UnitTest1" name="TestMethod131" />
    </UnitTest>
    <UnitTest name="TestMethod558" storage="c:\agent\_work\8\s\testprojectwon\bin\release\testprojectwon.dll" id="1afd8cd3-8486-a867-2533-689fc06decd0">
      <Execution id="d846b729-1821-4647-961c-8190f8d83492" />
      <TestMethod codeBase="C:\agent\_work\8\s\TestProjectWON\bin\Release\TestProjectWON.dll" adapterTypeName="executor://mstestadapter/v1" className="TestProjectWON.UnitTest1" name="TestMethod558" />
    </UnitTest>
    <UnitTest name="TestMethod462" storage="c:\agent\_work\8\s\testprojectwon\bin\release\testprojectwon.dll" id="e215579e-92e3-70f0-f0ac-82da28595119">
      <Execution id="bb2cca42-1ad3-4b2a-ba2c-73f3f55c2406" />
      <TestMethod codeBase="C:\agent\_work\8\s\TestProjectWON\bin\Release\TestProjectWON.dll" adapterTypeName="executor://mstestadapter/v1" className="TestProjectWON.UnitTest1" name="TestMethod462" />
    </UnitTest>
    <UnitTest name="TestMethod329" storage="c:\agent\_work\8\s\testprojectwon\bin\release\testprojectwon.dll" id="c5dfbe23-6cb0-560a-91bf-153d2e7b63c3">
      <Execution id="b87c5a84-cc6a-442d-b1f8-3a4734c259f4" />
      <TestMethod codeBase="C:\agent\_work\8\s\TestProjectWON\bin\Release\TestProjectWON.dll" adapterTypeName="executor://mstestadapter/v1" className="TestProjectWON.UnitTest1" name="TestMethod329" />
    </UnitTest>
    <UnitTest name="TestMethod161" storage="c:\agent\_work\8\s\testprojectwon\bin\release\testprojectwon.dll" id="f4b3efa7-e728-9442-c241-478c27e4af9a">
      <Execution id="855c6d7b-1193-4fa7-90a6-e05cc1fab285" />
      <TestMethod codeBase="C:\agent\_work\8\s\TestProjectWON\bin\Release\TestProjectWON.dll" adapterTypeName="executor://mstestadapter/v1" className="TestProjectWON.UnitTest1" name="TestMethod161" />
    </UnitTest>
    <UnitTest name="TestMethod468" storage="c:\agent\_work\8\s\testprojectwon\bin\release\testprojectwon.dll" id="6fb1114d-226c-1499-0f68-8177e03a8f40">
      <Execution id="1180a082-cc06-4302-a178-cb81eb155a47" />
      <TestMethod codeBase="C:\agent\_work\8\s\TestProjectWON\bin\Release\TestProjectWON.dll" adapterTypeName="executor://mstestadapter/v1" className="TestProjectWON.UnitTest1" name="TestMethod468" />
    </UnitTest>
    <UnitTest name="TestMethod282" storage="c:\agent\_work\8\s\testprojectwon\bin\release\testprojectwon.dll" id="61d86235-6602-a862-dabb-f652afca4d75">
      <Execution id="696ec6a6-6795-4fc5-a56c-5e357bc9bc11" />
      <TestMethod codeBase="C:\agent\_work\8\s\TestProjectWON\bin\Release\TestProjectWON.dll" adapterTypeName="executor://mstestadapter/v1" className="TestProjectWON.UnitTest1" name="TestMethod282" />
    </UnitTest>
    <UnitTest name="TestMethod714" storage="c:\agent\_work\8\s\testprojectwon\bin\release\testprojectwon.dll" id="c00013b5-6803-223e-ac7a-b40dac9b20e6">
      <Execution id="2ccdbdd4-8f59-46ea-8616-c8b1d0acca85" />
      <TestMethod codeBase="C:\agent\_work\8\s\TestProjectWON\bin\Release\TestProjectWON.dll" adapterTypeName="executor://mstestadapter/v1" className="TestProjectWON.UnitTest1" name="TestMethod714" />
    </UnitTest>
    <UnitTest name="TestMethod167" storage="c:\agent\_work\8\s\testprojectwon\bin\release\testprojectwon.dll" id="c2c97375-6246-5409-a138-e7645e42665c">
      <Execution id="e5d3d470-75fe-4486-bdfe-82994ad5d06f" />
      <TestMethod codeBase="C:\agent\_work\8\s\TestProjectWON\bin\Release\TestProjectWON.dll" adapterTypeName="executor://mstestadapter/v1" className="TestProjectWON.UnitTest1" name="TestMethod167" />
    </UnitTest>
    <UnitTest name="TestMethod466" storage="c:\agent\_work\8\s\testprojectwon\bin\release\testprojectwon.dll" id="2f3c4789-5be0-25b5-eb21-f2a035522061">
      <Execution id="9c232bee-4c5e-45d9-a79f-238cf24b20ff" />
      <TestMethod codeBase="C:\agent\_work\8\s\TestProjectWON\bin\Release\TestProjectWON.dll" adapterTypeName="executor://mstestadapter/v1" className="TestProjectWON.UnitTest1" name="TestMethod466" />
    </UnitTest>
    <UnitTest name="TestMethod470" storage="c:\agent\_work\8\s\testprojectwon\bin\release\testprojectwon.dll" id="dcc9a572-4fad-5cea-f758-fa21ff5f3459">
      <Execution id="88953cf3-785e-4e85-bce1-1186314296c4" />
      <TestMethod codeBase="C:\agent\_work\8\s\TestProjectWON\bin\Release\TestProjectWON.dll" adapterTypeName="executor://mstestadapter/v1" className="TestProjectWON.UnitTest1" name="TestMethod470" />
    </UnitTest>
    <UnitTest name="TestMethod182" storage="c:\agent\_work\8\s\testprojectwon\bin\release\testprojectwon.dll" id="3327bd38-891d-1d5d-78a0-4d48beed5153">
      <Execution id="722f4fc9-c042-4701-8790-fb01fe89235c" />
      <TestMethod codeBase="C:\agent\_work\8\s\TestProjectWON\bin\Release\TestProjectWON.dll" adapterTypeName="executor://mstestadapter/v1" className="TestProjectWON.UnitTest1" name="TestMethod182" />
    </UnitTest>
    <UnitTest name="TestMethod576" storage="c:\agent\_work\8\s\testprojectwon\bin\release\testprojectwon.dll" id="77dd79a5-8805-fc9a-0820-172fe76aacdc">
      <Execution id="a0f884b2-dc96-4e19-af0e-20484acda4a2" />
      <TestMethod codeBase="C:\agent\_work\8\s\TestProjectWON\bin\Release\TestProjectWON.dll" adapterTypeName="executor://mstestadapter/v1" className="TestProjectWON.UnitTest1" name="TestMethod576" />
    </UnitTest>
    <UnitTest name="TestMethod944" storage="c:\agent\_work\8\s\testprojectwon\bin\release\testprojectwon.dll" id="33b08216-f963-c705-8503-206a945a16eb">
      <Execution id="57a88d22-7fe1-4c1a-91d9-fa048017bb76" />
      <TestMethod codeBase="C:\agent\_work\8\s\TestProjectWON\bin\Release\TestProjectWON.dll" adapterTypeName="executor://mstestadapter/v1" className="TestProjectWON.UnitTest1" name="TestMethod944" />
    </UnitTest>
    <UnitTest name="TestMethod144" storage="c:\agent\_work\8\s\testprojectwon\bin\release\testprojectwon.dll" id="1d23db69-b3ec-105d-6b79-3270287a4327">
      <Execution id="014f77b3-06ce-4f8c-a4cc-b05fd94fab38" />
      <TestMethod codeBase="C:\agent\_work\8\s\TestProjectWON\bin\Release\TestProjectWON.dll" adapterTypeName="executor://mstestadapter/v1" className="TestProjectWON.UnitTest1" name="TestMethod144" />
    </UnitTest>
    <UnitTest name="TestMethod579" storage="c:\agent\_work\8\s\testprojectwon\bin\release\testprojectwon.dll" id="403197e3-80d5-d38a-7a69-130745b65f52">
      <Execution id="0429d0ba-bd88-441d-a57f-d41185b3642e" />
      <TestMethod codeBase="C:\agent\_work\8\s\TestProjectWON\bin\Release\TestProjectWON.dll" adapterTypeName="executor://mstestadapter/v1" className="TestProjectWON.UnitTest1" name="TestMethod579" />
    </UnitTest>
    <UnitTest name="TestMethod456" storage="c:\agent\_work\8\s\testprojectwon\bin\release\testprojectwon.dll" id="d3971b88-c95a-ccae-173f-b8a251b6aed4">
      <Execution id="37bb3e29-13cb-45c9-96cc-05fa20b3e293" />
      <TestMethod codeBase="C:\agent\_work\8\s\TestProjectWON\bin\Release\TestProjectWON.dll" adapterTypeName="executor://mstestadapter/v1" className="TestProjectWON.UnitTest1" name="TestMethod456" />
    </UnitTest>
    <UnitTest name="TestMethod220" storage="c:\agent\_work\8\s\testprojectwon\bin\release\testprojectwon.dll" id="e6472074-b6c9-ae04-e0cd-0e2bb0dbc218">
      <Execution id="e155c6fa-6ca8-4bb9-ab53-b5d1d3ebfd32" />
      <TestMethod codeBase="C:\agent\_work\8\s\TestProjectWON\bin\Release\TestProjectWON.dll" adapterTypeName="executor://mstestadapter/v1" className="TestProjectWON.UnitTest1" name="TestMethod220" />
    </UnitTest>
    <UnitTest name="TestMethod64" storage="c:\agent\_work\8\s\testprojectwon\bin\release\testprojectwon.dll" id="1e972868-705b-a2cf-bcf4-1e98d9f4c876">
      <Execution id="e3165349-8f4f-47c7-ae8f-13212e1a3769" />
      <TestMethod codeBase="C:\agent\_work\8\s\TestProjectWON\bin\Release\TestProjectWON.dll" adapterTypeName="executor://mstestadapter/v1" className="TestProjectWON.UnitTest1" name="TestMethod64" />
    </UnitTest>
    <UnitTest name="TestMethod501" storage="c:\agent\_work\8\s\testprojectwon\bin\release\testprojectwon.dll" id="c6237c9e-4fed-9131-54bd-29c3415d618e">
      <Execution id="583aa2aa-919a-4a5b-809f-ec532ed198fb" />
      <TestMethod codeBase="C:\agent\_work\8\s\TestProjectWON\bin\Release\TestProjectWON.dll" adapterTypeName="executor://mstestadapter/v1" className="TestProjectWON.UnitTest1" name="TestMethod501" />
    </UnitTest>
    <UnitTest name="TestMethod603" storage="c:\agent\_work\8\s\testprojectwon\bin\release\testprojectwon.dll" id="2368979a-be6d-3089-5339-0188b81a7741">
      <Execution id="071ccb50-87b5-46f1-8cc1-43de6a92497e" />
      <TestMethod codeBase="C:\agent\_work\8\s\TestProjectWON\bin\Release\TestProjectWON.dll" adapterTypeName="executor://mstestadapter/v1" className="TestProjectWON.UnitTest1" name="TestMethod603" />
    </UnitTest>
    <UnitTest name="TestMethod623" storage="c:\agent\_work\8\s\testprojectwon\bin\release\testprojectwon.dll" id="4b690a65-beb8-471a-f8d9-657bd7614320">
      <Execution id="f95383ad-76f0-438e-8d77-8cc75af2a188" />
      <TestMethod codeBase="C:\agent\_work\8\s\TestProjectWON\bin\Release\TestProjectWON.dll" adapterTypeName="executor://mstestadapter/v1" className="TestProjectWON.UnitTest1" name="TestMethod623" />
    </UnitTest>
    <UnitTest name="TestMethod751" storage="c:\agent\_work\8\s\testprojectwon\bin\release\testprojectwon.dll" id="5faa1bfa-ed88-547a-8a4a-3ace55a6c4b6">
      <Execution id="a75dc929-b21b-4d0a-9230-229ac9c0f372" />
      <TestMethod codeBase="C:\agent\_work\8\s\TestProjectWON\bin\Release\TestProjectWON.dll" adapterTypeName="executor://mstestadapter/v1" className="TestProjectWON.UnitTest1" name="TestMethod751" />
    </UnitTest>
    <UnitTest name="TestMethod954" storage="c:\agent\_work\8\s\testprojectwon\bin\release\testprojectwon.dll" id="d4c28c10-0cb1-59ea-ca2e-58dae9e42774">
      <Execution id="fbfd0f39-08f4-4534-b562-e0845464923f" />
      <TestMethod codeBase="C:\agent\_work\8\s\TestProjectWON\bin\Release\TestProjectWON.dll" adapterTypeName="executor://mstestadapter/v1" className="TestProjectWON.UnitTest1" name="TestMethod954" />
    </UnitTest>
    <UnitTest name="TestMethod659" storage="c:\agent\_work\8\s\testprojectwon\bin\release\testprojectwon.dll" id="cacdbc78-b13e-992e-95ba-f4e74853ded7">
      <Execution id="0aab990a-6bab-4f0b-9a13-8161ec45b400" />
      <TestMethod codeBase="C:\agent\_work\8\s\TestProjectWON\bin\Release\TestProjectWON.dll" adapterTypeName="executor://mstestadapter/v1" className="TestProjectWON.UnitTest1" name="TestMethod659" />
    </UnitTest>
    <UnitTest name="TestMethod523" storage="c:\agent\_work\8\s\testprojectwon\bin\release\testprojectwon.dll" id="ff1e69eb-085c-6199-f57b-ed916e916920">
      <Execution id="a03f886b-595e-4803-a4ec-f35f12576b28" />
      <TestMethod codeBase="C:\agent\_work\8\s\TestProjectWON\bin\Release\TestProjectWON.dll" adapterTypeName="executor://mstestadapter/v1" className="TestProjectWON.UnitTest1" name="TestMethod523" />
    </UnitTest>
    <UnitTest name="TestMethod63" storage="c:\agent\_work\8\s\testprojectwon\bin\release\testprojectwon.dll" id="1de7457f-b5a2-1f57-0603-f569ba66865a">
      <Execution id="310bd43a-1027-4840-a9bb-9da1f0549857" />
      <TestMethod codeBase="C:\agent\_work\8\s\TestProjectWON\bin\Release\TestProjectWON.dll" adapterTypeName="executor://mstestadapter/v1" className="TestProjectWON.UnitTest1" name="TestMethod63" />
    </UnitTest>
    <UnitTest name="TestMethod52" storage="c:\agent\_work\8\s\testprojectwon\bin\release\testprojectwon.dll" id="e7f3bc38-2952-992f-f26c-f614b94d4900">
      <Execution id="3f302726-4b48-4c9d-859a-e9cc81ca5bfd" />
      <TestMethod codeBase="C:\agent\_work\8\s\TestProjectWON\bin\Release\TestProjectWON.dll" adapterTypeName="executor://mstestadapter/v1" className="TestProjectWON.UnitTest1" name="TestMethod52" />
    </UnitTest>
    <UnitTest name="TestMethod935" storage="c:\agent\_work\8\s\testprojectwon\bin\release\testprojectwon.dll" id="87c35dc4-1dec-41d8-5129-a1212e925b71">
      <Execution id="ff772e23-3e2f-4cd9-82e5-c0eac4e30bd0" />
      <TestMethod codeBase="C:\agent\_work\8\s\TestProjectWON\bin\Release\TestProjectWON.dll" adapterTypeName="executor://mstestadapter/v1" className="TestProjectWON.UnitTest1" name="TestMethod935" />
    </UnitTest>
    <UnitTest name="TestMethod235" storage="c:\agent\_work\8\s\testprojectwon\bin\release\testprojectwon.dll" id="b3a68e6e-d0ea-e834-422f-1a35491f3f76">
      <Execution id="476977d8-c0d0-4bb4-a32f-a05b945f121b" />
      <TestMethod codeBase="C:\agent\_work\8\s\TestProjectWON\bin\Release\TestProjectWON.dll" adapterTypeName="executor://mstestadapter/v1" className="TestProjectWON.UnitTest1" name="TestMethod235" />
    </UnitTest>
    <UnitTest name="TestMethod611" storage="c:\agent\_work\8\s\testprojectwon\bin\release\testprojectwon.dll" id="f18af0cb-5e75-3cdd-8d54-30183467d4d0">
      <Execution id="44837f9d-e558-4bc1-9343-ec58201faeca" />
      <TestMethod codeBase="C:\agent\_work\8\s\TestProjectWON\bin\Release\TestProjectWON.dll" adapterTypeName="executor://mstestadapter/v1" className="TestProjectWON.UnitTest1" name="TestMethod611" />
    </UnitTest>
    <UnitTest name="TestMethod914" storage="c:\agent\_work\8\s\testprojectwon\bin\release\testprojectwon.dll" id="a95724a9-66dc-660f-177c-b4bf1c1070b3">
      <Execution id="13f01917-d995-49a6-acf5-d6d4f29ae2e7" />
      <TestMethod codeBase="C:\agent\_work\8\s\TestProjectWON\bin\Release\TestProjectWON.dll" adapterTypeName="executor://mstestadapter/v1" className="TestProjectWON.UnitTest1" name="TestMethod914" />
    </UnitTest>
    <UnitTest name="TestMethod844" storage="c:\agent\_work\8\s\testprojectwon\bin\release\testprojectwon.dll" id="4fe504ff-91cc-34c2-971d-55cc5d7f0ccf">
      <Execution id="a7f54507-11e0-4a7d-80fb-701b8d8e425e" />
      <TestMethod codeBase="C:\agent\_work\8\s\TestProjectWON\bin\Release\TestProjectWON.dll" adapterTypeName="executor://mstestadapter/v1" className="TestProjectWON.UnitTest1" name="TestMethod844" />
    </UnitTest>
    <UnitTest name="TestMethod319" storage="c:\agent\_work\8\s\testprojectwon\bin\release\testprojectwon.dll" id="0463d059-eaf9-2dfc-fe1c-96ed54377893">
      <Execution id="371030fd-fbe6-44a7-8585-887a59c04410" />
      <TestMethod codeBase="C:\agent\_work\8\s\TestProjectWON\bin\Release\TestProjectWON.dll" adapterTypeName="executor://mstestadapter/v1" className="TestProjectWON.UnitTest1" name="TestMethod319" />
    </UnitTest>
    <UnitTest name="TestMethod839" storage="c:\agent\_work\8\s\testprojectwon\bin\release\testprojectwon.dll" id="971ae207-8efc-da70-993b-4dea6bb35136">
      <Execution id="6b3da186-f2bf-49f2-a591-c5e8a4537181" />
      <TestMethod codeBase="C:\agent\_work\8\s\TestProjectWON\bin\Release\TestProjectWON.dll" adapterTypeName="executor://mstestadapter/v1" className="TestProjectWON.UnitTest1" name="TestMethod839" />
    </UnitTest>
    <UnitTest name="TestMethod811" storage="c:\agent\_work\8\s\testprojectwon\bin\release\testprojectwon.dll" id="cabf9801-b2ac-3639-6e36-041dc40cdf70">
      <Execution id="67bb3ca1-50ea-41c9-9e09-359bf420c0f5" />
      <TestMethod codeBase="C:\agent\_work\8\s\TestProjectWON\bin\Release\TestProjectWON.dll" adapterTypeName="executor://mstestadapter/v1" className="TestProjectWON.UnitTest1" name="TestMethod811" />
    </UnitTest>
    <UnitTest name="TestMethod8" storage="c:\agent\_work\8\s\testprojectwon\bin\release\testprojectwon.dll" id="bd2143a5-6659-cd71-7e42-8c05bb631335">
      <Execution id="1f93350c-b9d2-4512-bc3b-32dd9bccd9c9" />
      <TestMethod codeBase="C:\agent\_work\8\s\TestProjectWON\bin\Release\TestProjectWON.dll" adapterTypeName="executor://mstestadapter/v1" className="TestProjectWON.UnitTest1" name="TestMethod8" />
    </UnitTest>
    <UnitTest name="TestMethod920" storage="c:\agent\_work\8\s\testprojectwon\bin\release\testprojectwon.dll" id="8550bcbc-6a25-480c-7196-120080b1f325">
      <Execution id="1512d9d9-f6ed-475b-aa73-77862c9e715b" />
      <TestMethod codeBase="C:\agent\_work\8\s\TestProjectWON\bin\Release\TestProjectWON.dll" adapterTypeName="executor://mstestadapter/v1" className="TestProjectWON.UnitTest1" name="TestMethod920" />
    </UnitTest>
    <UnitTest name="TestMethod143" storage="c:\agent\_work\8\s\testprojectwon\bin\release\testprojectwon.dll" id="074e1679-bb24-6f74-1b0a-7264154e581e">
      <Execution id="11dcc888-419c-40a4-b649-b88b7c27a52c" />
      <TestMethod codeBase="C:\agent\_work\8\s\TestProjectWON\bin\Release\TestProjectWON.dll" adapterTypeName="executor://mstestadapter/v1" className="TestProjectWON.UnitTest1" name="TestMethod143" />
    </UnitTest>
    <UnitTest name="TestMethod674" storage="c:\agent\_work\8\s\testprojectwon\bin\release\testprojectwon.dll" id="499191c7-8e1f-1af0-fa12-47eaec6d64f2">
      <Execution id="19d8889e-1b3e-487f-bb08-a902df468dbc" />
      <TestMethod codeBase="C:\agent\_work\8\s\TestProjectWON\bin\Release\TestProjectWON.dll" adapterTypeName="executor://mstestadapter/v1" className="TestProjectWON.UnitTest1" name="TestMethod674" />
    </UnitTest>
    <UnitTest name="TestMethod527" storage="c:\agent\_work\8\s\testprojectwon\bin\release\testprojectwon.dll" id="696aaa10-c2e0-d543-ebeb-74cf5d9453d9">
      <Execution id="90a24f41-3b0f-43d2-8c70-0f912cc21b8b" />
      <TestMethod codeBase="C:\agent\_work\8\s\TestProjectWON\bin\Release\TestProjectWON.dll" adapterTypeName="executor://mstestadapter/v1" className="TestProjectWON.UnitTest1" name="TestMethod527" />
    </UnitTest>
    <UnitTest name="TestMethod728" storage="c:\agent\_work\8\s\testprojectwon\bin\release\testprojectwon.dll" id="eebb789d-9075-29b8-d21a-6a5989c99eae">
      <Execution id="d7c50102-6abe-4edb-9061-08a597f6151f" />
      <TestMethod codeBase="C:\agent\_work\8\s\TestProjectWON\bin\Release\TestProjectWON.dll" adapterTypeName="executor://mstestadapter/v1" className="TestProjectWON.UnitTest1" name="TestMethod728" />
    </UnitTest>
    <UnitTest name="TestMethod364" storage="c:\agent\_work\8\s\testprojectwon\bin\release\testprojectwon.dll" id="f3747f62-14f1-48a5-a7b1-1b9199652429">
      <Execution id="bf0c218c-507a-41b9-b7c5-ac80b60e5f1a" />
      <TestMethod codeBase="C:\agent\_work\8\s\TestProjectWON\bin\Release\TestProjectWON.dll" adapterTypeName="executor://mstestadapter/v1" className="TestProjectWON.UnitTest1" name="TestMethod364" />
    </UnitTest>
    <UnitTest name="TestMethod841" storage="c:\agent\_work\8\s\testprojectwon\bin\release\testprojectwon.dll" id="b63fa908-9fe5-d9cf-191a-3a16487ad2b6">
      <Execution id="beaeaefb-0684-4255-a8c9-55b3e235ee58" />
      <TestMethod codeBase="C:\agent\_work\8\s\TestProjectWON\bin\Release\TestProjectWON.dll" adapterTypeName="executor://mstestadapter/v1" className="TestProjectWON.UnitTest1" name="TestMethod841" />
    </UnitTest>
    <UnitTest name="TestMethod664" storage="c:\agent\_work\8\s\testprojectwon\bin\release\testprojectwon.dll" id="58844bb4-401a-ed44-f97e-47352b0d4158">
      <Execution id="df9f33f9-6c11-42e0-927c-f77a8e9aa525" />
      <TestMethod codeBase="C:\agent\_work\8\s\TestProjectWON\bin\Release\TestProjectWON.dll" adapterTypeName="executor://mstestadapter/v1" className="TestProjectWON.UnitTest1" name="TestMethod664" />
    </UnitTest>
    <UnitTest name="TestMethod321" storage="c:\agent\_work\8\s\testprojectwon\bin\release\testprojectwon.dll" id="27d204bb-c3fa-e9d6-7096-866836d539c5">
      <Execution id="1fb6fffd-e963-495d-a1e4-b144a5f36137" />
      <TestMethod codeBase="C:\agent\_work\8\s\TestProjectWON\bin\Release\TestProjectWON.dll" adapterTypeName="executor://mstestadapter/v1" className="TestProjectWON.UnitTest1" name="TestMethod321" />
    </UnitTest>
    <UnitTest name="TestMethod342" storage="c:\agent\_work\8\s\testprojectwon\bin\release\testprojectwon.dll" id="6ecd4de5-98bf-2ca7-84f3-ebefb56f34f6">
      <Execution id="6d795700-9075-4810-967f-700e0f8f49ef" />
      <TestMethod codeBase="C:\agent\_work\8\s\TestProjectWON\bin\Release\TestProjectWON.dll" adapterTypeName="executor://mstestadapter/v1" className="TestProjectWON.UnitTest1" name="TestMethod342" />
    </UnitTest>
    <UnitTest name="TestMethod304" storage="c:\agent\_work\8\s\testprojectwon\bin\release\testprojectwon.dll" id="d7fc06cb-4a54-752b-3aa7-d677630a2735">
      <Execution id="8daeb1d8-eaa5-448e-a4c1-4917b09ff343" />
      <TestMethod codeBase="C:\agent\_work\8\s\TestProjectWON\bin\Release\TestProjectWON.dll" adapterTypeName="executor://mstestadapter/v1" className="TestProjectWON.UnitTest1" name="TestMethod304" />
    </UnitTest>
    <UnitTest name="TestMethod566" storage="c:\agent\_work\8\s\testprojectwon\bin\release\testprojectwon.dll" id="608fe1d2-5a1d-7806-dcd6-c00ba3e670c6">
      <Execution id="391ca2b0-a4c0-4a7f-bbc3-61555e388034" />
      <TestMethod codeBase="C:\agent\_work\8\s\TestProjectWON\bin\Release\TestProjectWON.dll" adapterTypeName="executor://mstestadapter/v1" className="TestProjectWON.UnitTest1" name="TestMethod566" />
    </UnitTest>
    <UnitTest name="TestMethod606" storage="c:\agent\_work\8\s\testprojectwon\bin\release\testprojectwon.dll" id="a29875b6-465a-5ba8-9083-a44c6c1d15e3">
      <Execution id="98daf8b4-724b-4f20-b7fb-08e6d8c189f4" />
      <TestMethod codeBase="C:\agent\_work\8\s\TestProjectWON\bin\Release\TestProjectWON.dll" adapterTypeName="executor://mstestadapter/v1" className="TestProjectWON.UnitTest1" name="TestMethod606" />
    </UnitTest>
    <UnitTest name="TestMethod984" storage="c:\agent\_work\8\s\testprojectwon\bin\release\testprojectwon.dll" id="f73cb0ca-dab9-44e0-1abf-071039b3992a">
      <Execution id="193cb236-53b9-4fab-91c5-1925fad4266e" />
      <TestMethod codeBase="C:\agent\_work\8\s\TestProjectWON\bin\Release\TestProjectWON.dll" adapterTypeName="executor://mstestadapter/v1" className="TestProjectWON.UnitTest1" name="TestMethod984" />
    </UnitTest>
    <UnitTest name="TestMethod168" storage="c:\agent\_work\8\s\testprojectwon\bin\release\testprojectwon.dll" id="482a579e-51e3-2b96-2ccc-7f578ded208b">
      <Execution id="125d4c2c-a2ab-4d8c-b373-11e05920319b" />
      <TestMethod codeBase="C:\agent\_work\8\s\TestProjectWON\bin\Release\TestProjectWON.dll" adapterTypeName="executor://mstestadapter/v1" className="TestProjectWON.UnitTest1" name="TestMethod168" />
    </UnitTest>
    <UnitTest name="TestMethod831" storage="c:\agent\_work\8\s\testprojectwon\bin\release\testprojectwon.dll" id="6be9e0f1-8680-6a8c-7f2d-3435bf3bdf1c">
      <Execution id="fe6a1055-b601-48fe-b522-f50256d0f883" />
      <TestMethod codeBase="C:\agent\_work\8\s\TestProjectWON\bin\Release\TestProjectWON.dll" adapterTypeName="executor://mstestadapter/v1" className="TestProjectWON.UnitTest1" name="TestMethod831" />
    </UnitTest>
    <UnitTest name="TestMethod387" storage="c:\agent\_work\8\s\testprojectwon\bin\release\testprojectwon.dll" id="17b82f64-8697-0f7b-bebf-d53ef4dc533d">
      <Execution id="c856ae96-57a7-41f4-915d-1369cf4daded" />
      <TestMethod codeBase="C:\agent\_work\8\s\TestProjectWON\bin\Release\TestProjectWON.dll" adapterTypeName="executor://mstestadapter/v1" className="TestProjectWON.UnitTest1" name="TestMethod387" />
    </UnitTest>
    <UnitTest name="TestMethod383" storage="c:\agent\_work\8\s\testprojectwon\bin\release\testprojectwon.dll" id="978452c9-daa6-d609-022c-8e5c662c69fd">
      <Execution id="879c1a53-db4e-4803-8572-f2fdbe717609" />
      <TestMethod codeBase="C:\agent\_work\8\s\TestProjectWON\bin\Release\TestProjectWON.dll" adapterTypeName="executor://mstestadapter/v1" className="TestProjectWON.UnitTest1" name="TestMethod383" />
    </UnitTest>
    <UnitTest name="TestMethod902" storage="c:\agent\_work\8\s\testprojectwon\bin\release\testprojectwon.dll" id="dbdc2b5e-05d7-55cb-6450-200bed021822">
      <Execution id="6b598b8b-c12a-4e04-bb21-f600323ed7be" />
      <TestMethod codeBase="C:\agent\_work\8\s\TestProjectWON\bin\Release\TestProjectWON.dll" adapterTypeName="executor://mstestadapter/v1" className="TestProjectWON.UnitTest1" name="TestMethod902" />
    </UnitTest>
    <UnitTest name="TestMethod624" storage="c:\agent\_work\8\s\testprojectwon\bin\release\testprojectwon.dll" id="9214b874-848b-6a6d-b88b-6d0ccc56ee9d">
      <Execution id="d18c3ec2-d4c7-4ee3-b831-be296944a77c" />
      <TestMethod codeBase="C:\agent\_work\8\s\TestProjectWON\bin\Release\TestProjectWON.dll" adapterTypeName="executor://mstestadapter/v1" className="TestProjectWON.UnitTest1" name="TestMethod624" />
    </UnitTest>
    <UnitTest name="TestMethod943" storage="c:\agent\_work\8\s\testprojectwon\bin\release\testprojectwon.dll" id="9ca81a59-57d6-a24c-44b8-40b1eb7b96a7">
      <Execution id="a87880c3-83b1-4074-9647-fe008e6c18af" />
      <TestMethod codeBase="C:\agent\_work\8\s\TestProjectWON\bin\Release\TestProjectWON.dll" adapterTypeName="executor://mstestadapter/v1" className="TestProjectWON.UnitTest1" name="TestMethod943" />
    </UnitTest>
    <UnitTest name="TestMethod813" storage="c:\agent\_work\8\s\testprojectwon\bin\release\testprojectwon.dll" id="64c450da-7a60-5814-dbb9-6e570bc6322b">
      <Execution id="38616805-a87d-40bc-96c1-54e23aa65cd5" />
      <TestMethod codeBase="C:\agent\_work\8\s\TestProjectWON\bin\Release\TestProjectWON.dll" adapterTypeName="executor://mstestadapter/v1" className="TestProjectWON.UnitTest1" name="TestMethod813" />
    </UnitTest>
    <UnitTest name="TestMethod761" storage="c:\agent\_work\8\s\testprojectwon\bin\release\testprojectwon.dll" id="157915dc-e8c7-3f94-7ada-80898034d54d">
      <Execution id="e24ff105-a13b-4121-b6d1-75986ac1ee59" />
      <TestMethod codeBase="C:\agent\_work\8\s\TestProjectWON\bin\Release\TestProjectWON.dll" adapterTypeName="executor://mstestadapter/v1" className="TestProjectWON.UnitTest1" name="TestMethod761" />
    </UnitTest>
    <UnitTest name="TestMethod670" storage="c:\agent\_work\8\s\testprojectwon\bin\release\testprojectwon.dll" id="835b45ed-3072-ca89-7fba-8d5843f896c9">
      <Execution id="38840d30-3b00-4d96-a6b3-133829677f12" />
      <TestMethod codeBase="C:\agent\_work\8\s\TestProjectWON\bin\Release\TestProjectWON.dll" adapterTypeName="executor://mstestadapter/v1" className="TestProjectWON.UnitTest1" name="TestMethod670" />
    </UnitTest>
    <UnitTest name="TestMethod225" storage="c:\agent\_work\8\s\testprojectwon\bin\release\testprojectwon.dll" id="5a06eda4-599b-e0f3-5795-af2b45f366b7">
      <Execution id="35fd8497-7144-4621-a45a-aceb2f41714c" />
      <TestMethod codeBase="C:\agent\_work\8\s\TestProjectWON\bin\Release\TestProjectWON.dll" adapterTypeName="executor://mstestadapter/v1" className="TestProjectWON.UnitTest1" name="TestMethod225" />
    </UnitTest>
    <UnitTest name="TestMethod877" storage="c:\agent\_work\8\s\testprojectwon\bin\release\testprojectwon.dll" id="ac3b128e-d3d5-4265-9aef-591cc4d52713">
      <Execution id="59f461a4-b4c0-435e-83c6-01df42c39a57" />
      <TestMethod codeBase="C:\agent\_work\8\s\TestProjectWON\bin\Release\TestProjectWON.dll" adapterTypeName="executor://mstestadapter/v1" className="TestProjectWON.UnitTest1" name="TestMethod877" />
    </UnitTest>
    <UnitTest name="TestMethod69" storage="c:\agent\_work\8\s\testprojectwon\bin\release\testprojectwon.dll" id="4687fcac-499b-9866-4bc9-bb6b4b792979">
      <Execution id="1c453dc4-0fb5-4ff2-8e66-f292c671e5cf" />
      <TestMethod codeBase="C:\agent\_work\8\s\TestProjectWON\bin\Release\TestProjectWON.dll" adapterTypeName="executor://mstestadapter/v1" className="TestProjectWON.UnitTest1" name="TestMethod69" />
    </UnitTest>
    <UnitTest name="TestMethod124" storage="c:\agent\_work\8\s\testprojectwon\bin\release\testprojectwon.dll" id="36579588-9e16-7162-cec9-c9545c4c4e7c">
      <Execution id="78ff6fc7-5c01-4586-b45e-6b6b49070414" />
      <TestMethod codeBase="C:\agent\_work\8\s\TestProjectWON\bin\Release\TestProjectWON.dll" adapterTypeName="executor://mstestadapter/v1" className="TestProjectWON.UnitTest1" name="TestMethod124" />
    </UnitTest>
    <UnitTest name="TestMethod722" storage="c:\agent\_work\8\s\testprojectwon\bin\release\testprojectwon.dll" id="8376720d-9f57-3b09-e40c-6bb95b30941d">
      <Execution id="34e86079-7459-43d3-bea9-8335d88836c0" />
      <TestMethod codeBase="C:\agent\_work\8\s\TestProjectWON\bin\Release\TestProjectWON.dll" adapterTypeName="executor://mstestadapter/v1" className="TestProjectWON.UnitTest1" name="TestMethod722" />
    </UnitTest>
    <UnitTest name="TestMethod472" storage="c:\agent\_work\8\s\testprojectwon\bin\release\testprojectwon.dll" id="94d44992-bbc8-f19c-cdde-5651d713421c">
      <Execution id="c60c93e3-b07f-457b-9cbe-da54f2327ba8" />
      <TestMethod codeBase="C:\agent\_work\8\s\TestProjectWON\bin\Release\TestProjectWON.dll" adapterTypeName="executor://mstestadapter/v1" className="TestProjectWON.UnitTest1" name="TestMethod472" />
    </UnitTest>
    <UnitTest name="TestMethod960" storage="c:\agent\_work\8\s\testprojectwon\bin\release\testprojectwon.dll" id="fd656e93-dce1-cd2c-5ac9-6f5c6e218c22">
      <Execution id="313a7068-87dd-4ff6-98dd-e2f35f55c495" />
      <TestMethod codeBase="C:\agent\_work\8\s\TestProjectWON\bin\Release\TestProjectWON.dll" adapterTypeName="executor://mstestadapter/v1" className="TestProjectWON.UnitTest1" name="TestMethod960" />
    </UnitTest>
    <UnitTest name="TestMethod559" storage="c:\agent\_work\8\s\testprojectwon\bin\release\testprojectwon.dll" id="120c60bc-8d47-ab32-cd20-724d67dc2f8f">
      <Execution id="78cbb6d4-c041-4100-ad85-d82e3db94713" />
      <TestMethod codeBase="C:\agent\_work\8\s\TestProjectWON\bin\Release\TestProjectWON.dll" adapterTypeName="executor://mstestadapter/v1" className="TestProjectWON.UnitTest1" name="TestMethod559" />
    </UnitTest>
    <UnitTest name="TestMethod542" storage="c:\agent\_work\8\s\testprojectwon\bin\release\testprojectwon.dll" id="b9b754c8-f714-8344-be20-9f6c2138c38b">
      <Execution id="50b53c0c-fc62-42b2-9e12-726875bbc515" />
      <TestMethod codeBase="C:\agent\_work\8\s\TestProjectWON\bin\Release\TestProjectWON.dll" adapterTypeName="executor://mstestadapter/v1" className="TestProjectWON.UnitTest1" name="TestMethod542" />
    </UnitTest>
    <UnitTest name="TestMethod10" storage="c:\agent\_work\8\s\testprojectwon\bin\release\testprojectwon.dll" id="c8975f4e-d683-dbed-6a60-cf01ca216e3c">
      <Execution id="e58c09d4-099b-4cdd-b0ff-3764e94b5a89" />
      <TestMethod codeBase="C:\agent\_work\8\s\TestProjectWON\bin\Release\TestProjectWON.dll" adapterTypeName="executor://mstestadapter/v1" className="TestProjectWON.UnitTest1" name="TestMethod10" />
    </UnitTest>
    <UnitTest name="TestMethod561" storage="c:\agent\_work\8\s\testprojectwon\bin\release\testprojectwon.dll" id="e52f6c50-ef58-37b1-b118-1e8da43b269c">
      <Execution id="eba7e4ca-3562-4007-9142-88c8bf3e7103" />
      <TestMethod codeBase="C:\agent\_work\8\s\TestProjectWON\bin\Release\TestProjectWON.dll" adapterTypeName="executor://mstestadapter/v1" className="TestProjectWON.UnitTest1" name="TestMethod561" />
    </UnitTest>
    <UnitTest name="TestMethod381" storage="c:\agent\_work\8\s\testprojectwon\bin\release\testprojectwon.dll" id="fcc75163-f852-5a64-5ffa-ee97b529c63f">
      <Execution id="59befdf2-98df-4939-97de-e6bd19cbd84c" />
      <TestMethod codeBase="C:\agent\_work\8\s\TestProjectWON\bin\Release\TestProjectWON.dll" adapterTypeName="executor://mstestadapter/v1" className="TestProjectWON.UnitTest1" name="TestMethod381" />
    </UnitTest>
    <UnitTest name="TestMethod671" storage="c:\agent\_work\8\s\testprojectwon\bin\release\testprojectwon.dll" id="097b32a1-e0b9-ea71-7991-dc8ab999ab8f">
      <Execution id="2eea7395-db4e-47d7-990e-ad69480ec67c" />
      <TestMethod codeBase="C:\agent\_work\8\s\TestProjectWON\bin\Release\TestProjectWON.dll" adapterTypeName="executor://mstestadapter/v1" className="TestProjectWON.UnitTest1" name="TestMethod671" />
    </UnitTest>
    <UnitTest name="TestMethod408" storage="c:\agent\_work\8\s\testprojectwon\bin\release\testprojectwon.dll" id="677f09e1-94cd-513e-6097-74e7f6a74112">
      <Execution id="16875e88-23fc-4a1d-88ad-ef0c59e8cab0" />
      <TestMethod codeBase="C:\agent\_work\8\s\TestProjectWON\bin\Release\TestProjectWON.dll" adapterTypeName="executor://mstestadapter/v1" className="TestProjectWON.UnitTest1" name="TestMethod408" />
    </UnitTest>
    <UnitTest name="TestMethod14" storage="c:\agent\_work\8\s\testprojectwon\bin\release\testprojectwon.dll" id="bdcc04af-bd99-f743-70e8-4fe21f8fa829">
      <Execution id="79a9f0f7-0199-4ef8-8ad6-e0ebf2322626" />
      <TestMethod codeBase="C:\agent\_work\8\s\TestProjectWON\bin\Release\TestProjectWON.dll" adapterTypeName="executor://mstestadapter/v1" className="TestProjectWON.UnitTest1" name="TestMethod14" />
    </UnitTest>
    <UnitTest name="TestMethod2" storage="c:\agent\_work\8\s\testprojectwon\bin\release\testprojectwon.dll" id="4a5c060d-93b8-1349-a42b-b3059e1a946b">
      <Execution id="c3b67144-0836-4637-832e-367f02270e4a" />
      <TestMethod codeBase="C:\agent\_work\8\s\TestProjectWON\bin\Release\TestProjectWON.dll" adapterTypeName="executor://mstestadapter/v1" className="TestProjectWON.UnitTest1" name="TestMethod2" />
    </UnitTest>
    <UnitTest name="TestMethod801" storage="c:\agent\_work\8\s\testprojectwon\bin\release\testprojectwon.dll" id="d93eba36-2b78-21a5-e34e-0946c9c2d8a6">
      <Execution id="569dc375-1e3e-4bd3-b08a-b36d5b38c4cf" />
      <TestMethod codeBase="C:\agent\_work\8\s\TestProjectWON\bin\Release\TestProjectWON.dll" adapterTypeName="executor://mstestadapter/v1" className="TestProjectWON.UnitTest1" name="TestMethod801" />
    </UnitTest>
    <UnitTest name="TestMethod154" storage="c:\agent\_work\8\s\testprojectwon\bin\release\testprojectwon.dll" id="72120e5b-d1bc-e3c6-fa74-d580fd378075">
      <Execution id="e73cb5c7-e7e8-4a42-8867-65105e7cb51c" />
      <TestMethod codeBase="C:\agent\_work\8\s\TestProjectWON\bin\Release\TestProjectWON.dll" adapterTypeName="executor://mstestadapter/v1" className="TestProjectWON.UnitTest1" name="TestMethod154" />
    </UnitTest>
    <UnitTest name="TestMethod500" storage="c:\agent\_work\8\s\testprojectwon\bin\release\testprojectwon.dll" id="7a8a4f9b-bc69-7eee-3a8a-ac87698efa86">
      <Execution id="fcad292e-fdd6-432f-8aa7-d601b31e83d0" />
      <TestMethod codeBase="C:\agent\_work\8\s\TestProjectWON\bin\Release\TestProjectWON.dll" adapterTypeName="executor://mstestadapter/v1" className="TestProjectWON.UnitTest1" name="TestMethod500" />
    </UnitTest>
    <UnitTest name="TestMethod102" storage="c:\agent\_work\8\s\testprojectwon\bin\release\testprojectwon.dll" id="e2286503-c885-d75f-9066-b03417418d83">
      <Execution id="25c25171-9dce-4c68-a6cf-74eea212709c" />
      <TestMethod codeBase="C:\agent\_work\8\s\TestProjectWON\bin\Release\TestProjectWON.dll" adapterTypeName="executor://mstestadapter/v1" className="TestProjectWON.UnitTest1" name="TestMethod102" />
    </UnitTest>
    <UnitTest name="TestMethod832" storage="c:\agent\_work\8\s\testprojectwon\bin\release\testprojectwon.dll" id="eec9d880-70b9-21fb-51bc-d7aaa04ec93c">
      <Execution id="d3ccaddc-e663-4542-928b-16d071ee9b7f" />
      <TestMethod codeBase="C:\agent\_work\8\s\TestProjectWON\bin\Release\TestProjectWON.dll" adapterTypeName="executor://mstestadapter/v1" className="TestProjectWON.UnitTest1" name="TestMethod832" />
    </UnitTest>
    <UnitTest name="TestMethod479" storage="c:\agent\_work\8\s\testprojectwon\bin\release\testprojectwon.dll" id="338cbb1d-4818-4b9d-5dac-eff2a3aeef9f">
      <Execution id="296be096-1585-401c-a8f2-0c9240cf6efe" />
      <TestMethod codeBase="C:\agent\_work\8\s\TestProjectWON\bin\Release\TestProjectWON.dll" adapterTypeName="executor://mstestadapter/v1" className="TestProjectWON.UnitTest1" name="TestMethod479" />
    </UnitTest>
    <UnitTest name="TestMethod640" storage="c:\agent\_work\8\s\testprojectwon\bin\release\testprojectwon.dll" id="9411755a-ed03-1bd5-6a9e-ae7adc109c39">
      <Execution id="bb054648-3ace-4557-aa47-d0a18389610f" />
      <TestMethod codeBase="C:\agent\_work\8\s\TestProjectWON\bin\Release\TestProjectWON.dll" adapterTypeName="executor://mstestadapter/v1" className="TestProjectWON.UnitTest1" name="TestMethod640" />
    </UnitTest>
    <UnitTest name="TestMethod505" storage="c:\agent\_work\8\s\testprojectwon\bin\release\testprojectwon.dll" id="3f116c1c-2f15-b2f9-d71d-e760323e39a9">
      <Execution id="267d375d-8095-40db-a1cc-4ebc69e2e73a" />
      <TestMethod codeBase="C:\agent\_work\8\s\TestProjectWON\bin\Release\TestProjectWON.dll" adapterTypeName="executor://mstestadapter/v1" className="TestProjectWON.UnitTest1" name="TestMethod505" />
    </UnitTest>
    <UnitTest name="TestMethod134" storage="c:\agent\_work\8\s\testprojectwon\bin\release\testprojectwon.dll" id="845c1c63-7893-cef3-546d-34d2f8566810">
      <Execution id="f78c30e1-e6b4-45c7-9278-45172f20abf0" />
      <TestMethod codeBase="C:\agent\_work\8\s\TestProjectWON\bin\Release\TestProjectWON.dll" adapterTypeName="executor://mstestadapter/v1" className="TestProjectWON.UnitTest1" name="TestMethod134" />
    </UnitTest>
    <UnitTest name="TestMethod382" storage="c:\agent\_work\8\s\testprojectwon\bin\release\testprojectwon.dll" id="6f640814-d3f6-4cca-810d-6757a9bb0070">
      <Execution id="13b8d9ea-755b-482c-9798-919fe7268992" />
      <TestMethod codeBase="C:\agent\_work\8\s\TestProjectWON\bin\Release\TestProjectWON.dll" adapterTypeName="executor://mstestadapter/v1" className="TestProjectWON.UnitTest1" name="TestMethod382" />
    </UnitTest>
    <UnitTest name="TestMethod449" storage="c:\agent\_work\8\s\testprojectwon\bin\release\testprojectwon.dll" id="595e22e6-6c21-00b7-2932-a72ebc8d9695">
      <Execution id="79a9a8ed-4873-40c5-9439-89c0b15cb82f" />
      <TestMethod codeBase="C:\agent\_work\8\s\TestProjectWON\bin\Release\TestProjectWON.dll" adapterTypeName="executor://mstestadapter/v1" className="TestProjectWON.UnitTest1" name="TestMethod449" />
    </UnitTest>
    <UnitTest name="TestMethod544" storage="c:\agent\_work\8\s\testprojectwon\bin\release\testprojectwon.dll" id="e2f3d818-d409-16eb-2ee8-b5371bac1d3a">
      <Execution id="1c621fac-7e15-47b1-bfdc-6289bcdc1285" />
      <TestMethod codeBase="C:\agent\_work\8\s\TestProjectWON\bin\Release\TestProjectWON.dll" adapterTypeName="executor://mstestadapter/v1" className="TestProjectWON.UnitTest1" name="TestMethod544" />
    </UnitTest>
    <UnitTest name="TestMethod186" storage="c:\agent\_work\8\s\testprojectwon\bin\release\testprojectwon.dll" id="134ef685-0035-25dc-f71f-0041959162b7">
      <Execution id="5021b271-a524-4d6a-a427-69624b19ed0c" />
      <TestMethod codeBase="C:\agent\_work\8\s\TestProjectWON\bin\Release\TestProjectWON.dll" adapterTypeName="executor://mstestadapter/v1" className="TestProjectWON.UnitTest1" name="TestMethod186" />
    </UnitTest>
    <UnitTest name="TestMethod916" storage="c:\agent\_work\8\s\testprojectwon\bin\release\testprojectwon.dll" id="2e62a879-e945-d295-45fa-228a82f129b0">
      <Execution id="05eaf64a-5819-41d4-85ee-1a608adf1c09" />
      <TestMethod codeBase="C:\agent\_work\8\s\TestProjectWON\bin\Release\TestProjectWON.dll" adapterTypeName="executor://mstestadapter/v1" className="TestProjectWON.UnitTest1" name="TestMethod916" />
    </UnitTest>
    <UnitTest name="TestMethod856" storage="c:\agent\_work\8\s\testprojectwon\bin\release\testprojectwon.dll" id="ca5b5852-539b-3641-1aa3-89a4e580dde3">
      <Execution id="e93500da-af8b-4f4c-be9d-64711bf44094" />
      <TestMethod codeBase="C:\agent\_work\8\s\TestProjectWON\bin\Release\TestProjectWON.dll" adapterTypeName="executor://mstestadapter/v1" className="TestProjectWON.UnitTest1" name="TestMethod856" />
    </UnitTest>
    <UnitTest name="TestMethod127" storage="c:\agent\_work\8\s\testprojectwon\bin\release\testprojectwon.dll" id="c07ed1e6-4ff2-787a-6e41-1d744cc03d1e">
      <Execution id="dedbd2d5-420b-4fd5-b1bc-3ae3437e6f7a" />
      <TestMethod codeBase="C:\agent\_work\8\s\TestProjectWON\bin\Release\TestProjectWON.dll" adapterTypeName="executor://mstestadapter/v1" className="TestProjectWON.UnitTest1" name="TestMethod127" />
    </UnitTest>
    <UnitTest name="TestMethod940" storage="c:\agent\_work\8\s\testprojectwon\bin\release\testprojectwon.dll" id="448750a7-727a-5951-0133-3dde033397df">
      <Execution id="7fcd5d2c-3e9d-419c-8334-a369065c164a" />
      <TestMethod codeBase="C:\agent\_work\8\s\TestProjectWON\bin\Release\TestProjectWON.dll" adapterTypeName="executor://mstestadapter/v1" className="TestProjectWON.UnitTest1" name="TestMethod940" />
    </UnitTest>
    <UnitTest name="TestMethod237" storage="c:\agent\_work\8\s\testprojectwon\bin\release\testprojectwon.dll" id="7057b387-b183-b64b-f7f4-291ce2b154d2">
      <Execution id="b2a697b7-b5d7-4e19-9cc2-1f46fb7b4ff0" />
      <TestMethod codeBase="C:\agent\_work\8\s\TestProjectWON\bin\Release\TestProjectWON.dll" adapterTypeName="executor://mstestadapter/v1" className="TestProjectWON.UnitTest1" name="TestMethod237" />
    </UnitTest>
    <UnitTest name="TestMethod247" storage="c:\agent\_work\8\s\testprojectwon\bin\release\testprojectwon.dll" id="a31dfba7-e2eb-92e0-e6d2-edbe78204565">
      <Execution id="7412ed40-6ba3-4a17-811f-690f1525df80" />
      <TestMethod codeBase="C:\agent\_work\8\s\TestProjectWON\bin\Release\TestProjectWON.dll" adapterTypeName="executor://mstestadapter/v1" className="TestProjectWON.UnitTest1" name="TestMethod247" />
    </UnitTest>
    <UnitTest name="TestMethod424" storage="c:\agent\_work\8\s\testprojectwon\bin\release\testprojectwon.dll" id="1e27ab10-8e53-64cc-9fa8-800cab83d0a3">
      <Execution id="ede30122-b44a-4dd3-a1b0-b4d32241b567" />
      <TestMethod codeBase="C:\agent\_work\8\s\TestProjectWON\bin\Release\TestProjectWON.dll" adapterTypeName="executor://mstestadapter/v1" className="TestProjectWON.UnitTest1" name="TestMethod424" />
    </UnitTest>
    <UnitTest name="TestMethod488" storage="c:\agent\_work\8\s\testprojectwon\bin\release\testprojectwon.dll" id="aabe9f3b-0283-90ce-3fe9-506780195010">
      <Execution id="ed3674fe-ea65-4535-baea-3706a9a3fdbf" />
      <TestMethod codeBase="C:\agent\_work\8\s\TestProjectWON\bin\Release\TestProjectWON.dll" adapterTypeName="executor://mstestadapter/v1" className="TestProjectWON.UnitTest1" name="TestMethod488" />
    </UnitTest>
    <UnitTest name="TestMethod697" storage="c:\agent\_work\8\s\testprojectwon\bin\release\testprojectwon.dll" id="71b10931-73cb-2cce-6429-44087b3adb4f">
      <Execution id="9011a072-989d-44c5-9c73-332699930789" />
      <TestMethod codeBase="C:\agent\_work\8\s\TestProjectWON\bin\Release\TestProjectWON.dll" adapterTypeName="executor://mstestadapter/v1" className="TestProjectWON.UnitTest1" name="TestMethod697" />
    </UnitTest>
    <UnitTest name="TestMethod230" storage="c:\agent\_work\8\s\testprojectwon\bin\release\testprojectwon.dll" id="d26742f9-1dbc-92b8-ff4f-b2cfd1c24adf">
      <Execution id="8fd6463d-2d43-4fed-a3b3-42f83d6d2231" />
      <TestMethod codeBase="C:\agent\_work\8\s\TestProjectWON\bin\Release\TestProjectWON.dll" adapterTypeName="executor://mstestadapter/v1" className="TestProjectWON.UnitTest1" name="TestMethod230" />
    </UnitTest>
    <UnitTest name="TestMethod459" storage="c:\agent\_work\8\s\testprojectwon\bin\release\testprojectwon.dll" id="30f7a855-6e4a-423e-6c06-6dbdfcea4095">
      <Execution id="6897761e-937b-4334-bd73-860cd5686fa4" />
      <TestMethod codeBase="C:\agent\_work\8\s\TestProjectWON\bin\Release\TestProjectWON.dll" adapterTypeName="executor://mstestadapter/v1" className="TestProjectWON.UnitTest1" name="TestMethod459" />
    </UnitTest>
    <UnitTest name="TestMethod326" storage="c:\agent\_work\8\s\testprojectwon\bin\release\testprojectwon.dll" id="9de81f09-f480-09d3-1cf2-f3677ff4137e">
      <Execution id="9acc5cc8-dee1-468d-b4af-f9f82a494761" />
      <TestMethod codeBase="C:\agent\_work\8\s\TestProjectWON\bin\Release\TestProjectWON.dll" adapterTypeName="executor://mstestadapter/v1" className="TestProjectWON.UnitTest1" name="TestMethod326" />
    </UnitTest>
    <UnitTest name="TestMethod812" storage="c:\agent\_work\8\s\testprojectwon\bin\release\testprojectwon.dll" id="b6312f8c-1aa0-66d3-548d-221a3e664fce">
      <Execution id="0e501214-cedd-4f17-8f79-655568be038f" />
      <TestMethod codeBase="C:\agent\_work\8\s\TestProjectWON\bin\Release\TestProjectWON.dll" adapterTypeName="executor://mstestadapter/v1" className="TestProjectWON.UnitTest1" name="TestMethod812" />
    </UnitTest>
    <UnitTest name="TestMethod658" storage="c:\agent\_work\8\s\testprojectwon\bin\release\testprojectwon.dll" id="073d55e5-1430-716f-ad09-055a9bd845f9">
      <Execution id="aa3bf6ab-4786-45fb-bd19-8ede0dc95d37" />
      <TestMethod codeBase="C:\agent\_work\8\s\TestProjectWON\bin\Release\TestProjectWON.dll" adapterTypeName="executor://mstestadapter/v1" className="TestProjectWON.UnitTest1" name="TestMethod658" />
    </UnitTest>
    <UnitTest name="TestMethod957" storage="c:\agent\_work\8\s\testprojectwon\bin\release\testprojectwon.dll" id="d65534dd-086c-c963-96ef-21fceb425911">
      <Execution id="bd848f4c-7363-4960-8b3e-b0e85049d4a9" />
      <TestMethod codeBase="C:\agent\_work\8\s\TestProjectWON\bin\Release\TestProjectWON.dll" adapterTypeName="executor://mstestadapter/v1" className="TestProjectWON.UnitTest1" name="TestMethod957" />
    </UnitTest>
    <UnitTest name="TestMethod771" storage="c:\agent\_work\8\s\testprojectwon\bin\release\testprojectwon.dll" id="9990f2b1-d640-1774-5359-5f140f74562a">
      <Execution id="9e958379-3f1b-4e20-8aa8-aa9e1986335d" />
      <TestMethod codeBase="C:\agent\_work\8\s\TestProjectWON\bin\Release\TestProjectWON.dll" adapterTypeName="executor://mstestadapter/v1" className="TestProjectWON.UnitTest1" name="TestMethod771" />
    </UnitTest>
    <UnitTest name="TestMethod233" storage="c:\agent\_work\8\s\testprojectwon\bin\release\testprojectwon.dll" id="840dc1d5-7578-107a-64ec-eb6ccac07a43">
      <Execution id="2664f5b7-9a60-4f6f-8e56-dc5960fc50d5" />
      <TestMethod codeBase="C:\agent\_work\8\s\TestProjectWON\bin\Release\TestProjectWON.dll" adapterTypeName="executor://mstestadapter/v1" className="TestProjectWON.UnitTest1" name="TestMethod233" />
    </UnitTest>
    <UnitTest name="TestMethod511" storage="c:\agent\_work\8\s\testprojectwon\bin\release\testprojectwon.dll" id="dbbdc319-4b2f-659b-f481-4c052ecc7522">
      <Execution id="2c7c7398-3db1-45f5-ab6d-53eeefb08f75" />
      <TestMethod codeBase="C:\agent\_work\8\s\TestProjectWON\bin\Release\TestProjectWON.dll" adapterTypeName="executor://mstestadapter/v1" className="TestProjectWON.UnitTest1" name="TestMethod511" />
    </UnitTest>
    <UnitTest name="TestMethod675" storage="c:\agent\_work\8\s\testprojectwon\bin\release\testprojectwon.dll" id="1ddda90b-8993-1b92-f938-0a5c5768d517">
      <Execution id="b3130621-bfec-4f89-a23c-c2d1ddb1c210" />
      <TestMethod codeBase="C:\agent\_work\8\s\TestProjectWON\bin\Release\TestProjectWON.dll" adapterTypeName="executor://mstestadapter/v1" className="TestProjectWON.UnitTest1" name="TestMethod675" />
    </UnitTest>
    <UnitTest name="TestMethod455" storage="c:\agent\_work\8\s\testprojectwon\bin\release\testprojectwon.dll" id="f35ba837-efe1-7ec1-1386-e691929b7f10">
      <Execution id="01bb5bb3-aa28-4a3e-848d-3b62198dbb7c" />
      <TestMethod codeBase="C:\agent\_work\8\s\TestProjectWON\bin\Release\TestProjectWON.dll" adapterTypeName="executor://mstestadapter/v1" className="TestProjectWON.UnitTest1" name="TestMethod455" />
    </UnitTest>
    <UnitTest name="TestMethod496" storage="c:\agent\_work\8\s\testprojectwon\bin\release\testprojectwon.dll" id="2633d95f-7136-86b5-7f5b-198e049e0830">
      <Execution id="5aacbd67-8661-47d4-83e6-968175f3a417" />
      <TestMethod codeBase="C:\agent\_work\8\s\TestProjectWON\bin\Release\TestProjectWON.dll" adapterTypeName="executor://mstestadapter/v1" className="TestProjectWON.UnitTest1" name="TestMethod496" />
    </UnitTest>
    <UnitTest name="TestMethod397" storage="c:\agent\_work\8\s\testprojectwon\bin\release\testprojectwon.dll" id="0fa337ef-9264-9b89-1d15-627beacabec9">
      <Execution id="d61636b9-376b-4ba4-a161-4c39ac1ec606" />
      <TestMethod codeBase="C:\agent\_work\8\s\TestProjectWON\bin\Release\TestProjectWON.dll" adapterTypeName="executor://mstestadapter/v1" className="TestProjectWON.UnitTest1" name="TestMethod397" />
    </UnitTest>
    <UnitTest name="TestMethod855" storage="c:\agent\_work\8\s\testprojectwon\bin\release\testprojectwon.dll" id="5085cb87-98d0-8a0c-8bf9-91a9ebf3d613">
      <Execution id="9fec932d-d148-447d-8aa5-26e24c3f0ec3" />
      <TestMethod codeBase="C:\agent\_work\8\s\TestProjectWON\bin\Release\TestProjectWON.dll" adapterTypeName="executor://mstestadapter/v1" className="TestProjectWON.UnitTest1" name="TestMethod855" />
    </UnitTest>
    <UnitTest name="TestMethod778" storage="c:\agent\_work\8\s\testprojectwon\bin\release\testprojectwon.dll" id="2bd589ab-15b3-09bc-54b2-c7707b663777">
      <Execution id="1ba582e0-a489-45fa-8e52-19254c092007" />
      <TestMethod codeBase="C:\agent\_work\8\s\TestProjectWON\bin\Release\TestProjectWON.dll" adapterTypeName="executor://mstestadapter/v1" className="TestProjectWON.UnitTest1" name="TestMethod778" />
    </UnitTest>
    <UnitTest name="TestMethod338" storage="c:\agent\_work\8\s\testprojectwon\bin\release\testprojectwon.dll" id="e314ca48-ecc2-8358-33ec-5f3221d11fab">
      <Execution id="adb5e88f-1179-40ed-8c76-a3d3d13c43c4" />
      <TestMethod codeBase="C:\agent\_work\8\s\TestProjectWON\bin\Release\TestProjectWON.dll" adapterTypeName="executor://mstestadapter/v1" className="TestProjectWON.UnitTest1" name="TestMethod338" />
    </UnitTest>
    <UnitTest name="TestMethod3" storage="c:\agent\_work\8\s\testprojectwon\bin\release\testprojectwon.dll" id="8f15877b-bf4c-ed12-8a91-55c01e0c5191">
      <Execution id="3f7fa482-362d-40ee-9e52-cb4026d922c4" />
      <TestMethod codeBase="C:\agent\_work\8\s\TestProjectWON\bin\Release\TestProjectWON.dll" adapterTypeName="executor://mstestadapter/v1" className="TestProjectWON.UnitTest1" name="TestMethod3" />
    </UnitTest>
    <UnitTest name="TestMethod782" storage="c:\agent\_work\8\s\testprojectwon\bin\release\testprojectwon.dll" id="919d167e-0489-49fa-867a-b28fe7b95b8b">
      <Execution id="5d697902-fbea-4d21-bd42-3750106339db" />
      <TestMethod codeBase="C:\agent\_work\8\s\TestProjectWON\bin\Release\TestProjectWON.dll" adapterTypeName="executor://mstestadapter/v1" className="TestProjectWON.UnitTest1" name="TestMethod782" />
    </UnitTest>
    <UnitTest name="TestMethod587" storage="c:\agent\_work\8\s\testprojectwon\bin\release\testprojectwon.dll" id="84884695-1fda-9516-c265-a5d55e0fd64d">
      <Execution id="203b03ea-afed-42a7-af5a-615682e431e9" />
      <TestMethod codeBase="C:\agent\_work\8\s\TestProjectWON\bin\Release\TestProjectWON.dll" adapterTypeName="executor://mstestadapter/v1" className="TestProjectWON.UnitTest1" name="TestMethod587" />
    </UnitTest>
    <UnitTest name="TestMethod636" storage="c:\agent\_work\8\s\testprojectwon\bin\release\testprojectwon.dll" id="8718114d-54cc-0052-31c7-faf10f9650c5">
      <Execution id="9e9057b2-4f87-4495-83e3-ecacea7859e7" />
      <TestMethod codeBase="C:\agent\_work\8\s\TestProjectWON\bin\Release\TestProjectWON.dll" adapterTypeName="executor://mstestadapter/v1" className="TestProjectWON.UnitTest1" name="TestMethod636" />
    </UnitTest>
    <UnitTest name="TestMethod552" storage="c:\agent\_work\8\s\testprojectwon\bin\release\testprojectwon.dll" id="649576d9-84f0-7dc5-d235-0e115e5d175e">
      <Execution id="bf1e7304-1711-4a3d-ac90-9db8d53afc3a" />
      <TestMethod codeBase="C:\agent\_work\8\s\TestProjectWON\bin\Release\TestProjectWON.dll" adapterTypeName="executor://mstestadapter/v1" className="TestProjectWON.UnitTest1" name="TestMethod552" />
    </UnitTest>
    <UnitTest name="TestMethod409" storage="c:\agent\_work\8\s\testprojectwon\bin\release\testprojectwon.dll" id="8e1ee98d-a3a6-3406-d3c4-1e9ccc628eef">
      <Execution id="9fc5581d-5a7c-4a19-a915-53b0bd01319e" />
      <TestMethod codeBase="C:\agent\_work\8\s\TestProjectWON\bin\Release\TestProjectWON.dll" adapterTypeName="executor://mstestadapter/v1" className="TestProjectWON.UnitTest1" name="TestMethod409" />
    </UnitTest>
    <UnitTest name="TestMethod106" storage="c:\agent\_work\8\s\testprojectwon\bin\release\testprojectwon.dll" id="25f6a734-66c9-8e52-5315-839b41d0d581">
      <Execution id="4bc989cf-95d5-46af-8942-48d0853060eb" />
      <TestMethod codeBase="C:\agent\_work\8\s\TestProjectWON\bin\Release\TestProjectWON.dll" adapterTypeName="executor://mstestadapter/v1" className="TestProjectWON.UnitTest1" name="TestMethod106" />
    </UnitTest>
    <UnitTest name="TestMethod550" storage="c:\agent\_work\8\s\testprojectwon\bin\release\testprojectwon.dll" id="5e20c9a6-f828-762f-d3f4-e0a2c22e6536">
      <Execution id="b5abdbd6-f9dd-4b91-811d-35de2814ec54" />
      <TestMethod codeBase="C:\agent\_work\8\s\TestProjectWON\bin\Release\TestProjectWON.dll" adapterTypeName="executor://mstestadapter/v1" className="TestProjectWON.UnitTest1" name="TestMethod550" />
    </UnitTest>
    <UnitTest name="TestMethod400" storage="c:\agent\_work\8\s\testprojectwon\bin\release\testprojectwon.dll" id="c561d776-c3ba-aeae-29c5-7b2bbf91fd1e">
      <Execution id="1aadf061-233f-476a-ab10-b7572531557e" />
      <TestMethod codeBase="C:\agent\_work\8\s\TestProjectWON\bin\Release\TestProjectWON.dll" adapterTypeName="executor://mstestadapter/v1" className="TestProjectWON.UnitTest1" name="TestMethod400" />
    </UnitTest>
    <UnitTest name="TestMethod312" storage="c:\agent\_work\8\s\testprojectwon\bin\release\testprojectwon.dll" id="a4fa1211-839b-b128-8fa2-bc650f85f4da">
      <Execution id="0ea19337-1366-45bc-a8b4-5b07c5ec8b52" />
      <TestMethod codeBase="C:\agent\_work\8\s\TestProjectWON\bin\Release\TestProjectWON.dll" adapterTypeName="executor://mstestadapter/v1" className="TestProjectWON.UnitTest1" name="TestMethod312" />
    </UnitTest>
    <UnitTest name="TestMethod140" storage="c:\agent\_work\8\s\testprojectwon\bin\release\testprojectwon.dll" id="4c302f5b-871c-539b-842c-c66a6f64c418">
      <Execution id="1ea1bea4-1255-4e99-83e8-2feb7d9fa00f" />
      <TestMethod codeBase="C:\agent\_work\8\s\TestProjectWON\bin\Release\TestProjectWON.dll" adapterTypeName="executor://mstestadapter/v1" className="TestProjectWON.UnitTest1" name="TestMethod140" />
    </UnitTest>
    <UnitTest name="TestMethod597" storage="c:\agent\_work\8\s\testprojectwon\bin\release\testprojectwon.dll" id="e17cb5d8-84bd-3e2b-32fa-bef201119c95">
      <Execution id="66332ad9-1cc6-4b51-80fd-44a6b8285a97" />
      <TestMethod codeBase="C:\agent\_work\8\s\TestProjectWON\bin\Release\TestProjectWON.dll" adapterTypeName="executor://mstestadapter/v1" className="TestProjectWON.UnitTest1" name="TestMethod597" />
    </UnitTest>
    <UnitTest name="TestMethod130" storage="c:\agent\_work\8\s\testprojectwon\bin\release\testprojectwon.dll" id="153bc2be-7b5a-6d34-1b29-a594ac423af5">
      <Execution id="183c6ffa-370c-4bdc-b669-de0b0eed7c2f" />
      <TestMethod codeBase="C:\agent\_work\8\s\TestProjectWON\bin\Release\TestProjectWON.dll" adapterTypeName="executor://mstestadapter/v1" className="TestProjectWON.UnitTest1" name="TestMethod130" />
    </UnitTest>
    <UnitTest name="TestMethod867" storage="c:\agent\_work\8\s\testprojectwon\bin\release\testprojectwon.dll" id="6da635f8-8416-7b4b-0360-189b8dec9d63">
      <Execution id="b33a1b9f-4ce0-4380-83bd-fd51a1660be8" />
      <TestMethod codeBase="C:\agent\_work\8\s\TestProjectWON\bin\Release\TestProjectWON.dll" adapterTypeName="executor://mstestadapter/v1" className="TestProjectWON.UnitTest1" name="TestMethod867" />
    </UnitTest>
    <UnitTest name="TestMethod802" storage="c:\agent\_work\8\s\testprojectwon\bin\release\testprojectwon.dll" id="9b757f88-a3c7-150e-d2d4-f6a632127186">
      <Execution id="dfa1d32b-9b7e-4a54-9603-478ead778b4b" />
      <TestMethod codeBase="C:\agent\_work\8\s\TestProjectWON\bin\Release\TestProjectWON.dll" adapterTypeName="executor://mstestadapter/v1" className="TestProjectWON.UnitTest1" name="TestMethod802" />
    </UnitTest>
    <UnitTest name="TestMethod162" storage="c:\agent\_work\8\s\testprojectwon\bin\release\testprojectwon.dll" id="1ddc3191-d796-9ca4-1cdf-911c528d78dc">
      <Execution id="34dc790e-88d4-4eac-9748-620730250827" />
      <TestMethod codeBase="C:\agent\_work\8\s\TestProjectWON\bin\Release\TestProjectWON.dll" adapterTypeName="executor://mstestadapter/v1" className="TestProjectWON.UnitTest1" name="TestMethod162" />
    </UnitTest>
    <UnitTest name="TestMethod269" storage="c:\agent\_work\8\s\testprojectwon\bin\release\testprojectwon.dll" id="58465c1a-7b5a-d5fd-e467-184445674f7b">
      <Execution id="f0956d7e-8202-42b1-ae88-20c023e4b86f" />
      <TestMethod codeBase="C:\agent\_work\8\s\TestProjectWON\bin\Release\TestProjectWON.dll" adapterTypeName="executor://mstestadapter/v1" className="TestProjectWON.UnitTest1" name="TestMethod269" />
    </UnitTest>
    <UnitTest name="TestMethod531" storage="c:\agent\_work\8\s\testprojectwon\bin\release\testprojectwon.dll" id="5a1f778d-9eaf-3b6c-d647-c4ac0ef32928">
      <Execution id="667b55b1-c83b-4ec8-bcc2-1cf247fb2b05" />
      <TestMethod codeBase="C:\agent\_work\8\s\TestProjectWON\bin\Release\TestProjectWON.dll" adapterTypeName="executor://mstestadapter/v1" className="TestProjectWON.UnitTest1" name="TestMethod531" />
    </UnitTest>
    <UnitTest name="TestMethod240" storage="c:\agent\_work\8\s\testprojectwon\bin\release\testprojectwon.dll" id="3b5942d2-e7e2-de60-16f9-c73e5cc4a29a">
      <Execution id="716e6372-cf4a-4ad4-b745-9a2d638c5dc9" />
      <TestMethod codeBase="C:\agent\_work\8\s\TestProjectWON\bin\Release\TestProjectWON.dll" adapterTypeName="executor://mstestadapter/v1" className="TestProjectWON.UnitTest1" name="TestMethod240" />
    </UnitTest>
    <UnitTest name="TestMethod315" storage="c:\agent\_work\8\s\testprojectwon\bin\release\testprojectwon.dll" id="09199f50-edc9-3829-f4fa-397ae8153249">
      <Execution id="faade198-b8a2-4396-8ce6-60eb2efabfd9" />
      <TestMethod codeBase="C:\agent\_work\8\s\TestProjectWON\bin\Release\TestProjectWON.dll" adapterTypeName="executor://mstestadapter/v1" className="TestProjectWON.UnitTest1" name="TestMethod315" />
    </UnitTest>
    <UnitTest name="TestMethod179" storage="c:\agent\_work\8\s\testprojectwon\bin\release\testprojectwon.dll" id="77a26110-9ad0-fe47-cc4e-5b334878955d">
      <Execution id="52de80fb-436e-4b10-be9f-24e7807ac444" />
      <TestMethod codeBase="C:\agent\_work\8\s\TestProjectWON\bin\Release\TestProjectWON.dll" adapterTypeName="executor://mstestadapter/v1" className="TestProjectWON.UnitTest1" name="TestMethod179" />
    </UnitTest>
    <UnitTest name="TestMethod554" storage="c:\agent\_work\8\s\testprojectwon\bin\release\testprojectwon.dll" id="5b486404-8f00-6564-3c4d-715431cb2988">
      <Execution id="6fe5a54d-8a57-4c3c-9199-62d61e2cda69" />
      <TestMethod codeBase="C:\agent\_work\8\s\TestProjectWON\bin\Release\TestProjectWON.dll" adapterTypeName="executor://mstestadapter/v1" className="TestProjectWON.UnitTest1" name="TestMethod554" />
    </UnitTest>
    <UnitTest name="TestMethod332" storage="c:\agent\_work\8\s\testprojectwon\bin\release\testprojectwon.dll" id="f4a374c3-e0ad-712b-b4bf-3aff2797104a">
      <Execution id="650993d3-4c66-487f-933b-ece8abfba432" />
      <TestMethod codeBase="C:\agent\_work\8\s\TestProjectWON\bin\Release\TestProjectWON.dll" adapterTypeName="executor://mstestadapter/v1" className="TestProjectWON.UnitTest1" name="TestMethod332" />
    </UnitTest>
    <UnitTest name="TestMethod17" storage="c:\agent\_work\8\s\testprojectwon\bin\release\testprojectwon.dll" id="771fb03e-c480-1ce6-a135-57692892e164">
      <Execution id="8bda3566-ea12-4fd0-85a0-eec310ae23e4" />
      <TestMethod codeBase="C:\agent\_work\8\s\TestProjectWON\bin\Release\TestProjectWON.dll" adapterTypeName="executor://mstestadapter/v1" className="TestProjectWON.UnitTest1" name="TestMethod17" />
    </UnitTest>
    <UnitTest name="TestMethod548" storage="c:\agent\_work\8\s\testprojectwon\bin\release\testprojectwon.dll" id="f40ea688-42cc-2a10-7097-ce92bfa5b964">
      <Execution id="e6545119-1613-46f2-ac7b-07b1bf586306" />
      <TestMethod codeBase="C:\agent\_work\8\s\TestProjectWON\bin\Release\TestProjectWON.dll" adapterTypeName="executor://mstestadapter/v1" className="TestProjectWON.UnitTest1" name="TestMethod548" />
    </UnitTest>
    <UnitTest name="TestMethod930" storage="c:\agent\_work\8\s\testprojectwon\bin\release\testprojectwon.dll" id="a8c51ba9-0ff1-9c79-d0ec-d8c043c3c3a6">
      <Execution id="b223681d-b917-4777-b84a-f3d989091207" />
      <TestMethod codeBase="C:\agent\_work\8\s\TestProjectWON\bin\Release\TestProjectWON.dll" adapterTypeName="executor://mstestadapter/v1" className="TestProjectWON.UnitTest1" name="TestMethod930" />
    </UnitTest>
    <UnitTest name="TestMethod934" storage="c:\agent\_work\8\s\testprojectwon\bin\release\testprojectwon.dll" id="0119a4b7-c187-9828-e5a7-c1167f73bb3d">
      <Execution id="d0de2265-7103-4d0e-8767-dd14a82afa40" />
      <TestMethod codeBase="C:\agent\_work\8\s\TestProjectWON\bin\Release\TestProjectWON.dll" adapterTypeName="executor://mstestadapter/v1" className="TestProjectWON.UnitTest1" name="TestMethod934" />
    </UnitTest>
    <UnitTest name="TestMethod731" storage="c:\agent\_work\8\s\testprojectwon\bin\release\testprojectwon.dll" id="20ce8064-cee4-c7ed-ed78-b9a86833c4d6">
      <Execution id="bfec3ef0-9ae6-4227-b81e-cfe77f11f9fa" />
      <TestMethod codeBase="C:\agent\_work\8\s\TestProjectWON\bin\Release\TestProjectWON.dll" adapterTypeName="executor://mstestadapter/v1" className="TestProjectWON.UnitTest1" name="TestMethod731" />
    </UnitTest>
    <UnitTest name="TestMethod271" storage="c:\agent\_work\8\s\testprojectwon\bin\release\testprojectwon.dll" id="a0a4a26c-e5c7-453e-8749-f5f247d9d460">
      <Execution id="f3b1986c-c102-4ebb-8355-233e7bb5439f" />
      <TestMethod codeBase="C:\agent\_work\8\s\TestProjectWON\bin\Release\TestProjectWON.dll" adapterTypeName="executor://mstestadapter/v1" className="TestProjectWON.UnitTest1" name="TestMethod271" />
    </UnitTest>
    <UnitTest name="TestMethod975" storage="c:\agent\_work\8\s\testprojectwon\bin\release\testprojectwon.dll" id="048a7356-951d-0443-ab4d-f351f2bc2b8f">
      <Execution id="153226e2-629d-4043-a4b6-e8281c7e2aac" />
      <TestMethod codeBase="C:\agent\_work\8\s\TestProjectWON\bin\Release\TestProjectWON.dll" adapterTypeName="executor://mstestadapter/v1" className="TestProjectWON.UnitTest1" name="TestMethod975" />
    </UnitTest>
    <UnitTest name="TestMethod792" storage="c:\agent\_work\8\s\testprojectwon\bin\release\testprojectwon.dll" id="10ff86b2-14d9-a1b5-59f4-0ee4f986469f">
      <Execution id="c3f41ee5-6120-47ba-bfe1-194a64f6ce57" />
      <TestMethod codeBase="C:\agent\_work\8\s\TestProjectWON\bin\Release\TestProjectWON.dll" adapterTypeName="executor://mstestadapter/v1" className="TestProjectWON.UnitTest1" name="TestMethod792" />
    </UnitTest>
    <UnitTest name="TestMethod895" storage="c:\agent\_work\8\s\testprojectwon\bin\release\testprojectwon.dll" id="bb62df0a-4b0e-dc38-efff-e29b7ce70478">
      <Execution id="d0e19d9c-1c61-43cd-a24e-2806eb307d27" />
      <TestMethod codeBase="C:\agent\_work\8\s\TestProjectWON\bin\Release\TestProjectWON.dll" adapterTypeName="executor://mstestadapter/v1" className="TestProjectWON.UnitTest1" name="TestMethod895" />
    </UnitTest>
    <UnitTest name="TestMethod660" storage="c:\agent\_work\8\s\testprojectwon\bin\release\testprojectwon.dll" id="d831c378-ca09-e46d-7e6f-c07230cf9cb7">
      <Execution id="71fc021c-d327-4b14-91c7-e048d4be9db8" />
      <TestMethod codeBase="C:\agent\_work\8\s\TestProjectWON\bin\Release\TestProjectWON.dll" adapterTypeName="executor://mstestadapter/v1" className="TestProjectWON.UnitTest1" name="TestMethod660" />
    </UnitTest>
    <UnitTest name="TestMethod835" storage="c:\agent\_work\8\s\testprojectwon\bin\release\testprojectwon.dll" id="16f70a3b-5d0d-c008-e985-9ff47e23535f">
      <Execution id="928511ff-8dba-45b1-9226-0e8a22780a2a" />
      <TestMethod codeBase="C:\agent\_work\8\s\TestProjectWON\bin\Release\TestProjectWON.dll" adapterTypeName="executor://mstestadapter/v1" className="TestProjectWON.UnitTest1" name="TestMethod835" />
    </UnitTest>
    <UnitTest name="TestMethod880" storage="c:\agent\_work\8\s\testprojectwon\bin\release\testprojectwon.dll" id="3f9971cf-342d-bdff-0580-39d519ebcc3c">
      <Execution id="2b755ab5-fa89-4656-8fcc-3864ae8be0bc" />
      <TestMethod codeBase="C:\agent\_work\8\s\TestProjectWON\bin\Release\TestProjectWON.dll" adapterTypeName="executor://mstestadapter/v1" className="TestProjectWON.UnitTest1" name="TestMethod880" />
    </UnitTest>
    <UnitTest name="TestMethod661" storage="c:\agent\_work\8\s\testprojectwon\bin\release\testprojectwon.dll" id="3ae6ff48-fce1-a2b9-c0a7-253156076b84">
      <Execution id="0f00774e-a6c6-4684-9a37-7bd911f8c135" />
      <TestMethod codeBase="C:\agent\_work\8\s\TestProjectWON\bin\Release\TestProjectWON.dll" adapterTypeName="executor://mstestadapter/v1" className="TestProjectWON.UnitTest1" name="TestMethod661" />
    </UnitTest>
    <UnitTest name="TestMethod12" storage="c:\agent\_work\8\s\testprojectwon\bin\release\testprojectwon.dll" id="66f88e8d-25f5-45b5-b84b-7eb9f767cf1a">
      <Execution id="dbf4bec4-d467-441e-8c7b-da488b552daa" />
      <TestMethod codeBase="C:\agent\_work\8\s\TestProjectWON\bin\Release\TestProjectWON.dll" adapterTypeName="executor://mstestadapter/v1" className="TestProjectWON.UnitTest1" name="TestMethod12" />
    </UnitTest>
    <UnitTest name="TestMethod743" storage="c:\agent\_work\8\s\testprojectwon\bin\release\testprojectwon.dll" id="86af2605-ad50-3b2e-3ed9-5900a4915214">
      <Execution id="92824316-53fe-4aec-9531-925ba7ff7f9a" />
      <TestMethod codeBase="C:\agent\_work\8\s\TestProjectWON\bin\Release\TestProjectWON.dll" adapterTypeName="executor://mstestadapter/v1" className="TestProjectWON.UnitTest1" name="TestMethod743" />
    </UnitTest>
    <UnitTest name="TestMethod543" storage="c:\agent\_work\8\s\testprojectwon\bin\release\testprojectwon.dll" id="17e6532f-2296-a418-52a2-4e83be3acb5f">
      <Execution id="e781088f-99c7-4659-95ad-158810d23cef" />
      <TestMethod codeBase="C:\agent\_work\8\s\TestProjectWON\bin\Release\TestProjectWON.dll" adapterTypeName="executor://mstestadapter/v1" className="TestProjectWON.UnitTest1" name="TestMethod543" />
    </UnitTest>
    <UnitTest name="TestMethod74" storage="c:\agent\_work\8\s\testprojectwon\bin\release\testprojectwon.dll" id="5bf03c58-6476-4eda-a5b2-9ac79c3fe109">
      <Execution id="d9835d86-f579-462c-8cd5-ba3aff70aa3d" />
      <TestMethod codeBase="C:\agent\_work\8\s\TestProjectWON\bin\Release\TestProjectWON.dll" adapterTypeName="executor://mstestadapter/v1" className="TestProjectWON.UnitTest1" name="TestMethod74" />
    </UnitTest>
    <UnitTest name="TestMethod787" storage="c:\agent\_work\8\s\testprojectwon\bin\release\testprojectwon.dll" id="766c5017-8c1b-76f2-b482-c97f8fac42b9">
      <Execution id="70c7cfaa-9c32-4899-aabf-58dbaac3ec00" />
      <TestMethod codeBase="C:\agent\_work\8\s\TestProjectWON\bin\Release\TestProjectWON.dll" adapterTypeName="executor://mstestadapter/v1" className="TestProjectWON.UnitTest1" name="TestMethod787" />
    </UnitTest>
    <UnitTest name="TestMethod352" storage="c:\agent\_work\8\s\testprojectwon\bin\release\testprojectwon.dll" id="80842f01-45f2-591b-2b29-03dee54f7182">
      <Execution id="f72c6134-35af-4f67-bf8e-ca9b51b7fa64" />
      <TestMethod codeBase="C:\agent\_work\8\s\TestProjectWON\bin\Release\TestProjectWON.dll" adapterTypeName="executor://mstestadapter/v1" className="TestProjectWON.UnitTest1" name="TestMethod352" />
    </UnitTest>
    <UnitTest name="TestMethod680" storage="c:\agent\_work\8\s\testprojectwon\bin\release\testprojectwon.dll" id="438073fc-df09-d208-e6ce-3a85df08aee3">
      <Execution id="31a93e44-3aaa-4e1b-bc37-2ea4d09e1414" />
      <TestMethod codeBase="C:\agent\_work\8\s\TestProjectWON\bin\Release\TestProjectWON.dll" adapterTypeName="executor://mstestadapter/v1" className="TestProjectWON.UnitTest1" name="TestMethod680" />
    </UnitTest>
    <UnitTest name="TestMethod96" storage="c:\agent\_work\8\s\testprojectwon\bin\release\testprojectwon.dll" id="d5f61ed0-6999-349f-54f4-28cd8e1c01d4">
      <Execution id="cc64fd30-4333-4857-a076-29b4e37e233c" />
      <TestMethod codeBase="C:\agent\_work\8\s\TestProjectWON\bin\Release\TestProjectWON.dll" adapterTypeName="executor://mstestadapter/v1" className="TestProjectWON.UnitTest1" name="TestMethod96" />
    </UnitTest>
    <UnitTest name="TestMethod703" storage="c:\agent\_work\8\s\testprojectwon\bin\release\testprojectwon.dll" id="956ee45b-28c9-92eb-4d28-9f7ad0b0d994">
      <Execution id="0c5ba2df-abea-4e45-a483-a964f3cc0193" />
      <TestMethod codeBase="C:\agent\_work\8\s\TestProjectWON\bin\Release\TestProjectWON.dll" adapterTypeName="executor://mstestadapter/v1" className="TestProjectWON.UnitTest1" name="TestMethod703" />
    </UnitTest>
    <UnitTest name="TestMethod224" storage="c:\agent\_work\8\s\testprojectwon\bin\release\testprojectwon.dll" id="a2d17b88-2ee0-0628-93a1-91e51b945455">
      <Execution id="49eb8788-6cd5-403c-a07c-c4d1bc49a037" />
      <TestMethod codeBase="C:\agent\_work\8\s\TestProjectWON\bin\Release\TestProjectWON.dll" adapterTypeName="executor://mstestadapter/v1" className="TestProjectWON.UnitTest1" name="TestMethod224" />
    </UnitTest>
    <UnitTest name="TestMethod212" storage="c:\agent\_work\8\s\testprojectwon\bin\release\testprojectwon.dll" id="0a813c2e-c51e-bd80-94ac-98a95a07ff38">
      <Execution id="7024379c-7b02-47a6-b295-435be8e5db7e" />
      <TestMethod codeBase="C:\agent\_work\8\s\TestProjectWON\bin\Release\TestProjectWON.dll" adapterTypeName="executor://mstestadapter/v1" className="TestProjectWON.UnitTest1" name="TestMethod212" />
    </UnitTest>
    <UnitTest name="TestMethod637" storage="c:\agent\_work\8\s\testprojectwon\bin\release\testprojectwon.dll" id="8b9b2119-6a34-92eb-9dd5-7135d26b5a38">
      <Execution id="7b87ed1a-407f-433f-91f7-385e687940a0" />
      <TestMethod codeBase="C:\agent\_work\8\s\TestProjectWON\bin\Release\TestProjectWON.dll" adapterTypeName="executor://mstestadapter/v1" className="TestProjectWON.UnitTest1" name="TestMethod637" />
    </UnitTest>
    <UnitTest name="TestMethod173" storage="c:\agent\_work\8\s\testprojectwon\bin\release\testprojectwon.dll" id="8ce8709b-f529-f993-476b-8a16b458982c">
      <Execution id="cbfb03bc-ea28-4956-8254-ed8a446406a0" />
      <TestMethod codeBase="C:\agent\_work\8\s\TestProjectWON\bin\Release\TestProjectWON.dll" adapterTypeName="executor://mstestadapter/v1" className="TestProjectWON.UnitTest1" name="TestMethod173" />
    </UnitTest>
    <UnitTest name="TestMethod980" storage="c:\agent\_work\8\s\testprojectwon\bin\release\testprojectwon.dll" id="a7515f3f-1a35-4f95-d426-065ba5f9b6df">
      <Execution id="9c14b974-9a21-4245-9dff-b5d1f52e33d4" />
      <TestMethod codeBase="C:\agent\_work\8\s\TestProjectWON\bin\Release\TestProjectWON.dll" adapterTypeName="executor://mstestadapter/v1" className="TestProjectWON.UnitTest1" name="TestMethod980" />
    </UnitTest>
    <UnitTest name="TestMethod525" storage="c:\agent\_work\8\s\testprojectwon\bin\release\testprojectwon.dll" id="d4f79742-85f3-99b3-b553-501ccf8d4cf2">
      <Execution id="bff0fbc8-4702-4010-a051-10c876e10e14" />
      <TestMethod codeBase="C:\agent\_work\8\s\TestProjectWON\bin\Release\TestProjectWON.dll" adapterTypeName="executor://mstestadapter/v1" className="TestProjectWON.UnitTest1" name="TestMethod525" />
    </UnitTest>
    <UnitTest name="TestMethod241" storage="c:\agent\_work\8\s\testprojectwon\bin\release\testprojectwon.dll" id="e420af2e-a5a3-9089-0a8f-66e455f4e5c8">
      <Execution id="f96384c9-7b63-4caf-ad04-0b23cbbd0213" />
      <TestMethod codeBase="C:\agent\_work\8\s\TestProjectWON\bin\Release\TestProjectWON.dll" adapterTypeName="executor://mstestadapter/v1" className="TestProjectWON.UnitTest1" name="TestMethod241" />
    </UnitTest>
    <UnitTest name="TestMethod361" storage="c:\agent\_work\8\s\testprojectwon\bin\release\testprojectwon.dll" id="6d744b39-535d-b171-cdba-89a61515c153">
      <Execution id="28ca6adf-ee2e-433d-b58b-247270756898" />
      <TestMethod codeBase="C:\agent\_work\8\s\TestProjectWON\bin\Release\TestProjectWON.dll" adapterTypeName="executor://mstestadapter/v1" className="TestProjectWON.UnitTest1" name="TestMethod361" />
    </UnitTest>
    <UnitTest name="TestMethod847" storage="c:\agent\_work\8\s\testprojectwon\bin\release\testprojectwon.dll" id="44559b3b-4bc0-9b19-46d5-68aa01a0837e">
      <Execution id="f716df68-0208-46b8-8984-ad8555472afb" />
      <TestMethod codeBase="C:\agent\_work\8\s\TestProjectWON\bin\Release\TestProjectWON.dll" adapterTypeName="executor://mstestadapter/v1" className="TestProjectWON.UnitTest1" name="TestMethod847" />
    </UnitTest>
    <UnitTest name="TestMethod649" storage="c:\agent\_work\8\s\testprojectwon\bin\release\testprojectwon.dll" id="73b680b6-4651-48a5-18e1-a991cb04485e">
      <Execution id="e7951811-2d1d-4b26-8dea-6c747bf84f7a" />
      <TestMethod codeBase="C:\agent\_work\8\s\TestProjectWON\bin\Release\TestProjectWON.dll" adapterTypeName="executor://mstestadapter/v1" className="TestProjectWON.UnitTest1" name="TestMethod649" />
    </UnitTest>
    <UnitTest name="TestMethod996" storage="c:\agent\_work\8\s\testprojectwon\bin\release\testprojectwon.dll" id="335d1f61-b7f0-8369-7438-d9b8103c6046">
      <Execution id="cebb3877-b026-4b84-af0b-0f6d395dbc8e" />
      <TestMethod codeBase="C:\agent\_work\8\s\TestProjectWON\bin\Release\TestProjectWON.dll" adapterTypeName="executor://mstestadapter/v1" className="TestProjectWON.UnitTest1" name="TestMethod996" />
    </UnitTest>
    <UnitTest name="TestMethod72" storage="c:\agent\_work\8\s\testprojectwon\bin\release\testprojectwon.dll" id="79131899-3123-4cc0-aa77-5eb1f6caec1e">
      <Execution id="46dd0102-86fe-4780-8799-4f4ae7cfa6a0" />
      <TestMethod codeBase="C:\agent\_work\8\s\TestProjectWON\bin\Release\TestProjectWON.dll" adapterTypeName="executor://mstestadapter/v1" className="TestProjectWON.UnitTest1" name="TestMethod72" />
    </UnitTest>
    <UnitTest name="TestMethod585" storage="c:\agent\_work\8\s\testprojectwon\bin\release\testprojectwon.dll" id="4007acf6-6807-10a0-d3a3-32c9cbc0fb1b">
      <Execution id="66e95e14-fa12-4caf-a188-56bb8e974c51" />
      <TestMethod codeBase="C:\agent\_work\8\s\TestProjectWON\bin\Release\TestProjectWON.dll" adapterTypeName="executor://mstestadapter/v1" className="TestProjectWON.UnitTest1" name="TestMethod585" />
    </UnitTest>
    <UnitTest name="TestMethod738" storage="c:\agent\_work\8\s\testprojectwon\bin\release\testprojectwon.dll" id="f5d96dea-c7eb-1a86-7dcb-67ccaa68bfa3">
      <Execution id="a99ad14c-478f-4649-a3b3-b50a4ff66664" />
      <TestMethod codeBase="C:\agent\_work\8\s\TestProjectWON\bin\Release\TestProjectWON.dll" adapterTypeName="executor://mstestadapter/v1" className="TestProjectWON.UnitTest1" name="TestMethod738" />
    </UnitTest>
    <UnitTest name="TestMethod793" storage="c:\agent\_work\8\s\testprojectwon\bin\release\testprojectwon.dll" id="ef12d427-79fb-6de9-e6db-c097fb2706b4">
      <Execution id="0c35a1f2-10a6-4256-ab4b-16a78df93729" />
      <TestMethod codeBase="C:\agent\_work\8\s\TestProjectWON\bin\Release\TestProjectWON.dll" adapterTypeName="executor://mstestadapter/v1" className="TestProjectWON.UnitTest1" name="TestMethod793" />
    </UnitTest>
    <UnitTest name="TestMethod190" storage="c:\agent\_work\8\s\testprojectwon\bin\release\testprojectwon.dll" id="85103077-a2c9-9fe0-35a6-e2accaefe0dc">
      <Execution id="86b4ca88-54fa-4aa1-b0fa-f4ac86ec599f" />
      <TestMethod codeBase="C:\agent\_work\8\s\TestProjectWON\bin\Release\TestProjectWON.dll" adapterTypeName="executor://mstestadapter/v1" className="TestProjectWON.UnitTest1" name="TestMethod190" />
    </UnitTest>
    <UnitTest name="TestMethod434" storage="c:\agent\_work\8\s\testprojectwon\bin\release\testprojectwon.dll" id="f852f7cb-14d1-d79d-ca12-717fd583929c">
      <Execution id="3118b8ec-9942-4df7-bcc6-74f33baf862c" />
      <TestMethod codeBase="C:\agent\_work\8\s\TestProjectWON\bin\Release\TestProjectWON.dll" adapterTypeName="executor://mstestadapter/v1" className="TestProjectWON.UnitTest1" name="TestMethod434" />
    </UnitTest>
    <UnitTest name="TestMethod56" storage="c:\agent\_work\8\s\testprojectwon\bin\release\testprojectwon.dll" id="5fbe0d69-d94a-6f4a-ffd3-2faae51408c7">
      <Execution id="554a4970-f768-4277-bdc1-de225f17cdff" />
      <TestMethod codeBase="C:\agent\_work\8\s\TestProjectWON\bin\Release\TestProjectWON.dll" adapterTypeName="executor://mstestadapter/v1" className="TestProjectWON.UnitTest1" name="TestMethod56" />
    </UnitTest>
    <UnitTest name="TestMethod55" storage="c:\agent\_work\8\s\testprojectwon\bin\release\testprojectwon.dll" id="9409b05b-2514-07c8-2b83-2171d216f20b">
      <Execution id="ffbe5e6a-eb99-456a-b1c7-126e02c0e97e" />
      <TestMethod codeBase="C:\agent\_work\8\s\TestProjectWON\bin\Release\TestProjectWON.dll" adapterTypeName="executor://mstestadapter/v1" className="TestProjectWON.UnitTest1" name="TestMethod55" />
    </UnitTest>
    <UnitTest name="TestMethod512" storage="c:\agent\_work\8\s\testprojectwon\bin\release\testprojectwon.dll" id="5ca335a4-1c06-7672-db8c-7ad200989c3c">
      <Execution id="800e547a-ecb9-4479-80c3-19fe43f818a2" />
      <TestMethod codeBase="C:\agent\_work\8\s\TestProjectWON\bin\Release\TestProjectWON.dll" adapterTypeName="executor://mstestadapter/v1" className="TestProjectWON.UnitTest1" name="TestMethod512" />
    </UnitTest>
    <UnitTest name="TestMethod615" storage="c:\agent\_work\8\s\testprojectwon\bin\release\testprojectwon.dll" id="5ee6d11f-092e-0ef4-fdfd-3cce1d9a2396">
      <Execution id="7f3f9e88-c926-4b3f-a8e8-d1553fab7297" />
      <TestMethod codeBase="C:\agent\_work\8\s\TestProjectWON\bin\Release\TestProjectWON.dll" adapterTypeName="executor://mstestadapter/v1" className="TestProjectWON.UnitTest1" name="TestMethod615" />
    </UnitTest>
    <UnitTest name="TestMethod297" storage="c:\agent\_work\8\s\testprojectwon\bin\release\testprojectwon.dll" id="65a34207-9861-c25d-baf5-138e5797b103">
      <Execution id="e6587ee7-93c0-4a9e-836a-8a4439f1534f" />
      <TestMethod codeBase="C:\agent\_work\8\s\TestProjectWON\bin\Release\TestProjectWON.dll" adapterTypeName="executor://mstestadapter/v1" className="TestProjectWON.UnitTest1" name="TestMethod297" />
    </UnitTest>
    <UnitTest name="TestMethod699" storage="c:\agent\_work\8\s\testprojectwon\bin\release\testprojectwon.dll" id="98d02439-5e15-64fc-4bb1-49fcc6e0af98">
      <Execution id="59bcb8be-ddaf-47da-bfd1-45aa4252f94e" />
      <TestMethod codeBase="C:\agent\_work\8\s\TestProjectWON\bin\Release\TestProjectWON.dll" adapterTypeName="executor://mstestadapter/v1" className="TestProjectWON.UnitTest1" name="TestMethod699" />
    </UnitTest>
    <UnitTest name="TestMethod882" storage="c:\agent\_work\8\s\testprojectwon\bin\release\testprojectwon.dll" id="a35c942d-6895-a795-6eca-0a93ecbe39ce">
      <Execution id="4ec29dfd-cd2b-4608-b574-33aa3573526a" />
      <TestMethod codeBase="C:\agent\_work\8\s\TestProjectWON\bin\Release\TestProjectWON.dll" adapterTypeName="executor://mstestadapter/v1" className="TestProjectWON.UnitTest1" name="TestMethod882" />
    </UnitTest>
    <UnitTest name="TestMethod183" storage="c:\agent\_work\8\s\testprojectwon\bin\release\testprojectwon.dll" id="fc9af01d-bb69-334d-53e5-8f18885bed01">
      <Execution id="8b06be6f-2678-4758-ba19-5af75bd7c262" />
      <TestMethod codeBase="C:\agent\_work\8\s\TestProjectWON\bin\Release\TestProjectWON.dll" adapterTypeName="executor://mstestadapter/v1" className="TestProjectWON.UnitTest1" name="TestMethod183" />
    </UnitTest>
    <UnitTest name="TestMethod454" storage="c:\agent\_work\8\s\testprojectwon\bin\release\testprojectwon.dll" id="45d5d672-2494-523f-3667-f6a15831b673">
      <Execution id="34679ded-0c51-4a4a-896c-56c0526f40f8" />
      <TestMethod codeBase="C:\agent\_work\8\s\TestProjectWON\bin\Release\TestProjectWON.dll" adapterTypeName="executor://mstestadapter/v1" className="TestProjectWON.UnitTest1" name="TestMethod454" />
    </UnitTest>
    <UnitTest name="TestMethod354" storage="c:\agent\_work\8\s\testprojectwon\bin\release\testprojectwon.dll" id="e686ecec-df6b-cc83-74a3-95140c17e2f4">
      <Execution id="db16814a-9fe1-4c2b-b699-889dca8e43ed" />
      <TestMethod codeBase="C:\agent\_work\8\s\TestProjectWON\bin\Release\TestProjectWON.dll" adapterTypeName="executor://mstestadapter/v1" className="TestProjectWON.UnitTest1" name="TestMethod354" />
    </UnitTest>
    <UnitTest name="TestMethod885" storage="c:\agent\_work\8\s\testprojectwon\bin\release\testprojectwon.dll" id="a6bcb73f-80a6-d871-8660-62ffee7a7f84">
      <Execution id="73a57049-70e3-420c-9e2c-e8126aa1bac7" />
      <TestMethod codeBase="C:\agent\_work\8\s\TestProjectWON\bin\Release\TestProjectWON.dll" adapterTypeName="executor://mstestadapter/v1" className="TestProjectWON.UnitTest1" name="TestMethod885" />
    </UnitTest>
    <UnitTest name="TestMethod925" storage="c:\agent\_work\8\s\testprojectwon\bin\release\testprojectwon.dll" id="45d623f8-350a-1c5f-cb90-032738afc629">
      <Execution id="3158cb74-db3a-44bb-be48-71840d216f1b" />
      <TestMethod codeBase="C:\agent\_work\8\s\TestProjectWON\bin\Release\TestProjectWON.dll" adapterTypeName="executor://mstestadapter/v1" className="TestProjectWON.UnitTest1" name="TestMethod925" />
    </UnitTest>
    <UnitTest name="TestMethod625" storage="c:\agent\_work\8\s\testprojectwon\bin\release\testprojectwon.dll" id="8aa507ca-7515-86e1-d354-cbe491f642e8">
      <Execution id="1bb15ad9-e166-4a3b-afa9-81fe35837dd8" />
      <TestMethod codeBase="C:\agent\_work\8\s\TestProjectWON\bin\Release\TestProjectWON.dll" adapterTypeName="executor://mstestadapter/v1" className="TestProjectWON.UnitTest1" name="TestMethod625" />
    </UnitTest>
    <UnitTest name="TestMethod695" storage="c:\agent\_work\8\s\testprojectwon\bin\release\testprojectwon.dll" id="14f25edb-1659-8f52-8b86-e51e32ee796f">
      <Execution id="2fdc7744-8bc2-43ce-983f-28013cd42c63" />
      <TestMethod codeBase="C:\agent\_work\8\s\TestProjectWON\bin\Release\TestProjectWON.dll" adapterTypeName="executor://mstestadapter/v1" className="TestProjectWON.UnitTest1" name="TestMethod695" />
    </UnitTest>
    <UnitTest name="TestMethod370" storage="c:\agent\_work\8\s\testprojectwon\bin\release\testprojectwon.dll" id="92bfaf0a-71f6-f6dd-44a1-ce078bb2ce09">
      <Execution id="0ed85576-9451-413a-a196-b688f7156f9a" />
      <TestMethod codeBase="C:\agent\_work\8\s\TestProjectWON\bin\Release\TestProjectWON.dll" adapterTypeName="executor://mstestadapter/v1" className="TestProjectWON.UnitTest1" name="TestMethod370" />
    </UnitTest>
    <UnitTest name="TestMethod702" storage="c:\agent\_work\8\s\testprojectwon\bin\release\testprojectwon.dll" id="1ec9a971-ccf7-6574-f711-75d27027d1b1">
      <Execution id="214f5dfa-e568-4648-8fa2-e81f0e097c67" />
      <TestMethod codeBase="C:\agent\_work\8\s\TestProjectWON\bin\Release\TestProjectWON.dll" adapterTypeName="executor://mstestadapter/v1" className="TestProjectWON.UnitTest1" name="TestMethod702" />
    </UnitTest>
    <UnitTest name="TestMethod723" storage="c:\agent\_work\8\s\testprojectwon\bin\release\testprojectwon.dll" id="3fe93b42-aaf2-57f6-1892-3c4a08441dc1">
      <Execution id="e8096809-c322-4ba8-8028-d6dbcbac07d2" />
      <TestMethod codeBase="C:\agent\_work\8\s\TestProjectWON\bin\Release\TestProjectWON.dll" adapterTypeName="executor://mstestadapter/v1" className="TestProjectWON.UnitTest1" name="TestMethod723" />
    </UnitTest>
    <UnitTest name="TestMethod181" storage="c:\agent\_work\8\s\testprojectwon\bin\release\testprojectwon.dll" id="dbee600a-43b3-1f1d-cc85-07a8ccebdcdf">
      <Execution id="d5544b78-f553-4e4a-8768-22b077c1bb15" />
      <TestMethod codeBase="C:\agent\_work\8\s\TestProjectWON\bin\Release\TestProjectWON.dll" adapterTypeName="executor://mstestadapter/v1" className="TestProjectWON.UnitTest1" name="TestMethod181" />
    </UnitTest>
    <UnitTest name="TestMethod403" storage="c:\agent\_work\8\s\testprojectwon\bin\release\testprojectwon.dll" id="a9b63f00-74b0-6165-6ced-062d282317b1">
      <Execution id="ec21a0b2-0488-40bf-84cd-190cbfca881d" />
      <TestMethod codeBase="C:\agent\_work\8\s\TestProjectWON\bin\Release\TestProjectWON.dll" adapterTypeName="executor://mstestadapter/v1" className="TestProjectWON.UnitTest1" name="TestMethod403" />
    </UnitTest>
    <UnitTest name="TestMethod574" storage="c:\agent\_work\8\s\testprojectwon\bin\release\testprojectwon.dll" id="0e6cc107-c8fb-79d7-b16b-448e9915d30f">
      <Execution id="62e69d1c-410a-450d-b00d-dd01a0250d29" />
      <TestMethod codeBase="C:\agent\_work\8\s\TestProjectWON\bin\Release\TestProjectWON.dll" adapterTypeName="executor://mstestadapter/v1" className="TestProjectWON.UnitTest1" name="TestMethod574" />
    </UnitTest>
    <UnitTest name="TestMethod901" storage="c:\agent\_work\8\s\testprojectwon\bin\release\testprojectwon.dll" id="f0940c99-0c6a-0c0e-3491-b1b7a569c823">
      <Execution id="f96aec72-5af8-4ea9-a16e-51765ccdd7e4" />
      <TestMethod codeBase="C:\agent\_work\8\s\TestProjectWON\bin\Release\TestProjectWON.dll" adapterTypeName="executor://mstestadapter/v1" className="TestProjectWON.UnitTest1" name="TestMethod901" />
    </UnitTest>
    <UnitTest name="TestMethod711" storage="c:\agent\_work\8\s\testprojectwon\bin\release\testprojectwon.dll" id="c32958c4-2ff3-227c-18a5-c048e326503b">
      <Execution id="c9229f43-f26d-4b2f-bed7-7e0913015f2f" />
      <TestMethod codeBase="C:\agent\_work\8\s\TestProjectWON\bin\Release\TestProjectWON.dll" adapterTypeName="executor://mstestadapter/v1" className="TestProjectWON.UnitTest1" name="TestMethod711" />
    </UnitTest>
    <UnitTest name="TestMethod754" storage="c:\agent\_work\8\s\testprojectwon\bin\release\testprojectwon.dll" id="e4d83b6e-0f77-db97-f15f-cf453db67653">
      <Execution id="95d18132-6aef-45f1-9b80-5a9dda465d49" />
      <TestMethod codeBase="C:\agent\_work\8\s\TestProjectWON\bin\Release\TestProjectWON.dll" adapterTypeName="executor://mstestadapter/v1" className="TestProjectWON.UnitTest1" name="TestMethod754" />
    </UnitTest>
    <UnitTest name="TestMethod153" storage="c:\agent\_work\8\s\testprojectwon\bin\release\testprojectwon.dll" id="b45e8f90-18e0-9f3b-9e1e-d9a9792c1737">
      <Execution id="3dd93884-a7a5-461d-a3c5-e32a87bc1d82" />
      <TestMethod codeBase="C:\agent\_work\8\s\TestProjectWON\bin\Release\TestProjectWON.dll" adapterTypeName="executor://mstestadapter/v1" className="TestProjectWON.UnitTest1" name="TestMethod153" />
    </UnitTest>
    <UnitTest name="TestMethod861" storage="c:\agent\_work\8\s\testprojectwon\bin\release\testprojectwon.dll" id="91668cbc-921d-9f80-0050-9289713a8523">
      <Execution id="366df20f-803a-4221-9944-7fbe81b7efc2" />
      <TestMethod codeBase="C:\agent\_work\8\s\TestProjectWON\bin\Release\TestProjectWON.dll" adapterTypeName="executor://mstestadapter/v1" className="TestProjectWON.UnitTest1" name="TestMethod861" />
    </UnitTest>
    <UnitTest name="TestMethod963" storage="c:\agent\_work\8\s\testprojectwon\bin\release\testprojectwon.dll" id="55560052-a39a-825d-e9c8-739ebd549aa5">
      <Execution id="0c6c5a94-74a3-4911-b633-ad96d17a1083" />
      <TestMethod codeBase="C:\agent\_work\8\s\TestProjectWON\bin\Release\TestProjectWON.dll" adapterTypeName="executor://mstestadapter/v1" className="TestProjectWON.UnitTest1" name="TestMethod963" />
    </UnitTest>
    <UnitTest name="TestMethod426" storage="c:\agent\_work\8\s\testprojectwon\bin\release\testprojectwon.dll" id="b5651762-2a77-92f1-2245-3acae0a3a044">
      <Execution id="242d2288-f7be-4ade-84f4-288f553ad09e" />
      <TestMethod codeBase="C:\agent\_work\8\s\TestProjectWON\bin\Release\TestProjectWON.dll" adapterTypeName="executor://mstestadapter/v1" className="TestProjectWON.UnitTest1" name="TestMethod426" />
    </UnitTest>
    <UnitTest name="TestMethod602" storage="c:\agent\_work\8\s\testprojectwon\bin\release\testprojectwon.dll" id="c583de72-3f5a-0008-9118-e3b03fd1745a">
      <Execution id="a08efc49-fd9e-4ed9-be22-38664e06d643" />
      <TestMethod codeBase="C:\agent\_work\8\s\TestProjectWON\bin\Release\TestProjectWON.dll" adapterTypeName="executor://mstestadapter/v1" className="TestProjectWON.UnitTest1" name="TestMethod602" />
    </UnitTest>
    <UnitTest name="TestMethod978" storage="c:\agent\_work\8\s\testprojectwon\bin\release\testprojectwon.dll" id="bd2b47ca-d4c4-3db6-d24c-36dc83eb191c">
      <Execution id="4d005ddb-7488-4e99-9c36-c08dc2e2c119" />
      <TestMethod codeBase="C:\agent\_work\8\s\TestProjectWON\bin\Release\TestProjectWON.dll" adapterTypeName="executor://mstestadapter/v1" className="TestProjectWON.UnitTest1" name="TestMethod978" />
    </UnitTest>
    <UnitTest name="TestMethod627" storage="c:\agent\_work\8\s\testprojectwon\bin\release\testprojectwon.dll" id="48b9364a-166a-d450-57f5-c643897234ab">
      <Execution id="6b0b2e3c-342e-4ae3-9207-793d72b8050f" />
      <TestMethod codeBase="C:\agent\_work\8\s\TestProjectWON\bin\Release\TestProjectWON.dll" adapterTypeName="executor://mstestadapter/v1" className="TestProjectWON.UnitTest1" name="TestMethod627" />
    </UnitTest>
    <UnitTest name="TestMethod921" storage="c:\agent\_work\8\s\testprojectwon\bin\release\testprojectwon.dll" id="cdb1b06a-ede8-fa7c-7412-d384b4ec55e0">
      <Execution id="ab95d2be-c130-40c0-be3e-22293654b80f" />
      <TestMethod codeBase="C:\agent\_work\8\s\TestProjectWON\bin\Release\TestProjectWON.dll" adapterTypeName="executor://mstestadapter/v1" className="TestProjectWON.UnitTest1" name="TestMethod921" />
    </UnitTest>
    <UnitTest name="TestMethod219" storage="c:\agent\_work\8\s\testprojectwon\bin\release\testprojectwon.dll" id="0fdf1917-368f-2ffc-0263-de0cffd5016e">
      <Execution id="320c6118-9540-4031-9454-3c4aa9b17348" />
      <TestMethod codeBase="C:\agent\_work\8\s\TestProjectWON\bin\Release\TestProjectWON.dll" adapterTypeName="executor://mstestadapter/v1" className="TestProjectWON.UnitTest1" name="TestMethod219" />
    </UnitTest>
    <UnitTest name="TestMethod68" storage="c:\agent\_work\8\s\testprojectwon\bin\release\testprojectwon.dll" id="7fc6826c-87db-5ff0-61d5-9f5afa16c335">
      <Execution id="367dfcf3-12c7-4358-b9c2-0a63f20ecd04" />
      <TestMethod codeBase="C:\agent\_work\8\s\TestProjectWON\bin\Release\TestProjectWON.dll" adapterTypeName="executor://mstestadapter/v1" className="TestProjectWON.UnitTest1" name="TestMethod68" />
    </UnitTest>
    <UnitTest name="TestMethod586" storage="c:\agent\_work\8\s\testprojectwon\bin\release\testprojectwon.dll" id="7a85750e-bcda-5c54-4171-18d39889e869">
      <Execution id="ed656183-927e-4475-aebf-90454d71c385" />
      <TestMethod codeBase="C:\agent\_work\8\s\TestProjectWON\bin\Release\TestProjectWON.dll" adapterTypeName="executor://mstestadapter/v1" className="TestProjectWON.UnitTest1" name="TestMethod586" />
    </UnitTest>
    <UnitTest name="TestMethod824" storage="c:\agent\_work\8\s\testprojectwon\bin\release\testprojectwon.dll" id="b0434887-dfe7-2162-06e6-63d560525e39">
      <Execution id="1d55a069-b012-46a9-a074-147a11c3202e" />
      <TestMethod codeBase="C:\agent\_work\8\s\TestProjectWON\bin\Release\TestProjectWON.dll" adapterTypeName="executor://mstestadapter/v1" className="TestProjectWON.UnitTest1" name="TestMethod824" />
    </UnitTest>
    <UnitTest name="TestMethod974" storage="c:\agent\_work\8\s\testprojectwon\bin\release\testprojectwon.dll" id="02162ec9-aaa4-c793-b608-760b19affd81">
      <Execution id="3a3d399a-0b07-42f3-9bbb-12331352ec81" />
      <TestMethod codeBase="C:\agent\_work\8\s\TestProjectWON\bin\Release\TestProjectWON.dll" adapterTypeName="executor://mstestadapter/v1" className="TestProjectWON.UnitTest1" name="TestMethod974" />
    </UnitTest>
    <UnitTest name="TestMethod90" storage="c:\agent\_work\8\s\testprojectwon\bin\release\testprojectwon.dll" id="cf0a29fe-1cc3-8d11-3f49-4cd9fbcd6ec4">
      <Execution id="b833c196-8bc7-433a-a33b-7cf366530fc7" />
      <TestMethod codeBase="C:\agent\_work\8\s\TestProjectWON\bin\Release\TestProjectWON.dll" adapterTypeName="executor://mstestadapter/v1" className="TestProjectWON.UnitTest1" name="TestMethod90" />
    </UnitTest>
    <UnitTest name="TestMethod389" storage="c:\agent\_work\8\s\testprojectwon\bin\release\testprojectwon.dll" id="9e5a279b-b204-4074-d4ac-7c9708d47756">
      <Execution id="d6ed1465-4a73-4b8d-9820-90192481a70e" />
      <TestMethod codeBase="C:\agent\_work\8\s\TestProjectWON\bin\Release\TestProjectWON.dll" adapterTypeName="executor://mstestadapter/v1" className="TestProjectWON.UnitTest1" name="TestMethod389" />
    </UnitTest>
    <UnitTest name="TestMethod842" storage="c:\agent\_work\8\s\testprojectwon\bin\release\testprojectwon.dll" id="432debbb-7891-744e-6ad0-c88119e78bf9">
      <Execution id="b374e2f6-1eed-4ea4-be10-f6eafc0e8c53" />
      <TestMethod codeBase="C:\agent\_work\8\s\TestProjectWON\bin\Release\TestProjectWON.dll" adapterTypeName="executor://mstestadapter/v1" className="TestProjectWON.UnitTest1" name="TestMethod842" />
    </UnitTest>
    <UnitTest name="TestMethod775" storage="c:\agent\_work\8\s\testprojectwon\bin\release\testprojectwon.dll" id="24537c5d-0e18-40d7-eccf-628595fc74d0">
      <Execution id="de5b2a9e-35e7-4f48-b8a6-7db7ee2175fd" />
      <TestMethod codeBase="C:\agent\_work\8\s\TestProjectWON\bin\Release\TestProjectWON.dll" adapterTypeName="executor://mstestadapter/v1" className="TestProjectWON.UnitTest1" name="TestMethod775" />
    </UnitTest>
    <UnitTest name="TestMethod242" storage="c:\agent\_work\8\s\testprojectwon\bin\release\testprojectwon.dll" id="081c4343-a198-b1eb-f580-496229767456">
      <Execution id="a1cf4d2f-4cc6-4413-b7ef-e56e998bcd4b" />
      <TestMethod codeBase="C:\agent\_work\8\s\TestProjectWON\bin\Release\TestProjectWON.dll" adapterTypeName="executor://mstestadapter/v1" className="TestProjectWON.UnitTest1" name="TestMethod242" />
    </UnitTest>
    <UnitTest name="TestMethod630" storage="c:\agent\_work\8\s\testprojectwon\bin\release\testprojectwon.dll" id="d1521016-7342-eb65-15b1-670778bb0de9">
      <Execution id="5ae02d8a-633e-4914-8577-2eb530f715f1" />
      <TestMethod codeBase="C:\agent\_work\8\s\TestProjectWON\bin\Release\TestProjectWON.dll" adapterTypeName="executor://mstestadapter/v1" className="TestProjectWON.UnitTest1" name="TestMethod630" />
    </UnitTest>
    <UnitTest name="TestMethod806" storage="c:\agent\_work\8\s\testprojectwon\bin\release\testprojectwon.dll" id="9b054699-5ac8-40ba-f6a8-7263e84ce177">
      <Execution id="a900882b-8205-4819-8cdd-761df515d39f" />
      <TestMethod codeBase="C:\agent\_work\8\s\TestProjectWON\bin\Release\TestProjectWON.dll" adapterTypeName="executor://mstestadapter/v1" className="TestProjectWON.UnitTest1" name="TestMethod806" />
    </UnitTest>
    <UnitTest name="TestMethod605" storage="c:\agent\_work\8\s\testprojectwon\bin\release\testprojectwon.dll" id="e3ba907c-c8d2-c790-74d2-dbc1ec56bea1">
      <Execution id="aff5d20b-af13-40ab-b4ed-29fca3c2800f" />
      <TestMethod codeBase="C:\agent\_work\8\s\TestProjectWON\bin\Release\TestProjectWON.dll" adapterTypeName="executor://mstestadapter/v1" className="TestProjectWON.UnitTest1" name="TestMethod605" />
    </UnitTest>
    <UnitTest name="TestMethod460" storage="c:\agent\_work\8\s\testprojectwon\bin\release\testprojectwon.dll" id="a18b5cb4-9266-5738-f79f-2fb24179d161">
      <Execution id="f91f9f1e-c9f1-4fdf-b90e-d9b168fd8a24" />
      <TestMethod codeBase="C:\agent\_work\8\s\TestProjectWON\bin\Release\TestProjectWON.dll" adapterTypeName="executor://mstestadapter/v1" className="TestProjectWON.UnitTest1" name="TestMethod460" />
    </UnitTest>
    <UnitTest name="TestMethod420" storage="c:\agent\_work\8\s\testprojectwon\bin\release\testprojectwon.dll" id="0b8253b0-363a-c10e-c92b-cb755c90922b">
      <Execution id="591fe340-50e4-4246-b7c8-d7498a0cfef8" />
      <TestMethod codeBase="C:\agent\_work\8\s\TestProjectWON\bin\Release\TestProjectWON.dll" adapterTypeName="executor://mstestadapter/v1" className="TestProjectWON.UnitTest1" name="TestMethod420" />
    </UnitTest>
    <UnitTest name="TestMethod868" storage="c:\agent\_work\8\s\testprojectwon\bin\release\testprojectwon.dll" id="971d7e09-432b-d6e7-75f9-b81bbb0116e4">
      <Execution id="83162802-c79f-4f36-b20b-23e71bdaf662" />
      <TestMethod codeBase="C:\agent\_work\8\s\TestProjectWON\bin\Release\TestProjectWON.dll" adapterTypeName="executor://mstestadapter/v1" className="TestProjectWON.UnitTest1" name="TestMethod868" />
    </UnitTest>
    <UnitTest name="TestMethod596" storage="c:\agent\_work\8\s\testprojectwon\bin\release\testprojectwon.dll" id="276bb85b-f75d-0230-e032-68ecfef53348">
      <Execution id="bb32c36e-0de9-46f1-9814-94a367346866" />
      <TestMethod codeBase="C:\agent\_work\8\s\TestProjectWON\bin\Release\TestProjectWON.dll" adapterTypeName="executor://mstestadapter/v1" className="TestProjectWON.UnitTest1" name="TestMethod596" />
    </UnitTest>
    <UnitTest name="TestMethod647" storage="c:\agent\_work\8\s\testprojectwon\bin\release\testprojectwon.dll" id="5e65393c-9ef4-eb3c-77a0-b94e35a5390b">
      <Execution id="5da0c405-b753-49bf-af9d-067df93dfdba" />
      <TestMethod codeBase="C:\agent\_work\8\s\TestProjectWON\bin\Release\TestProjectWON.dll" adapterTypeName="executor://mstestadapter/v1" className="TestProjectWON.UnitTest1" name="TestMethod647" />
    </UnitTest>
    <UnitTest name="TestMethod713" storage="c:\agent\_work\8\s\testprojectwon\bin\release\testprojectwon.dll" id="7768534f-3a50-2837-2cf8-d7b19ea18fad">
      <Execution id="7927c671-99c0-459c-8608-6a7564021b98" />
      <TestMethod codeBase="C:\agent\_work\8\s\TestProjectWON\bin\Release\TestProjectWON.dll" adapterTypeName="executor://mstestadapter/v1" className="TestProjectWON.UnitTest1" name="TestMethod713" />
    </UnitTest>
    <UnitTest name="TestMethod747" storage="c:\agent\_work\8\s\testprojectwon\bin\release\testprojectwon.dll" id="0a41b63f-4f9c-855e-d21e-780bec75c16f">
      <Execution id="5abd036f-39aa-4101-a036-c0ce4caafcf4" />
      <TestMethod codeBase="C:\agent\_work\8\s\TestProjectWON\bin\Release\TestProjectWON.dll" adapterTypeName="executor://mstestadapter/v1" className="TestProjectWON.UnitTest1" name="TestMethod747" />
    </UnitTest>
    <UnitTest name="TestMethod857" storage="c:\agent\_work\8\s\testprojectwon\bin\release\testprojectwon.dll" id="4765fad6-3a2e-3331-c764-b27e0bb9a9e9">
      <Execution id="0baa58be-887d-4016-b9f5-31d4efca0e59" />
      <TestMethod codeBase="C:\agent\_work\8\s\TestProjectWON\bin\Release\TestProjectWON.dll" adapterTypeName="executor://mstestadapter/v1" className="TestProjectWON.UnitTest1" name="TestMethod857" />
    </UnitTest>
    <UnitTest name="TestMethod137" storage="c:\agent\_work\8\s\testprojectwon\bin\release\testprojectwon.dll" id="45a163be-f6fb-02de-a2cc-6dec2a644136">
      <Execution id="ab320afa-9dd0-4194-927c-19d883da07b6" />
      <TestMethod codeBase="C:\agent\_work\8\s\TestProjectWON\bin\Release\TestProjectWON.dll" adapterTypeName="executor://mstestadapter/v1" className="TestProjectWON.UnitTest1" name="TestMethod137" />
    </UnitTest>
    <UnitTest name="TestMethod631" storage="c:\agent\_work\8\s\testprojectwon\bin\release\testprojectwon.dll" id="e9ba6ba3-1864-d31d-1f8b-42363b1799b7">
      <Execution id="51d3bf4a-3b3e-483f-90a7-2680c05c811a" />
      <TestMethod codeBase="C:\agent\_work\8\s\TestProjectWON\bin\Release\TestProjectWON.dll" adapterTypeName="executor://mstestadapter/v1" className="TestProjectWON.UnitTest1" name="TestMethod631" />
    </UnitTest>
    <UnitTest name="TestMethod196" storage="c:\agent\_work\8\s\testprojectwon\bin\release\testprojectwon.dll" id="0c7ef904-cfe7-9cf8-72d5-ccec5e30c41d">
      <Execution id="ea281ecd-b790-47f8-9d14-f24ef6371b0c" />
      <TestMethod codeBase="C:\agent\_work\8\s\TestProjectWON\bin\Release\TestProjectWON.dll" adapterTypeName="executor://mstestadapter/v1" className="TestProjectWON.UnitTest1" name="TestMethod196" />
    </UnitTest>
    <UnitTest name="TestMethod132" storage="c:\agent\_work\8\s\testprojectwon\bin\release\testprojectwon.dll" id="7ce80341-55f6-358e-4924-3022b6d4e9af">
      <Execution id="6a18c85c-efea-4c13-b0d9-4eaae4396102" />
      <TestMethod codeBase="C:\agent\_work\8\s\TestProjectWON\bin\Release\TestProjectWON.dll" adapterTypeName="executor://mstestadapter/v1" className="TestProjectWON.UnitTest1" name="TestMethod132" />
    </UnitTest>
    <UnitTest name="TestMethod92" storage="c:\agent\_work\8\s\testprojectwon\bin\release\testprojectwon.dll" id="12cd2caf-a4f5-514c-d102-b8f1d0673990">
      <Execution id="d06f03df-4595-419d-82ed-0239cb5a2688" />
      <TestMethod codeBase="C:\agent\_work\8\s\TestProjectWON\bin\Release\TestProjectWON.dll" adapterTypeName="executor://mstestadapter/v1" className="TestProjectWON.UnitTest1" name="TestMethod92" />
    </UnitTest>
    <UnitTest name="TestMethod604" storage="c:\agent\_work\8\s\testprojectwon\bin\release\testprojectwon.dll" id="225c1221-23ca-3f97-5645-e808e340bd1d">
      <Execution id="f716f750-1395-408d-bf23-7261f5550e4e" />
      <TestMethod codeBase="C:\agent\_work\8\s\TestProjectWON\bin\Release\TestProjectWON.dll" adapterTypeName="executor://mstestadapter/v1" className="TestProjectWON.UnitTest1" name="TestMethod604" />
    </UnitTest>
    <UnitTest name="TestMethod504" storage="c:\agent\_work\8\s\testprojectwon\bin\release\testprojectwon.dll" id="8e0d827a-62ed-29f7-f5f7-ff36cac16e16">
      <Execution id="9d4999a1-f03a-45c4-83aa-7a76808bab3a" />
      <TestMethod codeBase="C:\agent\_work\8\s\TestProjectWON\bin\Release\TestProjectWON.dll" adapterTypeName="executor://mstestadapter/v1" className="TestProjectWON.UnitTest1" name="TestMethod504" />
    </UnitTest>
    <UnitTest name="TestMethod298" storage="c:\agent\_work\8\s\testprojectwon\bin\release\testprojectwon.dll" id="95153146-13fc-bc7b-d4b8-86fb2027dcc5">
      <Execution id="2bf8bbd9-a4fd-4239-912a-28808210570e" />
      <TestMethod codeBase="C:\agent\_work\8\s\TestProjectWON\bin\Release\TestProjectWON.dll" adapterTypeName="executor://mstestadapter/v1" className="TestProjectWON.UnitTest1" name="TestMethod298" />
    </UnitTest>
    <UnitTest name="TestMethod390" storage="c:\agent\_work\8\s\testprojectwon\bin\release\testprojectwon.dll" id="fe4f30bc-1fdf-6114-5b9c-983da7a4cd3b">
      <Execution id="3b60f207-6a48-46d7-8744-43c9b0ffc4e8" />
      <TestMethod codeBase="C:\agent\_work\8\s\TestProjectWON\bin\Release\TestProjectWON.dll" adapterTypeName="executor://mstestadapter/v1" className="TestProjectWON.UnitTest1" name="TestMethod390" />
    </UnitTest>
    <UnitTest name="TestMethod698" storage="c:\agent\_work\8\s\testprojectwon\bin\release\testprojectwon.dll" id="2a1b2d09-aa49-1747-aa14-324838e92e77">
      <Execution id="98f3f2cb-7fb7-45ac-a458-20d55b933338" />
      <TestMethod codeBase="C:\agent\_work\8\s\TestProjectWON\bin\Release\TestProjectWON.dll" adapterTypeName="executor://mstestadapter/v1" className="TestProjectWON.UnitTest1" name="TestMethod698" />
    </UnitTest>
    <UnitTest name="TestMethod443" storage="c:\agent\_work\8\s\testprojectwon\bin\release\testprojectwon.dll" id="12ee6ab1-47bd-c6cf-ae6d-005d95b3940a">
      <Execution id="365d95af-657c-4864-a6a9-728d67999758" />
      <TestMethod codeBase="C:\agent\_work\8\s\TestProjectWON\bin\Release\TestProjectWON.dll" adapterTypeName="executor://mstestadapter/v1" className="TestProjectWON.UnitTest1" name="TestMethod443" />
    </UnitTest>
    <UnitTest name="TestMethod378" storage="c:\agent\_work\8\s\testprojectwon\bin\release\testprojectwon.dll" id="5903569d-1f5b-764e-2535-cf2f3d080f13">
      <Execution id="7fc6704b-8678-4c5a-828e-a9aed688f8b5" />
      <TestMethod codeBase="C:\agent\_work\8\s\TestProjectWON\bin\Release\TestProjectWON.dll" adapterTypeName="executor://mstestadapter/v1" className="TestProjectWON.UnitTest1" name="TestMethod378" />
    </UnitTest>
    <UnitTest name="TestMethod732" storage="c:\agent\_work\8\s\testprojectwon\bin\release\testprojectwon.dll" id="b48dddd2-4e1b-3a04-70a3-4c778c56c09b">
      <Execution id="4620a0df-9fd5-4b52-b07d-bb0ee34a31d6" />
      <TestMethod codeBase="C:\agent\_work\8\s\TestProjectWON\bin\Release\TestProjectWON.dll" adapterTypeName="executor://mstestadapter/v1" className="TestProjectWON.UnitTest1" name="TestMethod732" />
    </UnitTest>
    <UnitTest name="TestMethod280" storage="c:\agent\_work\8\s\testprojectwon\bin\release\testprojectwon.dll" id="c143949d-f9d9-b922-e78b-b604ed749662">
      <Execution id="91fa51e7-0731-4217-a00d-e56471367431" />
      <TestMethod codeBase="C:\agent\_work\8\s\TestProjectWON\bin\Release\TestProjectWON.dll" adapterTypeName="executor://mstestadapter/v1" className="TestProjectWON.UnitTest1" name="TestMethod280" />
    </UnitTest>
    <UnitTest name="TestMethod333" storage="c:\agent\_work\8\s\testprojectwon\bin\release\testprojectwon.dll" id="1f1315c1-a6d0-5528-a7a2-bd280e0f1b90">
      <Execution id="2728a3c0-c4f0-46c2-925f-27acef5067ac" />
      <TestMethod codeBase="C:\agent\_work\8\s\TestProjectWON\bin\Release\TestProjectWON.dll" adapterTypeName="executor://mstestadapter/v1" className="TestProjectWON.UnitTest1" name="TestMethod333" />
    </UnitTest>
    <UnitTest name="TestMethod897" storage="c:\agent\_work\8\s\testprojectwon\bin\release\testprojectwon.dll" id="3d21482f-835c-b4c0-4610-12e0db389ba6">
      <Execution id="bd64dc91-c3ec-40a9-a6a5-bace1bccf537" />
      <TestMethod codeBase="C:\agent\_work\8\s\TestProjectWON\bin\Release\TestProjectWON.dll" adapterTypeName="executor://mstestadapter/v1" className="TestProjectWON.UnitTest1" name="TestMethod897" />
    </UnitTest>
    <UnitTest name="TestMethod268" storage="c:\agent\_work\8\s\testprojectwon\bin\release\testprojectwon.dll" id="24d246a1-d992-e6f0-a37e-a3955455c9c0">
      <Execution id="5d8f097f-374e-4ad9-9a51-991a950ee4b3" />
      <TestMethod codeBase="C:\agent\_work\8\s\TestProjectWON\bin\Release\TestProjectWON.dll" adapterTypeName="executor://mstestadapter/v1" className="TestProjectWON.UnitTest1" name="TestMethod268" />
    </UnitTest>
    <UnitTest name="TestMethod887" storage="c:\agent\_work\8\s\testprojectwon\bin\release\testprojectwon.dll" id="8a11aa34-8d16-44d7-ca72-4c2ea9a83fb4">
      <Execution id="e7ec9686-19c1-4aa4-bf98-608d9329bea2" />
      <TestMethod codeBase="C:\agent\_work\8\s\TestProjectWON\bin\Release\TestProjectWON.dll" adapterTypeName="executor://mstestadapter/v1" className="TestProjectWON.UnitTest1" name="TestMethod887" />
    </UnitTest>
    <UnitTest name="TestMethod593" storage="c:\agent\_work\8\s\testprojectwon\bin\release\testprojectwon.dll" id="e06ffeba-d059-aca0-13bd-f641f573dee2">
      <Execution id="e7d7fbc7-7ce1-47b7-9fbf-212d375ca54f" />
      <TestMethod codeBase="C:\agent\_work\8\s\TestProjectWON\bin\Release\TestProjectWON.dll" adapterTypeName="executor://mstestadapter/v1" className="TestProjectWON.UnitTest1" name="TestMethod593" />
    </UnitTest>
    <UnitTest name="TestMethod13" storage="c:\agent\_work\8\s\testprojectwon\bin\release\testprojectwon.dll" id="d2bd055b-7295-0586-37a3-7855db628628">
      <Execution id="39ea1a69-581f-4da0-8009-6d81545b0076" />
      <TestMethod codeBase="C:\agent\_work\8\s\TestProjectWON\bin\Release\TestProjectWON.dll" adapterTypeName="executor://mstestadapter/v1" className="TestProjectWON.UnitTest1" name="TestMethod13" />
    </UnitTest>
    <UnitTest name="TestMethod279" storage="c:\agent\_work\8\s\testprojectwon\bin\release\testprojectwon.dll" id="99d16e8a-e6b9-9a08-7ee8-72896d051bf8">
      <Execution id="1dbe809a-41aa-4ba3-aad3-7483b715753e" />
      <TestMethod codeBase="C:\agent\_work\8\s\TestProjectWON\bin\Release\TestProjectWON.dll" adapterTypeName="executor://mstestadapter/v1" className="TestProjectWON.UnitTest1" name="TestMethod279" />
    </UnitTest>
    <UnitTest name="TestMethod398" storage="c:\agent\_work\8\s\testprojectwon\bin\release\testprojectwon.dll" id="99a2f1a1-2bde-2fc3-5c1c-13072625faa1">
      <Execution id="271d48dd-1ac2-4a52-9ce0-37ddf35a313d" />
      <TestMethod codeBase="C:\agent\_work\8\s\TestProjectWON\bin\Release\TestProjectWON.dll" adapterTypeName="executor://mstestadapter/v1" className="TestProjectWON.UnitTest1" name="TestMethod398" />
    </UnitTest>
    <UnitTest name="TestMethod736" storage="c:\agent\_work\8\s\testprojectwon\bin\release\testprojectwon.dll" id="2e1f8d7c-0d69-963e-a895-e1ab673267fe">
      <Execution id="56ea3e2e-723a-4135-ba1d-1bdb6a83379a" />
      <TestMethod codeBase="C:\agent\_work\8\s\TestProjectWON\bin\Release\TestProjectWON.dll" adapterTypeName="executor://mstestadapter/v1" className="TestProjectWON.UnitTest1" name="TestMethod736" />
    </UnitTest>
    <UnitTest name="TestMethod294" storage="c:\agent\_work\8\s\testprojectwon\bin\release\testprojectwon.dll" id="04f5279b-6d47-0d29-6d10-8c2864415e5b">
      <Execution id="73ec7c0e-e22a-4086-a71b-505565395754" />
      <TestMethod codeBase="C:\agent\_work\8\s\TestProjectWON\bin\Release\TestProjectWON.dll" adapterTypeName="executor://mstestadapter/v1" className="TestProjectWON.UnitTest1" name="TestMethod294" />
    </UnitTest>
    <UnitTest name="TestMethod139" storage="c:\agent\_work\8\s\testprojectwon\bin\release\testprojectwon.dll" id="f32dfad8-e70b-e0fc-2c9b-4e0e8b6d2822">
      <Execution id="2bdff454-83c8-4953-955a-1b1ab771e0b5" />
      <TestMethod codeBase="C:\agent\_work\8\s\TestProjectWON\bin\Release\TestProjectWON.dll" adapterTypeName="executor://mstestadapter/v1" className="TestProjectWON.UnitTest1" name="TestMethod139" />
    </UnitTest>
    <UnitTest name="TestMethod829" storage="c:\agent\_work\8\s\testprojectwon\bin\release\testprojectwon.dll" id="ea2d73f3-a9d0-7384-d8f2-f33a4cf80de9">
      <Execution id="ab083978-7590-4131-9bd9-6ed3d9b9e26f" />
      <TestMethod codeBase="C:\agent\_work\8\s\TestProjectWON\bin\Release\TestProjectWON.dll" adapterTypeName="executor://mstestadapter/v1" className="TestProjectWON.UnitTest1" name="TestMethod829" />
    </UnitTest>
    <UnitTest name="TestMethod365" storage="c:\agent\_work\8\s\testprojectwon\bin\release\testprojectwon.dll" id="200f387c-18e6-97b6-ef6c-78806d6bd886">
      <Execution id="08e2d1ea-ec97-4eaf-8bb5-0be7c83bf894" />
      <TestMethod codeBase="C:\agent\_work\8\s\TestProjectWON\bin\Release\TestProjectWON.dll" adapterTypeName="executor://mstestadapter/v1" className="TestProjectWON.UnitTest1" name="TestMethod365" />
    </UnitTest>
    <UnitTest name="TestMethod335" storage="c:\agent\_work\8\s\testprojectwon\bin\release\testprojectwon.dll" id="eab71995-96d9-0724-0d50-35ba2c7b42f2">
      <Execution id="4a2aca1f-6dfd-4bee-84b8-636669744672" />
      <TestMethod codeBase="C:\agent\_work\8\s\TestProjectWON\bin\Release\TestProjectWON.dll" adapterTypeName="executor://mstestadapter/v1" className="TestProjectWON.UnitTest1" name="TestMethod335" />
    </UnitTest>
    <UnitTest name="TestMethod430" storage="c:\agent\_work\8\s\testprojectwon\bin\release\testprojectwon.dll" id="9cd502ee-eed5-ccd6-eb9b-7e9d7d64a050">
      <Execution id="a4b61bf7-5871-453f-9bc3-6fbdd97799f5" />
      <TestMethod codeBase="C:\agent\_work\8\s\TestProjectWON\bin\Release\TestProjectWON.dll" adapterTypeName="executor://mstestadapter/v1" className="TestProjectWON.UnitTest1" name="TestMethod430" />
    </UnitTest>
    <UnitTest name="TestMethod171" storage="c:\agent\_work\8\s\testprojectwon\bin\release\testprojectwon.dll" id="ad7afb8c-d0ed-d077-ecf1-5c314afc821d">
      <Execution id="f5237af5-bf2a-4117-bc1f-24017cdd494c" />
      <TestMethod codeBase="C:\agent\_work\8\s\TestProjectWON\bin\Release\TestProjectWON.dll" adapterTypeName="executor://mstestadapter/v1" className="TestProjectWON.UnitTest1" name="TestMethod171" />
    </UnitTest>
    <UnitTest name="TestMethod888" storage="c:\agent\_work\8\s\testprojectwon\bin\release\testprojectwon.dll" id="b818cf98-eaf1-d68d-6b43-d90d63abd2ef">
      <Execution id="9ff254c0-80a2-420d-8188-79b0185b8397" />
      <TestMethod codeBase="C:\agent\_work\8\s\TestProjectWON\bin\Release\TestProjectWON.dll" adapterTypeName="executor://mstestadapter/v1" className="TestProjectWON.UnitTest1" name="TestMethod888" />
    </UnitTest>
    <UnitTest name="TestMethod739" storage="c:\agent\_work\8\s\testprojectwon\bin\release\testprojectwon.dll" id="083a62a8-ded7-fdce-514a-e35ef5ee70ad">
      <Execution id="a03b7375-db29-497f-bff2-84b9e43f8090" />
      <TestMethod codeBase="C:\agent\_work\8\s\TestProjectWON\bin\Release\TestProjectWON.dll" adapterTypeName="executor://mstestadapter/v1" className="TestProjectWON.UnitTest1" name="TestMethod739" />
    </UnitTest>
    <UnitTest name="TestMethod946" storage="c:\agent\_work\8\s\testprojectwon\bin\release\testprojectwon.dll" id="9d715704-5114-b932-199c-a93e76eef610">
      <Execution id="69a6587d-6b3f-44aa-a8a7-322e713c1dec" />
      <TestMethod codeBase="C:\agent\_work\8\s\TestProjectWON\bin\Release\TestProjectWON.dll" adapterTypeName="executor://mstestadapter/v1" className="TestProjectWON.UnitTest1" name="TestMethod946" />
    </UnitTest>
    <UnitTest name="TestMethod404" storage="c:\agent\_work\8\s\testprojectwon\bin\release\testprojectwon.dll" id="436ed558-28a7-09fa-f524-ca2806b39a9f">
      <Execution id="46a081f2-c6a9-43ec-86bd-b10bda832ba3" />
      <TestMethod codeBase="C:\agent\_work\8\s\TestProjectWON\bin\Release\TestProjectWON.dll" adapterTypeName="executor://mstestadapter/v1" className="TestProjectWON.UnitTest1" name="TestMethod404" />
    </UnitTest>
    <UnitTest name="TestMethod62" storage="c:\agent\_work\8\s\testprojectwon\bin\release\testprojectwon.dll" id="01823501-c211-fcf8-f3bc-3f1317bdb6c6">
      <Execution id="ad661582-1609-4e71-8cf0-1a8b8a0e5b95" />
      <TestMethod codeBase="C:\agent\_work\8\s\TestProjectWON\bin\Release\TestProjectWON.dll" adapterTypeName="executor://mstestadapter/v1" className="TestProjectWON.UnitTest1" name="TestMethod62" />
    </UnitTest>
    <UnitTest name="TestMethod927" storage="c:\agent\_work\8\s\testprojectwon\bin\release\testprojectwon.dll" id="8b6a8635-97ab-288f-6872-7cfdd4883d45">
      <Execution id="976176a4-7a27-4e3e-a748-2530f34d0737" />
      <TestMethod codeBase="C:\agent\_work\8\s\TestProjectWON\bin\Release\TestProjectWON.dll" adapterTypeName="executor://mstestadapter/v1" className="TestProjectWON.UnitTest1" name="TestMethod927" />
    </UnitTest>
    <UnitTest name="TestMethod355" storage="c:\agent\_work\8\s\testprojectwon\bin\release\testprojectwon.dll" id="f7c00f1c-dce6-4692-1330-b06238af2fde">
      <Execution id="e394a6b5-93dc-44ed-b734-0c69ea69f05e" />
      <TestMethod codeBase="C:\agent\_work\8\s\TestProjectWON\bin\Release\TestProjectWON.dll" adapterTypeName="executor://mstestadapter/v1" className="TestProjectWON.UnitTest1" name="TestMethod355" />
    </UnitTest>
    <UnitTest name="TestMethod688" storage="c:\agent\_work\8\s\testprojectwon\bin\release\testprojectwon.dll" id="118a898a-2297-4a5a-1659-18f02c717bf6">
      <Execution id="6dfac07b-b457-4f5b-84db-9bb752f8c19b" />
      <TestMethod codeBase="C:\agent\_work\8\s\TestProjectWON\bin\Release\TestProjectWON.dll" adapterTypeName="executor://mstestadapter/v1" className="TestProjectWON.UnitTest1" name="TestMethod688" />
    </UnitTest>
    <UnitTest name="TestMethod655" storage="c:\agent\_work\8\s\testprojectwon\bin\release\testprojectwon.dll" id="7be7807c-2f99-b2de-4e29-00a5159a25bb">
      <Execution id="29783f09-96b5-4cb2-9c4b-bb8e20e20c10" />
      <TestMethod codeBase="C:\agent\_work\8\s\TestProjectWON\bin\Release\TestProjectWON.dll" adapterTypeName="executor://mstestadapter/v1" className="TestProjectWON.UnitTest1" name="TestMethod655" />
    </UnitTest>
    <UnitTest name="TestMethod320" storage="c:\agent\_work\8\s\testprojectwon\bin\release\testprojectwon.dll" id="16461f5b-0e5e-ea5c-2a79-bfbc5a4609a0">
      <Execution id="76ba70db-5644-4004-ae64-3ad074cc3ebd" />
      <TestMethod codeBase="C:\agent\_work\8\s\TestProjectWON\bin\Release\TestProjectWON.dll" adapterTypeName="executor://mstestadapter/v1" className="TestProjectWON.UnitTest1" name="TestMethod320" />
    </UnitTest>
    <UnitTest name="TestMethod507" storage="c:\agent\_work\8\s\testprojectwon\bin\release\testprojectwon.dll" id="cbf64e51-6576-50d6-4267-120838d86343">
      <Execution id="7d5d5022-4149-4f8f-924d-9bcb88f8cd61" />
      <TestMethod codeBase="C:\agent\_work\8\s\TestProjectWON\bin\Release\TestProjectWON.dll" adapterTypeName="executor://mstestadapter/v1" className="TestProjectWON.UnitTest1" name="TestMethod507" />
    </UnitTest>
    <UnitTest name="TestMethod718" storage="c:\agent\_work\8\s\testprojectwon\bin\release\testprojectwon.dll" id="2de6f66f-9b25-100a-6e65-920119c0297f">
      <Execution id="fa3e6eb9-afff-46a8-a80b-85cf003c64d9" />
      <TestMethod codeBase="C:\agent\_work\8\s\TestProjectWON\bin\Release\TestProjectWON.dll" adapterTypeName="executor://mstestadapter/v1" className="TestProjectWON.UnitTest1" name="TestMethod718" />
    </UnitTest>
    <UnitTest name="TestMethod94" storage="c:\agent\_work\8\s\testprojectwon\bin\release\testprojectwon.dll" id="2a56e323-0d48-7dfa-4535-c7b28c438a56">
      <Execution id="abb36f94-bfa1-4614-bf04-874700828fb4" />
      <TestMethod codeBase="C:\agent\_work\8\s\TestProjectWON\bin\Release\TestProjectWON.dll" adapterTypeName="executor://mstestadapter/v1" className="TestProjectWON.UnitTest1" name="TestMethod94" />
    </UnitTest>
    <UnitTest name="TestMethod673" storage="c:\agent\_work\8\s\testprojectwon\bin\release\testprojectwon.dll" id="0b90b587-8a07-a415-5668-c92e433c53cf">
      <Execution id="80eed83a-809d-4d13-8a2f-ef0af70f45d8" />
      <TestMethod codeBase="C:\agent\_work\8\s\TestProjectWON\bin\Release\TestProjectWON.dll" adapterTypeName="executor://mstestadapter/v1" className="TestProjectWON.UnitTest1" name="TestMethod673" />
    </UnitTest>
    <UnitTest name="TestMethod733" storage="c:\agent\_work\8\s\testprojectwon\bin\release\testprojectwon.dll" id="172c2f67-22d9-0b21-9df9-f6d7bf27ac94">
      <Execution id="1fcbf129-d430-4ce7-a1a5-575e90376651" />
      <TestMethod codeBase="C:\agent\_work\8\s\TestProjectWON\bin\Release\TestProjectWON.dll" adapterTypeName="executor://mstestadapter/v1" className="TestProjectWON.UnitTest1" name="TestMethod733" />
    </UnitTest>
    <UnitTest name="TestMethod804" storage="c:\agent\_work\8\s\testprojectwon\bin\release\testprojectwon.dll" id="e306fc38-199a-64dd-ddf7-942344f09ad5">
      <Execution id="ffac67a8-995e-401d-ae86-b2ede0513dd5" />
      <TestMethod codeBase="C:\agent\_work\8\s\TestProjectWON\bin\Release\TestProjectWON.dll" adapterTypeName="executor://mstestadapter/v1" className="TestProjectWON.UnitTest1" name="TestMethod804" />
    </UnitTest>
    <UnitTest name="TestMethod447" storage="c:\agent\_work\8\s\testprojectwon\bin\release\testprojectwon.dll" id="fb50b0ec-bdc0-6133-0362-9315ff34d9c6">
      <Execution id="ca4373f2-569e-4ebb-b49f-a777d2054bd7" />
      <TestMethod codeBase="C:\agent\_work\8\s\TestProjectWON\bin\Release\TestProjectWON.dll" adapterTypeName="executor://mstestadapter/v1" className="TestProjectWON.UnitTest1" name="TestMethod447" />
    </UnitTest>
    <UnitTest name="TestMethod638" storage="c:\agent\_work\8\s\testprojectwon\bin\release\testprojectwon.dll" id="11bbc7aa-4d0a-2a54-64b8-d3063aafb9fc">
      <Execution id="d782d62c-3246-425f-85b9-d1a3c434dd74" />
      <TestMethod codeBase="C:\agent\_work\8\s\TestProjectWON\bin\Release\TestProjectWON.dll" adapterTypeName="executor://mstestadapter/v1" className="TestProjectWON.UnitTest1" name="TestMethod638" />
    </UnitTest>
    <UnitTest name="TestMethod836" storage="c:\agent\_work\8\s\testprojectwon\bin\release\testprojectwon.dll" id="af9cc299-f90c-d739-56f5-672fc39a6f96">
      <Execution id="2d776bf6-eafe-4251-a49d-4fdfad445a42" />
      <TestMethod codeBase="C:\agent\_work\8\s\TestProjectWON\bin\Release\TestProjectWON.dll" adapterTypeName="executor://mstestadapter/v1" className="TestProjectWON.UnitTest1" name="TestMethod836" />
    </UnitTest>
    <UnitTest name="TestMethod199" storage="c:\agent\_work\8\s\testprojectwon\bin\release\testprojectwon.dll" id="17b9ab62-6c99-d8aa-87e7-0359b7a7ab2f">
      <Execution id="d1f9d467-1552-45a1-9eb9-602ffd6c1c5a" />
      <TestMethod codeBase="C:\agent\_work\8\s\TestProjectWON\bin\Release\TestProjectWON.dll" adapterTypeName="executor://mstestadapter/v1" className="TestProjectWON.UnitTest1" name="TestMethod199" />
    </UnitTest>
    <UnitTest name="TestMethod556" storage="c:\agent\_work\8\s\testprojectwon\bin\release\testprojectwon.dll" id="aad36528-8d2a-1d3c-586a-4fb6d835d445">
      <Execution id="29e83f77-8fc6-4503-9c6c-748a6b56a703" />
      <TestMethod codeBase="C:\agent\_work\8\s\TestProjectWON\bin\Release\TestProjectWON.dll" adapterTypeName="executor://mstestadapter/v1" className="TestProjectWON.UnitTest1" name="TestMethod556" />
    </UnitTest>
    <UnitTest name="TestMethod123" storage="c:\agent\_work\8\s\testprojectwon\bin\release\testprojectwon.dll" id="e3444bb7-a660-f537-cb8c-fe8bebcfd07e">
      <Execution id="f647e473-d686-486b-a351-3daaec53c691" />
      <TestMethod codeBase="C:\agent\_work\8\s\TestProjectWON\bin\Release\TestProjectWON.dll" adapterTypeName="executor://mstestadapter/v1" className="TestProjectWON.UnitTest1" name="TestMethod123" />
    </UnitTest>
    <UnitTest name="TestMethod506" storage="c:\agent\_work\8\s\testprojectwon\bin\release\testprojectwon.dll" id="6d54fea5-eafd-7e61-b43b-22643abf3798">
      <Execution id="45eaafd7-53ce-4962-974a-688986ca5ac5" />
      <TestMethod codeBase="C:\agent\_work\8\s\TestProjectWON\bin\Release\TestProjectWON.dll" adapterTypeName="executor://mstestadapter/v1" className="TestProjectWON.UnitTest1" name="TestMethod506" />
    </UnitTest>
    <UnitTest name="TestMethod248" storage="c:\agent\_work\8\s\testprojectwon\bin\release\testprojectwon.dll" id="ccea9d13-a40c-5163-21a5-c1d7585383c5">
      <Execution id="c528a475-94a3-4112-8d6a-a17f4197660b" />
      <TestMethod codeBase="C:\agent\_work\8\s\TestProjectWON\bin\Release\TestProjectWON.dll" adapterTypeName="executor://mstestadapter/v1" className="TestProjectWON.UnitTest1" name="TestMethod248" />
    </UnitTest>
    <UnitTest name="TestMethod277" storage="c:\agent\_work\8\s\testprojectwon\bin\release\testprojectwon.dll" id="68b79cb8-5143-d0df-fd0c-6bdd07e7bc95">
      <Execution id="194a2d24-34f1-4b14-8ce2-1915a927e3ef" />
      <TestMethod codeBase="C:\agent\_work\8\s\TestProjectWON\bin\Release\TestProjectWON.dll" adapterTypeName="executor://mstestadapter/v1" className="TestProjectWON.UnitTest1" name="TestMethod277" />
    </UnitTest>
    <UnitTest name="TestMethod764" storage="c:\agent\_work\8\s\testprojectwon\bin\release\testprojectwon.dll" id="ccd8ed81-75a8-3df8-b4c7-975167e12a0b">
      <Execution id="1c107734-fd38-4ecb-9b8b-3c7013765259" />
      <TestMethod codeBase="C:\agent\_work\8\s\TestProjectWON\bin\Release\TestProjectWON.dll" adapterTypeName="executor://mstestadapter/v1" className="TestProjectWON.UnitTest1" name="TestMethod764" />
    </UnitTest>
    <UnitTest name="TestMethod107" storage="c:\agent\_work\8\s\testprojectwon\bin\release\testprojectwon.dll" id="dea86541-47a1-67e3-9027-ef590430b242">
      <Execution id="acb07c15-f8af-4a97-b312-edb3829988a5" />
      <TestMethod codeBase="C:\agent\_work\8\s\TestProjectWON\bin\Release\TestProjectWON.dll" adapterTypeName="executor://mstestadapter/v1" className="TestProjectWON.UnitTest1" name="TestMethod107" />
    </UnitTest>
    <UnitTest name="TestMethod267" storage="c:\agent\_work\8\s\testprojectwon\bin\release\testprojectwon.dll" id="e678ece6-3eae-ab5b-07e0-d2024658a7bd">
      <Execution id="c131dce3-ee3f-4f73-89a9-441855871cb6" />
      <TestMethod codeBase="C:\agent\_work\8\s\TestProjectWON\bin\Release\TestProjectWON.dll" adapterTypeName="executor://mstestadapter/v1" className="TestProjectWON.UnitTest1" name="TestMethod267" />
    </UnitTest>
    <UnitTest name="TestMethod24" storage="c:\agent\_work\8\s\testprojectwon\bin\release\testprojectwon.dll" id="20f99fd0-80df-b89a-accb-7db6e1941309">
      <Execution id="a737cee0-5c0c-4e97-b355-dca81440c122" />
      <TestMethod codeBase="C:\agent\_work\8\s\TestProjectWON\bin\Release\TestProjectWON.dll" adapterTypeName="executor://mstestadapter/v1" className="TestProjectWON.UnitTest1" name="TestMethod24" />
    </UnitTest>
    <UnitTest name="TestMethod795" storage="c:\agent\_work\8\s\testprojectwon\bin\release\testprojectwon.dll" id="4e7d0eed-3253-3a99-4b23-1e16e64a7cba">
      <Execution id="73596ccf-90b0-4379-8be0-55416848a4e0" />
      <TestMethod codeBase="C:\agent\_work\8\s\TestProjectWON\bin\Release\TestProjectWON.dll" adapterTypeName="executor://mstestadapter/v1" className="TestProjectWON.UnitTest1" name="TestMethod795" />
    </UnitTest>
    <UnitTest name="TestMethod435" storage="c:\agent\_work\8\s\testprojectwon\bin\release\testprojectwon.dll" id="f0e89428-5ab8-0c6f-22de-d15fca130bca">
      <Execution id="82fc57d7-29b4-4a21-8c96-4ec6f55983b4" />
      <TestMethod codeBase="C:\agent\_work\8\s\TestProjectWON\bin\Release\TestProjectWON.dll" adapterTypeName="executor://mstestadapter/v1" className="TestProjectWON.UnitTest1" name="TestMethod435" />
    </UnitTest>
    <UnitTest name="TestMethod676" storage="c:\agent\_work\8\s\testprojectwon\bin\release\testprojectwon.dll" id="d0d8381f-1212-f655-b7e8-da949ae6037a">
      <Execution id="2c665b4a-faab-4787-a646-ce957944220d" />
      <TestMethod codeBase="C:\agent\_work\8\s\TestProjectWON\bin\Release\TestProjectWON.dll" adapterTypeName="executor://mstestadapter/v1" className="TestProjectWON.UnitTest1" name="TestMethod676" />
    </UnitTest>
    <UnitTest name="TestMethod438" storage="c:\agent\_work\8\s\testprojectwon\bin\release\testprojectwon.dll" id="d887deae-a137-c36d-7b57-81b6e0173829">
      <Execution id="a182afb1-e793-46bc-90f8-c59164a7b5b3" />
      <TestMethod codeBase="C:\agent\_work\8\s\TestProjectWON\bin\Release\TestProjectWON.dll" adapterTypeName="executor://mstestadapter/v1" className="TestProjectWON.UnitTest1" name="TestMethod438" />
    </UnitTest>
    <UnitTest name="TestMethod59" storage="c:\agent\_work\8\s\testprojectwon\bin\release\testprojectwon.dll" id="edaf2d5a-d6de-d234-0de7-8249b2681bd2">
      <Execution id="1c04dace-b1f1-4dd2-a323-49a29b2e1cc5" />
      <TestMethod codeBase="C:\agent\_work\8\s\TestProjectWON\bin\Release\TestProjectWON.dll" adapterTypeName="executor://mstestadapter/v1" className="TestProjectWON.UnitTest1" name="TestMethod59" />
    </UnitTest>
    <UnitTest name="TestMethod642" storage="c:\agent\_work\8\s\testprojectwon\bin\release\testprojectwon.dll" id="9a8a7db4-bff1-00ce-a26f-afde98c5ed59">
      <Execution id="a48e1b7c-a932-4a4c-81d2-1f331f70610d" />
      <TestMethod codeBase="C:\agent\_work\8\s\TestProjectWON\bin\Release\TestProjectWON.dll" adapterTypeName="executor://mstestadapter/v1" className="TestProjectWON.UnitTest1" name="TestMethod642" />
    </UnitTest>
    <UnitTest name="TestMethod994" storage="c:\agent\_work\8\s\testprojectwon\bin\release\testprojectwon.dll" id="b0c4ea30-705a-8180-1155-ef335a3c3ef9">
      <Execution id="e9c45d62-d43f-4c66-af2f-6b4f4bacf923" />
      <TestMethod codeBase="C:\agent\_work\8\s\TestProjectWON\bin\Release\TestProjectWON.dll" adapterTypeName="executor://mstestadapter/v1" className="TestProjectWON.UnitTest1" name="TestMethod994" />
    </UnitTest>
    <UnitTest name="TestMethod227" storage="c:\agent\_work\8\s\testprojectwon\bin\release\testprojectwon.dll" id="22668868-cc5e-c587-36dd-f0bf4a7c2632">
      <Execution id="d9b06ead-29f8-4fce-a909-ae158592901e" />
      <TestMethod codeBase="C:\agent\_work\8\s\TestProjectWON\bin\Release\TestProjectWON.dll" adapterTypeName="executor://mstestadapter/v1" className="TestProjectWON.UnitTest1" name="TestMethod227" />
    </UnitTest>
    <UnitTest name="TestMethod533" storage="c:\agent\_work\8\s\testprojectwon\bin\release\testprojectwon.dll" id="fa8aae63-5ef0-a1a9-a31f-1d8503735aa9">
      <Execution id="ce597cb3-0f9d-4199-8d6a-4ae197346e6e" />
      <TestMethod codeBase="C:\agent\_work\8\s\TestProjectWON\bin\Release\TestProjectWON.dll" adapterTypeName="executor://mstestadapter/v1" className="TestProjectWON.UnitTest1" name="TestMethod533" />
    </UnitTest>
    <UnitTest name="TestMethod467" storage="c:\agent\_work\8\s\testprojectwon\bin\release\testprojectwon.dll" id="8d4113a8-c995-6e6e-f85e-33d277ba5ae2">
      <Execution id="82569f38-3382-4591-879f-d1c20770de5c" />
      <TestMethod codeBase="C:\agent\_work\8\s\TestProjectWON\bin\Release\TestProjectWON.dll" adapterTypeName="executor://mstestadapter/v1" className="TestProjectWON.UnitTest1" name="TestMethod467" />
    </UnitTest>
    <UnitTest name="TestMethod959" storage="c:\agent\_work\8\s\testprojectwon\bin\release\testprojectwon.dll" id="f514d079-8d06-ef5a-d94b-1dfe43410a52">
      <Execution id="1cea1f19-b9e2-48e5-8133-b9af01be112b" />
      <TestMethod codeBase="C:\agent\_work\8\s\TestProjectWON\bin\Release\TestProjectWON.dll" adapterTypeName="executor://mstestadapter/v1" className="TestProjectWON.UnitTest1" name="TestMethod959" />
    </UnitTest>
    <UnitTest name="TestMethod581" storage="c:\agent\_work\8\s\testprojectwon\bin\release\testprojectwon.dll" id="a0d73a5a-c44d-12f6-bc44-9638d2557ee9">
      <Execution id="20b2cfba-2e2e-41c1-a5b6-6aac2be60fba" />
      <TestMethod codeBase="C:\agent\_work\8\s\TestProjectWON\bin\Release\TestProjectWON.dll" adapterTypeName="executor://mstestadapter/v1" className="TestProjectWON.UnitTest1" name="TestMethod581" />
    </UnitTest>
    <UnitTest name="TestMethod276" storage="c:\agent\_work\8\s\testprojectwon\bin\release\testprojectwon.dll" id="eb744067-250a-ee63-6639-e001fa33b4bc">
      <Execution id="2aa3bfe3-e0b3-4d90-8282-81efa909eeb6" />
      <TestMethod codeBase="C:\agent\_work\8\s\TestProjectWON\bin\Release\TestProjectWON.dll" adapterTypeName="executor://mstestadapter/v1" className="TestProjectWON.UnitTest1" name="TestMethod276" />
    </UnitTest>
    <UnitTest name="TestMethod318" storage="c:\agent\_work\8\s\testprojectwon\bin\release\testprojectwon.dll" id="f0b458ee-2b69-2e64-be96-489c1b0a4027">
      <Execution id="d0909725-fb72-4361-a0d0-96a78dfe9a61" />
      <TestMethod codeBase="C:\agent\_work\8\s\TestProjectWON\bin\Release\TestProjectWON.dll" adapterTypeName="executor://mstestadapter/v1" className="TestProjectWON.UnitTest1" name="TestMethod318" />
    </UnitTest>
    <UnitTest name="TestMethod863" storage="c:\agent\_work\8\s\testprojectwon\bin\release\testprojectwon.dll" id="d8957df7-44d0-2bcf-4a49-340744d2af36">
      <Execution id="d7746e08-d462-456d-8421-3396b3e0c482" />
      <TestMethod codeBase="C:\agent\_work\8\s\TestProjectWON\bin\Release\TestProjectWON.dll" adapterTypeName="executor://mstestadapter/v1" className="TestProjectWON.UnitTest1" name="TestMethod863" />
    </UnitTest>
    <UnitTest name="TestMethod657" storage="c:\agent\_work\8\s\testprojectwon\bin\release\testprojectwon.dll" id="83a80bc6-1e32-c826-00c2-28009b2ec3e2">
      <Execution id="5a1b682d-012f-451a-8294-c0bc7d721979" />
      <TestMethod codeBase="C:\agent\_work\8\s\TestProjectWON\bin\Release\TestProjectWON.dll" adapterTypeName="executor://mstestadapter/v1" className="TestProjectWON.UnitTest1" name="TestMethod657" />
    </UnitTest>
    <UnitTest name="TestMethod480" storage="c:\agent\_work\8\s\testprojectwon\bin\release\testprojectwon.dll" id="cbede509-b876-03b4-7ce0-37197aa8b8a6">
      <Execution id="18f6a6a9-8820-4850-b906-29c814b7f511" />
      <TestMethod codeBase="C:\agent\_work\8\s\TestProjectWON\bin\Release\TestProjectWON.dll" adapterTypeName="executor://mstestadapter/v1" className="TestProjectWON.UnitTest1" name="TestMethod480" />
    </UnitTest>
    <UnitTest name="TestMethod169" storage="c:\agent\_work\8\s\testprojectwon\bin\release\testprojectwon.dll" id="c495359b-e650-62ae-1e2e-10b1193d4237">
      <Execution id="4f8d5abb-ac62-412b-8446-c31eda772664" />
      <TestMethod codeBase="C:\agent\_work\8\s\TestProjectWON\bin\Release\TestProjectWON.dll" adapterTypeName="executor://mstestadapter/v1" className="TestProjectWON.UnitTest1" name="TestMethod169" />
    </UnitTest>
    <UnitTest name="TestMethod709" storage="c:\agent\_work\8\s\testprojectwon\bin\release\testprojectwon.dll" id="e2b45cc5-4560-d33c-abf2-641bc0cfad99">
      <Execution id="794b1a6f-653d-4071-8634-aaf1659a248e" />
      <TestMethod codeBase="C:\agent\_work\8\s\TestProjectWON\bin\Release\TestProjectWON.dll" adapterTypeName="executor://mstestadapter/v1" className="TestProjectWON.UnitTest1" name="TestMethod709" />
    </UnitTest>
    <UnitTest name="TestMethod684" storage="c:\agent\_work\8\s\testprojectwon\bin\release\testprojectwon.dll" id="3042884a-806d-fdc5-f46f-21a0099720fb">
      <Execution id="c7d0b826-db9f-4d09-877c-8aeaddbbffa3" />
      <TestMethod codeBase="C:\agent\_work\8\s\TestProjectWON\bin\Release\TestProjectWON.dll" adapterTypeName="executor://mstestadapter/v1" className="TestProjectWON.UnitTest1" name="TestMethod684" />
    </UnitTest>
    <UnitTest name="TestMethod427" storage="c:\agent\_work\8\s\testprojectwon\bin\release\testprojectwon.dll" id="1f698a05-529f-0e53-b376-15637b69868e">
      <Execution id="be39e5e8-dc11-4686-b65a-04382d7c23e0" />
      <TestMethod codeBase="C:\agent\_work\8\s\TestProjectWON\bin\Release\TestProjectWON.dll" adapterTypeName="executor://mstestadapter/v1" className="TestProjectWON.UnitTest1" name="TestMethod427" />
    </UnitTest>
    <UnitTest name="TestMethod805" storage="c:\agent\_work\8\s\testprojectwon\bin\release\testprojectwon.dll" id="4e33757a-0531-d590-48ef-bbff20e5f652">
      <Execution id="68598181-14e1-4df2-8b63-06dc6273bafa" />
      <TestMethod codeBase="C:\agent\_work\8\s\TestProjectWON\bin\Release\TestProjectWON.dll" adapterTypeName="executor://mstestadapter/v1" className="TestProjectWON.UnitTest1" name="TestMethod805" />
    </UnitTest>
    <UnitTest name="TestMethod308" storage="c:\agent\_work\8\s\testprojectwon\bin\release\testprojectwon.dll" id="8ee528f4-ebe5-6d3f-e1f3-4d2b1e1cde4f">
      <Execution id="e976f685-0b2d-49e6-92ec-fecf5a1f3fe6" />
      <TestMethod codeBase="C:\agent\_work\8\s\TestProjectWON\bin\Release\TestProjectWON.dll" adapterTypeName="executor://mstestadapter/v1" className="TestProjectWON.UnitTest1" name="TestMethod308" />
    </UnitTest>
    <UnitTest name="TestMethod998" storage="c:\agent\_work\8\s\testprojectwon\bin\release\testprojectwon.dll" id="3cb191a3-f962-a2ab-322c-f22449c99113">
      <Execution id="28631ca7-a3e6-4609-aa8b-496963daa367" />
      <TestMethod codeBase="C:\agent\_work\8\s\TestProjectWON\bin\Release\TestProjectWON.dll" adapterTypeName="executor://mstestadapter/v1" className="TestProjectWON.UnitTest1" name="TestMethod998" />
    </UnitTest>
    <UnitTest name="TestMethod416" storage="c:\agent\_work\8\s\testprojectwon\bin\release\testprojectwon.dll" id="9a7cd02e-64e0-5f38-0fb0-0a349dd4e338">
      <Execution id="ebf8cd58-9d0c-4e67-9ec9-335ab8c1791d" />
      <TestMethod codeBase="C:\agent\_work\8\s\TestProjectWON\bin\Release\TestProjectWON.dll" adapterTypeName="executor://mstestadapter/v1" className="TestProjectWON.UnitTest1" name="TestMethod416" />
    </UnitTest>
    <UnitTest name="TestMethod851" storage="c:\agent\_work\8\s\testprojectwon\bin\release\testprojectwon.dll" id="3495fc58-67a7-a6f1-2c99-1760cf90ac7c">
      <Execution id="0f8663c7-047f-4dba-95ca-60efb7e465eb" />
      <TestMethod codeBase="C:\agent\_work\8\s\TestProjectWON\bin\Release\TestProjectWON.dll" adapterTypeName="executor://mstestadapter/v1" className="TestProjectWON.UnitTest1" name="TestMethod851" />
    </UnitTest>
    <UnitTest name="TestMethod799" storage="c:\agent\_work\8\s\testprojectwon\bin\release\testprojectwon.dll" id="04f9de18-4686-222a-0170-355135415b69">
      <Execution id="8a6b01a3-42c8-43e4-ac91-50ddc7160855" />
      <TestMethod codeBase="C:\agent\_work\8\s\TestProjectWON\bin\Release\TestProjectWON.dll" adapterTypeName="executor://mstestadapter/v1" className="TestProjectWON.UnitTest1" name="TestMethod799" />
    </UnitTest>
    <UnitTest name="TestMethod211" storage="c:\agent\_work\8\s\testprojectwon\bin\release\testprojectwon.dll" id="7691f77f-7d23-6d09-6a27-9039befec29a">
      <Execution id="d8b45726-4031-4818-9d49-aed6573dacf6" />
      <TestMethod codeBase="C:\agent\_work\8\s\TestProjectWON\bin\Release\TestProjectWON.dll" adapterTypeName="executor://mstestadapter/v1" className="TestProjectWON.UnitTest1" name="TestMethod211" />
    </UnitTest>
    <UnitTest name="TestMethod950" storage="c:\agent\_work\8\s\testprojectwon\bin\release\testprojectwon.dll" id="e0f64ae1-ad3b-ab3a-fa7b-d557e5e7ef5e">
      <Execution id="2de185bb-3477-411c-87e8-c81cc2f9652c" />
      <TestMethod codeBase="C:\agent\_work\8\s\TestProjectWON\bin\Release\TestProjectWON.dll" adapterTypeName="executor://mstestadapter/v1" className="TestProjectWON.UnitTest1" name="TestMethod950" />
    </UnitTest>
    <UnitTest name="TestMethod864" storage="c:\agent\_work\8\s\testprojectwon\bin\release\testprojectwon.dll" id="20c00590-2c53-2695-c3ac-b8e886cab6fe">
      <Execution id="865f2d8d-a4fd-45db-b090-996bb53f44f0" />
      <TestMethod codeBase="C:\agent\_work\8\s\TestProjectWON\bin\Release\TestProjectWON.dll" adapterTypeName="executor://mstestadapter/v1" className="TestProjectWON.UnitTest1" name="TestMethod864" />
    </UnitTest>
    <UnitTest name="TestMethod724" storage="c:\agent\_work\8\s\testprojectwon\bin\release\testprojectwon.dll" id="013564de-304c-9e60-47bd-81f0113a3344">
      <Execution id="cdfafa8f-beb6-46f7-8d16-166b0833c671" />
      <TestMethod codeBase="C:\agent\_work\8\s\TestProjectWON\bin\Release\TestProjectWON.dll" adapterTypeName="executor://mstestadapter/v1" className="TestProjectWON.UnitTest1" name="TestMethod724" />
    </UnitTest>
    <UnitTest name="TestMethod386" storage="c:\agent\_work\8\s\testprojectwon\bin\release\testprojectwon.dll" id="9ecc4488-c093-5cb0-bb44-c25e1278f8dc">
      <Execution id="8e3d7765-906c-437d-9276-a315a03ae29c" />
      <TestMethod codeBase="C:\agent\_work\8\s\TestProjectWON\bin\Release\TestProjectWON.dll" adapterTypeName="executor://mstestadapter/v1" className="TestProjectWON.UnitTest1" name="TestMethod386" />
    </UnitTest>
    <UnitTest name="TestMethod941" storage="c:\agent\_work\8\s\testprojectwon\bin\release\testprojectwon.dll" id="40323834-1340-232d-a8df-bda421752c32">
      <Execution id="28e57bf5-b36a-4ba3-8424-92012a6e39c3" />
      <TestMethod codeBase="C:\agent\_work\8\s\TestProjectWON\bin\Release\TestProjectWON.dll" adapterTypeName="executor://mstestadapter/v1" className="TestProjectWON.UnitTest1" name="TestMethod941" />
    </UnitTest>
    <UnitTest name="TestMethod177" storage="c:\agent\_work\8\s\testprojectwon\bin\release\testprojectwon.dll" id="9b2289a2-9143-b5fb-191a-ff4aaa3bc877">
      <Execution id="82c41bfa-11e8-488b-8915-e05d98cd9335" />
      <TestMethod codeBase="C:\agent\_work\8\s\TestProjectWON\bin\Release\TestProjectWON.dll" adapterTypeName="executor://mstestadapter/v1" className="TestProjectWON.UnitTest1" name="TestMethod177" />
    </UnitTest>
    <UnitTest name="TestMethod254" storage="c:\agent\_work\8\s\testprojectwon\bin\release\testprojectwon.dll" id="5f7a8e66-9d98-684a-9ca4-8a93732e2d12">
      <Execution id="92750ecb-dc1a-4363-9a9e-4d938feb5117" />
      <TestMethod codeBase="C:\agent\_work\8\s\TestProjectWON\bin\Release\TestProjectWON.dll" adapterTypeName="executor://mstestadapter/v1" className="TestProjectWON.UnitTest1" name="TestMethod254" />
    </UnitTest>
    <UnitTest name="TestMethod58" storage="c:\agent\_work\8\s\testprojectwon\bin\release\testprojectwon.dll" id="b4557069-0778-7bb4-b9b0-46e1aec4f29a">
      <Execution id="8a2225f3-31a3-4615-b1a1-85cbb34f0dbf" />
      <TestMethod codeBase="C:\agent\_work\8\s\TestProjectWON\bin\Release\TestProjectWON.dll" adapterTypeName="executor://mstestadapter/v1" className="TestProjectWON.UnitTest1" name="TestMethod58" />
    </UnitTest>
    <UnitTest name="TestMethod164" storage="c:\agent\_work\8\s\testprojectwon\bin\release\testprojectwon.dll" id="eab1eb37-593d-4815-e3d4-550d56424bbd">
      <Execution id="e6d8519c-237a-47b2-9921-d53e73ad5287" />
      <TestMethod codeBase="C:\agent\_work\8\s\TestProjectWON\bin\Release\TestProjectWON.dll" adapterTypeName="executor://mstestadapter/v1" className="TestProjectWON.UnitTest1" name="TestMethod164" />
    </UnitTest>
    <UnitTest name="TestMethod337" storage="c:\agent\_work\8\s\testprojectwon\bin\release\testprojectwon.dll" id="76181476-f39d-7562-643a-3060e224eda8">
      <Execution id="e8d083d3-e2fc-4250-8cbf-ea37961be1dc" />
      <TestMethod codeBase="C:\agent\_work\8\s\TestProjectWON\bin\Release\TestProjectWON.dll" adapterTypeName="executor://mstestadapter/v1" className="TestProjectWON.UnitTest1" name="TestMethod337" />
    </UnitTest>
    <UnitTest name="TestMethod953" storage="c:\agent\_work\8\s\testprojectwon\bin\release\testprojectwon.dll" id="f8d78d88-3450-7ecb-6308-4ea2e1f95134">
      <Execution id="72de053b-dd2d-40ab-9e34-f07023c8a994" />
      <TestMethod codeBase="C:\agent\_work\8\s\TestProjectWON\bin\Release\TestProjectWON.dll" adapterTypeName="executor://mstestadapter/v1" className="TestProjectWON.UnitTest1" name="TestMethod953" />
    </UnitTest>
    <UnitTest name="TestMethod992" storage="c:\agent\_work\8\s\testprojectwon\bin\release\testprojectwon.dll" id="bab4333c-e207-8e2f-7baa-448842489a21">
      <Execution id="20a84e69-4761-490d-9b35-8706c1b43cb0" />
      <TestMethod codeBase="C:\agent\_work\8\s\TestProjectWON\bin\Release\TestProjectWON.dll" adapterTypeName="executor://mstestadapter/v1" className="TestProjectWON.UnitTest1" name="TestMethod992" />
    </UnitTest>
    <UnitTest name="TestMethod405" storage="c:\agent\_work\8\s\testprojectwon\bin\release\testprojectwon.dll" id="09c11b88-830b-92b1-439a-8f7be73623ef">
      <Execution id="749c7661-03ae-4f06-b254-5d5106e81122" />
      <TestMethod codeBase="C:\agent\_work\8\s\TestProjectWON\bin\Release\TestProjectWON.dll" adapterTypeName="executor://mstestadapter/v1" className="TestProjectWON.UnitTest1" name="TestMethod405" />
    </UnitTest>
    <UnitTest name="TestMethod522" storage="c:\agent\_work\8\s\testprojectwon\bin\release\testprojectwon.dll" id="774836be-e9e9-fdcc-8cd9-df82b9d2ca1e">
      <Execution id="3bb68fe5-aeda-415e-9737-9bb35c1f83d2" />
      <TestMethod codeBase="C:\agent\_work\8\s\TestProjectWON\bin\Release\TestProjectWON.dll" adapterTypeName="executor://mstestadapter/v1" className="TestProjectWON.UnitTest1" name="TestMethod522" />
    </UnitTest>
    <UnitTest name="TestMethod205" storage="c:\agent\_work\8\s\testprojectwon\bin\release\testprojectwon.dll" id="6747aa99-e76b-04cc-159a-1c7e34e38eb1">
      <Execution id="c233e54c-f021-4668-9cb4-78a4c36c86dd" />
      <TestMethod codeBase="C:\agent\_work\8\s\TestProjectWON\bin\Release\TestProjectWON.dll" adapterTypeName="executor://mstestadapter/v1" className="TestProjectWON.UnitTest1" name="TestMethod205" />
    </UnitTest>
    <UnitTest name="TestMethod618" storage="c:\agent\_work\8\s\testprojectwon\bin\release\testprojectwon.dll" id="c8b43403-4085-23a3-9a97-87b17dc187b1">
      <Execution id="6b8ebc40-b424-4643-b244-0900f385b361" />
      <TestMethod codeBase="C:\agent\_work\8\s\TestProjectWON\bin\Release\TestProjectWON.dll" adapterTypeName="executor://mstestadapter/v1" className="TestProjectWON.UnitTest1" name="TestMethod618" />
    </UnitTest>
    <UnitTest name="TestMethod222" storage="c:\agent\_work\8\s\testprojectwon\bin\release\testprojectwon.dll" id="2d1d5e6f-4d6f-c4a7-2a87-2a5c678ea792">
      <Execution id="e6ce2761-952f-4b4c-b175-c597d0b8be17" />
      <TestMethod codeBase="C:\agent\_work\8\s\TestProjectWON\bin\Release\TestProjectWON.dll" adapterTypeName="executor://mstestadapter/v1" className="TestProjectWON.UnitTest1" name="TestMethod222" />
    </UnitTest>
    <UnitTest name="TestMethod648" storage="c:\agent\_work\8\s\testprojectwon\bin\release\testprojectwon.dll" id="dac9cf96-2207-6437-725b-7305466a449b">
      <Execution id="f3a8073e-d4d7-41c0-8b8f-ecc44397078b" />
      <TestMethod codeBase="C:\agent\_work\8\s\TestProjectWON\bin\Release\TestProjectWON.dll" adapterTypeName="executor://mstestadapter/v1" className="TestProjectWON.UnitTest1" name="TestMethod648" />
    </UnitTest>
    <UnitTest name="TestMethod345" storage="c:\agent\_work\8\s\testprojectwon\bin\release\testprojectwon.dll" id="c71759fc-e4e5-d7b5-0b8a-14b59e843b99">
      <Execution id="c31bea49-8988-4bdf-a89b-7150925b755e" />
      <TestMethod codeBase="C:\agent\_work\8\s\TestProjectWON\bin\Release\TestProjectWON.dll" adapterTypeName="executor://mstestadapter/v1" className="TestProjectWON.UnitTest1" name="TestMethod345" />
    </UnitTest>
    <UnitTest name="TestMethod98" storage="c:\agent\_work\8\s\testprojectwon\bin\release\testprojectwon.dll" id="de60a753-470d-c825-ac66-453d4a99daa5">
      <Execution id="814787cf-3979-451f-8204-84841c45a7d5" />
      <TestMethod codeBase="C:\agent\_work\8\s\TestProjectWON\bin\Release\TestProjectWON.dll" adapterTypeName="executor://mstestadapter/v1" className="TestProjectWON.UnitTest1" name="TestMethod98" />
    </UnitTest>
    <UnitTest name="TestMethod656" storage="c:\agent\_work\8\s\testprojectwon\bin\release\testprojectwon.dll" id="5c460a5a-0268-626b-700d-ed4cae528a9e">
      <Execution id="e633de4c-7592-4670-b0f9-ded7959e775a" />
      <TestMethod codeBase="C:\agent\_work\8\s\TestProjectWON\bin\Release\TestProjectWON.dll" adapterTypeName="executor://mstestadapter/v1" className="TestProjectWON.UnitTest1" name="TestMethod656" />
    </UnitTest>
    <UnitTest name="TestMethod983" storage="c:\agent\_work\8\s\testprojectwon\bin\release\testprojectwon.dll" id="a6d9dfc6-6817-dcd7-6452-44e3098e1ac7">
      <Execution id="f118639b-a374-4c5d-b2d5-b233ef2ac6c5" />
      <TestMethod codeBase="C:\agent\_work\8\s\TestProjectWON\bin\Release\TestProjectWON.dll" adapterTypeName="executor://mstestadapter/v1" className="TestProjectWON.UnitTest1" name="TestMethod983" />
    </UnitTest>
    <UnitTest name="TestMethod520" storage="c:\agent\_work\8\s\testprojectwon\bin\release\testprojectwon.dll" id="2f4e268f-1d7b-cb93-a667-6924f4c56a4a">
      <Execution id="478977cb-5166-49ca-90a2-0bdcfc0ae81a" />
      <TestMethod codeBase="C:\agent\_work\8\s\TestProjectWON\bin\Release\TestProjectWON.dll" adapterTypeName="executor://mstestadapter/v1" className="TestProjectWON.UnitTest1" name="TestMethod520" />
    </UnitTest>
    <UnitTest name="TestMethod379" storage="c:\agent\_work\8\s\testprojectwon\bin\release\testprojectwon.dll" id="7911c7be-cac8-9e71-b1dc-c18364dc6806">
      <Execution id="b491a920-0079-49a1-89fc-6e26c9e26a28" />
      <TestMethod codeBase="C:\agent\_work\8\s\TestProjectWON\bin\Release\TestProjectWON.dll" adapterTypeName="executor://mstestadapter/v1" className="TestProjectWON.UnitTest1" name="TestMethod379" />
    </UnitTest>
    <UnitTest name="TestMethod478" storage="c:\agent\_work\8\s\testprojectwon\bin\release\testprojectwon.dll" id="a0145b80-6789-862a-415b-6104d0c075a0">
      <Execution id="aee43d2f-aee4-4d3d-af65-5865e92ed7b7" />
      <TestMethod codeBase="C:\agent\_work\8\s\TestProjectWON\bin\Release\TestProjectWON.dll" adapterTypeName="executor://mstestadapter/v1" className="TestProjectWON.UnitTest1" name="TestMethod478" />
    </UnitTest>
    <UnitTest name="TestMethod850" storage="c:\agent\_work\8\s\testprojectwon\bin\release\testprojectwon.dll" id="c4d15c34-e3ca-7ce4-539b-70fa98691175">
      <Execution id="96593bc5-617d-4d9a-a8ab-65e97f102505" />
      <TestMethod codeBase="C:\agent\_work\8\s\TestProjectWON\bin\Release\TestProjectWON.dll" adapterTypeName="executor://mstestadapter/v1" className="TestProjectWON.UnitTest1" name="TestMethod850" />
    </UnitTest>
    <UnitTest name="TestMethod262" storage="c:\agent\_work\8\s\testprojectwon\bin\release\testprojectwon.dll" id="e84f7890-4a74-4696-218c-b5a9ae941044">
      <Execution id="b057ec22-c15c-46a7-9492-52450f1462f7" />
      <TestMethod codeBase="C:\agent\_work\8\s\TestProjectWON\bin\Release\TestProjectWON.dll" adapterTypeName="executor://mstestadapter/v1" className="TestProjectWON.UnitTest1" name="TestMethod262" />
    </UnitTest>
    <UnitTest name="TestMethod204" storage="c:\agent\_work\8\s\testprojectwon\bin\release\testprojectwon.dll" id="bdf17b58-3f87-9a50-3592-334d75c27535">
      <Execution id="413c92e3-18c1-4779-9d5b-1fa2dbefa3f3" />
      <TestMethod codeBase="C:\agent\_work\8\s\TestProjectWON\bin\Release\TestProjectWON.dll" adapterTypeName="executor://mstestadapter/v1" className="TestProjectWON.UnitTest1" name="TestMethod204" />
    </UnitTest>
    <UnitTest name="TestMethod904" storage="c:\agent\_work\8\s\testprojectwon\bin\release\testprojectwon.dll" id="c6ae7993-fc24-7155-0286-1345ac914309">
      <Execution id="049c2790-fc17-4534-9300-af12a179d99f" />
      <TestMethod codeBase="C:\agent\_work\8\s\TestProjectWON\bin\Release\TestProjectWON.dll" adapterTypeName="executor://mstestadapter/v1" className="TestProjectWON.UnitTest1" name="TestMethod904" />
    </UnitTest>
    <UnitTest name="TestMethod894" storage="c:\agent\_work\8\s\testprojectwon\bin\release\testprojectwon.dll" id="33acf123-59fe-0dab-7f15-41863e67a38d">
      <Execution id="1bd16e8c-d92c-48a6-b1d7-a54c173207a9" />
      <TestMethod codeBase="C:\agent\_work\8\s\TestProjectWON\bin\Release\TestProjectWON.dll" adapterTypeName="executor://mstestadapter/v1" className="TestProjectWON.UnitTest1" name="TestMethod894" />
    </UnitTest>
    <UnitTest name="TestMethod590" storage="c:\agent\_work\8\s\testprojectwon\bin\release\testprojectwon.dll" id="17c78595-48aa-bed2-a9b1-5f1f2a0ee126">
      <Execution id="94b89326-52a3-4376-9483-7c280d0e6e8f" />
      <TestMethod codeBase="C:\agent\_work\8\s\TestProjectWON\bin\Release\TestProjectWON.dll" adapterTypeName="executor://mstestadapter/v1" className="TestProjectWON.UnitTest1" name="TestMethod590" />
    </UnitTest>
    <UnitTest name="TestMethod947" storage="c:\agent\_work\8\s\testprojectwon\bin\release\testprojectwon.dll" id="9b31f701-8322-5e52-2f1d-873773ad71b1">
      <Execution id="02ac9467-a708-41c6-82e0-03816f447a9c" />
      <TestMethod codeBase="C:\agent\_work\8\s\TestProjectWON\bin\Release\TestProjectWON.dll" adapterTypeName="executor://mstestadapter/v1" className="TestProjectWON.UnitTest1" name="TestMethod947" />
    </UnitTest>
    <UnitTest name="TestMethod619" storage="c:\agent\_work\8\s\testprojectwon\bin\release\testprojectwon.dll" id="733bba28-25fb-6fce-b007-e45f68595c31">
      <Execution id="47f52308-41f3-4cee-8394-34d5c4b3df0f" />
      <TestMethod codeBase="C:\agent\_work\8\s\TestProjectWON\bin\Release\TestProjectWON.dll" adapterTypeName="executor://mstestadapter/v1" className="TestProjectWON.UnitTest1" name="TestMethod619" />
    </UnitTest>
    <UnitTest name="TestMethod213" storage="c:\agent\_work\8\s\testprojectwon\bin\release\testprojectwon.dll" id="c645270a-0325-f6e0-9b6a-41655fc7fd00">
      <Execution id="b5e30c14-e565-444b-9075-8376bc24f81d" />
      <TestMethod codeBase="C:\agent\_work\8\s\TestProjectWON\bin\Release\TestProjectWON.dll" adapterTypeName="executor://mstestadapter/v1" className="TestProjectWON.UnitTest1" name="TestMethod213" />
    </UnitTest>
    <UnitTest name="TestMethod263" storage="c:\agent\_work\8\s\testprojectwon\bin\release\testprojectwon.dll" id="255f854d-5b78-3942-dbc3-8c841af0d680">
      <Execution id="2164dfed-48cb-47b8-b7cb-71f62b86846b" />
      <TestMethod codeBase="C:\agent\_work\8\s\TestProjectWON\bin\Release\TestProjectWON.dll" adapterTypeName="executor://mstestadapter/v1" className="TestProjectWON.UnitTest1" name="TestMethod263" />
    </UnitTest>
    <UnitTest name="TestMethod150" storage="c:\agent\_work\8\s\testprojectwon\bin\release\testprojectwon.dll" id="eab68e72-788f-cfb8-63fb-af574cc69c45">
      <Execution id="0adce80b-316c-4aec-a621-88f0f33ab2f1" />
      <TestMethod codeBase="C:\agent\_work\8\s\TestProjectWON\bin\Release\TestProjectWON.dll" adapterTypeName="executor://mstestadapter/v1" className="TestProjectWON.UnitTest1" name="TestMethod150" />
    </UnitTest>
    <UnitTest name="TestMethod4" storage="c:\agent\_work\8\s\testprojectwon\bin\release\testprojectwon.dll" id="879645bc-7ba2-6487-189b-4a1984172c5b">
      <Execution id="4aafcbc0-817b-4feb-a8f7-d16b8278a47a" />
      <TestMethod codeBase="C:\agent\_work\8\s\TestProjectWON\bin\Release\TestProjectWON.dll" adapterTypeName="executor://mstestadapter/v1" className="TestProjectWON.UnitTest1" name="TestMethod4" />
    </UnitTest>
    <UnitTest name="TestMethod91" storage="c:\agent\_work\8\s\testprojectwon\bin\release\testprojectwon.dll" id="2734d560-bca6-3dc0-5647-169dfc4e3985">
      <Execution id="84a89052-52eb-4c76-a351-6dcd985630f4" />
      <TestMethod codeBase="C:\agent\_work\8\s\TestProjectWON\bin\Release\TestProjectWON.dll" adapterTypeName="executor://mstestadapter/v1" className="TestProjectWON.UnitTest1" name="TestMethod91" />
    </UnitTest>
    <UnitTest name="TestMethod395" storage="c:\agent\_work\8\s\testprojectwon\bin\release\testprojectwon.dll" id="8ac496c0-1787-2604-5912-8244d1c73781">
      <Execution id="08400468-88d4-4a4b-ab4a-f441c465133a" />
      <TestMethod codeBase="C:\agent\_work\8\s\TestProjectWON\bin\Release\TestProjectWON.dll" adapterTypeName="executor://mstestadapter/v1" className="TestProjectWON.UnitTest1" name="TestMethod395" />
    </UnitTest>
    <UnitTest name="TestMethod341" storage="c:\agent\_work\8\s\testprojectwon\bin\release\testprojectwon.dll" id="04af4879-8136-d94d-91b1-9fc2cfe50f12">
      <Execution id="68bd42da-2d3a-4fc0-91e6-9f961ce4753d" />
      <TestMethod codeBase="C:\agent\_work\8\s\TestProjectWON\bin\Release\TestProjectWON.dll" adapterTypeName="executor://mstestadapter/v1" className="TestProjectWON.UnitTest1" name="TestMethod341" />
    </UnitTest>
    <UnitTest name="TestMethod865" storage="c:\agent\_work\8\s\testprojectwon\bin\release\testprojectwon.dll" id="cbdef425-9358-5d90-4cf6-343384677bd3">
      <Execution id="30f86919-fa79-4985-a7d8-c91f7adaf74a" />
      <TestMethod codeBase="C:\agent\_work\8\s\TestProjectWON\bin\Release\TestProjectWON.dll" adapterTypeName="executor://mstestadapter/v1" className="TestProjectWON.UnitTest1" name="TestMethod865" />
    </UnitTest>
    <UnitTest name="TestMethod753" storage="c:\agent\_work\8\s\testprojectwon\bin\release\testprojectwon.dll" id="6f292e4b-66f5-a778-fa6e-8262c0e8abca">
      <Execution id="520ca883-6ef8-4b01-b665-df00acb10f59" />
      <TestMethod codeBase="C:\agent\_work\8\s\TestProjectWON\bin\Release\TestProjectWON.dll" adapterTypeName="executor://mstestadapter/v1" className="TestProjectWON.UnitTest1" name="TestMethod753" />
    </UnitTest>
    <UnitTest name="TestMethod360" storage="c:\agent\_work\8\s\testprojectwon\bin\release\testprojectwon.dll" id="26524496-f7b2-b063-a4ad-84ece5cb6f77">
      <Execution id="e4b7a037-97db-4b48-b029-9cb2ce71c859" />
      <TestMethod codeBase="C:\agent\_work\8\s\TestProjectWON\bin\Release\TestProjectWON.dll" adapterTypeName="executor://mstestadapter/v1" className="TestProjectWON.UnitTest1" name="TestMethod360" />
    </UnitTest>
    <UnitTest name="TestMethod311" storage="c:\agent\_work\8\s\testprojectwon\bin\release\testprojectwon.dll" id="d43860aa-ed76-26d9-9003-007bacdfc0a0">
      <Execution id="1ea9c312-d25d-4c83-8f72-c7aa2183fdf4" />
      <TestMethod codeBase="C:\agent\_work\8\s\TestProjectWON\bin\Release\TestProjectWON.dll" adapterTypeName="executor://mstestadapter/v1" className="TestProjectWON.UnitTest1" name="TestMethod311" />
    </UnitTest>
    <UnitTest name="TestMethod937" storage="c:\agent\_work\8\s\testprojectwon\bin\release\testprojectwon.dll" id="ba7abc82-755e-df5e-a8e3-3dfd591bc900">
      <Execution id="52287035-a2e5-48ca-bad7-d223137a80bc" />
      <TestMethod codeBase="C:\agent\_work\8\s\TestProjectWON\bin\Release\TestProjectWON.dll" adapterTypeName="executor://mstestadapter/v1" className="TestProjectWON.UnitTest1" name="TestMethod937" />
    </UnitTest>
    <UnitTest name="TestMethod461" storage="c:\agent\_work\8\s\testprojectwon\bin\release\testprojectwon.dll" id="aa8c4660-7a95-c90f-20d5-28080ebf8228">
      <Execution id="b5df104f-a46b-4350-803f-6d896afd4f61" />
      <TestMethod codeBase="C:\agent\_work\8\s\TestProjectWON\bin\Release\TestProjectWON.dll" adapterTypeName="executor://mstestadapter/v1" className="TestProjectWON.UnitTest1" name="TestMethod461" />
    </UnitTest>
    <UnitTest name="TestMethod22" storage="c:\agent\_work\8\s\testprojectwon\bin\release\testprojectwon.dll" id="50648593-5c3d-50ee-5e8d-50b8b362b51e">
      <Execution id="3f37685b-db6e-4587-af58-05d39297610c" />
      <TestMethod codeBase="C:\agent\_work\8\s\TestProjectWON\bin\Release\TestProjectWON.dll" adapterTypeName="executor://mstestadapter/v1" className="TestProjectWON.UnitTest1" name="TestMethod22" />
    </UnitTest>
    <UnitTest name="TestMethod406" storage="c:\agent\_work\8\s\testprojectwon\bin\release\testprojectwon.dll" id="646c80d4-1e6f-e318-95ec-045cb0052e57">
      <Execution id="353eb714-c098-4f1d-8cce-35287b5a1d55" />
      <TestMethod codeBase="C:\agent\_work\8\s\TestProjectWON\bin\Release\TestProjectWON.dll" adapterTypeName="executor://mstestadapter/v1" className="TestProjectWON.UnitTest1" name="TestMethod406" />
    </UnitTest>
    <UnitTest name="TestMethod50" storage="c:\agent\_work\8\s\testprojectwon\bin\release\testprojectwon.dll" id="cfda71d5-31f9-4e94-efd6-edb3e08b2951">
      <Execution id="ead05ddf-4a0d-492b-b130-33596ac25399" />
      <TestMethod codeBase="C:\agent\_work\8\s\TestProjectWON\bin\Release\TestProjectWON.dll" adapterTypeName="executor://mstestadapter/v1" className="TestProjectWON.UnitTest1" name="TestMethod50" />
    </UnitTest>
  </TestDefinitions>
  <TestEntries>
    <TestEntry testId="0d431403-595c-9779-f98c-ab1f510f90ca" executionId="a5bf655d-5864-4f77-a998-50622344932a" testListId="8c84fa94-04c1-424b-9868-57a2d4851a1d" />
    <TestEntry testId="d0d8381f-1212-f655-b7e8-da949ae6037a" executionId="2c665b4a-faab-4787-a646-ce957944220d" testListId="8c84fa94-04c1-424b-9868-57a2d4851a1d" />
    <TestEntry testId="3b4cf534-b501-3aeb-a08b-237bd2afc4a1" executionId="af125306-0e0c-4cc9-98d7-ea803f4cff72" testListId="8c84fa94-04c1-424b-9868-57a2d4851a1d" />
    <TestEntry testId="fb4fe1f9-4704-e605-7e31-79acd6c27b72" executionId="49a535c8-0de6-42d7-a580-40f84b564d53" testListId="8c84fa94-04c1-424b-9868-57a2d4851a1d" />
    <TestEntry testId="eb744067-250a-ee63-6639-e001fa33b4bc" executionId="2aa3bfe3-e0b3-4d90-8282-81efa909eeb6" testListId="8c84fa94-04c1-424b-9868-57a2d4851a1d" />
    <TestEntry testId="2bd589ab-15b3-09bc-54b2-c7707b663777" executionId="1ba582e0-a489-45fa-8e52-19254c092007" testListId="8c84fa94-04c1-424b-9868-57a2d4851a1d" />
    <TestEntry testId="153bc2be-7b5a-6d34-1b29-a594ac423af5" executionId="183c6ffa-370c-4bdc-b669-de0b0eed7c2f" testListId="8c84fa94-04c1-424b-9868-57a2d4851a1d" />
    <TestEntry testId="f9915989-2d3b-ae48-0f3e-fb7284bad1c4" executionId="9602221e-67aa-42f9-956f-84a6e48a5b50" testListId="8c84fa94-04c1-424b-9868-57a2d4851a1d" />
    <TestEntry testId="8376720d-9f57-3b09-e40c-6bb95b30941d" executionId="34e86079-7459-43d3-bea9-8335d88836c0" testListId="8c84fa94-04c1-424b-9868-57a2d4851a1d" />
    <TestEntry testId="0a018b47-0f0a-86a3-e28b-fbc01e58c2dd" executionId="aa94a81c-6cc6-4d08-b060-7206e49418c8" testListId="8c84fa94-04c1-424b-9868-57a2d4851a1d" />
    <TestEntry testId="a2f92813-cd64-b1c8-73e7-623cfb63d167" executionId="efb1aa11-1667-41b4-a43a-338120ef0c1f" testListId="8c84fa94-04c1-424b-9868-57a2d4851a1d" />
    <TestEntry testId="94d44992-bbc8-f19c-cdde-5651d713421c" executionId="c60c93e3-b07f-457b-9cbe-da54f2327ba8" testListId="8c84fa94-04c1-424b-9868-57a2d4851a1d" />
    <TestEntry testId="27d204bb-c3fa-e9d6-7096-866836d539c5" executionId="1fb6fffd-e963-495d-a1e4-b144a5f36137" testListId="8c84fa94-04c1-424b-9868-57a2d4851a1d" />
    <TestEntry testId="7f2360c8-7445-efe2-6251-3fd1831acb36" executionId="f8f04e01-a7d4-4045-8abe-befddf37213c" testListId="8c84fa94-04c1-424b-9868-57a2d4851a1d" />
    <TestEntry testId="dacf622c-f26a-8ea3-92b3-0fbbc926ff80" executionId="ddfa1e43-2db0-4e1c-9d8e-0f30ba792836" testListId="8c84fa94-04c1-424b-9868-57a2d4851a1d" />
    <TestEntry testId="d4f79742-85f3-99b3-b553-501ccf8d4cf2" executionId="bff0fbc8-4702-4010-a051-10c876e10e14" testListId="8c84fa94-04c1-424b-9868-57a2d4851a1d" />
    <TestEntry testId="0082ec55-23a0-7970-6e7e-7fe788b9f353" executionId="b471ef53-ac84-4fd1-8304-466a122959b4" testListId="8c84fa94-04c1-424b-9868-57a2d4851a1d" />
    <TestEntry testId="fd656e93-dce1-cd2c-5ac9-6f5c6e218c22" executionId="313a7068-87dd-4ff6-98dd-e2f35f55c495" testListId="8c84fa94-04c1-424b-9868-57a2d4851a1d" />
    <TestEntry testId="1e27ab10-8e53-64cc-9fa8-800cab83d0a3" executionId="ede30122-b44a-4dd3-a1b0-b4d32241b567" testListId="8c84fa94-04c1-424b-9868-57a2d4851a1d" />
    <TestEntry testId="710e3724-6595-fb9a-403c-6e60afa68e47" executionId="a8a07099-aff9-4bee-a1eb-d7bb9d3c212b" testListId="8c84fa94-04c1-424b-9868-57a2d4851a1d" />
    <TestEntry testId="e6325c4d-0d1b-48f8-5d01-528c8025c1ef" executionId="cd77639b-0260-41bd-98b6-828d512a689c" testListId="8c84fa94-04c1-424b-9868-57a2d4851a1d" />
    <TestEntry testId="73b680b6-4651-48a5-18e1-a991cb04485e" executionId="e7951811-2d1d-4b26-8dea-6c747bf84f7a" testListId="8c84fa94-04c1-424b-9868-57a2d4851a1d" />
    <TestEntry testId="2e62a879-e945-d295-45fa-228a82f129b0" executionId="05eaf64a-5819-41d4-85ee-1a608adf1c09" testListId="8c84fa94-04c1-424b-9868-57a2d4851a1d" />
    <TestEntry testId="f6b36be6-03b8-eb53-2bd6-1d05045cd042" executionId="9590029b-b2d3-4a0d-a1d0-4775dc50f763" testListId="8c84fa94-04c1-424b-9868-57a2d4851a1d" />
    <TestEntry testId="3327bd38-891d-1d5d-78a0-4d48beed5153" executionId="722f4fc9-c042-4701-8790-fb01fe89235c" testListId="8c84fa94-04c1-424b-9868-57a2d4851a1d" />
    <TestEntry testId="808539b7-31ea-bf3a-7c7f-4cbfe8749def" executionId="a9286b66-9313-4e06-99d2-efd673ee52a9" testListId="8c84fa94-04c1-424b-9868-57a2d4851a1d" />
    <TestEntry testId="03237757-b415-0fd0-975e-8617562fdc38" executionId="09031796-c6d5-406a-9c22-95c90e24a76e" testListId="8c84fa94-04c1-424b-9868-57a2d4851a1d" />
    <TestEntry testId="85103077-a2c9-9fe0-35a6-e2accaefe0dc" executionId="86b4ca88-54fa-4aa1-b0fa-f4ac86ec599f" testListId="8c84fa94-04c1-424b-9868-57a2d4851a1d" />
    <TestEntry testId="0a3f2dd3-89cb-afb7-3962-50a1679b3ba3" executionId="dcfbbe10-63b2-49a9-8dc5-907eab41a67c" testListId="8c84fa94-04c1-424b-9868-57a2d4851a1d" />
    <TestEntry testId="bf7ccbbe-f328-31cd-c844-be9122247b91" executionId="537f342e-ca72-4273-968e-1a2715247931" testListId="8c84fa94-04c1-424b-9868-57a2d4851a1d" />
    <TestEntry testId="e6d12863-d67d-d92b-fed4-d345ae506505" executionId="e1124101-7901-4523-9b16-efa46fd70241" testListId="8c84fa94-04c1-424b-9868-57a2d4851a1d" />
    <TestEntry testId="d68764a6-aede-08ed-cb16-1c089d245555" executionId="027ef2d4-5119-4359-9e9b-be37963a673b" testListId="8c84fa94-04c1-424b-9868-57a2d4851a1d" />
    <TestEntry testId="b2cdc516-3860-d6a6-6f07-5e5ee5b2b5e2" executionId="5a9f96e1-9e16-418e-8952-247d655fb560" testListId="8c84fa94-04c1-424b-9868-57a2d4851a1d" />
    <TestEntry testId="1f6cec36-baad-2e1c-06fd-f55735ceffa5" executionId="9ba7194e-fc62-4e78-bb4c-6c0da220d98e" testListId="8c84fa94-04c1-424b-9868-57a2d4851a1d" />
    <TestEntry testId="9dc72d09-419e-01b6-4661-8f4acf74faf2" executionId="a5e34d7c-1e8a-4720-8231-8930b3d6dda3" testListId="8c84fa94-04c1-424b-9868-57a2d4851a1d" />
    <TestEntry testId="bb9c2e9b-3b0b-a046-d485-0e15e3c4139e" executionId="869b712c-09dd-4e2a-b71d-90e404338e1c" testListId="8c84fa94-04c1-424b-9868-57a2d4851a1d" />
    <TestEntry testId="f3679da5-cb69-ddd9-d52e-178c8689e487" executionId="6d22227c-8349-481a-8385-9ba050a0c207" testListId="8c84fa94-04c1-424b-9868-57a2d4851a1d" />
    <TestEntry testId="fed19f8a-2a36-9304-8863-7d2157bbb52e" executionId="70bc48b3-8f9f-47fd-a68c-b7fb8f0dc4f5" testListId="8c84fa94-04c1-424b-9868-57a2d4851a1d" />
    <TestEntry testId="ca5b5852-539b-3641-1aa3-89a4e580dde3" executionId="e93500da-af8b-4f4c-be9d-64711bf44094" testListId="8c84fa94-04c1-424b-9868-57a2d4851a1d" />
    <TestEntry testId="f1344d55-8d55-9720-b306-0a8c856b81cb" executionId="a85c4618-b0c7-4d42-9262-9a4d107d7889" testListId="8c84fa94-04c1-424b-9868-57a2d4851a1d" />
    <TestEntry testId="09c11b88-830b-92b1-439a-8f7be73623ef" executionId="749c7661-03ae-4f06-b254-5d5106e81122" testListId="8c84fa94-04c1-424b-9868-57a2d4851a1d" />
    <TestEntry testId="225c1221-23ca-3f97-5645-e808e340bd1d" executionId="f716f750-1395-408d-bf23-7261f5550e4e" testListId="8c84fa94-04c1-424b-9868-57a2d4851a1d" />
    <TestEntry testId="6d6df8c4-026d-d6b4-a18d-53a88f110858" executionId="7a152878-1c7d-46f9-a221-55e884313868" testListId="8c84fa94-04c1-424b-9868-57a2d4851a1d" />
    <TestEntry testId="43a17133-2c7e-a5bd-f0f8-3641075006da" executionId="4e93e4c1-902e-4bf2-a42f-ee48bbc091e2" testListId="8c84fa94-04c1-424b-9868-57a2d4851a1d" />
    <TestEntry testId="77dd79a5-8805-fc9a-0820-172fe76aacdc" executionId="a0f884b2-dc96-4e19-af0e-20484acda4a2" testListId="8c84fa94-04c1-424b-9868-57a2d4851a1d" />
    <TestEntry testId="438073fc-df09-d208-e6ce-3a85df08aee3" executionId="31a93e44-3aaa-4e1b-bc37-2ea4d09e1414" testListId="8c84fa94-04c1-424b-9868-57a2d4851a1d" />
    <TestEntry testId="668d0b8e-9860-f146-142e-006ec1261508" executionId="38fb788c-ebf0-4b6a-ace8-da6a58435d20" testListId="8c84fa94-04c1-424b-9868-57a2d4851a1d" />
    <TestEntry testId="15e47ca3-a331-c582-4361-ca5f4ecb461d" executionId="9df4c5a2-1be0-4db1-ad9c-dd0b24b788ff" testListId="8c84fa94-04c1-424b-9868-57a2d4851a1d" />
    <TestEntry testId="7911c7be-cac8-9e71-b1dc-c18364dc6806" executionId="b491a920-0079-49a1-89fc-6e26c9e26a28" testListId="8c84fa94-04c1-424b-9868-57a2d4851a1d" />
    <TestEntry testId="6d54fea5-eafd-7e61-b43b-22643abf3798" executionId="45eaafd7-53ce-4962-974a-688986ca5ac5" testListId="8c84fa94-04c1-424b-9868-57a2d4851a1d" />
    <TestEntry testId="53f00e7e-5daf-0ecf-1e6d-c37e1f06c8d1" executionId="2e50c5e8-c8eb-4d99-b13e-b15967b5fd9b" testListId="8c84fa94-04c1-424b-9868-57a2d4851a1d" />
    <TestEntry testId="2633d95f-7136-86b5-7f5b-198e049e0830" executionId="5aacbd67-8661-47d4-83e6-968175f3a417" testListId="8c84fa94-04c1-424b-9868-57a2d4851a1d" />
    <TestEntry testId="f99fdd13-2f14-bc0a-6de7-6269e5662a8b" executionId="3cecd687-d3ba-49fb-aa28-8bd5f4a45cfd" testListId="8c84fa94-04c1-424b-9868-57a2d4851a1d" />
    <TestEntry testId="4a481a7b-b096-4b45-fb70-1b89a292bf05" executionId="5e30c3ea-c1c8-4e9b-95c3-3aca32607a9e" testListId="8c84fa94-04c1-424b-9868-57a2d4851a1d" />
    <TestEntry testId="51ce151e-545b-8bc3-34a9-cb76b0999ab6" executionId="1e815871-afe0-4855-92c1-627b7fc0352a" testListId="8c84fa94-04c1-424b-9868-57a2d4851a1d" />
    <TestEntry testId="56dce2a6-7d7c-543f-167f-fb8c43f5f7f8" executionId="b4697aaf-94d2-4b86-8584-108eb16a13d4" testListId="8c84fa94-04c1-424b-9868-57a2d4851a1d" />
    <TestEntry testId="f32dfad8-e70b-e0fc-2c9b-4e0e8b6d2822" executionId="2bdff454-83c8-4953-955a-1b1ab771e0b5" testListId="8c84fa94-04c1-424b-9868-57a2d4851a1d" />
    <TestEntry testId="3c2a4f16-ae18-3a36-2055-5632e5b769d7" executionId="6e9ee927-ca11-44c9-ab28-3dadd562828d" testListId="8c84fa94-04c1-424b-9868-57a2d4851a1d" />
    <TestEntry testId="f4c2441e-2a8e-327e-131d-c21c411869d0" executionId="b137fbc5-35d3-41d3-a76a-8307be37dfa2" testListId="8c84fa94-04c1-424b-9868-57a2d4851a1d" />
    <TestEntry testId="1fe58fcd-1a77-1201-4a90-ac09368ea1b1" executionId="36a6ab79-2a44-41b7-a672-c91825ee7e72" testListId="8c84fa94-04c1-424b-9868-57a2d4851a1d" />
    <TestEntry testId="6c1de0b2-9f2c-f96f-0337-758f086b8199" executionId="756a3551-147f-4034-b701-35bc9c7e1c8f" testListId="8c84fa94-04c1-424b-9868-57a2d4851a1d" />
    <TestEntry testId="595e22e6-6c21-00b7-2932-a72ebc8d9695" executionId="79a9a8ed-4873-40c5-9439-89c0b15cb82f" testListId="8c84fa94-04c1-424b-9868-57a2d4851a1d" />
    <TestEntry testId="c5649bfd-fc53-3ed1-3b23-78de6ed87ccd" executionId="45d64e73-70ac-4533-af14-ccce83d8ff41" testListId="8c84fa94-04c1-424b-9868-57a2d4851a1d" />
    <TestEntry testId="f852f7cb-14d1-d79d-ca12-717fd583929c" executionId="3118b8ec-9942-4df7-bcc6-74f33baf862c" testListId="8c84fa94-04c1-424b-9868-57a2d4851a1d" />
    <TestEntry testId="6be9e0f1-8680-6a8c-7f2d-3435bf3bdf1c" executionId="fe6a1055-b601-48fe-b522-f50256d0f883" testListId="8c84fa94-04c1-424b-9868-57a2d4851a1d" />
    <TestEntry testId="4f37197c-c656-2d24-76e4-0caf6e7a2cfa" executionId="c8e1bbad-b71a-4f96-87c0-1e6da81015ba" testListId="8c84fa94-04c1-424b-9868-57a2d4851a1d" />
    <TestEntry testId="911e1691-73da-b130-4b2a-ef8da1c07754" executionId="0c637774-5445-46ae-9d6b-96abe8a6db16" testListId="8c84fa94-04c1-424b-9868-57a2d4851a1d" />
    <TestEntry testId="acab3fdb-e5a1-aabf-b107-48cabfd23740" executionId="71986efb-8330-460c-bd57-5815d11f90c4" testListId="8c84fa94-04c1-424b-9868-57a2d4851a1d" />
    <TestEntry testId="a7515f3f-1a35-4f95-d426-065ba5f9b6df" executionId="9c14b974-9a21-4245-9dff-b5d1f52e33d4" testListId="8c84fa94-04c1-424b-9868-57a2d4851a1d" />
    <TestEntry testId="e82bbb02-4440-ce0a-eabb-e0d82db20996" executionId="28fa3c4a-9028-4652-8afa-40d23785eccb" testListId="8c84fa94-04c1-424b-9868-57a2d4851a1d" />
    <TestEntry testId="e6472074-b6c9-ae04-e0cd-0e2bb0dbc218" executionId="e155c6fa-6ca8-4bb9-ab53-b5d1d3ebfd32" testListId="8c84fa94-04c1-424b-9868-57a2d4851a1d" />
    <TestEntry testId="fb50b0ec-bdc0-6133-0362-9315ff34d9c6" executionId="ca4373f2-569e-4ebb-b49f-a777d2054bd7" testListId="8c84fa94-04c1-424b-9868-57a2d4851a1d" />
    <TestEntry testId="ce535f01-343a-d676-b641-8fa40671efc4" executionId="e410ad11-53a2-4385-a57e-f05a2cd74028" testListId="8c84fa94-04c1-424b-9868-57a2d4851a1d" />
    <TestEntry testId="087993fb-45de-0919-f375-0ffb241240c0" executionId="c4540b3a-af5d-47f0-a138-92ca8165cb4f" testListId="8c84fa94-04c1-424b-9868-57a2d4851a1d" />
    <TestEntry testId="19204f89-2f3e-d8c5-8a90-013beaa72f75" executionId="ce68babb-6ae2-48ef-ae41-b87ad6f4b96c" testListId="8c84fa94-04c1-424b-9868-57a2d4851a1d" />
    <TestEntry testId="644cd37f-c859-5403-ac27-b0c77ac8d299" executionId="5ea158b5-e66f-4ca7-be70-512432389669" testListId="8c84fa94-04c1-424b-9868-57a2d4851a1d" />
    <TestEntry testId="120c60bc-8d47-ab32-cd20-724d67dc2f8f" executionId="78cbb6d4-c041-4100-ad85-d82e3db94713" testListId="8c84fa94-04c1-424b-9868-57a2d4851a1d" />
    <TestEntry testId="4fe504ff-91cc-34c2-971d-55cc5d7f0ccf" executionId="a7f54507-11e0-4a7d-80fb-701b8d8e425e" testListId="8c84fa94-04c1-424b-9868-57a2d4851a1d" />
    <TestEntry testId="69aeffc7-cd92-ac72-76d9-3bdc200b9566" executionId="c57005d5-4e90-4e60-a557-657ab1fe4038" testListId="8c84fa94-04c1-424b-9868-57a2d4851a1d" />
    <TestEntry testId="053706e5-17bb-f317-368b-a97e9ad239f2" executionId="367e8b83-a63f-4208-8df6-e895d00db8d1" testListId="8c84fa94-04c1-424b-9868-57a2d4851a1d" />
    <TestEntry testId="c84eee12-0040-fb25-9265-b00e53c594e5" executionId="5e9fc75c-a9ef-4a2d-8b60-453cbca048b8" testListId="8c84fa94-04c1-424b-9868-57a2d4851a1d" />
    <TestEntry testId="a419c818-7a3d-445b-18e2-f3e57d583b25" executionId="264b4f55-eb72-4c8e-b0ef-cf5e1ec41513" testListId="8c84fa94-04c1-424b-9868-57a2d4851a1d" />
    <TestEntry testId="5085cb87-98d0-8a0c-8bf9-91a9ebf3d613" executionId="9fec932d-d148-447d-8aa5-26e24c3f0ec3" testListId="8c84fa94-04c1-424b-9868-57a2d4851a1d" />
    <TestEntry testId="eec9d880-70b9-21fb-51bc-d7aaa04ec93c" executionId="d3ccaddc-e663-4542-928b-16d071ee9b7f" testListId="8c84fa94-04c1-424b-9868-57a2d4851a1d" />
    <TestEntry testId="18f6f241-7657-bccd-6e57-dada82478948" executionId="c34b5de1-25f7-4cea-b9a3-3241dec0dda8" testListId="8c84fa94-04c1-424b-9868-57a2d4851a1d" />
    <TestEntry testId="ed868fa2-b7e1-bbcc-8f11-693fbdfad7f8" executionId="6f9152a3-8f11-4b87-b512-6ee0be84f65d" testListId="8c84fa94-04c1-424b-9868-57a2d4851a1d" />
    <TestEntry testId="c6d14744-5110-ac21-1354-827560bc525b" executionId="dd7c1808-7772-4a58-add3-695b771e2c3a" testListId="8c84fa94-04c1-424b-9868-57a2d4851a1d" />
    <TestEntry testId="8ac496c0-1787-2604-5912-8244d1c73781" executionId="08400468-88d4-4a4b-ab4a-f441c465133a" testListId="8c84fa94-04c1-424b-9868-57a2d4851a1d" />
    <TestEntry testId="6e59a956-84d3-e083-020a-c9519be250f8" executionId="59b73041-f10d-4628-abca-0ca0efee7c4d" testListId="8c84fa94-04c1-424b-9868-57a2d4851a1d" />
    <TestEntry testId="45d623f8-350a-1c5f-cb90-032738afc629" executionId="3158cb74-db3a-44bb-be48-71840d216f1b" testListId="8c84fa94-04c1-424b-9868-57a2d4851a1d" />
    <TestEntry testId="ae554e2f-9239-c2e4-e83d-b0868067315c" executionId="da055a6b-3e6b-4d4e-8c88-dd8fb57a7996" testListId="8c84fa94-04c1-424b-9868-57a2d4851a1d" />
    <TestEntry testId="e686ecec-df6b-cc83-74a3-95140c17e2f4" executionId="db16814a-9fe1-4c2b-b699-889dca8e43ed" testListId="8c84fa94-04c1-424b-9868-57a2d4851a1d" />
    <TestEntry testId="d9016ccb-6373-93ce-9f29-6dd7720f2ced" executionId="a44f48ac-dafe-42cd-bd9c-4aa94b4cd1d3" testListId="8c84fa94-04c1-424b-9868-57a2d4851a1d" />
    <TestEntry testId="65a41a0b-ed85-5d43-490f-576e9bbdf250" executionId="a89f0cf5-6340-4adc-b29d-9c8e1907ae1f" testListId="8c84fa94-04c1-424b-9868-57a2d4851a1d" />
    <TestEntry testId="c8745a69-fd21-081b-4b7f-986392e3125e" executionId="91fa0445-0aca-4ce5-a005-b0812e131d0a" testListId="8c84fa94-04c1-424b-9868-57a2d4851a1d" />
    <TestEntry testId="42dce079-c8cf-62fa-c9ff-9e14c4f58eaa" executionId="04bba977-6bdc-4198-b969-207d217365bf" testListId="8c84fa94-04c1-424b-9868-57a2d4851a1d" />
    <TestEntry testId="99d16e8a-e6b9-9a08-7ee8-72896d051bf8" executionId="1dbe809a-41aa-4ba3-aad3-7483b715753e" testListId="8c84fa94-04c1-424b-9868-57a2d4851a1d" />
    <TestEntry testId="696aaa10-c2e0-d543-ebeb-74cf5d9453d9" executionId="90a24f41-3b0f-43d2-8c70-0f912cc21b8b" testListId="8c84fa94-04c1-424b-9868-57a2d4851a1d" />
    <TestEntry testId="c00013b5-6803-223e-ac7a-b40dac9b20e6" executionId="2ccdbdd4-8f59-46ea-8616-c8b1d0acca85" testListId="8c84fa94-04c1-424b-9868-57a2d4851a1d" />
    <TestEntry testId="04af4879-8136-d94d-91b1-9fc2cfe50f12" executionId="68bd42da-2d3a-4fc0-91e6-9f961ce4753d" testListId="8c84fa94-04c1-424b-9868-57a2d4851a1d" />
    <TestEntry testId="8f15877b-bf4c-ed12-8a91-55c01e0c5191" executionId="3f7fa482-362d-40ee-9e52-cb4026d922c4" testListId="8c84fa94-04c1-424b-9868-57a2d4851a1d" />
    <TestEntry testId="8b6a8635-97ab-288f-6872-7cfdd4883d45" executionId="976176a4-7a27-4e3e-a748-2530f34d0737" testListId="8c84fa94-04c1-424b-9868-57a2d4851a1d" />
    <TestEntry testId="c5dfbe23-6cb0-560a-91bf-153d2e7b63c3" executionId="b87c5a84-cc6a-442d-b1f8-3a4734c259f4" testListId="8c84fa94-04c1-424b-9868-57a2d4851a1d" />
    <TestEntry testId="8b9b2119-6a34-92eb-9dd5-7135d26b5a38" executionId="7b87ed1a-407f-433f-91f7-385e687940a0" testListId="8c84fa94-04c1-424b-9868-57a2d4851a1d" />
    <TestEntry testId="2daa125b-cbaf-bd8c-2afa-e5e7a5b0028e" executionId="ec0c9e63-6e4f-41e4-aeda-404014f98b53" testListId="8c84fa94-04c1-424b-9868-57a2d4851a1d" />
    <TestEntry testId="2b6f2ebc-a57d-6c17-6e3f-0e6f6548ac39" executionId="fe67e484-d8b1-4217-a638-f442cf64b129" testListId="8c84fa94-04c1-424b-9868-57a2d4851a1d" />
    <TestEntry testId="36579588-9e16-7162-cec9-c9545c4c4e7c" executionId="78ff6fc7-5c01-4586-b45e-6b6b49070414" testListId="8c84fa94-04c1-424b-9868-57a2d4851a1d" />
    <TestEntry testId="5903569d-1f5b-764e-2535-cf2f3d080f13" executionId="7fc6704b-8678-4c5a-828e-a9aed688f8b5" testListId="8c84fa94-04c1-424b-9868-57a2d4851a1d" />
    <TestEntry testId="f4709249-5c3f-3714-9fdf-f708c1244282" executionId="688bed8c-530b-4985-b628-075403a4631a" testListId="8c84fa94-04c1-424b-9868-57a2d4851a1d" />
    <TestEntry testId="a35c942d-6895-a795-6eca-0a93ecbe39ce" executionId="4ec29dfd-cd2b-4608-b574-33aa3573526a" testListId="8c84fa94-04c1-424b-9868-57a2d4851a1d" />
    <TestEntry testId="80842f01-45f2-591b-2b29-03dee54f7182" executionId="f72c6134-35af-4f67-bf8e-ca9b51b7fa64" testListId="8c84fa94-04c1-424b-9868-57a2d4851a1d" />
    <TestEntry testId="5e20c9a6-f828-762f-d3f4-e0a2c22e6536" executionId="b5abdbd6-f9dd-4b91-811d-35de2814ec54" testListId="8c84fa94-04c1-424b-9868-57a2d4851a1d" />
    <TestEntry testId="674e72c2-4855-03f8-b89d-08191aa4f180" executionId="c78e667c-ad4c-42e2-899c-01e128c77508" testListId="8c84fa94-04c1-424b-9868-57a2d4851a1d" />
    <TestEntry testId="d26742f9-1dbc-92b8-ff4f-b2cfd1c24adf" executionId="8fd6463d-2d43-4fed-a3b3-42f83d6d2231" testListId="8c84fa94-04c1-424b-9868-57a2d4851a1d" />
    <TestEntry testId="b48dddd2-4e1b-3a04-70a3-4c778c56c09b" executionId="4620a0df-9fd5-4b52-b07d-bb0ee34a31d6" testListId="8c84fa94-04c1-424b-9868-57a2d4851a1d" />
    <TestEntry testId="58e324dc-22f5-3a17-cd89-fe29db5bf094" executionId="24460028-58ad-4806-a473-4acd59095f87" testListId="8c84fa94-04c1-424b-9868-57a2d4851a1d" />
    <TestEntry testId="dbfbcf3b-2808-833a-24fe-090f20cf9144" executionId="f6cb32a2-aa69-4df6-afa5-1788db7e31e8" testListId="8c84fa94-04c1-424b-9868-57a2d4851a1d" />
    <TestEntry testId="1ddda90b-8993-1b92-f938-0a5c5768d517" executionId="b3130621-bfec-4f89-a23c-c2d1ddb1c210" testListId="8c84fa94-04c1-424b-9868-57a2d4851a1d" />
    <TestEntry testId="30de3392-1a40-1ab9-cb8c-49220a829094" executionId="c72d1898-e5ce-4f54-bd4b-33c7e2b45481" testListId="8c84fa94-04c1-424b-9868-57a2d4851a1d" />
    <TestEntry testId="aa3e2e38-c3b0-99ea-8d54-db64851f9e11" executionId="cc94b601-b4e2-42a3-b4e9-ee51044724b6" testListId="8c84fa94-04c1-424b-9868-57a2d4851a1d" />
    <TestEntry testId="502d6bb0-f3a3-d62b-40ad-ad6c5c993e33" executionId="a46c0236-4b3a-4fdf-8f0a-f5332d999b14" testListId="8c84fa94-04c1-424b-9868-57a2d4851a1d" />
    <TestEntry testId="64de363d-feac-33fe-a377-a61907fccc1b" executionId="aa76e2c2-39c8-4e06-bb26-e588f18c941f" testListId="8c84fa94-04c1-424b-9868-57a2d4851a1d" />
    <TestEntry testId="a18b5cb4-9266-5738-f79f-2fb24179d161" executionId="f91f9f1e-c9f1-4fdf-b90e-d9b168fd8a24" testListId="8c84fa94-04c1-424b-9868-57a2d4851a1d" />
    <TestEntry testId="17e6532f-2296-a418-52a2-4e83be3acb5f" executionId="e781088f-99c7-4659-95ad-158810d23cef" testListId="8c84fa94-04c1-424b-9868-57a2d4851a1d" />
    <TestEntry testId="5889924f-7147-0f02-b07a-bceda849fdad" executionId="082208aa-928a-4a3a-b339-7b9b0b58df2c" testListId="8c84fa94-04c1-424b-9868-57a2d4851a1d" />
    <TestEntry testId="66d7339d-8b14-305d-ad84-b3435c7ed48d" executionId="ccbac772-6709-4ed9-a792-df15c5ec0855" testListId="8c84fa94-04c1-424b-9868-57a2d4851a1d" />
    <TestEntry testId="27f56197-1615-7d87-8ee0-99378268c250" executionId="15abd12f-6bf3-44ca-8bc2-ce6448a6db4a" testListId="8c84fa94-04c1-424b-9868-57a2d4851a1d" />
    <TestEntry testId="6c7fb57d-0d93-6a47-e5f7-c23a31c3815e" executionId="72f3e0ef-ee7f-4dd8-8bfe-9e74f44ea581" testListId="8c84fa94-04c1-424b-9868-57a2d4851a1d" />
    <TestEntry testId="134ef685-0035-25dc-f71f-0041959162b7" executionId="5021b271-a524-4d6a-a427-69624b19ed0c" testListId="8c84fa94-04c1-424b-9868-57a2d4851a1d" />
    <TestEntry testId="c8b43403-4085-23a3-9a97-87b17dc187b1" executionId="6b8ebc40-b424-4643-b244-0900f385b361" testListId="8c84fa94-04c1-424b-9868-57a2d4851a1d" />
    <TestEntry testId="582126e6-7637-1686-e421-26fc8b2a44be" executionId="5c7312cd-060c-4363-ad3c-4c85e44a6aa6" testListId="8c84fa94-04c1-424b-9868-57a2d4851a1d" />
    <TestEntry testId="128ee75a-3510-32e9-4dad-17481f92d39b" executionId="1cdb4d23-099d-4503-80c3-59f68d2ecfd0" testListId="8c84fa94-04c1-424b-9868-57a2d4851a1d" />
    <TestEntry testId="71b10931-73cb-2cce-6429-44087b3adb4f" executionId="9011a072-989d-44c5-9c73-332699930789" testListId="8c84fa94-04c1-424b-9868-57a2d4851a1d" />
    <TestEntry testId="608fe1d2-5a1d-7806-dcd6-c00ba3e670c6" executionId="391ca2b0-a4c0-4a7f-bbc3-61555e388034" testListId="8c84fa94-04c1-424b-9868-57a2d4851a1d" />
    <TestEntry testId="d2f7dd5a-270a-7323-131a-88c5f3382836" executionId="03cdfbfa-2a11-4f10-9b38-af449b722353" testListId="8c84fa94-04c1-424b-9868-57a2d4851a1d" />
    <TestEntry testId="2a1b2d09-aa49-1747-aa14-324838e92e77" executionId="98f3f2cb-7fb7-45ac-a458-20d55b933338" testListId="8c84fa94-04c1-424b-9868-57a2d4851a1d" />
    <TestEntry testId="2f3c4789-5be0-25b5-eb21-f2a035522061" executionId="9c232bee-4c5e-45d9-a79f-238cf24b20ff" testListId="8c84fa94-04c1-424b-9868-57a2d4851a1d" />
    <TestEntry testId="da7a0998-e8c8-4a1d-4761-b03db06ddcc1" executionId="a84c5cbd-9633-49dc-a1ab-791c1a2480ba" testListId="8c84fa94-04c1-424b-9868-57a2d4851a1d" />
    <TestEntry testId="baa2be22-6e02-8004-6919-7aeac43318b6" executionId="a25d037c-1acd-4fea-bf28-596de4a91803" testListId="8c84fa94-04c1-424b-9868-57a2d4851a1d" />
    <TestEntry testId="cabf9801-b2ac-3639-6e36-041dc40cdf70" executionId="67bb3ca1-50ea-41c9-9e09-359bf420c0f5" testListId="8c84fa94-04c1-424b-9868-57a2d4851a1d" />
    <TestEntry testId="40f71d13-7766-ebc7-158b-fea9fe29f6ba" executionId="e5d57280-1fd2-40c9-b338-961c0728b628" testListId="8c84fa94-04c1-424b-9868-57a2d4851a1d" />
    <TestEntry testId="d2bd055b-7295-0586-37a3-7855db628628" executionId="39ea1a69-581f-4da0-8009-6d81545b0076" testListId="8c84fa94-04c1-424b-9868-57a2d4851a1d" />
    <TestEntry testId="b0422027-b50a-d3cf-ece8-1b7a11c9f4b5" executionId="fff7beb5-6fbd-4429-8507-b3ce63c8c5d5" testListId="8c84fa94-04c1-424b-9868-57a2d4851a1d" />
    <TestEntry testId="5ac84828-9966-8e1a-08c9-8ed72c4cde49" executionId="88b51aec-f9b0-4248-8762-3a5b1c1b1e44" testListId="8c84fa94-04c1-424b-9868-57a2d4851a1d" />
    <TestEntry testId="99a2f1a1-2bde-2fc3-5c1c-13072625faa1" executionId="271d48dd-1ac2-4a52-9ce0-37ddf35a313d" testListId="8c84fa94-04c1-424b-9868-57a2d4851a1d" />
    <TestEntry testId="95153146-13fc-bc7b-d4b8-86fb2027dcc5" executionId="2bf8bbd9-a4fd-4239-912a-28808210570e" testListId="8c84fa94-04c1-424b-9868-57a2d4851a1d" />
    <TestEntry testId="d3971b88-c95a-ccae-173f-b8a251b6aed4" executionId="37bb3e29-13cb-45c9-96cc-05fa20b3e293" testListId="8c84fa94-04c1-424b-9868-57a2d4851a1d" />
    <TestEntry testId="7e4b0130-3a47-bdd6-28f2-3c764416fcdd" executionId="787eeea3-d642-4709-8f54-119c55326bbc" testListId="8c84fa94-04c1-424b-9868-57a2d4851a1d" />
    <TestEntry testId="5d9d8819-6aeb-7979-eb4e-aba3a07e8e98" executionId="bbba262f-c767-4d9b-acc8-a87c8d665dcb" testListId="8c84fa94-04c1-424b-9868-57a2d4851a1d" />
    <TestEntry testId="d0b1f7dc-31d1-6275-6eac-8c5e9f628719" executionId="fc8bcd60-5b58-459e-ae10-e849e9fd0a69" testListId="8c84fa94-04c1-424b-9868-57a2d4851a1d" />
    <TestEntry testId="a4d85907-9466-2a97-9fe1-902dee5034c9" executionId="25d65121-972e-4569-b9cd-d6a071d80f28" testListId="8c84fa94-04c1-424b-9868-57a2d4851a1d" />
    <TestEntry testId="abe63dc7-436c-029a-68b2-5d706af9e293" executionId="7655e849-bf73-43ca-b7fc-c77be7c8543e" testListId="8c84fa94-04c1-424b-9868-57a2d4851a1d" />
    <TestEntry testId="25c0e1fc-0db6-ebd6-12dd-86c4d4d446ed" executionId="bd0a1c31-e886-4442-91c3-0f6212226470" testListId="8c84fa94-04c1-424b-9868-57a2d4851a1d" />
    <TestEntry testId="b5a9a3d5-d167-45c8-8a44-b9a8abfe972c" executionId="fd50fe16-4069-44af-817c-344e81ce8452" testListId="8c84fa94-04c1-424b-9868-57a2d4851a1d" />
    <TestEntry testId="370f35f5-bfe9-745c-58b6-400f0927afca" executionId="2cb9d226-3d11-4981-a693-fbe72c743c3b" testListId="8c84fa94-04c1-424b-9868-57a2d4851a1d" />
    <TestEntry testId="a843fe63-02fe-2dad-20bd-094bbba2be1b" executionId="d5ac04cd-17cc-4704-800b-15202ff02950" testListId="8c84fa94-04c1-424b-9868-57a2d4851a1d" />
    <TestEntry testId="d5556391-3e14-ea54-edb2-908d5b097d5b" executionId="817c4a3a-0bbe-403c-b897-5145296f977a" testListId="8c84fa94-04c1-424b-9868-57a2d4851a1d" />
    <TestEntry testId="a8af649b-dae1-93dd-70d1-60e4281350a7" executionId="805395c4-666e-4be1-aa34-97f72407e12b" testListId="8c84fa94-04c1-424b-9868-57a2d4851a1d" />
    <TestEntry testId="c5fbc3fb-b202-c792-eb13-27240e349d77" executionId="5e078837-602f-4aa6-84bf-36664e1ef07f" testListId="8c84fa94-04c1-424b-9868-57a2d4851a1d" />
    <TestEntry testId="dc3a70da-f04f-7f1e-e69e-616f266eb569" executionId="b3304bd9-37e7-43ca-befc-28e5265e23c4" testListId="8c84fa94-04c1-424b-9868-57a2d4851a1d" />
    <TestEntry testId="dea86541-47a1-67e3-9027-ef590430b242" executionId="acb07c15-f8af-4a97-b312-edb3829988a5" testListId="8c84fa94-04c1-424b-9868-57a2d4851a1d" />
    <TestEntry testId="ff01f86a-f0b3-fd8e-4441-388dd11f94ca" executionId="0554fb56-e706-486e-a5c1-c784bacd2ebb" testListId="8c84fa94-04c1-424b-9868-57a2d4851a1d" />
    <TestEntry testId="f18af0cb-5e75-3cdd-8d54-30183467d4d0" executionId="44837f9d-e558-4bc1-9343-ec58201faeca" testListId="8c84fa94-04c1-424b-9868-57a2d4851a1d" />
    <TestEntry testId="0b90b587-8a07-a415-5668-c92e433c53cf" executionId="80eed83a-809d-4d13-8a2f-ef0af70f45d8" testListId="8c84fa94-04c1-424b-9868-57a2d4851a1d" />
    <TestEntry testId="9990f2b1-d640-1774-5359-5f140f74562a" executionId="9e958379-3f1b-4e20-8aa8-aa9e1986335d" testListId="8c84fa94-04c1-424b-9868-57a2d4851a1d" />
    <TestEntry testId="29bcff61-a43a-2ea4-43f4-7055d5db65f3" executionId="a4a295ed-cb3f-4ffa-ad22-25f16fba528b" testListId="8c84fa94-04c1-424b-9868-57a2d4851a1d" />
    <TestEntry testId="a716168d-d91b-5f0c-aea6-10dcb52933ff" executionId="01019e69-3e0c-4cb9-ac0b-6a253c97e55b" testListId="8c84fa94-04c1-424b-9868-57a2d4851a1d" />
    <TestEntry testId="090618a1-3f98-cb1b-af84-a23938a39e4b" executionId="34a627ed-4edc-4bd1-a5ff-c0e2295ab134" testListId="8c84fa94-04c1-424b-9868-57a2d4851a1d" />
    <TestEntry testId="1ec9a971-ccf7-6574-f711-75d27027d1b1" executionId="214f5dfa-e568-4648-8fa2-e81f0e097c67" testListId="8c84fa94-04c1-424b-9868-57a2d4851a1d" />
    <TestEntry testId="36cdeb24-1c40-6d0a-e9f9-e07afe360faf" executionId="d74d1f69-a234-405e-84b3-297bf441bddc" testListId="8c84fa94-04c1-424b-9868-57a2d4851a1d" />
    <TestEntry testId="6a2ff379-2bea-b8c6-342c-6f5af067de2b" executionId="c9928617-7050-4afd-ac82-afa6f9223f1e" testListId="8c84fa94-04c1-424b-9868-57a2d4851a1d" />
    <TestEntry testId="e7f3bc38-2952-992f-f26c-f614b94d4900" executionId="3f302726-4b48-4c9d-859a-e9cc81ca5bfd" testListId="8c84fa94-04c1-424b-9868-57a2d4851a1d" />
    <TestEntry testId="aa8c4660-7a95-c90f-20d5-28080ebf8228" executionId="b5df104f-a46b-4350-803f-6d896afd4f61" testListId="8c84fa94-04c1-424b-9868-57a2d4851a1d" />
    <TestEntry testId="4007acf6-6807-10a0-d3a3-32c9cbc0fb1b" executionId="66e95e14-fa12-4caf-a188-56bb8e974c51" testListId="8c84fa94-04c1-424b-9868-57a2d4851a1d" />
    <TestEntry testId="bd2b47ca-d4c4-3db6-d24c-36dc83eb191c" executionId="4d005ddb-7488-4e99-9c36-c08dc2e2c119" testListId="8c84fa94-04c1-424b-9868-57a2d4851a1d" />
    <TestEntry testId="2dee95e4-fb7b-7b96-b8f1-0255a3e3ab1d" executionId="0a46d733-da28-493c-a226-8337599bcc2c" testListId="8c84fa94-04c1-424b-9868-57a2d4851a1d" />
    <TestEntry testId="5b7e467a-91c7-78ab-3512-45042ebd5bae" executionId="0210ca9f-00fd-4257-b9d8-9783844599f9" testListId="8c84fa94-04c1-424b-9868-57a2d4851a1d" />
    <TestEntry testId="afd010af-4865-ccd0-1c97-5c05039cb3df" executionId="92adb0fd-f2f9-4dc3-b740-2560c8e9ba94" testListId="8c84fa94-04c1-424b-9868-57a2d4851a1d" />
    <TestEntry testId="aabe9f3b-0283-90ce-3fe9-506780195010" executionId="ed3674fe-ea65-4535-baea-3706a9a3fdbf" testListId="8c84fa94-04c1-424b-9868-57a2d4851a1d" />
    <TestEntry testId="8e1ee98d-a3a6-3406-d3c4-1e9ccc628eef" executionId="9fc5581d-5a7c-4a19-a915-53b0bd01319e" testListId="8c84fa94-04c1-424b-9868-57a2d4851a1d" />
    <TestEntry testId="01823501-c211-fcf8-f3bc-3f1317bdb6c6" executionId="ad661582-1609-4e71-8cf0-1a8b8a0e5b95" testListId="8c84fa94-04c1-424b-9868-57a2d4851a1d" />
    <TestEntry testId="83a80bc6-1e32-c826-00c2-28009b2ec3e2" executionId="5a1b682d-012f-451a-8294-c0bc7d721979" testListId="8c84fa94-04c1-424b-9868-57a2d4851a1d" />
    <TestEntry testId="e401551b-645d-a000-6212-1dcbb32da72a" executionId="6e925b11-a443-4f27-9219-8aa2d050bebd" testListId="8c84fa94-04c1-424b-9868-57a2d4851a1d" />
    <TestEntry testId="e4d83b6e-0f77-db97-f15f-cf453db67653" executionId="95d18132-6aef-45f1-9b80-5a9dda465d49" testListId="8c84fa94-04c1-424b-9868-57a2d4851a1d" />
    <TestEntry testId="16f70a3b-5d0d-c008-e985-9ff47e23535f" executionId="928511ff-8dba-45b1-9226-0e8a22780a2a" testListId="8c84fa94-04c1-424b-9868-57a2d4851a1d" />
    <TestEntry testId="83479372-ac22-3102-64a3-5de7bde0b436" executionId="74e45548-edf4-44c7-93f4-ca085a9364ba" testListId="8c84fa94-04c1-424b-9868-57a2d4851a1d" />
    <TestEntry testId="c02f77ba-8027-1ee9-4d13-6255dfee4584" executionId="738c3bb9-cd14-43e7-94d8-1b92dd04c499" testListId="8c84fa94-04c1-424b-9868-57a2d4851a1d" />
    <TestEntry testId="5c89a79c-3302-59fb-0a7f-dd6efcecc99f" executionId="3abba89d-6f9c-4103-b9c1-b24eff53b3de" testListId="8c84fa94-04c1-424b-9868-57a2d4851a1d" />
    <TestEntry testId="7a2f02f2-38dc-f21f-ced5-a6bb14b1d39f" executionId="233db7a2-1ca8-4a96-a9ea-103506c0b475" testListId="8c84fa94-04c1-424b-9868-57a2d4851a1d" />
    <TestEntry testId="58252538-aa9d-495e-5cd5-b82da0ddf325" executionId="32a84e6e-213d-44d9-9c27-f36683c66730" testListId="8c84fa94-04c1-424b-9868-57a2d4851a1d" />
    <TestEntry testId="a281c1cf-4cbd-83fd-4875-29e6304184ce" executionId="16ed679e-95c9-4bce-80a1-e0707b5b7d0d" testListId="8c84fa94-04c1-424b-9868-57a2d4851a1d" />
    <TestEntry testId="d406bc19-75a3-3b49-87d9-9611bef3a149" executionId="551895f8-0dff-4093-8a2a-6d71102949f3" testListId="8c84fa94-04c1-424b-9868-57a2d4851a1d" />
    <TestEntry testId="eef1d5fa-f70e-9435-6c4f-65fc77d3b605" executionId="71891d24-511f-4152-9a19-3ebf48189072" testListId="8c84fa94-04c1-424b-9868-57a2d4851a1d" />
    <TestEntry testId="9a1708ae-f837-8f90-d32c-c602c615231d" executionId="a9b6078f-251b-4bf0-8276-e94570841d3b" testListId="8c84fa94-04c1-424b-9868-57a2d4851a1d" />
    <TestEntry testId="ad6256fd-49a6-5d29-9f2f-3c372f001088" executionId="e5655da8-1de3-4586-b2bf-5a818e93117f" testListId="8c84fa94-04c1-424b-9868-57a2d4851a1d" />
    <TestEntry testId="dac9cf96-2207-6437-725b-7305466a449b" executionId="f3a8073e-d4d7-41c0-8b8f-ecc44397078b" testListId="8c84fa94-04c1-424b-9868-57a2d4851a1d" />
    <TestEntry testId="dce8c19a-cd95-9820-a312-000e0497d5ed" executionId="81872d8b-31d0-41d9-b446-8f7133c97103" testListId="8c84fa94-04c1-424b-9868-57a2d4851a1d" />
    <TestEntry testId="ad02a006-5a0a-4f1e-ce45-4fd9f5d0e3df" executionId="fbb2e3cc-2d7f-49a6-838d-5fcb4707cf94" testListId="8c84fa94-04c1-424b-9868-57a2d4851a1d" />
    <TestEntry testId="e06ffeba-d059-aca0-13bd-f641f573dee2" executionId="e7d7fbc7-7ce1-47b7-9fbf-212d375ca54f" testListId="8c84fa94-04c1-424b-9868-57a2d4851a1d" />
    <TestEntry testId="bd8000e8-4bb7-b34f-3322-24db8b37164f" executionId="153db2a3-9918-463e-9ea2-1a8517a0ff59" testListId="8c84fa94-04c1-424b-9868-57a2d4851a1d" />
    <TestEntry testId="9b31f701-8322-5e52-2f1d-873773ad71b1" executionId="02ac9467-a708-41c6-82e0-03816f447a9c" testListId="8c84fa94-04c1-424b-9868-57a2d4851a1d" />
    <TestEntry testId="4dcdae58-fdaf-cc1d-331a-86b37afe9b16" executionId="c5ff08d6-4144-44b6-88f1-234d67b52244" testListId="8c84fa94-04c1-424b-9868-57a2d4851a1d" />
    <TestEntry testId="2759ae23-e9e8-858b-c5ed-2e9bbdc77c87" executionId="6bafe1c6-3c4a-4db0-93a5-dcebfbc4d848" testListId="8c84fa94-04c1-424b-9868-57a2d4851a1d" />
    <TestEntry testId="d65534dd-086c-c963-96ef-21fceb425911" executionId="bd848f4c-7363-4960-8b3e-b0e85049d4a9" testListId="8c84fa94-04c1-424b-9868-57a2d4851a1d" />
    <TestEntry testId="f61eb171-50da-2a2b-ca13-d4ed9077274d" executionId="198f38c6-ede0-446e-a581-43664b82e410" testListId="8c84fa94-04c1-424b-9868-57a2d4851a1d" />
    <TestEntry testId="87c35dc4-1dec-41d8-5129-a1212e925b71" executionId="ff772e23-3e2f-4cd9-82e5-c0eac4e30bd0" testListId="8c84fa94-04c1-424b-9868-57a2d4851a1d" />
    <TestEntry testId="83f9169e-fa79-6fbf-fd57-ff77655ec499" executionId="fda8bce0-9fbf-4d9d-aab8-2b4c105a5cf5" testListId="8c84fa94-04c1-424b-9868-57a2d4851a1d" />
    <TestEntry testId="cac267fe-fbf4-1da3-9fa6-3dc03dc118f3" executionId="3b6e42c6-8306-4876-b312-268b79c8f1f6" testListId="8c84fa94-04c1-424b-9868-57a2d4851a1d" />
    <TestEntry testId="c95e9ddb-a6a6-1d80-1dd1-cce37ce3dde2" executionId="c815a96c-40e8-4fee-ab02-489d7a075b9a" testListId="8c84fa94-04c1-424b-9868-57a2d4851a1d" />
    <TestEntry testId="c60b5b1a-855f-ddf2-2fce-a2dda2f564ce" executionId="3867a237-5452-47b4-ac90-5176608f98ac" testListId="8c84fa94-04c1-424b-9868-57a2d4851a1d" />
    <TestEntry testId="2e0816b3-3437-425e-6271-4231472fe7bb" executionId="d1b9cb7f-830f-4bdd-a736-80291e6d02bc" testListId="8c84fa94-04c1-424b-9868-57a2d4851a1d" />
    <TestEntry testId="fe4f30bc-1fdf-6114-5b9c-983da7a4cd3b" executionId="3b60f207-6a48-46d7-8744-43c9b0ffc4e8" testListId="8c84fa94-04c1-424b-9868-57a2d4851a1d" />
    <TestEntry testId="de656884-06bc-c865-1cb8-9caa897a1ba9" executionId="8d146c30-d70d-400a-a910-50bdb24a4b11" testListId="8c84fa94-04c1-424b-9868-57a2d4851a1d" />
    <TestEntry testId="7a85750e-bcda-5c54-4171-18d39889e869" executionId="ed656183-927e-4475-aebf-90454d71c385" testListId="8c84fa94-04c1-424b-9868-57a2d4851a1d" />
    <TestEntry testId="6ff453f5-1223-2d25-c8b6-4211230bf1c6" executionId="a114ffc3-233d-4434-98b9-407c7e7106ce" testListId="8c84fa94-04c1-424b-9868-57a2d4851a1d" />
    <TestEntry testId="b2c27937-4729-a707-5356-576017253ccd" executionId="6020b69d-d30c-4d7f-93f5-c0b59fe7c3a8" testListId="8c84fa94-04c1-424b-9868-57a2d4851a1d" />
    <TestEntry testId="7691f77f-7d23-6d09-6a27-9039befec29a" executionId="d8b45726-4031-4818-9d49-aed6573dacf6" testListId="8c84fa94-04c1-424b-9868-57a2d4851a1d" />
    <TestEntry testId="b1a133e2-bb63-127f-db68-ba6dab916cde" executionId="9bd88bb3-f06b-4379-8cb2-3630b0c8aa53" testListId="8c84fa94-04c1-424b-9868-57a2d4851a1d" />
    <TestEntry testId="a6d9dfc6-6817-dcd7-6452-44e3098e1ac7" executionId="f118639b-a374-4c5d-b2d5-b233ef2ac6c5" testListId="8c84fa94-04c1-424b-9868-57a2d4851a1d" />
    <TestEntry testId="bb06bf78-ab21-b368-e7ef-1d7c921a2efd" executionId="fce76fd7-899d-4140-adca-ff91a2185af8" testListId="8c84fa94-04c1-424b-9868-57a2d4851a1d" />
    <TestEntry testId="67109af0-8fef-f227-7dc4-d5deed9c45c3" executionId="6691686a-ed98-4548-a161-8e813bc34b13" testListId="8c84fa94-04c1-424b-9868-57a2d4851a1d" />
    <TestEntry testId="eed6059b-448f-9450-7b36-e01e8b5e1322" executionId="10a3863f-ed65-4695-a1b1-ce5afedea79c" testListId="8c84fa94-04c1-424b-9868-57a2d4851a1d" />
    <TestEntry testId="7ce30dfb-2211-8640-4a16-31e97becf323" executionId="6f109542-c37b-43ae-a50b-34b6c2755e82" testListId="8c84fa94-04c1-424b-9868-57a2d4851a1d" />
    <TestEntry testId="30f7a855-6e4a-423e-6c06-6dbdfcea4095" executionId="6897761e-937b-4334-bd73-860cd5686fa4" testListId="8c84fa94-04c1-424b-9868-57a2d4851a1d" />
    <TestEntry testId="6459f488-7884-0802-1177-6dd19cd0b523" executionId="39a4b136-a8ae-4e47-b093-aee3544577f3" testListId="8c84fa94-04c1-424b-9868-57a2d4851a1d" />
    <TestEntry testId="1a78a23a-08c2-bb6e-8ffb-6ac2f44d4918" executionId="1388c469-bd25-4d41-83a8-a06caacd9b6f" testListId="8c84fa94-04c1-424b-9868-57a2d4851a1d" />
    <TestEntry testId="d86fc41b-b759-c6af-e706-53b3776f4824" executionId="0c474536-b719-4a07-86a6-b067be6abf0f" testListId="8c84fa94-04c1-424b-9868-57a2d4851a1d" />
    <TestEntry testId="82473ccf-f02c-00f7-3d86-6688287d140a" executionId="5a50522b-5e0e-4928-a044-aa3ff3c417e3" testListId="8c84fa94-04c1-424b-9868-57a2d4851a1d" />
    <TestEntry testId="cf0a29fe-1cc3-8d11-3f49-4cd9fbcd6ec4" executionId="b833c196-8bc7-433a-a33b-7cf366530fc7" testListId="8c84fa94-04c1-424b-9868-57a2d4851a1d" />
    <TestEntry testId="df2d8e43-53ad-a069-83f3-f6ce5b005341" executionId="8356460b-2ff4-41cd-bd91-9875df33c8c6" testListId="8c84fa94-04c1-424b-9868-57a2d4851a1d" />
    <TestEntry testId="2d1d5e6f-4d6f-c4a7-2a87-2a5c678ea792" executionId="e6ce2761-952f-4b4c-b175-c597d0b8be17" testListId="8c84fa94-04c1-424b-9868-57a2d4851a1d" />
    <TestEntry testId="8550bcbc-6a25-480c-7196-120080b1f325" executionId="1512d9d9-f6ed-475b-aa73-77862c9e715b" testListId="8c84fa94-04c1-424b-9868-57a2d4851a1d" />
    <TestEntry testId="c1f97e1b-9097-ee45-a128-9c8ad72fdcca" executionId="06a97192-d43e-4bb7-98d7-8325bc671dd1" testListId="8c84fa94-04c1-424b-9868-57a2d4851a1d" />
    <TestEntry testId="c8975f4e-d683-dbed-6a60-cf01ca216e3c" executionId="e58c09d4-099b-4cdd-b0ff-3764e94b5a89" testListId="8c84fa94-04c1-424b-9868-57a2d4851a1d" />
    <TestEntry testId="6f432268-4ae0-5904-6da5-9b61e1dd225a" executionId="c1c6e6b6-17dc-4192-bd1c-5bf4e3763b51" testListId="8c84fa94-04c1-424b-9868-57a2d4851a1d" />
    <TestEntry testId="8c74cf7e-2896-1468-27c7-3536171927b5" executionId="c61edb68-2918-4775-8731-63d792326ce7" testListId="8c84fa94-04c1-424b-9868-57a2d4851a1d" />
    <TestEntry testId="01edfe3a-b99c-0e95-d27d-a91e1755f99c" executionId="3cd3331d-4e21-491a-960c-f69aa7ade467" testListId="8c84fa94-04c1-424b-9868-57a2d4851a1d" />
    <TestEntry testId="b31e2842-7ff6-9c4d-5a6d-12cd5934217d" executionId="4e1b27c2-0ef8-4199-ac38-7dfc5208ca44" testListId="8c84fa94-04c1-424b-9868-57a2d4851a1d" />
    <TestEntry testId="013564de-304c-9e60-47bd-81f0113a3344" executionId="cdfafa8f-beb6-46f7-8d16-166b0833c671" testListId="8c84fa94-04c1-424b-9868-57a2d4851a1d" />
    <TestEntry testId="20f99fd0-80df-b89a-accb-7db6e1941309" executionId="a737cee0-5c0c-4e97-b355-dca81440c122" testListId="8c84fa94-04c1-424b-9868-57a2d4851a1d" />
    <TestEntry testId="5e96792b-e316-edd5-78c3-2dcaa7810f05" executionId="0a56d773-737e-4785-a2ba-e07bb3bbbc7e" testListId="8c84fa94-04c1-424b-9868-57a2d4851a1d" />
    <TestEntry testId="7fc6826c-87db-5ff0-61d5-9f5afa16c335" executionId="367dfcf3-12c7-4358-b9c2-0a63f20ecd04" testListId="8c84fa94-04c1-424b-9868-57a2d4851a1d" />
    <TestEntry testId="58b88055-de12-a0ba-7add-061dbee24322" executionId="bb15f71e-690d-41a5-a35e-c42371e28a12" testListId="8c84fa94-04c1-424b-9868-57a2d4851a1d" />
    <TestEntry testId="1406500a-04ca-57f0-a5cb-8c6eb46c5bb0" executionId="2f454eb5-2eea-4ee6-9531-144fe2570264" testListId="8c84fa94-04c1-424b-9868-57a2d4851a1d" />
    <TestEntry testId="23389cd4-cd53-51f9-ea03-100b46c66dea" executionId="7154f208-3e80-4b44-97be-6959d19e5a24" testListId="8c84fa94-04c1-424b-9868-57a2d4851a1d" />
    <TestEntry testId="57086ece-c5ec-0298-49d3-4c7171b38604" executionId="c0f9f2cf-e769-4556-b579-b40bb8f9e1b1" testListId="8c84fa94-04c1-424b-9868-57a2d4851a1d" />
    <TestEntry testId="10e1bc78-0868-7148-438c-65de1acdb194" executionId="da4788a3-ad58-462c-b1d5-729da7c7906e" testListId="8c84fa94-04c1-424b-9868-57a2d4851a1d" />
    <TestEntry testId="4765fad6-3a2e-3331-c764-b27e0bb9a9e9" executionId="0baa58be-887d-4016-b9f5-31d4efca0e59" testListId="8c84fa94-04c1-424b-9868-57a2d4851a1d" />
    <TestEntry testId="fa94c605-7efa-54ce-b849-37cdbf4948d5" executionId="a8d0aff5-94ee-4617-a964-121aacd7d7a7" testListId="8c84fa94-04c1-424b-9868-57a2d4851a1d" />
    <TestEntry testId="a76ae674-56b4-d457-d0b5-04f908ea39dd" executionId="e55b6bcf-495d-4f64-8243-40a5ccfe7cce" testListId="8c84fa94-04c1-424b-9868-57a2d4851a1d" />
    <TestEntry testId="be6cfbcd-fd17-0ef0-41e0-69cc79bb01b4" executionId="867ab0c7-4ed3-487b-866d-39d53f203d48" testListId="8c84fa94-04c1-424b-9868-57a2d4851a1d" />
    <TestEntry testId="9411755a-ed03-1bd5-6a9e-ae7adc109c39" executionId="bb054648-3ace-4557-aa47-d0a18389610f" testListId="8c84fa94-04c1-424b-9868-57a2d4851a1d" />
    <TestEntry testId="ccea9d13-a40c-5163-21a5-c1d7585383c5" executionId="c528a475-94a3-4112-8d6a-a17f4197660b" testListId="8c84fa94-04c1-424b-9868-57a2d4851a1d" />
    <TestEntry testId="7fd6ee50-38fb-1f6d-2981-36624ef9879d" executionId="2b30689b-1da0-4466-8ba9-fdec465423a7" testListId="8c84fa94-04c1-424b-9868-57a2d4851a1d" />
    <TestEntry testId="660e17c7-b163-10b3-51cd-c804422c0956" executionId="60d78c4d-2f07-4894-a6d7-32501b3007e0" testListId="8c84fa94-04c1-424b-9868-57a2d4851a1d" />
    <TestEntry testId="308ca403-a995-1c08-e22b-951d92c43d55" executionId="9343d36a-4777-4d37-9c87-2dc6d149f5b8" testListId="8c84fa94-04c1-424b-9868-57a2d4851a1d" />
    <TestEntry testId="b0434887-dfe7-2162-06e6-63d560525e39" executionId="1d55a069-b012-46a9-a074-147a11c3202e" testListId="8c84fa94-04c1-424b-9868-57a2d4851a1d" />
    <TestEntry testId="871f8fb2-ea4c-5888-ad3a-806fd772a2ef" executionId="a3965a71-daa9-4375-b187-18de5d99dc22" testListId="8c84fa94-04c1-424b-9868-57a2d4851a1d" />
    <TestEntry testId="67beb0a5-9a00-f41f-5cc7-9b2212ae231b" executionId="1361ea34-397c-4c1e-9225-684f5dcc8719" testListId="8c84fa94-04c1-424b-9868-57a2d4851a1d" />
    <TestEntry testId="acaf8f11-c094-5279-81da-147803acc234" executionId="af9e6cb6-a4d4-4100-aa25-6df70fbeff5c" testListId="8c84fa94-04c1-424b-9868-57a2d4851a1d" />
    <TestEntry testId="eab68e72-788f-cfb8-63fb-af574cc69c45" executionId="0adce80b-316c-4aec-a621-88f0f33ab2f1" testListId="8c84fa94-04c1-424b-9868-57a2d4851a1d" />
    <TestEntry testId="733bba28-25fb-6fce-b007-e45f68595c31" executionId="47f52308-41f3-4cee-8394-34d5c4b3df0f" testListId="8c84fa94-04c1-424b-9868-57a2d4851a1d" />
    <TestEntry testId="22668868-cc5e-c587-36dd-f0bf4a7c2632" executionId="d9b06ead-29f8-4fce-a909-ae158592901e" testListId="8c84fa94-04c1-424b-9868-57a2d4851a1d" />
    <TestEntry testId="aad36528-8d2a-1d3c-586a-4fb6d835d445" executionId="29e83f77-8fc6-4503-9c6c-748a6b56a703" testListId="8c84fa94-04c1-424b-9868-57a2d4851a1d" />
    <TestEntry testId="7768534f-3a50-2837-2cf8-d7b19ea18fad" executionId="7927c671-99c0-459c-8608-6a7564021b98" testListId="8c84fa94-04c1-424b-9868-57a2d4851a1d" />
    <TestEntry testId="3d23eb83-5147-5672-17a2-324762625540" executionId="490ef476-2136-4ffa-a3c3-7602ba2403fe" testListId="8c84fa94-04c1-424b-9868-57a2d4851a1d" />
    <TestEntry testId="2e1f8d7c-0d69-963e-a895-e1ab673267fe" executionId="56ea3e2e-723a-4135-ba1d-1bdb6a83379a" testListId="8c84fa94-04c1-424b-9868-57a2d4851a1d" />
    <TestEntry testId="649576d9-84f0-7dc5-d235-0e115e5d175e" executionId="bf1e7304-1711-4a3d-ac90-9db8d53afc3a" testListId="8c84fa94-04c1-424b-9868-57a2d4851a1d" />
    <TestEntry testId="255f854d-5b78-3942-dbc3-8c841af0d680" executionId="2164dfed-48cb-47b8-b7cb-71f62b86846b" testListId="8c84fa94-04c1-424b-9868-57a2d4851a1d" />
    <TestEntry testId="8b0d2482-3a7f-1fdf-a586-a0235ce9594d" executionId="73901a28-0490-40fa-a08f-087d8f4fe747" testListId="8c84fa94-04c1-424b-9868-57a2d4851a1d" />
    <TestEntry testId="7cba5e7d-77d4-9489-5959-bb5f1dfd111c" executionId="d6a9b7e1-0068-4f88-982a-841f37e341f6" testListId="8c84fa94-04c1-424b-9868-57a2d4851a1d" />
    <TestEntry testId="34c16ea6-9bb7-002e-203b-a16772c42316" executionId="a0bd7b65-ef19-49e4-9c39-b8b66807cbb5" testListId="8c84fa94-04c1-424b-9868-57a2d4851a1d" />
    <TestEntry testId="d0835474-54a2-68b1-7f10-3e1e88991a85" executionId="887ffa4a-28cc-4dd3-938a-06978200da3c" testListId="8c84fa94-04c1-424b-9868-57a2d4851a1d" />
    <TestEntry testId="9b757f88-a3c7-150e-d2d4-f6a632127186" executionId="dfa1d32b-9b7e-4a54-9603-478ead778b4b" testListId="8c84fa94-04c1-424b-9868-57a2d4851a1d" />
    <TestEntry testId="e85b2f4b-9415-e5ab-d943-269429563998" executionId="de59260c-4b68-4647-a770-e4e5949979fc" testListId="8c84fa94-04c1-424b-9868-57a2d4851a1d" />
    <TestEntry testId="89d94204-6859-08fd-f562-7b24bf2cea08" executionId="02682a33-c28e-40c2-bac8-274359be97cb" testListId="8c84fa94-04c1-424b-9868-57a2d4851a1d" />
    <TestEntry testId="6ec108b0-9a8f-beb1-0bb5-ae3aab850ce1" executionId="ac160f0d-1ae1-45d5-9738-75559a6fb369" testListId="8c84fa94-04c1-424b-9868-57a2d4851a1d" />
    <TestEntry testId="44559b3b-4bc0-9b19-46d5-68aa01a0837e" executionId="f716df68-0208-46b8-8984-ad8555472afb" testListId="8c84fa94-04c1-424b-9868-57a2d4851a1d" />
    <TestEntry testId="7d16c53f-5b8c-20c1-78c0-f6a7c53570e6" executionId="fea26f0c-deb9-4a32-af36-e73e5a3bc802" testListId="8c84fa94-04c1-424b-9868-57a2d4851a1d" />
    <TestEntry testId="daad17bb-4bfd-057d-d1e1-35e885fba814" executionId="7e59df4d-2b62-4081-a84b-6e6165eb434a" testListId="8c84fa94-04c1-424b-9868-57a2d4851a1d" />
    <TestEntry testId="2dff8873-00f4-28a3-c516-856502cf3b22" executionId="de57e8b4-f600-4a74-857b-f02089499a21" testListId="8c84fa94-04c1-424b-9868-57a2d4851a1d" />
    <TestEntry testId="e1f831ed-918d-20f9-012c-486e00c41ebe" executionId="0c1be7f0-0339-4040-af74-6994dba30694" testListId="8c84fa94-04c1-424b-9868-57a2d4851a1d" />
    <TestEntry testId="3c13ee82-e608-9899-ac6f-555a0ec9a575" executionId="95432054-e7b5-40e3-8d31-cf0a0e6e8c5d" testListId="8c84fa94-04c1-424b-9868-57a2d4851a1d" />
    <TestEntry testId="2b61d3f8-d8ea-6d9c-6e2f-000e0f355baa" executionId="b87c048d-fc5b-448c-8def-208c03257b9b" testListId="8c84fa94-04c1-424b-9868-57a2d4851a1d" />
    <TestEntry testId="25f6a734-66c9-8e52-5315-839b41d0d581" executionId="4bc989cf-95d5-46af-8942-48d0853060eb" testListId="8c84fa94-04c1-424b-9868-57a2d4851a1d" />
    <TestEntry testId="176670fb-1d4e-426f-b470-5d27087647a7" executionId="732ceb4f-83f2-40a2-a075-c1e5d3ee8610" testListId="8c84fa94-04c1-424b-9868-57a2d4851a1d" />
    <TestEntry testId="3f116c1c-2f15-b2f9-d71d-e760323e39a9" executionId="267d375d-8095-40db-a1cc-4ebc69e2e73a" testListId="8c84fa94-04c1-424b-9868-57a2d4851a1d" />
    <TestEntry testId="72120e5b-d1bc-e3c6-fa74-d580fd378075" executionId="e73cb5c7-e7e8-4a42-8867-65105e7cb51c" testListId="8c84fa94-04c1-424b-9868-57a2d4851a1d" />
    <TestEntry testId="2f4e268f-1d7b-cb93-a667-6924f4c56a4a" executionId="478977cb-5166-49ca-90a2-0bdcfc0ae81a" testListId="8c84fa94-04c1-424b-9868-57a2d4851a1d" />
    <TestEntry testId="37a64d9d-0a25-9518-8a0e-a42d1be2ee81" executionId="67d328e2-501d-4134-88a6-e182f39e2d24" testListId="8c84fa94-04c1-424b-9868-57a2d4851a1d" />
    <TestEntry testId="de7e5580-3bcf-d7fc-1403-c097971fccaa" executionId="7b0d699d-89d7-42f0-bc52-1b65c418bcea" testListId="8c84fa94-04c1-424b-9868-57a2d4851a1d" />
    <TestEntry testId="5f3be311-9b81-e806-895c-29723d762942" executionId="f79e1eff-8d7f-4ea9-be75-01244f787402" testListId="8c84fa94-04c1-424b-9868-57a2d4851a1d" />
    <TestEntry testId="5214e039-aa1f-da9c-191c-0e382c774369" executionId="0ec45089-cb34-4102-99ac-93c526794261" testListId="8c84fa94-04c1-424b-9868-57a2d4851a1d" />
    <TestEntry testId="e3444bb7-a660-f537-cb8c-fe8bebcfd07e" executionId="f647e473-d686-486b-a351-3daaec53c691" testListId="8c84fa94-04c1-424b-9868-57a2d4851a1d" />
    <TestEntry testId="213bb916-ceed-426e-96b4-3a3ab34937e0" executionId="033d9271-4401-464d-bdc5-d10a1e8c561c" testListId="8c84fa94-04c1-424b-9868-57a2d4851a1d" />
    <TestEntry testId="dfc76857-5068-fa73-5484-889d9772bdb5" executionId="48c86ea0-004a-4f32-a4c3-b738c7d51351" testListId="8c84fa94-04c1-424b-9868-57a2d4851a1d" />
    <TestEntry testId="f75cfd19-d979-aaa4-6587-b071f5eb5243" executionId="1200583d-4102-475e-83e1-445156acfc0c" testListId="8c84fa94-04c1-424b-9868-57a2d4851a1d" />
    <TestEntry testId="f4a374c3-e0ad-712b-b4bf-3aff2797104a" executionId="650993d3-4c66-487f-933b-ece8abfba432" testListId="8c84fa94-04c1-424b-9868-57a2d4851a1d" />
    <TestEntry testId="4438e3ce-2809-702e-3732-90329641fb1d" executionId="1de90e68-2beb-42f2-abda-9e1717cdbc1f" testListId="8c84fa94-04c1-424b-9868-57a2d4851a1d" />
    <TestEntry testId="9ecc4488-c093-5cb0-bb44-c25e1278f8dc" executionId="8e3d7765-906c-437d-9276-a315a03ae29c" testListId="8c84fa94-04c1-424b-9868-57a2d4851a1d" />
    <TestEntry testId="f5749084-ca45-11f0-7dbf-28c0be376a6b" executionId="17fd993b-8124-4672-95cd-4271b93363af" testListId="8c84fa94-04c1-424b-9868-57a2d4851a1d" />
    <TestEntry testId="3ff2e93f-f004-ea7a-6360-9e7eb2f35e5e" executionId="37be96d5-df9e-4580-85f4-e3a18130ed03" testListId="8c84fa94-04c1-424b-9868-57a2d4851a1d" />
    <TestEntry testId="c9f26089-c5aa-618d-de33-937b4286e297" executionId="ebcec6e4-080c-4743-ba9c-4b0f12b2ab68" testListId="8c84fa94-04c1-424b-9868-57a2d4851a1d" />
    <TestEntry testId="81d85a0a-5c8d-3d71-55aa-39f722463aa3" executionId="6c54dc87-aefa-4675-b7ce-756efb785d7c" testListId="8c84fa94-04c1-424b-9868-57a2d4851a1d" />
    <TestEntry testId="5011fa05-fc7a-5b36-1a94-4fac9b8df85f" executionId="38c2cc90-7e06-4826-8265-30f2bf4e5830" testListId="8c84fa94-04c1-424b-9868-57a2d4851a1d" />
    <TestEntry testId="2ddc613f-8f4d-2a7d-21f8-6782a493c660" executionId="768800d1-6ce3-43dc-acb6-bbbf72e5b3cd" testListId="8c84fa94-04c1-424b-9868-57a2d4851a1d" />
    <TestEntry testId="c6237c9e-4fed-9131-54bd-29c3415d618e" executionId="583aa2aa-919a-4a5b-809f-ec532ed198fb" testListId="8c84fa94-04c1-424b-9868-57a2d4851a1d" />
    <TestEntry testId="ada0d990-bf19-2979-ac19-f69288f0b373" executionId="b600769c-4d82-402e-8a4e-50eafc90af8c" testListId="8c84fa94-04c1-424b-9868-57a2d4851a1d" />
    <TestEntry testId="24d246a1-d992-e6f0-a37e-a3955455c9c0" executionId="5d8f097f-374e-4ad9-9a51-991a950ee4b3" testListId="8c84fa94-04c1-424b-9868-57a2d4851a1d" />
    <TestEntry testId="5eb94d51-5c62-aaf6-cb61-c1c5957e95cc" executionId="42b19956-9ffb-4d3a-82b1-e2833db511d6" testListId="8c84fa94-04c1-424b-9868-57a2d4851a1d" />
    <TestEntry testId="9e5a279b-b204-4074-d4ac-7c9708d47756" executionId="d6ed1465-4a73-4b8d-9820-90192481a70e" testListId="8c84fa94-04c1-424b-9868-57a2d4851a1d" />
    <TestEntry testId="4dd705b4-7906-f919-391b-5a84eba0a39f" executionId="10c079b7-9e0a-4e26-aec9-9115127777e7" testListId="8c84fa94-04c1-424b-9868-57a2d4851a1d" />
    <TestEntry testId="bab4333c-e207-8e2f-7baa-448842489a21" executionId="20a84e69-4761-490d-9b35-8706c1b43cb0" testListId="8c84fa94-04c1-424b-9868-57a2d4851a1d" />
    <TestEntry testId="779fb846-f62f-b29d-4159-92284b7f2f4a" executionId="0280228c-f5dc-4d7b-9619-836ad3721ca1" testListId="8c84fa94-04c1-424b-9868-57a2d4851a1d" />
    <TestEntry testId="b12b36db-b715-1ac4-2405-36b1f5db9819" executionId="7dc070ef-2584-4b0e-ba71-4d4995b1d2bf" testListId="8c84fa94-04c1-424b-9868-57a2d4851a1d" />
    <TestEntry testId="b9b754c8-f714-8344-be20-9f6c2138c38b" executionId="50b53c0c-fc62-42b2-9e12-726875bbc515" testListId="8c84fa94-04c1-424b-9868-57a2d4851a1d" />
    <TestEntry testId="12b17b7e-341f-b93e-6db1-d2ed9a5134c7" executionId="f81baea0-920c-4210-bd3b-def6c364b139" testListId="8c84fa94-04c1-424b-9868-57a2d4851a1d" />
    <TestEntry testId="0b6e2ee6-2114-984f-bada-a3b5ed5e083c" executionId="a7fde043-a092-49d9-94d1-8f7e3fcc0410" testListId="8c84fa94-04c1-424b-9868-57a2d4851a1d" />
    <TestEntry testId="ecc5ab88-aabd-5a27-aa7c-5aba009bc1c4" executionId="cb9c9820-d2b3-4fa6-9830-681c26cc855f" testListId="8c84fa94-04c1-424b-9868-57a2d4851a1d" />
    <TestEntry testId="e2286503-c885-d75f-9066-b03417418d83" executionId="25c25171-9dce-4c68-a6cf-74eea212709c" testListId="8c84fa94-04c1-424b-9868-57a2d4851a1d" />
    <TestEntry testId="5ca335a4-1c06-7672-db8c-7ad200989c3c" executionId="800e547a-ecb9-4479-80c3-19fe43f818a2" testListId="8c84fa94-04c1-424b-9868-57a2d4851a1d" />
    <TestEntry testId="c8ad081e-6f99-2cf6-df04-fd222c5d7700" executionId="4b87f2c2-e108-4d27-a180-b2d979f07934" testListId="8c84fa94-04c1-424b-9868-57a2d4851a1d" />
    <TestEntry testId="164f4c8e-81cc-4a2e-4c6f-0c91ccec14ab" executionId="01b13dfc-2d72-44cb-b91b-4ef8f28cb6f4" testListId="8c84fa94-04c1-424b-9868-57a2d4851a1d" />
    <TestEntry testId="86af2605-ad50-3b2e-3ed9-5900a4915214" executionId="92824316-53fe-4aec-9531-925ba7ff7f9a" testListId="8c84fa94-04c1-424b-9868-57a2d4851a1d" />
    <TestEntry testId="840dc1d5-7578-107a-64ec-eb6ccac07a43" executionId="2664f5b7-9a60-4f6f-8e56-dc5960fc50d5" testListId="8c84fa94-04c1-424b-9868-57a2d4851a1d" />
    <TestEntry testId="adb9a7e1-50d7-ee31-9947-792b6887d4a5" executionId="31d89eae-8c71-432b-ab2b-b460d91ed1f3" testListId="8c84fa94-04c1-424b-9868-57a2d4851a1d" />
    <TestEntry testId="18a0ff0a-ac1a-a9d5-81ad-858aef9a2757" executionId="ebc564e0-4f35-4e49-a85a-b12287394b81" testListId="8c84fa94-04c1-424b-9868-57a2d4851a1d" />
    <TestEntry testId="3f7d169c-1c92-efb0-f94c-315afeaae0a1" executionId="4e51f31e-61bc-4355-8a8c-f728a04721fa" testListId="8c84fa94-04c1-424b-9868-57a2d4851a1d" />
    <TestEntry testId="e25db0a7-077f-add3-a7d0-917882ca41b5" executionId="2028e46e-93a9-4ba6-b579-45fbf3e6d0d3" testListId="8c84fa94-04c1-424b-9868-57a2d4851a1d" />
    <TestEntry testId="64c450da-7a60-5814-dbb9-6e570bc6322b" executionId="38616805-a87d-40bc-96c1-54e23aa65cd5" testListId="8c84fa94-04c1-424b-9868-57a2d4851a1d" />
    <TestEntry testId="edaf2d5a-d6de-d234-0de7-8249b2681bd2" executionId="1c04dace-b1f1-4dd2-a323-49a29b2e1cc5" testListId="8c84fa94-04c1-424b-9868-57a2d4851a1d" />
    <TestEntry testId="1de7457f-b5a2-1f57-0603-f569ba66865a" executionId="310bd43a-1027-4840-a9bb-9da1f0549857" testListId="8c84fa94-04c1-424b-9868-57a2d4851a1d" />
    <TestEntry testId="3b8e6c08-50b1-29ab-a284-f4c5f19ab0fe" executionId="75eb76b6-250e-42da-8b29-c4517e645773" testListId="8c84fa94-04c1-424b-9868-57a2d4851a1d" />
    <TestEntry testId="5c4b9025-70ac-dd5f-337c-a3936f51c0c9" executionId="2a84fb6f-6875-4585-a8a0-552bc7ab6d83" testListId="8c84fa94-04c1-424b-9868-57a2d4851a1d" />
    <TestEntry testId="7ed00c63-b206-d22d-b036-c81acaffec65" executionId="1083679b-6fdf-497b-9edb-b624a7389eb2" testListId="8c84fa94-04c1-424b-9868-57a2d4851a1d" />
    <TestEntry testId="cacdbc78-b13e-992e-95ba-f4e74853ded7" executionId="0aab990a-6bab-4f0b-9a13-8161ec45b400" testListId="8c84fa94-04c1-424b-9868-57a2d4851a1d" />
    <TestEntry testId="0982bbc2-1c72-d9d0-5afb-0ccc4ad492e3" executionId="ee662171-fe18-4e6b-9826-be65c83c6ccd" testListId="8c84fa94-04c1-424b-9868-57a2d4851a1d" />
    <TestEntry testId="d93eba36-2b78-21a5-e34e-0946c9c2d8a6" executionId="569dc375-1e3e-4bd3-b08a-b36d5b38c4cf" testListId="8c84fa94-04c1-424b-9868-57a2d4851a1d" />
    <TestEntry testId="50648593-5c3d-50ee-5e8d-50b8b362b51e" executionId="3f37685b-db6e-4587-af58-05d39297610c" testListId="8c84fa94-04c1-424b-9868-57a2d4851a1d" />
    <TestEntry testId="c620e2d6-530c-58b3-510d-820d526ceb4b" executionId="c0f73814-2cfd-405a-bafd-770134b31911" testListId="8c84fa94-04c1-424b-9868-57a2d4851a1d" />
    <TestEntry testId="5ae7d4be-ba8d-cec7-7292-630f0d9fb493" executionId="5bc5c83a-cd56-4176-a7e8-315b8afbda67" testListId="8c84fa94-04c1-424b-9868-57a2d4851a1d" />
    <TestEntry testId="5bfa0415-d410-d5d9-e938-8abefaeaacba" executionId="df4ebefe-7888-45e5-8e46-47678e01fccf" testListId="8c84fa94-04c1-424b-9868-57a2d4851a1d" />
    <TestEntry testId="33acf123-59fe-0dab-7f15-41863e67a38d" executionId="1bd16e8c-d92c-48a6-b1d7-a54c173207a9" testListId="8c84fa94-04c1-424b-9868-57a2d4851a1d" />
    <TestEntry testId="0c7b2fd2-8b48-db79-5988-9d72354f73e1" executionId="49e231ba-dc85-492d-8843-85ee3d721650" testListId="8c84fa94-04c1-424b-9868-57a2d4851a1d" />
    <TestEntry testId="3870fe70-e481-71d1-9c6b-e2b124a39ef8" executionId="75589669-afb8-419f-933f-9750c6bf1229" testListId="8c84fa94-04c1-424b-9868-57a2d4851a1d" />
    <TestEntry testId="d07997d8-3ad9-b5cb-508e-dc6b69f27ae6" executionId="19f0391e-ce80-4983-87a3-23b4ceb6b6d7" testListId="8c84fa94-04c1-424b-9868-57a2d4851a1d" />
    <TestEntry testId="17b82f64-8697-0f7b-bebf-d53ef4dc533d" executionId="c856ae96-57a7-41f4-915d-1369cf4daded" testListId="8c84fa94-04c1-424b-9868-57a2d4851a1d" />
    <TestEntry testId="b818cf98-eaf1-d68d-6b43-d90d63abd2ef" executionId="9ff254c0-80a2-420d-8188-79b0185b8397" testListId="8c84fa94-04c1-424b-9868-57a2d4851a1d" />
    <TestEntry testId="7057b387-b183-b64b-f7f4-291ce2b154d2" executionId="b2a697b7-b5d7-4e19-9cc2-1f46fb7b4ff0" testListId="8c84fa94-04c1-424b-9868-57a2d4851a1d" />
    <TestEntry testId="fc461f5d-56c6-d714-054f-9ed9be7f9933" executionId="00c9e385-f52c-4a62-9571-d2f1d0bdd96d" testListId="8c84fa94-04c1-424b-9868-57a2d4851a1d" />
    <TestEntry testId="106d71a3-1d5f-9fbe-e2ab-cbe7ca159548" executionId="c94e0ede-b893-4c33-ac34-0d0209e206f7" testListId="8c84fa94-04c1-424b-9868-57a2d4851a1d" />
    <TestEntry testId="e84f7890-4a74-4696-218c-b5a9ae941044" executionId="b057ec22-c15c-46a7-9492-52450f1462f7" testListId="8c84fa94-04c1-424b-9868-57a2d4851a1d" />
    <TestEntry testId="1d1a394f-5626-77b1-4bb7-0f591f7965c5" executionId="61cc35a7-8d1d-4d57-ab58-0e4037ae713a" testListId="8c84fa94-04c1-424b-9868-57a2d4851a1d" />
    <TestEntry testId="0df604f8-9784-e4da-498a-84a4eb47996a" executionId="4c597d38-28f7-4e0a-86dd-75642890859e" testListId="8c84fa94-04c1-424b-9868-57a2d4851a1d" />
    <TestEntry testId="e204b994-8542-723e-2ecb-f4a2635131f6" executionId="ad60c13d-0097-4dfe-ba6b-73a9c9d0318a" testListId="8c84fa94-04c1-424b-9868-57a2d4851a1d" />
    <TestEntry testId="eda66d95-ea35-0c5d-4812-89fb9f2ff5c3" executionId="3607fd4d-d564-4506-8919-ea456a6946d4" testListId="8c84fa94-04c1-424b-9868-57a2d4851a1d" />
    <TestEntry testId="e4d44f1a-9653-1759-87fb-0fb0c4e43be2" executionId="24900849-6729-4163-80dc-c44452f80563" testListId="8c84fa94-04c1-424b-9868-57a2d4851a1d" />
    <TestEntry testId="241b7ae4-4756-4891-464a-7c487953a831" executionId="79eee0c9-0550-432d-8e88-41eefb212b0b" testListId="8c84fa94-04c1-424b-9868-57a2d4851a1d" />
    <TestEntry testId="074e1679-bb24-6f74-1b0a-7264154e581e" executionId="11dcc888-419c-40a4-b649-b88b7c27a52c" testListId="8c84fa94-04c1-424b-9868-57a2d4851a1d" />
    <TestEntry testId="e52f6c50-ef58-37b1-b118-1e8da43b269c" executionId="eba7e4ca-3562-4007-9142-88c8bf3e7103" testListId="8c84fa94-04c1-424b-9868-57a2d4851a1d" />
    <TestEntry testId="d43860aa-ed76-26d9-9003-007bacdfc0a0" executionId="1ea9c312-d25d-4c83-8f72-c7aa2183fdf4" testListId="8c84fa94-04c1-424b-9868-57a2d4851a1d" />
    <TestEntry testId="8718114d-54cc-0052-31c7-faf10f9650c5" executionId="9e9057b2-4f87-4495-83e3-ecacea7859e7" testListId="8c84fa94-04c1-424b-9868-57a2d4851a1d" />
    <TestEntry testId="8ee528f4-ebe5-6d3f-e1f3-4d2b1e1cde4f" executionId="e976f685-0b2d-49e6-92ec-fecf5a1f3fe6" testListId="8c84fa94-04c1-424b-9868-57a2d4851a1d" />
    <TestEntry testId="677f09e1-94cd-513e-6097-74e7f6a74112" executionId="16875e88-23fc-4a1d-88ad-ef0c59e8cab0" testListId="8c84fa94-04c1-424b-9868-57a2d4851a1d" />
    <TestEntry testId="19e78dcf-3489-c6d6-31d1-cf857baee8be" executionId="f764d5d1-8673-4d74-a6e4-3f4dde3ffd9d" testListId="8c84fa94-04c1-424b-9868-57a2d4851a1d" />
    <TestEntry testId="f6e97cfb-e78c-702e-7716-a8cb30f049ad" executionId="bfe65013-65c2-4d04-92ff-f7d56d788993" testListId="8c84fa94-04c1-424b-9868-57a2d4851a1d" />
    <TestEntry testId="e1592505-173a-ef4b-1184-51d39636ab38" executionId="bccd41fd-19c3-4a66-98a4-bcfe7e9a6779" testListId="8c84fa94-04c1-424b-9868-57a2d4851a1d" />
    <TestEntry testId="ef12d427-79fb-6de9-e6db-c097fb2706b4" executionId="0c35a1f2-10a6-4256-ab4b-16a78df93729" testListId="8c84fa94-04c1-424b-9868-57a2d4851a1d" />
    <TestEntry testId="0f12f85e-9cd9-1df2-e194-7f640d154ed3" executionId="71cd4b99-5081-4981-a7d4-eaaa559a2ded" testListId="8c84fa94-04c1-424b-9868-57a2d4851a1d" />
    <TestEntry testId="88a25c0e-eefa-34c3-e382-69843b35f78f" executionId="ffe559b2-4970-4d92-91d5-370cbb9d1b0b" testListId="8c84fa94-04c1-424b-9868-57a2d4851a1d" />
    <TestEntry testId="7ce80341-55f6-358e-4924-3022b6d4e9af" executionId="6a18c85c-efea-4c13-b0d9-4eaae4396102" testListId="8c84fa94-04c1-424b-9868-57a2d4851a1d" />
    <TestEntry testId="118a898a-2297-4a5a-1659-18f02c717bf6" executionId="6dfac07b-b457-4f5b-84db-9bb752f8c19b" testListId="8c84fa94-04c1-424b-9868-57a2d4851a1d" />
    <TestEntry testId="5bfb389a-4f2c-6e73-6433-c56f5e1e39b5" executionId="92b67c62-7371-464c-8d8f-1061783dbe8a" testListId="8c84fa94-04c1-424b-9868-57a2d4851a1d" />
    <TestEntry testId="55e58468-57c4-ea54-a951-098fc793ee39" executionId="85016881-9cf8-46fe-b1ec-4ccbbfc8e4da" testListId="8c84fa94-04c1-424b-9868-57a2d4851a1d" />
    <TestEntry testId="4a234cdc-1e2b-9b77-4204-04cd8ac76447" executionId="cff96e05-ea94-44ad-8ad3-2b5b358de3b4" testListId="8c84fa94-04c1-424b-9868-57a2d4851a1d" />
    <TestEntry testId="54eafe78-aa08-3f7e-0ca4-8f6aeecd338c" executionId="7b2953e5-7a28-4d49-8b13-3a753874135d" testListId="8c84fa94-04c1-424b-9868-57a2d4851a1d" />
    <TestEntry testId="00ab9da5-4266-4353-9960-1936225879d1" executionId="980a5459-a4d6-4f76-ba67-73ade8cb1295" testListId="8c84fa94-04c1-424b-9868-57a2d4851a1d" />
    <TestEntry testId="33b08216-f963-c705-8503-206a945a16eb" executionId="57a88d22-7fe1-4c1a-91d9-fa048017bb76" testListId="8c84fa94-04c1-424b-9868-57a2d4851a1d" />
    <TestEntry testId="cca9ff46-c03b-4f70-658c-c974de0acf12" executionId="8f7bb510-75d6-4b9d-9332-b5f7698bb5de" testListId="8c84fa94-04c1-424b-9868-57a2d4851a1d" />
    <TestEntry testId="506498db-f38a-3595-db9e-8fd38f07948e" executionId="c1f7a880-baea-4253-a08c-9c78268d0fab" testListId="8c84fa94-04c1-424b-9868-57a2d4851a1d" />
    <TestEntry testId="9cd502ee-eed5-ccd6-eb9b-7e9d7d64a050" executionId="a4b61bf7-5871-453f-9bc3-6fbdd97799f5" testListId="8c84fa94-04c1-424b-9868-57a2d4851a1d" />
    <TestEntry testId="c1a40631-a0eb-3aff-c610-85c020b0e5ed" executionId="1f581887-9b5e-42e8-84f4-b1c9ed6e4868" testListId="8c84fa94-04c1-424b-9868-57a2d4851a1d" />
    <TestEntry testId="971d7e09-432b-d6e7-75f9-b81bbb0116e4" executionId="83162802-c79f-4f36-b20b-23e71bdaf662" testListId="8c84fa94-04c1-424b-9868-57a2d4851a1d" />
    <TestEntry testId="0669e006-fd4c-cdc1-0dc3-ab7b15b82e40" executionId="79f0b608-4e84-4d76-81f0-d256f4819ed7" testListId="8c84fa94-04c1-424b-9868-57a2d4851a1d" />
    <TestEntry testId="c68f1a33-bf3d-7b4f-1f09-0687ed5a3cd4" executionId="7c475adb-8a7d-48d3-995c-b8327507e41e" testListId="8c84fa94-04c1-424b-9868-57a2d4851a1d" />
    <TestEntry testId="8107ae31-02e6-b704-c1a1-a5b4ffbd05bb" executionId="af1b301d-c2d6-4bb2-a5bf-06023756e55a" testListId="8c84fa94-04c1-424b-9868-57a2d4851a1d" />
    <TestEntry testId="2d37474b-3bff-518c-3eb2-7e61c99f0232" executionId="538c8c8f-4fe9-4aa9-8bed-3e4cb90f989f" testListId="8c84fa94-04c1-424b-9868-57a2d4851a1d" />
    <TestEntry testId="4c302f5b-871c-539b-842c-c66a6f64c418" executionId="1ea1bea4-1255-4e99-83e8-2feb7d9fa00f" testListId="8c84fa94-04c1-424b-9868-57a2d4851a1d" />
    <TestEntry testId="77816f4d-afef-156b-4369-3e8ff49547a2" executionId="0f2889d4-e636-4b0f-a574-ef26fe7a0d9e" testListId="8c84fa94-04c1-424b-9868-57a2d4851a1d" />
    <TestEntry testId="20dbd912-096c-3aa3-617e-1c1d4a8a8c21" executionId="59e25ffc-8628-4348-ba63-3323f7ee24b5" testListId="8c84fa94-04c1-424b-9868-57a2d4851a1d" />
    <TestEntry testId="f0940c99-0c6a-0c0e-3491-b1b7a569c823" executionId="f96aec72-5af8-4ea9-a16e-51765ccdd7e4" testListId="8c84fa94-04c1-424b-9868-57a2d4851a1d" />
    <TestEntry testId="eb1b84dc-d7db-f2a7-decc-0d6c0eb864dd" executionId="1f15de65-681d-4e94-b990-4c83b41323e0" testListId="8c84fa94-04c1-424b-9868-57a2d4851a1d" />
    <TestEntry testId="d0207416-d0fd-afba-7c63-08d2c2921599" executionId="dd5b0e11-af12-440f-926f-4fd23fb25e0a" testListId="8c84fa94-04c1-424b-9868-57a2d4851a1d" />
    <TestEntry testId="9e64b04f-cef8-a6a4-2a7a-4f3ba5bacb2c" executionId="fcf7fdc9-987c-4292-b747-d1b2328b783b" testListId="8c84fa94-04c1-424b-9868-57a2d4851a1d" />
    <TestEntry testId="ccdbf728-3666-1369-5630-cac7c9ba6732" executionId="8cb65b9b-7201-42ea-9a49-e05eec9c73c3" testListId="8c84fa94-04c1-424b-9868-57a2d4851a1d" />
    <TestEntry testId="771fb03e-c480-1ce6-a135-57692892e164" executionId="8bda3566-ea12-4fd0-85a0-eec310ae23e4" testListId="8c84fa94-04c1-424b-9868-57a2d4851a1d" />
    <TestEntry testId="d1521016-7342-eb65-15b1-670778bb0de9" executionId="5ae02d8a-633e-4914-8577-2eb530f715f1" testListId="8c84fa94-04c1-424b-9868-57a2d4851a1d" />
    <TestEntry testId="6bbc80a2-1796-4399-6504-9745b3748d34" executionId="2dc10468-b4b0-4931-a9d6-676092e09ad6" testListId="8c84fa94-04c1-424b-9868-57a2d4851a1d" />
    <TestEntry testId="5a12a09e-ae50-9833-9313-11d595f36492" executionId="89d8a8e0-d93d-4510-b1fe-7d2090552f3e" testListId="8c84fa94-04c1-424b-9868-57a2d4851a1d" />
    <TestEntry testId="9b09cd4c-cc43-15b2-2268-7045eb5e46a7" executionId="00ab95e5-5695-4c66-96c8-988ec0cb1220" testListId="8c84fa94-04c1-424b-9868-57a2d4851a1d" />
    <TestEntry testId="d811f50d-5448-dded-0d43-133fd196268a" executionId="26fde0dc-95c2-4bf7-99a3-0d4529b6963e" testListId="8c84fa94-04c1-424b-9868-57a2d4851a1d" />
    <TestEntry testId="1b9405bc-4741-b9e0-7588-fbe107617d09" executionId="372ba6ab-1c0b-48d4-b898-dad951540f74" testListId="8c84fa94-04c1-424b-9868-57a2d4851a1d" />
    <TestEntry testId="b3aa94bd-058f-dcc3-e555-98a769463262" executionId="ec389d5b-9cf0-4975-83af-39eface80ad4" testListId="8c84fa94-04c1-424b-9868-57a2d4851a1d" />
    <TestEntry testId="5c460a5a-0268-626b-700d-ed4cae528a9e" executionId="e633de4c-7592-4670-b0f9-ded7959e775a" testListId="8c84fa94-04c1-424b-9868-57a2d4851a1d" />
    <TestEntry testId="8e0d827a-62ed-29f7-f5f7-ff36cac16e16" executionId="9d4999a1-f03a-45c4-83aa-7a76808bab3a" testListId="8c84fa94-04c1-424b-9868-57a2d4851a1d" />
    <TestEntry testId="af9cc299-f90c-d739-56f5-672fc39a6f96" executionId="2d776bf6-eafe-4251-a49d-4fdfad445a42" testListId="8c84fa94-04c1-424b-9868-57a2d4851a1d" />
    <TestEntry testId="a9b63f00-74b0-6165-6ced-062d282317b1" executionId="ec21a0b2-0488-40bf-84cd-190cbfca881d" testListId="8c84fa94-04c1-424b-9868-57a2d4851a1d" />
    <TestEntry testId="c583de72-3f5a-0008-9118-e3b03fd1745a" executionId="a08efc49-fd9e-4ed9-be22-38664e06d643" testListId="8c84fa94-04c1-424b-9868-57a2d4851a1d" />
    <TestEntry testId="ddd23482-1d5d-6a64-fe3a-0b7d652ee8c5" executionId="0f12cdb8-0bb0-4989-af29-49dfea42606c" testListId="8c84fa94-04c1-424b-9868-57a2d4851a1d" />
    <TestEntry testId="4a5c060d-93b8-1349-a42b-b3059e1a946b" executionId="c3b67144-0836-4637-832e-367f02270e4a" testListId="8c84fa94-04c1-424b-9868-57a2d4851a1d" />
    <TestEntry testId="8ce8709b-f529-f993-476b-8a16b458982c" executionId="cbfb03bc-ea28-4956-8254-ed8a446406a0" testListId="8c84fa94-04c1-424b-9868-57a2d4851a1d" />
    <TestEntry testId="fbe6f14a-920d-212b-2c0d-2fe400560540" executionId="99bd9800-bf2a-42ac-a0df-ec69184b6615" testListId="8c84fa94-04c1-424b-9868-57a2d4851a1d" />
    <TestEntry testId="dde3d3fc-853c-c82d-7a83-36ec6097ab3a" executionId="76ce908c-de63-43ea-ba21-d72175e6f5b6" testListId="8c84fa94-04c1-424b-9868-57a2d4851a1d" />
    <TestEntry testId="a8be2e44-1e18-5f0a-228d-6feb6223854f" executionId="97b3e94f-55aa-4a85-8a8a-7fdcd60eb755" testListId="8c84fa94-04c1-424b-9868-57a2d4851a1d" />
    <TestEntry testId="f3d51917-28d8-1b5d-1bf7-f46cd9790b61" executionId="0ecd8fe9-a326-4c36-8dcc-b0f6a783ca2c" testListId="8c84fa94-04c1-424b-9868-57a2d4851a1d" />
    <TestEntry testId="c6ae7993-fc24-7155-0286-1345ac914309" executionId="049c2790-fc17-4534-9300-af12a179d99f" testListId="8c84fa94-04c1-424b-9868-57a2d4851a1d" />
    <TestEntry testId="dd567046-f7ca-abce-7baa-87b24b3619d3" executionId="3fd6bf1f-317c-46b2-98a7-ed85d76c1f16" testListId="8c84fa94-04c1-424b-9868-57a2d4851a1d" />
    <TestEntry testId="771eb33e-93e6-e91b-ad0b-f89d4502a877" executionId="982687cd-822c-454b-b7f3-4f4bfcf322a9" testListId="8c84fa94-04c1-424b-9868-57a2d4851a1d" />
    <TestEntry testId="04f5279b-6d47-0d29-6d10-8c2864415e5b" executionId="73ec7c0e-e22a-4086-a71b-505565395754" testListId="8c84fa94-04c1-424b-9868-57a2d4851a1d" />
    <TestEntry testId="a79a68ab-af27-1920-e9d4-dd74146d4c1b" executionId="685fc700-635e-4674-8b83-b62d5f6414cd" testListId="8c84fa94-04c1-424b-9868-57a2d4851a1d" />
    <TestEntry testId="bdbabfef-fc71-7a90-c6ce-f231309a0e74" executionId="dc2ee4ae-bc7d-4169-92c5-d073f5ee5ed2" testListId="8c84fa94-04c1-424b-9868-57a2d4851a1d" />
    <TestEntry testId="750c3025-3439-f741-9b19-4bfbbd559e8b" executionId="7275be84-ce54-48a3-a663-4f687f6213b5" testListId="8c84fa94-04c1-424b-9868-57a2d4851a1d" />
    <TestEntry testId="01e4aeae-5168-c485-be5d-213c14f12253" executionId="786502ac-3e11-4016-856b-e20b10cff9ee" testListId="8c84fa94-04c1-424b-9868-57a2d4851a1d" />
    <TestEntry testId="fbfb4c6b-296d-71e8-ed22-bf18fd31fa79" executionId="398188a0-855a-4b60-a3db-f2b112df3374" testListId="8c84fa94-04c1-424b-9868-57a2d4851a1d" />
    <TestEntry testId="4449e191-70b4-e000-84a6-94e96fdd564e" executionId="d810a5cd-26a6-4dc2-beb6-01e9cce04f44" testListId="8c84fa94-04c1-424b-9868-57a2d4851a1d" />
    <TestEntry testId="ed1bf934-546a-affe-da50-91add822706b" executionId="f3a55305-a82a-4c3c-ae5a-1fb33849e0d3" testListId="8c84fa94-04c1-424b-9868-57a2d4851a1d" />
    <TestEntry testId="335d1f61-b7f0-8369-7438-d9b8103c6046" executionId="cebb3877-b026-4b84-af0b-0f6d395dbc8e" testListId="8c84fa94-04c1-424b-9868-57a2d4851a1d" />
    <TestEntry testId="92bfaf0a-71f6-f6dd-44a1-ce078bb2ce09" executionId="0ed85576-9451-413a-a196-b688f7156f9a" testListId="8c84fa94-04c1-424b-9868-57a2d4851a1d" />
    <TestEntry testId="71e43180-9fc8-09e3-4a30-1f1c3dd44699" executionId="7b619a82-014f-415c-857a-38bb4805b81d" testListId="8c84fa94-04c1-424b-9868-57a2d4851a1d" />
    <TestEntry testId="e678ece6-3eae-ab5b-07e0-d2024658a7bd" executionId="c131dce3-ee3f-4f73-89a9-441855871cb6" testListId="8c84fa94-04c1-424b-9868-57a2d4851a1d" />
    <TestEntry testId="c3739f62-c7a3-e688-300b-d9d5a91a27a4" executionId="9f129863-fcb9-4678-99a5-4e3163e99d51" testListId="8c84fa94-04c1-424b-9868-57a2d4851a1d" />
    <TestEntry testId="cb0ce914-069a-a2d2-d5db-059b679ed7ff" executionId="adda5065-5a5d-4e48-bf19-76fe6dd26dea" testListId="8c84fa94-04c1-424b-9868-57a2d4851a1d" />
    <TestEntry testId="d887deae-a137-c36d-7b57-81b6e0173829" executionId="a182afb1-e793-46bc-90f8-c59164a7b5b3" testListId="8c84fa94-04c1-424b-9868-57a2d4851a1d" />
    <TestEntry testId="e2f3d818-d409-16eb-2ee8-b5371bac1d3a" executionId="1c621fac-7e15-47b1-bfdc-6289bcdc1285" testListId="8c84fa94-04c1-424b-9868-57a2d4851a1d" />
    <TestEntry testId="8a6ac2f4-81d7-a198-4ede-8286f3c1c548" executionId="3a2fd62c-3c35-434f-8e07-c43d525d442b" testListId="8c84fa94-04c1-424b-9868-57a2d4851a1d" />
    <TestEntry testId="dbee600a-43b3-1f1d-cc85-07a8ccebdcdf" executionId="d5544b78-f553-4e4a-8768-22b077c1bb15" testListId="8c84fa94-04c1-424b-9868-57a2d4851a1d" />
    <TestEntry testId="58844bb4-401a-ed44-f97e-47352b0d4158" executionId="df9f33f9-6c11-42e0-927c-f77a8e9aa525" testListId="8c84fa94-04c1-424b-9868-57a2d4851a1d" />
    <TestEntry testId="097b32a1-e0b9-ea71-7991-dc8ab999ab8f" executionId="2eea7395-db4e-47d7-990e-ad69480ec67c" testListId="8c84fa94-04c1-424b-9868-57a2d4851a1d" />
    <TestEntry testId="1e33afe7-7157-cefe-e152-f77ddf2ddddd" executionId="22d5c54f-6202-49ca-b325-6aad7ee1b481" testListId="8c84fa94-04c1-424b-9868-57a2d4851a1d" />
    <TestEntry testId="3766b0af-d418-58ea-edb7-c36f6905467d" executionId="d79fab76-7ccf-4cce-8a0b-7e5e36ec163b" testListId="8c84fa94-04c1-424b-9868-57a2d4851a1d" />
    <TestEntry testId="5f7a8e66-9d98-684a-9ca4-8a93732e2d12" executionId="92750ecb-dc1a-4363-9a9e-4d938feb5117" testListId="8c84fa94-04c1-424b-9868-57a2d4851a1d" />
    <TestEntry testId="74aa3629-e93c-366a-f4e2-ed6f6a0ac263" executionId="0f7e8c1e-2a4f-4007-95a3-96bf15c49728" testListId="8c84fa94-04c1-424b-9868-57a2d4851a1d" />
    <TestEntry testId="a0a4a26c-e5c7-453e-8749-f5f247d9d460" executionId="f3b1986c-c102-4ebb-8355-233e7bb5439f" testListId="8c84fa94-04c1-424b-9868-57a2d4851a1d" />
    <TestEntry testId="2fe22068-754c-597f-0833-1bd50a45e77d" executionId="5b0c8f09-8fb1-48be-9ad4-a6ae580ac155" testListId="8c84fa94-04c1-424b-9868-57a2d4851a1d" />
    <TestEntry testId="68809a73-9e02-b8d1-f87e-3e077b1cf1ba" executionId="9b239523-0fe2-45f0-b30d-115f2d1f4ab8" testListId="8c84fa94-04c1-424b-9868-57a2d4851a1d" />
    <TestEntry testId="845c1c63-7893-cef3-546d-34d2f8566810" executionId="f78c30e1-e6b4-45c7-9278-45172f20abf0" testListId="8c84fa94-04c1-424b-9868-57a2d4851a1d" />
    <TestEntry testId="cb06d4f5-7dd8-86f9-8e74-9b3b68994dba" executionId="d56427d5-a824-451a-8298-3037cb155ad7" testListId="8c84fa94-04c1-424b-9868-57a2d4851a1d" />
    <TestEntry testId="b4493abc-9402-6102-76d4-b6421abdf11f" executionId="d0558eeb-a987-4e47-a144-f69405e91d55" testListId="8c84fa94-04c1-424b-9868-57a2d4851a1d" />
    <TestEntry testId="5e9bf8f9-fe4f-01f0-584d-773babb30215" executionId="432768f8-b5c8-464b-84c2-f8bf9c71816f" testListId="8c84fa94-04c1-424b-9868-57a2d4851a1d" />
    <TestEntry testId="a1c7d30f-45fb-a8e2-c715-87d5532a8b7a" executionId="88095d28-8a96-40d7-abd1-ba9e29a40c38" testListId="8c84fa94-04c1-424b-9868-57a2d4851a1d" />
    <TestEntry testId="8c1e5349-f7f5-d219-bcb3-94d6fb158aa8" executionId="bbb6440c-d478-47d8-961d-08561bd1a837" testListId="8c84fa94-04c1-424b-9868-57a2d4851a1d" />
    <TestEntry testId="14f25edb-1659-8f52-8b86-e51e32ee796f" executionId="2fdc7744-8bc2-43ce-983f-28013cd42c63" testListId="8c84fa94-04c1-424b-9868-57a2d4851a1d" />
    <TestEntry testId="cfda71d5-31f9-4e94-efd6-edb3e08b2951" executionId="ead05ddf-4a0d-492b-b130-33596ac25399" testListId="8c84fa94-04c1-424b-9868-57a2d4851a1d" />
    <TestEntry testId="161d7a92-ebf4-7cb4-f15d-4393a3b5ae64" executionId="862579eb-5271-44cb-a90b-a676de662613" testListId="8c84fa94-04c1-424b-9868-57a2d4851a1d" />
    <TestEntry testId="818b93cc-57c9-8a60-8c61-aaa8a7853397" executionId="a9cc9b42-29fe-4e25-93e3-4d239d52e675" testListId="8c84fa94-04c1-424b-9868-57a2d4851a1d" />
    <TestEntry testId="bc65e94b-7077-ded6-39f5-e5d52741d172" executionId="9ff7aeb0-7bb6-4860-884e-4d4e452302bc" testListId="8c84fa94-04c1-424b-9868-57a2d4851a1d" />
    <TestEntry testId="11bbc7aa-4d0a-2a54-64b8-d3063aafb9fc" executionId="d782d62c-3246-425f-85b9-d1a3c434dd74" testListId="8c84fa94-04c1-424b-9868-57a2d4851a1d" />
    <TestEntry testId="3cb191a3-f962-a2ab-322c-f22449c99113" executionId="28631ca7-a3e6-4609-aa8b-496963daa367" testListId="8c84fa94-04c1-424b-9868-57a2d4851a1d" />
    <TestEntry testId="40596cb0-9252-df2e-a81d-60fc4091b4b9" executionId="675ec9af-4373-44f5-8836-647c682e1aef" testListId="8c84fa94-04c1-424b-9868-57a2d4851a1d" />
    <TestEntry testId="af8395b7-893f-6530-0c75-18ea7b0cb16b" executionId="f24cc66d-62fa-4bb8-99bb-c42a2c5a8af0" testListId="8c84fa94-04c1-424b-9868-57a2d4851a1d" />
    <TestEntry testId="d9f94ef3-bb07-d44b-bd02-b9d9f8d4104c" executionId="1a19581e-2868-4894-9b35-1dc8fabe2420" testListId="8c84fa94-04c1-424b-9868-57a2d4851a1d" />
    <TestEntry testId="fe0075bd-0bd2-048b-470a-7c6feb3f4475" executionId="5acf3254-2cf8-4df3-b54a-722b17c1d04b" testListId="8c84fa94-04c1-424b-9868-57a2d4851a1d" />
    <TestEntry testId="637db4e2-e241-6d89-dd53-261e830e69bf" executionId="af13c9d8-a87a-4bd1-848e-2389b3435c06" testListId="8c84fa94-04c1-424b-9868-57a2d4851a1d" />
    <TestEntry testId="de7b907d-6191-4d8c-973b-2cc373c72fb7" executionId="88b69449-406e-4881-90d8-460946cf80ec" testListId="8c84fa94-04c1-424b-9868-57a2d4851a1d" />
    <TestEntry testId="c519c5d5-7816-5e87-801a-d5dda1bda46d" executionId="d5e97430-a94d-4897-9b54-bcffbb883c64" testListId="8c84fa94-04c1-424b-9868-57a2d4851a1d" />
    <TestEntry testId="56942e60-3679-73a6-3404-cadf7229f611" executionId="e0dc2af1-2605-46a2-8772-ec24e3809282" testListId="8c84fa94-04c1-424b-9868-57a2d4851a1d" />
    <TestEntry testId="b0c4ea30-705a-8180-1155-ef335a3c3ef9" executionId="e9c45d62-d43f-4c66-af2f-6b4f4bacf923" testListId="8c84fa94-04c1-424b-9868-57a2d4851a1d" />
    <TestEntry testId="f82332ef-7e4a-1896-d313-946a251f4768" executionId="87c3462b-b8a3-423f-a5dd-134c034f1dee" testListId="8c84fa94-04c1-424b-9868-57a2d4851a1d" />
    <TestEntry testId="66f88e8d-25f5-45b5-b84b-7eb9f767cf1a" executionId="dbf4bec4-d467-441e-8c7b-da488b552daa" testListId="8c84fa94-04c1-424b-9868-57a2d4851a1d" />
    <TestEntry testId="c527a895-c38a-06f4-d0f7-7740f1d38d2f" executionId="5148a72c-2fbc-42e2-a4ae-f7bd6663414d" testListId="8c84fa94-04c1-424b-9868-57a2d4851a1d" />
    <TestEntry testId="fa5c1275-6796-4dcb-9f88-84aab4336a1f" executionId="dcb69415-d6e4-46c9-972f-2dac8c774f54" testListId="8c84fa94-04c1-424b-9868-57a2d4851a1d" />
    <TestEntry testId="5e65393c-9ef4-eb3c-77a0-b94e35a5390b" executionId="5da0c405-b753-49bf-af9d-067df93dfdba" testListId="8c84fa94-04c1-424b-9868-57a2d4851a1d" />
    <TestEntry testId="c645270a-0325-f6e0-9b6a-41655fc7fd00" executionId="b5e30c14-e565-444b-9075-8376bc24f81d" testListId="8c84fa94-04c1-424b-9868-57a2d4851a1d" />
    <TestEntry testId="45e3f4e9-8f3c-fbfa-2a52-4962f794af92" executionId="f1bcef36-96a0-497b-a854-d926fb35707a" testListId="8c84fa94-04c1-424b-9868-57a2d4851a1d" />
    <TestEntry testId="d8957df7-44d0-2bcf-4a49-340744d2af36" executionId="d7746e08-d462-456d-8421-3396b3e0c482" testListId="8c84fa94-04c1-424b-9868-57a2d4851a1d" />
    <TestEntry testId="9690d7c7-ef93-a224-41e2-b62a3eea7ce8" executionId="8c2804c3-9c6c-443a-8857-e77c3a10d64e" testListId="8c84fa94-04c1-424b-9868-57a2d4851a1d" />
    <TestEntry testId="4e33757a-0531-d590-48ef-bbff20e5f652" executionId="68598181-14e1-4df2-8b63-06dc6273bafa" testListId="8c84fa94-04c1-424b-9868-57a2d4851a1d" />
    <TestEntry testId="4d6d5bbf-2c92-7539-9ffa-55db00723a35" executionId="3b9b8267-9714-4775-a4b9-cf0fba4d0bcb" testListId="8c84fa94-04c1-424b-9868-57a2d4851a1d" />
    <TestEntry testId="64599802-c291-61b6-4000-9ad4853a272e" executionId="42e49c75-81da-4132-b6ea-c9394839f2c5" testListId="8c84fa94-04c1-424b-9868-57a2d4851a1d" />
    <TestEntry testId="fcc75163-f852-5a64-5ffa-ee97b529c63f" executionId="59befdf2-98df-4939-97de-e6bd19cbd84c" testListId="8c84fa94-04c1-424b-9868-57a2d4851a1d" />
    <TestEntry testId="e58a0942-0a45-f68c-4939-9698b6e41f36" executionId="8f6e2312-879e-45d4-a35e-f1fd9acefbe4" testListId="8c84fa94-04c1-424b-9868-57a2d4851a1d" />
    <TestEntry testId="70353261-d671-838d-c783-4f34d69baa4b" executionId="17c0aedf-f1cb-4337-b0bc-e667c1a2ee41" testListId="8c84fa94-04c1-424b-9868-57a2d4851a1d" />
    <TestEntry testId="5bf03c58-6476-4eda-a5b2-9ac79c3fe109" executionId="d9835d86-f579-462c-8cd5-ba3aff70aa3d" testListId="8c84fa94-04c1-424b-9868-57a2d4851a1d" />
    <TestEntry testId="6e6dbd3c-3d0c-906f-3c70-2056f7a67b63" executionId="81e15264-ad6d-40f3-9585-25a40415cbe4" testListId="8c84fa94-04c1-424b-9868-57a2d4851a1d" />
    <TestEntry testId="26390b3c-43c2-37b6-9c12-64b96cae7b7f" executionId="78010d5b-c4c7-433c-bfa8-fd8df680f78c" testListId="8c84fa94-04c1-424b-9868-57a2d4851a1d" />
    <TestEntry testId="820f3ace-3e93-711d-0339-aea4c38fcae6" executionId="2ff64dd8-a7f3-40d5-8298-3c1efcfd1ed9" testListId="8c84fa94-04c1-424b-9868-57a2d4851a1d" />
    <TestEntry testId="f7c00f1c-dce6-4692-1330-b06238af2fde" executionId="e394a6b5-93dc-44ed-b734-0c69ea69f05e" testListId="8c84fa94-04c1-424b-9868-57a2d4851a1d" />
    <TestEntry testId="64729b3e-9085-5c69-7b5e-5676ffd45abb" executionId="6571bfe4-1682-42d0-9fa9-90298df399b1" testListId="8c84fa94-04c1-424b-9868-57a2d4851a1d" />
    <TestEntry testId="db77af82-b3b6-8406-262b-e90d81f20ca7" executionId="3376520d-c6ef-469e-bee7-a40c1561646e" testListId="8c84fa94-04c1-424b-9868-57a2d4851a1d" />
    <TestEntry testId="68377dec-78a1-9e58-48ed-4d7646bf5d48" executionId="72ee973b-ceeb-4a26-b4a0-3f6a1ee168be" testListId="8c84fa94-04c1-424b-9868-57a2d4851a1d" />
    <TestEntry testId="0c56622f-0730-7199-ea05-9dbdb954706d" executionId="69124128-22c6-4be4-837c-574ae6a723a8" testListId="8c84fa94-04c1-424b-9868-57a2d4851a1d" />
    <TestEntry testId="d7fc06cb-4a54-752b-3aa7-d677630a2735" executionId="8daeb1d8-eaa5-448e-a4c1-4917b09ff343" testListId="8c84fa94-04c1-424b-9868-57a2d4851a1d" />
    <TestEntry testId="a471cbe6-ddac-d857-6850-01d41582ed50" executionId="32885ba2-b68b-43e5-8cee-adc21389f215" testListId="8c84fa94-04c1-424b-9868-57a2d4851a1d" />
    <TestEntry testId="4bc627cd-508d-6844-b866-7ab76843038f" executionId="52981236-a801-4c51-9b19-b63334a8537a" testListId="8c84fa94-04c1-424b-9868-57a2d4851a1d" />
    <TestEntry testId="2c2a79ca-ceae-8884-25a5-a7c107220ca4" executionId="e27f2172-4620-43cf-819e-ac353cf98c41" testListId="8c84fa94-04c1-424b-9868-57a2d4851a1d" />
    <TestEntry testId="d0c3469c-3e89-21a1-aed7-39e7e37890ac" executionId="a081d17f-2a5d-4552-8fd0-e6f64e720474" testListId="8c84fa94-04c1-424b-9868-57a2d4851a1d" />
    <TestEntry testId="6c1b5ffd-23a5-ac1a-9ea4-975ad90a2e9d" executionId="574c34d5-a394-4f57-99fe-808781f7d769" testListId="8c84fa94-04c1-424b-9868-57a2d4851a1d" />
    <TestEntry testId="f3747f62-14f1-48a5-a7b1-1b9199652429" executionId="bf0c218c-507a-41b9-b7c5-ac80b60e5f1a" testListId="8c84fa94-04c1-424b-9868-57a2d4851a1d" />
    <TestEntry testId="772eca89-e36b-2caf-3a61-430b15d26025" executionId="92cf5bf2-b468-4337-8837-c389cad3a3b9" testListId="8c84fa94-04c1-424b-9868-57a2d4851a1d" />
    <TestEntry testId="f485866e-6a88-dc9e-621c-61b0d8655cb6" executionId="25eff843-5437-407b-a7ce-b54217187275" testListId="8c84fa94-04c1-424b-9868-57a2d4851a1d" />
    <TestEntry testId="33dbfa51-48d5-b1fc-ce45-3e93c43464c3" executionId="10427172-4d74-4b91-90c1-44eed96a5bf1" testListId="8c84fa94-04c1-424b-9868-57a2d4851a1d" />
    <TestEntry testId="432debbb-7891-744e-6ad0-c88119e78bf9" executionId="b374e2f6-1eed-4ea4-be10-f6eafc0e8c53" testListId="8c84fa94-04c1-424b-9868-57a2d4851a1d" />
    <TestEntry testId="f5ef0929-25d2-0a65-e818-3b671d60cb6e" executionId="09b7d042-4927-4bec-b650-d0d91e2c6961" testListId="8c84fa94-04c1-424b-9868-57a2d4851a1d" />
    <TestEntry testId="53fee51d-4781-0684-0a02-aa461058c8b7" executionId="d183a165-5e3c-45b7-8744-cec4c5ddf897" testListId="8c84fa94-04c1-424b-9868-57a2d4851a1d" />
    <TestEntry testId="0119a4b7-c187-9828-e5a7-c1167f73bb3d" executionId="d0de2265-7103-4d0e-8767-dd14a82afa40" testListId="8c84fa94-04c1-424b-9868-57a2d4851a1d" />
    <TestEntry testId="ff1e69eb-085c-6199-f57b-ed916e916920" executionId="a03f886b-595e-4803-a4ec-f35f12576b28" testListId="8c84fa94-04c1-424b-9868-57a2d4851a1d" />
    <TestEntry testId="e2b45cc5-4560-d33c-abf2-641bc0cfad99" executionId="794b1a6f-653d-4071-8634-aaf1659a248e" testListId="8c84fa94-04c1-424b-9868-57a2d4851a1d" />
    <TestEntry testId="56e0b8cb-edaa-ac2f-856d-8624111180dc" executionId="4bb9bb19-e9bc-4a97-b6f4-2fa3a8057010" testListId="8c84fa94-04c1-424b-9868-57a2d4851a1d" />
    <TestEntry testId="f978e587-6fdb-73f8-9866-42c923e61ecf" executionId="93a9a50b-1413-474c-8a1e-13ee176a0301" testListId="8c84fa94-04c1-424b-9868-57a2d4851a1d" />
    <TestEntry testId="9d715704-5114-b932-199c-a93e76eef610" executionId="69a6587d-6b3f-44aa-a8a7-322e713c1dec" testListId="8c84fa94-04c1-424b-9868-57a2d4851a1d" />
    <TestEntry testId="766c5017-8c1b-76f2-b482-c97f8fac42b9" executionId="70c7cfaa-9c32-4899-aabf-58dbaac3ec00" testListId="8c84fa94-04c1-424b-9868-57a2d4851a1d" />
    <TestEntry testId="1d5b8de3-411a-86e5-9025-60f31bb413de" executionId="2482c2c8-84e4-4773-a24c-9fc0a274f8f1" testListId="8c84fa94-04c1-424b-9868-57a2d4851a1d" />
    <TestEntry testId="8471d281-7987-c3f2-f68c-5a75fbc8613e" executionId="cb393ace-e0d7-466c-9c1c-a16553174c9e" testListId="8c84fa94-04c1-424b-9868-57a2d4851a1d" />
    <TestEntry testId="c4ad9168-0942-2fe7-58ae-fb96cd8c24e3" executionId="cc4babad-0ed1-4462-b788-4eaf140000eb" testListId="8c84fa94-04c1-424b-9868-57a2d4851a1d" />
    <TestEntry testId="7be7807c-2f99-b2de-4e29-00a5159a25bb" executionId="29783f09-96b5-4cb2-9c4b-bb8e20e20c10" testListId="8c84fa94-04c1-424b-9868-57a2d4851a1d" />
    <TestEntry testId="c561d776-c3ba-aeae-29c5-7b2bbf91fd1e" executionId="1aadf061-233f-476a-ab10-b7572531557e" testListId="8c84fa94-04c1-424b-9868-57a2d4851a1d" />
    <TestEntry testId="65d02e26-f6f3-f5a7-04d0-8af53f7c9611" executionId="3c67824a-736a-4fd3-995d-402c993ac021" testListId="8c84fa94-04c1-424b-9868-57a2d4851a1d" />
    <TestEntry testId="79131899-3123-4cc0-aa77-5eb1f6caec1e" executionId="46dd0102-86fe-4780-8799-4f4ae7cfa6a0" testListId="8c84fa94-04c1-424b-9868-57a2d4851a1d" />
    <TestEntry testId="835b45ed-3072-ca89-7fba-8d5843f896c9" executionId="38840d30-3b00-4d96-a6b3-133829677f12" testListId="8c84fa94-04c1-424b-9868-57a2d4851a1d" />
    <TestEntry testId="646c80d4-1e6f-e318-95ec-045cb0052e57" executionId="353eb714-c098-4f1d-8cce-35287b5a1d55" testListId="8c84fa94-04c1-424b-9868-57a2d4851a1d" />
    <TestEntry testId="4e1c4b3d-f4c1-c866-51e9-b239d1531aaf" executionId="ec0fa869-2a38-48fe-b929-9572b9010648" testListId="8c84fa94-04c1-424b-9868-57a2d4851a1d" />
    <TestEntry testId="4f1f47b0-26b2-1979-634e-f8f9191ffc10" executionId="d1e782fa-9c82-4a92-96bb-b4bbdfeb053e" testListId="8c84fa94-04c1-424b-9868-57a2d4851a1d" />
    <TestEntry testId="31e79aa8-bd1c-29aa-7f6a-8ecee2b21c3f" executionId="993917ba-13ce-4bb3-9326-c368382a0840" testListId="8c84fa94-04c1-424b-9868-57a2d4851a1d" />
    <TestEntry testId="20c00590-2c53-2695-c3ac-b8e886cab6fe" executionId="865f2d8d-a4fd-45db-b090-996bb53f44f0" testListId="8c84fa94-04c1-424b-9868-57a2d4851a1d" />
    <TestEntry testId="87f53ee5-bdbf-d777-f2bd-8587b117a696" executionId="87ecb8da-4a24-4bf5-99cf-11e34441d9fb" testListId="8c84fa94-04c1-424b-9868-57a2d4851a1d" />
    <TestEntry testId="3501dd5e-3136-d1c4-6098-365f9bf98c33" executionId="c8153c21-bacd-4a45-89ba-e28b8312ba73" testListId="8c84fa94-04c1-424b-9868-57a2d4851a1d" />
    <TestEntry testId="34eac8a9-eb9f-899c-54cc-01d053a5025d" executionId="385d0988-ae3c-4202-bae4-c0b423f76c4e" testListId="8c84fa94-04c1-424b-9868-57a2d4851a1d" />
    <TestEntry testId="43c92586-8281-f999-8a95-9ce6e6eceff3" executionId="524de664-597b-4b3e-b0d3-624c4c9eae18" testListId="8c84fa94-04c1-424b-9868-57a2d4851a1d" />
    <TestEntry testId="da0c0bf8-239a-7aba-56e6-296b433406d6" executionId="24dabe52-5e0c-4847-ae88-15acd2fecd33" testListId="8c84fa94-04c1-424b-9868-57a2d4851a1d" />
    <TestEntry testId="32d8d35d-18bd-1759-e4a1-a2f559756a8e" executionId="3c99ccbd-bfdc-4a04-b7bd-21eca79df1f7" testListId="8c84fa94-04c1-424b-9868-57a2d4851a1d" />
    <TestEntry testId="24537c5d-0e18-40d7-eccf-628595fc74d0" executionId="de5b2a9e-35e7-4f48-b8a6-7db7ee2175fd" testListId="8c84fa94-04c1-424b-9868-57a2d4851a1d" />
    <TestEntry testId="12b9f234-a2ef-04c5-b6f4-6a34855ffbd4" executionId="2e340804-f9de-4788-8cef-a162f36b055e" testListId="8c84fa94-04c1-424b-9868-57a2d4851a1d" />
    <TestEntry testId="2dc06b81-e052-35de-7b78-2a9d11dfefbb" executionId="6b2974e5-5c3c-438d-a4ac-177da86a831a" testListId="8c84fa94-04c1-424b-9868-57a2d4851a1d" />
    <TestEntry testId="2d5ec2c3-5499-68a2-548e-21a937a4df8e" executionId="a2b22bf9-d0b4-4b96-a8b8-48065099a781" testListId="8c84fa94-04c1-424b-9868-57a2d4851a1d" />
    <TestEntry testId="971ae207-8efc-da70-993b-4dea6bb35136" executionId="6b3da186-f2bf-49f2-a591-c5e8a4537181" testListId="8c84fa94-04c1-424b-9868-57a2d4851a1d" />
    <TestEntry testId="222cdf2b-16af-8c5e-c16d-532bea36228f" executionId="d5522574-5898-4b6b-a22e-e340c81d3d36" testListId="8c84fa94-04c1-424b-9868-57a2d4851a1d" />
    <TestEntry testId="f0b458ee-2b69-2e64-be96-489c1b0a4027" executionId="d0909725-fb72-4361-a0d0-96a78dfe9a61" testListId="8c84fa94-04c1-424b-9868-57a2d4851a1d" />
    <TestEntry testId="16461f5b-0e5e-ea5c-2a79-bfbc5a4609a0" executionId="76ba70db-5644-4004-ae64-3ad074cc3ebd" testListId="8c84fa94-04c1-424b-9868-57a2d4851a1d" />
    <TestEntry testId="a29875b6-465a-5ba8-9083-a44c6c1d15e3" executionId="98daf8b4-724b-4f20-b7fb-08e6d8c189f4" testListId="8c84fa94-04c1-424b-9868-57a2d4851a1d" />
    <TestEntry testId="bdf17b58-3f87-9a50-3592-334d75c27535" executionId="413c92e3-18c1-4779-9d5b-1fa2dbefa3f3" testListId="8c84fa94-04c1-424b-9868-57a2d4851a1d" />
    <TestEntry testId="ccfdd793-a236-3676-375a-399f81aea11b" executionId="0f3797b9-1c80-4ffc-84e9-69c59c4fb531" testListId="8c84fa94-04c1-424b-9868-57a2d4851a1d" />
    <TestEntry testId="cdb1b06a-ede8-fa7c-7412-d384b4ec55e0" executionId="ab95d2be-c130-40c0-be3e-22293654b80f" testListId="8c84fa94-04c1-424b-9868-57a2d4851a1d" />
    <TestEntry testId="8b838374-f113-7a45-90b6-7acf919c7f9d" executionId="711b8a53-39f5-4cbc-b402-4ec9bb7c8850" testListId="8c84fa94-04c1-424b-9868-57a2d4851a1d" />
    <TestEntry testId="699b078f-a222-7787-3662-050d26c63357" executionId="21e9d633-3da4-4d81-958b-a43b18cbbc10" testListId="8c84fa94-04c1-424b-9868-57a2d4851a1d" />
    <TestEntry testId="15b43855-4998-8825-5820-80ecb0ae847d" executionId="59cdc561-61ef-412d-8bd2-64448fada060" testListId="8c84fa94-04c1-424b-9868-57a2d4851a1d" />
    <TestEntry testId="e87f4494-6da9-6a97-2951-902f343e49f5" executionId="e0e152fc-4ff9-48cd-90b4-7b3c5fdcced9" testListId="8c84fa94-04c1-424b-9868-57a2d4851a1d" />
    <TestEntry testId="cbede509-b876-03b4-7ce0-37197aa8b8a6" executionId="18f6a6a9-8820-4850-b906-29c814b7f511" testListId="8c84fa94-04c1-424b-9868-57a2d4851a1d" />
    <TestEntry testId="10ff86b2-14d9-a1b5-59f4-0ee4f986469f" executionId="c3f41ee5-6120-47ba-bfe1-194a64f6ce57" testListId="8c84fa94-04c1-424b-9868-57a2d4851a1d" />
    <TestEntry testId="9b8de71b-7848-1c62-28ae-159671066bbc" executionId="95e52bac-82d7-4cef-a317-f89daf676264" testListId="8c84fa94-04c1-424b-9868-57a2d4851a1d" />
    <TestEntry testId="19fe08c4-53a8-9940-cee7-991e098fe559" executionId="b91a08c9-50cd-4365-ba80-94a7d1230c74" testListId="8c84fa94-04c1-424b-9868-57a2d4851a1d" />
    <TestEntry testId="ad7afb8c-d0ed-d077-ecf1-5c314afc821d" executionId="f5237af5-bf2a-4117-bc1f-24017cdd494c" testListId="8c84fa94-04c1-424b-9868-57a2d4851a1d" />
    <TestEntry testId="d7af2342-4b30-0768-069a-66984597e905" executionId="ed6331db-52c5-49df-99af-1c4e4531c266" testListId="8c84fa94-04c1-424b-9868-57a2d4851a1d" />
    <TestEntry testId="72423354-0b9d-0d26-a60b-7603415e70ad" executionId="6ea1a572-f9e0-49a2-9304-096d8dd1be4a" testListId="8c84fa94-04c1-424b-9868-57a2d4851a1d" />
    <TestEntry testId="b9ae03dd-3909-01eb-23e0-8bf21ee3d6ea" executionId="66bf5eb9-9b0d-4883-a8b0-a03b06a097ac" testListId="8c84fa94-04c1-424b-9868-57a2d4851a1d" />
    <TestEntry testId="4af2b2ec-6d57-1ccb-ef9c-1fde4b10ea3a" executionId="7a40e22d-3624-4d2b-bf8e-3cdccd168ec3" testListId="8c84fa94-04c1-424b-9868-57a2d4851a1d" />
    <TestEntry testId="3d21482f-835c-b4c0-4610-12e0db389ba6" executionId="bd64dc91-c3ec-40a9-a6a5-bace1bccf537" testListId="8c84fa94-04c1-424b-9868-57a2d4851a1d" />
    <TestEntry testId="172c2f67-22d9-0b21-9df9-f6d7bf27ac94" executionId="1fcbf129-d430-4ce7-a1a5-575e90376651" testListId="8c84fa94-04c1-424b-9868-57a2d4851a1d" />
    <TestEntry testId="29ec040f-0154-d300-a13d-e565707c8d31" executionId="fe5a7215-703b-4957-a728-593aa14919f4" testListId="8c84fa94-04c1-424b-9868-57a2d4851a1d" />
    <TestEntry testId="37792299-3dd4-df61-3bcb-467028fc8533" executionId="c04e2e96-e713-4771-90be-ef61aa62e13b" testListId="8c84fa94-04c1-424b-9868-57a2d4851a1d" />
    <TestEntry testId="6da635f8-8416-7b4b-0360-189b8dec9d63" executionId="b33a1b9f-4ce0-4380-83bd-fd51a1660be8" testListId="8c84fa94-04c1-424b-9868-57a2d4851a1d" />
    <TestEntry testId="1942dc15-dfcb-3790-cc24-66292ca89d8d" executionId="ae884777-8fa5-4a00-b521-3b48a99b9555" testListId="8c84fa94-04c1-424b-9868-57a2d4851a1d" />
    <TestEntry testId="4ba3ab96-e51c-cd90-a8c2-02068c2cfb09" executionId="ce28e199-890a-47cd-a775-3c3ca556fbee" testListId="8c84fa94-04c1-424b-9868-57a2d4851a1d" />
    <TestEntry testId="17c78595-48aa-bed2-a9b1-5f1f2a0ee126" executionId="94b89326-52a3-4376-9483-7c280d0e6e8f" testListId="8c84fa94-04c1-424b-9868-57a2d4851a1d" />
    <TestEntry testId="5b486404-8f00-6564-3c4d-715431cb2988" executionId="6fe5a54d-8a57-4c3c-9199-62d61e2cda69" testListId="8c84fa94-04c1-424b-9868-57a2d4851a1d" />
    <TestEntry testId="b6826cf0-8226-8aee-6843-71579432701f" executionId="61509a61-a379-478a-9699-05b8ebe98515" testListId="8c84fa94-04c1-424b-9868-57a2d4851a1d" />
    <TestEntry testId="12cada9a-8630-cfe1-1b0a-b85143964cd4" executionId="587fccb2-4cb7-4836-b9ba-8b0628c92a5d" testListId="8c84fa94-04c1-424b-9868-57a2d4851a1d" />
    <TestEntry testId="3495fc58-67a7-a6f1-2c99-1760cf90ac7c" executionId="0f8663c7-047f-4dba-95ca-60efb7e465eb" testListId="8c84fa94-04c1-424b-9868-57a2d4851a1d" />
    <TestEntry testId="7a800d9c-4d81-45c4-0be9-c8a81f675f64" executionId="74a4cb1a-3db5-4aa3-bd95-180587d9bbf9" testListId="8c84fa94-04c1-424b-9868-57a2d4851a1d" />
    <TestEntry testId="d89c6599-3f07-b118-70b6-c1489cc0b9c3" executionId="f990e4ce-b251-45ff-8ded-73146b265f74" testListId="8c84fa94-04c1-424b-9868-57a2d4851a1d" />
    <TestEntry testId="ee35ed0f-0707-c177-e433-7bad4e0be667" executionId="f2fa650d-2b9e-472f-a1d2-16bf5258b54c" testListId="8c84fa94-04c1-424b-9868-57a2d4851a1d" />
    <TestEntry testId="c837a97a-e51e-8bec-3d9c-2a1bd95a354a" executionId="44c53ced-3271-40f3-b20e-a93d06a72681" testListId="8c84fa94-04c1-424b-9868-57a2d4851a1d" />
    <TestEntry testId="8961879c-3773-fbef-5843-9b173bd8467b" executionId="e86947ac-60c7-4f2e-b181-7e0ed48877e6" testListId="8c84fa94-04c1-424b-9868-57a2d4851a1d" />
    <TestEntry testId="b9609315-e50a-b6bd-1d55-29ba9e7e6c5d" executionId="9eabac8d-324f-46d6-8ea7-49f318158571" testListId="8c84fa94-04c1-424b-9868-57a2d4851a1d" />
    <TestEntry testId="23edba5e-075d-714e-fbe4-42cb97997bd1" executionId="73960fb6-792b-4b73-8183-6bc952cdca5f" testListId="8c84fa94-04c1-424b-9868-57a2d4851a1d" />
    <TestEntry testId="4310afc1-7beb-dea9-0052-28581d93ccc2" executionId="877e5e61-a6d4-4665-908c-f5ca52701cc4" testListId="8c84fa94-04c1-424b-9868-57a2d4851a1d" />
    <TestEntry testId="a5dc8def-6e1e-975a-0bfc-856e597d0053" executionId="66b2130e-68dd-4e4e-b80b-26a9a2d9db89" testListId="8c84fa94-04c1-424b-9868-57a2d4851a1d" />
    <TestEntry testId="f4b3efa7-e728-9442-c241-478c27e4af9a" executionId="855c6d7b-1193-4fa7-90a6-e05cc1fab285" testListId="8c84fa94-04c1-424b-9868-57a2d4851a1d" />
    <TestEntry testId="21213293-f488-0812-4381-80dee5bd998a" executionId="5cffe1ee-5a85-4c66-bd36-2d81a0a0b009" testListId="8c84fa94-04c1-424b-9868-57a2d4851a1d" />
    <TestEntry testId="95f37e0d-4421-eb92-84f4-747fa8803b39" executionId="11661b50-3709-4760-be24-a149fbd20b17" testListId="8c84fa94-04c1-424b-9868-57a2d4851a1d" />
    <TestEntry testId="98270f61-87ef-465b-a400-bbad02cf781c" executionId="1079e9ba-155b-4cb3-808c-3686873a4ba9" testListId="8c84fa94-04c1-424b-9868-57a2d4851a1d" />
    <TestEntry testId="d4c908cd-0efa-969d-cc6b-17454c825a33" executionId="4f142c54-bd85-434f-b2d5-2aa8bbf82b69" testListId="8c84fa94-04c1-424b-9868-57a2d4851a1d" />
    <TestEntry testId="2cec005b-fc62-abf6-3471-a3cafbdddd52" executionId="4c7d2e4b-17bb-4a37-b9c5-8788480add8b" testListId="8c84fa94-04c1-424b-9868-57a2d4851a1d" />
    <TestEntry testId="6d09ffad-009b-7d2f-ac9e-73450c5425cf" executionId="20729b8c-c6ba-4410-a66d-bfe665ab2716" testListId="8c84fa94-04c1-424b-9868-57a2d4851a1d" />
    <TestEntry testId="9a7cd02e-64e0-5f38-0fb0-0a349dd4e338" executionId="ebf8cd58-9d0c-4e67-9ec9-335ab8c1791d" testListId="8c84fa94-04c1-424b-9868-57a2d4851a1d" />
    <TestEntry testId="e1f9df93-c8a9-64ad-9681-95501fc25408" executionId="bc7f5ccf-7a68-4343-89ce-7892a73cc92e" testListId="8c84fa94-04c1-424b-9868-57a2d4851a1d" />
    <TestEntry testId="e306fc38-199a-64dd-ddf7-942344f09ad5" executionId="ffac67a8-995e-401d-ae86-b2ede0513dd5" testListId="8c84fa94-04c1-424b-9868-57a2d4851a1d" />
    <TestEntry testId="c162230b-7740-f5ae-8a70-82a055c18768" executionId="ea7ebf7d-d6f8-4f71-95c2-50304e2321d6" testListId="8c84fa94-04c1-424b-9868-57a2d4851a1d" />
    <TestEntry testId="cc719c64-1f3a-64f4-7280-de735427681a" executionId="a1e1d920-9f3a-4ab0-858d-1f4821087fac" testListId="8c84fa94-04c1-424b-9868-57a2d4851a1d" />
    <TestEntry testId="6ecd4de5-98bf-2ca7-84f3-ebefb56f34f6" executionId="6d795700-9075-4810-967f-700e0f8f49ef" testListId="8c84fa94-04c1-424b-9868-57a2d4851a1d" />
    <TestEntry testId="4571e354-ad20-aed6-72db-5f08020ef89b" executionId="1b31f565-e12b-4160-8b4b-64f928bafaa7" testListId="8c84fa94-04c1-424b-9868-57a2d4851a1d" />
    <TestEntry testId="dbbdc319-4b2f-659b-f481-4c052ecc7522" executionId="2c7c7398-3db1-45f5-ab6d-53eeefb08f75" testListId="8c84fa94-04c1-424b-9868-57a2d4851a1d" />
    <TestEntry testId="57f3d555-cd2f-6706-4d71-3065edac0980" executionId="9a46ec0f-f5d4-4b44-9f6e-d19b7f4a98ce" testListId="8c84fa94-04c1-424b-9868-57a2d4851a1d" />
    <TestEntry testId="a95724a9-66dc-660f-177c-b4bf1c1070b3" executionId="13f01917-d995-49a6-acf5-d6d4f29ae2e7" testListId="8c84fa94-04c1-424b-9868-57a2d4851a1d" />
    <TestEntry testId="82766488-ceed-2ffd-be5d-61b1a33ab411" executionId="62a542ed-c13c-44f1-ad91-2f0e5c8be98e" testListId="8c84fa94-04c1-424b-9868-57a2d4851a1d" />
    <TestEntry testId="a8e3a636-620f-1482-f02b-70a802069f1c" executionId="a0c1a850-85ab-4ed7-b5ac-844d9bbe7cba" testListId="8c84fa94-04c1-424b-9868-57a2d4851a1d" />
    <TestEntry testId="eab1eb37-593d-4815-e3d4-550d56424bbd" executionId="e6d8519c-237a-47b2-9921-d53e73ad5287" testListId="8c84fa94-04c1-424b-9868-57a2d4851a1d" />
    <TestEntry testId="b394acf1-eba7-4720-facf-d76aee72517f" executionId="4561562f-f63d-4060-8b02-cba79814720d" testListId="8c84fa94-04c1-424b-9868-57a2d4851a1d" />
    <TestEntry testId="98d02439-5e15-64fc-4bb1-49fcc6e0af98" executionId="59bcb8be-ddaf-47da-bfd1-45aa4252f94e" testListId="8c84fa94-04c1-424b-9868-57a2d4851a1d" />
    <TestEntry testId="74215b49-55a4-8e1f-445d-b91dc36d327d" executionId="7ed8cfb9-caf0-44b1-9ec0-7d232e0e4bc8" testListId="8c84fa94-04c1-424b-9868-57a2d4851a1d" />
    <TestEntry testId="972b6902-070e-93e6-0c8a-7631c394a35a" executionId="aa1fbad0-d565-4076-8a34-6d2f7a67e47c" testListId="8c84fa94-04c1-424b-9868-57a2d4851a1d" />
    <TestEntry testId="5e6f7ffb-bfeb-e6b6-109d-621339e7fecc" executionId="e8a4c7f1-47e0-4eae-a98c-76b93d272935" testListId="8c84fa94-04c1-424b-9868-57a2d4851a1d" />
    <TestEntry testId="04b3c1ab-4a60-2262-771f-1c02badca77a" executionId="0b844b37-edba-4a36-b21f-38804a0e283f" testListId="8c84fa94-04c1-424b-9868-57a2d4851a1d" />
    <TestEntry testId="9de81f09-f480-09d3-1cf2-f3677ff4137e" executionId="9acc5cc8-dee1-468d-b4af-f9f82a494761" testListId="8c84fa94-04c1-424b-9868-57a2d4851a1d" />
    <TestEntry testId="0463d059-eaf9-2dfc-fe1c-96ed54377893" executionId="371030fd-fbe6-44a7-8585-887a59c04410" testListId="8c84fa94-04c1-424b-9868-57a2d4851a1d" />
    <TestEntry testId="ee549e95-dfe3-9d51-dc58-2eef43cc8f1e" executionId="fcb0a513-69aa-4cd3-a7ab-33e6e9cd8797" testListId="8c84fa94-04c1-424b-9868-57a2d4851a1d" />
    <TestEntry testId="448750a7-727a-5951-0133-3dde033397df" executionId="7fcd5d2c-3e9d-419c-8334-a369065c164a" testListId="8c84fa94-04c1-424b-9868-57a2d4851a1d" />
    <TestEntry testId="0df0539f-4daf-4901-0eea-892979bbc6ad" executionId="26174034-a738-41c1-9e77-da31700bde2c" testListId="8c84fa94-04c1-424b-9868-57a2d4851a1d" />
    <TestEntry testId="f35ba837-efe1-7ec1-1386-e691929b7f10" executionId="01bb5bb3-aa28-4a3e-848d-3b62198dbb7c" testListId="8c84fa94-04c1-424b-9868-57a2d4851a1d" />
    <TestEntry testId="c71759fc-e4e5-d7b5-0b8a-14b59e843b99" executionId="c31bea49-8988-4bdf-a89b-7150925b755e" testListId="8c84fa94-04c1-424b-9868-57a2d4851a1d" />
    <TestEntry testId="f87b10d3-ed81-9fac-667c-024663b5cc14" executionId="b4b55793-1dd9-4407-b120-0cdf74fc9278" testListId="8c84fa94-04c1-424b-9868-57a2d4851a1d" />
    <TestEntry testId="68b79cb8-5143-d0df-fd0c-6bdd07e7bc95" executionId="194a2d24-34f1-4b14-8ce2-1915a927e3ef" testListId="8c84fa94-04c1-424b-9868-57a2d4851a1d" />
    <TestEntry testId="9214b874-848b-6a6d-b88b-6d0ccc56ee9d" executionId="d18c3ec2-d4c7-4ee3-b831-be296944a77c" testListId="8c84fa94-04c1-424b-9868-57a2d4851a1d" />
    <TestEntry testId="c2c97375-6246-5409-a138-e7645e42665c" executionId="e5d3d470-75fe-4486-bdfe-82994ad5d06f" testListId="8c84fa94-04c1-424b-9868-57a2d4851a1d" />
    <TestEntry testId="e8e42826-2f99-5e69-1f94-95f6d6d1ba75" executionId="f19c5fe4-5d2a-40a9-95ba-6a3f78e0584e" testListId="8c84fa94-04c1-424b-9868-57a2d4851a1d" />
    <TestEntry testId="3f9971cf-342d-bdff-0580-39d519ebcc3c" executionId="2b755ab5-fa89-4656-8fcc-3864ae8be0bc" testListId="8c84fa94-04c1-424b-9868-57a2d4851a1d" />
    <TestEntry testId="a8c51ba9-0ff1-9c79-d0ec-d8c043c3c3a6" executionId="b223681d-b917-4777-b84a-f3d989091207" testListId="8c84fa94-04c1-424b-9868-57a2d4851a1d" />
    <TestEntry testId="f6b51f6d-a181-38fe-040a-05ccd3c3beae" executionId="595f4cb7-0abb-4fe5-9c71-093776913dad" testListId="8c84fa94-04c1-424b-9868-57a2d4851a1d" />
    <TestEntry testId="048a7356-951d-0443-ab4d-f351f2bc2b8f" executionId="153226e2-629d-4043-a4b6-e8281c7e2aac" testListId="8c84fa94-04c1-424b-9868-57a2d4851a1d" />
    <TestEntry testId="cbdef425-9358-5d90-4cf6-343384677bd3" executionId="30f86919-fa79-4985-a7d8-c91f7adaf74a" testListId="8c84fa94-04c1-424b-9868-57a2d4851a1d" />
    <TestEntry testId="93a4a2bf-3314-dade-c7e2-a2485760c42e" executionId="02d95b69-6eeb-43e2-bc4f-23c6de7a672c" testListId="8c84fa94-04c1-424b-9868-57a2d4851a1d" />
    <TestEntry testId="a822e5f0-a48f-29ac-c584-16d46763d6a6" executionId="5a558570-fab4-49ff-aca5-42b1aa5cc3bc" testListId="8c84fa94-04c1-424b-9868-57a2d4851a1d" />
    <TestEntry testId="93b56f15-d0f9-922b-ebdb-da9b37d35a33" executionId="cc673e2e-f8be-47aa-a644-f8f17c4c2767" testListId="8c84fa94-04c1-424b-9868-57a2d4851a1d" />
    <TestEntry testId="cd875926-d1f9-6873-7028-cf4c8ecd0257" executionId="6033aaf8-996d-4eaf-b1ce-2bc9631aa5f4" testListId="8c84fa94-04c1-424b-9868-57a2d4851a1d" />
    <TestEntry testId="cbf64e51-6576-50d6-4267-120838d86343" executionId="7d5d5022-4149-4f8f-924d-9bcb88f8cd61" testListId="8c84fa94-04c1-424b-9868-57a2d4851a1d" />
    <TestEntry testId="e56bb4a4-9587-cb5a-f7c4-a670d502fb30" executionId="de94047c-acae-46cc-a63a-3af62b4a50af" testListId="8c84fa94-04c1-424b-9868-57a2d4851a1d" />
    <TestEntry testId="ad39e5c6-b75b-964c-f725-2860bbded73a" executionId="f74d4cd6-a9e9-4539-b640-eebd7cf9bc48" testListId="8c84fa94-04c1-424b-9868-57a2d4851a1d" />
    <TestEntry testId="25e5fbea-a59a-469e-2c57-bf43e692253f" executionId="83052f67-1879-4a0c-8383-77bb1aa8f541" testListId="8c84fa94-04c1-424b-9868-57a2d4851a1d" />
    <TestEntry testId="4e7d0eed-3253-3a99-4b23-1e16e64a7cba" executionId="73596ccf-90b0-4379-8be0-55416848a4e0" testListId="8c84fa94-04c1-424b-9868-57a2d4851a1d" />
    <TestEntry testId="c57b5ac3-e5ee-5197-1193-cb70696436ab" executionId="d72a09ce-0683-4c4e-9a14-a367d1412371" testListId="8c84fa94-04c1-424b-9868-57a2d4851a1d" />
    <TestEntry testId="6041e855-6e16-fdd0-edb8-bddfeadf60e9" executionId="fdbaa06a-6acd-4ac1-aa20-edefe422af22" testListId="8c84fa94-04c1-424b-9868-57a2d4851a1d" />
    <TestEntry testId="659a9ec2-9923-b1fc-65d4-820accfaf013" executionId="d7178dd0-5198-4dad-a74c-9054e4592af4" testListId="8c84fa94-04c1-424b-9868-57a2d4851a1d" />
    <TestEntry testId="1f698a05-529f-0e53-b376-15637b69868e" executionId="be39e5e8-dc11-4686-b65a-04382d7c23e0" testListId="8c84fa94-04c1-424b-9868-57a2d4851a1d" />
    <TestEntry testId="fa6e016c-cf40-5d29-14b8-73af84d227df" executionId="d00fc020-39f3-45fe-91cf-b8316a0084df" testListId="8c84fa94-04c1-424b-9868-57a2d4851a1d" />
    <TestEntry testId="b76ef51e-8339-e9f8-da0f-bcb30f07d332" executionId="496aa2ea-b4fc-49d4-aca3-fb01d0f8b461" testListId="8c84fa94-04c1-424b-9868-57a2d4851a1d" />
    <TestEntry testId="38b9ac66-3a52-c107-e4a8-1e404bb2068f" executionId="9fafe641-f3bc-4a05-8baf-2956f62601e8" testListId="8c84fa94-04c1-424b-9868-57a2d4851a1d" />
    <TestEntry testId="e6196d6f-df08-6059-bad4-cec736d80078" executionId="24323718-e10d-4621-af71-dd97f8fbaa95" testListId="8c84fa94-04c1-424b-9868-57a2d4851a1d" />
    <TestEntry testId="7a8a4f9b-bc69-7eee-3a8a-ac87698efa86" executionId="fcad292e-fdd6-432f-8aa7-d601b31e83d0" testListId="8c84fa94-04c1-424b-9868-57a2d4851a1d" />
    <TestEntry testId="3f7d39dd-f323-74fc-8179-db3ff005b6ec" executionId="646b4868-7bb5-4445-9ed0-5b39d0e41bf0" testListId="8c84fa94-04c1-424b-9868-57a2d4851a1d" />
    <TestEntry testId="2734d560-bca6-3dc0-5647-169dfc4e3985" executionId="84a89052-52eb-4c76-a351-6dcd985630f4" testListId="8c84fa94-04c1-424b-9868-57a2d4851a1d" />
    <TestEntry testId="2a56e323-0d48-7dfa-4535-c7b28c438a56" executionId="abb36f94-bfa1-4614-bf04-874700828fb4" testListId="8c84fa94-04c1-424b-9868-57a2d4851a1d" />
    <TestEntry testId="bd2143a5-6659-cd71-7e42-8c05bb631335" executionId="1f93350c-b9d2-4512-bc3b-32dd9bccd9c9" testListId="8c84fa94-04c1-424b-9868-57a2d4851a1d" />
    <TestEntry testId="d2ac934c-06ca-163d-72aa-0d3d38b9ca1c" executionId="b58a4c19-2df2-4f0a-8592-e1ea69000ec4" testListId="8c84fa94-04c1-424b-9868-57a2d4851a1d" />
    <TestEntry testId="701effda-ecaa-0161-2522-7f0e19a89600" executionId="0b6a28d7-33b4-431a-87fc-2bd5905324ed" testListId="8c84fa94-04c1-424b-9868-57a2d4851a1d" />
    <TestEntry testId="6c2931ba-0104-f8f3-2bd2-0063815f613e" executionId="8f1ec57b-c445-4e90-81f9-822a8b46a2a0" testListId="8c84fa94-04c1-424b-9868-57a2d4851a1d" />
    <TestEntry testId="b9f1949e-6005-8b38-5aad-734ff60f7a1c" executionId="7b3a42cf-a326-46a4-9cd5-982e63d8b476" testListId="8c84fa94-04c1-424b-9868-57a2d4851a1d" />
    <TestEntry testId="b6bb762a-9e5c-d2b4-5406-c312443d0acf" executionId="62f0107e-484d-43b0-bf39-fca0bb7126a2" testListId="8c84fa94-04c1-424b-9868-57a2d4851a1d" />
    <TestEntry testId="ccd8ed81-75a8-3df8-b4c7-975167e12a0b" executionId="1c107734-fd38-4ecb-9b8b-3c7013765259" testListId="8c84fa94-04c1-424b-9868-57a2d4851a1d" />
    <TestEntry testId="1e972868-705b-a2cf-bcf4-1e98d9f4c876" executionId="e3165349-8f4f-47c7-ae8f-13212e1a3769" testListId="8c84fa94-04c1-424b-9868-57a2d4851a1d" />
    <TestEntry testId="cb461d3e-eca8-bb20-712e-29e229304470" executionId="245d6b1a-8861-4df2-b9ac-b8718040e068" testListId="8c84fa94-04c1-424b-9868-57a2d4851a1d" />
    <TestEntry testId="0fa337ef-9264-9b89-1d15-627beacabec9" executionId="d61636b9-376b-4ba4-a161-4c39ac1ec606" testListId="8c84fa94-04c1-424b-9868-57a2d4851a1d" />
    <TestEntry testId="846ac6c3-55bc-e84d-26d2-2575dc0cb8d4" executionId="764e8542-d597-4bb5-90cb-c2a153570946" testListId="8c84fa94-04c1-424b-9868-57a2d4851a1d" />
    <TestEntry testId="f9522e77-b6e5-3bb0-d676-365ce0f42f8d" executionId="80ae342c-485e-48e2-bacf-4ed8c3695f1c" testListId="8c84fa94-04c1-424b-9868-57a2d4851a1d" />
    <TestEntry testId="56492bfc-e924-0da8-97a1-130598b24e73" executionId="28407193-ed5c-4b5d-8670-b4e19800505a" testListId="8c84fa94-04c1-424b-9868-57a2d4851a1d" />
    <TestEntry testId="e4f6934a-616c-8376-308f-cb98c04d2173" executionId="510ae55e-4fd6-43d2-a145-6504835d7d24" testListId="8c84fa94-04c1-424b-9868-57a2d4851a1d" />
    <TestEntry testId="16ef2190-1f73-491e-22c1-38b1f96709f9" executionId="43f69612-6080-4766-865c-ea4a7eae1820" testListId="8c84fa94-04c1-424b-9868-57a2d4851a1d" />
    <TestEntry testId="558bbf3e-ad01-237f-31a6-a482e4972696" executionId="262e3e6f-8bca-4367-83cf-b7fae90e74b1" testListId="8c84fa94-04c1-424b-9868-57a2d4851a1d" />
    <TestEntry testId="d9b69963-27d8-e3e9-4282-0a7426b80ca8" executionId="b319850f-6aae-4ee2-847c-9fac4b44545e" testListId="8c84fa94-04c1-424b-9868-57a2d4851a1d" />
    <TestEntry testId="1d23db69-b3ec-105d-6b79-3270287a4327" executionId="014f77b3-06ce-4f8c-a4cc-b05fd94fab38" testListId="8c84fa94-04c1-424b-9868-57a2d4851a1d" />
    <TestEntry testId="a5c9b3e0-5a9d-e34f-5e7a-81a74220a989" executionId="0b8ae3b8-24d2-4ea3-b1d5-9efb161f2311" testListId="8c84fa94-04c1-424b-9868-57a2d4851a1d" />
    <TestEntry testId="a84efa56-6bf6-839a-c755-cd7db0018314" executionId="90f6c95f-4362-407e-93a7-bd24f2e065e3" testListId="8c84fa94-04c1-424b-9868-57a2d4851a1d" />
    <TestEntry testId="e0f64ae1-ad3b-ab3a-fa7b-d557e5e7ef5e" executionId="2de185bb-3477-411c-87e8-c81cc2f9652c" testListId="8c84fa94-04c1-424b-9868-57a2d4851a1d" />
    <TestEntry testId="e97704e8-316b-dc32-95b9-968584ac4f6d" executionId="7709440a-94dd-48b3-90ee-38924382a3a7" testListId="8c84fa94-04c1-424b-9868-57a2d4851a1d" />
    <TestEntry testId="450cd0b8-107a-db85-2288-0818f2fa4ea2" executionId="7312bc17-7592-489c-80b6-0c05788bf020" testListId="8c84fa94-04c1-424b-9868-57a2d4851a1d" />
    <TestEntry testId="9fa47e22-40db-d6aa-08db-2796421ca596" executionId="ebd8bbbb-28b8-4ccb-82c2-1cfb8c8a4b65" testListId="8c84fa94-04c1-424b-9868-57a2d4851a1d" />
    <TestEntry testId="784e77c8-c91c-30bc-80fe-7549998f79cc" executionId="d038812a-9dbd-4b68-8532-f3da7aee0e49" testListId="8c84fa94-04c1-424b-9868-57a2d4851a1d" />
    <TestEntry testId="ac3b128e-d3d5-4265-9aef-591cc4d52713" executionId="59f461a4-b4c0-435e-83c6-01df42c39a57" testListId="8c84fa94-04c1-424b-9868-57a2d4851a1d" />
    <TestEntry testId="1f1315c1-a6d0-5528-a7a2-bd280e0f1b90" executionId="2728a3c0-c4f0-46c2-925f-27acef5067ac" testListId="8c84fa94-04c1-424b-9868-57a2d4851a1d" />
    <TestEntry testId="bf375141-0c02-f82b-1ecd-b36c1b60e46f" executionId="d0c493e7-159a-4198-bb9f-4f3364692a15" testListId="8c84fa94-04c1-424b-9868-57a2d4851a1d" />
    <TestEntry testId="c2bee61d-b377-0307-6ae6-213cbe906e4c" executionId="6765ae0e-ec2a-459c-8343-b63270740a63" testListId="8c84fa94-04c1-424b-9868-57a2d4851a1d" />
    <TestEntry testId="f40ea688-42cc-2a10-7097-ce92bfa5b964" executionId="e6545119-1613-46f2-ac7b-07b1bf586306" testListId="8c84fa94-04c1-424b-9868-57a2d4851a1d" />
    <TestEntry testId="879645bc-7ba2-6487-189b-4a1984172c5b" executionId="4aafcbc0-817b-4feb-a8f7-d16b8278a47a" testListId="8c84fa94-04c1-424b-9868-57a2d4851a1d" />
    <TestEntry testId="991f2985-16ae-d801-ea17-9f16e130eab9" executionId="460a684b-f600-45f2-b800-a43b02243967" testListId="8c84fa94-04c1-424b-9868-57a2d4851a1d" />
    <TestEntry testId="8fbca525-7327-91f7-9b94-6e321e0776bf" executionId="ba2be42a-7a1a-4059-a717-144bb7af9c1f" testListId="8c84fa94-04c1-424b-9868-57a2d4851a1d" />
    <TestEntry testId="9cc5e92b-93df-26cc-9767-7c7734ecec97" executionId="d6da6801-05df-4676-933a-4aaae99a7d9e" testListId="8c84fa94-04c1-424b-9868-57a2d4851a1d" />
    <TestEntry testId="bd5d3463-bfe8-f361-dfab-4ebb65035ec9" executionId="4507d959-3896-4243-a73c-a2fc0688652c" testListId="8c84fa94-04c1-424b-9868-57a2d4851a1d" />
    <TestEntry testId="48b9364a-166a-d450-57f5-c643897234ab" executionId="6b0b2e3c-342e-4ae3-9207-793d72b8050f" testListId="8c84fa94-04c1-424b-9868-57a2d4851a1d" />
    <TestEntry testId="a4fa1211-839b-b128-8fa2-bc650f85f4da" executionId="0ea19337-1366-45bc-a8b4-5b07c5ec8b52" testListId="8c84fa94-04c1-424b-9868-57a2d4851a1d" />
    <TestEntry testId="41ba25c7-0eaa-9cd8-3146-7df414caa490" executionId="e10ae6f9-eef6-4d25-b1d7-239cef3ee4c9" testListId="8c84fa94-04c1-424b-9868-57a2d4851a1d" />
    <TestEntry testId="c9687247-30d1-280a-87a9-80a36b2d7cef" executionId="b223a47b-fdf2-45f8-9ab9-382b78498454" testListId="8c84fa94-04c1-424b-9868-57a2d4851a1d" />
    <TestEntry testId="fd3a67c1-20b0-7edb-67ac-0abacf5758e9" executionId="fa1fe392-55d3-4086-ba2f-2b63fc515fb0" testListId="8c84fa94-04c1-424b-9868-57a2d4851a1d" />
    <TestEntry testId="7273a8f8-ae7d-f089-f04f-8d5bffcd4468" executionId="1bd5d898-66d8-42d2-9496-905eb361592b" testListId="8c84fa94-04c1-424b-9868-57a2d4851a1d" />
    <TestEntry testId="750786cc-a398-416c-cb6b-2f5b0523943d" executionId="5d6a67f2-a626-4262-8f28-33a8c6042a02" testListId="8c84fa94-04c1-424b-9868-57a2d4851a1d" />
    <TestEntry testId="a31dfba7-e2eb-92e0-e6d2-edbe78204565" executionId="7412ed40-6ba3-4a17-811f-690f1525df80" testListId="8c84fa94-04c1-424b-9868-57a2d4851a1d" />
    <TestEntry testId="45d5d672-2494-523f-3667-f6a15831b673" executionId="34679ded-0c51-4a4a-896c-56c0526f40f8" testListId="8c84fa94-04c1-424b-9868-57a2d4851a1d" />
    <TestEntry testId="b6e3dd57-8de7-8937-780f-03582637681d" executionId="a11b04ae-e595-414d-876f-357efce8d694" testListId="8c84fa94-04c1-424b-9868-57a2d4851a1d" />
    <TestEntry testId="446bca83-49f8-6535-b852-d0ba19d36891" executionId="d10208a8-4f10-47a5-8631-d3e8e27a98c1" testListId="8c84fa94-04c1-424b-9868-57a2d4851a1d" />
    <TestEntry testId="0e6cc107-c8fb-79d7-b16b-448e9915d30f" executionId="62e69d1c-410a-450d-b00d-dd01a0250d29" testListId="8c84fa94-04c1-424b-9868-57a2d4851a1d" />
    <TestEntry testId="8b2f8dee-5111-0e66-4cbd-d2d21db27954" executionId="43085663-ae74-4a91-b125-ffd9e9197dc6" testListId="8c84fa94-04c1-424b-9868-57a2d4851a1d" />
    <TestEntry testId="956ee45b-28c9-92eb-4d28-9f7ad0b0d994" executionId="0c5ba2df-abea-4e45-a483-a964f3cc0193" testListId="8c84fa94-04c1-424b-9868-57a2d4851a1d" />
    <TestEntry testId="45a163be-f6fb-02de-a2cc-6dec2a644136" executionId="ab320afa-9dd0-4194-927c-19d883da07b6" testListId="8c84fa94-04c1-424b-9868-57a2d4851a1d" />
    <TestEntry testId="bd8b30b1-af16-1667-db26-45b27d69c724" executionId="4a3c4ccc-ae73-4077-8b7b-3473c5c61034" testListId="8c84fa94-04c1-424b-9868-57a2d4851a1d" />
    <TestEntry testId="88493128-5ef8-cf85-9a6c-011ea0ea7c0c" executionId="bfd1a838-33c4-40cc-a115-b4441357d3b3" testListId="8c84fa94-04c1-424b-9868-57a2d4851a1d" />
    <TestEntry testId="ffeeef0e-b0a6-42bd-7a58-730f2d9a6641" executionId="82a4528e-2619-4b57-9e29-c4ba86ff5bc8" testListId="8c84fa94-04c1-424b-9868-57a2d4851a1d" />
    <TestEntry testId="00fd6b05-3592-861b-e359-5a574ee443d0" executionId="68265d48-51ed-42eb-a9ad-c6c48ce48952" testListId="8c84fa94-04c1-424b-9868-57a2d4851a1d" />
    <TestEntry testId="02ce5419-6f83-a028-3fcf-e162973483ee" executionId="313dc9c9-eabe-4015-8c98-7d4c0ea584f6" testListId="8c84fa94-04c1-424b-9868-57a2d4851a1d" />
    <TestEntry testId="b977fc41-b4ac-565d-05eb-df8931454140" executionId="8f7cd369-5861-4c54-9188-370eb589c1eb" testListId="8c84fa94-04c1-424b-9868-57a2d4851a1d" />
    <TestEntry testId="bfd7deee-8d8a-49cb-439a-536734f1e2b2" executionId="d19c7c7a-5b2c-48ad-9f43-c16366ef9427" testListId="8c84fa94-04c1-424b-9868-57a2d4851a1d" />
    <TestEntry testId="bb62df0a-4b0e-dc38-efff-e29b7ce70478" executionId="d0e19d9c-1c61-43cd-a24e-2806eb307d27" testListId="8c84fa94-04c1-424b-9868-57a2d4851a1d" />
    <TestEntry testId="8d4113a8-c995-6e6e-f85e-33d277ba5ae2" executionId="82569f38-3382-4591-879f-d1c20770de5c" testListId="8c84fa94-04c1-424b-9868-57a2d4851a1d" />
    <TestEntry testId="ba53baed-f5ba-708c-6942-501f1bbdacdf" executionId="863776fb-35c5-49fd-85b1-295ee9acb098" testListId="8c84fa94-04c1-424b-9868-57a2d4851a1d" />
    <TestEntry testId="5fbe0d69-d94a-6f4a-ffd3-2faae51408c7" executionId="554a4970-f768-4277-bdc1-de225f17cdff" testListId="8c84fa94-04c1-424b-9868-57a2d4851a1d" />
    <TestEntry testId="406e731d-4287-7ae4-e2af-fbbe10d2a15b" executionId="0985b920-5326-4734-8776-ff27ef900c2c" testListId="8c84fa94-04c1-424b-9868-57a2d4851a1d" />
    <TestEntry testId="6747aa99-e76b-04cc-159a-1c7e34e38eb1" executionId="c233e54c-f021-4668-9cb4-78a4c36c86dd" testListId="8c84fa94-04c1-424b-9868-57a2d4851a1d" />
    <TestEntry testId="8e9d7d99-a5df-a503-d37f-06d7f65402a6" executionId="488f9ff4-df1a-40e0-b926-3f9d494ebbf2" testListId="8c84fa94-04c1-424b-9868-57a2d4851a1d" />
    <TestEntry testId="fa8aae63-5ef0-a1a9-a31f-1d8503735aa9" executionId="ce597cb3-0f9d-4199-8d6a-4ae197346e6e" testListId="8c84fa94-04c1-424b-9868-57a2d4851a1d" />
    <TestEntry testId="013a628f-7e21-59fd-c66b-009020f9ad7b" executionId="1a62c6b6-0ffd-43f2-9e98-387cda6a0de1" testListId="8c84fa94-04c1-424b-9868-57a2d4851a1d" />
    <TestEntry testId="ea2d73f3-a9d0-7384-d8f2-f33a4cf80de9" executionId="ab083978-7590-4131-9bd9-6ed3d9b9e26f" testListId="8c84fa94-04c1-424b-9868-57a2d4851a1d" />
    <TestEntry testId="fce2a897-5391-c680-2ec1-eccdd47b8b22" executionId="dd2f25f8-0251-49ed-ac54-e03ff30a481d" testListId="8c84fa94-04c1-424b-9868-57a2d4851a1d" />
    <TestEntry testId="2de6f66f-9b25-100a-6e65-920119c0297f" executionId="fa3e6eb9-afff-46a8-a80b-85cf003c64d9" testListId="8c84fa94-04c1-424b-9868-57a2d4851a1d" />
    <TestEntry testId="9769dd8b-4049-758a-3947-cd0f87143707" executionId="a697d3cb-98d4-417e-90fb-e85efb4a0525" testListId="8c84fa94-04c1-424b-9868-57a2d4851a1d" />
    <TestEntry testId="074028dc-5db7-55dc-d654-01f0003b41b0" executionId="2e98e64a-ed50-4c1e-9adc-d3072b4f7174" testListId="8c84fa94-04c1-424b-9868-57a2d4851a1d" />
    <TestEntry testId="d5f61ed0-6999-349f-54f4-28cd8e1c01d4" executionId="cc64fd30-4333-4857-a076-29b4e37e233c" testListId="8c84fa94-04c1-424b-9868-57a2d4851a1d" />
    <TestEntry testId="ea947337-3d83-b2e8-7f31-72fa3745dd0a" executionId="5d5b8a50-726f-494a-8dfd-40a44c30a1ae" testListId="8c84fa94-04c1-424b-9868-57a2d4851a1d" />
    <TestEntry testId="87064307-995c-89a5-3cb8-a77a86aa3a46" executionId="40987198-5e7f-4e6f-b716-0e1930f02251" testListId="8c84fa94-04c1-424b-9868-57a2d4851a1d" />
    <TestEntry testId="20ce8064-cee4-c7ed-ed78-b9a86833c4d6" executionId="bfec3ef0-9ae6-4227-b81e-cfe77f11f9fa" testListId="8c84fa94-04c1-424b-9868-57a2d4851a1d" />
    <TestEntry testId="d891963e-75e4-bfbd-1af1-6f2f40b7b8fb" executionId="4631e453-c842-4e76-8f9b-a09c70363608" testListId="8c84fa94-04c1-424b-9868-57a2d4851a1d" />
    <TestEntry testId="04af69a6-c87c-9eab-a9d2-e2c9f7840271" executionId="d72f7d94-50ea-438e-93fe-52ee26744c24" testListId="8c84fa94-04c1-424b-9868-57a2d4851a1d" />
    <TestEntry testId="a0145b80-6789-862a-415b-6104d0c075a0" executionId="aee43d2f-aee4-4d3d-af65-5865e92ed7b7" testListId="8c84fa94-04c1-424b-9868-57a2d4851a1d" />
    <TestEntry testId="3042884a-806d-fdc5-f46f-21a0099720fb" executionId="c7d0b826-db9f-4d09-877c-8aeaddbbffa3" testListId="8c84fa94-04c1-424b-9868-57a2d4851a1d" />
    <TestEntry testId="157915dc-e8c7-3f94-7ada-80898034d54d" executionId="e24ff105-a13b-4121-b6d1-75986ac1ee59" testListId="8c84fa94-04c1-424b-9868-57a2d4851a1d" />
    <TestEntry testId="499191c7-8e1f-1af0-fa12-47eaec6d64f2" executionId="19d8889e-1b3e-487f-bb08-a902df468dbc" testListId="8c84fa94-04c1-424b-9868-57a2d4851a1d" />
    <TestEntry testId="a53676c2-6a25-994e-56e2-64a4053f1dbf" executionId="cddad49b-44f0-4fc2-8558-9dab60e30bf0" testListId="8c84fa94-04c1-424b-9868-57a2d4851a1d" />
    <TestEntry testId="76b0051c-d669-07e5-e3f7-8259ed5aba13" executionId="1fe66cd7-ca1d-451b-9368-cea3a1c4145a" testListId="8c84fa94-04c1-424b-9868-57a2d4851a1d" />
    <TestEntry testId="5ee6d11f-092e-0ef4-fdfd-3cce1d9a2396" executionId="7f3f9e88-c926-4b3f-a8e8-d1553fab7297" testListId="8c84fa94-04c1-424b-9868-57a2d4851a1d" />
    <TestEntry testId="315e9158-8e73-0db5-6e9f-934f52aa4308" executionId="d9a12937-f231-44cf-b81e-180eda41c19e" testListId="8c84fa94-04c1-424b-9868-57a2d4851a1d" />
    <TestEntry testId="0a1a861b-78e7-d25e-7a3d-2530f3c7ef9c" executionId="02705056-1423-4609-bd16-35a7c1857130" testListId="8c84fa94-04c1-424b-9868-57a2d4851a1d" />
    <TestEntry testId="99810a87-796c-4865-d728-3fe7ca04a062" executionId="4c01888f-f942-426d-9503-648a8beaecab" testListId="8c84fa94-04c1-424b-9868-57a2d4851a1d" />
    <TestEntry testId="9b054699-5ac8-40ba-f6a8-7263e84ce177" executionId="a900882b-8205-4819-8cdd-761df515d39f" testListId="8c84fa94-04c1-424b-9868-57a2d4851a1d" />
    <TestEntry testId="e10183cc-2360-6fff-8812-a8606b8b9a94" executionId="3fa2105d-63a1-4154-9d7d-ef199129b855" testListId="8c84fa94-04c1-424b-9868-57a2d4851a1d" />
    <TestEntry testId="b63fa908-9fe5-d9cf-191a-3a16487ad2b6" executionId="beaeaefb-0684-4255-a8c9-55b3e235ee58" testListId="8c84fa94-04c1-424b-9868-57a2d4851a1d" />
    <TestEntry testId="acc5ed19-756d-b7df-a160-4ba93c70e6ba" executionId="a2d6be57-40e7-4683-a185-5b93d5d9bc5c" testListId="8c84fa94-04c1-424b-9868-57a2d4851a1d" />
    <TestEntry testId="919d167e-0489-49fa-867a-b28fe7b95b8b" executionId="5d697902-fbea-4d21-bd42-3750106339db" testListId="8c84fa94-04c1-424b-9868-57a2d4851a1d" />
    <TestEntry testId="b4557069-0778-7bb4-b9b0-46e1aec4f29a" executionId="8a2225f3-31a3-4615-b1a1-85cbb34f0dbf" testListId="8c84fa94-04c1-424b-9868-57a2d4851a1d" />
    <TestEntry testId="9a8a7db4-bff1-00ce-a26f-afde98c5ed59" executionId="a48e1b7c-a932-4a4c-81d2-1f331f70610d" testListId="8c84fa94-04c1-424b-9868-57a2d4851a1d" />
    <TestEntry testId="436ed558-28a7-09fa-f524-ca2806b39a9f" executionId="46a081f2-c6a9-43ec-86bd-b10bda832ba3" testListId="8c84fa94-04c1-424b-9868-57a2d4851a1d" />
    <TestEntry testId="52f276d9-f753-b409-bc48-bc36d2a455cb" executionId="1116a72f-02cb-409e-9bf3-2a6af0c9f7e1" testListId="8c84fa94-04c1-424b-9868-57a2d4851a1d" />
    <TestEntry testId="192507d1-36fc-2d25-dfc9-20d90b86b959" executionId="df7bbfb2-8cd1-473d-b90d-a45d0ec59a23" testListId="8c84fa94-04c1-424b-9868-57a2d4851a1d" />
    <TestEntry testId="081c4343-a198-b1eb-f580-496229767456" executionId="a1cf4d2f-4cc6-4413-b7ef-e56e998bcd4b" testListId="8c84fa94-04c1-424b-9868-57a2d4851a1d" />
    <TestEntry testId="6db2f1b4-28a3-6deb-cfbf-a9008e037128" executionId="d4ea12d6-f178-400b-b1bb-9ad90a81396c" testListId="8c84fa94-04c1-424b-9868-57a2d4851a1d" />
    <TestEntry testId="55560052-a39a-825d-e9c8-739ebd549aa5" executionId="0c6c5a94-74a3-4911-b633-ad96d17a1083" testListId="8c84fa94-04c1-424b-9868-57a2d4851a1d" />
    <TestEntry testId="4e4ae70f-af86-f953-53f0-073733b509e7" executionId="9b650d07-6d4e-45c2-bb8e-44aa75119e27" testListId="8c84fa94-04c1-424b-9868-57a2d4851a1d" />
    <TestEntry testId="27dc6f8c-4da0-f151-b126-de4458b3e832" executionId="8ef48b0e-55bd-438e-ba89-cd677d5ed798" testListId="8c84fa94-04c1-424b-9868-57a2d4851a1d" />
    <TestEntry testId="cdb4cd80-1a91-4813-980e-a6df9d6b35ec" executionId="5e8475d4-ebdb-4e54-a998-37d3fd436945" testListId="8c84fa94-04c1-424b-9868-57a2d4851a1d" />
    <TestEntry testId="77a26110-9ad0-fe47-cc4e-5b334878955d" executionId="52de80fb-436e-4b10-be9f-24e7807ac444" testListId="8c84fa94-04c1-424b-9868-57a2d4851a1d" />
    <TestEntry testId="d4c28c10-0cb1-59ea-ca2e-58dae9e42774" executionId="fbfd0f39-08f4-4534-b562-e0845464923f" testListId="8c84fa94-04c1-424b-9868-57a2d4851a1d" />
    <TestEntry testId="260524ed-9ccb-fcbe-2b3e-e18ae630c651" executionId="3c27c141-ac34-412f-b743-34e06e227738" testListId="8c84fa94-04c1-424b-9868-57a2d4851a1d" />
    <TestEntry testId="600517d1-a9dd-2a42-f0af-661cba3da3ca" executionId="70f39b0d-d565-4975-a0ef-b3a55861660d" testListId="8c84fa94-04c1-424b-9868-57a2d4851a1d" />
    <TestEntry testId="e3ba907c-c8d2-c790-74d2-dbc1ec56bea1" executionId="aff5d20b-af13-40ab-b4ed-29fca3c2800f" testListId="8c84fa94-04c1-424b-9868-57a2d4851a1d" />
    <TestEntry testId="44f4028e-9bd3-386c-2ed9-6f8efdc546e9" executionId="e4985a21-5624-48f1-8ddb-ed6338627594" testListId="8c84fa94-04c1-424b-9868-57a2d4851a1d" />
    <TestEntry testId="d56a5580-e7b0-5ea5-e686-7d25ff67bf27" executionId="ee996063-97f9-4634-a72a-5134f3da166c" testListId="8c84fa94-04c1-424b-9868-57a2d4851a1d" />
    <TestEntry testId="ba4e580a-84f0-9053-49d9-1cd64ca7177c" executionId="95438699-5f8f-431f-a583-93979cf0e0e6" testListId="8c84fa94-04c1-424b-9868-57a2d4851a1d" />
    <TestEntry testId="fb7a0209-f0c4-b769-e081-77e80f22692c" executionId="253192e5-f600-411c-b7fb-436a9ebbcb05" testListId="8c84fa94-04c1-424b-9868-57a2d4851a1d" />
    <TestEntry testId="920a4805-aaea-bdb5-e41c-a524ec5a5f7d" executionId="3062f0f9-7990-4c7a-af82-cd2faf7d68b3" testListId="8c84fa94-04c1-424b-9868-57a2d4851a1d" />
    <TestEntry testId="e98717dc-db9f-7dce-27fc-a1c52c45cc6b" executionId="8e36f49b-a4e3-4542-b7c7-87e0443a7763" testListId="8c84fa94-04c1-424b-9868-57a2d4851a1d" />
    <TestEntry testId="534302db-0287-6583-3540-ca5566ff48f9" executionId="8a73c829-70ba-484d-a908-88512c73d076" testListId="8c84fa94-04c1-424b-9868-57a2d4851a1d" />
    <TestEntry testId="135d54bf-1baa-b7f2-2783-b0ad48c3fed9" executionId="80c1b503-93b7-4537-86f7-be0ab6479465" testListId="8c84fa94-04c1-424b-9868-57a2d4851a1d" />
    <TestEntry testId="de8529e0-a6e6-31e9-fb3e-547193ba9a75" executionId="10915888-53ed-435d-b7d3-5a7274b71b06" testListId="8c84fa94-04c1-424b-9868-57a2d4851a1d" />
    <TestEntry testId="8a11aa34-8d16-44d7-ca72-4c2ea9a83fb4" executionId="e7ec9686-19c1-4aa4-bf98-608d9329bea2" testListId="8c84fa94-04c1-424b-9868-57a2d4851a1d" />
    <TestEntry testId="62a3c894-4075-1cb4-f5dc-7ab6cb40b117" executionId="c264c097-e055-4e2d-aa6f-02cec217f1cf" testListId="8c84fa94-04c1-424b-9868-57a2d4851a1d" />
    <TestEntry testId="91668cbc-921d-9f80-0050-9289713a8523" executionId="366df20f-803a-4221-9944-7fbe81b7efc2" testListId="8c84fa94-04c1-424b-9868-57a2d4851a1d" />
    <TestEntry testId="9ca81a59-57d6-a24c-44b8-40b1eb7b96a7" executionId="a87880c3-83b1-4074-9647-fe008e6c18af" testListId="8c84fa94-04c1-424b-9868-57a2d4851a1d" />
    <TestEntry testId="09199f50-edc9-3829-f4fa-397ae8153249" executionId="faade198-b8a2-4396-8ce6-60eb2efabfd9" testListId="8c84fa94-04c1-424b-9868-57a2d4851a1d" />
    <TestEntry testId="9a928c9f-84d9-e485-f74c-43effafbbb8a" executionId="0d7a07cd-8663-4ccf-abf6-dacfa5af237e" testListId="8c84fa94-04c1-424b-9868-57a2d4851a1d" />
    <TestEntry testId="5a1f778d-9eaf-3b6c-d647-c4ac0ef32928" executionId="667b55b1-c83b-4ec8-bcc2-1cf247fb2b05" testListId="8c84fa94-04c1-424b-9868-57a2d4851a1d" />
    <TestEntry testId="557323f1-762d-0e65-0c5b-d25e4cb24afe" executionId="b66fe127-a863-4266-acf8-2df4aa56b804" testListId="8c84fa94-04c1-424b-9868-57a2d4851a1d" />
    <TestEntry testId="d7e2debf-e9dd-4241-4ce7-bdb6d6274785" executionId="b92414b7-6019-4d93-93aa-d5671835fa1d" testListId="8c84fa94-04c1-424b-9868-57a2d4851a1d" />
    <TestEntry testId="e249913d-47c2-be7e-2b14-2792dd63a664" executionId="467e366e-1150-426c-84de-3facd0e94388" testListId="8c84fa94-04c1-424b-9868-57a2d4851a1d" />
    <TestEntry testId="47861679-f894-bec9-8662-e7d728bdbcad" executionId="583c2c40-9c96-49c2-9c20-ce8c96f5b350" testListId="8c84fa94-04c1-424b-9868-57a2d4851a1d" />
    <TestEntry testId="75672b29-c2e6-e6b5-2b1f-3093819db5a8" executionId="88dac47f-b1a6-44b2-9bb4-bccf729571c4" testListId="8c84fa94-04c1-424b-9868-57a2d4851a1d" />
    <TestEntry testId="fc9af01d-bb69-334d-53e5-8f18885bed01" executionId="8b06be6f-2678-4758-ba19-5af75bd7c262" testListId="8c84fa94-04c1-424b-9868-57a2d4851a1d" />
    <TestEntry testId="11810c10-a617-734a-a236-450ae05ae36b" executionId="691f4717-7325-41be-a190-8baf88de53db" testListId="8c84fa94-04c1-424b-9868-57a2d4851a1d" />
    <TestEntry testId="6cfa8128-1d3b-8280-30fd-6266744ca8c8" executionId="e0f4fbda-331d-4cd3-bc1f-599722db3754" testListId="8c84fa94-04c1-424b-9868-57a2d4851a1d" />
    <TestEntry testId="57617edb-f469-e6ae-a1d6-6ef9c44c5b8e" executionId="fffa6930-7b18-484f-940b-c312372ac242" testListId="8c84fa94-04c1-424b-9868-57a2d4851a1d" />
    <TestEntry testId="419a3afa-c8e1-8187-edb6-40c935808019" executionId="0d211adc-a08b-4087-96b2-eaa45bd5bbbd" testListId="8c84fa94-04c1-424b-9868-57a2d4851a1d" />
    <TestEntry testId="17b9ab62-6c99-d8aa-87e7-0359b7a7ab2f" executionId="d1f9d467-1552-45a1-9eb9-602ffd6c1c5a" testListId="8c84fa94-04c1-424b-9868-57a2d4851a1d" />
    <TestEntry testId="8e3a26c6-55d2-cad9-a396-3137adf626b1" executionId="fa295e08-c33f-4b18-bca2-906019b2f292" testListId="8c84fa94-04c1-424b-9868-57a2d4851a1d" />
    <TestEntry testId="0c7ef904-cfe7-9cf8-72d5-ccec5e30c41d" executionId="ea281ecd-b790-47f8-9d14-f24ef6371b0c" testListId="8c84fa94-04c1-424b-9868-57a2d4851a1d" />
    <TestEntry testId="212c19b6-0d5b-3f9a-0c11-71268fbceb25" executionId="40d2dba2-0fd6-4b37-ad9d-39896b565647" testListId="8c84fa94-04c1-424b-9868-57a2d4851a1d" />
    <TestEntry testId="316277fd-539f-25c2-f623-4a6c706cc2e7" executionId="092d08f1-52b3-410e-b9e4-01848bae01c4" testListId="8c84fa94-04c1-424b-9868-57a2d4851a1d" />
    <TestEntry testId="bb1fddd9-0fa5-0bf4-de64-dbafc0d2b900" executionId="303227f5-63f5-4098-9e62-c34ddfe08a07" testListId="8c84fa94-04c1-424b-9868-57a2d4851a1d" />
    <TestEntry testId="4a7d6a30-5fd0-7ff9-a349-5e34b8f37db1" executionId="6aa0a8e4-4b39-44ac-b3ae-05143366fd4b" testListId="8c84fa94-04c1-424b-9868-57a2d4851a1d" />
    <TestEntry testId="d2ea0520-f253-3dec-c890-60a5f8aea28d" executionId="6992aa04-16f1-4ed4-9b41-ca6a21d7c062" testListId="8c84fa94-04c1-424b-9868-57a2d4851a1d" />
    <TestEntry testId="b7e3ed28-8792-7bc7-d8bb-08f9024403b9" executionId="84822362-104f-4853-a6f6-a5f3aa6c4336" testListId="8c84fa94-04c1-424b-9868-57a2d4851a1d" />
    <TestEntry testId="07b45e08-8c5a-283f-969c-3361e8993ef7" executionId="b473a1af-82da-41ce-91db-268b352ea2b3" testListId="8c84fa94-04c1-424b-9868-57a2d4851a1d" />
    <TestEntry testId="26481e20-cc11-a039-86e0-29ab721f71e4" executionId="cb82b584-3f1e-4395-a5d0-d1cdd38c51c7" testListId="8c84fa94-04c1-424b-9868-57a2d4851a1d" />
    <TestEntry testId="41ecebc9-74af-42bd-181b-155796a14796" executionId="be479cec-2394-4e05-b38f-48f1f79574ff" testListId="8c84fa94-04c1-424b-9868-57a2d4851a1d" />
    <TestEntry testId="1ddc3191-d796-9ca4-1cdf-911c528d78dc" executionId="34dc790e-88d4-4eac-9748-620730250827" testListId="8c84fa94-04c1-424b-9868-57a2d4851a1d" />
    <TestEntry testId="58465c1a-7b5a-d5fd-e467-184445674f7b" executionId="f0956d7e-8202-42b1-ae88-20c023e4b86f" testListId="8c84fa94-04c1-424b-9868-57a2d4851a1d" />
    <TestEntry testId="d65ff6f7-fa60-61e8-5eaa-ed297c05c0cf" executionId="31f88129-e30c-4d9f-a4bf-d5c3640c7184" testListId="8c84fa94-04c1-424b-9868-57a2d4851a1d" />
    <TestEntry testId="e420af2e-a5a3-9089-0a8f-66e455f4e5c8" executionId="f96384c9-7b63-4caf-ad04-0b23cbbd0213" testListId="8c84fa94-04c1-424b-9868-57a2d4851a1d" />
    <TestEntry testId="b6312f8c-1aa0-66d3-548d-221a3e664fce" executionId="0e501214-cedd-4f17-8f79-655568be038f" testListId="8c84fa94-04c1-424b-9868-57a2d4851a1d" />
    <TestEntry testId="b3a68e6e-d0ea-e834-422f-1a35491f3f76" executionId="476977d8-c0d0-4bb4-a32f-a05b945f121b" testListId="8c84fa94-04c1-424b-9868-57a2d4851a1d" />
    <TestEntry testId="1fe56e6e-28f0-eae6-cb2c-d586988f6535" executionId="daace730-10f2-4459-b841-17dc840148a7" testListId="8c84fa94-04c1-424b-9868-57a2d4851a1d" />
    <TestEntry testId="40323834-1340-232d-a8df-bda421752c32" executionId="28e57bf5-b36a-4ba3-8424-92012a6e39c3" testListId="8c84fa94-04c1-424b-9868-57a2d4851a1d" />
    <TestEntry testId="c8673406-6d74-30ae-d207-5d9fe26f6a18" executionId="4048b674-c4c0-42e3-89d5-6618ac599f8e" testListId="8c84fa94-04c1-424b-9868-57a2d4851a1d" />
    <TestEntry testId="6f640814-d3f6-4cca-810d-6757a9bb0070" executionId="13b8d9ea-755b-482c-9798-919fe7268992" testListId="8c84fa94-04c1-424b-9868-57a2d4851a1d" />
    <TestEntry testId="8b66b4bc-d29b-efab-55bb-0efde9cba347" executionId="61911852-45be-4787-8191-940f115ff901" testListId="8c84fa94-04c1-424b-9868-57a2d4851a1d" />
    <TestEntry testId="4fd6add9-2e9f-40f6-b61b-636feaf88629" executionId="d5823b96-3da1-4e45-a74c-b76d2203573b" testListId="8c84fa94-04c1-424b-9868-57a2d4851a1d" />
    <TestEntry testId="338cbb1d-4818-4b9d-5dac-eff2a3aeef9f" executionId="296be096-1585-401c-a8f2-0c9240cf6efe" testListId="8c84fa94-04c1-424b-9868-57a2d4851a1d" />
    <TestEntry testId="787490a8-43a1-74c1-a4fa-c920eefad8af" executionId="87c0cded-a83c-4d98-8348-f4cd07980a42" testListId="8c84fa94-04c1-424b-9868-57a2d4851a1d" />
    <TestEntry testId="3c6bc004-d150-e549-23d9-d7b29cfb4820" executionId="8c57f3e0-fe14-4b92-851e-4ab9de5e2e78" testListId="8c84fa94-04c1-424b-9868-57a2d4851a1d" />
    <TestEntry testId="b455aebb-373b-8895-d2db-ca3faffe0264" executionId="f6d7485f-a054-43e9-a71d-0f35d8ba3e8e" testListId="8c84fa94-04c1-424b-9868-57a2d4851a1d" />
    <TestEntry testId="2538b09c-5993-b407-46cc-cd0c5e035afe" executionId="20a2ab60-7633-4b0f-9171-8b310165357b" testListId="8c84fa94-04c1-424b-9868-57a2d4851a1d" />
    <TestEntry testId="402aee7d-0b84-e21f-0c90-838bca626563" executionId="5ef0e90a-8edf-444d-84ce-c74668194348" testListId="8c84fa94-04c1-424b-9868-57a2d4851a1d" />
    <TestEntry testId="49e2a578-06b2-ded3-6f98-62bfba3a3398" executionId="b8ed4afb-17fb-4eab-aa7e-2def4bb31580" testListId="8c84fa94-04c1-424b-9868-57a2d4851a1d" />
    <TestEntry testId="2368979a-be6d-3089-5339-0188b81a7741" executionId="071ccb50-87b5-46f1-8cc1-43de6a92497e" testListId="8c84fa94-04c1-424b-9868-57a2d4851a1d" />
    <TestEntry testId="12cd2caf-a4f5-514c-d102-b8f1d0673990" executionId="d06f03df-4595-419d-82ed-0239cb5a2688" testListId="8c84fa94-04c1-424b-9868-57a2d4851a1d" />
    <TestEntry testId="e905d40f-be95-1827-65a5-1cde8fbf0055" executionId="6c1ace9f-6636-4f50-b4d4-3a4416822c36" testListId="8c84fa94-04c1-424b-9868-57a2d4851a1d" />
    <TestEntry testId="b45e8f90-18e0-9f3b-9e1e-d9a9792c1737" executionId="3dd93884-a7a5-461d-a3c5-e32a87bc1d82" testListId="8c84fa94-04c1-424b-9868-57a2d4851a1d" />
    <TestEntry testId="7a596ad5-bb27-16dd-af50-897d939e5f05" executionId="a2cd8255-f5bf-4442-9a29-837c4588c740" testListId="8c84fa94-04c1-424b-9868-57a2d4851a1d" />
    <TestEntry testId="17602286-7586-5631-70a5-321de694d027" executionId="628080b2-e7a2-4e4e-9fc4-5b18d7a0661b" testListId="8c84fa94-04c1-424b-9868-57a2d4851a1d" />
    <TestEntry testId="bb4c3db3-78fd-98b5-aac1-0d6148da10da" executionId="f894aa02-e144-458e-9b9a-9b63a7918521" testListId="8c84fa94-04c1-424b-9868-57a2d4851a1d" />
    <TestEntry testId="d9684e0f-2086-d83e-23a3-04b6d52307fb" executionId="d5047a87-cb99-4613-b19a-4a0dfe46155c" testListId="8c84fa94-04c1-424b-9868-57a2d4851a1d" />
    <TestEntry testId="978452c9-daa6-d609-022c-8e5c662c69fd" executionId="879c1a53-db4e-4803-8572-f2fdbe717609" testListId="8c84fa94-04c1-424b-9868-57a2d4851a1d" />
    <TestEntry testId="6f292e4b-66f5-a778-fa6e-8262c0e8abca" executionId="520ca883-6ef8-4b01-b665-df00acb10f59" testListId="8c84fa94-04c1-424b-9868-57a2d4851a1d" />
    <TestEntry testId="04f9de18-4686-222a-0170-355135415b69" executionId="8a6b01a3-42c8-43e4-ac91-50ddc7160855" testListId="8c84fa94-04c1-424b-9868-57a2d4851a1d" />
    <TestEntry testId="e314ca48-ecc2-8358-33ec-5f3221d11fab" executionId="adb5e88f-1179-40ed-8c76-a3d3d13c43c4" testListId="8c84fa94-04c1-424b-9868-57a2d4851a1d" />
    <TestEntry testId="c143949d-f9d9-b922-e78b-b604ed749662" executionId="91fa51e7-0731-4217-a00d-e56471367431" testListId="8c84fa94-04c1-424b-9868-57a2d4851a1d" />
    <TestEntry testId="655b1882-490e-072b-68df-241927b235f6" executionId="353a8e2a-32ec-4ada-b9aa-0ea894700d0f" testListId="8c84fa94-04c1-424b-9868-57a2d4851a1d" />
    <TestEntry testId="0063f140-7fc6-5989-a3c8-6453b7cc00a2" executionId="eaa515fc-eb62-4c07-ad72-b37f65e122ed" testListId="8c84fa94-04c1-424b-9868-57a2d4851a1d" />
    <TestEntry testId="26524496-f7b2-b063-a4ad-84ece5cb6f77" executionId="e4b7a037-97db-4b48-b029-9cb2ce71c859" testListId="8c84fa94-04c1-424b-9868-57a2d4851a1d" />
    <TestEntry testId="c93bd454-d74b-02ca-ae31-df229661a403" executionId="7f6a0460-8269-4aaf-ae34-dde2c7bc7d68" testListId="8c84fa94-04c1-424b-9868-57a2d4851a1d" />
    <TestEntry testId="95536bc7-94ce-e4e8-dd9b-0f6a2fb3a99f" executionId="02f06366-3a3b-4063-bf69-eab07fbbbc9b" testListId="8c84fa94-04c1-424b-9868-57a2d4851a1d" />
    <TestEntry testId="ad096218-c19b-f9d4-418a-22eb5410c3ad" executionId="ce8c5d94-8be0-4184-beca-0f7124daeb32" testListId="8c84fa94-04c1-424b-9868-57a2d4851a1d" />
    <TestEntry testId="3b5942d2-e7e2-de60-16f9-c73e5cc4a29a" executionId="716e6372-cf4a-4ad4-b745-9a2d638c5dc9" testListId="8c84fa94-04c1-424b-9868-57a2d4851a1d" />
    <TestEntry testId="8b53428c-a713-6b36-2567-9117ab16c585" executionId="ab90c0ff-8830-44e7-9543-c728ffe17801" testListId="8c84fa94-04c1-424b-9868-57a2d4851a1d" />
    <TestEntry testId="c07ed1e6-4ff2-787a-6e41-1d744cc03d1e" executionId="dedbd2d5-420b-4fd5-b1bc-3ae3437e6f7a" testListId="8c84fa94-04c1-424b-9868-57a2d4851a1d" />
    <TestEntry testId="ceb169ae-ff5e-3170-d718-f3779c98f5b6" executionId="0071b276-c4d3-4ae4-81fb-bfa5eee75707" testListId="8c84fa94-04c1-424b-9868-57a2d4851a1d" />
    <TestEntry testId="8f1def5e-a4a4-e376-87a5-e4d5d786fa42" executionId="30c3d75b-f07c-4ace-a14b-bcb03dd4f4bf" testListId="8c84fa94-04c1-424b-9868-57a2d4851a1d" />
    <TestEntry testId="774836be-e9e9-fdcc-8cd9-df82b9d2ca1e" executionId="3bb68fe5-aeda-415e-9737-9bb35c1f83d2" testListId="8c84fa94-04c1-424b-9868-57a2d4851a1d" />
    <TestEntry testId="b371c621-a08b-1ffa-904c-27ea074f2ce7" executionId="7affa9cd-d16d-4cf1-820e-ef48aaf78f2f" testListId="8c84fa94-04c1-424b-9868-57a2d4851a1d" />
    <TestEntry testId="eebb789d-9075-29b8-d21a-6a5989c99eae" executionId="d7c50102-6abe-4edb-9061-08a597f6151f" testListId="8c84fa94-04c1-424b-9868-57a2d4851a1d" />
    <TestEntry testId="e17cb5d8-84bd-3e2b-32fa-bef201119c95" executionId="66332ad9-1cc6-4b51-80fd-44a6b8285a97" testListId="8c84fa94-04c1-424b-9868-57a2d4851a1d" />
    <TestEntry testId="2cd9f07f-f4db-3ea8-64da-80736ac176c2" executionId="7b631bfd-0dd0-459a-bf15-4926c9f93900" testListId="8c84fa94-04c1-424b-9868-57a2d4851a1d" />
    <TestEntry testId="f8d78d88-3450-7ecb-6308-4ea2e1f95134" executionId="72de053b-dd2d-40ab-9e34-f07023c8a994" testListId="8c84fa94-04c1-424b-9868-57a2d4851a1d" />
    <TestEntry testId="fb017625-fbee-c628-023c-a26622cccf10" executionId="6b16dafd-af0a-4c03-8fb9-e108fd974830" testListId="8c84fa94-04c1-424b-9868-57a2d4851a1d" />
    <TestEntry testId="482a579e-51e3-2b96-2ccc-7f578ded208b" executionId="125d4c2c-a2ab-4d8c-b373-11e05920319b" testListId="8c84fa94-04c1-424b-9868-57a2d4851a1d" />
    <TestEntry testId="53741d93-4183-126c-5794-6e3b44f8a90a" executionId="b8687494-9f02-4dc4-8ea3-3652815338e2" testListId="8c84fa94-04c1-424b-9868-57a2d4851a1d" />
    <TestEntry testId="7654d653-b2e8-2a33-6fe0-b9e2fb1fee0e" executionId="2881eab7-c139-4dd2-b3d0-34c4d5361952" testListId="8c84fa94-04c1-424b-9868-57a2d4851a1d" />
    <TestEntry testId="8116679a-1385-7dec-2cfc-de80d4644ebe" executionId="5e39ae8f-a07f-435c-b297-3996dc0111c6" testListId="8c84fa94-04c1-424b-9868-57a2d4851a1d" />
    <TestEntry testId="f0e89428-5ab8-0c6f-22de-d15fca130bca" executionId="82fc57d7-29b4-4a21-8c96-4ec6f55983b4" testListId="8c84fa94-04c1-424b-9868-57a2d4851a1d" />
    <TestEntry testId="50d3bc90-e64c-a7a4-3c89-41f45e1b2071" executionId="c191e739-c4c4-45d1-a6a1-1212d60e7290" testListId="8c84fa94-04c1-424b-9868-57a2d4851a1d" />
    <TestEntry testId="ae40cd8d-fb37-c670-47a2-bc9cdefaaa15" executionId="bd310f71-3171-41b0-87be-537b211b238b" testListId="8c84fa94-04c1-424b-9868-57a2d4851a1d" />
    <TestEntry testId="f97c6d21-26d6-01c9-c3af-ff29d0c83a7c" executionId="fd69aa5b-031b-496d-b168-c973a84510f7" testListId="8c84fa94-04c1-424b-9868-57a2d4851a1d" />
    <TestEntry testId="f514d079-8d06-ef5a-d94b-1dfe43410a52" executionId="1cea1f19-b9e2-48e5-8133-b9af01be112b" testListId="8c84fa94-04c1-424b-9868-57a2d4851a1d" />
    <TestEntry testId="3631f1f6-6900-dfb5-ee94-5ceee6bb0502" executionId="2bb5b3cf-dde2-4ebe-8d2a-f90d4202933e" testListId="8c84fa94-04c1-424b-9868-57a2d4851a1d" />
    <TestEntry testId="1ae51994-0711-31b1-de1f-5203e8a5234c" executionId="0fcb451d-c3cd-4658-8d54-569a32802d28" testListId="8c84fa94-04c1-424b-9868-57a2d4851a1d" />
    <TestEntry testId="1f8138dd-bc1e-a02c-372f-244c53efa65e" executionId="52ec0cac-abec-4d1a-a995-452118a8d6c3" testListId="8c84fa94-04c1-424b-9868-57a2d4851a1d" />
    <TestEntry testId="200f387c-18e6-97b6-ef6c-78806d6bd886" executionId="08e2d1ea-ec97-4eaf-8bb5-0be7c83bf894" testListId="8c84fa94-04c1-424b-9868-57a2d4851a1d" />
    <TestEntry testId="a0d73a5a-c44d-12f6-bc44-9638d2557ee9" executionId="20b2cfba-2e2e-41c1-a5b6-6aac2be60fba" testListId="8c84fa94-04c1-424b-9868-57a2d4851a1d" />
    <TestEntry testId="a470c127-09ad-2eb4-0dc1-9e1111ccf290" executionId="4b19c5eb-dbd3-4fb7-b635-977bec99f7b6" testListId="8c84fa94-04c1-424b-9868-57a2d4851a1d" />
    <TestEntry testId="403197e3-80d5-d38a-7a69-130745b65f52" executionId="0429d0ba-bd88-441d-a57f-d41185b3642e" testListId="8c84fa94-04c1-424b-9868-57a2d4851a1d" />
    <TestEntry testId="60b8b2f7-31bf-1d0c-54b5-77528bf63eee" executionId="c397f450-58d2-44cb-95ab-5e426d5e06f3" testListId="8c84fa94-04c1-424b-9868-57a2d4851a1d" />
    <TestEntry testId="dc0da883-7e82-e161-d8b6-abe7e6a478d5" executionId="d3371d95-c283-438a-b85f-1ba1b8a5de7f" testListId="8c84fa94-04c1-424b-9868-57a2d4851a1d" />
    <TestEntry testId="a611c0f1-bfc5-9afd-c5d5-7057807e80b7" executionId="4a175bf4-7be6-41ac-9a38-d2cee5ef5f3c" testListId="8c84fa94-04c1-424b-9868-57a2d4851a1d" />
    <TestEntry testId="6d744b39-535d-b171-cdba-89a61515c153" executionId="28ca6adf-ee2e-433d-b58b-247270756898" testListId="8c84fa94-04c1-424b-9868-57a2d4851a1d" />
    <TestEntry testId="affd5ea3-914c-9d42-3ab9-63fa69ffb17f" executionId="4d20d24f-bea4-48bb-9dde-e42e9c4fb98c" testListId="8c84fa94-04c1-424b-9868-57a2d4851a1d" />
    <TestEntry testId="ba7abc82-755e-df5e-a8e3-3dfd591bc900" executionId="52287035-a2e5-48ca-bad7-d223137a80bc" testListId="8c84fa94-04c1-424b-9868-57a2d4851a1d" />
    <TestEntry testId="a68f0a27-cdc8-1810-ed81-abb6b4dc6add" executionId="4dd74170-533f-43d8-83d1-b7e3c065eb71" testListId="8c84fa94-04c1-424b-9868-57a2d4851a1d" />
    <TestEntry testId="7d45ab22-8f9a-9fe2-5c1c-75f823bb7a99" executionId="13d141e2-ff40-4ff4-9fa7-b1d303e326ef" testListId="8c84fa94-04c1-424b-9868-57a2d4851a1d" />
    <TestEntry testId="80748db1-67e4-d6d3-e73e-a765c8e724ef" executionId="73f59131-d73b-44e4-b380-218034abdf16" testListId="8c84fa94-04c1-424b-9868-57a2d4851a1d" />
    <TestEntry testId="c8e3cfe0-2528-345a-19f4-9ae3b6922439" executionId="510e86ec-599a-4eca-8399-5e25637f6049" testListId="8c84fa94-04c1-424b-9868-57a2d4851a1d" />
    <TestEntry testId="231e6c40-d8a6-0032-8786-9574d90f41c4" executionId="b31cc97b-5564-496f-86b1-b4567b20b3a0" testListId="8c84fa94-04c1-424b-9868-57a2d4851a1d" />
    <TestEntry testId="e60b2040-6cec-12c4-4608-32c88d59f85d" executionId="c096df52-abce-483a-a831-77f3081e82c6" testListId="8c84fa94-04c1-424b-9868-57a2d4851a1d" />
    <TestEntry testId="965a298f-d562-f5e7-ee05-1de2f47536a6" executionId="a0f25116-d360-4bb9-9aa5-81cf77b51152" testListId="8c84fa94-04c1-424b-9868-57a2d4851a1d" />
    <TestEntry testId="ab35b515-6b4f-5986-3be5-526af9e301a2" executionId="e3bc6d38-0816-4298-acfc-c40b5fdded70" testListId="8c84fa94-04c1-424b-9868-57a2d4851a1d" />
    <TestEntry testId="a6e4ad87-2576-c8ef-87da-6cb2f57795fd" executionId="4657eeaa-dee3-4841-abcf-f2200dea8eec" testListId="8c84fa94-04c1-424b-9868-57a2d4851a1d" />
    <TestEntry testId="6fde9ee1-0c74-9cf2-8748-447ab622b77f" executionId="483cd068-7626-4e86-a5af-a913c42aa4d8" testListId="8c84fa94-04c1-424b-9868-57a2d4851a1d" />
    <TestEntry testId="3ce26c14-dccf-218f-7d07-5063518d55e6" executionId="fa7054df-215d-4b77-8044-ebbf0f285e4a" testListId="8c84fa94-04c1-424b-9868-57a2d4851a1d" />
    <TestEntry testId="294ba9fd-ebf0-e07f-0c4f-ec64d3d76a08" executionId="29b7569e-38f7-47a5-aaca-deff42e18d29" testListId="8c84fa94-04c1-424b-9868-57a2d4851a1d" />
    <TestEntry testId="6efe8c94-aeca-9a30-5500-ec59c816f237" executionId="6f9eb6fe-aa73-4adc-870c-04f462dc65ad" testListId="8c84fa94-04c1-424b-9868-57a2d4851a1d" />
    <TestEntry testId="a2d17b88-2ee0-0628-93a1-91e51b945455" executionId="49eb8788-6cd5-403c-a07c-c4d1bc49a037" testListId="8c84fa94-04c1-424b-9868-57a2d4851a1d" />
    <TestEntry testId="c9fcc35c-7f7a-1ab8-ede2-ac762b40e339" executionId="a9e69d63-ec81-4762-9ee9-2e38027aeb0f" testListId="8c84fa94-04c1-424b-9868-57a2d4851a1d" />
    <TestEntry testId="67c70b3c-98a4-026b-27ef-4740e1d0d49c" executionId="38b426d4-40c8-481f-8bb5-f44c29a47b7c" testListId="8c84fa94-04c1-424b-9868-57a2d4851a1d" />
    <TestEntry testId="5a90f0f2-c399-875e-ca3c-232b187e6a5e" executionId="af41af85-e148-49c9-8630-c7958f561c35" testListId="8c84fa94-04c1-424b-9868-57a2d4851a1d" />
    <TestEntry testId="d8dcf24b-2b20-7279-783d-81a710f1dcbb" executionId="84d0c7c0-d211-43d6-a0b7-6d60603927ad" testListId="8c84fa94-04c1-424b-9868-57a2d4851a1d" />
    <TestEntry testId="a1642685-eac0-7b53-ddc9-66f11b3b5cdc" executionId="01a713e5-543c-4f46-a39f-6134837304f3" testListId="8c84fa94-04c1-424b-9868-57a2d4851a1d" />
    <TestEntry testId="65a34207-9861-c25d-baf5-138e5797b103" executionId="e6587ee7-93c0-4a9e-836a-8a4439f1534f" testListId="8c84fa94-04c1-424b-9868-57a2d4851a1d" />
    <TestEntry testId="e67df717-6113-d2de-c6fc-4b51384258c8" executionId="c8a9bce3-7ea1-4a9e-9117-2b01430436fb" testListId="8c84fa94-04c1-424b-9868-57a2d4851a1d" />
    <TestEntry testId="3ceef7be-32d5-cf3e-30d3-6e004273e43d" executionId="9cb087d4-1258-4330-bb1f-85ee8e56e816" testListId="8c84fa94-04c1-424b-9868-57a2d4851a1d" />
    <TestEntry testId="1b2e8616-7f51-c63e-cff4-936a22dfdc28" executionId="dbd3ce31-d72e-4bc9-a82d-96105516b4f9" testListId="8c84fa94-04c1-424b-9868-57a2d4851a1d" />
    <TestEntry testId="5faa1bfa-ed88-547a-8a4a-3ace55a6c4b6" executionId="a75dc929-b21b-4d0a-9230-229ac9c0f372" testListId="8c84fa94-04c1-424b-9868-57a2d4851a1d" />
    <TestEntry testId="78a8cc29-26f6-c993-28b7-e5903c768ba1" executionId="098bfaf8-ff55-44b4-b87b-630378beb507" testListId="8c84fa94-04c1-424b-9868-57a2d4851a1d" />
    <TestEntry testId="2144b94f-1882-297c-7cb6-058dca001fe7" executionId="8c92f7d9-cdab-4b37-bcda-55843fc038bb" testListId="8c84fa94-04c1-424b-9868-57a2d4851a1d" />
    <TestEntry testId="57c932be-d3b9-44d8-d536-6e31ea38d779" executionId="4dcdf085-5274-4710-8be3-c17380eb1908" testListId="8c84fa94-04c1-424b-9868-57a2d4851a1d" />
    <TestEntry testId="e9ba6ba3-1864-d31d-1f8b-42363b1799b7" executionId="51d3bf4a-3b3e-483f-90a7-2680c05c811a" testListId="8c84fa94-04c1-424b-9868-57a2d4851a1d" />
    <TestEntry testId="ccf30ecf-f5ae-1cef-1296-79e6c99f1c0e" executionId="e9c23274-b5c1-4d3e-953c-c8f48b823170" testListId="8c84fa94-04c1-424b-9868-57a2d4851a1d" />
    <TestEntry testId="eab71995-96d9-0724-0d50-35ba2c7b42f2" executionId="4a2aca1f-6dfd-4bee-84b8-636669744672" testListId="8c84fa94-04c1-424b-9868-57a2d4851a1d" />
    <TestEntry testId="a259927e-dc45-deab-9897-7bed773cf3df" executionId="b64aeb6d-aeb2-495c-82a6-48c0d5e98b0d" testListId="8c84fa94-04c1-424b-9868-57a2d4851a1d" />
    <TestEntry testId="f301a23f-015a-f0ec-b26c-2f88b9fde999" executionId="66dfbfe9-4968-4807-be13-5c16b89397fa" testListId="8c84fa94-04c1-424b-9868-57a2d4851a1d" />
    <TestEntry testId="2f782a60-41d8-3f0c-3c0c-6b08996aadd4" executionId="c31967db-361c-4fe0-8f70-9d77dc7a95be" testListId="8c84fa94-04c1-424b-9868-57a2d4851a1d" />
    <TestEntry testId="0fdf1917-368f-2ffc-0263-de0cffd5016e" executionId="320c6118-9540-4031-9454-3c4aa9b17348" testListId="8c84fa94-04c1-424b-9868-57a2d4851a1d" />
    <TestEntry testId="989f4d67-5e7e-cf6e-2fd7-32062a16db75" executionId="7e162397-4335-4d5e-b02e-a56d670d07cc" testListId="8c84fa94-04c1-424b-9868-57a2d4851a1d" />
    <TestEntry testId="083a62a8-ded7-fdce-514a-e35ef5ee70ad" executionId="a03b7375-db29-497f-bff2-84b9e43f8090" testListId="8c84fa94-04c1-424b-9868-57a2d4851a1d" />
    <TestEntry testId="ecc438ed-cacc-283d-981c-7cb474e7f8e3" executionId="e9ba8aa2-5a8a-4166-a3b8-be78d3cb0f3f" testListId="8c84fa94-04c1-424b-9868-57a2d4851a1d" />
    <TestEntry testId="276bb85b-f75d-0230-e032-68ecfef53348" executionId="bb32c36e-0de9-46f1-9814-94a367346866" testListId="8c84fa94-04c1-424b-9868-57a2d4851a1d" />
    <TestEntry testId="ae718779-653e-6c75-7dc0-1104d37b58a2" executionId="01d4d1d4-fdbc-4df5-a407-ca79deea49cb" testListId="8c84fa94-04c1-424b-9868-57a2d4851a1d" />
    <TestEntry testId="02162ec9-aaa4-c793-b608-760b19affd81" executionId="3a3d399a-0b07-42f3-9bbb-12331352ec81" testListId="8c84fa94-04c1-424b-9868-57a2d4851a1d" />
    <TestEntry testId="f027542b-7237-5cf5-165d-6233bb3872c5" executionId="a099ef0f-7de2-4f60-9a01-f3d3233b6d6b" testListId="8c84fa94-04c1-424b-9868-57a2d4851a1d" />
    <TestEntry testId="c4d15c34-e3ca-7ce4-539b-70fa98691175" executionId="96593bc5-617d-4d9a-a8ab-65e97f102505" testListId="8c84fa94-04c1-424b-9868-57a2d4851a1d" />
    <TestEntry testId="68ef7666-6082-b0c0-c4a5-34ac3dd8a4bf" executionId="aee11749-84a0-4702-aed6-c94a0a48f2fa" testListId="8c84fa94-04c1-424b-9868-57a2d4851a1d" />
    <TestEntry testId="95a1d4ed-5bdf-ecc4-9f0a-fdcf99c3c410" executionId="3e8b237b-66e0-42e5-b6c3-6f92b898b47e" testListId="8c84fa94-04c1-424b-9868-57a2d4851a1d" />
    <TestEntry testId="5c86b07c-5c69-f3c3-d37f-1e9264d351c0" executionId="a28ec430-eb9a-429f-bf0d-834000e44322" testListId="8c84fa94-04c1-424b-9868-57a2d4851a1d" />
    <TestEntry testId="9a2dc206-4145-6590-165d-041e2f16bacd" executionId="fd628273-b0d6-4f8e-a0d6-8bf9c869b7e8" testListId="8c84fa94-04c1-424b-9868-57a2d4851a1d" />
    <TestEntry testId="dacd22a8-8c1a-33ba-6487-d19a60b1c898" executionId="c94155ac-9e39-44a9-8b1c-bc6a2d1df30c" testListId="8c84fa94-04c1-424b-9868-57a2d4851a1d" />
    <TestEntry testId="dde0bf41-16b3-f578-8d34-e6dc09cb1db1" executionId="62f57c71-ab71-41b2-a923-7817993000ae" testListId="8c84fa94-04c1-424b-9868-57a2d4851a1d" />
    <TestEntry testId="3fe93b42-aaf2-57f6-1892-3c4a08441dc1" executionId="e8096809-c322-4ba8-8028-d6dbcbac07d2" testListId="8c84fa94-04c1-424b-9868-57a2d4851a1d" />
    <TestEntry testId="4768d4a2-adad-2313-82a7-b2c73e3733cb" executionId="b3c67e10-c01b-4ac7-bf8e-9076131fcfa5" testListId="8c84fa94-04c1-424b-9868-57a2d4851a1d" />
    <TestEntry testId="2ecfc8f7-1da9-03cf-aea8-8b08aefcadf3" executionId="c3350ee6-9d49-4d7f-a54e-faebbe88535b" testListId="8c84fa94-04c1-424b-9868-57a2d4851a1d" />
    <TestEntry testId="0c505b8c-5006-fc8b-5c09-18eca5f0d402" executionId="d835adfc-91d4-414c-87d4-b457898d4e4b" testListId="8c84fa94-04c1-424b-9868-57a2d4851a1d" />
    <TestEntry testId="5a06eda4-599b-e0f3-5795-af2b45f366b7" executionId="35fd8497-7144-4621-a45a-aceb2f41714c" testListId="8c84fa94-04c1-424b-9868-57a2d4851a1d" />
    <TestEntry testId="bdcc04af-bd99-f743-70e8-4fe21f8fa829" executionId="79a9f0f7-0199-4ef8-8ad6-e0ebf2322626" testListId="8c84fa94-04c1-424b-9868-57a2d4851a1d" />
    <TestEntry testId="6bb02424-1709-b077-6723-ac6e88c80cd5" executionId="dfa5825a-ea0a-43b4-9e9e-fac1e34e7bc6" testListId="8c84fa94-04c1-424b-9868-57a2d4851a1d" />
    <TestEntry testId="a6bcb73f-80a6-d871-8660-62ffee7a7f84" executionId="73a57049-70e3-420c-9e2c-e8126aa1bac7" testListId="8c84fa94-04c1-424b-9868-57a2d4851a1d" />
    <TestEntry testId="a013e890-d611-1854-7b6c-ec3e16af280d" executionId="38572612-98f9-43de-8b02-61fdb2bb9559" testListId="8c84fa94-04c1-424b-9868-57a2d4851a1d" />
    <TestEntry testId="f73cb0ca-dab9-44e0-1abf-071039b3992a" executionId="193cb236-53b9-4fab-91c5-1925fad4266e" testListId="8c84fa94-04c1-424b-9868-57a2d4851a1d" />
    <TestEntry testId="9409b05b-2514-07c8-2b83-2171d216f20b" executionId="ffbe5e6a-eb99-456a-b1c7-126e02c0e97e" testListId="8c84fa94-04c1-424b-9868-57a2d4851a1d" />
    <TestEntry testId="b5651762-2a77-92f1-2245-3acae0a3a044" executionId="242d2288-f7be-4ade-84f4-288f553ad09e" testListId="8c84fa94-04c1-424b-9868-57a2d4851a1d" />
    <TestEntry testId="7de72423-66c4-6beb-01d4-46651e05c4a8" executionId="64015f8a-d256-436c-9762-a7d243f8261d" testListId="8c84fa94-04c1-424b-9868-57a2d4851a1d" />
    <TestEntry testId="c32958c4-2ff3-227c-18a5-c048e326503b" executionId="c9229f43-f26d-4b2f-bed7-7e0913015f2f" testListId="8c84fa94-04c1-424b-9868-57a2d4851a1d" />
    <TestEntry testId="bb86d2cd-8588-bac1-51d5-80fcce3fb41a" executionId="1ea13212-d626-44d9-8374-cd99b5ba545f" testListId="8c84fa94-04c1-424b-9868-57a2d4851a1d" />
    <TestEntry testId="12ee6ab1-47bd-c6cf-ae6d-005d95b3940a" executionId="365d95af-657c-4864-a6a9-728d67999758" testListId="8c84fa94-04c1-424b-9868-57a2d4851a1d" />
    <TestEntry testId="22a69a6d-9667-50e5-bfaf-3f826e30327e" executionId="aa662504-4215-4583-94ef-98627095cb5e" testListId="8c84fa94-04c1-424b-9868-57a2d4851a1d" />
    <TestEntry testId="add72046-ccff-bd30-3e2d-67324405212d" executionId="86495352-d6c4-41f1-9f11-dfe70f5626a4" testListId="8c84fa94-04c1-424b-9868-57a2d4851a1d" />
    <TestEntry testId="32737ccc-f4e4-41f8-f0ad-055b27a15738" executionId="f2eb047a-8c1f-4829-8ec0-464fc80f653e" testListId="8c84fa94-04c1-424b-9868-57a2d4851a1d" />
    <TestEntry testId="c4a3af1c-22eb-ea6c-f993-4245be4aca99" executionId="f3337b15-1446-4059-acda-2c56a20daf38" testListId="8c84fa94-04c1-424b-9868-57a2d4851a1d" />
    <TestEntry testId="1e91379e-a612-ecda-00ad-3a929d9956cc" executionId="1bccfb3c-f711-42ba-9ad2-6a0883343ff6" testListId="8c84fa94-04c1-424b-9868-57a2d4851a1d" />
    <TestEntry testId="4ebd587b-6f47-7643-6f95-0ba5dfee9340" executionId="b0f0f488-6360-4f5a-9738-e298888fab34" testListId="8c84fa94-04c1-424b-9868-57a2d4851a1d" />
    <TestEntry testId="d831c378-ca09-e46d-7e6f-c07230cf9cb7" executionId="71fc021c-d327-4b14-91c7-e048d4be9db8" testListId="8c84fa94-04c1-424b-9868-57a2d4851a1d" />
    <TestEntry testId="1ab15874-8cee-3a39-5577-f36cafb14094" executionId="51bd24f3-b2f9-4226-b0b0-fcca57c1dd4b" testListId="8c84fa94-04c1-424b-9868-57a2d4851a1d" />
    <TestEntry testId="de60a753-470d-c825-ac66-453d4a99daa5" executionId="814787cf-3979-451f-8204-84841c45a7d5" testListId="8c84fa94-04c1-424b-9868-57a2d4851a1d" />
    <TestEntry testId="8aa507ca-7515-86e1-d354-cbe491f642e8" executionId="1bb15ad9-e166-4a3b-afa9-81fe35837dd8" testListId="8c84fa94-04c1-424b-9868-57a2d4851a1d" />
    <TestEntry testId="61d86235-6602-a862-dabb-f652afca4d75" executionId="696ec6a6-6795-4fc5-a56c-5e357bc9bc11" testListId="8c84fa94-04c1-424b-9868-57a2d4851a1d" />
    <TestEntry testId="7be92319-315d-4f7c-0121-eeb432108bce" executionId="03d93d5a-96c8-428f-830b-00bef9424151" testListId="8c84fa94-04c1-424b-9868-57a2d4851a1d" />
    <TestEntry testId="d120661f-8632-a32a-1ff6-69f4690aaab5" executionId="939cb517-f565-47e5-ba1a-35855735e3ea" testListId="8c84fa94-04c1-424b-9868-57a2d4851a1d" />
    <TestEntry testId="1afd8cd3-8486-a867-2533-689fc06decd0" executionId="d846b729-1821-4647-961c-8190f8d83492" testListId="8c84fa94-04c1-424b-9868-57a2d4851a1d" />
    <TestEntry testId="33784fe3-713b-7ad4-4cf2-31baa1dca2e1" executionId="3d3a3476-151e-476f-baa3-16d155c84c0c" testListId="8c84fa94-04c1-424b-9868-57a2d4851a1d" />
    <TestEntry testId="94129aad-7407-53c9-598d-956a8c8811cb" executionId="46262ca8-f724-48c3-8a4b-4e0d0e58eb17" testListId="8c84fa94-04c1-424b-9868-57a2d4851a1d" />
    <TestEntry testId="0a813c2e-c51e-bd80-94ac-98a95a07ff38" executionId="7024379c-7b02-47a6-b295-435be8e5db7e" testListId="8c84fa94-04c1-424b-9868-57a2d4851a1d" />
    <TestEntry testId="9b2289a2-9143-b5fb-191a-ff4aaa3bc877" executionId="82c41bfa-11e8-488b-8915-e05d98cd9335" testListId="8c84fa94-04c1-424b-9868-57a2d4851a1d" />
    <TestEntry testId="dbdc2b5e-05d7-55cb-6450-200bed021822" executionId="6b598b8b-c12a-4e04-bb21-f600323ed7be" testListId="8c84fa94-04c1-424b-9868-57a2d4851a1d" />
    <TestEntry testId="c0361266-d32e-7204-9438-73d7faeeb8bf" executionId="fde69554-a376-4661-9e16-23edd005e214" testListId="8c84fa94-04c1-424b-9868-57a2d4851a1d" />
    <TestEntry testId="c495359b-e650-62ae-1e2e-10b1193d4237" executionId="4f8d5abb-ac62-412b-8446-c31eda772664" testListId="8c84fa94-04c1-424b-9868-57a2d4851a1d" />
    <TestEntry testId="67c4334d-6d77-45b4-e2c4-3e9702879cf1" executionId="52715f62-8338-4492-bfcf-844a23aea4a3" testListId="8c84fa94-04c1-424b-9868-57a2d4851a1d" />
    <TestEntry testId="84884695-1fda-9516-c265-a5d55e0fd64d" executionId="203b03ea-afed-42a7-af5a-615682e431e9" testListId="8c84fa94-04c1-424b-9868-57a2d4851a1d" />
    <TestEntry testId="4687fcac-499b-9866-4bc9-bb6b4b792979" executionId="1c453dc4-0fb5-4ff2-8e66-f292c671e5cf" testListId="8c84fa94-04c1-424b-9868-57a2d4851a1d" />
    <TestEntry testId="6bae33fa-e48a-771f-68c8-433a455bd508" executionId="25414f42-a9ee-45e5-b900-6373b0cdbdda" testListId="8c84fa94-04c1-424b-9868-57a2d4851a1d" />
    <TestEntry testId="dcc9a572-4fad-5cea-f758-fa21ff5f3459" executionId="88953cf3-785e-4e85-bce1-1186314296c4" testListId="8c84fa94-04c1-424b-9868-57a2d4851a1d" />
    <TestEntry testId="073d55e5-1430-716f-ad09-055a9bd845f9" executionId="aa3bf6ab-4786-45fb-bd19-8ede0dc95d37" testListId="8c84fa94-04c1-424b-9868-57a2d4851a1d" />
    <TestEntry testId="5bd851b4-6d07-0258-4c1a-0f4c474f96d4" executionId="1c87474a-0bfc-4c2b-a71f-aa3a137f8872" testListId="8c84fa94-04c1-424b-9868-57a2d4851a1d" />
    <TestEntry testId="4b690a65-beb8-471a-f8d9-657bd7614320" executionId="f95383ad-76f0-438e-8d77-8cc75af2a188" testListId="8c84fa94-04c1-424b-9868-57a2d4851a1d" />
    <TestEntry testId="e215579e-92e3-70f0-f0ac-82da28595119" executionId="bb2cca42-1ad3-4b2a-ba2c-73f3f55c2406" testListId="8c84fa94-04c1-424b-9868-57a2d4851a1d" />
    <TestEntry testId="6b26a01d-1ae2-edb9-bf50-a5ad76486487" executionId="d7a9acc5-b3a8-45cc-b49e-ecda97d33743" testListId="8c84fa94-04c1-424b-9868-57a2d4851a1d" />
    <TestEntry testId="7dd4e8cf-0a76-6298-5dcf-6dc6b430bae5" executionId="1a0d3859-75bc-4e76-9229-50a4645fe30e" testListId="8c84fa94-04c1-424b-9868-57a2d4851a1d" />
    <TestEntry testId="67d7b143-99f2-5344-a5b1-7efe78f465d7" executionId="de5a0cf0-f69a-43b5-bdd0-17ff9e9edb08" testListId="8c84fa94-04c1-424b-9868-57a2d4851a1d" />
    <TestEntry testId="76181476-f39d-7562-643a-3060e224eda8" executionId="e8d083d3-e2fc-4250-8cbf-ea37961be1dc" testListId="8c84fa94-04c1-424b-9868-57a2d4851a1d" />
    <TestEntry testId="e8cf5d70-9946-820d-ca3b-f86aabe77007" executionId="19684911-a62e-4b9e-ac33-27c357b4bdf6" testListId="8c84fa94-04c1-424b-9868-57a2d4851a1d" />
    <TestEntry testId="edfa3e65-6a70-231c-e123-01e80ac96733" executionId="7bdb0f25-a03c-468c-9628-ed717e82d499" testListId="8c84fa94-04c1-424b-9868-57a2d4851a1d" />
    <TestEntry testId="a89cf446-c585-fd98-80b0-38f7aa0529d6" executionId="9146660a-9589-49ad-917a-e158b4c6c414" testListId="8c84fa94-04c1-424b-9868-57a2d4851a1d" />
    <TestEntry testId="1631a3c2-40e2-d466-5e63-8dbcbdbde77a" executionId="59bfa574-c600-4159-8c3e-e3ed831b196c" testListId="8c84fa94-04c1-424b-9868-57a2d4851a1d" />
    <TestEntry testId="b657245b-394b-0aab-a286-40822ee34434" executionId="3f57f64b-908b-4d09-89f9-4b15a2b9b9f0" testListId="8c84fa94-04c1-424b-9868-57a2d4851a1d" />
    <TestEntry testId="6fb1114d-226c-1499-0f68-8177e03a8f40" executionId="1180a082-cc06-4302-a178-cb81eb155a47" testListId="8c84fa94-04c1-424b-9868-57a2d4851a1d" />
    <TestEntry testId="b752c3a3-34d2-a6ba-c754-ff6ae312f261" executionId="d25a59a0-f397-4636-8224-a29c04f93304" testListId="8c84fa94-04c1-424b-9868-57a2d4851a1d" />
    <TestEntry testId="0b66a0b7-68be-2605-3b2a-71bb2f365ca4" executionId="dfacef50-0aee-40e4-a472-2634ea4628bc" testListId="8c84fa94-04c1-424b-9868-57a2d4851a1d" />
    <TestEntry testId="2b37da15-ac11-46e9-aafa-8893f585e1bf" executionId="6b8500ad-3861-44c9-8f09-a11b3fe93e91" testListId="8c84fa94-04c1-424b-9868-57a2d4851a1d" />
    <TestEntry testId="525fbde5-5aa3-0da1-f6c9-ea38b155bd8a" executionId="9ad15c75-cebc-4796-99e3-264db5614b7c" testListId="8c84fa94-04c1-424b-9868-57a2d4851a1d" />
    <TestEntry testId="3ae6ff48-fce1-a2b9-c0a7-253156076b84" executionId="0f00774e-a6c6-4684-9a37-7bd911f8c135" testListId="8c84fa94-04c1-424b-9868-57a2d4851a1d" />
    <TestEntry testId="f5d96dea-c7eb-1a86-7dcb-67ccaa68bfa3" executionId="a99ad14c-478f-4649-a3b3-b50a4ff66664" testListId="8c84fa94-04c1-424b-9868-57a2d4851a1d" />
    <TestEntry testId="155552b9-5772-8b68-2831-a815d3b75c3a" executionId="bed05637-5ee4-429a-a19b-148e2eefa19d" testListId="8c84fa94-04c1-424b-9868-57a2d4851a1d" />
    <TestEntry testId="0a41b63f-4f9c-855e-d21e-780bec75c16f" executionId="5abd036f-39aa-4101-a036-c0ce4caafcf4" testListId="8c84fa94-04c1-424b-9868-57a2d4851a1d" />
    <TestEntry testId="0b8253b0-363a-c10e-c92b-cb755c90922b" executionId="591fe340-50e4-4246-b7c8-d7498a0cfef8" testListId="8c84fa94-04c1-424b-9868-57a2d4851a1d" />
    <TestEntry testId="2fa780f0-1e7b-0df5-cb57-096559fff81f" executionId="33edac5e-d6bd-47e8-8a2e-2956c6f19ee9" testListId="8c84fa94-04c1-424b-9868-57a2d4851a1d" />
    <TestEntry testId="e71a91da-b3c4-885a-d728-3ffbbbcbfe98" executionId="b76c9998-52a4-4793-b19e-110743f3e16a" testListId="8c84fa94-04c1-424b-9868-57a2d4851a1d" />
    <TestEntry testId="1b38b5e4-4fe8-049e-0c45-204c19fce78a" executionId="6efaab2d-ce65-4ec8-9a1d-036166dd1112" testListId="8c84fa94-04c1-424b-9868-57a2d4851a1d" />
    <TestEntry testId="9919baa0-2e36-3362-614a-8da80a13a4ab" executionId="bb5abea2-fcb2-4454-8d08-7488f3be4010" testListId="8c84fa94-04c1-424b-9868-57a2d4851a1d" />
    <TestEntry testId="418091f0-1fbe-6361-7c77-f603ddbd0c42" executionId="b71c81f6-39ae-49b6-a366-930fc21d8e11" testListId="8c84fa94-04c1-424b-9868-57a2d4851a1d" />
  </TestEntries>
  <TestLists>
    <TestList name="Results Not in a List" id="8c84fa94-04c1-424b-9868-57a2d4851a1d" />
    <TestList name="All Loaded Results" id="19431567-8539-422a-85d7-44ee4e166bda" />
  </TestLists>
  <ResultSummary outcome="Failed">
    <Counters total="976" executed="976" passed="950" failed="26" error="0" timeout="0" aborted="0" inconclusive="0" passedButRunAborted="0" notRunnable="0" notExecuted="0" disconnected="0" warning="0" completed="0" inProgress="0" pending="0" />
  </ResultSummary>
</TestRun>